(s1,s2,s3,s4,s5,s6)
0:(1,50,0,1,50,0) [ 100.0 ]
1:(1,50,0,0,49,1) [ 51.1 TARGET ]
2:(1,51,0,1,49,0) [ 100.0 TARGET ]
3:(1,51,0,0,48,1) [ 52.1 TARGET ]
4:(1,52,0,1,48,0) [ 100.0 TARGET ]
5:(1,52,0,0,47,1) [ 53.1 TARGET ]
6:(1,53,0,1,47,0) [ 100.0 TARGET ]
7:(1,53,0,0,46,1) [ 54.1 TARGET ]
8:(0,52,1,0,46,1) [ 2.2 TARGET ]
9:(0,53,1,1,46,0) [ 47.1 TARGET ]
10:(1,54,0,1,46,0) [ 100.0 TARGET ]
11:(1,54,0,0,45,1) [ 55.1 TARGET ]
12:(1,55,0,1,45,0) [ 100.0 TARGET ]
13:(1,55,0,0,44,1) [ 56.1 TARGET ]
14:(1,56,0,1,44,0) [ 100.0 TARGET ]
15:(1,56,0,0,43,1) [ 57.1 TARGET ]
16:(1,57,0,1,43,0) [ 100.0 TARGET ]
17:(1,57,0,0,42,1) [ 58.1 TARGET ]
18:(1,58,0,1,42,0) [ 100.0 TARGET ]
19:(1,58,0,0,41,1) [ 59.1 TARGET ]
20:(1,59,0,1,41,0) [ 100.0 TARGET ]
21:(1,59,0,0,40,1) [ 60.1 TARGET ]
22:(1,60,0,1,40,0) [ 100.0 TARGET ]
23:(1,60,0,0,39,1) [ 61.1 TARGET ]
24:(1,61,0,1,39,0) [ 100.0 TARGET ]
25:(1,61,0,0,38,1) [ 62.1 TARGET ]
26:(1,62,0,1,38,0) [ 100.0 TARGET ]
27:(1,62,0,0,37,1) [ 63.1 TARGET ]
28:(0,61,1,0,37,1) [ 2.2 TARGET ]
29:(0,62,1,1,37,0) [ 38.1 TARGET ]
30:(0,62,1,0,36,1) [ 2.2 TARGET ]
31:(1,63,0,0,36,1) [ 64.1 TARGET ]
32:(1,63,0,1,37,0) [ 100.0 TARGET ]
33:(1,64,0,1,36,0) [ 100.0 TARGET ]
34:(1,64,0,0,35,1) [ 65.1 TARGET ]
35:(1,65,0,1,35,0) [ 100.0 TARGET ]
36:(1,65,0,0,34,1) [ 66.1 TARGET ]
37:(1,66,0,1,34,0) [ 100.0 TARGET ]
38:(1,66,0,0,33,1) [ 67.1 TARGET ]
39:(1,67,0,1,33,0) [ 100.0 TARGET ]
40:(1,67,0,0,32,1) [ 68.1 TARGET ]
41:(0,66,1,0,32,1) [ 2.2 TARGET ]
42:(0,67,1,1,32,0) [ 33.1 TARGET ]
43:(0,67,1,0,31,1) [ 2.2 TARGET ]
44:(0,68,1,1,31,0) [ 32.1 TARGET ]
45:(0,68,1,0,30,1) [ 2.2 TARGET ]
46:(0,69,1,1,30,0) [ 31.1 TARGET ]
47:(0,69,1,0,29,1) [ 2.2 TARGET ]
48:(0,70,1,1,29,0) [ 30.1 TARGET ]
49:(0,70,1,0,28,1) [ 2.2 TARGET ]
50:(0,71,1,1,28,0) [ 29.1 TARGET ]
51:(0,71,1,0,27,1) [ 2.2 TARGET ]
52:(0,72,1,1,27,0) [ 28.1 TARGET ]
53:(0,72,1,0,26,1) [ 2.2 TARGET ]
54:(0,73,1,1,26,0) [ 27.1 TARGET ]
55:(0,73,1,0,25,1) [ 0.0 TARGET ]
56:(-1,-1,-1,-1,-1,-1) [ 0.0 ]