(R_,L,RL,G_,G_a,G_bg,G_d)
0:(50,2,0,50,0,0,0) [ 7.4338 ]
1:(49,2,1,50,0,0,0) [ 7.9094 ]
2:(49,2,0,49,1,1,0) [ 7.4494 ]
3:(49,2,1,49,1,1,0) [ 7.998399999999999 ]
4:(50,2,1,49,1,1,0) [ 8.082799999999999 ]
5:(50,2,1,49,0,1,1) [ 1057.9828 ]
6:(50,2,1,50,0,0,0) [ 7.993799999999999 ]
7:(50,2,2,50,0,0,0) [ 8.553799999999999 ]
8:(49,2,3,50,0,0,0) [ 9.0294 ]
9:(48,2,3,50,0,0,0) [ 8.945 ]
10:(47,2,4,50,0,0,0) [ 9.4206 ]
11:(48,2,4,50,0,0,0) [ 9.504999999999999 ]
12:(47,2,5,50,0,0,0) [ 9.980599999999999 ]
13:(47,2,4,49,1,1,0) [ 9.4766 ]
14:(47,2,3,48,2,2,0) [ 8.994599999999998 ]
15:(47,2,2,47,3,3,0) [ 8.534600000000001 ]
16:(47,2,1,46,4,4,0) [ 8.0966 ]
17:(47,2,0,45,5,5,0) [ 7.6806 ]
18:(47,2,1,45,5,5,0) [ 8.1856 ]
19:(47,2,0,44,6,6,0) [ 7.7806 ]
20:(46,2,1,44,6,6,0) [ 8.1902 ]
21:(46,2,0,43,7,7,0) [ 7.796200000000001 ]
22:(45,2,1,43,7,7,0) [ 8.194799999999999 ]
23:(45,2,2,43,7,7,0) [ 8.6778 ]
24:(45,2,3,43,7,7,0) [ 9.160799999999998 ]
25:(44,2,4,43,7,7,0) [ 9.5594 ]
26:(44,2,3,42,8,8,0) [ 9.1434 ]
27:(43,2,4,42,8,8,0) [ 9.531 ]
28:(42,2,5,42,8,8,0) [ 9.918600000000001 ]
29:(42,2,6,42,8,8,0) [ 10.390600000000001 ]
30:(42,2,5,41,9,9,0) [ 9.963600000000001 ]
31:(42,2,6,41,9,9,0) [ 10.4246 ]
32:(42,2,7,41,9,9,0) [ 10.8856 ]
33:(41,2,8,41,9,9,0) [ 11.262200000000002 ]
34:(41,2,7,40,10,10,0) [ 10.824200000000001 ]
35:(41,2,6,39,11,11,0) [ 10.408199999999999 ]
36:(41,2,5,38,12,12,0) [ 10.014199999999999 ]
37:(41,2,4,37,13,13,0) [ 9.6422 ]
38:(40,2,5,37,13,13,0) [ 9.974800000000002 ]
39:(40,2,4,36,14,14,0) [ 9.6138 ]
40:(40,2,3,35,15,15,0) [ 9.274799999999999 ]
41:(40,2,4,35,15,15,0) [ 9.6698 ]
42:(40,2,3,34,16,16,0) [ 9.341800000000001 ]
43:(39,2,4,34,16,16,0) [ 9.641399999999999 ]
44:(39,2,3,33,17,17,0) [ 9.3244 ]
45:(39,2,4,33,17,17,0) [ 9.6974 ]
46:(38,2,5,33,17,17,0) [ 9.986 ]
47:(38,2,6,33,17,17,0) [ 10.358999999999998 ]
48:(38,2,5,32,18,18,0) [ 10.031 ]
49:(38,2,6,32,18,18,0) [ 10.393 ]
50:(38,2,5,31,19,19,0) [ 10.076 ]
51:(38,2,6,31,19,19,0) [ 10.427000000000001 ]
52:(38,2,5,30,20,20,0) [ 10.120999999999999 ]
53:(38,2,6,30,20,20,0) [ 10.461 ]
54:(38,2,5,29,21,21,0) [ 10.165999999999999 ]
55:(38,2,6,29,21,21,0) [ 10.495 ]
56:(39,2,5,29,21,21,0) [ 10.2504 ]
57:(39,2,6,29,21,21,0) [ 10.579400000000001 ]
58:(39,2,6,29,20,21,1) [ 22060.4794 ]
59:(38,2,7,29,20,21,1) [ 22060.724 ]
60:(38,2,6,28,21,22,1) [ 23110.429 ]
61:(37,2,7,28,21,22,1) [ 23110.6626 ]
62:(37,2,6,27,22,23,1) [ 24160.3786 ]
63:(37,2,5,26,23,24,1) [ 25210.116599999998 ]
64:(37,2,4,25,24,25,1) [ 26259.876600000003 ]
65:(37,2,3,24,25,26,1) [ 27309.6586 ]
66:(36,2,4,24,25,26,1) [ 27309.8482 ]
67:(36,2,3,23,26,27,1) [ 28359.6412 ]
68:(36,2,2,22,27,28,1) [ 29409.4562 ]
69:(36,2,1,21,28,29,1) [ 30459.2932 ]
70:(36,2,0,20,29,30,1) [ 31509.1522 ]
71:(35,2,0,20,29,30,1) [ 31509.0678 ]
72:(35,2,1,20,29,30,1) [ 31509.2978 ]
73:(35,2,0,19,30,31,1) [ 32559.1678 ]
74:(35,2,1,19,30,31,1) [ 32559.3868 ]
75:(34,2,2,19,30,31,1) [ 32559.5214 ]
76:(34,2,1,18,31,32,1) [ 33609.3914 ]
77:(34,2,0,17,32,33,1) [ 34659.2834 ]
78:(35,2,0,17,32,33,1) [ 34659.3678 ]
79:(34,2,1,17,32,33,1) [ 34659.4804 ]
80:(34,2,2,17,32,33,1) [ 34659.6774 ]
81:(33,2,3,17,32,33,1) [ 34659.78999999999 ]
82:(33,2,2,16,33,34,1) [ 35709.671 ]
83:(33,2,3,16,33,34,1) [ 35709.857 ]
84:(32,2,4,16,33,34,1) [ 35709.958600000005 ]
85:(32,2,5,16,33,34,1) [ 35710.1446 ]
86:(32,2,4,15,34,35,1) [ 36760.0146 ]
87:(32,2,5,15,34,35,1) [ 36760.1896 ]
88:(31,2,6,15,34,35,1) [ 36760.2802 ]
89:(31,2,5,14,35,36,1) [ 37810.1502 ]
90:(31,2,4,13,36,37,1) [ 38860.042199999996 ]
91:(31,2,3,12,37,38,1) [ 39909.9562 ]
92:(31,2,2,11,38,39,1) [ 40959.8922 ]
93:(30,2,3,11,38,39,1) [ 40959.9388 ]
94:(30,2,2,10,39,40,1) [ 42009.885800000004 ]
95:(29,2,3,10,39,40,1) [ 42009.9214 ]
96:(29,2,2,9,40,41,1) [ 43059.8794 ]
97:(29,2,1,8,41,42,1) [ 44109.8594 ]
98:(29,2,0,7,42,43,1) [ 45159.861399999994 ]
99:(29,2,1,7,42,43,1) [ 45159.948399999994 ]
100:(29,2,0,6,43,44,1) [ 46209.9614 ]
101:(28,2,1,6,43,44,1) [ 46209.953 ]
102:(28,2,0,5,44,45,1) [ 47259.977 ]
103:(28,2,0,6,44,44,0) [ 9.977 ]
104:(27,2,1,6,44,44,0) [ 9.9686 ]
105:(27,2,0,5,45,45,0) [ 9.9926 ]
106:(27,2,1,5,45,45,0) [ 10.0576 ]
107:(27,2,1,5,44,45,1) [ 47259.9576 ]
108:(26,2,2,5,44,45,1) [ 47259.938200000004 ]
109:(27,2,2,5,44,45,1) [ 47260.022600000004 ]
110:(27,2,1,4,45,46,1) [ 48310.0466 ]
111:(27,2,0,3,46,47,1) [ 49360.092599999996 ]
112:(27,2,1,3,46,47,1) [ 49360.1356 ]
113:(27,2,2,3,46,47,1) [ 49360.1786 ]
114:(27,2,1,2,47,48,1) [ 50410.224599999994 ]
115:(27,2,0,1,48,49,1) [ 51460.2926 ]
116:(27,2,1,1,48,49,1) [ 51460.3136 ]
117:(26,2,1,1,48,49,1) [ 51460.2292 ]
118:(25,2,2,1,48,49,1) [ 51460.1658 ]
119:(25,2,1,0,49,50,1) [ 52510.2338 TARGET ]
120:(26,2,1,0,49,50,1) [ 52510.3182 TARGET ]
121:(24,2,1,0,49,50,1) [ 52510.1494 TARGET ]
122:(24,2,2,0,49,50,1) [ 52510.159400000004 TARGET ]
123:(25,2,2,0,49,50,1) [ 52510.243800000004 TARGET ]
124:(26,2,2,1,48,49,1) [ 51460.2502 ]
125:(24,2,2,1,48,49,1) [ 51460.0814 ]
126:(24,2,3,1,48,49,1) [ 51460.1024 ]
127:(25,2,3,1,48,49,1) [ 51460.1868 ]
128:(25,2,1,1,48,49,1) [ 51460.1448 ]
129:(28,2,1,1,48,49,1) [ 51460.398 ]
130:(27,2,2,1,48,49,1) [ 51460.3346 ]
131:(28,2,0,1,48,49,1) [ 51460.377 ]
132:(26,2,0,1,48,49,1) [ 51460.2082 ]
133:(28,2,1,2,47,48,1) [ 50410.308999999994 ]
134:(26,2,1,2,47,48,1) [ 50410.140199999994 ]
135:(26,2,2,2,47,48,1) [ 50410.17219999999 ]
136:(27,2,2,2,47,48,1) [ 50410.2566 ]
137:(28,2,2,3,46,47,1) [ 49360.263 ]
138:(26,2,2,3,46,47,1) [ 49360.0942 ]
139:(26,2,3,3,46,47,1) [ 49360.1372 ]
140:(27,2,3,3,46,47,1) [ 49360.2216 ]
141:(28,2,1,3,46,47,1) [ 49360.22 ]
142:(26,2,1,3,46,47,1) [ 49360.0512 ]
143:(28,2,0,3,46,47,1) [ 49360.176999999996 ]
144:(26,2,0,3,46,47,1) [ 49360.0082 ]
145:(28,2,1,4,45,46,1) [ 48310.131 ]
146:(26,2,1,4,45,46,1) [ 48309.9622 ]
147:(26,2,2,4,45,46,1) [ 48310.0162 ]
148:(27,2,2,4,45,46,1) [ 48310.1006 ]
149:(28,2,2,5,44,45,1) [ 47260.107 ]
150:(26,2,3,5,44,45,1) [ 47260.0032 ]
151:(27,2,3,5,44,45,1) [ 47260.0876 ]
152:(28,2,1,5,44,45,1) [ 47260.042 ]
153:(26,2,1,5,44,45,1) [ 47259.8732 ]
154:(25,2,2,5,44,45,1) [ 47259.853800000004 ]
155:(25,2,3,5,44,45,1) [ 47259.9188 ]
156:(28,2,1,5,45,45,0) [ 10.142 ]
157:(26,2,1,5,45,45,0) [ 9.9732 ]
158:(26,2,2,5,45,45,0) [ 10.0382 ]
159:(27,2,2,5,45,45,0) [ 10.1226 ]
160:(28,2,0,5,45,45,0) [ 10.077 ]
161:(26,2,0,5,45,45,0) [ 9.9082 ]
162:(28,2,1,6,44,44,0) [ 10.053 ]
163:(26,2,1,6,44,44,0) [ 9.8842 ]
164:(26,2,2,6,44,44,0) [ 9.9602 ]
165:(27,2,2,6,44,44,0) [ 10.0446 ]
166:(29,2,0,6,44,44,0) [ 10.0614 ]
167:(27,2,0,6,44,44,0) [ 9.892600000000002 ]
168:(29,2,0,5,44,45,1) [ 47260.0614 ]
169:(27,2,0,5,44,45,1) [ 47259.8926 ]
170:(29,2,1,6,43,44,1) [ 46210.0374 ]
171:(27,2,1,6,43,44,1) [ 46209.8686 ]
172:(27,2,2,6,43,44,1) [ 46209.9446 ]
173:(28,2,2,6,43,44,1) [ 46210.029 ]
174:(30,2,0,6,43,44,1) [ 46210.0458 ]
175:(28,2,0,6,43,44,1) [ 46209.877 ]
176:(30,2,1,7,42,43,1) [ 45160.03279999999 ]
177:(28,2,1,7,42,43,1) [ 45159.863999999994 ]
178:(28,2,2,7,42,43,1) [ 45159.950999999994 ]
179:(29,2,2,7,42,43,1) [ 45160.0354 ]
180:(30,2,0,7,42,43,1) [ 45159.945799999994 ]
181:(28,2,0,7,42,43,1) [ 45159.776999999995 ]
182:(30,2,1,8,41,42,1) [ 44109.9438 ]
183:(28,2,1,8,41,42,1) [ 44109.775 ]
184:(28,2,2,8,41,42,1) [ 44109.873 ]
185:(29,2,2,8,41,42,1) [ 44109.9574 ]
186:(30,2,2,9,40,41,1) [ 43059.9638 ]
187:(28,2,2,9,40,41,1) [ 43059.795 ]
188:(28,2,3,9,40,41,1) [ 43059.904 ]
189:(29,2,3,9,40,41,1) [ 43059.9884 ]
190:(30,2,3,10,39,40,1) [ 42010.0058 ]
191:(28,2,3,10,39,40,1) [ 42009.837 ]
192:(28,2,4,10,39,40,1) [ 42009.957 ]
193:(29,2,4,10,39,40,1) [ 42010.0414 ]
194:(31,2,2,10,39,40,1) [ 42009.9702 ]
195:(29,2,2,10,39,40,1) [ 42009.801400000004 ]
196:(31,2,3,11,38,39,1) [ 40960.0232 ]
197:(29,2,3,11,38,39,1) [ 40959.854400000004 ]
198:(29,2,4,11,38,39,1) [ 40959.985400000005 ]
199:(30,2,4,11,38,39,1) [ 40960.069800000005 ]
200:(32,2,2,11,38,39,1) [ 40959.9766 ]
201:(30,2,2,11,38,39,1) [ 40959.8078 ]
202:(32,2,3,12,37,38,1) [ 39910.0406 ]
203:(30,2,3,12,37,38,1) [ 39909.87179999999 ]
204:(30,2,4,12,37,38,1) [ 39910.0138 ]
205:(31,2,4,12,37,38,1) [ 39910.0982 ]
206:(32,2,4,13,36,37,1) [ 38860.126599999996 ]
207:(30,2,4,13,36,37,1) [ 38859.9578 ]
208:(30,2,5,13,36,37,1) [ 38860.110799999995 ]
209:(31,2,5,13,36,37,1) [ 38860.1952 ]
210:(32,2,5,14,35,36,1) [ 37810.2346 ]
211:(30,2,5,14,35,36,1) [ 37810.0658 ]
212:(30,2,6,14,35,36,1) [ 37810.2298 ]
213:(31,2,6,14,35,36,1) [ 37810.3142 ]
214:(32,2,6,15,34,35,1) [ 36760.3646 ]
215:(30,2,6,15,34,35,1) [ 36760.1958 ]
216:(30,2,7,15,34,35,1) [ 36760.370800000004 ]
217:(31,2,7,15,34,35,1) [ 36760.455200000004 ]
218:(33,2,5,15,34,35,1) [ 36760.274000000005 ]
219:(31,2,5,15,34,35,1) [ 36760.1052 ]
220:(33,2,4,15,34,35,1) [ 36760.099 ]
221:(31,2,4,15,34,35,1) [ 36759.9302 ]
222:(33,2,5,16,33,34,1) [ 35710.229 ]
223:(31,2,5,16,33,34,1) [ 35710.0602 ]
224:(31,2,6,16,33,34,1) [ 35710.2462 ]
225:(32,2,6,16,33,34,1) [ 35710.3306 ]
226:(33,2,4,16,33,34,1) [ 35710.043000000005 ]
227:(31,2,4,16,33,34,1) [ 35709.874200000006 ]
228:(34,2,3,16,33,34,1) [ 35709.9414 ]
229:(32,2,3,16,33,34,1) [ 35709.772600000004 ]
230:(34,2,2,16,33,34,1) [ 35709.7554 ]
231:(32,2,2,16,33,34,1) [ 35709.5866 ]
232:(34,2,3,17,32,33,1) [ 34659.8744 ]
233:(32,2,3,17,32,33,1) [ 34659.705599999994 ]
234:(32,2,4,17,32,33,1) [ 34659.902599999994 ]
235:(33,2,4,17,32,33,1) [ 34659.986999999994 ]
236:(35,2,2,17,32,33,1) [ 34659.7618 ]
237:(33,2,2,17,32,33,1) [ 34659.59299999999 ]
238:(35,2,1,17,32,33,1) [ 34659.5648 ]
239:(33,2,1,17,32,33,1) [ 34659.396 ]
240:(36,2,0,17,32,33,1) [ 34659.4522 ]
241:(33,2,0,17,32,33,1) [ 34659.199 ]
242:(35,2,1,18,31,32,1) [ 33609.4758 ]
243:(33,2,1,18,31,32,1) [ 33609.307 ]
244:(33,2,2,18,31,32,1) [ 33609.515 ]
245:(34,2,2,18,31,32,1) [ 33609.5994 ]
246:(35,2,2,19,30,31,1) [ 32559.6058 ]
247:(33,2,2,19,30,31,1) [ 32559.437 ]
248:(33,2,3,19,30,31,1) [ 32559.656 ]
249:(34,2,3,19,30,31,1) [ 32559.7404 ]
250:(36,2,1,19,30,31,1) [ 32559.4712 ]
251:(34,2,1,19,30,31,1) [ 32559.3024 ]
252:(36,2,0,19,30,31,1) [ 32559.2522 ]
253:(34,2,0,19,30,31,1) [ 32559.0834 ]
254:(36,2,1,20,29,30,1) [ 31509.3822 ]
255:(34,2,1,20,29,30,1) [ 31509.2134 ]
256:(34,2,2,20,29,30,1) [ 31509.4434 ]
257:(35,2,2,20,29,30,1) [ 31509.5278 ]
258:(34,2,0,20,29,30,1) [ 31508.9834 ]
259:(37,2,0,20,29,30,1) [ 31509.2366 ]
260:(37,2,1,21,28,29,1) [ 30459.3776 ]
261:(35,2,1,21,28,29,1) [ 30459.2088 ]
262:(35,2,2,21,28,29,1) [ 30459.4498 ]
263:(36,2,2,21,28,29,1) [ 30459.5342 ]
264:(37,2,2,22,27,28,1) [ 29409.5406 ]
265:(35,2,2,22,27,28,1) [ 29409.3718 ]
266:(35,2,3,22,27,28,1) [ 29409.6238 ]
267:(36,2,3,22,27,28,1) [ 29409.7082 ]
268:(37,2,3,23,26,27,1) [ 28359.725599999998 ]
269:(35,2,3,23,26,27,1) [ 28359.5568 ]
270:(35,2,4,23,26,27,1) [ 28359.819799999997 ]
271:(36,2,4,23,26,27,1) [ 28359.904199999997 ]
272:(37,2,4,24,25,26,1) [ 27309.9326 ]
273:(35,2,4,24,25,26,1) [ 27309.7638 ]
274:(35,2,5,24,25,26,1) [ 27310.0378 ]
275:(36,2,5,24,25,26,1) [ 27310.1222 ]
276:(38,2,3,24,25,26,1) [ 27309.743 ]
277:(36,2,3,24,25,26,1) [ 27309.5742 ]
278:(38,2,4,25,24,25,1) [ 26259.961000000003 ]
279:(36,2,4,25,24,25,1) [ 26259.7922 ]
280:(36,2,5,25,24,25,1) [ 26260.0772 ]
281:(37,2,5,25,24,25,1) [ 26260.161600000003 ]
282:(38,2,5,26,23,24,1) [ 25210.201 ]
283:(36,2,5,26,23,24,1) [ 25210.032199999998 ]
284:(36,2,6,26,23,24,1) [ 25210.3282 ]
285:(37,2,6,26,23,24,1) [ 25210.4126 ]
286:(38,2,6,27,22,23,1) [ 24160.463 ]
287:(36,2,6,27,22,23,1) [ 24160.2942 ]
288:(36,2,7,27,22,23,1) [ 24160.6012 ]
289:(37,2,7,27,22,23,1) [ 24160.6856 ]
290:(38,2,7,28,21,22,1) [ 23110.747 ]
291:(36,2,7,28,21,22,1) [ 23110.5782 ]
292:(36,2,8,28,21,22,1) [ 23110.8962 ]
293:(37,2,8,28,21,22,1) [ 23110.9806 ]
294:(39,2,6,28,21,22,1) [ 23110.5134 ]
295:(37,2,6,28,21,22,1) [ 23110.3446 ]
296:(39,2,7,29,20,21,1) [ 22060.8084 ]
297:(37,2,7,29,20,21,1) [ 22060.6396 ]
298:(37,2,8,29,20,21,1) [ 22060.9686 ]
299:(38,2,8,29,20,21,1) [ 22061.053 ]
300:(40,2,6,29,20,21,1) [ 22060.5638 ]
301:(38,2,6,29,20,21,1) [ 22060.395 ]
302:(40,2,6,29,21,21,0) [ 10.6638 ]
303:(38,2,7,29,21,21,0) [ 10.824 ]
304:(39,2,7,29,21,21,0) [ 10.908399999999999 ]
305:(40,2,5,29,21,21,0) [ 10.3348 ]
306:(37,2,6,29,21,21,0) [ 10.4106 ]
307:(37,2,7,29,21,21,0) [ 10.739600000000001 ]
308:(37,2,5,29,21,21,0) [ 10.0816 ]
309:(39,2,6,30,20,20,0) [ 10.5454 ]
310:(37,2,6,30,20,20,0) [ 10.3766 ]
311:(37,2,7,30,20,20,0) [ 10.7166 ]
312:(38,2,7,30,20,20,0) [ 10.801 ]
313:(39,2,5,30,20,20,0) [ 10.205400000000001 ]
314:(37,2,5,30,20,20,0) [ 10.0366 ]
315:(39,2,6,31,19,19,0) [ 10.5114 ]
316:(37,2,6,31,19,19,0) [ 10.342600000000001 ]
317:(37,2,7,31,19,19,0) [ 10.693600000000002 ]
318:(38,2,7,31,19,19,0) [ 10.778 ]
319:(39,2,5,31,19,19,0) [ 10.160400000000001 ]
320:(37,2,5,31,19,19,0) [ 9.9916 ]
321:(39,2,6,32,18,18,0) [ 10.477400000000001 ]
322:(37,2,6,32,18,18,0) [ 10.308600000000002 ]
323:(37,2,7,32,18,18,0) [ 10.6706 ]
324:(38,2,7,32,18,18,0) [ 10.755 ]
325:(39,2,5,32,18,18,0) [ 10.115400000000001 ]
326:(37,2,5,32,18,18,0) [ 9.9466 ]
327:(39,2,6,33,17,17,0) [ 10.4434 ]
328:(37,2,6,33,17,17,0) [ 10.2746 ]
329:(37,2,7,33,17,17,0) [ 10.6476 ]
330:(38,2,7,33,17,17,0) [ 10.732 ]
331:(39,2,5,33,17,17,0) [ 10.0704 ]
332:(37,2,5,33,17,17,0) [ 9.901599999999998 ]
333:(40,2,4,33,17,17,0) [ 9.7818 ]
334:(38,2,4,33,17,17,0) [ 9.613 ]
335:(40,2,3,33,17,17,0) [ 9.4088 ]
336:(38,2,3,33,17,17,0) [ 9.24 ]
337:(40,2,4,34,16,16,0) [ 9.725800000000001 ]
338:(38,2,4,34,16,16,0) [ 9.557 ]
339:(38,2,5,34,16,16,0) [ 9.941 ]
340:(39,2,5,34,16,16,0) [ 10.0254 ]
341:(41,2,3,34,16,16,0) [ 9.4262 ]
342:(39,2,3,34,16,16,0) [ 9.2574 ]
343:(41,2,4,35,15,15,0) [ 9.7542 ]
344:(39,2,4,35,15,15,0) [ 9.5854 ]
345:(39,2,5,35,15,15,0) [ 9.9804 ]
346:(40,2,5,35,15,15,0) [ 10.0648 ]
347:(41,2,3,35,15,15,0) [ 9.359200000000001 ]
348:(39,2,3,35,15,15,0) [ 9.1904 ]
349:(41,2,4,36,14,14,0) [ 9.698200000000002 ]
350:(39,2,4,36,14,14,0) [ 9.5294 ]
351:(39,2,5,36,14,14,0) [ 9.9354 ]
352:(40,2,5,36,14,14,0) [ 10.0198 ]
353:(41,2,5,37,13,13,0) [ 10.0592 ]
354:(39,2,5,37,13,13,0) [ 9.8904 ]
355:(39,2,6,37,13,13,0) [ 10.307400000000001 ]
356:(40,2,6,37,13,13,0) [ 10.3918 ]
357:(42,2,4,37,13,13,0) [ 9.726600000000001 ]
358:(40,2,4,37,13,13,0) [ 9.5578 ]
359:(42,2,5,38,12,12,0) [ 10.098599999999998 ]
360:(40,2,5,38,12,12,0) [ 9.9298 ]
361:(40,2,6,38,12,12,0) [ 10.357800000000001 ]
362:(41,2,6,38,12,12,0) [ 10.4422 ]
363:(42,2,6,39,11,11,0) [ 10.492600000000001 ]
364:(40,2,6,39,11,11,0) [ 10.3238 ]
365:(40,2,7,39,11,11,0) [ 10.7628 ]
366:(41,2,7,39,11,11,0) [ 10.847199999999999 ]
367:(42,2,7,40,10,10,0) [ 10.9086 ]
368:(40,2,7,40,10,10,0) [ 10.739799999999999 ]
369:(40,2,8,40,10,10,0) [ 11.1898 ]
370:(41,2,8,40,10,10,0) [ 11.2742 ]
371:(42,2,8,41,9,9,0) [ 11.3466 ]
372:(40,2,8,41,9,9,0) [ 11.1778 ]
373:(40,2,9,41,9,9,0) [ 11.6388 ]
374:(41,2,9,41,9,9,0) [ 11.7232 ]
375:(43,2,7,41,9,9,0) [ 10.97 ]
376:(41,2,7,41,9,9,0) [ 10.8012 ]
377:(43,2,6,41,9,9,0) [ 10.509 ]
378:(41,2,6,41,9,9,0) [ 10.340200000000001 ]
379:(43,2,5,41,9,9,0) [ 10.048 ]
380:(41,2,5,41,9,9,0) [ 9.879199999999999 ]
381:(43,2,6,42,8,8,0) [ 10.475000000000001 ]
382:(41,2,6,42,8,8,0) [ 10.3062 ]
383:(41,2,7,42,8,8,0) [ 10.778200000000002 ]
384:(42,2,7,42,8,8,0) [ 10.8626 ]
385:(43,2,5,42,8,8,0) [ 10.003 ]
386:(41,2,5,42,8,8,0) [ 9.8342 ]
387:(44,2,4,42,8,8,0) [ 9.615400000000001 ]
388:(42,2,4,42,8,8,0) [ 9.4466 ]
389:(45,2,3,42,8,8,0) [ 9.227800000000002 ]
390:(43,2,3,42,8,8,0) [ 9.059000000000001 ]
391:(45,2,4,43,7,7,0) [ 9.643799999999999 ]
392:(43,2,4,43,7,7,0) [ 9.474999999999998 ]
393:(43,2,5,43,7,7,0) [ 9.957999999999998 ]
394:(44,2,5,43,7,7,0) [ 10.042399999999999 ]
395:(46,2,3,43,7,7,0) [ 9.2452 ]
396:(44,2,3,43,7,7,0) [ 9.0764 ]
397:(46,2,2,43,7,7,0) [ 8.7622 ]
398:(44,2,2,43,7,7,0) [ 8.593399999999999 ]
399:(46,2,1,43,7,7,0) [ 8.2792 ]
400:(44,2,1,43,7,7,0) [ 8.1104 ]
401:(47,2,0,43,7,7,0) [ 7.8806 ]
402:(45,2,0,43,7,7,0) [ 7.7118 ]
403:(47,2,1,44,6,6,0) [ 8.274600000000001 ]
404:(45,2,1,44,6,6,0) [ 8.1058 ]
405:(45,2,2,44,6,6,0) [ 8.5998 ]
406:(46,2,2,44,6,6,0) [ 8.684199999999999 ]
407:(48,2,0,44,6,6,0) [ 7.865 ]
408:(46,2,0,44,6,6,0) [ 7.696200000000001 ]
409:(48,2,1,45,5,5,0) [ 8.27 ]
410:(46,2,1,45,5,5,0) [ 8.1012 ]
411:(46,2,2,45,5,5,0) [ 8.606200000000001 ]
412:(47,2,2,45,5,5,0) [ 8.6906 ]
413:(48,2,0,45,5,5,0) [ 7.765 ]
414:(46,2,0,45,5,5,0) [ 7.5962000000000005 ]
415:(48,2,1,46,4,4,0) [ 8.181 ]
416:(46,2,1,46,4,4,0) [ 8.0122 ]
417:(46,2,2,46,4,4,0) [ 8.5282 ]
418:(47,2,2,46,4,4,0) [ 8.612600000000002 ]
419:(48,2,2,47,3,3,0) [ 8.619 ]
420:(46,2,2,47,3,3,0) [ 8.450200000000002 ]
421:(46,2,3,47,3,3,0) [ 8.9772 ]
422:(47,2,3,47,3,3,0) [ 9.061600000000002 ]
423:(48,2,3,48,2,2,0) [ 9.079 ]
424:(46,2,3,48,2,2,0) [ 8.9102 ]
425:(46,2,4,48,2,2,0) [ 9.4482 ]
426:(47,2,4,48,2,2,0) [ 9.532599999999999 ]
427:(48,2,4,49,1,1,0) [ 9.560999999999998 ]
428:(46,2,4,49,1,1,0) [ 9.3922 ]
429:(46,2,5,49,1,1,0) [ 9.9412 ]
430:(47,2,5,49,1,1,0) [ 10.025599999999999 ]
431:(48,2,5,50,0,0,0) [ 10.064999999999998 ]
432:(46,2,5,50,0,0,0) [ 9.8962 ]
433:(46,2,6,50,0,0,0) [ 10.4562 ]
434:(47,2,6,50,0,0,0) [ 10.540600000000001 ]
435:(49,2,4,50,0,0,0) [ 9.589400000000001 ]
436:(47,2,3,50,0,0,0) [ 8.860600000000002 ]
437:(46,2,4,50,0,0,0) [ 9.336200000000002 ]
438:(50,2,3,50,0,0,0) [ 9.113800000000001 ]
439:(51,2,2,50,0,0,0) [ 8.638200000000001 ]
440:(49,2,2,50,0,0,0) [ 8.4694 ]
441:(51,2,1,50,0,0,0) [ 8.0782 ]
442:(51,2,1,49,0,1,1) [ 1058.0672 ]
443:(49,2,1,49,0,1,1) [ 1057.8984 ]
444:(49,2,2,49,0,1,1) [ 1058.4474 ]
445:(50,2,2,49,0,1,1) [ 1058.5318 ]
446:(51,2,1,49,1,1,0) [ 8.1672 ]
447:(49,2,2,49,1,1,0) [ 8.547399999999998 ]
448:(50,2,2,49,1,1,0) [ 8.6318 ]
449:(48,2,1,49,1,1,0) [ 7.913999999999999 ]
450:(48,2,2,49,1,1,0) [ 8.463 ]
451:(50,2,0,49,1,1,0) [ 7.533799999999999 ]
452:(48,2,0,49,1,1,0) [ 7.364999999999999 ]
453:(48,2,1,50,0,0,0) [ 7.824999999999999 ]
454:(48,2,2,50,0,0,0) [ 8.384999999999998 ]
455:(51,2,0,50,0,0,0) [ 7.518200000000001 ]
456:(49,2,0,50,0,0,0) [ 7.3494 ]
457:(27,2,1,0,49,50,1) [ 52510.4026 TARGET ]
458:(26,2,2,0,49,50,1) [ 52510.3282 TARGET ]
459:(26,2,3,1,48,49,1) [ 51460.2712 ]
460:(29,2,1,1,48,49,1) [ 51460.4824 ]
461:(28,2,2,1,48,49,1) [ 51460.419 ]
462:(29,2,0,1,48,49,1) [ 51460.4614 ]
463:(29,2,1,2,47,48,1) [ 50410.39339999999 ]
464:(28,2,2,2,47,48,1) [ 50410.341 ]
465:(29,2,2,3,46,47,1) [ 49360.3474 ]
466:(28,2,3,3,46,47,1) [ 49360.306 ]
467:(29,2,1,3,46,47,1) [ 49360.3044 ]
468:(29,2,0,3,46,47,1) [ 49360.261399999996 ]
469:(29,2,1,4,45,46,1) [ 48310.2154 ]
470:(28,2,2,4,45,46,1) [ 48310.185 ]
471:(29,2,2,5,44,45,1) [ 47260.1914 ]
472:(28,2,3,5,44,45,1) [ 47260.172 ]
473:(29,2,1,5,44,45,1) [ 47260.1264 ]
474:(29,2,1,5,45,45,0) [ 10.2264 ]
475:(28,2,2,5,45,45,0) [ 10.207 ]
476:(29,2,0,5,45,45,0) [ 10.1614 ]
477:(29,2,1,6,44,44,0) [ 10.1374 ]
478:(28,2,2,6,44,44,0) [ 10.129000000000001 ]
479:(30,2,0,6,44,44,0) [ 10.145800000000001 ]
480:(30,2,0,5,44,45,1) [ 47260.1458 ]
481:(30,2,1,6,43,44,1) [ 46210.1218 ]
482:(29,2,2,6,43,44,1) [ 46210.1134 ]
483:(31,2,0,6,43,44,1) [ 46210.1302 ]
484:(31,2,1,7,42,43,1) [ 45160.1172 ]
485:(30,2,2,7,42,43,1) [ 45160.1198 ]
486:(31,2,0,7,42,43,1) [ 45160.030199999994 ]
487:(31,2,1,8,41,42,1) [ 44110.0282 ]
488:(30,2,2,8,41,42,1) [ 44110.0418 ]
489:(31,2,2,9,40,41,1) [ 43060.0482 ]
490:(30,2,3,9,40,41,1) [ 43060.0728 ]
491:(31,2,3,10,39,40,1) [ 42010.0902 ]
492:(30,2,4,10,39,40,1) [ 42010.1258 ]
493:(32,2,2,10,39,40,1) [ 42010.0546 ]
494:(32,2,3,11,38,39,1) [ 40960.1076 ]
495:(31,2,4,11,38,39,1) [ 40960.154200000004 ]
496:(33,2,2,11,38,39,1) [ 40960.061 ]
497:(33,2,3,12,37,38,1) [ 39910.125 ]
498:(32,2,4,12,37,38,1) [ 39910.1826 ]
499:(33,2,4,13,36,37,1) [ 38860.210999999996 ]
500:(32,2,5,13,36,37,1) [ 38860.2796 ]
501:(33,2,5,14,35,36,1) [ 37810.319 ]
502:(32,2,6,14,35,36,1) [ 37810.3986 ]
503:(33,2,6,15,34,35,1) [ 36760.449 ]
504:(32,2,7,15,34,35,1) [ 36760.539600000004 ]
505:(34,2,5,15,34,35,1) [ 36760.358400000005 ]
506:(34,2,4,15,34,35,1) [ 36760.1834 ]
507:(34,2,5,16,33,34,1) [ 35710.31340000001 ]
508:(33,2,6,16,33,34,1) [ 35710.415 ]
509:(34,2,4,16,33,34,1) [ 35710.127400000005 ]
510:(35,2,3,16,33,34,1) [ 35710.0258 ]
511:(35,2,2,16,33,34,1) [ 35709.8398 ]
512:(35,2,3,17,32,33,1) [ 34659.9588 ]
513:(34,2,4,17,32,33,1) [ 34660.0714 ]
514:(36,2,2,17,32,33,1) [ 34659.8462 ]
515:(36,2,1,17,32,33,1) [ 34659.6492 ]
516:(37,2,0,17,32,33,1) [ 34659.5366 ]
517:(36,2,1,18,31,32,1) [ 33609.5602 ]
518:(35,2,2,18,31,32,1) [ 33609.6838 ]
519:(36,2,2,19,30,31,1) [ 32559.6902 ]
520:(35,2,3,19,30,31,1) [ 32559.8248 ]
521:(37,2,1,19,30,31,1) [ 32559.5556 ]
522:(37,2,0,19,30,31,1) [ 32559.3366 ]
523:(37,2,1,20,29,30,1) [ 31509.4666 ]
524:(36,2,2,20,29,30,1) [ 31509.612200000003 ]
525:(38,2,0,20,29,30,1) [ 31509.321 ]
526:(38,2,1,21,28,29,1) [ 30459.462 ]
527:(37,2,2,21,28,29,1) [ 30459.618599999998 ]
528:(38,2,2,22,27,28,1) [ 29409.625 ]
529:(37,2,3,22,27,28,1) [ 29409.7926 ]
530:(38,2,3,23,26,27,1) [ 28359.809999999998 ]
531:(37,2,4,23,26,27,1) [ 28359.988599999997 ]
532:(38,2,4,24,25,26,1) [ 27310.017 ]
533:(37,2,5,24,25,26,1) [ 27310.2066 ]
534:(39,2,3,24,25,26,1) [ 27309.8274 ]
535:(39,2,4,25,24,25,1) [ 26260.045400000003 ]
536:(38,2,5,25,24,25,1) [ 26260.246000000003 ]
537:(39,2,5,26,23,24,1) [ 25210.2854 ]
538:(38,2,6,26,23,24,1) [ 25210.497 ]
539:(39,2,6,27,22,23,1) [ 24160.5474 ]
540:(38,2,7,27,22,23,1) [ 24160.77 ]
541:(39,2,7,28,21,22,1) [ 23110.8314 ]
542:(38,2,8,28,21,22,1) [ 23111.065 ]
543:(40,2,6,28,21,22,1) [ 23110.5978 ]
544:(40,2,7,29,20,21,1) [ 22060.8928 ]
545:(39,2,8,29,20,21,1) [ 22061.1374 ]
546:(41,2,6,29,20,21,1) [ 22060.6482 ]
547:(41,2,6,29,21,21,0) [ 10.748199999999999 ]
548:(40,2,7,29,21,21,0) [ 10.9928 ]
549:(41,2,5,29,21,21,0) [ 10.419199999999998 ]
550:(40,2,6,30,20,20,0) [ 10.6298 ]
551:(39,2,7,30,20,20,0) [ 10.8854 ]
552:(40,2,5,30,20,20,0) [ 10.2898 ]
553:(40,2,6,31,19,19,0) [ 10.595800000000002 ]
554:(39,2,7,31,19,19,0) [ 10.8624 ]
555:(40,2,5,31,19,19,0) [ 10.2448 ]
556:(40,2,6,32,18,18,0) [ 10.561800000000002 ]
557:(39,2,7,32,18,18,0) [ 10.839400000000001 ]
558:(40,2,5,32,18,18,0) [ 10.1998 ]
559:(40,2,6,33,17,17,0) [ 10.5278 ]
560:(39,2,7,33,17,17,0) [ 10.816399999999998 ]
561:(40,2,5,33,17,17,0) [ 10.154799999999998 ]
562:(41,2,4,33,17,17,0) [ 9.8662 ]
563:(41,2,3,33,17,17,0) [ 9.4932 ]
564:(41,2,4,34,16,16,0) [ 9.8102 ]
565:(40,2,5,34,16,16,0) [ 10.109799999999998 ]
566:(42,2,3,34,16,16,0) [ 9.5106 ]
567:(42,2,4,35,15,15,0) [ 9.8386 ]
568:(41,2,5,35,15,15,0) [ 10.1492 ]
569:(42,2,3,35,15,15,0) [ 9.4436 ]
570:(42,2,4,36,14,14,0) [ 9.7826 ]
571:(41,2,5,36,14,14,0) [ 10.1042 ]
572:(42,2,5,37,13,13,0) [ 10.1436 ]
573:(41,2,6,37,13,13,0) [ 10.476200000000002 ]
574:(43,2,4,37,13,13,0) [ 9.811 ]
575:(43,2,5,38,12,12,0) [ 10.183 ]
576:(42,2,6,38,12,12,0) [ 10.526599999999998 ]
577:(43,2,6,39,11,11,0) [ 10.577 ]
578:(42,2,7,39,11,11,0) [ 10.9316 ]
579:(43,2,7,40,10,10,0) [ 10.992999999999999 ]
580:(42,2,8,40,10,10,0) [ 11.3586 ]
581:(43,2,8,41,9,9,0) [ 11.431 ]
582:(42,2,9,41,9,9,0) [ 11.807599999999999 ]
583:(44,2,7,41,9,9,0) [ 11.0544 ]
584:(44,2,6,41,9,9,0) [ 10.5934 ]
585:(44,2,5,41,9,9,0) [ 10.132399999999999 ]
586:(44,2,6,42,8,8,0) [ 10.5594 ]
587:(43,2,7,42,8,8,0) [ 10.947 ]
588:(44,2,5,42,8,8,0) [ 10.087399999999999 ]
589:(45,2,4,42,8,8,0) [ 9.6998 ]
590:(46,2,3,42,8,8,0) [ 9.3122 ]
591:(46,2,4,43,7,7,0) [ 9.728200000000001 ]
592:(45,2,5,43,7,7,0) [ 10.1268 ]
593:(47,2,3,43,7,7,0) [ 9.3296 ]
594:(47,2,2,43,7,7,0) [ 8.846599999999999 ]
595:(47,2,1,43,7,7,0) [ 8.3636 ]
596:(48,2,0,43,7,7,0) [ 7.965 ]
597:(48,2,1,44,6,6,0) [ 8.359 ]
598:(47,2,2,44,6,6,0) [ 8.768600000000001 ]
599:(49,2,0,44,6,6,0) [ 7.949400000000001 ]
600:(49,2,1,45,5,5,0) [ 8.3544 ]
601:(48,2,2,45,5,5,0) [ 8.774999999999999 ]
602:(49,2,0,45,5,5,0) [ 7.8494 ]
603:(49,2,1,46,4,4,0) [ 8.2654 ]
604:(48,2,2,46,4,4,0) [ 8.697000000000001 ]
605:(49,2,2,47,3,3,0) [ 8.7034 ]
606:(48,2,3,47,3,3,0) [ 9.146 ]
607:(49,2,3,48,2,2,0) [ 9.1634 ]
608:(48,2,4,48,2,2,0) [ 9.616999999999999 ]
609:(49,2,4,49,1,1,0) [ 9.6454 ]
610:(48,2,5,49,1,1,0) [ 10.109999999999998 ]
611:(49,2,5,50,0,0,0) [ 10.1494 ]
612:(48,2,6,50,0,0,0) [ 10.625 ]
613:(50,2,4,50,0,0,0) [ 9.6738 ]
614:(51,2,3,50,0,0,0) [ 9.198200000000002 ]
615:(52,2,2,50,0,0,0) [ 8.7226 ]
616:(52,2,1,50,0,0,0) [ 8.162600000000001 ]
617:(52,2,1,49,0,1,1) [ 1058.1516 ]
618:(51,2,2,49,0,1,1) [ 1058.6162 ]
619:(52,2,1,49,1,1,0) [ 8.2516 ]
620:(51,2,2,49,1,1,0) [ 8.716199999999999 ]
621:(51,2,0,49,1,1,0) [ 7.618200000000001 ]
622:(52,2,0,50,0,0,0) [ 7.602600000000001 ]
623:(28,2,1,0,49,50,1) [ 52510.487 TARGET ]
624:(27,2,2,0,49,50,1) [ 52510.4126 TARGET ]
625:(27,2,3,1,48,49,1) [ 51460.3556 ]
626:(30,2,1,1,48,49,1) [ 51460.5668 ]
627:(29,2,2,1,48,49,1) [ 51460.5034 ]
628:(30,2,0,1,48,49,1) [ 51460.5458 ]
629:(30,2,1,2,47,48,1) [ 50410.4778 ]
630:(29,2,2,2,47,48,1) [ 50410.4254 ]
631:(30,2,2,3,46,47,1) [ 49360.4318 ]
632:(29,2,3,3,46,47,1) [ 49360.3904 ]
633:(30,2,1,3,46,47,1) [ 49360.3888 ]
634:(30,2,0,3,46,47,1) [ 49360.345799999996 ]
635:(30,2,1,4,45,46,1) [ 48310.2998 ]
636:(29,2,2,4,45,46,1) [ 48310.2694 ]
637:(30,2,2,5,44,45,1) [ 47260.2758 ]
638:(29,2,3,5,44,45,1) [ 47260.2564 ]
639:(30,2,1,5,44,45,1) [ 47260.2108 ]
640:(30,2,1,5,45,45,0) [ 10.3108 ]
641:(29,2,2,5,45,45,0) [ 10.2914 ]
642:(30,2,0,5,45,45,0) [ 10.2458 ]
643:(30,2,1,6,44,44,0) [ 10.2218 ]
644:(29,2,2,6,44,44,0) [ 10.2134 ]
645:(31,2,0,6,44,44,0) [ 10.2302 ]
646:(31,2,0,5,44,45,1) [ 47260.2302 ]
647:(31,2,1,6,43,44,1) [ 46210.2062 ]
648:(30,2,2,6,43,44,1) [ 46210.1978 ]
649:(32,2,0,6,43,44,1) [ 46210.2146 ]
650:(32,2,1,7,42,43,1) [ 45160.2016 ]
651:(31,2,2,7,42,43,1) [ 45160.2042 ]
652:(32,2,0,7,42,43,1) [ 45160.11459999999 ]
653:(32,2,1,8,41,42,1) [ 44110.1126 ]
654:(31,2,2,8,41,42,1) [ 44110.1262 ]
655:(32,2,2,9,40,41,1) [ 43060.1326 ]
656:(31,2,3,9,40,41,1) [ 43060.1572 ]
657:(32,2,3,10,39,40,1) [ 42010.1746 ]
658:(31,2,4,10,39,40,1) [ 42010.2102 ]
659:(33,2,2,10,39,40,1) [ 42010.139 ]
660:(33,2,3,11,38,39,1) [ 40960.192 ]
661:(32,2,4,11,38,39,1) [ 40960.238600000004 ]
662:(34,2,2,11,38,39,1) [ 40960.1454 ]
663:(34,2,3,12,37,38,1) [ 39910.2094 ]
664:(33,2,4,12,37,38,1) [ 39910.267 ]
665:(34,2,4,13,36,37,1) [ 38860.295399999995 ]
666:(33,2,5,13,36,37,1) [ 38860.364 ]
667:(34,2,5,14,35,36,1) [ 37810.4034 ]
668:(33,2,6,14,35,36,1) [ 37810.483 ]
669:(34,2,6,15,34,35,1) [ 36760.5334 ]
670:(33,2,7,15,34,35,1) [ 36760.624 ]
671:(35,2,5,15,34,35,1) [ 36760.442800000004 ]
672:(35,2,4,15,34,35,1) [ 36760.2678 ]
673:(35,2,5,16,33,34,1) [ 35710.397800000006 ]
674:(34,2,6,16,33,34,1) [ 35710.4994 ]
675:(35,2,4,16,33,34,1) [ 35710.211800000005 ]
676:(36,2,3,16,33,34,1) [ 35710.1102 ]
677:(36,2,2,16,33,34,1) [ 35709.9242 ]
678:(36,2,3,17,32,33,1) [ 34660.0432 ]
679:(35,2,4,17,32,33,1) [ 34660.1558 ]
680:(37,2,2,17,32,33,1) [ 34659.9306 ]
681:(37,2,1,17,32,33,1) [ 34659.7336 ]
682:(38,2,0,17,32,33,1) [ 34659.621 ]
683:(37,2,1,18,31,32,1) [ 33609.6446 ]
684:(36,2,2,18,31,32,1) [ 33609.7682 ]
685:(37,2,2,19,30,31,1) [ 32559.7746 ]
686:(36,2,3,19,30,31,1) [ 32559.9092 ]
687:(38,2,1,19,30,31,1) [ 32559.64 ]
688:(38,2,0,19,30,31,1) [ 32559.421 ]
689:(38,2,1,20,29,30,1) [ 31509.551000000003 ]
690:(37,2,2,20,29,30,1) [ 31509.696600000003 ]
691:(39,2,0,20,29,30,1) [ 31509.4054 ]
692:(39,2,1,21,28,29,1) [ 30459.5464 ]
693:(38,2,2,21,28,29,1) [ 30459.702999999998 ]
694:(39,2,2,22,27,28,1) [ 29409.7094 ]
695:(38,2,3,22,27,28,1) [ 29409.877 ]
696:(39,2,3,23,26,27,1) [ 28359.894399999997 ]
697:(38,2,4,23,26,27,1) [ 28360.073 ]
698:(39,2,4,24,25,26,1) [ 27310.1014 ]
699:(38,2,5,24,25,26,1) [ 27310.291 ]
700:(40,2,3,24,25,26,1) [ 27309.9118 ]
701:(40,2,4,25,24,25,1) [ 26260.129800000002 ]
702:(39,2,5,25,24,25,1) [ 26260.330400000003 ]
703:(40,2,5,26,23,24,1) [ 25210.3698 ]
704:(39,2,6,26,23,24,1) [ 25210.5814 ]
705:(40,2,6,27,22,23,1) [ 24160.6318 ]
706:(39,2,7,27,22,23,1) [ 24160.8544 ]
707:(40,2,7,28,21,22,1) [ 23110.9158 ]
708:(39,2,8,28,21,22,1) [ 23111.1494 ]
709:(41,2,6,28,21,22,1) [ 23110.6822 ]
710:(41,2,7,29,20,21,1) [ 22060.9772 ]
711:(40,2,8,29,20,21,1) [ 22061.2218 ]
712:(42,2,6,29,20,21,1) [ 22060.7326 ]
713:(42,2,6,29,21,21,0) [ 10.832600000000001 ]
714:(41,2,7,29,21,21,0) [ 11.0772 ]
715:(42,2,5,29,21,21,0) [ 10.5036 ]
716:(41,2,6,30,20,20,0) [ 10.714200000000002 ]
717:(40,2,7,30,20,20,0) [ 10.9698 ]
718:(41,2,5,30,20,20,0) [ 10.3742 ]
719:(41,2,6,31,19,19,0) [ 10.680200000000001 ]
720:(40,2,7,31,19,19,0) [ 10.946800000000001 ]
721:(41,2,5,31,19,19,0) [ 10.3292 ]
722:(41,2,6,32,18,18,0) [ 10.6462 ]
723:(40,2,7,32,18,18,0) [ 10.9238 ]
724:(41,2,5,32,18,18,0) [ 10.284200000000002 ]
725:(41,2,6,33,17,17,0) [ 10.612200000000001 ]
726:(40,2,7,33,17,17,0) [ 10.9008 ]
727:(41,2,5,33,17,17,0) [ 10.2392 ]
728:(42,2,4,33,17,17,0) [ 9.950599999999998 ]
729:(42,2,3,33,17,17,0) [ 9.5776 ]
730:(42,2,4,34,16,16,0) [ 9.894599999999999 ]
731:(41,2,5,34,16,16,0) [ 10.1942 ]
732:(43,2,3,34,16,16,0) [ 9.595 ]
733:(43,2,4,35,15,15,0) [ 9.923 ]
734:(42,2,5,35,15,15,0) [ 10.2336 ]
735:(43,2,3,35,15,15,0) [ 9.527999999999999 ]
736:(43,2,4,36,14,14,0) [ 9.866999999999999 ]
737:(42,2,5,36,14,14,0) [ 10.1886 ]
738:(43,2,5,37,13,13,0) [ 10.228000000000002 ]
739:(42,2,6,37,13,13,0) [ 10.5606 ]
740:(44,2,4,37,13,13,0) [ 9.8954 ]
741:(44,2,5,38,12,12,0) [ 10.267399999999999 ]
742:(43,2,6,38,12,12,0) [ 10.611 ]
743:(44,2,6,39,11,11,0) [ 10.661399999999999 ]
744:(43,2,7,39,11,11,0) [ 11.016 ]
745:(44,2,7,40,10,10,0) [ 11.0774 ]
746:(43,2,8,40,10,10,0) [ 11.443 ]
747:(44,2,8,41,9,9,0) [ 11.515400000000001 ]
748:(43,2,9,41,9,9,0) [ 11.892 ]
749:(45,2,7,41,9,9,0) [ 11.138800000000002 ]
750:(45,2,6,41,9,9,0) [ 10.6778 ]
751:(45,2,5,41,9,9,0) [ 10.216800000000001 ]
752:(45,2,6,42,8,8,0) [ 10.643800000000002 ]
753:(44,2,7,42,8,8,0) [ 11.031400000000001 ]
754:(45,2,5,42,8,8,0) [ 10.171800000000001 ]
755:(46,2,4,42,8,8,0) [ 9.784200000000002 ]
756:(47,2,3,42,8,8,0) [ 9.396600000000001 ]
757:(47,2,4,43,7,7,0) [ 9.8126 ]
758:(46,2,5,43,7,7,0) [ 10.211199999999998 ]
759:(48,2,3,43,7,7,0) [ 9.413999999999998 ]
760:(48,2,2,43,7,7,0) [ 8.930999999999997 ]
761:(48,2,1,43,7,7,0) [ 8.447999999999999 ]
762:(49,2,0,43,7,7,0) [ 8.0494 ]
763:(49,2,1,44,6,6,0) [ 8.4434 ]
764:(48,2,2,44,6,6,0) [ 8.853 ]
765:(50,2,0,44,6,6,0) [ 8.0338 ]
766:(50,2,1,45,5,5,0) [ 8.4388 ]
767:(49,2,2,45,5,5,0) [ 8.8594 ]
768:(50,2,0,45,5,5,0) [ 7.9338 ]
769:(50,2,1,46,4,4,0) [ 8.3498 ]
770:(49,2,2,46,4,4,0) [ 8.7814 ]
771:(50,2,2,47,3,3,0) [ 8.7878 ]
772:(49,2,3,47,3,3,0) [ 9.230400000000001 ]
773:(50,2,3,48,2,2,0) [ 9.247799999999998 ]
774:(49,2,4,48,2,2,0) [ 9.7014 ]
775:(50,2,4,49,1,1,0) [ 9.7298 ]
776:(49,2,5,49,1,1,0) [ 10.1944 ]
777:(50,2,5,50,0,0,0) [ 10.233799999999999 ]
778:(49,2,6,50,0,0,0) [ 10.709399999999999 ]
779:(51,2,4,50,0,0,0) [ 9.758200000000002 ]
780:(52,2,3,50,0,0,0) [ 9.282600000000002 ]
781:(53,2,2,50,0,0,0) [ 8.806999999999999 ]
782:(53,2,1,50,0,0,0) [ 8.247 ]
783:(53,2,1,49,0,1,1) [ 1058.236 ]
784:(52,2,2,49,0,1,1) [ 1058.7006 ]
785:(53,2,1,49,1,1,0) [ 8.336 ]
786:(52,2,2,49,1,1,0) [ 8.800600000000001 ]
787:(52,2,0,49,1,1,0) [ 7.7026 ]
788:(53,2,0,50,0,0,0) [ 7.687 ]
789:(24,2,3,0,49,50,1) [ 52510.1694 TARGET ]
790:(25,2,3,0,49,50,1) [ 52510.2538 TARGET ]
791:(24,2,4,1,48,49,1) [ 51460.123400000004 ]
792:(25,2,4,1,48,49,1) [ 51460.207800000004 ]
793:(26,2,3,2,47,48,1) [ 50410.2042 ]
794:(27,2,3,2,47,48,1) [ 50410.2886 ]
795:(26,2,4,3,46,47,1) [ 49360.180199999995 ]
796:(27,2,4,3,46,47,1) [ 49360.264599999995 ]
797:(26,2,3,4,45,46,1) [ 48310.0702 ]
798:(27,2,3,4,45,46,1) [ 48310.1546 ]
799:(26,2,4,5,44,45,1) [ 47260.0682 ]
800:(27,2,4,5,44,45,1) [ 47260.1526 ]
801:(25,2,4,5,44,45,1) [ 47259.9838 ]
802:(26,2,3,5,45,45,0) [ 10.103200000000001 ]
803:(27,2,3,5,45,45,0) [ 10.1876 ]
804:(26,2,3,6,44,44,0) [ 10.036200000000001 ]
805:(27,2,3,6,44,44,0) [ 10.1206 ]
806:(27,2,3,6,43,44,1) [ 46210.0206 ]
807:(28,2,3,6,43,44,1) [ 46210.105 ]
808:(28,2,3,7,42,43,1) [ 45160.038 ]
809:(29,2,3,7,42,43,1) [ 45160.1224 ]
810:(28,2,3,8,41,42,1) [ 44109.971 ]
811:(29,2,3,8,41,42,1) [ 44110.0554 ]
812:(28,2,4,9,40,41,1) [ 43060.013 ]
813:(29,2,4,9,40,41,1) [ 43060.0974 ]
814:(28,2,5,10,39,40,1) [ 42010.077000000005 ]
815:(29,2,5,10,39,40,1) [ 42010.161400000005 ]
816:(29,2,5,11,38,39,1) [ 40960.116400000006 ]
817:(30,2,5,11,38,39,1) [ 40960.200800000006 ]
818:(30,2,5,12,37,38,1) [ 39910.1558 ]
819:(31,2,5,12,37,38,1) [ 39910.2402 ]
820:(30,2,6,13,36,37,1) [ 38860.2638 ]
821:(31,2,6,13,36,37,1) [ 38860.3482 ]
822:(30,2,7,14,35,36,1) [ 37810.3938 ]
823:(31,2,7,14,35,36,1) [ 37810.4782 ]
824:(30,2,8,15,34,35,1) [ 36760.5458 ]
825:(31,2,8,15,34,35,1) [ 36760.6302 ]
826:(31,2,7,16,33,34,1) [ 35710.4322 ]
827:(32,2,7,16,33,34,1) [ 35710.5166 ]
828:(32,2,5,17,32,33,1) [ 34660.099599999994 ]
829:(33,2,5,17,32,33,1) [ 34660.183999999994 ]
830:(33,2,3,18,31,32,1) [ 33609.723 ]
831:(34,2,3,18,31,32,1) [ 33609.8074 ]
832:(33,2,4,19,30,31,1) [ 32559.875 ]
833:(34,2,4,19,30,31,1) [ 32559.9594 ]
834:(34,2,3,20,29,30,1) [ 31509.6734 ]
835:(35,2,3,20,29,30,1) [ 31509.757800000003 ]
836:(35,2,3,21,28,29,1) [ 30459.6908 ]
837:(36,2,3,21,28,29,1) [ 30459.7752 ]
838:(35,2,4,22,27,28,1) [ 29409.8758 ]
839:(36,2,4,22,27,28,1) [ 29409.9602 ]
840:(35,2,5,23,26,27,1) [ 28360.0828 ]
841:(36,2,5,23,26,27,1) [ 28360.1672 ]
842:(35,2,6,24,25,26,1) [ 27310.3118 ]
843:(36,2,6,24,25,26,1) [ 27310.3962 ]
844:(36,2,6,25,24,25,1) [ 26260.362200000003 ]
845:(37,2,6,25,24,25,1) [ 26260.446600000003 ]
846:(36,2,7,26,23,24,1) [ 25210.6242 ]
847:(37,2,7,26,23,24,1) [ 25210.708599999998 ]
848:(36,2,8,27,22,23,1) [ 24160.9082 ]
849:(37,2,8,27,22,23,1) [ 24160.9926 ]
850:(36,2,9,28,21,22,1) [ 23111.2142 ]
851:(37,2,9,28,21,22,1) [ 23111.2986 ]
852:(37,2,9,29,20,21,1) [ 22061.2976 ]
853:(38,2,9,29,20,21,1) [ 22061.382 ]
854:(38,2,8,29,21,21,0) [ 11.153 ]
855:(39,2,8,29,21,21,0) [ 11.2374 ]
856:(37,2,8,29,21,21,0) [ 11.0686 ]
857:(37,2,8,30,20,20,0) [ 11.0566 ]
858:(38,2,8,30,20,20,0) [ 11.141 ]
859:(37,2,8,31,19,19,0) [ 11.0446 ]
860:(38,2,8,31,19,19,0) [ 11.129 ]
861:(37,2,8,32,18,18,0) [ 11.032600000000002 ]
862:(38,2,8,32,18,18,0) [ 11.117 ]
863:(37,2,8,33,17,17,0) [ 11.020599999999998 ]
864:(38,2,8,33,17,17,0) [ 11.105 ]
865:(38,2,6,34,16,16,0) [ 10.325000000000001 ]
866:(39,2,6,34,16,16,0) [ 10.4094 ]
867:(39,2,6,35,15,15,0) [ 10.375399999999999 ]
868:(40,2,6,35,15,15,0) [ 10.459800000000001 ]
869:(39,2,6,36,14,14,0) [ 10.341400000000002 ]
870:(40,2,6,36,14,14,0) [ 10.4258 ]
871:(39,2,7,37,13,13,0) [ 10.7244 ]
872:(40,2,7,37,13,13,0) [ 10.808800000000002 ]
873:(40,2,7,38,12,12,0) [ 10.785799999999998 ]
874:(41,2,7,38,12,12,0) [ 10.8702 ]
875:(40,2,8,39,11,11,0) [ 11.2018 ]
876:(41,2,8,39,11,11,0) [ 11.2862 ]
877:(40,2,9,40,10,10,0) [ 11.639800000000001 ]
878:(41,2,9,40,10,10,0) [ 11.7242 ]
879:(40,2,10,41,9,9,0) [ 12.0998 ]
880:(41,2,10,41,9,9,0) [ 12.184200000000002 ]
881:(41,2,8,42,8,8,0) [ 11.2502 ]
882:(42,2,8,42,8,8,0) [ 11.334600000000002 ]
883:(43,2,6,43,7,7,0) [ 10.440999999999999 ]
884:(44,2,6,43,7,7,0) [ 10.5254 ]
885:(45,2,3,44,6,6,0) [ 9.0938 ]
886:(46,2,3,44,6,6,0) [ 9.178199999999999 ]
887:(46,2,3,45,5,5,0) [ 9.1112 ]
888:(47,2,3,45,5,5,0) [ 9.1956 ]
889:(46,2,3,46,4,4,0) [ 9.044200000000002 ]
890:(47,2,3,46,4,4,0) [ 9.1286 ]
891:(46,2,4,47,3,3,0) [ 9.5042 ]
892:(47,2,4,47,3,3,0) [ 9.5886 ]
893:(46,2,5,48,2,2,0) [ 9.9862 ]
894:(47,2,5,48,2,2,0) [ 10.070599999999999 ]
895:(46,2,6,49,1,1,0) [ 10.4902 ]
896:(47,2,6,49,1,1,0) [ 10.5746 ]
897:(46,2,7,50,0,0,0) [ 11.016200000000001 ]
898:(47,2,7,50,0,0,0) [ 11.1006 ]
899:(49,2,3,49,0,1,1) [ 1058.9964 ]
900:(50,2,3,49,0,1,1) [ 1059.0808 ]
901:(49,2,3,49,1,1,0) [ 9.096400000000001 ]
902:(50,2,3,49,1,1,0) [ 9.1808 ]
903:(48,2,3,49,1,1,0) [ 9.011999999999999 ]
904:(26,2,3,0,49,50,1) [ 52510.3382 TARGET ]
905:(26,2,4,1,48,49,1) [ 51460.2922 ]
906:(28,2,3,1,48,49,1) [ 51460.44 ]
907:(28,2,3,2,47,48,1) [ 50410.373 ]
908:(28,2,4,3,46,47,1) [ 49360.349 ]
909:(28,2,3,4,45,46,1) [ 48310.239 ]
910:(28,2,4,5,44,45,1) [ 47260.237 ]
911:(28,2,3,5,45,45,0) [ 10.272 ]
912:(28,2,3,6,44,44,0) [ 10.205 ]
913:(29,2,3,6,43,44,1) [ 46210.1894 ]
914:(30,2,3,7,42,43,1) [ 45160.2068 ]
915:(30,2,3,8,41,42,1) [ 44110.1398 ]
916:(30,2,4,9,40,41,1) [ 43060.1818 ]
917:(30,2,5,10,39,40,1) [ 42010.245800000004 ]
918:(31,2,5,11,38,39,1) [ 40960.285200000006 ]
919:(32,2,5,12,37,38,1) [ 39910.3246 ]
920:(32,2,6,13,36,37,1) [ 38860.4326 ]
921:(32,2,7,14,35,36,1) [ 37810.5626 ]
922:(32,2,8,15,34,35,1) [ 36760.7146 ]
923:(33,2,7,16,33,34,1) [ 35710.601 ]
924:(34,2,5,17,32,33,1) [ 34660.26839999999 ]
925:(35,2,3,18,31,32,1) [ 33609.8918 ]
926:(35,2,4,19,30,31,1) [ 32560.0438 ]
927:(36,2,3,20,29,30,1) [ 31509.842200000003 ]
928:(37,2,3,21,28,29,1) [ 30459.8596 ]
929:(37,2,4,22,27,28,1) [ 29410.0446 ]
930:(37,2,5,23,26,27,1) [ 28360.2516 ]
931:(37,2,6,24,25,26,1) [ 27310.4806 ]
932:(38,2,6,25,24,25,1) [ 26260.531000000003 ]
933:(38,2,7,26,23,24,1) [ 25210.792999999998 ]
934:(38,2,8,27,22,23,1) [ 24161.077 ]
935:(38,2,9,28,21,22,1) [ 23111.382999999998 ]
936:(39,2,9,29,20,21,1) [ 22061.4664 ]
937:(40,2,8,29,21,21,0) [ 11.321800000000001 ]
938:(39,2,8,30,20,20,0) [ 11.2254 ]
939:(39,2,8,31,19,19,0) [ 11.213400000000002 ]
940:(39,2,8,32,18,18,0) [ 11.2014 ]
941:(39,2,8,33,17,17,0) [ 11.1894 ]
942:(40,2,6,34,16,16,0) [ 10.4938 ]
943:(41,2,6,35,15,15,0) [ 10.5442 ]
944:(41,2,6,36,14,14,0) [ 10.510200000000001 ]
945:(41,2,7,37,13,13,0) [ 10.8932 ]
946:(42,2,7,38,12,12,0) [ 10.9546 ]
947:(42,2,8,39,11,11,0) [ 11.3706 ]
948:(42,2,9,40,10,10,0) [ 11.808599999999998 ]
949:(42,2,10,41,9,9,0) [ 12.268600000000001 ]
950:(43,2,8,42,8,8,0) [ 11.419 ]
951:(45,2,6,43,7,7,0) [ 10.6098 ]
952:(47,2,3,44,6,6,0) [ 9.2626 ]
953:(48,2,3,45,5,5,0) [ 9.280000000000001 ]
954:(48,2,3,46,4,4,0) [ 9.213 ]
955:(48,2,4,47,3,3,0) [ 9.673000000000002 ]
956:(48,2,5,48,2,2,0) [ 10.154999999999998 ]
957:(48,2,6,49,1,1,0) [ 10.658999999999999 ]
958:(48,2,7,50,0,0,0) [ 11.184999999999999 ]
959:(51,2,3,49,0,1,1) [ 1059.1652 ]
960:(51,2,3,49,1,1,0) [ 9.265200000000002 ]
961:(23,2,1,0,49,50,1) [ 52510.065 TARGET ]
962:(23,2,2,0,49,50,1) [ 52510.075000000004 TARGET ]
963:(23,2,2,1,48,49,1) [ 51459.997 ]
964:(23,2,3,1,48,49,1) [ 51460.018000000004 ]
965:(24,2,1,1,48,49,1) [ 51460.0604 ]
966:(25,2,0,1,48,49,1) [ 51460.1238 ]
967:(25,2,1,2,47,48,1) [ 50410.055799999995 ]
968:(25,2,2,2,47,48,1) [ 50410.087799999994 ]
969:(25,2,2,3,46,47,1) [ 49360.0098 ]
970:(25,2,3,3,46,47,1) [ 49360.0528 ]
971:(25,2,1,3,46,47,1) [ 49359.9668 ]
972:(25,2,0,3,46,47,1) [ 49359.9238 ]
973:(25,2,1,4,45,46,1) [ 48309.8778 ]
974:(25,2,2,4,45,46,1) [ 48309.9318 ]
975:(25,2,1,5,44,45,1) [ 47259.7888 ]
976:(24,2,2,5,44,45,1) [ 47259.769400000005 ]
977:(24,2,3,5,44,45,1) [ 47259.8344 ]
978:(25,2,1,5,45,45,0) [ 9.8888 ]
979:(25,2,2,5,45,45,0) [ 9.9538 ]
980:(25,2,0,5,45,45,0) [ 9.8238 ]
981:(25,2,1,6,44,44,0) [ 9.7998 ]
982:(25,2,2,6,44,44,0) [ 9.8758 ]
983:(26,2,0,6,44,44,0) [ 9.808200000000001 ]
984:(26,2,0,5,44,45,1) [ 47259.8082 ]
985:(26,2,1,6,43,44,1) [ 46209.7842 ]
986:(26,2,2,6,43,44,1) [ 46209.8602 ]
987:(27,2,0,6,43,44,1) [ 46209.7926 ]
988:(27,2,1,7,42,43,1) [ 45159.779599999994 ]
989:(27,2,2,7,42,43,1) [ 45159.866599999994 ]
990:(27,2,0,7,42,43,1) [ 45159.692599999995 ]
991:(27,2,1,8,41,42,1) [ 44109.6906 ]
992:(27,2,2,8,41,42,1) [ 44109.7886 ]
993:(27,2,2,9,40,41,1) [ 43059.7106 ]
994:(27,2,3,9,40,41,1) [ 43059.8196 ]
995:(27,2,3,10,39,40,1) [ 42009.7526 ]
996:(27,2,4,10,39,40,1) [ 42009.8726 ]
997:(28,2,2,10,39,40,1) [ 42009.717000000004 ]
998:(28,2,3,11,38,39,1) [ 40959.770000000004 ]
999:(28,2,4,11,38,39,1) [ 40959.901000000005 ]
1000:(29,2,2,11,38,39,1) [ 40959.7234 ]
1001:(29,2,3,12,37,38,1) [ 39909.787399999994 ]
1002:(29,2,4,12,37,38,1) [ 39909.92939999999 ]
1003:(29,2,4,13,36,37,1) [ 38859.8734 ]
1004:(29,2,5,13,36,37,1) [ 38860.026399999995 ]
1005:(29,2,5,14,35,36,1) [ 37809.9814 ]
1006:(29,2,6,14,35,36,1) [ 37810.1454 ]
1007:(29,2,6,15,34,35,1) [ 36760.1114 ]
1008:(29,2,7,15,34,35,1) [ 36760.286400000005 ]
1009:(30,2,5,15,34,35,1) [ 36760.0208 ]
1010:(30,2,4,15,34,35,1) [ 36759.8458 ]
1011:(30,2,5,16,33,34,1) [ 35709.9758 ]
1012:(30,2,6,16,33,34,1) [ 35710.1618 ]
1013:(30,2,4,16,33,34,1) [ 35709.789800000006 ]
1014:(31,2,3,16,33,34,1) [ 35709.688200000004 ]
1015:(31,2,2,16,33,34,1) [ 35709.5022 ]
1016:(31,2,3,17,32,33,1) [ 34659.621199999994 ]
1017:(31,2,4,17,32,33,1) [ 34659.818199999994 ]
1018:(32,2,2,17,32,33,1) [ 34659.508599999994 ]
1019:(32,2,1,17,32,33,1) [ 34659.31159999999 ]
1020:(32,2,0,17,32,33,1) [ 34659.11459999999 ]
1021:(32,2,1,18,31,32,1) [ 33609.2226 ]
1022:(32,2,2,18,31,32,1) [ 33609.4306 ]
1023:(32,2,2,19,30,31,1) [ 32559.3526 ]
1024:(32,2,3,19,30,31,1) [ 32559.5716 ]
1025:(33,2,1,19,30,31,1) [ 32559.218 ]
1026:(33,2,0,19,30,31,1) [ 32558.999 ]
1027:(33,2,1,20,29,30,1) [ 31509.129 ]
1028:(33,2,2,20,29,30,1) [ 31509.359 ]
1029:(33,2,0,20,29,30,1) [ 31508.899 ]
1030:(34,2,1,21,28,29,1) [ 30459.1244 ]
1031:(34,2,2,21,28,29,1) [ 30459.3654 ]
1032:(34,2,2,22,27,28,1) [ 29409.2874 ]
1033:(34,2,3,22,27,28,1) [ 29409.5394 ]
1034:(34,2,3,23,26,27,1) [ 28359.4724 ]
1035:(34,2,4,23,26,27,1) [ 28359.735399999998 ]
1036:(34,2,4,24,25,26,1) [ 27309.6794 ]
1037:(34,2,5,24,25,26,1) [ 27309.9534 ]
1038:(35,2,3,24,25,26,1) [ 27309.4898 ]
1039:(35,2,4,25,24,25,1) [ 26259.7078 ]
1040:(35,2,5,25,24,25,1) [ 26259.9928 ]
1041:(35,2,5,26,23,24,1) [ 25209.947799999998 ]
1042:(35,2,6,26,23,24,1) [ 25210.2438 ]
1043:(35,2,6,27,22,23,1) [ 24160.2098 ]
1044:(35,2,7,27,22,23,1) [ 24160.5168 ]
1045:(35,2,7,28,21,22,1) [ 23110.4938 ]
1046:(35,2,8,28,21,22,1) [ 23110.8118 ]
1047:(36,2,6,28,21,22,1) [ 23110.260199999997 ]
1048:(36,2,7,29,20,21,1) [ 22060.5552 ]
1049:(36,2,8,29,20,21,1) [ 22060.8842 ]
1050:(37,2,6,29,20,21,1) [ 22060.3106 ]
1051:(36,2,6,29,21,21,0) [ 10.3262 ]
1052:(36,2,7,29,21,21,0) [ 10.655199999999999 ]
1053:(36,2,5,29,21,21,0) [ 9.9972 ]
1054:(36,2,6,30,20,20,0) [ 10.292200000000001 ]
1055:(36,2,7,30,20,20,0) [ 10.632200000000001 ]
1056:(36,2,5,30,20,20,0) [ 9.952200000000001 ]
1057:(36,2,6,31,19,19,0) [ 10.2582 ]
1058:(36,2,7,31,19,19,0) [ 10.6092 ]
1059:(36,2,5,31,19,19,0) [ 9.907200000000001 ]
1060:(36,2,6,32,18,18,0) [ 10.2242 ]
1061:(36,2,7,32,18,18,0) [ 10.586200000000002 ]
1062:(36,2,5,32,18,18,0) [ 9.862200000000001 ]
1063:(36,2,6,33,17,17,0) [ 10.1902 ]
1064:(36,2,7,33,17,17,0) [ 10.563199999999998 ]
1065:(36,2,5,33,17,17,0) [ 9.8172 ]
1066:(37,2,4,33,17,17,0) [ 9.5286 ]
1067:(37,2,3,33,17,17,0) [ 9.1556 ]
1068:(37,2,4,34,16,16,0) [ 9.4726 ]
1069:(37,2,5,34,16,16,0) [ 9.856599999999998 ]
1070:(38,2,3,34,16,16,0) [ 9.173 ]
1071:(38,2,4,35,15,15,0) [ 9.501000000000001 ]
1072:(38,2,5,35,15,15,0) [ 9.896 ]
1073:(38,2,3,35,15,15,0) [ 9.106 ]
1074:(38,2,4,36,14,14,0) [ 9.445 ]
1075:(38,2,5,36,14,14,0) [ 9.851 ]
1076:(38,2,5,37,13,13,0) [ 9.806000000000001 ]
1077:(38,2,6,37,13,13,0) [ 10.223000000000003 ]
1078:(39,2,4,37,13,13,0) [ 9.473400000000002 ]
1079:(39,2,5,38,12,12,0) [ 9.845399999999998 ]
1080:(39,2,6,38,12,12,0) [ 10.273399999999999 ]
1081:(39,2,6,39,11,11,0) [ 10.239400000000002 ]
1082:(39,2,7,39,11,11,0) [ 10.6784 ]
1083:(39,2,7,40,10,10,0) [ 10.6554 ]
1084:(39,2,8,40,10,10,0) [ 11.1054 ]
1085:(39,2,8,41,9,9,0) [ 11.0934 ]
1086:(39,2,9,41,9,9,0) [ 11.5544 ]
1087:(40,2,7,41,9,9,0) [ 10.716800000000001 ]
1088:(40,2,6,41,9,9,0) [ 10.2558 ]
1089:(40,2,5,41,9,9,0) [ 9.7948 ]
1090:(40,2,6,42,8,8,0) [ 10.221800000000002 ]
1091:(40,2,7,42,8,8,0) [ 10.6938 ]
1092:(40,2,5,42,8,8,0) [ 9.7498 ]
1093:(41,2,4,42,8,8,0) [ 9.362200000000001 ]
1094:(42,2,3,42,8,8,0) [ 8.9746 ]
1095:(42,2,4,43,7,7,0) [ 9.3906 ]
1096:(42,2,5,43,7,7,0) [ 9.8736 ]
1097:(43,2,3,43,7,7,0) [ 8.991999999999999 ]
1098:(43,2,2,43,7,7,0) [ 8.509 ]
1099:(43,2,1,43,7,7,0) [ 8.026 ]
1100:(44,2,0,43,7,7,0) [ 7.627400000000001 ]
1101:(44,2,1,44,6,6,0) [ 8.0214 ]
1102:(44,2,2,44,6,6,0) [ 8.5154 ]
1103:(45,2,0,44,6,6,0) [ 7.611800000000001 ]
1104:(45,2,1,45,5,5,0) [ 8.0168 ]
1105:(45,2,2,45,5,5,0) [ 8.521799999999999 ]
1106:(45,2,0,45,5,5,0) [ 7.5118 ]
1107:(45,2,1,46,4,4,0) [ 7.9278 ]
1108:(45,2,2,46,4,4,0) [ 8.443800000000001 ]
1109:(45,2,2,47,3,3,0) [ 8.3658 ]
1110:(45,2,3,47,3,3,0) [ 8.892800000000001 ]
1111:(45,2,3,48,2,2,0) [ 8.8258 ]
1112:(45,2,4,48,2,2,0) [ 9.3638 ]
1113:(45,2,4,49,1,1,0) [ 9.307799999999999 ]
1114:(45,2,5,49,1,1,0) [ 9.856799999999998 ]
1115:(45,2,5,50,0,0,0) [ 9.811799999999998 ]
1116:(45,2,6,50,0,0,0) [ 10.3718 ]
1117:(46,2,3,50,0,0,0) [ 8.7762 ]
1118:(45,2,4,50,0,0,0) [ 9.2518 ]
1119:(48,2,1,49,0,1,1) [ 1057.814 ]
1120:(48,2,2,49,0,1,1) [ 1058.363 ]
1121:(47,2,1,49,1,1,0) [ 7.8296 ]
1122:(47,2,2,49,1,1,0) [ 8.3786 ]
1123:(47,2,0,49,1,1,0) [ 7.2806 ]
1124:(47,2,1,50,0,0,0) [ 7.740600000000001 ]
1125:(47,2,2,50,0,0,0) [ 8.3006 ]
1126:(48,2,0,50,0,0,0) [ 7.265 ]
1127:(22,2,1,0,49,50,1) [ 52509.9806 ]
1128:(22,2,2,0,49,50,1) [ 52509.990600000005 ]
1129:(22,2,2,1,48,49,1) [ 51459.9126 ]
1130:(22,2,3,1,48,49,1) [ 51459.933600000004 ]
1131:(23,2,1,1,48,49,1) [ 51459.976 ]
1132:(24,2,0,1,48,49,1) [ 51460.0394 ]
1133:(24,2,1,2,47,48,1) [ 50409.971399999995 ]
1134:(24,2,2,2,47,48,1) [ 50410.003399999994 ]
1135:(24,2,2,3,46,47,1) [ 49359.9254 ]
1136:(24,2,3,3,46,47,1) [ 49359.9684 ]
1137:(24,2,1,3,46,47,1) [ 49359.882399999995 ]
1138:(24,2,0,3,46,47,1) [ 49359.8394 ]
1139:(24,2,1,4,45,46,1) [ 48309.7934 ]
1140:(24,2,2,4,45,46,1) [ 48309.8474 ]
1141:(24,2,1,5,44,45,1) [ 47259.7044 ]
1142:(23,2,2,5,44,45,1) [ 47259.685000000005 ]
1143:(23,2,3,5,44,45,1) [ 47259.75 ]
1144:(24,2,1,5,45,45,0) [ 9.8044 ]
1145:(24,2,2,5,45,45,0) [ 9.869399999999999 ]
1146:(24,2,0,5,45,45,0) [ 9.7394 ]
1147:(24,2,1,6,44,44,0) [ 9.715399999999999 ]
1148:(24,2,2,6,44,44,0) [ 9.7914 ]
1149:(25,2,0,6,44,44,0) [ 9.7238 ]
1150:(25,2,0,5,44,45,1) [ 47259.7238 ]
1151:(25,2,1,6,43,44,1) [ 46209.6998 ]
1152:(25,2,2,6,43,44,1) [ 46209.7758 ]
1153:(26,2,0,6,43,44,1) [ 46209.7082 ]
1154:(26,2,1,7,42,43,1) [ 45159.695199999995 ]
1155:(26,2,2,7,42,43,1) [ 45159.782199999994 ]
1156:(26,2,0,7,42,43,1) [ 45159.608199999995 ]
1157:(26,2,1,8,41,42,1) [ 44109.6062 ]
1158:(26,2,2,8,41,42,1) [ 44109.7042 ]
1159:(26,2,2,9,40,41,1) [ 43059.6262 ]
1160:(26,2,3,9,40,41,1) [ 43059.7352 ]
1161:(26,2,3,10,39,40,1) [ 42009.6682 ]
1162:(26,2,4,10,39,40,1) [ 42009.7882 ]
1163:(27,2,2,10,39,40,1) [ 42009.632600000004 ]
1164:(27,2,3,11,38,39,1) [ 40959.685600000004 ]
1165:(27,2,4,11,38,39,1) [ 40959.816600000006 ]
1166:(28,2,2,11,38,39,1) [ 40959.639 ]
1167:(28,2,3,12,37,38,1) [ 39909.702999999994 ]
1168:(28,2,4,12,37,38,1) [ 39909.844999999994 ]
1169:(28,2,4,13,36,37,1) [ 38859.789 ]
1170:(28,2,5,13,36,37,1) [ 38859.941999999995 ]
1171:(28,2,5,14,35,36,1) [ 37809.897 ]
1172:(28,2,6,14,35,36,1) [ 37810.061 ]
1173:(28,2,6,15,34,35,1) [ 36760.027 ]
1174:(28,2,7,15,34,35,1) [ 36760.202000000005 ]
1175:(29,2,5,15,34,35,1) [ 36759.9364 ]
1176:(29,2,4,15,34,35,1) [ 36759.7614 ]
1177:(29,2,5,16,33,34,1) [ 35709.8914 ]
1178:(29,2,6,16,33,34,1) [ 35710.0774 ]
1179:(29,2,4,16,33,34,1) [ 35709.705400000006 ]
1180:(30,2,3,16,33,34,1) [ 35709.603800000004 ]
1181:(30,2,2,16,33,34,1) [ 35709.4178 ]
1182:(30,2,3,17,32,33,1) [ 34659.536799999994 ]
1183:(30,2,4,17,32,33,1) [ 34659.733799999995 ]
1184:(31,2,2,17,32,33,1) [ 34659.424199999994 ]
1185:(31,2,1,17,32,33,1) [ 34659.227199999994 ]
1186:(31,2,0,17,32,33,1) [ 34659.030199999994 ]
1187:(31,2,1,18,31,32,1) [ 33609.1382 ]
1188:(31,2,2,18,31,32,1) [ 33609.3462 ]
1189:(31,2,2,19,30,31,1) [ 32559.2682 ]
1190:(31,2,3,19,30,31,1) [ 32559.4872 ]
1191:(32,2,1,19,30,31,1) [ 32559.1336 ]
1192:(32,2,0,19,30,31,1) [ 32558.9146 ]
1193:(32,2,1,20,29,30,1) [ 31509.0446 ]
1194:(32,2,2,20,29,30,1) [ 31509.2746 ]
1195:(32,2,0,20,29,30,1) [ 31508.8146 ]
1196:(33,2,1,21,28,29,1) [ 30459.04 ]
1197:(33,2,2,21,28,29,1) [ 30459.281 ]
1198:(33,2,2,22,27,28,1) [ 29409.203 ]
1199:(33,2,3,22,27,28,1) [ 29409.455 ]
1200:(33,2,3,23,26,27,1) [ 28359.388 ]
1201:(33,2,4,23,26,27,1) [ 28359.650999999998 ]
1202:(33,2,4,24,25,26,1) [ 27309.595 ]
1203:(33,2,5,24,25,26,1) [ 27309.869 ]
1204:(34,2,3,24,25,26,1) [ 27309.4054 ]
1205:(34,2,4,25,24,25,1) [ 26259.6234 ]
1206:(34,2,5,25,24,25,1) [ 26259.9084 ]
1207:(34,2,5,26,23,24,1) [ 25209.8634 ]
1208:(34,2,6,26,23,24,1) [ 25210.1594 ]
1209:(34,2,6,27,22,23,1) [ 24160.1254 ]
1210:(34,2,7,27,22,23,1) [ 24160.4324 ]
1211:(34,2,7,28,21,22,1) [ 23110.409399999997 ]
1212:(34,2,8,28,21,22,1) [ 23110.7274 ]
1213:(35,2,6,28,21,22,1) [ 23110.175799999997 ]
1214:(35,2,7,29,20,21,1) [ 22060.4708 ]
1215:(35,2,8,29,20,21,1) [ 22060.7998 ]
1216:(36,2,6,29,20,21,1) [ 22060.2262 ]
1217:(35,2,6,29,21,21,0) [ 10.2418 ]
1218:(35,2,7,29,21,21,0) [ 10.5708 ]
1219:(35,2,5,29,21,21,0) [ 9.9128 ]
1220:(35,2,6,30,20,20,0) [ 10.207799999999999 ]
1221:(35,2,7,30,20,20,0) [ 10.547799999999999 ]
1222:(35,2,5,30,20,20,0) [ 9.867799999999999 ]
1223:(35,2,6,31,19,19,0) [ 10.173800000000002 ]
1224:(35,2,7,31,19,19,0) [ 10.5248 ]
1225:(35,2,5,31,19,19,0) [ 9.822799999999999 ]
1226:(35,2,6,32,18,18,0) [ 10.139800000000001 ]
1227:(35,2,7,32,18,18,0) [ 10.5018 ]
1228:(35,2,5,32,18,18,0) [ 9.7778 ]
1229:(35,2,6,33,17,17,0) [ 10.105799999999999 ]
1230:(35,2,7,33,17,17,0) [ 10.4788 ]
1231:(35,2,5,33,17,17,0) [ 9.732800000000001 ]
1232:(36,2,4,33,17,17,0) [ 9.4442 ]
1233:(36,2,3,33,17,17,0) [ 9.071200000000001 ]
1234:(36,2,4,34,16,16,0) [ 9.388200000000001 ]
1235:(36,2,5,34,16,16,0) [ 9.7722 ]
1236:(37,2,3,34,16,16,0) [ 9.0886 ]
1237:(37,2,4,35,15,15,0) [ 9.416599999999999 ]
1238:(37,2,5,35,15,15,0) [ 9.811599999999999 ]
1239:(37,2,3,35,15,15,0) [ 9.0216 ]
1240:(37,2,4,36,14,14,0) [ 9.3606 ]
1241:(37,2,5,36,14,14,0) [ 9.7666 ]
1242:(37,2,5,37,13,13,0) [ 9.7216 ]
1243:(37,2,6,37,13,13,0) [ 10.1386 ]
1244:(38,2,4,37,13,13,0) [ 9.389000000000001 ]
1245:(38,2,5,38,12,12,0) [ 9.761 ]
1246:(38,2,6,38,12,12,0) [ 10.189 ]
1247:(38,2,6,39,11,11,0) [ 10.155 ]
1248:(38,2,7,39,11,11,0) [ 10.594 ]
1249:(38,2,7,40,10,10,0) [ 10.571000000000002 ]
1250:(38,2,8,40,10,10,0) [ 11.021 ]
1251:(38,2,8,41,9,9,0) [ 11.009 ]
1252:(38,2,9,41,9,9,0) [ 11.47 ]
1253:(39,2,7,41,9,9,0) [ 10.6324 ]
1254:(39,2,6,41,9,9,0) [ 10.1714 ]
1255:(39,2,5,41,9,9,0) [ 9.710400000000002 ]
1256:(39,2,6,42,8,8,0) [ 10.137400000000001 ]
1257:(39,2,7,42,8,8,0) [ 10.6094 ]
1258:(39,2,5,42,8,8,0) [ 9.665400000000002 ]
1259:(40,2,4,42,8,8,0) [ 9.277800000000001 ]
1260:(41,2,3,42,8,8,0) [ 8.8902 ]
1261:(41,2,4,43,7,7,0) [ 9.3062 ]
1262:(41,2,5,43,7,7,0) [ 9.7892 ]
1263:(42,2,3,43,7,7,0) [ 8.907599999999999 ]
1264:(42,2,2,43,7,7,0) [ 8.4246 ]
1265:(42,2,1,43,7,7,0) [ 7.9416 ]
1266:(43,2,0,43,7,7,0) [ 7.543 ]
1267:(43,2,1,44,6,6,0) [ 7.936999999999999 ]
1268:(43,2,2,44,6,6,0) [ 8.431000000000001 ]
1269:(44,2,0,44,6,6,0) [ 7.5274 ]
1270:(44,2,1,45,5,5,0) [ 7.9323999999999995 ]
1271:(44,2,2,45,5,5,0) [ 8.4374 ]
1272:(44,2,0,45,5,5,0) [ 7.4274000000000004 ]
1273:(44,2,1,46,4,4,0) [ 7.8434 ]
1274:(44,2,2,46,4,4,0) [ 8.359399999999999 ]
1275:(44,2,2,47,3,3,0) [ 8.2814 ]
1276:(44,2,3,47,3,3,0) [ 8.8084 ]
1277:(44,2,3,48,2,2,0) [ 8.741399999999999 ]
1278:(44,2,4,48,2,2,0) [ 9.279399999999999 ]
1279:(44,2,4,49,1,1,0) [ 9.2234 ]
1280:(44,2,5,49,1,1,0) [ 9.7724 ]
1281:(44,2,5,50,0,0,0) [ 9.7274 ]
1282:(44,2,6,50,0,0,0) [ 10.287400000000002 ]
1283:(45,2,3,50,0,0,0) [ 8.6918 ]
1284:(44,2,4,50,0,0,0) [ 9.1674 ]
1285:(47,2,1,49,0,1,1) [ 1057.7296 ]
1286:(47,2,2,49,0,1,1) [ 1058.2786 ]
1287:(46,2,1,49,1,1,0) [ 7.7452 ]
1288:(46,2,2,49,1,1,0) [ 8.2942 ]
1289:(46,2,0,49,1,1,0) [ 7.1962 ]
1290:(46,2,1,50,0,0,0) [ 7.6562 ]
1291:(46,2,2,50,0,0,0) [ 8.2162 ]
1292:(47,2,0,50,0,0,0) [ 7.1806 ]
1293:(22,2,3,0,49,50,1) [ 52510.0006 TARGET ]
1294:(23,2,3,0,49,50,1) [ 52510.085 TARGET ]
1295:(22,2,4,1,48,49,1) [ 51459.954600000005 ]
1296:(23,2,4,1,48,49,1) [ 51460.039000000004 ]
1297:(24,2,3,2,47,48,1) [ 50410.0354 ]
1298:(25,2,3,2,47,48,1) [ 50410.1198 ]
1299:(24,2,4,3,46,47,1) [ 49360.011399999996 ]
1300:(25,2,4,3,46,47,1) [ 49360.095799999996 ]
1301:(24,2,3,4,45,46,1) [ 48309.9014 ]
1302:(25,2,3,4,45,46,1) [ 48309.9858 ]
1303:(24,2,4,5,44,45,1) [ 47259.8994 ]
1304:(23,2,4,5,44,45,1) [ 47259.815 ]
1305:(24,2,3,5,45,45,0) [ 9.9344 ]
1306:(25,2,3,5,45,45,0) [ 10.018799999999999 ]
1307:(24,2,3,6,44,44,0) [ 9.8674 ]
1308:(25,2,3,6,44,44,0) [ 9.9518 ]
1309:(25,2,3,6,43,44,1) [ 46209.851800000004 ]
1310:(26,2,3,6,43,44,1) [ 46209.936200000004 ]
1311:(26,2,3,7,42,43,1) [ 45159.869199999994 ]
1312:(27,2,3,7,42,43,1) [ 45159.95359999999 ]
1313:(26,2,3,8,41,42,1) [ 44109.8022 ]
1314:(27,2,3,8,41,42,1) [ 44109.8866 ]
1315:(26,2,4,9,40,41,1) [ 43059.8442 ]
1316:(27,2,4,9,40,41,1) [ 43059.9286 ]
1317:(26,2,5,10,39,40,1) [ 42009.9082 ]
1318:(27,2,5,10,39,40,1) [ 42009.992600000005 ]
1319:(27,2,5,11,38,39,1) [ 40959.9476 ]
1320:(28,2,5,11,38,39,1) [ 40960.03200000001 ]
1321:(28,2,5,12,37,38,1) [ 39909.986999999994 ]
1322:(29,2,5,12,37,38,1) [ 39910.0714 ]
1323:(28,2,6,13,36,37,1) [ 38860.095 ]
1324:(29,2,6,13,36,37,1) [ 38860.1794 ]
1325:(28,2,7,14,35,36,1) [ 37810.225 ]
1326:(29,2,7,14,35,36,1) [ 37810.3094 ]
1327:(28,2,8,15,34,35,1) [ 36760.377 ]
1328:(29,2,8,15,34,35,1) [ 36760.4614 ]
1329:(29,2,7,16,33,34,1) [ 35710.2634 ]
1330:(30,2,7,16,33,34,1) [ 35710.3478 ]
1331:(30,2,5,17,32,33,1) [ 34659.930799999995 ]
1332:(31,2,5,17,32,33,1) [ 34660.015199999994 ]
1333:(31,2,3,18,31,32,1) [ 33609.5542 ]
1334:(32,2,3,18,31,32,1) [ 33609.6386 ]
1335:(31,2,4,19,30,31,1) [ 32559.7062 ]
1336:(32,2,4,19,30,31,1) [ 32559.7906 ]
1337:(32,2,3,20,29,30,1) [ 31509.5046 ]
1338:(33,2,3,20,29,30,1) [ 31509.589 ]
1339:(33,2,3,21,28,29,1) [ 30459.522 ]
1340:(34,2,3,21,28,29,1) [ 30459.6064 ]
1341:(33,2,4,22,27,28,1) [ 29409.707000000002 ]
1342:(34,2,4,22,27,28,1) [ 29409.791400000002 ]
1343:(33,2,5,23,26,27,1) [ 28359.913999999997 ]
1344:(34,2,5,23,26,27,1) [ 28359.998399999997 ]
1345:(33,2,6,24,25,26,1) [ 27310.143 ]
1346:(34,2,6,24,25,26,1) [ 27310.2274 ]
1347:(34,2,6,25,24,25,1) [ 26260.1934 ]
1348:(35,2,6,25,24,25,1) [ 26260.2778 ]
1349:(34,2,7,26,23,24,1) [ 25210.4554 ]
1350:(35,2,7,26,23,24,1) [ 25210.5398 ]
1351:(34,2,8,27,22,23,1) [ 24160.739400000002 ]
1352:(35,2,8,27,22,23,1) [ 24160.823800000002 ]
1353:(34,2,9,28,21,22,1) [ 23111.0454 ]
1354:(35,2,9,28,21,22,1) [ 23111.1298 ]
1355:(35,2,9,29,20,21,1) [ 22061.1288 ]
1356:(36,2,9,29,20,21,1) [ 22061.2132 ]
1357:(36,2,8,29,21,21,0) [ 10.9842 ]
1358:(35,2,8,29,21,21,0) [ 10.8998 ]
1359:(35,2,8,30,20,20,0) [ 10.887799999999999 ]
1360:(36,2,8,30,20,20,0) [ 10.9722 ]
1361:(35,2,8,31,19,19,0) [ 10.8758 ]
1362:(36,2,8,31,19,19,0) [ 10.9602 ]
1363:(35,2,8,32,18,18,0) [ 10.863800000000001 ]
1364:(36,2,8,32,18,18,0) [ 10.9482 ]
1365:(35,2,8,33,17,17,0) [ 10.8518 ]
1366:(36,2,8,33,17,17,0) [ 10.9362 ]
1367:(36,2,6,34,16,16,0) [ 10.1562 ]
1368:(37,2,6,34,16,16,0) [ 10.240599999999999 ]
1369:(37,2,6,35,15,15,0) [ 10.206600000000002 ]
1370:(38,2,6,35,15,15,0) [ 10.291 ]
1371:(37,2,6,36,14,14,0) [ 10.172600000000001 ]
1372:(38,2,6,36,14,14,0) [ 10.257 ]
1373:(37,2,7,37,13,13,0) [ 10.555600000000002 ]
1374:(38,2,7,37,13,13,0) [ 10.64 ]
1375:(38,2,7,38,12,12,0) [ 10.617 ]
1376:(39,2,7,38,12,12,0) [ 10.7014 ]
1377:(38,2,8,39,11,11,0) [ 11.033 ]
1378:(39,2,8,39,11,11,0) [ 11.1174 ]
1379:(38,2,9,40,10,10,0) [ 11.471 ]
1380:(39,2,9,40,10,10,0) [ 11.555399999999999 ]
1381:(38,2,10,41,9,9,0) [ 11.931 ]
1382:(39,2,10,41,9,9,0) [ 12.015400000000001 ]
1383:(39,2,8,42,8,8,0) [ 11.081400000000002 ]
1384:(40,2,8,42,8,8,0) [ 11.1658 ]
1385:(41,2,6,43,7,7,0) [ 10.2722 ]
1386:(42,2,6,43,7,7,0) [ 10.3566 ]
1387:(43,2,3,44,6,6,0) [ 8.924999999999999 ]
1388:(44,2,3,44,6,6,0) [ 9.0094 ]
1389:(44,2,3,45,5,5,0) [ 8.9424 ]
1390:(45,2,3,45,5,5,0) [ 9.0268 ]
1391:(44,2,3,46,4,4,0) [ 8.8754 ]
1392:(45,2,3,46,4,4,0) [ 8.9598 ]
1393:(44,2,4,47,3,3,0) [ 9.3354 ]
1394:(45,2,4,47,3,3,0) [ 9.419800000000002 ]
1395:(44,2,5,48,2,2,0) [ 9.8174 ]
1396:(45,2,5,48,2,2,0) [ 9.901799999999998 ]
1397:(44,2,6,49,1,1,0) [ 10.321399999999999 ]
1398:(45,2,6,49,1,1,0) [ 10.405800000000001 ]
1399:(44,2,7,50,0,0,0) [ 10.8474 ]
1400:(45,2,7,50,0,0,0) [ 10.931799999999999 ]
1401:(47,2,3,49,0,1,1) [ 1058.8276 ]
1402:(48,2,3,49,0,1,1) [ 1058.912 ]
1403:(47,2,3,49,1,1,0) [ 8.9276 ]
1404:(46,2,3,49,1,1,0) [ 8.843200000000001 ]
1405:(48,2,4,49,0,1,1) [ 1059.461 ]
1406:(48,2,3,48,1,2,1) [ 2108.979 ]
1407:(48,2,2,47,2,3,1) [ 3158.519 ]
1408:(48,2,3,47,2,3,1) [ 3159.046 ]
1409:(48,2,2,46,3,4,1) [ 4208.597 ]
1410:(48,2,3,46,3,4,1) [ 4209.113 ]
1411:(47,2,4,46,3,4,1) [ 4209.5446 ]
1412:(47,2,5,46,3,4,1) [ 4210.0606 ]
1413:(47,2,4,45,4,5,1) [ 5259.6006 ]
1414:(47,2,5,45,4,5,1) [ 5260.1056 ]
1415:(46,2,6,45,4,5,1) [ 5260.526199999999 ]
1416:(46,2,5,44,5,6,1) [ 6310.0662 ]
1417:(45,2,6,44,5,6,1) [ 6310.4758 ]
1418:(45,2,7,44,5,6,1) [ 6310.9698 ]
1419:(45,2,6,43,6,7,1) [ 7360.509800000001 ]
1420:(45,2,5,42,7,8,1) [ 8410.071800000002 ]
1421:(45,2,6,42,7,8,1) [ 8410.543800000001 ]
1422:(45,2,4,40,10,10,0) [ 9.8118 ]
1423:(45,2,3,39,11,11,0) [ 9.4288 ]
1424:(45,2,4,39,11,11,0) [ 9.8678 ]
1425:(44,2,5,39,11,11,0) [ 10.222399999999999 ]
1426:(43,2,7,38,12,12,0) [ 11.038999999999998 ]
1427:(43,2,8,38,12,12,0) [ 11.466999999999999 ]
1428:(43,2,8,38,11,12,1) [ 12611.367 ]
1429:(43,2,7,37,12,13,1) [ 13660.962000000001 ]
1430:(43,2,8,37,12,13,1) [ 13661.379 ]
1431:(43,2,7,36,13,14,1) [ 14710.984999999999 ]
1432:(42,2,8,36,13,14,1) [ 14711.3066 ]
1433:(41,2,9,36,13,14,1) [ 14711.6282 ]
1434:(41,2,10,36,13,14,1) [ 14712.0342 ]
1435:(40,2,11,36,13,14,1) [ 14712.3558 ]
1436:(40,2,12,36,13,14,1) [ 14712.761799999998 ]
1437:(40,2,11,35,14,15,1) [ 15762.3348 ]
1438:(40,2,10,34,15,16,1) [ 16811.9298 ]
1439:(41,2,10,34,15,16,1) [ 16812.0142 ]
1440:(40,2,11,34,15,16,1) [ 16812.3138 ]
1441:(40,2,12,34,15,16,1) [ 16812.6978 ]
1442:(40,2,11,33,16,17,1) [ 17862.2928 ]
1443:(39,2,11,33,16,17,1) [ 17862.2084 ]
1444:(38,2,12,33,16,17,1) [ 17862.497 ]
1445:(38,2,11,32,17,18,1) [ 18912.103 ]
1446:(39,2,10,32,17,18,1) [ 18911.8254 ]
1447:(38,2,12,32,17,18,1) [ 18912.465 ]
1448:(38,2,11,31,18,19,1) [ 19962.082 ]
1449:(38,2,12,31,18,19,1) [ 19962.433 ]
1450:(38,2,11,30,19,20,1) [ 21012.061 ]
1451:(38,2,10,29,20,21,1) [ 22061.711 ]
1452:(38,2,11,29,20,21,1) [ 22062.04 ]
1453:(38,2,10,28,21,22,1) [ 23111.700999999997 ]
1454:(38,2,9,27,22,23,1) [ 24161.384000000002 ]
1455:(38,2,10,27,22,23,1) [ 24161.691000000003 ]
1456:(37,2,11,27,22,23,1) [ 24161.9136 ]
1457:(37,2,10,26,23,24,1) [ 25211.5966 ]
1458:(36,2,11,26,23,24,1) [ 25211.8082 ]
1459:(36,2,12,26,23,24,1) [ 25212.104199999998 ]
1460:(36,2,11,25,24,25,1) [ 26261.787200000002 ]
1461:(36,2,10,24,25,26,1) [ 27311.4922 ]
1462:(36,2,9,23,26,27,1) [ 28361.2192 ]
1463:(35,2,10,23,26,27,1) [ 28361.3978 ]
1464:(34,2,11,23,26,27,1) [ 28361.576399999998 ]
1465:(34,2,12,23,26,27,1) [ 28361.839399999997 ]
1466:(34,2,11,22,27,28,1) [ 29411.5554 ]
1467:(33,2,12,22,27,28,1) [ 29411.723 ]
1468:(33,2,11,21,28,29,1) [ 30461.45 ]
1469:(33,2,12,21,28,29,1) [ 30461.691 ]
1470:(32,2,13,21,28,29,1) [ 30461.8476 ]
1471:(32,2,13,22,28,28,0) [ 11.9906 ]
1472:(32,2,12,21,29,29,0) [ 11.7066 ]
1473:(32,2,12,21,28,29,1) [ 30461.6066 ]
1474:(31,2,13,21,28,29,1) [ 30461.763199999998 ]
1475:(31,2,12,20,29,30,1) [ 31511.4902 ]
1476:(31,2,11,19,30,31,1) [ 32561.2392 ]
1477:(31,2,10,18,31,32,1) [ 33611.0102 ]
1478:(31,2,11,18,31,32,1) [ 33611.218199999996 ]
1479:(31,2,10,17,32,33,1) [ 34661.000199999995 ]
1480:(31,2,9,16,33,34,1) [ 35710.804200000006 ]
1481:(31,2,9,15,34,35,1) [ 36760.8052 ]
1482:(31,2,8,14,35,36,1) [ 37810.6422 ]
1483:(31,2,7,13,36,37,1) [ 38860.5012 ]
1484:(31,2,6,12,37,38,1) [ 39910.3822 ]
1485:(31,2,7,12,37,38,1) [ 39910.5242 ]
1486:(31,2,6,11,38,39,1) [ 40960.4162 ]
1487:(31,2,7,11,38,39,1) [ 40960.5472 ]
1488:(30,2,8,11,38,39,1) [ 40960.5938 ]
1489:(30,2,7,10,39,40,1) [ 42010.4858 ]
1490:(29,2,8,10,39,40,1) [ 42010.521400000005 ]
1491:(29,2,9,10,39,40,1) [ 42010.6414 ]
1492:(29,2,8,9,40,41,1) [ 43060.5334 ]
1493:(29,2,9,9,40,41,1) [ 43060.6424 ]
1494:(29,2,8,8,41,42,1) [ 44110.545399999995 ]
1495:(28,2,9,8,41,42,1) [ 44110.559 ]
1496:(28,2,8,7,42,43,1) [ 45160.473 ]
1497:(27,2,8,7,42,43,1) [ 45160.3886 ]
1498:(26,2,9,7,42,43,1) [ 45160.3912 ]
1499:(26,2,8,6,43,44,1) [ 46210.3162 ]
1500:(25,2,9,6,43,44,1) [ 46210.3078 ]
1501:(26,2,9,6,43,44,1) [ 46210.3922 ]
1502:(26,2,8,5,44,45,1) [ 47260.3282 ]
1503:(26,2,7,4,45,46,1) [ 48310.2862 ]
1504:(27,2,6,4,45,46,1) [ 48310.3166 ]
1505:(27,2,7,4,45,46,1) [ 48310.3706 ]
1506:(26,2,8,4,45,46,1) [ 48310.3402 ]
1507:(26,2,9,4,45,46,1) [ 48310.3942 ]
1508:(25,2,10,4,45,46,1) [ 48310.3638 ]
1509:(25,2,11,4,45,46,1) [ 48310.4178 ]
1510:(25,2,10,3,46,47,1) [ 49360.3538 ]
1511:(25,2,9,2,47,48,1) [ 50410.311799999996 ]
1512:(25,2,8,1,48,49,1) [ 51460.291800000006 ]
1513:(26,2,9,2,47,48,1) [ 50410.396199999996 ]
1514:(24,2,9,2,47,48,1) [ 50410.227399999996 ]
1515:(24,2,10,2,47,48,1) [ 50410.259399999995 ]
1516:(25,2,10,2,47,48,1) [ 50410.343799999995 ]
1517:(26,2,10,3,46,47,1) [ 49360.4382 ]
1518:(24,2,10,3,46,47,1) [ 49360.2694 ]
1519:(24,2,11,3,46,47,1) [ 49360.312399999995 ]
1520:(25,2,11,3,46,47,1) [ 49360.396799999995 ]
1521:(26,2,11,4,45,46,1) [ 48310.5022 ]
1522:(24,2,11,4,45,46,1) [ 48310.3334 ]
1523:(24,2,12,4,45,46,1) [ 48310.3874 ]
1524:(25,2,12,4,45,46,1) [ 48310.4718 ]
1525:(26,2,10,4,45,46,1) [ 48310.4482 ]
1526:(24,2,10,4,45,46,1) [ 48310.2794 ]
1527:(27,2,9,4,45,46,1) [ 48310.4786 ]
1528:(25,2,9,4,45,46,1) [ 48310.3098 ]
1529:(27,2,8,4,45,46,1) [ 48310.4246 ]
1530:(25,2,8,4,45,46,1) [ 48310.2558 ]
1531:(28,2,7,4,45,46,1) [ 48310.455 ]
1532:(28,2,6,4,45,46,1) [ 48310.401 ]
1533:(26,2,6,4,45,46,1) [ 48310.2322 ]
1534:(25,2,7,4,45,46,1) [ 48310.2018 ]
1535:(27,2,8,5,44,45,1) [ 47260.4126 ]
1536:(25,2,8,5,44,45,1) [ 47260.243800000004 ]
1537:(25,2,9,5,44,45,1) [ 47260.3088 ]
1538:(26,2,9,5,44,45,1) [ 47260.3932 ]
1539:(27,2,9,6,43,44,1) [ 46210.4766 ]
1540:(25,2,10,6,43,44,1) [ 46210.3838 ]
1541:(26,2,10,6,43,44,1) [ 46210.4682 ]
1542:(24,2,9,6,43,44,1) [ 46210.2234 ]
1543:(24,2,10,6,43,44,1) [ 46210.2994 ]
1544:(27,2,8,6,43,44,1) [ 46210.4006 ]
1545:(25,2,8,6,43,44,1) [ 46210.2318 ]
1546:(27,2,9,7,42,43,1) [ 45160.4756 ]
1547:(25,2,9,7,42,43,1) [ 45160.3068 ]
1548:(25,2,10,7,42,43,1) [ 45160.3938 ]
1549:(26,2,10,7,42,43,1) [ 45160.4782 ]
1550:(26,2,8,7,42,43,1) [ 45160.3042 ]
1551:(29,2,8,7,42,43,1) [ 45160.5574 ]
1552:(28,2,9,7,42,43,1) [ 45160.56 ]
1553:(29,2,9,8,41,42,1) [ 44110.6434 ]
1554:(27,2,9,8,41,42,1) [ 44110.4746 ]
1555:(27,2,10,8,41,42,1) [ 44110.5726 ]
1556:(28,2,10,8,41,42,1) [ 44110.657 ]
1557:(30,2,8,8,41,42,1) [ 44110.629799999995 ]
1558:(28,2,8,8,41,42,1) [ 44110.460999999996 ]
1559:(30,2,9,9,40,41,1) [ 43060.7268 ]
1560:(28,2,9,9,40,41,1) [ 43060.558 ]
1561:(28,2,10,9,40,41,1) [ 43060.667 ]
1562:(29,2,10,9,40,41,1) [ 43060.7514 ]
1563:(30,2,8,9,40,41,1) [ 43060.6178 ]
1564:(28,2,8,9,40,41,1) [ 43060.449 ]
1565:(30,2,9,10,39,40,1) [ 42010.7258 ]
1566:(28,2,9,10,39,40,1) [ 42010.557 ]
1567:(28,2,10,10,39,40,1) [ 42010.677 ]
1568:(29,2,10,10,39,40,1) [ 42010.7614 ]
1569:(30,2,8,10,39,40,1) [ 42010.605800000005 ]
1570:(28,2,8,10,39,40,1) [ 42010.437 ]
1571:(31,2,7,10,39,40,1) [ 42010.5702 ]
1572:(29,2,7,10,39,40,1) [ 42010.4014 ]
1573:(31,2,8,11,38,39,1) [ 40960.6782 ]
1574:(29,2,8,11,38,39,1) [ 40960.5094 ]
1575:(29,2,9,11,38,39,1) [ 40960.640400000004 ]
1576:(30,2,9,11,38,39,1) [ 40960.7248 ]
1577:(32,2,7,11,38,39,1) [ 40960.6316 ]
1578:(30,2,7,11,38,39,1) [ 40960.4628 ]
1579:(32,2,6,11,38,39,1) [ 40960.5006 ]
1580:(30,2,6,11,38,39,1) [ 40960.3318 ]
1581:(32,2,7,12,37,38,1) [ 39910.6086 ]
1582:(30,2,7,12,37,38,1) [ 39910.4398 ]
1583:(30,2,8,12,37,38,1) [ 39910.5818 ]
1584:(31,2,8,12,37,38,1) [ 39910.6662 ]
1585:(32,2,6,12,37,38,1) [ 39910.4666 ]
1586:(30,2,6,12,37,38,1) [ 39910.2978 ]
1587:(32,2,7,13,36,37,1) [ 38860.5856 ]
1588:(30,2,7,13,36,37,1) [ 38860.4168 ]
1589:(30,2,8,13,36,37,1) [ 38860.5698 ]
1590:(31,2,8,13,36,37,1) [ 38860.6542 ]
1591:(32,2,8,14,35,36,1) [ 37810.7266 ]
1592:(30,2,8,14,35,36,1) [ 37810.5578 ]
1593:(30,2,9,14,35,36,1) [ 37810.7218 ]
1594:(31,2,9,14,35,36,1) [ 37810.8062 ]
1595:(32,2,9,15,34,35,1) [ 36760.8896 ]
1596:(30,2,9,15,34,35,1) [ 36760.7208 ]
1597:(30,2,10,15,34,35,1) [ 36760.8958 ]
1598:(31,2,10,15,34,35,1) [ 36760.9802 ]
1599:(32,2,9,16,33,34,1) [ 35710.888600000006 ]
1600:(30,2,9,16,33,34,1) [ 35710.719800000006 ]
1601:(30,2,10,16,33,34,1) [ 35710.9058 ]
1602:(31,2,10,16,33,34,1) [ 35710.9902 ]
1603:(32,2,10,17,32,33,1) [ 34661.084599999995 ]
1604:(30,2,10,17,32,33,1) [ 34660.915799999995 ]
1605:(30,2,11,17,32,33,1) [ 34661.112799999995 ]
1606:(31,2,11,17,32,33,1) [ 34661.197199999995 ]
1607:(32,2,11,18,31,32,1) [ 33611.302599999995 ]
1608:(30,2,11,18,31,32,1) [ 33611.133799999996 ]
1609:(30,2,12,18,31,32,1) [ 33611.3418 ]
1610:(31,2,12,18,31,32,1) [ 33611.4262 ]
1611:(32,2,10,18,31,32,1) [ 33611.0946 ]
1612:(30,2,10,18,31,32,1) [ 33610.9258 ]
1613:(32,2,11,19,30,31,1) [ 32561.3236 ]
1614:(30,2,11,19,30,31,1) [ 32561.1548 ]
1615:(30,2,12,19,30,31,1) [ 32561.3738 ]
1616:(31,2,12,19,30,31,1) [ 32561.4582 ]
1617:(32,2,12,20,29,30,1) [ 31511.5746 ]
1618:(30,2,12,20,29,30,1) [ 31511.4058 ]
1619:(30,2,13,20,29,30,1) [ 31511.6358 ]
1620:(31,2,13,20,29,30,1) [ 31511.7202 ]
1621:(30,2,13,21,28,29,1) [ 30461.678799999998 ]
1622:(30,2,14,21,28,29,1) [ 30461.9198 ]
1623:(31,2,14,21,28,29,1) [ 30462.0042 ]
1624:(31,2,12,21,28,29,1) [ 30461.5222 ]
1625:(33,2,12,21,29,29,0) [ 11.791000000000002 ]
1626:(31,2,12,21,29,29,0) [ 11.622200000000001 ]
1627:(31,2,13,21,29,29,0) [ 11.8632 ]
1628:(32,2,13,21,29,29,0) [ 11.9476 ]
1629:(33,2,13,22,28,28,0) [ 12.075 ]
1630:(31,2,13,22,28,28,0) [ 11.906200000000002 ]
1631:(31,2,14,22,28,28,0) [ 12.1582 ]
1632:(32,2,14,22,28,28,0) [ 12.2426 ]
1633:(33,2,13,21,28,29,1) [ 30461.932 ]
1634:(32,2,14,21,28,29,1) [ 30462.0886 ]
1635:(34,2,12,21,28,29,1) [ 30461.7754 ]
1636:(34,2,11,21,28,29,1) [ 30461.5344 ]
1637:(32,2,11,21,28,29,1) [ 30461.3656 ]
1638:(34,2,12,22,27,28,1) [ 29411.8074 ]
1639:(32,2,12,22,27,28,1) [ 29411.638600000002 ]
1640:(32,2,13,22,27,28,1) [ 29411.890600000002 ]
1641:(33,2,13,22,27,28,1) [ 29411.975000000002 ]
1642:(35,2,11,22,27,28,1) [ 29411.6398 ]
1643:(33,2,11,22,27,28,1) [ 29411.471 ]
1644:(35,2,12,23,26,27,1) [ 28361.923799999997 ]
1645:(33,2,12,23,26,27,1) [ 28361.754999999997 ]
1646:(33,2,13,23,26,27,1) [ 28362.018 ]
1647:(34,2,13,23,26,27,1) [ 28362.1024 ]
1648:(35,2,11,23,26,27,1) [ 28361.660799999998 ]
1649:(33,2,11,23,26,27,1) [ 28361.492 ]
1650:(36,2,10,23,26,27,1) [ 28361.4822 ]
1651:(34,2,10,23,26,27,1) [ 28361.3134 ]
1652:(37,2,9,23,26,27,1) [ 28361.3036 ]
1653:(35,2,9,23,26,27,1) [ 28361.1348 ]
1654:(37,2,10,24,25,26,1) [ 27311.5766 ]
1655:(35,2,10,24,25,26,1) [ 27311.4078 ]
1656:(35,2,11,24,25,26,1) [ 27311.6818 ]
1657:(36,2,11,24,25,26,1) [ 27311.7662 ]
1658:(37,2,11,25,24,25,1) [ 26261.871600000002 ]
1659:(35,2,11,25,24,25,1) [ 26261.702800000003 ]
1660:(35,2,12,25,24,25,1) [ 26261.987800000003 ]
1661:(36,2,12,25,24,25,1) [ 26262.072200000002 ]
1662:(37,2,12,26,23,24,1) [ 25212.188599999998 ]
1663:(35,2,12,26,23,24,1) [ 25212.0198 ]
1664:(35,2,13,26,23,24,1) [ 25212.3158 ]
1665:(36,2,13,26,23,24,1) [ 25212.4002 ]
1666:(37,2,11,26,23,24,1) [ 25211.8926 ]
1667:(35,2,11,26,23,24,1) [ 25211.7238 ]
1668:(38,2,10,26,23,24,1) [ 25211.681 ]
1669:(36,2,10,26,23,24,1) [ 25211.5122 ]
1670:(38,2,11,27,22,23,1) [ 24161.998 ]
1671:(36,2,11,27,22,23,1) [ 24161.8292 ]
1672:(36,2,12,27,22,23,1) [ 24162.1362 ]
1673:(37,2,12,27,22,23,1) [ 24162.2206 ]
1674:(39,2,10,27,22,23,1) [ 24161.775400000002 ]
1675:(37,2,10,27,22,23,1) [ 24161.6066 ]
1676:(39,2,9,27,22,23,1) [ 24161.4684 ]
1677:(37,2,9,27,22,23,1) [ 24161.299600000002 ]
1678:(39,2,10,28,21,22,1) [ 23111.785399999997 ]
1679:(37,2,10,28,21,22,1) [ 23111.616599999998 ]
1680:(37,2,11,28,21,22,1) [ 23111.934599999997 ]
1681:(38,2,11,28,21,22,1) [ 23112.019 ]
1682:(39,2,11,29,20,21,1) [ 22062.1244 ]
1683:(37,2,11,29,20,21,1) [ 22061.9556 ]
1684:(37,2,12,29,20,21,1) [ 22062.2846 ]
1685:(38,2,12,29,20,21,1) [ 22062.369 ]
1686:(39,2,10,29,20,21,1) [ 22061.7954 ]
1687:(37,2,10,29,20,21,1) [ 22061.6266 ]
1688:(39,2,11,30,19,20,1) [ 21012.1454 ]
1689:(37,2,11,30,19,20,1) [ 21011.9766 ]
1690:(37,2,12,30,19,20,1) [ 21012.316600000002 ]
1691:(38,2,12,30,19,20,1) [ 21012.401 ]
1692:(39,2,12,31,18,19,1) [ 19962.5174 ]
1693:(37,2,12,31,18,19,1) [ 19962.348599999998 ]
1694:(37,2,13,31,18,19,1) [ 19962.6996 ]
1695:(38,2,13,31,18,19,1) [ 19962.784 ]
1696:(39,2,11,31,18,19,1) [ 19962.1664 ]
1697:(37,2,11,31,18,19,1) [ 19961.9976 ]
1698:(39,2,12,32,17,18,1) [ 18912.5494 ]
1699:(37,2,12,32,17,18,1) [ 18912.3806 ]
1700:(37,2,13,32,17,18,1) [ 18912.7426 ]
1701:(38,2,13,32,17,18,1) [ 18912.827 ]
1702:(39,2,11,32,17,18,1) [ 18912.187400000003 ]
1703:(37,2,11,32,17,18,1) [ 18912.0186 ]
1704:(40,2,10,32,17,18,1) [ 18911.9098 ]
1705:(38,2,10,32,17,18,1) [ 18911.741 ]
1706:(39,2,12,33,16,17,1) [ 17862.5814 ]
1707:(37,2,12,33,16,17,1) [ 17862.4126 ]
1708:(37,2,13,33,16,17,1) [ 17862.7856 ]
1709:(38,2,13,33,16,17,1) [ 17862.87 ]
1710:(38,2,11,33,16,17,1) [ 17862.124 ]
1711:(41,2,11,33,16,17,1) [ 17862.3772 ]
1712:(40,2,12,33,16,17,1) [ 17862.6658 ]
1713:(41,2,12,34,15,16,1) [ 16812.7822 ]
1714:(39,2,12,34,15,16,1) [ 16812.6134 ]
1715:(39,2,13,34,15,16,1) [ 16812.9974 ]
1716:(40,2,13,34,15,16,1) [ 16813.0818 ]
1717:(41,2,11,34,15,16,1) [ 16812.3982 ]
1718:(39,2,11,34,15,16,1) [ 16812.2294 ]
1719:(42,2,10,34,15,16,1) [ 16812.0986 ]
1720:(39,2,10,34,15,16,1) [ 16811.8454 ]
1721:(41,2,11,35,14,15,1) [ 15762.4192 ]
1722:(39,2,11,35,14,15,1) [ 15762.250399999999 ]
1723:(39,2,12,35,14,15,1) [ 15762.6454 ]
1724:(40,2,12,35,14,15,1) [ 15762.7298 ]
1725:(41,2,12,36,13,14,1) [ 14712.8462 ]
1726:(39,2,12,36,13,14,1) [ 14712.677399999999 ]
1727:(39,2,13,36,13,14,1) [ 14713.0834 ]
1728:(40,2,13,36,13,14,1) [ 14713.1678 ]
1729:(41,2,11,36,13,14,1) [ 14712.4402 ]
1730:(39,2,11,36,13,14,1) [ 14712.2714 ]
1731:(42,2,10,36,13,14,1) [ 14712.1186 ]
1732:(40,2,10,36,13,14,1) [ 14711.949799999999 ]
1733:(42,2,9,36,13,14,1) [ 14711.712599999999 ]
1734:(40,2,9,36,13,14,1) [ 14711.5438 ]
1735:(43,2,8,36,13,14,1) [ 14711.391 ]
1736:(41,2,8,36,13,14,1) [ 14711.2222 ]
1737:(44,2,7,36,13,14,1) [ 14711.069399999998 ]
1738:(42,2,7,36,13,14,1) [ 14710.900599999999 ]
1739:(44,2,8,37,12,13,1) [ 13661.4634 ]
1740:(42,2,8,37,12,13,1) [ 13661.294600000001 ]
1741:(42,2,9,37,12,13,1) [ 13661.7116 ]
1742:(43,2,9,37,12,13,1) [ 13661.796 ]
1743:(44,2,7,37,12,13,1) [ 13661.046400000001 ]
1744:(42,2,7,37,12,13,1) [ 13660.877600000002 ]
1745:(44,2,8,38,11,12,1) [ 12611.4514 ]
1746:(42,2,8,38,11,12,1) [ 12611.2826 ]
1747:(42,2,9,38,11,12,1) [ 12611.7106 ]
1748:(43,2,9,38,11,12,1) [ 12611.795 ]
1749:(44,2,8,38,12,12,0) [ 11.551400000000001 ]
1750:(42,2,8,38,12,12,0) [ 11.3826 ]
1751:(42,2,9,38,12,12,0) [ 11.810599999999997 ]
1752:(43,2,9,38,12,12,0) [ 11.895 ]
1753:(44,2,7,38,12,12,0) [ 11.1234 ]
1754:(44,2,6,38,12,12,0) [ 10.6954 ]
1755:(45,2,5,38,12,12,0) [ 10.3518 ]
1756:(45,2,6,39,11,11,0) [ 10.745800000000001 ]
1757:(44,2,7,39,11,11,0) [ 11.100399999999999 ]
1758:(45,2,5,39,11,11,0) [ 10.306799999999999 ]
1759:(43,2,5,39,11,11,0) [ 10.138 ]
1760:(46,2,4,39,11,11,0) [ 9.9522 ]
1761:(44,2,4,39,11,11,0) [ 9.783399999999999 ]
1762:(46,2,3,39,11,11,0) [ 9.5132 ]
1763:(44,2,3,39,11,11,0) [ 9.344399999999998 ]
1764:(46,2,4,40,10,10,0) [ 9.8962 ]
1765:(44,2,4,40,10,10,0) [ 9.7274 ]
1766:(44,2,5,40,10,10,0) [ 10.177399999999999 ]
1767:(45,2,5,40,10,10,0) [ 10.261800000000001 ]
1768:(46,2,5,41,9,9,0) [ 10.3012 ]
1769:(46,2,6,42,8,8,0) [ 10.728200000000001 ]
1770:(45,2,7,42,8,8,0) [ 11.1158 ]
1771:(46,2,5,42,8,8,0) [ 10.2562 ]
1772:(46,2,6,43,7,7,0) [ 10.694199999999999 ]
1773:(44,2,7,43,7,7,0) [ 11.008399999999998 ]
1774:(45,2,7,43,7,7,0) [ 11.0928 ]
1775:(46,2,6,42,7,8,1) [ 8410.628200000001 ]
1776:(44,2,6,42,7,8,1) [ 8410.459400000002 ]
1777:(44,2,7,42,7,8,1) [ 8410.931400000001 ]
1778:(45,2,7,42,7,8,1) [ 8411.015800000001 ]
1779:(46,2,5,42,7,8,1) [ 8410.156200000001 ]
1780:(44,2,5,42,7,8,1) [ 8409.9874 ]
1781:(46,2,6,43,6,7,1) [ 7360.5942000000005 ]
1782:(44,2,6,43,6,7,1) [ 7360.4254 ]
1783:(44,2,7,43,6,7,1) [ 7360.9084 ]
1784:(45,2,7,43,6,7,1) [ 7360.9928 ]
1785:(46,2,7,44,5,6,1) [ 6311.0542 ]
1786:(44,2,7,44,5,6,1) [ 6310.8854 ]
1787:(44,2,8,44,5,6,1) [ 6311.3794 ]
1788:(45,2,8,44,5,6,1) [ 6311.4638 ]
1789:(46,2,6,44,5,6,1) [ 6310.5602 ]
1790:(44,2,6,44,5,6,1) [ 6310.3914 ]
1791:(47,2,5,44,5,6,1) [ 6310.1506 ]
1792:(45,2,5,44,5,6,1) [ 6309.9818 ]
1793:(47,2,6,45,4,5,1) [ 5260.6106 ]
1794:(45,2,6,45,4,5,1) [ 5260.4418 ]
1795:(45,2,7,45,4,5,1) [ 5260.9468 ]
1796:(46,2,7,45,4,5,1) [ 5261.031199999999 ]
1797:(48,2,5,45,4,5,1) [ 5260.19 ]
1798:(46,2,5,45,4,5,1) [ 5260.021199999999 ]
1799:(48,2,4,45,4,5,1) [ 5259.6849999999995 ]
1800:(46,2,4,45,4,5,1) [ 5259.5162 ]
1801:(48,2,5,46,3,4,1) [ 4210.145 ]
1802:(46,2,5,46,3,4,1) [ 4209.9762 ]
1803:(46,2,6,46,3,4,1) [ 4210.492200000001 ]
1804:(47,2,6,46,3,4,1) [ 4210.5766 ]
1805:(48,2,4,46,3,4,1) [ 4209.629 ]
1806:(46,2,4,46,3,4,1) [ 4209.4602 ]
1807:(49,2,3,46,3,4,1) [ 4209.1974 ]
1808:(47,2,3,46,3,4,1) [ 4209.028600000001 ]
1809:(49,2,2,46,3,4,1) [ 4208.6814 ]
1810:(47,2,2,46,3,4,1) [ 4208.5126 ]
1811:(49,2,3,47,2,3,1) [ 3159.1304 ]
1812:(47,2,3,47,2,3,1) [ 3158.9615999999996 ]
1813:(47,2,4,47,2,3,1) [ 3159.4885999999997 ]
1814:(48,2,4,47,2,3,1) [ 3159.573 ]
1815:(49,2,2,47,2,3,1) [ 3158.6034 ]
1816:(47,2,2,47,2,3,1) [ 3158.4345999999996 ]
1817:(49,2,3,48,1,2,1) [ 2109.0634 ]
1818:(47,2,3,48,1,2,1) [ 2108.8946 ]
1819:(47,2,4,48,1,2,1) [ 2109.4326 ]
1820:(48,2,4,48,1,2,1) [ 2109.517 ]
1821:(49,2,4,49,0,1,1) [ 1059.5454 ]
1822:(47,2,4,49,0,1,1) [ 1059.3766 ]
1823:(47,2,5,49,0,1,1) [ 1059.9256 ]
1824:(48,2,5,49,0,1,1) [ 1060.01 ]
1825:(29,2,1,0,49,50,1) [ 52510.5714 TARGET ]
1826:(28,2,2,0,49,50,1) [ 52510.497 TARGET ]
1827:(31,2,1,1,48,49,1) [ 51460.6512 ]
1828:(30,2,2,1,48,49,1) [ 51460.5878 ]
1829:(31,2,0,1,48,49,1) [ 51460.6302 ]
1830:(31,2,1,2,47,48,1) [ 50410.5622 ]
1831:(30,2,2,2,47,48,1) [ 50410.5098 ]
1832:(31,2,2,3,46,47,1) [ 49360.5162 ]
1833:(30,2,3,3,46,47,1) [ 49360.474799999996 ]
1834:(31,2,1,3,46,47,1) [ 49360.4732 ]
1835:(31,2,0,3,46,47,1) [ 49360.430199999995 ]
1836:(31,2,1,4,45,46,1) [ 48310.3842 ]
1837:(30,2,2,4,45,46,1) [ 48310.3538 ]
1838:(31,2,2,5,44,45,1) [ 47260.3602 ]
1839:(30,2,3,5,44,45,1) [ 47260.3408 ]
1840:(31,2,1,5,44,45,1) [ 47260.2952 ]
1841:(31,2,1,5,45,45,0) [ 10.395199999999999 ]
1842:(30,2,2,5,45,45,0) [ 10.3758 ]
1843:(31,2,0,5,45,45,0) [ 10.3302 ]
1844:(31,2,1,6,44,44,0) [ 10.3062 ]
1845:(30,2,2,6,44,44,0) [ 10.2978 ]
1846:(32,2,0,6,44,44,0) [ 10.3146 ]
1847:(32,2,0,5,44,45,1) [ 47260.3146 ]
1848:(32,2,1,6,43,44,1) [ 46210.2906 ]
1849:(31,2,2,6,43,44,1) [ 46210.2822 ]
1850:(33,2,0,6,43,44,1) [ 46210.299000000006 ]
1851:(33,2,1,7,42,43,1) [ 45160.286 ]
1852:(32,2,2,7,42,43,1) [ 45160.2886 ]
1853:(33,2,0,7,42,43,1) [ 45160.199 ]
1854:(33,2,1,8,41,42,1) [ 44110.197 ]
1855:(32,2,2,8,41,42,1) [ 44110.2106 ]
1856:(33,2,2,9,40,41,1) [ 43060.217 ]
1857:(32,2,3,9,40,41,1) [ 43060.2416 ]
1858:(33,2,3,10,39,40,1) [ 42010.259 ]
1859:(32,2,4,10,39,40,1) [ 42010.2946 ]
1860:(34,2,2,10,39,40,1) [ 42010.2234 ]
1861:(34,2,3,11,38,39,1) [ 40960.2764 ]
1862:(33,2,4,11,38,39,1) [ 40960.323000000004 ]
1863:(35,2,2,11,38,39,1) [ 40960.2298 ]
1864:(35,2,3,12,37,38,1) [ 39910.2938 ]
1865:(34,2,4,12,37,38,1) [ 39910.3514 ]
1866:(35,2,4,13,36,37,1) [ 38860.379799999995 ]
1867:(34,2,5,13,36,37,1) [ 38860.4484 ]
1868:(35,2,5,14,35,36,1) [ 37810.4878 ]
1869:(34,2,6,14,35,36,1) [ 37810.5674 ]
1870:(35,2,6,15,34,35,1) [ 36760.6178 ]
1871:(34,2,7,15,34,35,1) [ 36760.7084 ]
1872:(36,2,5,15,34,35,1) [ 36760.527200000004 ]
1873:(36,2,4,15,34,35,1) [ 36760.3522 ]
1874:(36,2,5,16,33,34,1) [ 35710.482200000006 ]
1875:(35,2,6,16,33,34,1) [ 35710.5838 ]
1876:(36,2,4,16,33,34,1) [ 35710.296200000004 ]
1877:(37,2,3,16,33,34,1) [ 35710.1946 ]
1878:(37,2,2,16,33,34,1) [ 35710.0086 ]
1879:(37,2,3,17,32,33,1) [ 34660.1276 ]
1880:(36,2,4,17,32,33,1) [ 34660.2402 ]
1881:(38,2,2,17,32,33,1) [ 34660.015 ]
1882:(38,2,1,17,32,33,1) [ 34659.818 ]
1883:(39,2,0,17,32,33,1) [ 34659.7054 ]
1884:(38,2,1,18,31,32,1) [ 33609.729 ]
1885:(37,2,2,18,31,32,1) [ 33609.8526 ]
1886:(38,2,2,19,30,31,1) [ 32559.859 ]
1887:(37,2,3,19,30,31,1) [ 32559.9936 ]
1888:(39,2,1,19,30,31,1) [ 32559.7244 ]
1889:(39,2,0,19,30,31,1) [ 32559.5054 ]
1890:(39,2,1,20,29,30,1) [ 31509.635400000003 ]
1891:(38,2,2,20,29,30,1) [ 31509.781000000003 ]
1892:(40,2,0,20,29,30,1) [ 31509.489800000003 ]
1893:(40,2,1,21,28,29,1) [ 30459.6308 ]
1894:(39,2,2,21,28,29,1) [ 30459.7874 ]
1895:(40,2,2,22,27,28,1) [ 29409.7938 ]
1896:(39,2,3,22,27,28,1) [ 29409.9614 ]
1897:(40,2,3,23,26,27,1) [ 28359.978799999997 ]
1898:(39,2,4,23,26,27,1) [ 28360.1574 ]
1899:(40,2,4,24,25,26,1) [ 27310.1858 ]
1900:(39,2,5,24,25,26,1) [ 27310.3754 ]
1901:(41,2,3,24,25,26,1) [ 27309.9962 ]
1902:(41,2,4,25,24,25,1) [ 26260.214200000002 ]
1903:(40,2,5,25,24,25,1) [ 26260.414800000002 ]
1904:(41,2,5,26,23,24,1) [ 25210.4542 ]
1905:(40,2,6,26,23,24,1) [ 25210.6658 ]
1906:(41,2,6,27,22,23,1) [ 24160.7162 ]
1907:(40,2,7,27,22,23,1) [ 24160.9388 ]
1908:(41,2,7,28,21,22,1) [ 23111.0002 ]
1909:(40,2,8,28,21,22,1) [ 23111.233799999998 ]
1910:(42,2,6,28,21,22,1) [ 23110.7666 ]
1911:(42,2,7,29,20,21,1) [ 22061.0616 ]
1912:(41,2,8,29,20,21,1) [ 22061.3062 ]
1913:(43,2,6,29,20,21,1) [ 22060.817 ]
1914:(43,2,6,29,21,21,0) [ 10.917 ]
1915:(42,2,7,29,21,21,0) [ 11.161599999999998 ]
1916:(43,2,5,29,21,21,0) [ 10.588 ]
1917:(42,2,6,30,20,20,0) [ 10.7986 ]
1918:(41,2,7,30,20,20,0) [ 11.054200000000002 ]
1919:(42,2,5,30,20,20,0) [ 10.4586 ]
1920:(42,2,6,31,19,19,0) [ 10.7646 ]
1921:(41,2,7,31,19,19,0) [ 11.0312 ]
1922:(42,2,5,31,19,19,0) [ 10.4136 ]
1923:(42,2,6,32,18,18,0) [ 10.7306 ]
1924:(41,2,7,32,18,18,0) [ 11.008200000000002 ]
1925:(42,2,5,32,18,18,0) [ 10.3686 ]
1926:(42,2,6,33,17,17,0) [ 10.6966 ]
1927:(41,2,7,33,17,17,0) [ 10.985199999999999 ]
1928:(42,2,5,33,17,17,0) [ 10.323599999999999 ]
1929:(43,2,4,33,17,17,0) [ 10.035 ]
1930:(43,2,3,33,17,17,0) [ 9.661999999999999 ]
1931:(43,2,4,34,16,16,0) [ 9.979000000000001 ]
1932:(42,2,5,34,16,16,0) [ 10.278599999999999 ]
1933:(44,2,3,34,16,16,0) [ 9.6794 ]
1934:(44,2,4,35,15,15,0) [ 10.0074 ]
1935:(43,2,5,35,15,15,0) [ 10.318 ]
1936:(44,2,3,35,15,15,0) [ 9.612400000000001 ]
1937:(44,2,4,36,14,14,0) [ 9.951400000000001 ]
1938:(43,2,5,36,14,14,0) [ 10.273 ]
1939:(44,2,5,37,13,13,0) [ 10.3124 ]
1940:(43,2,6,37,13,13,0) [ 10.645 ]
1941:(45,2,4,37,13,13,0) [ 9.979800000000001 ]
1942:(45,2,7,40,10,10,0) [ 11.1618 ]
1943:(44,2,8,40,10,10,0) [ 11.5274 ]
1944:(45,2,8,41,9,9,0) [ 11.5998 ]
1945:(44,2,9,41,9,9,0) [ 11.9764 ]
1946:(46,2,7,41,9,9,0) [ 11.2232 ]
1947:(46,2,6,41,9,9,0) [ 10.762200000000002 ]
1948:(47,2,4,42,8,8,0) [ 9.8686 ]
1949:(48,2,3,42,8,8,0) [ 9.481000000000002 ]
1950:(48,2,4,43,7,7,0) [ 9.896999999999998 ]
1951:(47,2,5,43,7,7,0) [ 10.2956 ]
1952:(49,2,3,43,7,7,0) [ 9.4984 ]
1953:(49,2,2,43,7,7,0) [ 9.0154 ]
1954:(49,2,1,43,7,7,0) [ 8.532399999999999 ]
1955:(50,2,0,43,7,7,0) [ 8.133799999999999 ]
1956:(50,2,1,44,6,6,0) [ 8.5278 ]
1957:(49,2,2,44,6,6,0) [ 8.937399999999998 ]
1958:(51,2,0,44,6,6,0) [ 8.118200000000002 ]
1959:(51,2,1,45,5,5,0) [ 8.523200000000001 ]
1960:(50,2,2,45,5,5,0) [ 8.9438 ]
1961:(51,2,0,45,5,5,0) [ 8.0182 ]
1962:(51,2,1,46,4,4,0) [ 8.434200000000002 ]
1963:(50,2,2,46,4,4,0) [ 8.865799999999998 ]
1964:(51,2,2,47,3,3,0) [ 8.872200000000001 ]
1965:(50,2,3,47,3,3,0) [ 9.314800000000002 ]
1966:(51,2,3,48,2,2,0) [ 9.3322 ]
1967:(50,2,4,48,2,2,0) [ 9.785799999999998 ]
1968:(51,2,4,49,1,1,0) [ 9.814200000000001 ]
1969:(50,2,5,49,1,1,0) [ 10.278799999999999 ]
1970:(51,2,5,50,0,0,0) [ 10.318200000000001 ]
1971:(50,2,6,50,0,0,0) [ 10.793800000000001 ]
1972:(52,2,4,50,0,0,0) [ 9.842600000000001 ]
1973:(53,2,3,50,0,0,0) [ 9.367 ]
1974:(54,2,2,50,0,0,0) [ 8.8914 ]
1975:(54,2,1,50,0,0,0) [ 8.3314 ]
1976:(54,2,1,49,0,1,1) [ 1058.3204 ]
1977:(53,2,2,49,0,1,1) [ 1058.785 ]
1978:(54,2,1,49,1,1,0) [ 8.420399999999999 ]
1979:(53,2,2,49,1,1,0) [ 8.885 ]
1980:(53,2,0,49,1,1,0) [ 7.787 ]
1981:(54,2,0,50,0,0,0) [ 7.771400000000001 ]
1982:(27,2,3,0,49,50,1) [ 52510.4226 TARGET ]
1983:(27,2,4,1,48,49,1) [ 51460.3766 ]
1984:(29,2,3,1,48,49,1) [ 51460.5244 ]
1985:(29,2,3,2,47,48,1) [ 50410.4574 ]
1986:(29,2,4,3,46,47,1) [ 49360.4334 ]
1987:(29,2,3,4,45,46,1) [ 48310.3234 ]
1988:(29,2,4,5,44,45,1) [ 47260.3214 ]
1989:(29,2,3,5,45,45,0) [ 10.3564 ]
1990:(29,2,3,6,44,44,0) [ 10.2894 ]
1991:(30,2,3,6,43,44,1) [ 46210.2738 ]
1992:(31,2,3,7,42,43,1) [ 45160.2912 ]
1993:(31,2,3,8,41,42,1) [ 44110.2242 ]
1994:(31,2,4,9,40,41,1) [ 43060.2662 ]
1995:(31,2,5,10,39,40,1) [ 42010.330200000004 ]
1996:(32,2,5,11,38,39,1) [ 40960.369600000005 ]
1997:(33,2,5,12,37,38,1) [ 39910.409 ]
1998:(33,2,6,13,36,37,1) [ 38860.517 ]
1999:(33,2,7,14,35,36,1) [ 37810.647 ]
2000:(33,2,8,15,34,35,1) [ 36760.799 ]
2001:(34,2,7,16,33,34,1) [ 35710.6854 ]
2002:(35,2,5,17,32,33,1) [ 34660.3528 ]
2003:(36,2,3,18,31,32,1) [ 33609.9762 ]
2004:(36,2,4,19,30,31,1) [ 32560.1282 ]
2005:(37,2,3,20,29,30,1) [ 31509.926600000003 ]
2006:(38,2,3,21,28,29,1) [ 30459.944 ]
2007:(38,2,4,22,27,28,1) [ 29410.129 ]
2008:(38,2,5,23,26,27,1) [ 28360.336 ]
2009:(38,2,6,24,25,26,1) [ 27310.565 ]
2010:(39,2,6,25,24,25,1) [ 26260.615400000002 ]
2011:(39,2,7,26,23,24,1) [ 25210.877399999998 ]
2012:(39,2,8,27,22,23,1) [ 24161.1614 ]
2013:(39,2,9,28,21,22,1) [ 23111.467399999998 ]
2014:(40,2,9,29,20,21,1) [ 22061.5508 ]
2015:(41,2,8,29,21,21,0) [ 11.4062 ]
2016:(40,2,8,30,20,20,0) [ 11.3098 ]
2017:(40,2,8,31,19,19,0) [ 11.2978 ]
2018:(40,2,8,32,18,18,0) [ 11.285800000000002 ]
2019:(40,2,8,33,17,17,0) [ 11.273800000000001 ]
2020:(41,2,6,34,16,16,0) [ 10.5782 ]
2021:(42,2,6,35,15,15,0) [ 10.628599999999999 ]
2022:(42,2,6,36,14,14,0) [ 10.594600000000002 ]
2023:(42,2,7,37,13,13,0) [ 10.977599999999999 ]
2024:(43,2,8,39,11,11,0) [ 11.455 ]
2025:(43,2,9,40,10,10,0) [ 11.893 ]
2026:(43,2,10,41,9,9,0) [ 12.353 ]
2027:(44,2,8,42,8,8,0) [ 11.5034 ]
2028:(48,2,3,44,6,6,0) [ 9.347 ]
2029:(49,2,3,45,5,5,0) [ 9.3644 ]
2030:(49,2,3,46,4,4,0) [ 9.297400000000001 ]
2031:(49,2,4,47,3,3,0) [ 9.7574 ]
2032:(49,2,5,48,2,2,0) [ 10.2394 ]
2033:(49,2,6,49,1,1,0) [ 10.7434 ]
2034:(49,2,7,50,0,0,0) [ 11.269400000000001 ]
2035:(52,2,3,49,0,1,1) [ 1059.2496 ]
2036:(52,2,3,49,1,1,0) [ 9.3496 ]
2037:(26,2,8,1,48,49,1) [ 51460.376200000006 ]
2038:(27,2,9,2,47,48,1) [ 50410.480599999995 ]
2039:(26,2,10,2,47,48,1) [ 50410.428199999995 ]
2040:(27,2,10,3,46,47,1) [ 49360.5226 ]
2041:(26,2,11,3,46,47,1) [ 49360.4812 ]
2042:(27,2,11,4,45,46,1) [ 48310.5866 ]
2043:(26,2,12,4,45,46,1) [ 48310.5562 ]
2044:(27,2,10,4,45,46,1) [ 48310.5326 ]
2045:(28,2,9,4,45,46,1) [ 48310.563 ]
2046:(28,2,8,4,45,46,1) [ 48310.509 ]
2047:(29,2,7,4,45,46,1) [ 48310.5394 ]
2048:(29,2,6,4,45,46,1) [ 48310.4854 ]
2049:(28,2,8,5,44,45,1) [ 47260.497 ]
2050:(27,2,9,5,44,45,1) [ 47260.4776 ]
2051:(28,2,9,6,43,44,1) [ 46210.561 ]
2052:(27,2,10,6,43,44,1) [ 46210.5526 ]
2053:(28,2,8,6,43,44,1) [ 46210.485 ]
2054:(27,2,10,7,42,43,1) [ 45160.5626 ]
2055:(30,2,8,7,42,43,1) [ 45160.6418 ]
2056:(29,2,9,7,42,43,1) [ 45160.6444 ]
2057:(30,2,9,8,41,42,1) [ 44110.7278 ]
2058:(29,2,10,8,41,42,1) [ 44110.7414 ]
2059:(31,2,8,8,41,42,1) [ 44110.7142 ]
2060:(31,2,9,9,40,41,1) [ 43060.8112 ]
2061:(30,2,10,9,40,41,1) [ 43060.8358 ]
2062:(31,2,8,9,40,41,1) [ 43060.7022 ]
2063:(31,2,9,10,39,40,1) [ 42010.8102 ]
2064:(30,2,10,10,39,40,1) [ 42010.8458 ]
2065:(31,2,8,10,39,40,1) [ 42010.690200000005 ]
2066:(32,2,7,10,39,40,1) [ 42010.6546 ]
2067:(32,2,8,11,38,39,1) [ 40960.7626 ]
2068:(31,2,9,11,38,39,1) [ 40960.8092 ]
2069:(33,2,7,11,38,39,1) [ 40960.716 ]
2070:(33,2,6,11,38,39,1) [ 40960.58500000001 ]
2071:(33,2,7,12,37,38,1) [ 39910.693 ]
2072:(32,2,8,12,37,38,1) [ 39910.7506 ]
2073:(33,2,6,12,37,38,1) [ 39910.551 ]
2074:(33,2,7,13,36,37,1) [ 38860.67 ]
2075:(32,2,8,13,36,37,1) [ 38860.7386 ]
2076:(33,2,8,14,35,36,1) [ 37810.811 ]
2077:(32,2,9,14,35,36,1) [ 37810.8906 ]
2078:(33,2,9,15,34,35,1) [ 36760.974 ]
2079:(32,2,10,15,34,35,1) [ 36761.0646 ]
2080:(33,2,9,16,33,34,1) [ 35710.973000000005 ]
2081:(32,2,10,16,33,34,1) [ 35711.0746 ]
2082:(33,2,10,17,32,33,1) [ 34661.168999999994 ]
2083:(32,2,11,17,32,33,1) [ 34661.281599999995 ]
2084:(33,2,11,18,31,32,1) [ 33611.386999999995 ]
2085:(32,2,12,18,31,32,1) [ 33611.5106 ]
2086:(33,2,10,18,31,32,1) [ 33611.179 ]
2087:(33,2,11,19,30,31,1) [ 32561.408 ]
2088:(32,2,12,19,30,31,1) [ 32561.5426 ]
2089:(33,2,12,20,29,30,1) [ 31511.659 ]
2090:(32,2,13,20,29,30,1) [ 31511.804600000003 ]
2091:(34,2,12,21,29,29,0) [ 11.8754 ]
2092:(33,2,13,21,29,29,0) [ 12.032 ]
2093:(34,2,13,22,28,28,0) [ 12.159400000000002 ]
2094:(33,2,14,22,28,28,0) [ 12.327000000000002 ]
2095:(34,2,13,21,28,29,1) [ 30462.0164 ]
2096:(33,2,14,21,28,29,1) [ 30462.173 ]
2097:(35,2,12,21,28,29,1) [ 30461.8598 ]
2098:(35,2,11,21,28,29,1) [ 30461.6188 ]
2099:(35,2,12,22,27,28,1) [ 29411.8918 ]
2100:(34,2,13,22,27,28,1) [ 29412.059400000002 ]
2101:(36,2,11,22,27,28,1) [ 29411.7242 ]
2102:(36,2,12,23,26,27,1) [ 28362.0082 ]
2103:(35,2,13,23,26,27,1) [ 28362.1868 ]
2104:(36,2,11,23,26,27,1) [ 28361.745199999998 ]
2105:(37,2,10,23,26,27,1) [ 28361.5666 ]
2106:(38,2,9,23,26,27,1) [ 28361.388 ]
2107:(38,2,10,24,25,26,1) [ 27311.661 ]
2108:(37,2,11,24,25,26,1) [ 27311.8506 ]
2109:(38,2,11,25,24,25,1) [ 26261.956000000002 ]
2110:(37,2,12,25,24,25,1) [ 26262.156600000002 ]
2111:(38,2,12,26,23,24,1) [ 25212.273 ]
2112:(37,2,13,26,23,24,1) [ 25212.4846 ]
2113:(38,2,11,26,23,24,1) [ 25211.977 ]
2114:(39,2,10,26,23,24,1) [ 25211.7654 ]
2115:(39,2,11,27,22,23,1) [ 24162.0824 ]
2116:(38,2,12,27,22,23,1) [ 24162.305 ]
2117:(40,2,10,27,22,23,1) [ 24161.859800000002 ]
2118:(40,2,9,27,22,23,1) [ 24161.5528 ]
2119:(40,2,10,28,21,22,1) [ 23111.869799999997 ]
2120:(39,2,11,28,21,22,1) [ 23112.1034 ]
2121:(40,2,11,29,20,21,1) [ 22062.2088 ]
2122:(39,2,12,29,20,21,1) [ 22062.4534 ]
2123:(40,2,10,29,20,21,1) [ 22061.8798 ]
2124:(40,2,11,30,19,20,1) [ 21012.2298 ]
2125:(39,2,12,30,19,20,1) [ 21012.4854 ]
2126:(40,2,12,31,18,19,1) [ 19962.6018 ]
2127:(39,2,13,31,18,19,1) [ 19962.8684 ]
2128:(40,2,11,31,18,19,1) [ 19962.250799999998 ]
2129:(40,2,12,32,17,18,1) [ 18912.6338 ]
2130:(39,2,13,32,17,18,1) [ 18912.9114 ]
2131:(40,2,11,32,17,18,1) [ 18912.271800000002 ]
2132:(41,2,10,32,17,18,1) [ 18911.9942 ]
2133:(39,2,13,33,16,17,1) [ 17862.9544 ]
2134:(42,2,11,33,16,17,1) [ 17862.4616 ]
2135:(41,2,12,33,16,17,1) [ 17862.7502 ]
2136:(42,2,12,34,15,16,1) [ 16812.8666 ]
2137:(41,2,13,34,15,16,1) [ 16813.1662 ]
2138:(42,2,11,34,15,16,1) [ 16812.4826 ]
2139:(43,2,10,34,15,16,1) [ 16812.183 ]
2140:(42,2,11,35,14,15,1) [ 15762.5036 ]
2141:(41,2,12,35,14,15,1) [ 15762.814199999999 ]
2142:(42,2,12,36,13,14,1) [ 14712.9306 ]
2143:(41,2,13,36,13,14,1) [ 14713.252199999999 ]
2144:(42,2,11,36,13,14,1) [ 14712.524599999999 ]
2145:(43,2,10,36,13,14,1) [ 14712.203 ]
2146:(43,2,9,36,13,14,1) [ 14711.796999999999 ]
2147:(44,2,8,36,13,14,1) [ 14711.4754 ]
2148:(45,2,7,36,13,14,1) [ 14711.1538 ]
2149:(45,2,8,37,12,13,1) [ 13661.5478 ]
2150:(44,2,9,37,12,13,1) [ 13661.8804 ]
2151:(45,2,7,37,12,13,1) [ 13661.1308 ]
2152:(45,2,8,38,11,12,1) [ 12611.5358 ]
2153:(44,2,9,38,11,12,1) [ 12611.8794 ]
2154:(45,2,8,38,12,12,0) [ 11.6358 ]
2155:(44,2,9,38,12,12,0) [ 11.979399999999998 ]
2156:(45,2,7,38,12,12,0) [ 11.207799999999999 ]
2157:(45,2,6,38,12,12,0) [ 10.779799999999998 ]
2158:(46,2,5,38,12,12,0) [ 10.4362 ]
2159:(46,2,6,39,11,11,0) [ 10.8302 ]
2160:(45,2,7,39,11,11,0) [ 11.184800000000001 ]
2161:(46,2,5,39,11,11,0) [ 10.3912 ]
2162:(47,2,4,39,11,11,0) [ 10.0366 ]
2163:(47,2,3,39,11,11,0) [ 9.5976 ]
2164:(47,2,4,40,10,10,0) [ 9.980599999999999 ]
2165:(46,2,5,40,10,10,0) [ 10.3462 ]
2166:(47,2,5,41,9,9,0) [ 10.385600000000002 ]
2167:(47,2,6,42,8,8,0) [ 10.812600000000002 ]
2168:(46,2,7,42,8,8,0) [ 11.200200000000002 ]
2169:(47,2,5,42,8,8,0) [ 10.340600000000002 ]
2170:(47,2,6,43,7,7,0) [ 10.7786 ]
2171:(46,2,7,43,7,7,0) [ 11.1772 ]
2172:(47,2,6,42,7,8,1) [ 8410.7126 ]
2173:(46,2,7,42,7,8,1) [ 8411.1002 ]
2174:(47,2,5,42,7,8,1) [ 8410.240600000001 ]
2175:(47,2,6,43,6,7,1) [ 7360.6786 ]
2176:(46,2,7,43,6,7,1) [ 7361.077200000001 ]
2177:(47,2,7,44,5,6,1) [ 6311.1386 ]
2178:(46,2,8,44,5,6,1) [ 6311.5482 ]
2179:(47,2,6,44,5,6,1) [ 6310.6446 ]
2180:(48,2,5,44,5,6,1) [ 6310.235 ]
2181:(48,2,6,45,4,5,1) [ 5260.695 ]
2182:(47,2,7,45,4,5,1) [ 5261.1156 ]
2183:(49,2,5,45,4,5,1) [ 5260.274399999999 ]
2184:(49,2,4,45,4,5,1) [ 5259.769399999999 ]
2185:(49,2,5,46,3,4,1) [ 4210.2294 ]
2186:(48,2,6,46,3,4,1) [ 4210.661 ]
2187:(49,2,4,46,3,4,1) [ 4209.713400000001 ]
2188:(50,2,3,46,3,4,1) [ 4209.2818 ]
2189:(50,2,2,46,3,4,1) [ 4208.7658 ]
2190:(50,2,3,47,2,3,1) [ 3159.2147999999997 ]
2191:(49,2,4,47,2,3,1) [ 3159.6573999999996 ]
2192:(50,2,2,47,2,3,1) [ 3158.6877999999997 ]
2193:(50,2,3,48,1,2,1) [ 2109.1477999999997 ]
2194:(49,2,4,48,1,2,1) [ 2109.6014 ]
2195:(50,2,4,49,0,1,1) [ 1059.6298 ]
2196:(49,2,5,49,0,1,1) [ 1060.0944 ]
2197:(-1,-1,-1,-1,-1,-1,-1) [ 0.0 ]