(R_,L,RL,G_,G_a,G_bg,G_d)
0:(50,2,0,50,0,0,0) [ 7.4338 ]
1:(49,2,1,50,0,0,0) [ 7.9094 ]
2:(49,2,0,49,1,1,0) [ 7.4494 ]
3:(49,2,1,49,1,1,0) [ 7.998399999999999 ]
4:(49,2,0,48,2,2,0) [ 7.5494 ]
5:(48,2,1,48,2,2,0) [ 8.003 ]
6:(48,2,2,48,2,2,0) [ 8.540999999999999 ]
7:(48,2,1,47,3,3,0) [ 8.092 ]
8:(48,2,0,46,4,4,0) [ 7.665 ]
9:(47,2,1,46,4,4,0) [ 8.0966 ]
10:(47,2,0,45,5,5,0) [ 7.6806 ]
11:(47,2,1,45,5,5,0) [ 8.1856 ]
12:(47,2,0,44,6,6,0) [ 7.7806 ]
13:(46,2,1,44,6,6,0) [ 8.1902 ]
14:(46,2,0,43,7,7,0) [ 7.796200000000001 ]
15:(46,2,1,43,7,7,0) [ 8.2792 ]
16:(46,2,0,42,8,8,0) [ 7.8962 ]
17:(45,2,1,42,8,8,0) [ 8.2838 ]
18:(45,2,0,41,9,9,0) [ 7.9118 ]
19:(44,2,1,41,9,9,0) [ 8.2884 ]
20:(43,2,2,41,9,9,0) [ 8.665 ]
21:(43,2,3,41,9,9,0) [ 9.126 ]
22:(43,2,2,40,10,10,0) [ 8.742999999999999 ]
23:(43,2,1,39,11,11,0) [ 8.382 ]
24:(42,2,2,39,11,11,0) [ 8.7366 ]
25:(42,2,1,38,12,12,0) [ 8.386600000000001 ]
26:(42,2,2,38,12,12,0) [ 8.8146 ]
27:(42,2,1,37,13,13,0) [ 8.4756 ]
28:(42,2,0,36,14,14,0) [ 8.1586 ]
29:(41,2,1,36,14,14,0) [ 8.4802 ]
30:(41,2,2,36,14,14,0) [ 8.8862 ]
31:(40,2,3,36,14,14,0) [ 9.2078 ]
32:(39,2,4,36,14,14,0) [ 9.5294 ]
33:(39,2,3,35,15,15,0) [ 9.1904 ]
34:(39,2,2,34,16,16,0) [ 8.8734 ]
35:(38,2,3,34,16,16,0) [ 9.173 ]
36:(37,2,4,34,16,16,0) [ 9.4726 ]
37:(37,2,3,33,17,17,0) [ 9.1556 ]
38:(36,2,4,33,17,17,0) [ 9.4442 ]
39:(36,2,5,33,17,17,0) [ 9.8172 ]
40:(35,2,6,33,17,17,0) [ 10.105799999999999 ]
41:(35,2,5,32,18,18,0) [ 9.7778 ]
42:(34,2,6,32,18,18,0) [ 10.055400000000002 ]
43:(34,2,7,32,18,18,0) [ 10.4174 ]
44:(34,2,6,31,19,19,0) [ 10.0894 ]
45:(33,2,7,31,19,19,0) [ 10.356 ]
46:(33,2,6,30,20,20,0) [ 10.039000000000001 ]
47:(33,2,7,30,20,20,0) [ 10.379000000000001 ]
48:(33,2,6,29,21,21,0) [ 10.073 ]
49:(33,2,5,28,22,22,0) [ 9.789 ]
50:(32,2,6,28,22,22,0) [ 10.0226 ]
51:(32,2,7,28,22,22,0) [ 10.340599999999998 ]
52:(31,2,8,28,22,22,0) [ 10.574200000000001 ]
53:(31,2,7,27,23,23,0) [ 10.2792 ]
54:(31,2,6,26,24,24,0) [ 10.0062 ]
55:(31,2,5,25,25,25,0) [ 9.755199999999999 ]
56:(31,2,4,24,26,26,0) [ 9.5262 ]
57:(30,2,5,24,26,26,0) [ 9.7158 ]
58:(30,2,6,24,26,26,0) [ 9.9898 ]
59:(29,2,7,24,26,26,0) [ 10.1794 ]
60:(29,2,6,23,27,27,0) [ 9.9394 ]
61:(28,2,7,23,27,27,0) [ 10.118 ]
62:(28,2,6,22,28,28,0) [ 9.889000000000001 ]
63:(28,2,5,21,29,29,0) [ 9.682 ]
64:(28,2,4,20,30,30,0) [ 9.497 ]
65:(28,2,3,19,31,31,0) [ 9.334 ]
66:(28,2,2,18,32,32,0) [ 9.193000000000001 ]
67:(28,2,3,18,32,32,0) [ 9.401 ]
68:(28,2,2,17,33,33,0) [ 9.271 ]
69:(28,2,1,16,34,34,0) [ 9.163 ]
70:(27,2,2,16,34,34,0) [ 9.264600000000002 ]
71:(27,2,1,15,35,35,0) [ 9.1676 ]
72:(26,2,2,15,35,35,0) [ 9.2582 ]
73:(26,2,1,14,36,36,0) [ 9.1722 ]
74:(26,2,0,13,37,37,0) [ 9.1082 ]
75:(26,2,1,13,37,37,0) [ 9.261199999999999 ]
76:(26,2,0,12,38,38,0) [ 9.208200000000001 ]
77:(25,2,1,12,38,38,0) [ 9.2658 ]
78:(25,2,0,11,39,39,0) [ 9.2238 ]
79:(24,2,1,11,39,39,0) [ 9.2704 ]
80:(24,2,2,11,39,39,0) [ 9.4014 ]
81:(23,2,3,11,39,39,0) [ 9.448 ]
82:(23,2,4,11,39,39,0) [ 9.579 ]
83:(23,2,3,10,40,40,0) [ 9.515 ]
84:(22,2,4,10,40,40,0) [ 9.5506 ]
85:(22,2,5,10,40,40,0) [ 9.6706 ]
86:(22,2,4,9,41,41,0) [ 9.6066 ]
87:(21,2,5,9,41,41,0) [ 9.6312 ]
88:(21,2,4,8,42,42,0) [ 9.578199999999999 ]
89:(21,2,3,7,43,43,0) [ 9.5472 ]
90:(21,2,2,6,44,44,0) [ 9.5382 ]
91:(21,2,1,5,45,45,0) [ 9.5512 ]
92:(21,2,2,5,45,45,0) [ 9.6162 ]
93:(21,2,1,4,46,46,0) [ 9.6402 ]
94:(20,2,2,4,46,46,0) [ 9.6098 ]
95:(20,2,1,3,47,47,0) [ 9.6448 ]
96:(20,2,0,2,48,48,0) [ 9.7018 ]
97:(20,2,1,2,48,48,0) [ 9.7338 ]
98:(20,2,0,1,49,49,0) [ 9.8018 ]
99:(19,2,1,1,49,49,0) [ 9.7384 ]
100:(19,2,2,1,49,49,0) [ 9.7594 ]
101:(19,2,1,0,50,50,0) [ 9.8274 TARGET ]
102:(20,2,1,0,50,50,0) [ 9.9118 TARGET ]
103:(18,2,1,0,50,50,0) [ 9.743 TARGET ]
104:(18,2,2,0,50,50,0) [ 9.753 TARGET ]
105:(19,2,2,0,50,50,0) [ 9.8374 TARGET ]
106:(20,2,2,1,49,49,0) [ 9.843800000000002 ]
107:(18,2,2,1,49,49,0) [ 9.675 ]
108:(18,2,3,1,49,49,0) [ 9.696 ]
109:(19,2,3,1,49,49,0) [ 9.7804 ]
110:(20,2,1,1,49,49,0) [ 9.8228 ]
111:(18,2,1,1,49,49,0) [ 9.654 ]
112:(21,2,0,1,49,49,0) [ 9.8862 ]
113:(19,2,0,1,49,49,0) [ 9.717400000000001 ]
114:(21,2,1,2,48,48,0) [ 9.818200000000001 ]
115:(19,2,1,2,48,48,0) [ 9.6494 ]
116:(19,2,2,2,48,48,0) [ 9.6814 ]
117:(20,2,2,2,48,48,0) [ 9.7658 ]
118:(21,2,0,2,48,48,0) [ 9.786200000000001 ]
119:(19,2,0,2,48,48,0) [ 9.6174 ]
120:(21,2,1,3,47,47,0) [ 9.729199999999999 ]
121:(19,2,1,3,47,47,0) [ 9.560400000000001 ]
122:(19,2,2,3,47,47,0) [ 9.6034 ]
123:(20,2,2,3,47,47,0) [ 9.6878 ]
124:(21,2,2,4,46,46,0) [ 9.6942 ]
125:(19,2,2,4,46,46,0) [ 9.525400000000001 ]
126:(19,2,3,4,46,46,0) [ 9.5794 ]
127:(20,2,3,4,46,46,0) [ 9.663800000000002 ]
128:(22,2,1,4,46,46,0) [ 9.7246 ]
129:(20,2,1,4,46,46,0) [ 9.555800000000001 ]
130:(22,2,2,5,45,45,0) [ 9.7006 ]
131:(20,2,2,5,45,45,0) [ 9.5318 ]
132:(20,2,3,5,45,45,0) [ 9.5968 ]
133:(21,2,3,5,45,45,0) [ 9.6812 ]
134:(22,2,1,5,45,45,0) [ 9.6356 ]
135:(20,2,1,5,45,45,0) [ 9.4668 ]
136:(22,2,2,6,44,44,0) [ 9.6226 ]
137:(20,2,2,6,44,44,0) [ 9.453800000000001 ]
138:(20,2,3,6,44,44,0) [ 9.529800000000002 ]
139:(21,2,3,6,44,44,0) [ 9.6142 ]
140:(22,2,3,7,43,43,0) [ 9.631599999999999 ]
141:(20,2,3,7,43,43,0) [ 9.462800000000001 ]
142:(20,2,4,7,43,43,0) [ 9.549800000000001 ]
143:(21,2,4,7,43,43,0) [ 9.6342 ]
144:(22,2,4,8,42,42,0) [ 9.662600000000001 ]
145:(20,2,4,8,42,42,0) [ 9.4938 ]
146:(20,2,5,8,42,42,0) [ 9.5918 ]
147:(21,2,5,8,42,42,0) [ 9.676200000000001 ]
148:(22,2,5,9,41,41,0) [ 9.715600000000002 ]
149:(20,2,5,9,41,41,0) [ 9.546800000000001 ]
150:(20,2,6,9,41,41,0) [ 9.655800000000001 ]
151:(21,2,6,9,41,41,0) [ 9.740200000000002 ]
152:(23,2,4,9,41,41,0) [ 9.691 ]
153:(21,2,4,9,41,41,0) [ 9.522200000000002 ]
154:(23,2,5,10,40,40,0) [ 9.754999999999999 ]
155:(21,2,5,10,40,40,0) [ 9.5862 ]
156:(21,2,6,10,40,40,0) [ 9.706199999999999 ]
157:(22,2,6,10,40,40,0) [ 9.7906 ]
158:(23,2,4,10,40,40,0) [ 9.635 ]
159:(21,2,4,10,40,40,0) [ 9.4662 ]
160:(24,2,3,10,40,40,0) [ 9.5994 ]
161:(22,2,3,10,40,40,0) [ 9.4306 ]
162:(24,2,4,11,39,39,0) [ 9.6634 ]
163:(22,2,4,11,39,39,0) [ 9.4946 ]
164:(22,2,5,11,39,39,0) [ 9.6256 ]
165:(23,2,5,11,39,39,0) [ 9.71 ]
166:(24,2,3,11,39,39,0) [ 9.532399999999999 ]
167:(22,2,3,11,39,39,0) [ 9.3636 ]
168:(25,2,2,11,39,39,0) [ 9.485800000000001 ]
169:(23,2,2,11,39,39,0) [ 9.317 ]
170:(25,2,1,11,39,39,0) [ 9.354800000000001 ]
171:(23,2,1,11,39,39,0) [ 9.186 ]
172:(26,2,0,11,39,39,0) [ 9.308200000000001 ]
173:(24,2,0,11,39,39,0) [ 9.1394 ]
174:(26,2,1,12,38,38,0) [ 9.350200000000001 ]
175:(24,2,1,12,38,38,0) [ 9.1814 ]
176:(24,2,2,12,38,38,0) [ 9.3234 ]
177:(25,2,2,12,38,38,0) [ 9.4078 ]
178:(27,2,0,12,38,38,0) [ 9.2926 ]
179:(25,2,0,12,38,38,0) [ 9.123800000000001 ]
180:(27,2,1,13,37,37,0) [ 9.345600000000001 ]
181:(25,2,1,13,37,37,0) [ 9.1768 ]
182:(25,2,2,13,37,37,0) [ 9.329799999999999 ]
183:(26,2,2,13,37,37,0) [ 9.414200000000001 ]
184:(27,2,0,13,37,37,0) [ 9.1926 ]
185:(25,2,0,13,37,37,0) [ 9.023800000000001 ]
186:(27,2,1,14,36,36,0) [ 9.2566 ]
187:(25,2,1,14,36,36,0) [ 9.0878 ]
188:(25,2,2,14,36,36,0) [ 9.2518 ]
189:(26,2,2,14,36,36,0) [ 9.3362 ]
190:(27,2,2,15,35,35,0) [ 9.342600000000001 ]
191:(25,2,2,15,35,35,0) [ 9.1738 ]
192:(25,2,3,15,35,35,0) [ 9.3488 ]
193:(26,2,3,15,35,35,0) [ 9.4332 ]
194:(28,2,1,15,35,35,0) [ 9.252 ]
195:(26,2,1,15,35,35,0) [ 9.0832 ]
196:(28,2,2,16,34,34,0) [ 9.349 ]
197:(26,2,2,16,34,34,0) [ 9.180200000000001 ]
198:(26,2,3,16,34,34,0) [ 9.366200000000001 ]
199:(27,2,3,16,34,34,0) [ 9.450600000000001 ]
200:(29,2,1,16,34,34,0) [ 9.2474 ]
201:(27,2,1,16,34,34,0) [ 9.078600000000002 ]
202:(29,2,2,17,33,33,0) [ 9.355400000000001 ]
203:(27,2,2,17,33,33,0) [ 9.1866 ]
204:(27,2,3,17,33,33,0) [ 9.383600000000001 ]
205:(28,2,3,17,33,33,0) [ 9.468 ]
206:(29,2,3,18,32,32,0) [ 9.4854 ]
207:(27,2,3,18,32,32,0) [ 9.316600000000001 ]
208:(27,2,4,18,32,32,0) [ 9.5246 ]
209:(28,2,4,18,32,32,0) [ 9.609000000000002 ]
210:(29,2,2,18,32,32,0) [ 9.2774 ]
211:(27,2,2,18,32,32,0) [ 9.1086 ]
212:(29,2,3,19,31,31,0) [ 9.4184 ]
213:(27,2,3,19,31,31,0) [ 9.249600000000001 ]
214:(27,2,4,19,31,31,0) [ 9.4686 ]
215:(28,2,4,19,31,31,0) [ 9.553 ]
216:(29,2,4,20,30,30,0) [ 9.5814 ]
217:(27,2,4,20,30,30,0) [ 9.412600000000001 ]
218:(27,2,5,20,30,30,0) [ 9.6426 ]
219:(28,2,5,20,30,30,0) [ 9.727 ]
220:(29,2,5,21,29,29,0) [ 9.7664 ]
221:(27,2,5,21,29,29,0) [ 9.5976 ]
222:(27,2,6,21,29,29,0) [ 9.838600000000001 ]
223:(28,2,6,21,29,29,0) [ 9.923000000000002 ]
224:(29,2,6,22,28,28,0) [ 9.9734 ]
225:(27,2,6,22,28,28,0) [ 9.8046 ]
226:(27,2,7,22,28,28,0) [ 10.0566 ]
227:(28,2,7,22,28,28,0) [ 10.141 ]
228:(29,2,7,23,27,27,0) [ 10.2024 ]
229:(27,2,7,23,27,27,0) [ 10.0336 ]
230:(27,2,8,23,27,27,0) [ 10.296600000000002 ]
231:(28,2,8,23,27,27,0) [ 10.381 ]
232:(30,2,6,23,27,27,0) [ 10.023800000000001 ]
233:(28,2,6,23,27,27,0) [ 9.855 ]
234:(30,2,7,24,26,26,0) [ 10.2638 ]
235:(28,2,7,24,26,26,0) [ 10.095 ]
236:(28,2,8,24,26,26,0) [ 10.369000000000002 ]
237:(29,2,8,24,26,26,0) [ 10.4534 ]
238:(31,2,6,24,26,26,0) [ 10.074200000000001 ]
239:(29,2,6,24,26,26,0) [ 9.9054 ]
240:(31,2,5,24,26,26,0) [ 9.8002 ]
241:(29,2,5,24,26,26,0) [ 9.6314 ]
242:(32,2,4,24,26,26,0) [ 9.6106 ]
243:(30,2,4,24,26,26,0) [ 9.4418 ]
244:(32,2,5,25,25,25,0) [ 9.8396 ]
245:(30,2,5,25,25,25,0) [ 9.6708 ]
246:(30,2,6,25,25,25,0) [ 9.9558 ]
247:(31,2,6,25,25,25,0) [ 10.0402 ]
248:(32,2,6,26,24,24,0) [ 10.090600000000002 ]
249:(30,2,6,26,24,24,0) [ 9.921800000000001 ]
250:(30,2,7,26,24,24,0) [ 10.2178 ]
251:(31,2,7,26,24,24,0) [ 10.3022 ]
252:(32,2,7,27,23,23,0) [ 10.363600000000002 ]
253:(30,2,7,27,23,23,0) [ 10.1948 ]
254:(30,2,8,27,23,23,0) [ 10.5018 ]
255:(31,2,8,27,23,23,0) [ 10.586200000000002 ]
256:(32,2,8,28,22,22,0) [ 10.6586 ]
257:(30,2,8,28,22,22,0) [ 10.489799999999999 ]
258:(30,2,9,28,22,22,0) [ 10.8078 ]
259:(31,2,9,28,22,22,0) [ 10.892199999999999 ]
260:(33,2,7,28,22,22,0) [ 10.425 ]
261:(31,2,7,28,22,22,0) [ 10.2562 ]
262:(33,2,6,28,22,22,0) [ 10.107 ]
263:(31,2,6,28,22,22,0) [ 9.9382 ]
264:(34,2,5,28,22,22,0) [ 9.8734 ]
265:(32,2,5,28,22,22,0) [ 9.7046 ]
266:(34,2,6,29,21,21,0) [ 10.1574 ]
267:(32,2,6,29,21,21,0) [ 9.9886 ]
268:(32,2,7,29,21,21,0) [ 10.3176 ]
269:(33,2,7,29,21,21,0) [ 10.402 ]
270:(34,2,7,30,20,20,0) [ 10.4634 ]
271:(32,2,7,30,20,20,0) [ 10.294599999999999 ]
272:(32,2,8,30,20,20,0) [ 10.634599999999999 ]
273:(33,2,8,30,20,20,0) [ 10.719000000000001 ]
274:(34,2,6,30,20,20,0) [ 10.1234 ]
275:(32,2,6,30,20,20,0) [ 9.9546 ]
276:(34,2,7,31,19,19,0) [ 10.4404 ]
277:(32,2,7,31,19,19,0) [ 10.271600000000001 ]
278:(32,2,8,31,19,19,0) [ 10.6226 ]
279:(33,2,8,31,19,19,0) [ 10.706999999999999 ]
280:(35,2,6,31,19,19,0) [ 10.173800000000002 ]
281:(33,2,6,31,19,19,0) [ 10.005 ]
282:(35,2,7,32,18,18,0) [ 10.5018 ]
283:(33,2,7,32,18,18,0) [ 10.333000000000002 ]
284:(33,2,8,32,18,18,0) [ 10.695 ]
285:(34,2,8,32,18,18,0) [ 10.7794 ]
286:(35,2,6,32,18,18,0) [ 10.139800000000001 ]
287:(33,2,6,32,18,18,0) [ 9.971 ]
288:(36,2,5,32,18,18,0) [ 9.862200000000001 ]
289:(34,2,5,32,18,18,0) [ 9.6934 ]
290:(36,2,6,33,17,17,0) [ 10.1902 ]
291:(34,2,6,33,17,17,0) [ 10.0214 ]
292:(34,2,7,33,17,17,0) [ 10.394400000000001 ]
293:(35,2,7,33,17,17,0) [ 10.4788 ]
294:(37,2,5,33,17,17,0) [ 9.901599999999998 ]
295:(35,2,5,33,17,17,0) [ 9.732800000000001 ]
296:(37,2,4,33,17,17,0) [ 9.5286 ]
297:(35,2,4,33,17,17,0) [ 9.3598 ]
298:(38,2,3,33,17,17,0) [ 9.24 ]
299:(36,2,3,33,17,17,0) [ 9.071200000000001 ]
300:(38,2,4,34,16,16,0) [ 9.557 ]
301:(36,2,4,34,16,16,0) [ 9.388200000000001 ]
302:(36,2,5,34,16,16,0) [ 9.7722 ]
303:(37,2,5,34,16,16,0) [ 9.856599999999998 ]
304:(39,2,3,34,16,16,0) [ 9.2574 ]
305:(37,2,3,34,16,16,0) [ 9.0886 ]
306:(40,2,2,34,16,16,0) [ 8.9578 ]
307:(38,2,2,34,16,16,0) [ 8.789 ]
308:(40,2,3,35,15,15,0) [ 9.274799999999999 ]
309:(38,2,3,35,15,15,0) [ 9.106 ]
310:(38,2,4,35,15,15,0) [ 9.501000000000001 ]
311:(39,2,4,35,15,15,0) [ 9.5854 ]
312:(40,2,4,36,14,14,0) [ 9.6138 ]
313:(38,2,4,36,14,14,0) [ 9.445 ]
314:(38,2,5,36,14,14,0) [ 9.851 ]
315:(39,2,5,36,14,14,0) [ 9.9354 ]
316:(41,2,3,36,14,14,0) [ 9.2922 ]
317:(39,2,3,36,14,14,0) [ 9.1234 ]
318:(42,2,2,36,14,14,0) [ 8.9706 ]
319:(40,2,2,36,14,14,0) [ 8.8018 ]
320:(42,2,1,36,14,14,0) [ 8.5646 ]
321:(40,2,1,36,14,14,0) [ 8.3958 ]
322:(43,2,0,36,14,14,0) [ 8.243 ]
323:(41,2,0,36,14,14,0) [ 8.074200000000001 ]
324:(43,2,1,37,13,13,0) [ 8.56 ]
325:(41,2,1,37,13,13,0) [ 8.391200000000001 ]
326:(41,2,2,37,13,13,0) [ 8.808200000000001 ]
327:(42,2,2,37,13,13,0) [ 8.8926 ]
328:(43,2,2,38,12,12,0) [ 8.899000000000001 ]
329:(41,2,2,38,12,12,0) [ 8.7302 ]
330:(41,2,3,38,12,12,0) [ 9.1582 ]
331:(42,2,3,38,12,12,0) [ 9.2426 ]
332:(43,2,1,38,12,12,0) [ 8.471 ]
333:(41,2,1,38,12,12,0) [ 8.3022 ]
334:(43,2,2,39,11,11,0) [ 8.821 ]
335:(41,2,2,39,11,11,0) [ 8.6522 ]
336:(41,2,3,39,11,11,0) [ 9.0912 ]
337:(42,2,3,39,11,11,0) [ 9.1756 ]
338:(44,2,1,39,11,11,0) [ 8.4664 ]
339:(42,2,1,39,11,11,0) [ 8.2976 ]
340:(44,2,2,40,10,10,0) [ 8.8274 ]
341:(42,2,2,40,10,10,0) [ 8.6586 ]
342:(42,2,3,40,10,10,0) [ 9.1086 ]
343:(43,2,3,40,10,10,0) [ 9.193 ]
344:(44,2,3,41,9,9,0) [ 9.2104 ]
345:(42,2,3,41,9,9,0) [ 9.0416 ]
346:(42,2,4,41,9,9,0) [ 9.5026 ]
347:(43,2,4,41,9,9,0) [ 9.587000000000002 ]
348:(44,2,2,41,9,9,0) [ 8.7494 ]
349:(42,2,2,41,9,9,0) [ 8.5806 ]
350:(45,2,1,41,9,9,0) [ 8.3728 ]
351:(43,2,1,41,9,9,0) [ 8.203999999999999 ]
352:(46,2,0,41,9,9,0) [ 7.996200000000001 ]
353:(44,2,0,41,9,9,0) [ 7.827400000000001 ]
354:(46,2,1,42,8,8,0) [ 8.3682 ]
355:(44,2,1,42,8,8,0) [ 8.1994 ]
356:(44,2,2,42,8,8,0) [ 8.6714 ]
357:(45,2,2,42,8,8,0) [ 8.7558 ]
358:(47,2,0,42,8,8,0) [ 7.9806 ]
359:(45,2,0,42,8,8,0) [ 7.8118 ]
360:(47,2,1,43,7,7,0) [ 8.3636 ]
361:(45,2,1,43,7,7,0) [ 8.194799999999999 ]
362:(45,2,2,43,7,7,0) [ 8.6778 ]
363:(46,2,2,43,7,7,0) [ 8.7622 ]
364:(47,2,0,43,7,7,0) [ 7.8806 ]
365:(45,2,0,43,7,7,0) [ 7.7118 ]
366:(47,2,1,44,6,6,0) [ 8.274600000000001 ]
367:(45,2,1,44,6,6,0) [ 8.1058 ]
368:(45,2,2,44,6,6,0) [ 8.5998 ]
369:(46,2,2,44,6,6,0) [ 8.684199999999999 ]
370:(48,2,0,44,6,6,0) [ 7.865 ]
371:(46,2,0,44,6,6,0) [ 7.696200000000001 ]
372:(48,2,1,45,5,5,0) [ 8.27 ]
373:(46,2,1,45,5,5,0) [ 8.1012 ]
374:(46,2,2,45,5,5,0) [ 8.606200000000001 ]
375:(47,2,2,45,5,5,0) [ 8.6906 ]
376:(48,2,0,45,5,5,0) [ 7.765 ]
377:(46,2,0,45,5,5,0) [ 7.5962000000000005 ]
378:(48,2,1,46,4,4,0) [ 8.181 ]
379:(46,2,1,46,4,4,0) [ 8.0122 ]
380:(46,2,2,46,4,4,0) [ 8.5282 ]
381:(47,2,2,46,4,4,0) [ 8.612600000000002 ]
382:(49,2,0,46,4,4,0) [ 7.7494000000000005 ]
383:(47,2,0,46,4,4,0) [ 7.5806000000000004 ]
384:(49,2,1,47,3,3,0) [ 8.176400000000001 ]
385:(47,2,1,47,3,3,0) [ 8.0076 ]
386:(47,2,2,47,3,3,0) [ 8.534600000000001 ]
387:(48,2,2,47,3,3,0) [ 8.619 ]
388:(49,2,2,48,2,2,0) [ 8.625399999999999 ]
389:(47,2,2,48,2,2,0) [ 8.4566 ]
390:(47,2,3,48,2,2,0) [ 8.994599999999998 ]
391:(48,2,3,48,2,2,0) [ 9.079 ]
392:(49,2,1,48,2,2,0) [ 8.0874 ]
393:(47,2,1,48,2,2,0) [ 7.9186000000000005 ]
394:(50,2,0,48,2,2,0) [ 7.6338 ]
395:(48,2,0,48,2,2,0) [ 7.465 ]
396:(50,2,1,49,1,1,0) [ 8.082799999999999 ]
397:(48,2,1,49,1,1,0) [ 7.913999999999999 ]
398:(48,2,2,49,1,1,0) [ 8.463 ]
399:(49,2,2,49,1,1,0) [ 8.547399999999998 ]
400:(50,2,0,49,1,1,0) [ 7.533799999999999 ]
401:(48,2,0,49,1,1,0) [ 7.364999999999999 ]
402:(50,2,1,50,0,0,0) [ 7.993799999999999 ]
403:(48,2,1,50,0,0,0) [ 7.824999999999999 ]
404:(48,2,2,50,0,0,0) [ 8.384999999999998 ]
405:(49,2,2,50,0,0,0) [ 8.4694 ]
406:(51,2,0,50,0,0,0) [ 7.518200000000001 ]
407:(49,2,0,50,0,0,0) [ 7.3494 ]
408:(21,2,1,0,50,50,0) [ 9.9962 TARGET ]
409:(20,2,2,0,50,50,0) [ 9.921800000000001 TARGET ]
410:(21,2,2,1,49,49,0) [ 9.9282 ]
411:(20,2,3,1,49,49,0) [ 9.8648 ]
412:(21,2,1,1,49,49,0) [ 9.9072 ]
413:(22,2,0,1,49,49,0) [ 9.970600000000001 ]
414:(22,2,1,2,48,48,0) [ 9.9026 ]
415:(21,2,2,2,48,48,0) [ 9.850200000000001 ]
416:(22,2,0,2,48,48,0) [ 9.8706 ]
417:(22,2,1,3,47,47,0) [ 9.813600000000001 ]
418:(21,2,2,3,47,47,0) [ 9.772200000000002 ]
419:(22,2,2,4,46,46,0) [ 9.7786 ]
420:(21,2,3,4,46,46,0) [ 9.7482 ]
421:(23,2,1,4,46,46,0) [ 9.809000000000001 ]
422:(23,2,2,5,45,45,0) [ 9.785 ]
423:(22,2,3,5,45,45,0) [ 9.7656 ]
424:(23,2,1,5,45,45,0) [ 9.72 ]
425:(23,2,2,6,44,44,0) [ 9.707 ]
426:(22,2,3,6,44,44,0) [ 9.6986 ]
427:(23,2,3,7,43,43,0) [ 9.716000000000001 ]
428:(22,2,4,7,43,43,0) [ 9.718599999999999 ]
429:(23,2,4,8,42,42,0) [ 9.747 ]
430:(22,2,5,8,42,42,0) [ 9.7606 ]
431:(23,2,5,9,41,41,0) [ 9.8 ]
432:(22,2,6,9,41,41,0) [ 9.8246 ]
433:(24,2,4,9,41,41,0) [ 9.775400000000001 ]
434:(24,2,5,10,40,40,0) [ 9.8394 ]
435:(23,2,6,10,40,40,0) [ 9.875 ]
436:(24,2,4,10,40,40,0) [ 9.7194 ]
437:(25,2,3,10,40,40,0) [ 9.6838 ]
438:(25,2,4,11,39,39,0) [ 9.7478 ]
439:(24,2,5,11,39,39,0) [ 9.7944 ]
440:(25,2,3,11,39,39,0) [ 9.6168 ]
441:(26,2,2,11,39,39,0) [ 9.5702 ]
442:(26,2,1,11,39,39,0) [ 9.4392 ]
443:(27,2,0,11,39,39,0) [ 9.392600000000002 ]
444:(27,2,1,12,38,38,0) [ 9.434600000000001 ]
445:(26,2,2,12,38,38,0) [ 9.4922 ]
446:(28,2,0,12,38,38,0) [ 9.377 ]
447:(28,2,1,13,37,37,0) [ 9.43 ]
448:(27,2,2,13,37,37,0) [ 9.4986 ]
449:(28,2,0,13,37,37,0) [ 9.277000000000001 ]
450:(28,2,1,14,36,36,0) [ 9.341 ]
451:(27,2,2,14,36,36,0) [ 9.4206 ]
452:(28,2,2,15,35,35,0) [ 9.427 ]
453:(27,2,3,15,35,35,0) [ 9.5176 ]
454:(29,2,1,15,35,35,0) [ 9.3364 ]
455:(29,2,2,16,34,34,0) [ 9.4334 ]
456:(28,2,3,16,34,34,0) [ 9.535 ]
457:(30,2,1,16,34,34,0) [ 9.331800000000001 ]
458:(30,2,2,17,33,33,0) [ 9.4398 ]
459:(29,2,3,17,33,33,0) [ 9.5524 ]
460:(30,2,3,18,32,32,0) [ 9.5698 ]
461:(29,2,4,18,32,32,0) [ 9.6934 ]
462:(30,2,2,18,32,32,0) [ 9.361799999999999 ]
463:(30,2,3,19,31,31,0) [ 9.5028 ]
464:(29,2,4,19,31,31,0) [ 9.6374 ]
465:(30,2,4,20,30,30,0) [ 9.6658 ]
466:(29,2,5,20,30,30,0) [ 9.811399999999999 ]
467:(30,2,5,21,29,29,0) [ 9.8508 ]
468:(29,2,6,21,29,29,0) [ 10.0074 ]
469:(30,2,6,22,28,28,0) [ 10.0578 ]
470:(29,2,7,22,28,28,0) [ 10.2254 ]
471:(30,2,7,23,27,27,0) [ 10.2868 ]
472:(29,2,8,23,27,27,0) [ 10.4654 ]
473:(31,2,6,23,27,27,0) [ 10.1082 ]
474:(31,2,7,24,26,26,0) [ 10.3482 ]
475:(30,2,8,24,26,26,0) [ 10.5378 ]
476:(32,2,6,24,26,26,0) [ 10.1586 ]
477:(32,2,5,24,26,26,0) [ 9.8846 ]
478:(33,2,4,24,26,26,0) [ 9.695 ]
479:(33,2,5,25,25,25,0) [ 9.924 ]
480:(32,2,6,25,25,25,0) [ 10.124600000000001 ]
481:(33,2,6,26,24,24,0) [ 10.175 ]
482:(32,2,7,26,24,24,0) [ 10.386600000000001 ]
483:(33,2,7,27,23,23,0) [ 10.448 ]
484:(32,2,8,27,23,23,0) [ 10.6706 ]
485:(33,2,8,28,22,22,0) [ 10.742999999999999 ]
486:(32,2,9,28,22,22,0) [ 10.976599999999998 ]
487:(34,2,7,28,22,22,0) [ 10.5094 ]
488:(34,2,6,28,22,22,0) [ 10.191400000000002 ]
489:(35,2,5,28,22,22,0) [ 9.957799999999999 ]
490:(35,2,6,29,21,21,0) [ 10.2418 ]
491:(34,2,7,29,21,21,0) [ 10.4864 ]
492:(35,2,7,30,20,20,0) [ 10.547799999999999 ]
493:(34,2,8,30,20,20,0) [ 10.8034 ]
494:(35,2,6,30,20,20,0) [ 10.207799999999999 ]
495:(35,2,7,31,19,19,0) [ 10.5248 ]
496:(34,2,8,31,19,19,0) [ 10.791400000000001 ]
497:(36,2,6,31,19,19,0) [ 10.2582 ]
498:(36,2,7,32,18,18,0) [ 10.586200000000002 ]
499:(35,2,8,32,18,18,0) [ 10.863800000000001 ]
500:(36,2,6,32,18,18,0) [ 10.2242 ]
501:(37,2,5,32,18,18,0) [ 9.9466 ]
502:(37,2,6,33,17,17,0) [ 10.2746 ]
503:(36,2,7,33,17,17,0) [ 10.563199999999998 ]
504:(38,2,5,33,17,17,0) [ 9.986 ]
505:(38,2,4,33,17,17,0) [ 9.613 ]
506:(39,2,3,33,17,17,0) [ 9.3244 ]
507:(39,2,4,34,16,16,0) [ 9.641399999999999 ]
508:(38,2,5,34,16,16,0) [ 9.941 ]
509:(40,2,3,34,16,16,0) [ 9.341800000000001 ]
510:(41,2,2,34,16,16,0) [ 9.042200000000001 ]
511:(41,2,3,35,15,15,0) [ 9.359200000000001 ]
512:(40,2,4,35,15,15,0) [ 9.6698 ]
513:(41,2,4,36,14,14,0) [ 9.698200000000002 ]
514:(40,2,5,36,14,14,0) [ 10.0198 ]
515:(42,2,3,36,14,14,0) [ 9.3766 ]
516:(43,2,2,36,14,14,0) [ 9.055 ]
517:(43,2,1,36,14,14,0) [ 8.649 ]
518:(44,2,0,36,14,14,0) [ 8.3274 ]
519:(44,2,1,37,13,13,0) [ 8.6444 ]
520:(43,2,2,37,13,13,0) [ 8.977 ]
521:(44,2,2,38,12,12,0) [ 8.9834 ]
522:(43,2,3,38,12,12,0) [ 9.326999999999998 ]
523:(44,2,1,38,12,12,0) [ 8.555399999999999 ]
524:(44,2,2,39,11,11,0) [ 8.9054 ]
525:(43,2,3,39,11,11,0) [ 9.26 ]
526:(45,2,1,39,11,11,0) [ 8.5508 ]
527:(45,2,2,40,10,10,0) [ 8.9118 ]
528:(44,2,3,40,10,10,0) [ 9.2774 ]
529:(45,2,3,41,9,9,0) [ 9.2948 ]
530:(44,2,4,41,9,9,0) [ 9.6714 ]
531:(45,2,2,41,9,9,0) [ 8.8338 ]
532:(46,2,1,41,9,9,0) [ 8.4572 ]
533:(47,2,0,41,9,9,0) [ 8.0806 ]
534:(47,2,1,42,8,8,0) [ 8.4526 ]
535:(46,2,2,42,8,8,0) [ 8.840200000000001 ]
536:(48,2,0,42,8,8,0) [ 8.065 ]
537:(48,2,1,43,7,7,0) [ 8.447999999999999 ]
538:(47,2,2,43,7,7,0) [ 8.846599999999999 ]
539:(48,2,0,43,7,7,0) [ 7.965 ]
540:(48,2,1,44,6,6,0) [ 8.359 ]
541:(47,2,2,44,6,6,0) [ 8.768600000000001 ]
542:(49,2,0,44,6,6,0) [ 7.949400000000001 ]
543:(49,2,1,45,5,5,0) [ 8.3544 ]
544:(48,2,2,45,5,5,0) [ 8.774999999999999 ]
545:(49,2,0,45,5,5,0) [ 7.8494 ]
546:(49,2,1,46,4,4,0) [ 8.2654 ]
547:(48,2,2,46,4,4,0) [ 8.697000000000001 ]
548:(50,2,0,46,4,4,0) [ 7.8338 ]
549:(50,2,1,47,3,3,0) [ 8.2608 ]
550:(49,2,2,47,3,3,0) [ 8.7034 ]
551:(50,2,2,48,2,2,0) [ 8.709799999999998 ]
552:(49,2,3,48,2,2,0) [ 9.1634 ]
553:(50,2,1,48,2,2,0) [ 8.1718 ]
554:(51,2,0,48,2,2,0) [ 7.718200000000001 ]
555:(51,2,1,49,1,1,0) [ 8.1672 ]
556:(50,2,2,49,1,1,0) [ 8.6318 ]
557:(51,2,0,49,1,1,0) [ 7.618200000000001 ]
558:(51,2,1,50,0,0,0) [ 8.0782 ]
559:(50,2,2,50,0,0,0) [ 8.553799999999999 ]
560:(52,2,0,50,0,0,0) [ 7.602600000000001 ]
561:(31,2,4,20,30,30,0) [ 9.7502 ]
562:(30,2,5,20,30,30,0) [ 9.8958 ]
563:(34,2,6,26,24,24,0) [ 10.2594 ]
564:(34,2,7,27,23,23,0) [ 10.5324 ]
565:(34,2,8,28,22,22,0) [ 10.8274 ]
566:(35,2,8,30,20,20,0) [ 10.887799999999999 ]
567:(35,2,8,31,19,19,0) [ 10.8758 ]
568:(38,2,5,32,18,18,0) [ 10.031 ]
569:(38,2,6,33,17,17,0) [ 10.358999999999998 ]
570:(39,2,5,33,17,17,0) [ 10.0704 ]
571:(42,2,3,35,15,15,0) [ 9.4436 ]
572:(41,2,4,35,15,15,0) [ 9.7542 ]
573:(41,2,5,36,14,14,0) [ 10.1042 ]
574:(44,2,3,39,11,11,0) [ 9.344399999999998 ]
575:(46,2,3,41,9,9,0) [ 9.3792 ]
576:(46,2,2,41,9,9,0) [ 8.9182 ]
577:(47,2,2,42,8,8,0) [ 8.924600000000002 ]
578:(49,2,0,42,8,8,0) [ 8.1494 ]
579:(49,2,1,43,7,7,0) [ 8.532399999999999 ]
580:(48,2,2,43,7,7,0) [ 8.930999999999997 ]
581:(49,2,1,44,6,6,0) [ 8.4434 ]
582:(48,2,2,44,6,6,0) [ 8.853 ]
583:(49,2,2,45,5,5,0) [ 8.8594 ]
584:(50,2,1,46,4,4,0) [ 8.3498 ]
585:(49,2,2,46,4,4,0) [ 8.7814 ]
586:(50,2,2,47,3,3,0) [ 8.7878 ]
587:(50,2,3,48,2,2,0) [ 9.247799999999998 ]
588:(19,2,3,2,48,48,0) [ 9.7134 ]
589:(20,2,3,2,48,48,0) [ 9.7978 ]
590:(19,2,3,3,47,47,0) [ 9.6464 ]
591:(19,2,4,4,46,46,0) [ 9.633400000000002 ]
592:(20,2,4,5,45,45,0) [ 9.6618 ]
593:(21,2,4,6,44,44,0) [ 9.6902 ]
594:(24,2,3,12,38,38,0) [ 9.4654 ]
595:(25,2,3,13,37,37,0) [ 9.482800000000001 ]
596:(26,2,3,14,36,36,0) [ 9.5002 ]
597:(28,2,5,19,31,31,0) [ 9.772 ]
598:(37,2,6,34,16,16,0) [ 10.240599999999999 ]
599:(38,2,5,35,15,15,0) [ 9.896 ]
600:(45,2,3,42,8,8,0) [ 9.227800000000002 ]
601:(45,2,3,43,7,7,0) [ 9.160799999999998 ]
602:(47,2,3,45,5,5,0) [ 9.1956 ]
603:(47,2,3,47,3,3,0) [ 9.061600000000002 ]
604:(48,2,3,49,1,1,0) [ 9.011999999999999 ]
605:(21,2,3,2,48,48,0) [ 9.882200000000001 ]
606:(29,2,4,17,33,33,0) [ 9.7494 ]
607:(29,2,5,18,32,32,0) [ 9.901399999999999 ]
608:(29,2,5,19,31,31,0) [ 9.856399999999999 ]
609:(29,2,6,20,30,30,0) [ 10.0414 ]
610:(34,2,9,30,20,20,0) [ 11.1434 ]
611:(43,2,3,37,13,13,0) [ 9.394000000000002 ]
612:(43,2,4,39,11,11,0) [ 9.699 ]
613:(44,2,4,40,10,10,0) [ 9.7274 ]
614:(46,2,3,42,8,8,0) [ 9.3122 ]
615:(47,2,3,43,7,7,0) [ 9.3296 ]
616:(48,2,3,45,5,5,0) [ 9.280000000000001 ]
617:(49,2,3,47,3,3,0) [ 9.230400000000001 ]
618:(49,2,4,48,2,2,0) [ 9.7014 ]
619:(17,2,1,0,50,50,0) [ 9.6586 TARGET ]
620:(17,2,2,0,50,50,0) [ 9.6686 TARGET ]
621:(17,2,2,1,49,49,0) [ 9.5906 ]
622:(17,2,3,1,49,49,0) [ 9.6116 ]
623:(17,2,1,1,49,49,0) [ 9.569600000000001 ]
624:(18,2,0,1,49,49,0) [ 9.633 ]
625:(18,2,1,2,48,48,0) [ 9.565000000000001 ]
626:(18,2,2,2,48,48,0) [ 9.597000000000001 ]
627:(18,2,0,2,48,48,0) [ 9.533000000000001 ]
628:(18,2,1,3,47,47,0) [ 9.475999999999999 ]
629:(18,2,2,3,47,47,0) [ 9.519 ]
630:(18,2,2,4,46,46,0) [ 9.441 ]
631:(18,2,3,4,46,46,0) [ 9.495000000000001 ]
632:(19,2,1,4,46,46,0) [ 9.471400000000001 ]
633:(19,2,2,5,45,45,0) [ 9.4474 ]
634:(19,2,3,5,45,45,0) [ 9.5124 ]
635:(19,2,1,5,45,45,0) [ 9.3824 ]
636:(19,2,2,6,44,44,0) [ 9.3694 ]
637:(19,2,3,6,44,44,0) [ 9.4454 ]
638:(19,2,3,7,43,43,0) [ 9.3784 ]
639:(19,2,4,7,43,43,0) [ 9.465399999999999 ]
640:(19,2,4,8,42,42,0) [ 9.409400000000002 ]
641:(19,2,5,8,42,42,0) [ 9.5074 ]
642:(19,2,5,9,41,41,0) [ 9.4624 ]
643:(19,2,6,9,41,41,0) [ 9.5714 ]
644:(20,2,4,9,41,41,0) [ 9.4378 ]
645:(20,2,5,10,40,40,0) [ 9.5018 ]
646:(20,2,6,10,40,40,0) [ 9.6218 ]
647:(20,2,4,10,40,40,0) [ 9.3818 ]
648:(21,2,3,10,40,40,0) [ 9.3462 ]
649:(21,2,4,11,39,39,0) [ 9.4102 ]
650:(21,2,5,11,39,39,0) [ 9.5412 ]
651:(21,2,3,11,39,39,0) [ 9.2792 ]
652:(22,2,2,11,39,39,0) [ 9.232600000000001 ]
653:(22,2,1,11,39,39,0) [ 9.101600000000001 ]
654:(23,2,0,11,39,39,0) [ 9.055 ]
655:(23,2,1,12,38,38,0) [ 9.097000000000001 ]
656:(23,2,2,12,38,38,0) [ 9.239 ]
657:(24,2,0,12,38,38,0) [ 9.0394 ]
658:(24,2,1,13,37,37,0) [ 9.0924 ]
659:(24,2,2,13,37,37,0) [ 9.2454 ]
660:(24,2,0,13,37,37,0) [ 8.9394 ]
661:(24,2,1,14,36,36,0) [ 9.0034 ]
662:(24,2,2,14,36,36,0) [ 9.167399999999999 ]
663:(24,2,2,15,35,35,0) [ 9.0894 ]
664:(24,2,3,15,35,35,0) [ 9.2644 ]
665:(25,2,1,15,35,35,0) [ 8.9988 ]
666:(25,2,2,16,34,34,0) [ 9.0958 ]
667:(25,2,3,16,34,34,0) [ 9.2818 ]
668:(26,2,1,16,34,34,0) [ 8.994200000000001 ]
669:(26,2,2,17,33,33,0) [ 9.102200000000002 ]
670:(26,2,3,17,33,33,0) [ 9.2992 ]
671:(26,2,3,18,32,32,0) [ 9.2322 ]
672:(26,2,4,18,32,32,0) [ 9.4402 ]
673:(26,2,2,18,32,32,0) [ 9.0242 ]
674:(26,2,3,19,31,31,0) [ 9.1652 ]
675:(26,2,4,19,31,31,0) [ 9.3842 ]
676:(26,2,4,20,30,30,0) [ 9.3282 ]
677:(26,2,5,20,30,30,0) [ 9.5582 ]
678:(26,2,5,21,29,29,0) [ 9.513200000000001 ]
679:(26,2,6,21,29,29,0) [ 9.7542 ]
680:(26,2,6,22,28,28,0) [ 9.7202 ]
681:(26,2,7,22,28,28,0) [ 9.9722 ]
682:(26,2,7,23,27,27,0) [ 9.949200000000001 ]
683:(26,2,8,23,27,27,0) [ 10.212200000000001 ]
684:(27,2,6,23,27,27,0) [ 9.770600000000002 ]
685:(27,2,7,24,26,26,0) [ 10.0106 ]
686:(27,2,8,24,26,26,0) [ 10.284600000000001 ]
687:(28,2,6,24,26,26,0) [ 9.821000000000002 ]
688:(28,2,5,24,26,26,0) [ 9.547 ]
689:(29,2,4,24,26,26,0) [ 9.3574 ]
690:(29,2,5,25,25,25,0) [ 9.5864 ]
691:(29,2,6,25,25,25,0) [ 9.871400000000001 ]
692:(29,2,6,26,24,24,0) [ 9.8374 ]
693:(29,2,7,26,24,24,0) [ 10.1334 ]
694:(29,2,7,27,23,23,0) [ 10.1104 ]
695:(29,2,8,27,23,23,0) [ 10.4174 ]
696:(29,2,8,28,22,22,0) [ 10.4054 ]
697:(29,2,9,28,22,22,0) [ 10.723399999999998 ]
698:(30,2,7,28,22,22,0) [ 10.171800000000001 ]
699:(30,2,6,28,22,22,0) [ 9.8538 ]
700:(31,2,5,28,22,22,0) [ 9.6202 ]
701:(31,2,6,29,21,21,0) [ 9.904200000000001 ]
702:(31,2,7,29,21,21,0) [ 10.233199999999998 ]
703:(31,2,7,30,20,20,0) [ 10.2102 ]
704:(31,2,8,30,20,20,0) [ 10.5502 ]
705:(31,2,6,30,20,20,0) [ 9.8702 ]
706:(31,2,7,31,19,19,0) [ 10.187199999999999 ]
707:(31,2,8,31,19,19,0) [ 10.538200000000002 ]
708:(32,2,6,31,19,19,0) [ 9.920600000000002 ]
709:(32,2,7,32,18,18,0) [ 10.2486 ]
710:(32,2,8,32,18,18,0) [ 10.610600000000002 ]
711:(32,2,6,32,18,18,0) [ 9.886600000000001 ]
712:(33,2,5,32,18,18,0) [ 9.609 ]
713:(33,2,6,33,17,17,0) [ 9.937000000000001 ]
714:(33,2,7,33,17,17,0) [ 10.309999999999999 ]
715:(34,2,5,33,17,17,0) [ 9.648399999999999 ]
716:(34,2,4,33,17,17,0) [ 9.275400000000001 ]
717:(35,2,3,33,17,17,0) [ 8.9868 ]
718:(35,2,4,34,16,16,0) [ 9.3038 ]
719:(35,2,5,34,16,16,0) [ 9.6878 ]
720:(36,2,3,34,16,16,0) [ 9.0042 ]
721:(37,2,2,34,16,16,0) [ 8.704600000000001 ]
722:(37,2,3,35,15,15,0) [ 9.0216 ]
723:(37,2,4,35,15,15,0) [ 9.416599999999999 ]
724:(37,2,4,36,14,14,0) [ 9.3606 ]
725:(37,2,5,36,14,14,0) [ 9.7666 ]
726:(38,2,3,36,14,14,0) [ 9.039 ]
727:(39,2,2,36,14,14,0) [ 8.7174 ]
728:(39,2,1,36,14,14,0) [ 8.3114 ]
729:(40,2,0,36,14,14,0) [ 7.989800000000001 ]
730:(40,2,1,37,13,13,0) [ 8.3068 ]
731:(40,2,2,37,13,13,0) [ 8.7238 ]
732:(40,2,2,38,12,12,0) [ 8.645800000000001 ]
733:(40,2,3,38,12,12,0) [ 9.0738 ]
734:(40,2,1,38,12,12,0) [ 8.2178 ]
735:(40,2,2,39,11,11,0) [ 8.5678 ]
736:(40,2,3,39,11,11,0) [ 9.0068 ]
737:(41,2,1,39,11,11,0) [ 8.2132 ]
738:(41,2,2,40,10,10,0) [ 8.574200000000001 ]
739:(41,2,3,40,10,10,0) [ 9.0242 ]
740:(41,2,3,41,9,9,0) [ 8.9572 ]
741:(41,2,4,41,9,9,0) [ 9.4182 ]
742:(41,2,2,41,9,9,0) [ 8.4962 ]
743:(42,2,1,41,9,9,0) [ 8.1196 ]
744:(43,2,0,41,9,9,0) [ 7.743 ]
745:(43,2,1,42,8,8,0) [ 8.115 ]
746:(43,2,2,42,8,8,0) [ 8.587 ]
747:(44,2,0,42,8,8,0) [ 7.7274 ]
748:(44,2,1,43,7,7,0) [ 8.1104 ]
749:(44,2,2,43,7,7,0) [ 8.593399999999999 ]
750:(44,2,0,43,7,7,0) [ 7.627400000000001 ]
751:(44,2,1,44,6,6,0) [ 8.0214 ]
752:(44,2,2,44,6,6,0) [ 8.5154 ]
753:(45,2,0,44,6,6,0) [ 7.611800000000001 ]
754:(45,2,1,45,5,5,0) [ 8.0168 ]
755:(45,2,2,45,5,5,0) [ 8.521799999999999 ]
756:(45,2,0,45,5,5,0) [ 7.5118 ]
757:(45,2,1,46,4,4,0) [ 7.9278 ]
758:(45,2,2,46,4,4,0) [ 8.443800000000001 ]
759:(46,2,0,46,4,4,0) [ 7.496200000000001 ]
760:(46,2,1,47,3,3,0) [ 7.9232000000000005 ]
761:(46,2,2,47,3,3,0) [ 8.450200000000002 ]
762:(46,2,2,48,2,2,0) [ 8.3722 ]
763:(46,2,3,48,2,2,0) [ 8.9102 ]
764:(46,2,1,48,2,2,0) [ 7.834200000000001 ]
765:(47,2,0,48,2,2,0) [ 7.3806 ]
766:(47,2,1,49,1,1,0) [ 7.8296 ]
767:(47,2,2,49,1,1,0) [ 8.3786 ]
768:(47,2,0,49,1,1,0) [ 7.2806 ]
769:(47,2,1,50,0,0,0) [ 7.740600000000001 ]
770:(47,2,2,50,0,0,0) [ 8.3006 ]
771:(48,2,0,50,0,0,0) [ 7.265 ]
772:(43,2,3,42,8,8,0) [ 9.059000000000001 ]
773:(44,2,3,43,7,7,0) [ 9.0764 ]
774:(46,2,3,47,3,3,0) [ 8.9772 ]
775:(46,2,4,48,2,2,0) [ 9.4482 ]
776:(47,2,3,49,1,1,0) [ 8.9276 ]
777:(46,2,5,48,2,2,0) [ 9.9862 ]
778:(46,2,6,48,2,2,0) [ 10.5242 ]
779:(45,2,7,48,2,2,0) [ 10.977799999999998 ]
780:(44,2,8,48,2,2,0) [ 11.4314 ]
781:(44,2,9,48,2,2,0) [ 11.9694 ]
782:(44,2,8,47,3,3,0) [ 11.4434 ]
783:(44,2,7,46,4,4,0) [ 10.939400000000001 ]
784:(43,2,8,46,4,4,0) [ 11.371 ]
785:(43,2,9,46,4,4,0) [ 11.886999999999999 ]
786:(43,2,8,45,5,5,0) [ 11.383 ]
787:(43,2,9,45,5,5,0) [ 11.887999999999998 ]
788:(42,2,10,45,5,5,0) [ 12.308599999999998 ]
789:(42,2,9,44,6,6,0) [ 11.804599999999999 ]
790:(42,2,8,43,7,7,0) [ 11.322599999999998 ]
791:(42,2,7,42,8,8,0) [ 10.8626 ]
792:(42,2,6,41,9,9,0) [ 10.4246 ]
793:(42,2,5,40,10,10,0) [ 10.0086 ]
794:(42,2,6,40,10,10,0) [ 10.4586 ]
795:(42,2,5,39,11,11,0) [ 10.053599999999998 ]
796:(42,2,6,39,11,11,0) [ 10.492600000000001 ]
797:(42,2,5,38,12,12,0) [ 10.098599999999998 ]
798:(41,2,6,38,12,12,0) [ 10.4422 ]
799:(41,2,7,38,12,12,0) [ 10.8702 ]
800:(41,2,6,37,13,13,0) [ 10.476200000000002 ]
801:(41,2,5,35,15,15,0) [ 10.1492 ]
802:(40,2,6,35,15,15,0) [ 10.459800000000001 ]
803:(40,2,5,34,16,16,0) [ 10.109799999999998 ]
804:(39,2,6,34,16,16,0) [ 10.4094 ]
805:(38,2,4,31,19,19,0) [ 9.725 ]
806:(38,2,3,30,20,20,0) [ 9.440999999999999 ]
807:(38,2,2,29,21,21,0) [ 9.179 ]
808:(37,2,3,29,21,21,0) [ 9.4236 ]
809:(37,2,4,29,21,21,0) [ 9.752600000000001 ]
810:(37,2,3,28,22,22,0) [ 9.4906 ]
811:(37,2,2,27,23,23,0) [ 9.2506 ]
812:(37,2,1,26,24,24,0) [ 9.0326 ]
813:(36,2,2,26,24,24,0) [ 9.244200000000001 ]
814:(36,2,3,26,24,24,0) [ 9.5402 ]
815:(36,2,2,25,25,25,0) [ 9.3222 ]
816:(35,2,3,25,25,25,0) [ 9.5228 ]
817:(35,2,2,24,26,26,0) [ 9.3158 ]
818:(35,2,1,23,27,27,0) [ 9.1308 ]
819:(35,2,2,23,27,27,0) [ 9.3938 ]
820:(34,2,3,23,27,27,0) [ 9.5724 ]
821:(34,2,2,22,28,28,0) [ 9.387400000000001 ]
822:(33,2,3,22,28,28,0) [ 9.555 ]
823:(33,2,2,21,29,29,0) [ 9.381 ]
824:(32,2,3,21,29,29,0) [ 9.537600000000001 ]
825:(32,2,2,20,30,30,0) [ 9.374600000000001 ]
826:(32,2,3,20,30,30,0) [ 9.6046 ]
827:(28,2,5,17,33,33,0) [ 9.862 ]
828:(28,2,6,17,33,33,0) [ 10.059000000000001 ]
829:(27,2,7,17,33,33,0) [ 10.1716 ]
830:(27,2,6,16,34,34,0) [ 10.008600000000001 ]
831:(27,2,5,15,35,35,0) [ 9.8676 ]
832:(27,2,6,15,35,35,0) [ 10.0426 ]
833:(27,2,7,15,35,35,0) [ 10.217600000000001 ]
834:(27,2,6,14,36,36,0) [ 10.076600000000001 ]
835:(27,2,7,14,36,36,0) [ 10.2406 ]
836:(27,2,6,13,37,37,0) [ 10.110600000000002 ]
837:(26,2,7,13,37,37,0) [ 10.179200000000002 ]
838:(26,2,6,12,38,38,0) [ 10.0602 ]
839:(25,2,7,12,38,38,0) [ 10.1178 ]
840:(25,2,6,11,39,39,0) [ 10.0098 ]
841:(25,2,7,11,39,39,0) [ 10.1408 ]
842:(24,2,8,11,39,39,0) [ 10.1874 ]
843:(24,2,7,10,40,40,0) [ 10.0794 ]
844:(24,2,6,9,41,41,0) [ 9.993400000000001 ]
845:(23,2,7,9,41,41,0) [ 10.018 ]
846:(23,2,6,8,42,42,0) [ 9.943000000000001 ]
847:(23,2,7,8,42,42,0) [ 10.041 ]
848:(23,2,6,7,43,43,0) [ 9.977 ]
849:(23,2,5,6,44,44,0) [ 9.935 ]
850:(22,2,6,6,44,44,0) [ 9.9266 ]
851:(22,2,5,5,45,45,0) [ 9.8956 ]
852:(21,2,6,5,45,45,0) [ 9.8762 ]
853:(21,2,5,4,46,46,0) [ 9.856200000000001 ]
854:(21,2,4,3,47,47,0) [ 9.8582 ]
855:(20,2,4,3,47,47,0) [ 9.773800000000001 ]
856:(20,2,5,4,46,46,0) [ 9.7718 ]
857:(20,2,6,5,45,45,0) [ 9.7918 ]
858:(26,2,7,17,33,33,0) [ 10.087200000000001 ]
859:(28,2,6,19,31,31,0) [ 9.991 ]
860:(31,2,2,20,30,30,0) [ 9.2902 ]
861:(31,2,3,21,29,29,0) [ 9.4532 ]
862:(36,2,3,29,21,21,0) [ 9.3392 ]
863:(41,2,6,35,15,15,0) [ 10.5442 ]
864:(42,2,4,35,15,15,0) [ 9.8386 ]
865:(42,2,7,38,12,12,0) [ 10.9546 ]
866:(42,2,6,38,12,12,0) [ 10.526599999999998 ]
867:(43,2,5,38,12,12,0) [ 10.183 ]
868:(41,2,7,42,8,8,0) [ 10.778200000000002 ]
869:(41,2,8,42,8,8,0) [ 11.2502 ]
870:(43,2,7,46,4,4,0) [ 10.854999999999999 ]
871:(43,2,8,47,3,3,0) [ 11.359000000000002 ]
872:(43,2,8,48,2,2,0) [ 11.347 ]
873:(44,2,7,48,2,2,0) [ 10.8934 ]
874:(45,2,5,48,2,2,0) [ 9.901799999999998 ]
875:(46,2,4,49,1,1,0) [ 9.3922 ]
876:(45,2,5,49,1,1,0) [ 9.856799999999998 ]
877:(45,2,6,49,1,1,0) [ 10.405800000000001 ]
878:(44,2,6,48,2,2,0) [ 10.3554 ]
879:(43,2,7,47,3,3,0) [ 10.832 ]
880:(43,2,7,45,5,5,0) [ 10.878 ]
881:(43,2,6,44,6,6,0) [ 10.406999999999998 ]
882:(43,2,5,43,7,7,0) [ 9.957999999999998 ]
883:(43,2,6,43,7,7,0) [ 10.440999999999999 ]
884:(42,2,7,43,7,7,0) [ 10.839599999999999 ]
885:(42,2,6,42,8,8,0) [ 10.390600000000001 ]
886:(40,2,9,42,8,8,0) [ 11.6378 ]
887:(40,2,8,41,9,9,0) [ 11.1778 ]
888:(40,2,7,40,10,10,0) [ 10.739799999999999 ]
889:(39,2,8,40,10,10,0) [ 11.1054 ]
890:(39,2,7,39,11,11,0) [ 10.6784 ]
891:(39,2,6,38,12,12,0) [ 10.273399999999999 ]
892:(39,2,7,38,12,12,0) [ 10.7014 ]
893:(39,2,6,37,13,13,0) [ 10.307400000000001 ]
894:(38,2,6,35,15,15,0) [ 10.291 ]
895:(37,2,7,35,15,15,0) [ 10.601600000000001 ]
896:(35,2,9,31,19,19,0) [ 11.226799999999999 ]
897:(34,2,10,30,20,20,0) [ 11.4834 ]
898:(34,2,9,29,21,21,0) [ 11.1444 ]
899:(34,2,7,26,24,24,0) [ 10.5554 ]
900:(34,2,8,26,24,24,0) [ 10.8514 ]
901:(34,2,7,25,25,25,0) [ 10.5784 ]
902:(34,2,6,24,26,26,0) [ 10.3274 ]
903:(33,2,7,24,26,26,0) [ 10.517 ]
904:(33,2,8,24,26,26,0) [ 10.790999999999999 ]
905:(32,2,9,24,26,26,0) [ 10.9806 ]
906:(32,2,8,23,27,27,0) [ 10.718599999999999 ]
907:(32,2,7,22,28,28,0) [ 10.4786 ]
908:(32,2,8,22,28,28,0) [ 10.7306 ]
909:(32,2,9,22,28,28,0) [ 10.982600000000001 ]
910:(31,2,10,22,28,28,0) [ 11.150200000000002 ]
911:(31,2,9,21,29,29,0) [ 10.8992 ]
912:(31,2,8,20,30,30,0) [ 10.670200000000001 ]
913:(31,2,7,19,31,31,0) [ 10.4632 ]
914:(31,2,8,19,31,31,0) [ 10.6822 ]
915:(31,2,7,18,32,32,0) [ 10.4862 ]
916:(31,2,6,17,33,33,0) [ 10.3122 ]
917:(31,2,5,16,34,34,0) [ 10.1602 ]
918:(31,2,4,15,35,35,0) [ 10.0302 ]
919:(30,2,5,15,35,35,0) [ 10.1208 ]
920:(30,2,4,14,36,36,0) [ 10.0018 ]
921:(30,2,5,14,36,36,0) [ 10.165799999999999 ]
922:(30,2,4,13,37,37,0) [ 10.0578 ]
923:(29,2,5,13,37,37,0) [ 10.1264 ]
924:(29,2,6,13,37,37,0) [ 10.279399999999999 ]
925:(29,2,5,12,38,38,0) [ 10.1714 ]
926:(28,2,6,12,38,38,0) [ 10.229000000000001 ]
927:(28,2,5,11,39,39,0) [ 10.132000000000001 ]
928:(28,2,4,10,40,40,0) [ 10.057 ]
929:(28,2,5,10,40,40,0) [ 10.177 ]
930:(28,2,6,10,40,40,0) [ 10.297 ]
931:(27,2,7,10,40,40,0) [ 10.3326 ]
932:(27,2,6,9,41,41,0) [ 10.2466 ]
933:(27,2,7,9,41,41,0) [ 10.3556 ]
934:(27,2,6,8,42,42,0) [ 10.2806 ]
935:(27,2,5,7,43,43,0) [ 10.227599999999999 ]
936:(27,2,4,6,44,44,0) [ 10.1966 ]
937:(26,2,5,6,44,44,0) [ 10.1882 ]
938:(25,2,6,6,44,44,0) [ 10.1798 ]
939:(24,2,7,6,44,44,0) [ 10.1714 ]
940:(24,2,6,5,45,45,0) [ 10.1294 ]
941:(24,2,5,4,46,46,0) [ 10.1094 ]
942:(24,2,4,3,47,47,0) [ 10.1114 ]
943:(24,2,3,2,48,48,0) [ 10.1354 ]
944:(24,2,2,1,49,49,0) [ 10.1814 ]
945:(24,2,1,0,50,50,0) [ 10.2494 TARGET ]
946:(25,2,1,0,50,50,0) [ 10.3338 TARGET ]
947:(25,2,2,1,49,49,0) [ 10.2658 ]
948:(25,2,3,2,48,48,0) [ 10.2198 ]
949:(25,2,4,3,47,47,0) [ 10.1958 ]
950:(25,2,5,4,46,46,0) [ 10.1938 ]
951:(25,2,6,5,45,45,0) [ 10.213799999999999 ]
952:(25,2,7,6,44,44,0) [ 10.2558 ]
953:(27,2,7,8,42,42,0) [ 10.3786 ]
954:(27,2,8,9,41,41,0) [ 10.4646 ]
955:(29,2,5,10,40,40,0) [ 10.2614 ]
956:(29,2,4,10,40,40,0) [ 10.1414 ]
957:(29,2,5,11,39,39,0) [ 10.2164 ]
958:(31,2,4,13,37,37,0) [ 10.142199999999999 ]
959:(31,2,4,14,36,36,0) [ 10.0862 ]
960:(31,2,5,15,35,35,0) [ 10.2052 ]
961:(31,2,6,16,34,34,0) [ 10.3462 ]
962:(48,2,0,47,3,3,0) [ 7.5649999999999995 ]
963:(43,2,4,43,7,7,0) [ 9.474999999999998 ]
964:(43,2,1,40,10,10,0) [ 8.293 ]
965:(40,2,1,35,15,15,0) [ 8.4848 ]
966:(40,2,0,34,16,16,0) [ 8.1898 ]
967:(39,2,1,34,16,16,0) [ 8.4894 ]
968:(39,2,1,33,17,17,0) [ 8.5784 ]
969:(39,2,2,33,17,17,0) [ 8.9514 ]
970:(39,2,2,32,18,18,0) [ 9.0294 ]
971:(38,2,3,32,18,18,0) [ 9.307 ]
972:(38,2,2,31,19,19,0) [ 9.023 ]
973:(37,2,3,31,19,19,0) [ 9.2896 ]
974:(36,2,4,31,19,19,0) [ 9.5562 ]
975:(36,2,3,30,20,20,0) [ 9.2722 ]
976:(36,2,4,30,20,20,0) [ 9.612200000000001 ]
977:(35,2,5,30,20,20,0) [ 9.867799999999999 ]
978:(34,2,5,29,21,21,0) [ 9.8284 ]
979:(34,2,4,28,22,22,0) [ 9.5554 ]
980:(34,2,3,27,23,23,0) [ 9.304400000000001 ]
981:(34,2,2,26,24,24,0) [ 9.0754 ]
982:(34,2,1,25,25,25,0) [ 8.8684 ]
983:(34,2,0,24,26,26,0) [ 8.6834 ]
984:(33,2,1,24,26,26,0) [ 8.873 ]
985:(33,2,0,23,27,27,0) [ 8.699000000000002 ]
986:(33,2,1,23,27,27,0) [ 8.962 ]
987:(33,2,0,22,28,28,0) [ 8.799000000000001 ]
988:(33,2,1,22,28,28,0) [ 9.051 ]
989:(32,2,2,22,28,28,0) [ 9.2186 ]
990:(32,2,1,21,29,29,0) [ 9.0556 ]
991:(32,2,0,20,30,30,0) [ 8.9146 ]
992:(31,2,1,20,30,30,0) [ 9.0602 ]
993:(31,2,0,19,31,31,0) [ 8.9302 ]
994:(30,2,1,19,31,31,0) [ 9.0648 ]
995:(30,2,2,19,31,31,0) [ 9.2838 ]
996:(28,2,7,19,31,31,0) [ 10.21 ]
997:(27,2,8,19,31,31,0) [ 10.3446 ]
998:(27,2,7,18,32,32,0) [ 10.1486 ]
999:(26,2,8,18,32,32,0) [ 10.272200000000002 ]
1000:(25,2,8,17,33,33,0) [ 10.1998 ]
1001:(25,2,9,17,33,33,0) [ 10.3968 ]
1002:(24,2,10,17,33,33,0) [ 10.5094 ]
1003:(24,2,9,16,34,34,0) [ 10.3134 ]
1004:(23,2,10,16,34,34,0) [ 10.415 ]
1005:(23,2,11,16,34,34,0) [ 10.601 ]
1006:(23,2,12,16,34,34,0) [ 10.786999999999999 ]
1007:(23,2,11,15,35,35,0) [ 10.58 ]
1008:(22,2,12,15,35,35,0) [ 10.6706 ]
1009:(22,2,13,15,35,35,0) [ 10.845600000000001 ]
1010:(22,2,12,14,36,36,0) [ 10.6386 ]
1011:(21,2,13,14,36,36,0) [ 10.7182 ]
1012:(21,2,12,13,37,37,0) [ 10.522200000000002 ]
1013:(21,2,13,13,37,37,0) [ 10.6752 ]
1014:(21,2,12,12,38,38,0) [ 10.4902 ]
1015:(21,2,11,11,39,39,0) [ 10.327200000000001 ]
1016:(20,2,12,11,39,39,0) [ 10.373800000000001 ]
1017:(20,2,11,10,40,40,0) [ 10.2218 ]
1018:(20,2,10,9,41,41,0) [ 10.0918 ]
1019:(20,2,9,8,42,42,0) [ 9.9838 ]
1020:(20,2,8,7,43,43,0) [ 9.8978 ]
1021:(20,2,7,6,44,44,0) [ 9.8338 ]
1022:(31,2,3,22,28,28,0) [ 9.3862 ]
1023:(32,2,2,23,27,27,0) [ 9.1406 ]
1024:(34,2,2,25,25,25,0) [ 9.1534 ]
1025:(37,2,2,31,19,19,0) [ 8.938600000000001 ]
1026:(38,2,2,32,18,18,0) [ 8.945 ]
1027:(40,2,1,34,16,16,0) [ 8.5738 ]
1028:(41,2,0,34,16,16,0) [ 8.2742 ]
1029:(41,2,1,35,15,15,0) [ 8.5692 ]
1030:(42,2,0,38,12,12,0) [ 7.9586 ]
1031:(41,2,0,35,15,15,0) [ 8.1742 ]
1032:(40,2,0,33,17,17,0) [ 8.2898 ]
1033:(39,2,0,32,18,18,0) [ 8.3054 ]
1034:(39,2,1,32,18,18,0) [ 8.6674 ]
1035:(38,2,1,31,19,19,0) [ 8.672 ]
1036:(36,2,2,29,21,21,0) [ 9.0102 ]
1037:(35,2,4,29,21,21,0) [ 9.5838 ]
1038:(35,2,3,28,22,22,0) [ 9.3218 ]
1039:(35,2,2,27,23,23,0) [ 9.081800000000001 ]
1040:(35,2,1,26,24,24,0) [ 8.863800000000001 ]
1041:(35,2,0,25,25,25,0) [ 8.6678 ]
1042:(33,2,3,25,25,25,0) [ 9.354 ]
1043:(32,2,4,25,25,25,0) [ 9.5546 ]
1044:(32,2,3,24,26,26,0) [ 9.3366 ]
1045:(32,2,3,23,27,27,0) [ 9.4036 ]
1046:(31,2,4,23,27,27,0) [ 9.5822 ]
1047:(31,2,4,22,28,28,0) [ 9.638200000000001 ]
1048:(30,2,3,20,30,30,0) [ 9.4358 ]
1049:(30,2,1,18,32,32,0) [ 9.1538 ]
1050:(30,2,1,17,33,33,0) [ 9.2428 ]
1051:(24,2,4,13,37,37,0) [ 9.551400000000001 ]
1052:(23,2,4,12,38,38,0) [ 9.523 ]
1053:(23,2,2,9,41,41,0) [ 9.473 ]
1054:(23,2,1,8,42,42,0) [ 9.453 ]
1055:(22,2,2,8,42,42,0) [ 9.4666 ]
1056:(22,2,3,8,42,42,0) [ 9.5646 ]
1057:(22,2,2,7,43,43,0) [ 9.544599999999999 ]
1058:(22,2,1,6,44,44,0) [ 9.546600000000002 ]
1059:(49,2,3,45,5,5,0) [ 9.3644 ]
1060:(49,2,2,44,6,6,0) [ 8.937399999999998 ]
1061:(49,2,1,42,8,8,0) [ 8.6214 ]
1062:(49,2,0,41,9,9,0) [ 8.2494 ]
1063:(48,2,1,41,9,9,0) [ 8.626 ]
1064:(48,2,0,40,10,10,0) [ 8.265 ]
1065:(48,2,1,40,10,10,0) [ 8.715 ]
1066:(48,2,0,39,11,11,0) [ 8.365 ]
1067:(48,2,1,39,11,11,0) [ 8.804 ]
1068:(47,2,2,39,11,11,0) [ 9.1586 ]
1069:(47,2,3,39,11,11,0) [ 9.5976 ]
1070:(47,2,2,38,12,12,0) [ 9.2366 ]
1071:(47,2,1,37,13,13,0) [ 8.8976 ]
1072:(47,2,2,37,13,13,0) [ 9.314600000000002 ]
1073:(46,2,3,37,13,13,0) [ 9.647200000000002 ]
1074:(46,2,2,36,14,14,0) [ 9.308200000000001 ]
1075:(46,2,3,36,14,14,0) [ 9.7142 ]
1076:(46,2,2,35,15,15,0) [ 9.3862 ]
1077:(46,2,1,34,16,16,0) [ 9.0802 ]
1078:(46,2,0,33,17,17,0) [ 8.7962 ]
1079:(46,2,1,33,17,17,0) [ 9.1692 ]
1080:(45,2,2,33,17,17,0) [ 9.4578 ]
1081:(45,2,1,32,18,18,0) [ 9.1738 ]
1082:(45,2,0,31,19,19,0) [ 8.9118 ]
1083:(45,2,1,31,19,19,0) [ 9.2628 ]
1084:(45,2,0,30,20,20,0) [ 9.011800000000001 ]
1085:(45,2,1,30,20,20,0) [ 9.3518 ]
1086:(45,2,0,29,21,21,0) [ 9.1118 ]
1087:(44,2,1,29,21,21,0) [ 9.3564 ]
1088:(44,2,0,28,22,22,0) [ 9.127400000000002 ]
1089:(44,2,1,28,22,22,0) [ 9.4454 ]
1090:(44,2,2,28,22,22,0) [ 9.7634 ]
1091:(44,2,1,27,23,23,0) [ 9.5344 ]
1092:(43,2,2,27,23,23,0) [ 9.757 ]
1093:(43,2,3,27,23,23,0) [ 10.064 ]
1094:(42,2,4,27,23,23,0) [ 10.2866 ]
1095:(42,2,3,26,24,24,0) [ 10.046600000000002 ]
1096:(42,2,2,25,25,25,0) [ 9.8286 ]
1097:(42,2,3,25,25,25,0) [ 10.1136 ]
1098:(42,2,4,25,25,25,0) [ 10.3986 ]
1099:(42,2,3,24,26,26,0) [ 10.1806 ]
1100:(42,2,2,23,27,27,0) [ 9.9846 ]
1101:(41,2,3,23,27,27,0) [ 10.1632 ]
1102:(41,2,2,22,28,28,0) [ 9.978200000000001 ]
1103:(41,2,3,22,28,28,0) [ 10.2302 ]
1104:(41,2,2,21,29,29,0) [ 10.0562 ]
1105:(40,2,3,21,29,29,0) [ 10.212800000000001 ]
1106:(39,2,4,21,29,29,0) [ 10.3694 ]
1107:(39,2,3,20,30,30,0) [ 10.1954 ]
1108:(39,2,2,19,31,31,0) [ 10.0434 ]
1109:(39,2,1,18,32,32,0) [ 9.9134 ]
1110:(39,2,0,17,33,33,0) [ 9.8054 ]
1111:(39,2,1,17,33,33,0) [ 10.0024 ]
1112:(38,2,2,17,33,33,0) [ 10.115 ]
1113:(38,2,1,16,34,34,0) [ 10.007000000000001 ]
1114:(38,2,2,16,34,34,0) [ 10.193000000000001 ]
1115:(37,2,3,16,34,34,0) [ 10.2946 ]
1116:(37,2,2,15,35,35,0) [ 10.1866 ]
1117:(37,2,1,14,36,36,0) [ 10.1006 ]
1118:(37,2,2,14,36,36,0) [ 10.2646 ]
1119:(36,2,3,14,36,36,0) [ 10.3442 ]
1120:(36,2,2,13,37,37,0) [ 10.2582 ]
1121:(36,2,3,13,37,37,0) [ 10.411200000000001 ]
1122:(36,2,2,12,38,38,0) [ 10.3362 ]
1123:(35,2,3,12,38,38,0) [ 10.3938 ]
1124:(34,2,4,12,38,38,0) [ 10.451400000000001 ]
1125:(34,2,5,12,38,38,0) [ 10.5934 ]
1126:(33,2,6,12,38,38,0) [ 10.651 ]
1127:(32,2,7,12,38,38,0) [ 10.7086 ]
1128:(32,2,6,11,39,39,0) [ 10.6006 ]
1129:(31,2,7,11,39,39,0) [ 10.6472 ]
1130:(31,2,8,11,39,39,0) [ 10.7782 ]
1131:(31,2,7,10,40,40,0) [ 10.6702 ]
1132:(31,2,6,9,41,41,0) [ 10.584200000000001 ]
1133:(31,2,7,9,41,41,0) [ 10.693200000000001 ]
1134:(31,2,6,8,42,42,0) [ 10.618200000000002 ]
1135:(31,2,5,7,43,43,0) [ 10.5652 ]
1136:(31,2,6,7,43,43,0) [ 10.6522 ]
1137:(30,2,7,7,43,43,0) [ 10.6548 ]
1138:(30,2,6,6,44,44,0) [ 10.6018 ]
1139:(29,2,7,6,44,44,0) [ 10.593399999999999 ]
1140:(29,2,6,5,45,45,0) [ 10.551400000000001 ]
1141:(29,2,5,4,46,46,0) [ 10.531400000000001 ]
1142:(29,2,4,3,47,47,0) [ 10.5334 ]
1143:(29,2,3,2,48,48,0) [ 10.557400000000001 ]
1144:(29,2,2,1,49,49,0) [ 10.6034 ]
1145:(29,2,1,0,50,50,0) [ 10.6714 TARGET ]
1146:(47,2,2,41,9,9,0) [ 9.002600000000001 ]
1147:(49,2,3,46,4,4,0) [ 9.297400000000001 ]
1148:(47,2,4,47,3,3,0) [ 9.5886 ]
1149:(47,2,5,47,3,3,0) [ 10.1156 ]
1150:(46,2,6,47,3,3,0) [ 10.558200000000003 ]
1151:(46,2,7,47,3,3,0) [ 11.0852 ]
1152:(46,2,8,47,3,3,0) [ 11.612200000000001 ]
1153:(46,2,7,46,4,4,0) [ 11.108200000000002 ]
1154:(46,2,6,45,5,5,0) [ 10.6262 ]
1155:(46,2,5,44,6,6,0) [ 10.1662 ]
1156:(46,2,6,44,6,6,0) [ 10.660200000000001 ]
1157:(45,2,7,44,6,6,0) [ 11.069799999999999 ]
1158:(45,2,6,43,7,7,0) [ 10.6098 ]
1159:(45,2,7,43,7,7,0) [ 11.0928 ]
1160:(45,2,6,42,8,8,0) [ 10.643800000000002 ]
1161:(45,2,7,42,8,8,0) [ 11.1158 ]
1162:(45,2,8,42,8,8,0) [ 11.587800000000001 ]
1163:(45,2,9,42,8,8,0) [ 12.0598 ]
1164:(44,2,10,42,8,8,0) [ 12.447400000000002 ]
1165:(44,2,9,41,9,9,0) [ 11.9764 ]
1166:(43,2,10,41,9,9,0) [ 12.353 ]
1167:(42,2,11,41,9,9,0) [ 12.7296 ]
1168:(42,2,12,41,9,9,0) [ 13.190600000000002 ]
1169:(41,2,13,41,9,9,0) [ 13.567200000000001 ]
1170:(41,2,14,41,9,9,0) [ 14.0282 ]
1171:(41,2,15,41,9,9,0) [ 14.489199999999999 ]
1172:(41,2,16,41,9,9,0) [ 14.9502 ]
1173:(41,2,15,40,10,10,0) [ 14.424199999999999 ]
1174:(41,2,14,39,11,11,0) [ 13.9202 ]
1175:(41,2,15,39,11,11,0) [ 14.3592 ]
1176:(41,2,16,39,11,11,0) [ 14.7982 ]
1177:(40,2,17,39,11,11,0) [ 15.152800000000001 ]
1178:(40,2,16,38,12,12,0) [ 14.637799999999999 ]
1179:(40,2,15,37,13,13,0) [ 14.1448 ]
1180:(40,2,16,37,13,13,0) [ 14.561800000000002 ]
1181:(39,2,17,37,13,13,0) [ 14.894400000000001 ]
1182:(39,2,18,37,13,13,0) [ 15.311400000000003 ]
1183:(39,2,17,36,14,14,0) [ 14.8074 ]
1184:(39,2,18,36,14,14,0) [ 15.213400000000002 ]
1185:(39,2,19,36,14,14,0) [ 15.6194 ]
1186:(39,2,18,35,15,15,0) [ 15.115400000000001 ]
1187:(38,2,19,35,15,15,0) [ 15.425999999999998 ]
1188:(38,2,18,34,16,16,0) [ 14.932999999999998 ]
1189:(38,2,17,33,17,17,0) [ 14.462 ]
1190:(38,2,16,32,18,18,0) [ 14.013000000000002 ]
1191:(38,2,17,32,18,18,0) [ 14.375 ]
1192:(38,2,16,31,19,19,0) [ 13.937 ]
1193:(37,2,17,31,19,19,0) [ 14.2036 ]
1194:(37,2,16,30,20,20,0) [ 13.776599999999998 ]
1195:(37,2,15,29,21,21,0) [ 13.371599999999999 ]
1196:(37,2,14,28,22,22,0) [ 12.988600000000002 ]
1197:(37,2,13,27,23,23,0) [ 12.627600000000001 ]
1198:(36,2,14,27,23,23,0) [ 12.850200000000001 ]
1199:(36,2,15,27,23,23,0) [ 13.1572 ]
1200:(35,2,16,27,23,23,0) [ 13.3798 ]
1201:(35,2,17,27,23,23,0) [ 13.686800000000002 ]
1202:(35,2,16,26,24,24,0) [ 13.3038 ]
1203:(35,2,15,25,25,25,0) [ 12.942799999999998 ]
1204:(35,2,16,25,25,25,0) [ 13.227799999999998 ]
1205:(34,2,17,25,25,25,0) [ 13.4284 ]
1206:(33,2,18,25,25,25,0) [ 13.629 ]
1207:(33,2,17,24,26,26,0) [ 13.257 ]
1208:(33,2,16,23,27,27,0) [ 12.907 ]
1209:(33,2,15,22,28,28,0) [ 12.579 ]
1210:(33,2,14,21,29,29,0) [ 12.273000000000001 ]
1211:(33,2,13,20,30,30,0) [ 11.989 ]
1212:(32,2,14,20,30,30,0) [ 12.134599999999999 ]
1213:(31,2,15,20,30,30,0) [ 12.2802 ]
1214:(31,2,16,20,30,30,0) [ 12.510200000000001 ]
1215:(30,2,17,20,30,30,0) [ 12.6558 ]
1216:(30,2,16,19,31,31,0) [ 12.3498 ]
1217:(29,2,17,19,31,31,0) [ 12.484399999999999 ]
1218:(29,2,18,19,31,31,0) [ 12.7034 ]
1219:(28,2,19,19,31,31,0) [ 12.838 ]
1220:(28,2,18,18,32,32,0) [ 12.521 ]
1221:(27,2,19,18,32,32,0) [ 12.6446 ]
1222:(27,2,18,17,33,33,0) [ 12.3386 ]
1223:(27,2,17,16,34,34,0) [ 12.0546 ]
1224:(27,2,16,15,35,35,0) [ 11.7926 ]
1225:(27,2,15,14,36,36,0) [ 11.5526 ]
1226:(27,2,14,13,37,37,0) [ 11.3346 ]
1227:(27,2,13,12,38,38,0) [ 11.1386 ]
1228:(27,2,12,11,39,39,0) [ 10.9646 ]
1229:(27,2,11,10,40,40,0) [ 10.8126 ]
1230:(27,2,10,9,41,41,0) [ 10.6826 ]
1231:(27,2,9,8,42,42,0) [ 10.5746 ]
1232:(27,2,8,7,43,43,0) [ 10.488600000000002 ]
1233:(27,2,7,6,44,44,0) [ 10.424600000000002 ]
1234:(27,2,6,5,45,45,0) [ 10.3826 ]
1235:(27,2,5,4,46,46,0) [ 10.3626 ]
1236:(27,2,4,3,47,47,0) [ 10.3646 ]
1237:(27,2,3,2,48,48,0) [ 10.3886 ]
1238:(27,2,2,1,49,49,0) [ 10.4346 ]
1239:(27,2,1,0,50,50,0) [ 10.502600000000001 TARGET ]
1240:(26,2,1,0,50,50,0) [ 10.4182 TARGET ]
1241:(26,2,2,1,49,49,0) [ 10.350200000000001 ]
1242:(26,2,3,2,48,48,0) [ 10.304200000000002 ]
1243:(26,2,4,3,47,47,0) [ 10.2802 ]
1244:(26,2,5,4,46,46,0) [ 10.278200000000002 ]
1245:(50,2,0,47,3,3,0) [ 7.7338 ]
1246:(43,2,0,35,15,15,0) [ 8.343 ]
1247:(43,2,1,35,15,15,0) [ 8.738 ]
1248:(43,2,0,34,16,16,0) [ 8.443 ]
1249:(43,2,1,34,16,16,0) [ 8.827 ]
1250:(43,2,0,33,17,17,0) [ 8.543 ]
1251:(43,2,1,33,17,17,0) [ 8.916 ]
1252:(42,2,2,33,17,17,0) [ 9.2046 ]
1253:(42,2,3,33,17,17,0) [ 9.5776 ]
1254:(42,2,2,32,18,18,0) [ 9.2826 ]
1255:(42,2,1,31,19,19,0) [ 9.009599999999999 ]
1256:(42,2,0,30,20,20,0) [ 8.7586 ]
1257:(42,2,1,30,20,20,0) [ 9.0986 ]
1258:(41,2,2,30,20,20,0) [ 9.3542 ]
1259:(41,2,1,29,21,21,0) [ 9.1032 ]
1260:(41,2,2,29,21,21,0) [ 9.4322 ]
1261:(41,2,1,28,22,22,0) [ 9.1922 ]
1262:(41,2,0,27,23,23,0) [ 8.974200000000002 ]
1263:(40,2,1,27,23,23,0) [ 9.196800000000001 ]
1264:(40,2,2,27,23,23,0) [ 9.5038 ]
1265:(40,2,1,26,24,24,0) [ 9.2858 ]
1266:(40,2,0,25,25,25,0) [ 9.0898 ]
1267:(40,2,1,25,25,25,0) [ 9.3748 ]
1268:(40,2,0,24,26,26,0) [ 9.1898 ]
1269:(39,2,1,24,26,26,0) [ 9.3794 ]
1270:(38,2,2,24,26,26,0) [ 9.569 ]
1271:(38,2,3,24,26,26,0) [ 9.843 ]
1272:(37,2,4,24,26,26,0) [ 10.0326 ]
1273:(37,2,3,23,27,27,0) [ 9.825600000000001 ]
1274:(37,2,4,23,27,27,0) [ 10.0886 ]
1275:(36,2,5,23,27,27,0) [ 10.267199999999999 ]
1276:(35,2,6,23,27,27,0) [ 10.4458 ]
1277:(34,2,7,23,27,27,0) [ 10.6244 ]
1278:(34,2,6,22,28,28,0) [ 10.3954 ]
1279:(34,2,7,22,28,28,0) [ 10.6474 ]
1280:(34,2,6,21,29,29,0) [ 10.429400000000001 ]
1281:(34,2,5,20,30,30,0) [ 10.2334 ]
1282:(33,2,6,20,30,30,0) [ 10.379000000000001 ]
1283:(33,2,5,19,31,31,0) [ 10.193999999999999 ]
1284:(33,2,4,18,32,32,0) [ 10.030999999999999 ]
1285:(32,2,5,18,32,32,0) [ 10.154599999999999 ]
1286:(32,2,4,17,33,33,0) [ 10.002600000000001 ]
1287:(32,2,5,17,33,33,0) [ 10.1996 ]
1288:(32,2,4,16,34,34,0) [ 10.0586 ]
1289:(31,2,3,13,37,37,0) [ 9.9892 ]
1290:(31,2,5,13,37,37,0) [ 10.295200000000001 ]
1291:(31,2,4,12,38,38,0) [ 10.1982 ]
1292:(31,2,3,11,39,39,0) [ 10.1232 ]
1293:(30,2,4,11,39,39,0) [ 10.1698 ]
1294:(30,2,3,10,40,40,0) [ 10.1058 ]
1295:(30,2,2,9,41,41,0) [ 10.0638 ]
1296:(30,2,1,8,42,42,0) [ 10.043800000000001 ]
1297:(30,2,0,7,43,43,0) [ 10.0458 ]
1298:(29,2,1,7,43,43,0) [ 10.0484 ]
1299:(29,2,0,6,44,44,0) [ 10.0614 ]
1300:(29,2,1,6,44,44,0) [ 10.1374 ]
1301:(29,2,0,5,45,45,0) [ 10.1614 ]
1302:(29,2,1,5,45,45,0) [ 10.2264 ]
1303:(29,2,2,5,45,45,0) [ 10.2914 ]
1304:(28,2,3,5,45,45,0) [ 10.272 ]
1305:(28,2,2,4,46,46,0) [ 10.285 ]
1306:(27,2,3,4,46,46,0) [ 10.2546 ]
1307:(26,2,4,4,46,46,0) [ 10.2242 ]
1308:(28,2,2,5,45,45,0) [ 10.207 ]
1309:(28,2,1,5,45,45,0) [ 10.142 ]
1310:(28,2,2,6,44,44,0) [ 10.129000000000001 ]
1311:(29,2,2,7,43,43,0) [ 10.1354 ]
1312:(42,2,2,35,15,15,0) [ 9.0486 ]
1313:(47,2,3,42,8,8,0) [ 9.396600000000001 ]
1314:(44,2,4,42,8,8,0) [ 9.615400000000001 ]
1315:(44,2,5,42,8,8,0) [ 10.087399999999999 ]
1316:(42,2,4,37,13,13,0) [ 9.726600000000001 ]
1317:(41,2,7,35,15,15,0) [ 10.9392 ]
1318:(41,2,8,35,15,15,0) [ 11.3342 ]
1319:(41,2,7,34,16,16,0) [ 10.962200000000001 ]
1320:(40,2,8,34,16,16,0) [ 11.2618 ]
1321:(39,2,9,34,16,16,0) [ 11.5614 ]
1322:(38,2,10,34,16,16,0) [ 11.860999999999999 ]
1323:(38,2,11,34,16,16,0) [ 12.245 ]
1324:(37,2,12,34,16,16,0) [ 12.5446 ]
1325:(37,2,11,33,17,17,0) [ 12.139599999999998 ]
1326:(37,2,12,33,17,17,0) [ 12.512599999999999 ]
1327:(37,2,11,32,18,18,0) [ 12.1186 ]
1328:(37,2,12,32,18,18,0) [ 12.480600000000003 ]
1329:(36,2,13,32,18,18,0) [ 12.7582 ]
1330:(35,2,14,32,18,18,0) [ 13.035800000000002 ]
1331:(35,2,13,31,19,19,0) [ 12.630799999999999 ]
1332:(35,2,12,30,20,20,0) [ 12.247800000000002 ]
1333:(35,2,11,29,21,21,0) [ 11.8868 ]
1334:(35,2,10,28,22,22,0) [ 11.547799999999999 ]
1335:(35,2,11,28,22,22,0) [ 11.8658 ]
1336:(34,2,12,28,22,22,0) [ 12.0994 ]
1337:(33,2,13,28,22,22,0) [ 12.332999999999998 ]
1338:(33,2,12,27,23,23,0) [ 11.983 ]
1339:(33,2,13,27,23,23,0) [ 12.29 ]
1340:(32,2,14,27,23,23,0) [ 12.512600000000003 ]
1341:(32,2,15,27,23,23,0) [ 12.819600000000001 ]
1342:(32,2,14,26,24,24,0) [ 12.458599999999999 ]
1343:(32,2,15,26,24,24,0) [ 12.754599999999998 ]
1344:(31,2,16,26,24,24,0) [ 12.966199999999999 ]
1345:(31,2,17,26,24,24,0) [ 13.262200000000002 ]
1346:(31,2,16,25,25,25,0) [ 12.8902 ]
1347:(31,2,15,24,26,26,0) [ 12.5402 ]
1348:(31,2,14,23,27,27,0) [ 12.2122 ]
1349:(31,2,13,22,28,28,0) [ 11.906200000000002 ]
1350:(31,2,12,21,29,29,0) [ 11.622200000000001 ]
1351:(31,2,13,21,29,29,0) [ 11.8632 ]
1352:(31,2,12,20,30,30,0) [ 11.5902 ]
1353:(31,2,11,19,31,31,0) [ 11.3392 ]
1354:(31,2,12,19,31,31,0) [ 11.558200000000001 ]
1355:(31,2,11,18,32,32,0) [ 11.318200000000001 ]
1356:(30,2,12,18,32,32,0) [ 11.4418 ]
1357:(30,2,11,17,33,33,0) [ 11.2128 ]
1358:(30,2,10,16,34,34,0) [ 11.0058 ]
1359:(30,2,9,15,35,35,0) [ 10.820799999999998 ]
1360:(30,2,8,14,36,36,0) [ 10.6578 ]
1361:(30,2,7,13,37,37,0) [ 10.5168 ]
1362:(29,2,8,13,37,37,0) [ 10.5854 ]
1363:(29,2,9,13,37,37,0) [ 10.738399999999999 ]
1364:(29,2,8,12,38,38,0) [ 10.5974 ]
1365:(29,2,7,11,39,39,0) [ 10.4784 ]
1366:(28,2,8,11,39,39,0) [ 10.525 ]
1367:(28,2,9,11,39,39,0) [ 10.656 ]
1368:(28,2,8,10,40,40,0) [ 10.537 ]
1369:(27,2,9,10,40,40,0) [ 10.5726 ]
1370:(26,2,8,8,42,42,0) [ 10.3922 ]
1371:(25,2,9,8,42,42,0) [ 10.4058 ]
1372:(25,2,8,7,43,43,0) [ 10.3198 ]
1373:(40,2,9,34,16,16,0) [ 11.6458 ]
1374:(40,2,9,35,15,15,0) [ 11.6448 ]
1375:(49,2,4,47,3,3,0) [ 9.7574 ]
1376:(46,2,4,41,9,9,0) [ 9.840200000000001 ]
1377:(46,2,3,40,10,10,0) [ 9.446200000000001 ]
1378:(46,2,4,40,10,10,0) [ 9.8962 ]
1379:(45,2,5,40,10,10,0) [ 10.261800000000001 ]
1380:(45,2,4,39,11,11,0) [ 9.8678 ]
1381:(45,2,3,38,12,12,0) [ 9.4958 ]
1382:(44,2,4,38,12,12,0) [ 9.839400000000001 ]
1383:(42,2,8,38,12,12,0) [ 11.3826 ]
1384:(42,2,7,37,13,13,0) [ 10.977599999999999 ]
1385:(41,2,8,37,13,13,0) [ 11.310200000000002 ]
1386:(41,2,9,37,13,13,0) [ 11.7272 ]
1387:(41,2,10,37,13,13,0) [ 12.144200000000001 ]
1388:(41,2,9,36,14,14,0) [ 11.7282 ]
1389:(40,2,10,35,15,15,0) [ 12.0398 ]
1390:(40,2,8,33,17,17,0) [ 11.273800000000001 ]
1391:(39,2,9,33,17,17,0) [ 11.5624 ]
1392:(39,2,8,32,18,18,0) [ 11.2014 ]
1393:(39,2,9,32,18,18,0) [ 11.563400000000001 ]
1394:(39,2,8,31,19,19,0) [ 11.213400000000002 ]
1395:(39,2,7,30,20,20,0) [ 10.8854 ]
1396:(38,2,8,30,20,20,0) [ 11.141 ]
1397:(38,2,7,29,21,21,0) [ 10.824 ]
1398:(38,2,8,29,21,21,0) [ 11.153 ]
1399:(38,2,7,28,22,22,0) [ 10.847000000000001 ]
1400:(38,2,6,27,23,23,0) [ 10.563000000000002 ]
1401:(38,2,7,27,23,23,0) [ 10.870000000000001 ]
1402:(37,2,8,27,23,23,0) [ 11.092600000000001 ]
1403:(37,2,9,27,23,23,0) [ 11.3996 ]
1404:(36,2,10,27,23,23,0) [ 11.6222 ]
1405:(36,2,11,27,23,23,0) [ 11.929200000000002 ]
1406:(36,2,10,26,24,24,0) [ 11.6122 ]
1407:(35,2,11,26,24,24,0) [ 11.8238 ]
1408:(35,2,10,25,25,25,0) [ 11.517800000000001 ]
1409:(35,2,11,25,25,25,0) [ 11.802800000000001 ]
1410:(35,2,10,24,26,26,0) [ 11.5078 ]
1411:(35,2,9,23,27,27,0) [ 11.2348 ]
1412:(35,2,8,22,28,28,0) [ 10.983800000000002 ]
1413:(34,2,9,22,28,28,0) [ 11.1514 ]
1414:(33,2,10,22,28,28,0) [ 11.319 ]
1415:(33,2,9,21,29,29,0) [ 11.068 ]
1416:(33,2,8,20,30,30,0) [ 10.838999999999999 ]
1417:(33,2,9,20,30,30,0) [ 11.068999999999999 ]
1418:(32,2,10,20,30,30,0) [ 11.2146 ]
1419:(32,2,9,19,31,31,0) [ 10.9856 ]
1420:(32,2,8,18,32,32,0) [ 10.7786 ]
1421:(32,2,9,18,32,32,0) [ 10.9866 ]
1422:(32,2,8,17,33,33,0) [ 10.7906 ]
1423:(31,2,9,17,33,33,0) [ 10.9032 ]
1424:(31,2,8,16,34,34,0) [ 10.7182 ]
1425:(31,2,7,15,35,35,0) [ 10.5552 ]
1426:(31,2,6,14,36,36,0) [ 10.4142 ]
1427:(29,2,4,9,41,41,0) [ 10.197400000000002 ]
1428:(29,2,3,8,42,42,0) [ 10.1554 ]
1429:(28,2,3,7,43,43,0) [ 10.138 ]
1430:(28,2,1,4,46,46,0) [ 10.231000000000002 ]
1431:(28,2,0,3,47,47,0) [ 10.277000000000001 ]
1432:(27,2,1,3,47,47,0) [ 10.235600000000002 ]
1433:(27,2,0,2,48,48,0) [ 10.2926 ]
1434:(27,2,1,2,48,48,0) [ 10.3246 ]
1435:(27,2,2,2,48,48,0) [ 10.3566 ]
1436:(-1,-1,-1,-1,-1,-1,-1) [ 0.0 ]