(R_,L,RL,G_,G_a,G_bg,G_d)
0:(50,2,0,50,0,0,0) [ 7.4338 ]
1:(49,2,1,50,0,0,0) [ 7.9094 ]
2:(49,2,0,49,1,1,0) [ 7.4494 ]
3:(49,2,1,49,1,1,0) [ 7.998399999999999 ]
4:(49,2,2,49,1,1,0) [ 8.547399999999998 ]
5:(49,2,3,49,1,1,0) [ 9.096400000000001 ]
6:(49,2,2,48,2,2,0) [ 8.625399999999999 ]
7:(49,2,1,47,3,3,0) [ 8.176400000000001 ]
8:(48,2,2,47,3,3,0) [ 8.619 ]
9:(48,2,1,46,4,4,0) [ 8.181 ]
10:(48,2,0,45,5,5,0) [ 7.765 ]
11:(48,2,1,45,5,5,0) [ 8.27 ]
12:(48,2,0,44,6,6,0) [ 7.865 ]
13:(48,2,1,44,6,6,0) [ 8.359 ]
14:(48,2,0,43,7,7,0) [ 7.965 ]
15:(47,2,1,43,7,7,0) [ 8.3636 ]
16:(47,2,2,43,7,7,0) [ 8.846599999999999 ]
17:(47,2,3,43,7,7,0) [ 9.3296 ]
18:(47,2,2,42,8,8,0) [ 8.924600000000002 ]
19:(47,2,1,41,9,9,0) [ 8.5416 ]
20:(47,2,2,41,9,9,0) [ 9.002600000000001 ]
21:(47,2,1,40,10,10,0) [ 8.630600000000001 ]
22:(47,2,0,39,11,11,0) [ 8.2806 ]
23:(47,2,1,39,11,11,0) [ 8.7196 ]
24:(47,2,2,39,11,11,0) [ 9.1586 ]
25:(47,2,1,38,12,12,0) [ 8.8086 ]
26:(46,2,2,38,12,12,0) [ 9.1522 ]
27:(46,2,1,37,13,13,0) [ 8.8132 ]
28:(46,2,0,36,14,14,0) [ 8.4962 ]
29:(46,2,1,36,14,14,0) [ 8.9022 ]
30:(46,2,0,35,15,15,0) [ 8.5962 ]
31:(46,2,1,35,15,15,0) [ 8.9912 ]
32:(46,2,0,34,16,16,0) [ 8.696200000000001 ]
33:(46,2,1,34,16,16,0) [ 9.0802 ]
34:(46,2,0,33,17,17,0) [ 8.7962 ]
35:(45,2,1,33,17,17,0) [ 9.0848 ]
36:(45,2,0,32,18,18,0) [ 8.8118 ]
37:(45,2,1,32,18,18,0) [ 9.1738 ]
38:(45,2,0,31,19,19,0) [ 8.9118 ]
39:(44,2,1,31,19,19,0) [ 9.1784 ]
40:(44,2,0,30,20,20,0) [ 8.9274 ]
41:(43,2,1,30,20,20,0) [ 9.183 ]
42:(43,2,0,29,21,21,0) [ 8.943 ]
43:(43,2,1,29,21,21,0) [ 9.272 ]
44:(42,2,2,29,21,21,0) [ 9.5166 ]
45:(42,2,1,28,22,22,0) [ 9.276599999999998 ]
46:(42,2,0,27,23,23,0) [ 9.0586 ]
47:(42,2,1,27,23,23,0) [ 9.3656 ]
48:(42,2,0,26,24,24,0) [ 9.1586 ]
49:(42,2,1,26,24,24,0) [ 9.4546 ]
50:(41,2,2,26,24,24,0) [ 9.6662 ]
51:(41,2,1,25,25,25,0) [ 9.4592 ]
52:(40,2,2,25,25,25,0) [ 9.6598 ]
53:(40,2,1,24,26,26,0) [ 9.4638 ]
54:(40,2,0,23,27,27,0) [ 9.2898 ]
55:(40,2,1,23,27,27,0) [ 9.552800000000001 ]
56:(39,2,2,23,27,27,0) [ 9.7314 ]
57:(39,2,1,22,28,28,0) [ 9.557400000000001 ]
58:(38,2,2,22,28,28,0) [ 9.725000000000001 ]
59:(38,2,1,21,29,29,0) [ 9.562000000000001 ]
60:(38,2,0,20,30,30,0) [ 9.421 ]
61:(38,2,1,20,30,30,0) [ 9.651 ]
62:(38,2,0,19,31,31,0) [ 9.521 ]
63:(38,2,1,19,31,31,0) [ 9.74 ]
64:(38,2,0,18,32,32,0) [ 9.621 ]
65:(37,2,1,18,32,32,0) [ 9.7446 ]
66:(37,2,2,18,32,32,0) [ 9.9526 ]
67:(37,2,1,17,33,33,0) [ 9.8336 ]
68:(37,2,0,16,34,34,0) [ 9.736600000000001 ]
69:(36,2,1,16,34,34,0) [ 9.8382 ]
70:(36,2,0,15,35,35,0) [ 9.7522 ]
71:(36,2,1,15,35,35,0) [ 9.9272 ]
72:(36,2,0,14,36,36,0) [ 9.8522 ]
73:(35,2,1,14,36,36,0) [ 9.931799999999999 ]
74:(34,2,2,14,36,36,0) [ 10.0114 ]
75:(34,2,1,13,37,37,0) [ 9.936399999999999 ]
76:(33,2,2,13,37,37,0) [ 10.004999999999999 ]
77:(33,2,1,12,38,38,0) [ 9.941 ]
78:(32,2,2,12,38,38,0) [ 9.9986 ]
79:(32,2,1,11,39,39,0) [ 9.9456 ]
80:(32,2,0,10,40,40,0) [ 9.9146 ]
81:(31,2,1,10,40,40,0) [ 9.950199999999999 ]
82:(31,2,2,10,40,40,0) [ 10.0702 ]
83:(31,2,1,9,41,41,0) [ 10.039200000000001 ]
84:(31,2,2,9,41,41,0) [ 10.1482 ]
85:(30,2,3,9,41,41,0) [ 10.1728 ]
86:(30,2,4,9,41,41,0) [ 10.2818 ]
87:(30,2,3,8,42,42,0) [ 10.239799999999999 ]
88:(30,2,2,7,43,43,0) [ 10.2198 ]
89:(29,2,3,7,43,43,0) [ 10.2224 ]
90:(29,2,4,7,43,43,0) [ 10.3094 ]
91:(28,2,5,7,43,43,0) [ 10.312000000000001 ]
92:(28,2,4,6,44,44,0) [ 10.281 ]
93:(28,2,3,5,45,45,0) [ 10.272 ]
94:(28,2,2,4,46,46,0) [ 10.285 ]
95:(28,2,1,3,47,47,0) [ 10.32 ]
96:(28,2,2,3,47,47,0) [ 10.363 ]
97:(27,2,3,3,47,47,0) [ 10.3216 ]
98:(26,2,4,3,47,47,0) [ 10.2802 ]
99:(26,2,3,2,48,48,0) [ 10.304200000000002 ]
100:(26,2,2,1,49,49,0) [ 10.350200000000001 ]
101:(26,2,1,0,50,50,0) [ 10.4182 TARGET ]
102:(27,2,1,0,50,50,0) [ 10.502600000000001 TARGET ]
103:(25,2,1,0,50,50,0) [ 10.3338 TARGET ]
104:(25,2,2,0,50,50,0) [ 10.3438 TARGET ]
105:(26,2,2,0,50,50,0) [ 10.4282 TARGET ]
106:(27,2,2,1,49,49,0) [ 10.4346 ]
107:(25,2,2,1,49,49,0) [ 10.2658 ]
108:(25,2,3,1,49,49,0) [ 10.2868 ]
109:(26,2,3,1,49,49,0) [ 10.3712 ]
110:(27,2,3,2,48,48,0) [ 10.3886 ]
111:(25,2,3,2,48,48,0) [ 10.2198 ]
112:(25,2,4,2,48,48,0) [ 10.251800000000001 ]
113:(26,2,4,2,48,48,0) [ 10.336200000000002 ]
114:(27,2,4,3,47,47,0) [ 10.3646 ]
115:(25,2,4,3,47,47,0) [ 10.1958 ]
116:(25,2,5,3,47,47,0) [ 10.238800000000001 ]
117:(26,2,5,3,47,47,0) [ 10.3232 ]
118:(28,2,3,3,47,47,0) [ 10.406 ]
119:(26,2,3,3,47,47,0) [ 10.237200000000001 ]
120:(29,2,2,3,47,47,0) [ 10.4474 ]
121:(27,2,2,3,47,47,0) [ 10.2786 ]
122:(29,2,1,3,47,47,0) [ 10.404399999999999 ]
123:(27,2,1,3,47,47,0) [ 10.235600000000002 ]
124:(29,2,2,4,46,46,0) [ 10.3694 ]
125:(27,2,2,4,46,46,0) [ 10.200600000000001 ]
126:(27,2,3,4,46,46,0) [ 10.2546 ]
127:(28,2,3,4,46,46,0) [ 10.339000000000002 ]
128:(29,2,3,5,45,45,0) [ 10.3564 ]
129:(27,2,3,5,45,45,0) [ 10.1876 ]
130:(27,2,4,5,45,45,0) [ 10.252600000000001 ]
131:(28,2,4,5,45,45,0) [ 10.337 ]
132:(29,2,4,6,44,44,0) [ 10.365400000000001 ]
133:(27,2,4,6,44,44,0) [ 10.1966 ]
134:(27,2,5,6,44,44,0) [ 10.2726 ]
135:(28,2,5,6,44,44,0) [ 10.357000000000001 ]
136:(29,2,5,7,43,43,0) [ 10.3964 ]
137:(27,2,5,7,43,43,0) [ 10.227599999999999 ]
138:(27,2,6,7,43,43,0) [ 10.3146 ]
139:(28,2,6,7,43,43,0) [ 10.399000000000001 ]
140:(30,2,4,7,43,43,0) [ 10.393799999999999 ]
141:(28,2,4,7,43,43,0) [ 10.225000000000001 ]
142:(30,2,3,7,43,43,0) [ 10.306799999999999 ]
143:(28,2,3,7,43,43,0) [ 10.138 ]
144:(31,2,2,7,43,43,0) [ 10.3042 ]
145:(29,2,2,7,43,43,0) [ 10.1354 ]
146:(31,2,3,8,42,42,0) [ 10.324200000000001 ]
147:(29,2,3,8,42,42,0) [ 10.1554 ]
148:(29,2,4,8,42,42,0) [ 10.2534 ]
149:(30,2,4,8,42,42,0) [ 10.337800000000001 ]
150:(31,2,4,9,41,41,0) [ 10.3662 ]
151:(29,2,4,9,41,41,0) [ 10.197400000000002 ]
152:(29,2,5,9,41,41,0) [ 10.3064 ]
153:(30,2,5,9,41,41,0) [ 10.3908 ]
154:(31,2,3,9,41,41,0) [ 10.257200000000001 ]
155:(29,2,3,9,41,41,0) [ 10.0884 ]
156:(32,2,2,9,41,41,0) [ 10.232600000000001 ]
157:(30,2,2,9,41,41,0) [ 10.0638 ]
158:(32,2,1,9,41,41,0) [ 10.1236 ]
159:(30,2,1,9,41,41,0) [ 9.9548 ]
160:(32,2,2,10,40,40,0) [ 10.1546 ]
161:(30,2,2,10,40,40,0) [ 9.985800000000001 ]
162:(30,2,3,10,40,40,0) [ 10.1058 ]
163:(31,2,3,10,40,40,0) [ 10.1902 ]
164:(32,2,1,10,40,40,0) [ 10.0346 ]
165:(30,2,1,10,40,40,0) [ 9.8658 ]
166:(33,2,0,10,40,40,0) [ 9.999 ]
167:(31,2,0,10,40,40,0) [ 9.8302 ]
168:(33,2,1,11,39,39,0) [ 10.030000000000001 ]
169:(31,2,1,11,39,39,0) [ 9.8612 ]
170:(31,2,2,11,39,39,0) [ 9.9922 ]
171:(32,2,2,11,39,39,0) [ 10.076600000000001 ]
172:(33,2,2,12,38,38,0) [ 10.083 ]
173:(31,2,2,12,38,38,0) [ 9.914200000000001 ]
174:(31,2,3,12,38,38,0) [ 10.0562 ]
175:(32,2,3,12,38,38,0) [ 10.140600000000001 ]
176:(34,2,1,12,38,38,0) [ 10.025400000000001 ]
177:(32,2,1,12,38,38,0) [ 9.8566 ]
178:(34,2,2,13,37,37,0) [ 10.089400000000001 ]
179:(32,2,2,13,37,37,0) [ 9.9206 ]
180:(32,2,3,13,37,37,0) [ 10.073599999999999 ]
181:(33,2,3,13,37,37,0) [ 10.158000000000001 ]
182:(35,2,1,13,37,37,0) [ 10.020800000000001 ]
183:(33,2,1,13,37,37,0) [ 9.852 ]
184:(35,2,2,14,36,36,0) [ 10.0958 ]
185:(33,2,2,14,36,36,0) [ 9.927 ]
186:(33,2,3,14,36,36,0) [ 10.091 ]
187:(34,2,3,14,36,36,0) [ 10.1754 ]
188:(36,2,1,14,36,36,0) [ 10.0162 ]
189:(34,2,1,14,36,36,0) [ 9.8474 ]
190:(37,2,0,14,36,36,0) [ 9.9366 ]
191:(35,2,0,14,36,36,0) [ 9.7678 ]
192:(37,2,1,15,35,35,0) [ 10.0116 ]
193:(35,2,1,15,35,35,0) [ 9.8428 ]
194:(35,2,2,15,35,35,0) [ 10.017800000000001 ]
195:(36,2,2,15,35,35,0) [ 10.1022 ]
196:(37,2,0,15,35,35,0) [ 9.8366 ]
197:(35,2,0,15,35,35,0) [ 9.6678 ]
198:(37,2,1,16,34,34,0) [ 9.922600000000001 ]
199:(35,2,1,16,34,34,0) [ 9.7538 ]
200:(35,2,2,16,34,34,0) [ 9.9398 ]
201:(36,2,2,16,34,34,0) [ 10.0242 ]
202:(38,2,0,16,34,34,0) [ 9.821000000000002 ]
203:(36,2,0,16,34,34,0) [ 9.6522 ]
204:(38,2,1,17,33,33,0) [ 9.918000000000001 ]
205:(36,2,1,17,33,33,0) [ 9.7492 ]
206:(36,2,2,17,33,33,0) [ 9.946200000000001 ]
207:(37,2,2,17,33,33,0) [ 10.030600000000002 ]
208:(38,2,2,18,32,32,0) [ 10.036999999999999 ]
209:(36,2,2,18,32,32,0) [ 9.868200000000002 ]
210:(36,2,3,18,32,32,0) [ 10.0762 ]
211:(37,2,3,18,32,32,0) [ 10.1606 ]
212:(38,2,1,18,32,32,0) [ 9.829 ]
213:(36,2,1,18,32,32,0) [ 9.6602 ]
214:(39,2,0,18,32,32,0) [ 9.705400000000001 ]
215:(37,2,0,18,32,32,0) [ 9.5366 ]
216:(39,2,1,19,31,31,0) [ 9.8244 ]
217:(37,2,1,19,31,31,0) [ 9.6556 ]
218:(37,2,2,19,31,31,0) [ 9.874600000000001 ]
219:(38,2,2,19,31,31,0) [ 9.959 ]
220:(39,2,0,19,31,31,0) [ 9.6054 ]
221:(37,2,0,19,31,31,0) [ 9.4366 ]
222:(39,2,1,20,30,30,0) [ 9.7354 ]
223:(37,2,1,20,30,30,0) [ 9.566600000000001 ]
224:(37,2,2,20,30,30,0) [ 9.7966 ]
225:(38,2,2,20,30,30,0) [ 9.881 ]
226:(39,2,0,20,30,30,0) [ 9.5054 ]
227:(37,2,0,20,30,30,0) [ 9.3366 ]
228:(39,2,1,21,29,29,0) [ 9.6464 ]
229:(37,2,1,21,29,29,0) [ 9.4776 ]
230:(37,2,2,21,29,29,0) [ 9.7186 ]
231:(38,2,2,21,29,29,0) [ 9.803 ]
232:(39,2,2,22,28,28,0) [ 9.8094 ]
233:(37,2,2,22,28,28,0) [ 9.640600000000001 ]
234:(37,2,3,22,28,28,0) [ 9.8926 ]
235:(38,2,3,22,28,28,0) [ 9.977 ]
236:(40,2,1,22,28,28,0) [ 9.6418 ]
237:(38,2,1,22,28,28,0) [ 9.473 ]
238:(40,2,2,23,27,27,0) [ 9.8158 ]
239:(38,2,2,23,27,27,0) [ 9.647 ]
240:(38,2,3,23,27,27,0) [ 9.91 ]
241:(39,2,3,23,27,27,0) [ 9.9944 ]
242:(41,2,1,23,27,27,0) [ 9.6372 ]
243:(39,2,1,23,27,27,0) [ 9.468399999999999 ]
244:(41,2,0,23,27,27,0) [ 9.374200000000002 ]
245:(39,2,0,23,27,27,0) [ 9.205400000000001 ]
246:(41,2,1,24,26,26,0) [ 9.5482 ]
247:(39,2,1,24,26,26,0) [ 9.3794 ]
248:(39,2,2,24,26,26,0) [ 9.6534 ]
249:(40,2,2,24,26,26,0) [ 9.7378 ]
250:(41,2,2,25,25,25,0) [ 9.7442 ]
251:(39,2,2,25,25,25,0) [ 9.5754 ]
252:(39,2,3,25,25,25,0) [ 9.8604 ]
253:(40,2,3,25,25,25,0) [ 9.9448 ]
254:(42,2,1,25,25,25,0) [ 9.5436 ]
255:(40,2,1,25,25,25,0) [ 9.3748 ]
256:(42,2,2,26,24,24,0) [ 9.7506 ]
257:(40,2,2,26,24,24,0) [ 9.581800000000001 ]
258:(40,2,3,26,24,24,0) [ 9.8778 ]
259:(41,2,3,26,24,24,0) [ 9.9622 ]
260:(43,2,1,26,24,24,0) [ 9.539 ]
261:(41,2,1,26,24,24,0) [ 9.3702 ]
262:(43,2,0,26,24,24,0) [ 9.243 ]
263:(41,2,0,26,24,24,0) [ 9.074200000000001 ]
264:(43,2,1,27,23,23,0) [ 9.450000000000001 ]
265:(41,2,1,27,23,23,0) [ 9.2812 ]
266:(41,2,2,27,23,23,0) [ 9.5882 ]
267:(42,2,2,27,23,23,0) [ 9.672600000000001 ]
268:(43,2,0,27,23,23,0) [ 9.143 ]
269:(41,2,0,27,23,23,0) [ 8.974200000000002 ]
270:(43,2,1,28,22,22,0) [ 9.361 ]
271:(41,2,1,28,22,22,0) [ 9.1922 ]
272:(41,2,2,28,22,22,0) [ 9.510200000000001 ]
273:(42,2,2,28,22,22,0) [ 9.5946 ]
274:(43,2,2,29,21,21,0) [ 9.601 ]
275:(41,2,2,29,21,21,0) [ 9.4322 ]
276:(41,2,3,29,21,21,0) [ 9.7612 ]
277:(42,2,3,29,21,21,0) [ 9.8456 ]
278:(44,2,1,29,21,21,0) [ 9.3564 ]
279:(42,2,1,29,21,21,0) [ 9.1876 ]
280:(44,2,0,29,21,21,0) [ 9.0274 ]
281:(42,2,0,29,21,21,0) [ 8.8586 ]
282:(44,2,1,30,20,20,0) [ 9.267399999999999 ]
283:(42,2,1,30,20,20,0) [ 9.0986 ]
284:(42,2,2,30,20,20,0) [ 9.438600000000001 ]
285:(43,2,2,30,20,20,0) [ 9.523 ]
286:(45,2,0,30,20,20,0) [ 9.011800000000001 ]
287:(43,2,0,30,20,20,0) [ 8.843 ]
288:(45,2,1,31,19,19,0) [ 9.2628 ]
289:(43,2,1,31,19,19,0) [ 9.094 ]
290:(43,2,2,31,19,19,0) [ 9.445 ]
291:(44,2,2,31,19,19,0) [ 9.529399999999999 ]
292:(46,2,0,31,19,19,0) [ 8.9962 ]
293:(44,2,0,31,19,19,0) [ 8.8274 ]
294:(46,2,1,32,18,18,0) [ 9.2582 ]
295:(44,2,1,32,18,18,0) [ 9.0894 ]
296:(44,2,2,32,18,18,0) [ 9.4514 ]
297:(45,2,2,32,18,18,0) [ 9.5358 ]
298:(46,2,0,32,18,18,0) [ 8.8962 ]
299:(44,2,0,32,18,18,0) [ 8.727400000000001 ]
300:(46,2,1,33,17,17,0) [ 9.1692 ]
301:(44,2,1,33,17,17,0) [ 9.000399999999999 ]
302:(44,2,2,33,17,17,0) [ 9.3734 ]
303:(45,2,2,33,17,17,0) [ 9.4578 ]
304:(47,2,0,33,17,17,0) [ 8.880600000000001 ]
305:(45,2,0,33,17,17,0) [ 8.7118 ]
306:(47,2,1,34,16,16,0) [ 9.1646 ]
307:(45,2,1,34,16,16,0) [ 8.9958 ]
308:(45,2,2,34,16,16,0) [ 9.3798 ]
309:(46,2,2,34,16,16,0) [ 9.4642 ]
310:(47,2,0,34,16,16,0) [ 8.7806 ]
311:(45,2,0,34,16,16,0) [ 8.6118 ]
312:(47,2,1,35,15,15,0) [ 9.075600000000001 ]
313:(45,2,1,35,15,15,0) [ 8.9068 ]
314:(45,2,2,35,15,15,0) [ 9.3018 ]
315:(46,2,2,35,15,15,0) [ 9.3862 ]
316:(47,2,0,35,15,15,0) [ 8.6806 ]
317:(45,2,0,35,15,15,0) [ 8.511800000000001 ]
318:(47,2,1,36,14,14,0) [ 8.986600000000001 ]
319:(45,2,1,36,14,14,0) [ 8.8178 ]
320:(45,2,2,36,14,14,0) [ 9.2238 ]
321:(46,2,2,36,14,14,0) [ 9.308200000000001 ]
322:(47,2,0,36,14,14,0) [ 8.5806 ]
323:(45,2,0,36,14,14,0) [ 8.4118 ]
324:(47,2,1,37,13,13,0) [ 8.8976 ]
325:(45,2,1,37,13,13,0) [ 8.7288 ]
326:(45,2,2,37,13,13,0) [ 9.1458 ]
327:(46,2,2,37,13,13,0) [ 9.2302 ]
328:(47,2,2,38,12,12,0) [ 9.2366 ]
329:(45,2,2,38,12,12,0) [ 9.0678 ]
330:(45,2,3,38,12,12,0) [ 9.4958 ]
331:(46,2,3,38,12,12,0) [ 9.580200000000001 ]
332:(48,2,1,38,12,12,0) [ 8.893 ]
333:(46,2,1,38,12,12,0) [ 8.7242 ]
334:(48,2,2,39,11,11,0) [ 9.242999999999999 ]
335:(46,2,2,39,11,11,0) [ 9.074200000000001 ]
336:(46,2,3,39,11,11,0) [ 9.5132 ]
337:(47,2,3,39,11,11,0) [ 9.5976 ]
338:(48,2,1,39,11,11,0) [ 8.804 ]
339:(46,2,1,39,11,11,0) [ 8.635200000000001 ]
340:(48,2,0,39,11,11,0) [ 8.365 ]
341:(46,2,0,39,11,11,0) [ 8.196200000000001 ]
342:(48,2,1,40,10,10,0) [ 8.715 ]
343:(46,2,1,40,10,10,0) [ 8.546199999999999 ]
344:(46,2,2,40,10,10,0) [ 8.996200000000002 ]
345:(47,2,2,40,10,10,0) [ 9.0806 ]
346:(48,2,2,41,9,9,0) [ 9.087 ]
347:(46,2,2,41,9,9,0) [ 8.9182 ]
348:(46,2,3,41,9,9,0) [ 9.3792 ]
349:(47,2,3,41,9,9,0) [ 9.463600000000001 ]
350:(48,2,1,41,9,9,0) [ 8.626 ]
351:(46,2,1,41,9,9,0) [ 8.4572 ]
352:(48,2,2,42,8,8,0) [ 9.009 ]
353:(46,2,2,42,8,8,0) [ 8.840200000000001 ]
354:(46,2,3,42,8,8,0) [ 9.3122 ]
355:(47,2,3,42,8,8,0) [ 9.396600000000001 ]
356:(48,2,3,43,7,7,0) [ 9.413999999999998 ]
357:(46,2,3,43,7,7,0) [ 9.2452 ]
358:(46,2,4,43,7,7,0) [ 9.728200000000001 ]
359:(47,2,4,43,7,7,0) [ 9.8126 ]
360:(48,2,2,43,7,7,0) [ 8.930999999999997 ]
361:(46,2,2,43,7,7,0) [ 8.7622 ]
362:(48,2,1,43,7,7,0) [ 8.447999999999999 ]
363:(46,2,1,43,7,7,0) [ 8.2792 ]
364:(49,2,0,43,7,7,0) [ 8.0494 ]
365:(47,2,0,43,7,7,0) [ 7.8806 ]
366:(49,2,1,44,6,6,0) [ 8.4434 ]
367:(47,2,1,44,6,6,0) [ 8.274600000000001 ]
368:(47,2,2,44,6,6,0) [ 8.768600000000001 ]
369:(48,2,2,44,6,6,0) [ 8.853 ]
370:(49,2,0,44,6,6,0) [ 7.949400000000001 ]
371:(47,2,0,44,6,6,0) [ 7.7806 ]
372:(49,2,1,45,5,5,0) [ 8.3544 ]
373:(47,2,1,45,5,5,0) [ 8.1856 ]
374:(47,2,2,45,5,5,0) [ 8.6906 ]
375:(48,2,2,45,5,5,0) [ 8.774999999999999 ]
376:(49,2,0,45,5,5,0) [ 7.8494 ]
377:(47,2,0,45,5,5,0) [ 7.6806 ]
378:(49,2,1,46,4,4,0) [ 8.2654 ]
379:(47,2,1,46,4,4,0) [ 8.0966 ]
380:(47,2,2,46,4,4,0) [ 8.612600000000002 ]
381:(48,2,2,46,4,4,0) [ 8.697000000000001 ]
382:(49,2,2,47,3,3,0) [ 8.7034 ]
383:(47,2,2,47,3,3,0) [ 8.534600000000001 ]
384:(47,2,3,47,3,3,0) [ 9.061600000000002 ]
385:(48,2,3,47,3,3,0) [ 9.146 ]
386:(50,2,1,47,3,3,0) [ 8.2608 ]
387:(48,2,1,47,3,3,0) [ 8.092 ]
388:(50,2,2,48,2,2,0) [ 8.709799999999998 ]
389:(48,2,2,48,2,2,0) [ 8.540999999999999 ]
390:(48,2,3,48,2,2,0) [ 9.079 ]
391:(49,2,3,48,2,2,0) [ 9.1634 ]
392:(50,2,3,49,1,1,0) [ 9.1808 ]
393:(48,2,3,49,1,1,0) [ 9.011999999999999 ]
394:(48,2,4,49,1,1,0) [ 9.560999999999998 ]
395:(49,2,4,49,1,1,0) [ 9.6454 ]
396:(50,2,2,49,1,1,0) [ 8.6318 ]
397:(48,2,2,49,1,1,0) [ 8.463 ]
398:(50,2,1,49,1,1,0) [ 8.082799999999999 ]
399:(48,2,1,49,1,1,0) [ 7.913999999999999 ]
400:(50,2,0,49,1,1,0) [ 7.533799999999999 ]
401:(48,2,0,49,1,1,0) [ 7.364999999999999 ]
402:(50,2,1,50,0,0,0) [ 7.993799999999999 ]
403:(48,2,1,50,0,0,0) [ 7.824999999999999 ]
404:(48,2,2,50,0,0,0) [ 8.384999999999998 ]
405:(49,2,2,50,0,0,0) [ 8.4694 ]
406:(51,2,0,50,0,0,0) [ 7.518200000000001 ]
407:(49,2,0,50,0,0,0) [ 7.3494 ]
408:(28,2,1,0,50,50,0) [ 10.587 TARGET ]
409:(27,2,2,0,50,50,0) [ 10.5126 TARGET ]
410:(28,2,2,1,49,49,0) [ 10.519 ]
411:(27,2,3,1,49,49,0) [ 10.4556 ]
412:(28,2,3,2,48,48,0) [ 10.473 ]
413:(27,2,4,2,48,48,0) [ 10.4206 ]
414:(28,2,4,3,47,47,0) [ 10.449000000000002 ]
415:(27,2,5,3,47,47,0) [ 10.4076 ]
416:(29,2,3,3,47,47,0) [ 10.490400000000001 ]
417:(30,2,2,3,47,47,0) [ 10.5318 ]
418:(30,2,1,3,47,47,0) [ 10.488800000000001 ]
419:(30,2,2,4,46,46,0) [ 10.453800000000001 ]
420:(29,2,3,4,46,46,0) [ 10.4234 ]
421:(30,2,3,5,45,45,0) [ 10.4408 ]
422:(29,2,4,5,45,45,0) [ 10.4214 ]
423:(30,2,4,6,44,44,0) [ 10.4498 ]
424:(29,2,5,6,44,44,0) [ 10.4414 ]
425:(30,2,5,7,43,43,0) [ 10.480799999999999 ]
426:(29,2,6,7,43,43,0) [ 10.4834 ]
427:(31,2,4,7,43,43,0) [ 10.478200000000001 ]
428:(31,2,3,7,43,43,0) [ 10.3912 ]
429:(32,2,2,7,43,43,0) [ 10.3886 ]
430:(32,2,3,8,42,42,0) [ 10.4086 ]
431:(31,2,4,8,42,42,0) [ 10.4222 ]
432:(32,2,4,9,41,41,0) [ 10.450600000000001 ]
433:(31,2,5,9,41,41,0) [ 10.475200000000001 ]
434:(32,2,3,9,41,41,0) [ 10.3416 ]
435:(33,2,2,9,41,41,0) [ 10.317 ]
436:(33,2,1,9,41,41,0) [ 10.208000000000002 ]
437:(33,2,2,10,40,40,0) [ 10.239 ]
438:(32,2,3,10,40,40,0) [ 10.2746 ]
439:(33,2,1,10,40,40,0) [ 10.119 ]
440:(34,2,0,10,40,40,0) [ 10.083400000000001 ]
441:(34,2,1,11,39,39,0) [ 10.1144 ]
442:(33,2,2,11,39,39,0) [ 10.161000000000001 ]
443:(34,2,2,12,38,38,0) [ 10.1674 ]
444:(33,2,3,12,38,38,0) [ 10.225 ]
445:(35,2,1,12,38,38,0) [ 10.1098 ]
446:(35,2,2,13,37,37,0) [ 10.1738 ]
447:(34,2,3,13,37,37,0) [ 10.2424 ]
448:(36,2,1,13,37,37,0) [ 10.1052 ]
449:(36,2,2,14,36,36,0) [ 10.1802 ]
450:(35,2,3,14,36,36,0) [ 10.2598 ]
451:(37,2,1,14,36,36,0) [ 10.1006 ]
452:(38,2,0,14,36,36,0) [ 10.021 ]
453:(38,2,1,15,35,35,0) [ 10.096 ]
454:(37,2,2,15,35,35,0) [ 10.1866 ]
455:(38,2,0,15,35,35,0) [ 9.921 ]
456:(38,2,1,16,34,34,0) [ 10.007000000000001 ]
457:(37,2,2,16,34,34,0) [ 10.108600000000001 ]
458:(39,2,0,16,34,34,0) [ 9.9054 ]
459:(39,2,1,17,33,33,0) [ 10.0024 ]
460:(38,2,2,17,33,33,0) [ 10.115 ]
461:(39,2,2,18,32,32,0) [ 10.121400000000001 ]
462:(38,2,3,18,32,32,0) [ 10.245000000000001 ]
463:(39,2,1,18,32,32,0) [ 9.9134 ]
464:(40,2,0,18,32,32,0) [ 9.7898 ]
465:(40,2,1,19,31,31,0) [ 9.9088 ]
466:(39,2,2,19,31,31,0) [ 10.0434 ]
467:(40,2,0,19,31,31,0) [ 9.6898 ]
468:(40,2,1,20,30,30,0) [ 9.8198 ]
469:(39,2,2,20,30,30,0) [ 9.9654 ]
470:(40,2,0,20,30,30,0) [ 9.5898 ]
471:(40,2,1,21,29,29,0) [ 9.7308 ]
472:(39,2,2,21,29,29,0) [ 9.8874 ]
473:(40,2,2,22,28,28,0) [ 9.8938 ]
474:(39,2,3,22,28,28,0) [ 10.0614 ]
475:(41,2,1,22,28,28,0) [ 9.7262 ]
476:(41,2,2,23,27,27,0) [ 9.900200000000002 ]
477:(40,2,3,23,27,27,0) [ 10.078800000000001 ]
478:(42,2,1,23,27,27,0) [ 9.721599999999999 ]
479:(42,2,0,23,27,27,0) [ 9.4586 ]
480:(42,2,1,24,26,26,0) [ 9.6326 ]
481:(41,2,2,24,26,26,0) [ 9.8222 ]
482:(42,2,2,25,25,25,0) [ 9.8286 ]
483:(41,2,3,25,25,25,0) [ 10.0292 ]
484:(43,2,1,25,25,25,0) [ 9.628 ]
485:(43,2,2,26,24,24,0) [ 9.835 ]
486:(42,2,3,26,24,24,0) [ 10.046600000000002 ]
487:(44,2,1,26,24,24,0) [ 9.6234 ]
488:(44,2,0,26,24,24,0) [ 9.3274 ]
489:(44,2,1,27,23,23,0) [ 9.5344 ]
490:(43,2,2,27,23,23,0) [ 9.757 ]
491:(44,2,0,27,23,23,0) [ 9.227400000000001 ]
492:(44,2,1,28,22,22,0) [ 9.4454 ]
493:(43,2,2,28,22,22,0) [ 9.679 ]
494:(44,2,2,29,21,21,0) [ 9.6854 ]
495:(43,2,3,29,21,21,0) [ 9.93 ]
496:(45,2,1,29,21,21,0) [ 9.4408 ]
497:(45,2,0,29,21,21,0) [ 9.1118 ]
498:(45,2,1,30,20,20,0) [ 9.3518 ]
499:(44,2,2,30,20,20,0) [ 9.6074 ]
500:(46,2,0,30,20,20,0) [ 9.0962 ]
501:(46,2,1,31,19,19,0) [ 9.3472 ]
502:(45,2,2,31,19,19,0) [ 9.6138 ]
503:(47,2,0,31,19,19,0) [ 9.0806 ]
504:(47,2,1,32,18,18,0) [ 9.342600000000001 ]
505:(46,2,2,32,18,18,0) [ 9.6202 ]
506:(47,2,0,32,18,18,0) [ 8.9806 ]
507:(47,2,1,33,17,17,0) [ 9.2536 ]
508:(46,2,2,33,17,17,0) [ 9.542200000000001 ]
509:(48,2,0,33,17,17,0) [ 8.965 ]
510:(48,2,1,34,16,16,0) [ 9.248999999999999 ]
511:(47,2,2,34,16,16,0) [ 9.5486 ]
512:(48,2,0,34,16,16,0) [ 8.865 ]
513:(48,2,1,35,15,15,0) [ 9.16 ]
514:(47,2,2,35,15,15,0) [ 9.470600000000001 ]
515:(48,2,0,35,15,15,0) [ 8.765 ]
516:(48,2,1,36,14,14,0) [ 9.071 ]
517:(47,2,2,36,14,14,0) [ 9.3926 ]
518:(48,2,0,36,14,14,0) [ 8.665 ]
519:(48,2,1,37,13,13,0) [ 8.982 ]
520:(47,2,2,37,13,13,0) [ 9.314600000000002 ]
521:(48,2,2,38,12,12,0) [ 9.320999999999998 ]
522:(47,2,3,38,12,12,0) [ 9.6646 ]
523:(49,2,1,38,12,12,0) [ 8.9774 ]
524:(49,2,2,39,11,11,0) [ 9.327399999999999 ]
525:(48,2,3,39,11,11,0) [ 9.682 ]
526:(49,2,1,39,11,11,0) [ 8.8884 ]
527:(49,2,0,39,11,11,0) [ 8.4494 ]
528:(49,2,1,40,10,10,0) [ 8.799399999999999 ]
529:(48,2,2,40,10,10,0) [ 9.165 ]
530:(49,2,2,41,9,9,0) [ 9.1714 ]
531:(48,2,3,41,9,9,0) [ 9.548 ]
532:(49,2,1,41,9,9,0) [ 8.7104 ]
533:(49,2,2,42,8,8,0) [ 9.093399999999999 ]
534:(48,2,3,42,8,8,0) [ 9.481000000000002 ]
535:(49,2,3,43,7,7,0) [ 9.4984 ]
536:(48,2,4,43,7,7,0) [ 9.896999999999998 ]
537:(49,2,2,43,7,7,0) [ 9.0154 ]
538:(49,2,1,43,7,7,0) [ 8.532399999999999 ]
539:(50,2,0,43,7,7,0) [ 8.133799999999999 ]
540:(50,2,1,44,6,6,0) [ 8.5278 ]
541:(49,2,2,44,6,6,0) [ 8.937399999999998 ]
542:(50,2,0,44,6,6,0) [ 8.0338 ]
543:(50,2,1,45,5,5,0) [ 8.4388 ]
544:(49,2,2,45,5,5,0) [ 8.8594 ]
545:(50,2,0,45,5,5,0) [ 7.9338 ]
546:(50,2,1,46,4,4,0) [ 8.3498 ]
547:(49,2,2,46,4,4,0) [ 8.7814 ]
548:(50,2,2,47,3,3,0) [ 8.7878 ]
549:(49,2,3,47,3,3,0) [ 9.230400000000001 ]
550:(51,2,1,47,3,3,0) [ 8.345200000000002 ]
551:(51,2,2,48,2,2,0) [ 8.7942 ]
552:(50,2,3,48,2,2,0) [ 9.247799999999998 ]
553:(51,2,3,49,1,1,0) [ 9.265200000000002 ]
554:(50,2,4,49,1,1,0) [ 9.7298 ]
555:(51,2,2,49,1,1,0) [ 8.716199999999999 ]
556:(51,2,1,49,1,1,0) [ 8.1672 ]
557:(51,2,0,49,1,1,0) [ 7.618200000000001 ]
558:(51,2,1,50,0,0,0) [ 8.0782 ]
559:(50,2,2,50,0,0,0) [ 8.553799999999999 ]
560:(52,2,0,50,0,0,0) [ 7.602600000000001 ]
561:(29,2,1,0,50,50,0) [ 10.6714 TARGET ]
562:(28,2,2,0,50,50,0) [ 10.597000000000001 TARGET ]
563:(29,2,2,1,49,49,0) [ 10.6034 ]
564:(28,2,3,1,49,49,0) [ 10.540000000000001 ]
565:(29,2,3,2,48,48,0) [ 10.557400000000001 ]
566:(28,2,4,2,48,48,0) [ 10.505 ]
567:(29,2,4,3,47,47,0) [ 10.5334 ]
568:(28,2,5,3,47,47,0) [ 10.492 ]
569:(30,2,3,3,47,47,0) [ 10.5748 ]
570:(31,2,2,3,47,47,0) [ 10.6162 ]
571:(31,2,1,3,47,47,0) [ 10.5732 ]
572:(31,2,2,4,46,46,0) [ 10.5382 ]
573:(30,2,3,4,46,46,0) [ 10.5078 ]
574:(31,2,3,5,45,45,0) [ 10.5252 ]
575:(30,2,4,5,45,45,0) [ 10.5058 ]
576:(31,2,4,6,44,44,0) [ 10.5342 ]
577:(30,2,5,6,44,44,0) [ 10.5258 ]
578:(31,2,5,7,43,43,0) [ 10.5652 ]
579:(30,2,6,7,43,43,0) [ 10.5678 ]
580:(32,2,4,7,43,43,0) [ 10.5626 ]
581:(32,2,3,7,43,43,0) [ 10.4756 ]
582:(33,2,2,7,43,43,0) [ 10.472999999999999 ]
583:(33,2,3,8,42,42,0) [ 10.493 ]
584:(32,2,4,8,42,42,0) [ 10.506599999999999 ]
585:(33,2,4,9,41,41,0) [ 10.535 ]
586:(32,2,5,9,41,41,0) [ 10.5596 ]
587:(33,2,3,9,41,41,0) [ 10.426000000000002 ]
588:(34,2,2,9,41,41,0) [ 10.4014 ]
589:(34,2,1,9,41,41,0) [ 10.2924 ]
590:(34,2,2,10,40,40,0) [ 10.3234 ]
591:(33,2,3,10,40,40,0) [ 10.359 ]
592:(34,2,1,10,40,40,0) [ 10.2034 ]
593:(35,2,0,10,40,40,0) [ 10.1678 ]
594:(35,2,1,11,39,39,0) [ 10.1988 ]
595:(34,2,2,11,39,39,0) [ 10.2454 ]
596:(35,2,2,12,38,38,0) [ 10.251800000000001 ]
597:(34,2,3,12,38,38,0) [ 10.3094 ]
598:(36,2,1,12,38,38,0) [ 10.1942 ]
599:(36,2,2,13,37,37,0) [ 10.2582 ]
600:(35,2,3,13,37,37,0) [ 10.3268 ]
601:(37,2,1,13,37,37,0) [ 10.189599999999999 ]
602:(37,2,2,14,36,36,0) [ 10.2646 ]
603:(36,2,3,14,36,36,0) [ 10.3442 ]
604:(38,2,1,14,36,36,0) [ 10.185 ]
605:(39,2,0,14,36,36,0) [ 10.1054 ]
606:(39,2,1,15,35,35,0) [ 10.1804 ]
607:(38,2,2,15,35,35,0) [ 10.271 ]
608:(39,2,0,15,35,35,0) [ 10.0054 ]
609:(39,2,1,16,34,34,0) [ 10.0914 ]
610:(38,2,2,16,34,34,0) [ 10.193000000000001 ]
611:(40,2,0,16,34,34,0) [ 9.9898 ]
612:(40,2,1,17,33,33,0) [ 10.0868 ]
613:(39,2,2,17,33,33,0) [ 10.1994 ]
614:(40,2,2,18,32,32,0) [ 10.2058 ]
615:(39,2,3,18,32,32,0) [ 10.3294 ]
616:(40,2,1,18,32,32,0) [ 9.997800000000002 ]
617:(41,2,0,18,32,32,0) [ 9.874200000000002 ]
618:(41,2,1,19,31,31,0) [ 9.9932 ]
619:(40,2,2,19,31,31,0) [ 10.1278 ]
620:(41,2,0,19,31,31,0) [ 9.7742 ]
621:(41,2,1,20,30,30,0) [ 9.9042 ]
622:(40,2,2,20,30,30,0) [ 10.049800000000001 ]
623:(41,2,0,20,30,30,0) [ 9.6742 ]
624:(41,2,1,21,29,29,0) [ 9.8152 ]
625:(40,2,2,21,29,29,0) [ 9.971800000000002 ]
626:(41,2,2,22,28,28,0) [ 9.978200000000001 ]
627:(40,2,3,22,28,28,0) [ 10.1458 ]
628:(42,2,1,22,28,28,0) [ 9.8106 ]
629:(42,2,2,23,27,27,0) [ 9.9846 ]
630:(41,2,3,23,27,27,0) [ 10.1632 ]
631:(43,2,1,23,27,27,0) [ 9.806000000000001 ]
632:(43,2,0,23,27,27,0) [ 9.543 ]
633:(43,2,1,24,26,26,0) [ 9.717 ]
634:(42,2,2,24,26,26,0) [ 9.906600000000001 ]
635:(43,2,2,25,25,25,0) [ 9.913 ]
636:(42,2,3,25,25,25,0) [ 10.1136 ]
637:(44,2,1,25,25,25,0) [ 9.712399999999999 ]
638:(44,2,2,26,24,24,0) [ 9.9194 ]
639:(43,2,3,26,24,24,0) [ 10.131 ]
640:(45,2,1,26,24,24,0) [ 9.707799999999999 ]
641:(45,2,0,26,24,24,0) [ 9.4118 ]
642:(45,2,1,27,23,23,0) [ 9.6188 ]
643:(44,2,2,27,23,23,0) [ 9.8414 ]
644:(45,2,0,27,23,23,0) [ 9.3118 ]
645:(45,2,1,28,22,22,0) [ 9.5298 ]
646:(44,2,2,28,22,22,0) [ 9.7634 ]
647:(45,2,2,29,21,21,0) [ 9.7698 ]
648:(44,2,3,29,21,21,0) [ 10.0144 ]
649:(46,2,1,29,21,21,0) [ 9.5252 ]
650:(46,2,0,29,21,21,0) [ 9.196200000000001 ]
651:(46,2,1,30,20,20,0) [ 9.4362 ]
652:(45,2,2,30,20,20,0) [ 9.6918 ]
653:(47,2,0,30,20,20,0) [ 9.1806 ]
654:(47,2,1,31,19,19,0) [ 9.4316 ]
655:(46,2,2,31,19,19,0) [ 9.6982 ]
656:(48,2,0,31,19,19,0) [ 9.165 ]
657:(48,2,1,32,18,18,0) [ 9.427 ]
658:(47,2,2,32,18,18,0) [ 9.704600000000001 ]
659:(48,2,0,32,18,18,0) [ 9.065 ]
660:(48,2,1,33,17,17,0) [ 9.338 ]
661:(47,2,2,33,17,17,0) [ 9.6266 ]
662:(49,2,0,33,17,17,0) [ 9.0494 ]
663:(49,2,1,34,16,16,0) [ 9.3334 ]
664:(48,2,2,34,16,16,0) [ 9.633 ]
665:(49,2,0,34,16,16,0) [ 8.9494 ]
666:(49,2,1,35,15,15,0) [ 9.244399999999999 ]
667:(48,2,2,35,15,15,0) [ 9.555 ]
668:(49,2,0,35,15,15,0) [ 8.8494 ]
669:(49,2,1,36,14,14,0) [ 9.1554 ]
670:(48,2,2,36,14,14,0) [ 9.476999999999999 ]
671:(49,2,0,36,14,14,0) [ 8.7494 ]
672:(49,2,1,37,13,13,0) [ 9.0664 ]
673:(48,2,2,37,13,13,0) [ 9.399000000000001 ]
674:(49,2,2,38,12,12,0) [ 9.4054 ]
675:(48,2,3,38,12,12,0) [ 9.748999999999999 ]
676:(50,2,1,38,12,12,0) [ 9.0618 ]
677:(50,2,2,39,11,11,0) [ 9.411799999999998 ]
678:(49,2,3,39,11,11,0) [ 9.766399999999999 ]
679:(50,2,1,39,11,11,0) [ 8.9728 ]
680:(50,2,0,39,11,11,0) [ 8.5338 ]
681:(50,2,1,40,10,10,0) [ 8.8838 ]
682:(49,2,2,40,10,10,0) [ 9.2494 ]
683:(50,2,2,41,9,9,0) [ 9.255799999999999 ]
684:(49,2,3,41,9,9,0) [ 9.6324 ]
685:(50,2,1,41,9,9,0) [ 8.794799999999999 ]
686:(50,2,2,42,8,8,0) [ 9.177800000000001 ]
687:(49,2,3,42,8,8,0) [ 9.5654 ]
688:(50,2,3,43,7,7,0) [ 9.582799999999999 ]
689:(49,2,4,43,7,7,0) [ 9.9814 ]
690:(50,2,2,43,7,7,0) [ 9.099799999999998 ]
691:(50,2,1,43,7,7,0) [ 8.6168 ]
692:(51,2,0,43,7,7,0) [ 8.218200000000001 ]
693:(51,2,1,44,6,6,0) [ 8.6122 ]
694:(50,2,2,44,6,6,0) [ 9.021799999999999 ]
695:(51,2,0,44,6,6,0) [ 8.118200000000002 ]
696:(51,2,1,45,5,5,0) [ 8.523200000000001 ]
697:(50,2,2,45,5,5,0) [ 8.9438 ]
698:(51,2,0,45,5,5,0) [ 8.0182 ]
699:(51,2,1,46,4,4,0) [ 8.434200000000002 ]
700:(50,2,2,46,4,4,0) [ 8.865799999999998 ]
701:(51,2,2,47,3,3,0) [ 8.872200000000001 ]
702:(50,2,3,47,3,3,0) [ 9.314800000000002 ]
703:(52,2,1,47,3,3,0) [ 8.4296 ]
704:(52,2,2,48,2,2,0) [ 8.878599999999999 ]
705:(51,2,3,48,2,2,0) [ 9.3322 ]
706:(52,2,3,49,1,1,0) [ 9.3496 ]
707:(51,2,4,49,1,1,0) [ 9.814200000000001 ]
708:(52,2,2,49,1,1,0) [ 8.800600000000001 ]
709:(52,2,1,49,1,1,0) [ 8.2516 ]
710:(52,2,0,49,1,1,0) [ 7.7026 ]
711:(52,2,1,50,0,0,0) [ 8.162600000000001 ]
712:(51,2,2,50,0,0,0) [ 8.638200000000001 ]
713:(53,2,0,50,0,0,0) [ 7.687 ]
714:(25,2,3,0,50,50,0) [ 10.3538 TARGET ]
715:(26,2,3,0,50,50,0) [ 10.4382 TARGET ]
716:(25,2,4,1,49,49,0) [ 10.3078 ]
717:(26,2,4,1,49,49,0) [ 10.3922 ]
718:(25,2,5,2,48,48,0) [ 10.2838 ]
719:(26,2,5,2,48,48,0) [ 10.368200000000002 ]
720:(25,2,6,3,47,47,0) [ 10.2818 ]
721:(26,2,6,3,47,47,0) [ 10.3662 ]
722:(27,2,4,4,46,46,0) [ 10.308600000000002 ]
723:(28,2,4,4,46,46,0) [ 10.393 ]
724:(27,2,5,5,45,45,0) [ 10.3176 ]
725:(28,2,5,5,45,45,0) [ 10.402000000000001 ]
726:(27,2,6,6,44,44,0) [ 10.348600000000001 ]
727:(28,2,6,6,44,44,0) [ 10.433 ]
728:(27,2,7,7,43,43,0) [ 10.4016 ]
729:(28,2,7,7,43,43,0) [ 10.486 ]
730:(29,2,5,8,42,42,0) [ 10.3514 ]
731:(30,2,5,8,42,42,0) [ 10.4358 ]
732:(29,2,6,9,41,41,0) [ 10.415400000000002 ]
733:(30,2,6,9,41,41,0) [ 10.4998 ]
734:(30,2,4,10,40,40,0) [ 10.2258 ]
735:(31,2,4,10,40,40,0) [ 10.3102 ]
736:(31,2,3,11,39,39,0) [ 10.1232 ]
737:(32,2,3,11,39,39,0) [ 10.2076 ]
738:(31,2,4,12,38,38,0) [ 10.1982 ]
739:(32,2,4,12,38,38,0) [ 10.2826 ]
740:(32,2,4,13,37,37,0) [ 10.226600000000001 ]
741:(33,2,4,13,37,37,0) [ 10.311 ]
742:(33,2,4,14,36,36,0) [ 10.255 ]
743:(34,2,4,14,36,36,0) [ 10.3394 ]
744:(35,2,3,15,35,35,0) [ 10.1928 ]
745:(36,2,3,15,35,35,0) [ 10.2772 ]
746:(35,2,3,16,34,34,0) [ 10.1258 ]
747:(36,2,3,16,34,34,0) [ 10.2102 ]
748:(36,2,3,17,33,33,0) [ 10.1432 ]
749:(37,2,3,17,33,33,0) [ 10.2276 ]
750:(36,2,4,18,32,32,0) [ 10.2842 ]
751:(37,2,4,18,32,32,0) [ 10.3686 ]
752:(37,2,3,19,31,31,0) [ 10.0936 ]
753:(38,2,3,19,31,31,0) [ 10.178 ]
754:(37,2,3,20,30,30,0) [ 10.0266 ]
755:(38,2,3,20,30,30,0) [ 10.111 ]
756:(37,2,3,21,29,29,0) [ 9.9596 ]
757:(38,2,3,21,29,29,0) [ 10.044 ]
758:(37,2,4,22,28,28,0) [ 10.1446 ]
759:(38,2,4,22,28,28,0) [ 10.229000000000001 ]
760:(38,2,4,23,27,27,0) [ 10.173 ]
761:(39,2,4,23,27,27,0) [ 10.2574 ]
762:(39,2,3,24,26,26,0) [ 9.9274 ]
763:(40,2,3,24,26,26,0) [ 10.011800000000001 ]
764:(39,2,4,25,25,25,0) [ 10.1454 ]
765:(40,2,4,25,25,25,0) [ 10.229800000000001 ]
766:(40,2,4,26,24,24,0) [ 10.1738 ]
767:(41,2,4,26,24,24,0) [ 10.2582 ]
768:(41,2,3,27,23,23,0) [ 9.8952 ]
769:(42,2,3,27,23,23,0) [ 9.9796 ]
770:(41,2,3,28,22,22,0) [ 9.8282 ]
771:(42,2,3,28,22,22,0) [ 9.912600000000001 ]
772:(41,2,4,29,21,21,0) [ 10.090200000000001 ]
773:(42,2,4,29,21,21,0) [ 10.1746 ]
774:(42,2,3,30,20,20,0) [ 9.7786 ]
775:(43,2,3,30,20,20,0) [ 9.863 ]
776:(43,2,3,31,19,19,0) [ 9.796 ]
777:(44,2,3,31,19,19,0) [ 9.8804 ]
778:(44,2,3,32,18,18,0) [ 9.813400000000001 ]
779:(45,2,3,32,18,18,0) [ 9.8978 ]
780:(44,2,3,33,17,17,0) [ 9.746399999999998 ]
781:(45,2,3,33,17,17,0) [ 9.8308 ]
782:(45,2,3,34,16,16,0) [ 9.7638 ]
783:(46,2,3,34,16,16,0) [ 9.8482 ]
784:(45,2,3,35,15,15,0) [ 9.6968 ]
785:(46,2,3,35,15,15,0) [ 9.7812 ]
786:(45,2,3,36,14,14,0) [ 9.629800000000001 ]
787:(46,2,3,36,14,14,0) [ 9.7142 ]
788:(45,2,3,37,13,13,0) [ 9.5628 ]
789:(46,2,3,37,13,13,0) [ 9.647200000000002 ]
790:(45,2,4,38,12,12,0) [ 9.9238 ]
791:(46,2,4,38,12,12,0) [ 10.008199999999999 ]
792:(46,2,4,39,11,11,0) [ 9.9522 ]
793:(47,2,4,39,11,11,0) [ 10.0366 ]
794:(46,2,3,40,10,10,0) [ 9.446200000000001 ]
795:(47,2,3,40,10,10,0) [ 9.5306 ]
796:(46,2,4,41,9,9,0) [ 9.840200000000001 ]
797:(47,2,4,41,9,9,0) [ 9.9246 ]
798:(46,2,4,42,8,8,0) [ 9.784200000000002 ]
799:(47,2,4,42,8,8,0) [ 9.8686 ]
800:(46,2,5,43,7,7,0) [ 10.211199999999998 ]
801:(47,2,5,43,7,7,0) [ 10.2956 ]
802:(47,2,3,44,6,6,0) [ 9.2626 ]
803:(48,2,3,44,6,6,0) [ 9.347 ]
804:(47,2,3,45,5,5,0) [ 9.1956 ]
805:(48,2,3,45,5,5,0) [ 9.280000000000001 ]
806:(47,2,3,46,4,4,0) [ 9.1286 ]
807:(48,2,3,46,4,4,0) [ 9.213 ]
808:(47,2,4,47,3,3,0) [ 9.5886 ]
809:(48,2,4,47,3,3,0) [ 9.673000000000002 ]
810:(48,2,4,48,2,2,0) [ 9.616999999999999 ]
811:(49,2,4,48,2,2,0) [ 9.7014 ]
812:(48,2,5,49,1,1,0) [ 10.109999999999998 ]
813:(49,2,5,49,1,1,0) [ 10.1944 ]
814:(48,2,3,50,0,0,0) [ 8.945 ]
815:(49,2,3,50,0,0,0) [ 9.0294 ]
816:(27,2,3,0,50,50,0) [ 10.5226 TARGET ]
817:(27,2,4,1,49,49,0) [ 10.476600000000001 ]
818:(27,2,5,2,48,48,0) [ 10.4526 ]
819:(27,2,6,3,47,47,0) [ 10.450600000000001 ]
820:(29,2,4,4,46,46,0) [ 10.4774 ]
821:(29,2,5,5,45,45,0) [ 10.4864 ]
822:(29,2,6,6,44,44,0) [ 10.5174 ]
823:(29,2,7,7,43,43,0) [ 10.5704 ]
824:(31,2,5,8,42,42,0) [ 10.520199999999999 ]
825:(31,2,6,9,41,41,0) [ 10.584200000000001 ]
826:(32,2,4,10,40,40,0) [ 10.3946 ]
827:(33,2,3,11,39,39,0) [ 10.292 ]
828:(33,2,4,12,38,38,0) [ 10.367 ]
829:(34,2,4,13,37,37,0) [ 10.3954 ]
830:(35,2,4,14,36,36,0) [ 10.4238 ]
831:(37,2,3,15,35,35,0) [ 10.3616 ]
832:(37,2,3,16,34,34,0) [ 10.2946 ]
833:(38,2,3,17,33,33,0) [ 10.312000000000001 ]
834:(38,2,4,18,32,32,0) [ 10.453 ]
835:(39,2,3,19,31,31,0) [ 10.2624 ]
836:(39,2,3,20,30,30,0) [ 10.1954 ]
837:(39,2,3,21,29,29,0) [ 10.1284 ]
838:(39,2,4,22,28,28,0) [ 10.3134 ]
839:(40,2,4,23,27,27,0) [ 10.341800000000001 ]
840:(41,2,3,24,26,26,0) [ 10.0962 ]
841:(41,2,4,25,25,25,0) [ 10.3142 ]
842:(42,2,4,26,24,24,0) [ 10.342600000000001 ]
843:(43,2,3,27,23,23,0) [ 10.064 ]
844:(43,2,3,28,22,22,0) [ 9.997 ]
845:(43,2,4,29,21,21,0) [ 10.258999999999999 ]
846:(44,2,3,30,20,20,0) [ 9.9474 ]
847:(45,2,3,31,19,19,0) [ 9.9648 ]
848:(46,2,3,32,18,18,0) [ 9.982200000000002 ]
849:(46,2,3,33,17,17,0) [ 9.915199999999999 ]
850:(47,2,3,34,16,16,0) [ 9.932599999999999 ]
851:(47,2,3,35,15,15,0) [ 9.8656 ]
852:(47,2,3,36,14,14,0) [ 9.798600000000002 ]
853:(47,2,3,37,13,13,0) [ 9.7316 ]
854:(47,2,4,38,12,12,0) [ 10.092600000000001 ]
855:(48,2,4,39,11,11,0) [ 10.121 ]
856:(48,2,3,40,10,10,0) [ 9.615 ]
857:(48,2,4,41,9,9,0) [ 10.008999999999999 ]
858:(48,2,4,42,8,8,0) [ 9.953 ]
859:(48,2,5,43,7,7,0) [ 10.379999999999999 ]
860:(49,2,3,44,6,6,0) [ 9.4314 ]
861:(49,2,3,45,5,5,0) [ 9.3644 ]
862:(49,2,3,46,4,4,0) [ 9.297400000000001 ]
863:(49,2,4,47,3,3,0) [ 9.7574 ]
864:(50,2,4,48,2,2,0) [ 9.785799999999998 ]
865:(50,2,5,49,1,1,0) [ 10.278799999999999 ]
866:(50,2,3,50,0,0,0) [ 9.113800000000001 ]
867:(24,2,1,0,50,50,0) [ 10.2494 TARGET ]
868:(24,2,2,0,50,50,0) [ 10.2594 TARGET ]
869:(24,2,2,1,49,49,0) [ 10.1814 ]
870:(24,2,3,1,49,49,0) [ 10.2024 ]
871:(24,2,3,2,48,48,0) [ 10.1354 ]
872:(24,2,4,2,48,48,0) [ 10.1674 ]
873:(24,2,4,3,47,47,0) [ 10.1114 ]
874:(24,2,5,3,47,47,0) [ 10.154399999999999 ]
875:(25,2,3,3,47,47,0) [ 10.1528 ]
876:(26,2,2,3,47,47,0) [ 10.1942 ]
877:(26,2,1,3,47,47,0) [ 10.1512 ]
878:(26,2,2,4,46,46,0) [ 10.116200000000001 ]
879:(26,2,3,4,46,46,0) [ 10.170200000000001 ]
880:(26,2,3,5,45,45,0) [ 10.103200000000001 ]
881:(26,2,4,5,45,45,0) [ 10.1682 ]
882:(26,2,4,6,44,44,0) [ 10.112200000000001 ]
883:(26,2,5,6,44,44,0) [ 10.1882 ]
884:(26,2,5,7,43,43,0) [ 10.1432 ]
885:(26,2,6,7,43,43,0) [ 10.2302 ]
886:(27,2,4,7,43,43,0) [ 10.1406 ]
887:(27,2,3,7,43,43,0) [ 10.0536 ]
888:(28,2,2,7,43,43,0) [ 10.051 ]
889:(28,2,3,8,42,42,0) [ 10.071000000000002 ]
890:(28,2,4,8,42,42,0) [ 10.169 ]
891:(28,2,4,9,41,41,0) [ 10.113 ]
892:(28,2,5,9,41,41,0) [ 10.222000000000001 ]
893:(28,2,3,9,41,41,0) [ 10.004000000000001 ]
894:(29,2,2,9,41,41,0) [ 9.979400000000002 ]
895:(29,2,1,9,41,41,0) [ 9.8704 ]
896:(29,2,2,10,40,40,0) [ 9.901399999999999 ]
897:(29,2,3,10,40,40,0) [ 10.0214 ]
898:(29,2,1,10,40,40,0) [ 9.7814 ]
899:(30,2,0,10,40,40,0) [ 9.7458 ]
900:(30,2,1,11,39,39,0) [ 9.7768 ]
901:(30,2,2,11,39,39,0) [ 9.9078 ]
902:(30,2,2,12,38,38,0) [ 9.8298 ]
903:(30,2,3,12,38,38,0) [ 9.9718 ]
904:(31,2,1,12,38,38,0) [ 9.7722 ]
905:(31,2,2,13,37,37,0) [ 9.836200000000002 ]
906:(31,2,3,13,37,37,0) [ 9.9892 ]
907:(32,2,1,13,37,37,0) [ 9.7676 ]
908:(32,2,2,14,36,36,0) [ 9.8426 ]
909:(32,2,3,14,36,36,0) [ 10.0066 ]
910:(33,2,1,14,36,36,0) [ 9.763 ]
911:(34,2,0,14,36,36,0) [ 9.6834 ]
912:(34,2,1,15,35,35,0) [ 9.7584 ]
913:(34,2,2,15,35,35,0) [ 9.9334 ]
914:(34,2,0,15,35,35,0) [ 9.583400000000001 ]
915:(34,2,1,16,34,34,0) [ 9.6694 ]
916:(34,2,2,16,34,34,0) [ 9.8554 ]
917:(35,2,0,16,34,34,0) [ 9.5678 ]
918:(35,2,1,17,33,33,0) [ 9.6648 ]
919:(35,2,2,17,33,33,0) [ 9.8618 ]
920:(35,2,2,18,32,32,0) [ 9.7838 ]
921:(35,2,3,18,32,32,0) [ 9.991800000000001 ]
922:(35,2,1,18,32,32,0) [ 9.575800000000001 ]
923:(36,2,0,18,32,32,0) [ 9.452200000000001 ]
924:(36,2,1,19,31,31,0) [ 9.5712 ]
925:(36,2,2,19,31,31,0) [ 9.7902 ]
926:(36,2,0,19,31,31,0) [ 9.3522 ]
927:(36,2,1,20,30,30,0) [ 9.482199999999999 ]
928:(36,2,2,20,30,30,0) [ 9.7122 ]
929:(36,2,0,20,30,30,0) [ 9.2522 ]
930:(36,2,1,21,29,29,0) [ 9.3932 ]
931:(36,2,2,21,29,29,0) [ 9.6342 ]
932:(36,2,2,22,28,28,0) [ 9.5562 ]
933:(36,2,3,22,28,28,0) [ 9.808200000000001 ]
934:(37,2,1,22,28,28,0) [ 9.3886 ]
935:(37,2,2,23,27,27,0) [ 9.5626 ]
936:(37,2,3,23,27,27,0) [ 9.825600000000001 ]
937:(38,2,1,23,27,27,0) [ 9.384 ]
938:(38,2,0,23,27,27,0) [ 9.121 ]
939:(38,2,1,24,26,26,0) [ 9.295 ]
940:(38,2,2,24,26,26,0) [ 9.569 ]
941:(38,2,2,25,25,25,0) [ 9.491 ]
942:(38,2,3,25,25,25,0) [ 9.776 ]
943:(39,2,1,25,25,25,0) [ 9.2904 ]
944:(39,2,2,26,24,24,0) [ 9.4974 ]
945:(39,2,3,26,24,24,0) [ 9.793400000000002 ]
946:(40,2,1,26,24,24,0) [ 9.2858 ]
947:(40,2,0,26,24,24,0) [ 8.9898 ]
948:(40,2,1,27,23,23,0) [ 9.196800000000001 ]
949:(40,2,2,27,23,23,0) [ 9.5038 ]
950:(40,2,0,27,23,23,0) [ 8.889800000000001 ]
951:(40,2,1,28,22,22,0) [ 9.107800000000001 ]
952:(40,2,2,28,22,22,0) [ 9.4258 ]
953:(40,2,2,29,21,21,0) [ 9.347800000000001 ]
954:(40,2,3,29,21,21,0) [ 9.6768 ]
955:(41,2,1,29,21,21,0) [ 9.1032 ]
956:(41,2,0,29,21,21,0) [ 8.7742 ]
957:(41,2,1,30,20,20,0) [ 9.0142 ]
958:(41,2,2,30,20,20,0) [ 9.3542 ]
959:(42,2,0,30,20,20,0) [ 8.7586 ]
960:(42,2,1,31,19,19,0) [ 9.009599999999999 ]
961:(42,2,2,31,19,19,0) [ 9.3606 ]
962:(43,2,0,31,19,19,0) [ 8.743 ]
963:(43,2,1,32,18,18,0) [ 9.005 ]
964:(43,2,2,32,18,18,0) [ 9.367 ]
965:(43,2,0,32,18,18,0) [ 8.643 ]
966:(43,2,1,33,17,17,0) [ 8.916 ]
967:(43,2,2,33,17,17,0) [ 9.289 ]
968:(44,2,0,33,17,17,0) [ 8.627400000000002 ]
969:(44,2,1,34,16,16,0) [ 8.9114 ]
970:(44,2,2,34,16,16,0) [ 9.2954 ]
971:(44,2,0,34,16,16,0) [ 8.5274 ]
972:(44,2,1,35,15,15,0) [ 8.8224 ]
973:(44,2,2,35,15,15,0) [ 9.2174 ]
974:(44,2,0,35,15,15,0) [ 8.4274 ]
975:(44,2,1,36,14,14,0) [ 8.7334 ]
976:(44,2,2,36,14,14,0) [ 9.1394 ]
977:(44,2,0,36,14,14,0) [ 8.3274 ]
978:(44,2,1,37,13,13,0) [ 8.6444 ]
979:(44,2,2,37,13,13,0) [ 9.0614 ]
980:(44,2,2,38,12,12,0) [ 8.9834 ]
981:(44,2,3,38,12,12,0) [ 9.4114 ]
982:(45,2,1,38,12,12,0) [ 8.639800000000001 ]
983:(45,2,2,39,11,11,0) [ 8.9898 ]
984:(45,2,3,39,11,11,0) [ 9.4288 ]
985:(45,2,1,39,11,11,0) [ 8.5508 ]
986:(45,2,0,39,11,11,0) [ 8.1118 ]
987:(45,2,1,40,10,10,0) [ 8.4618 ]
988:(45,2,2,40,10,10,0) [ 8.9118 ]
989:(45,2,2,41,9,9,0) [ 8.8338 ]
990:(45,2,3,41,9,9,0) [ 9.2948 ]
991:(45,2,1,41,9,9,0) [ 8.3728 ]
992:(45,2,2,42,8,8,0) [ 8.7558 ]
993:(45,2,3,42,8,8,0) [ 9.227800000000002 ]
994:(45,2,3,43,7,7,0) [ 9.160799999999998 ]
995:(45,2,4,43,7,7,0) [ 9.643799999999999 ]
996:(45,2,2,43,7,7,0) [ 8.6778 ]
997:(45,2,1,43,7,7,0) [ 8.194799999999999 ]
998:(46,2,0,43,7,7,0) [ 7.796200000000001 ]
999:(46,2,1,44,6,6,0) [ 8.1902 ]
1000:(46,2,2,44,6,6,0) [ 8.684199999999999 ]
1001:(46,2,0,44,6,6,0) [ 7.696200000000001 ]
1002:(46,2,1,45,5,5,0) [ 8.1012 ]
1003:(46,2,2,45,5,5,0) [ 8.606200000000001 ]
1004:(46,2,0,45,5,5,0) [ 7.5962000000000005 ]
1005:(46,2,1,46,4,4,0) [ 8.0122 ]
1006:(46,2,2,46,4,4,0) [ 8.5282 ]
1007:(46,2,2,47,3,3,0) [ 8.450200000000002 ]
1008:(46,2,3,47,3,3,0) [ 8.9772 ]
1009:(47,2,1,47,3,3,0) [ 8.0076 ]
1010:(47,2,2,48,2,2,0) [ 8.4566 ]
1011:(47,2,3,48,2,2,0) [ 8.994599999999998 ]
1012:(47,2,3,49,1,1,0) [ 8.9276 ]
1013:(47,2,4,49,1,1,0) [ 9.4766 ]
1014:(47,2,2,49,1,1,0) [ 8.3786 ]
1015:(47,2,1,49,1,1,0) [ 7.8296 ]
1016:(47,2,0,49,1,1,0) [ 7.2806 ]
1017:(47,2,1,50,0,0,0) [ 7.740600000000001 ]
1018:(47,2,2,50,0,0,0) [ 8.3006 ]
1019:(48,2,0,50,0,0,0) [ 7.265 ]
1020:(23,2,1,0,50,50,0) [ 10.165 ]
1021:(23,2,2,0,50,50,0) [ 10.175 ]
1022:(23,2,2,1,49,49,0) [ 10.097000000000001 ]
1023:(23,2,3,1,49,49,0) [ 10.118 ]
1024:(23,2,3,2,48,48,0) [ 10.051 ]
1025:(23,2,4,2,48,48,0) [ 10.083 ]
1026:(23,2,4,3,47,47,0) [ 10.027000000000001 ]
1027:(23,2,5,3,47,47,0) [ 10.07 ]
1028:(24,2,3,3,47,47,0) [ 10.0684 ]
1029:(25,2,2,3,47,47,0) [ 10.1098 ]
1030:(25,2,1,3,47,47,0) [ 10.0668 ]
1031:(25,2,2,4,46,46,0) [ 10.0318 ]
1032:(25,2,3,4,46,46,0) [ 10.085799999999999 ]
1033:(25,2,3,5,45,45,0) [ 10.018799999999999 ]
1034:(25,2,4,5,45,45,0) [ 10.0838 ]
1035:(25,2,4,6,44,44,0) [ 10.0278 ]
1036:(25,2,5,6,44,44,0) [ 10.1038 ]
1037:(25,2,5,7,43,43,0) [ 10.058799999999998 ]
1038:(25,2,6,7,43,43,0) [ 10.145800000000001 ]
1039:(26,2,4,7,43,43,0) [ 10.0562 ]
1040:(26,2,3,7,43,43,0) [ 9.9692 ]
1041:(27,2,2,7,43,43,0) [ 9.9666 ]
1042:(27,2,3,8,42,42,0) [ 9.9866 ]
1043:(27,2,4,8,42,42,0) [ 10.084600000000002 ]
1044:(27,2,4,9,41,41,0) [ 10.0286 ]
1045:(27,2,5,9,41,41,0) [ 10.1376 ]
1046:(27,2,3,9,41,41,0) [ 9.9196 ]
1047:(28,2,2,9,41,41,0) [ 9.895 ]
1048:(28,2,1,9,41,41,0) [ 9.786000000000001 ]
1049:(28,2,2,10,40,40,0) [ 9.817 ]
1050:(28,2,3,10,40,40,0) [ 9.937000000000001 ]
1051:(28,2,1,10,40,40,0) [ 9.697 ]
1052:(29,2,0,10,40,40,0) [ 9.6614 ]
1053:(29,2,1,11,39,39,0) [ 9.6924 ]
1054:(29,2,2,11,39,39,0) [ 9.8234 ]
1055:(29,2,2,12,38,38,0) [ 9.7454 ]
1056:(29,2,3,12,38,38,0) [ 9.8874 ]
1057:(30,2,1,12,38,38,0) [ 9.687800000000001 ]
1058:(30,2,2,13,37,37,0) [ 9.7518 ]
1059:(30,2,3,13,37,37,0) [ 9.9048 ]
1060:(31,2,1,13,37,37,0) [ 9.6832 ]
1061:(31,2,2,14,36,36,0) [ 9.7582 ]
1062:(31,2,3,14,36,36,0) [ 9.9222 ]
1063:(32,2,1,14,36,36,0) [ 9.6786 ]
1064:(33,2,0,14,36,36,0) [ 9.599 ]
1065:(33,2,1,15,35,35,0) [ 9.674 ]
1066:(33,2,2,15,35,35,0) [ 9.849 ]
1067:(33,2,0,15,35,35,0) [ 9.499 ]
1068:(33,2,1,16,34,34,0) [ 9.585 ]
1069:(33,2,2,16,34,34,0) [ 9.771 ]
1070:(34,2,0,16,34,34,0) [ 9.4834 ]
1071:(34,2,1,17,33,33,0) [ 9.580400000000001 ]
1072:(34,2,2,17,33,33,0) [ 9.7774 ]
1073:(34,2,2,18,32,32,0) [ 9.6994 ]
1074:(34,2,3,18,32,32,0) [ 9.907399999999999 ]
1075:(34,2,1,18,32,32,0) [ 9.491399999999999 ]
1076:(35,2,0,18,32,32,0) [ 9.367799999999999 ]
1077:(35,2,1,19,31,31,0) [ 9.4868 ]
1078:(35,2,2,19,31,31,0) [ 9.7058 ]
1079:(35,2,0,19,31,31,0) [ 9.2678 ]
1080:(35,2,1,20,30,30,0) [ 9.3978 ]
1081:(35,2,2,20,30,30,0) [ 9.6278 ]
1082:(35,2,0,20,30,30,0) [ 9.1678 ]
1083:(35,2,1,21,29,29,0) [ 9.3088 ]
1084:(35,2,2,21,29,29,0) [ 9.549800000000001 ]
1085:(35,2,2,22,28,28,0) [ 9.4718 ]
1086:(35,2,3,22,28,28,0) [ 9.7238 ]
1087:(36,2,1,22,28,28,0) [ 9.3042 ]
1088:(36,2,2,23,27,27,0) [ 9.478200000000001 ]
1089:(36,2,3,23,27,27,0) [ 9.7412 ]
1090:(37,2,1,23,27,27,0) [ 9.299600000000002 ]
1091:(37,2,0,23,27,27,0) [ 9.0366 ]
1092:(37,2,1,24,26,26,0) [ 9.2106 ]
1093:(37,2,2,24,26,26,0) [ 9.4846 ]
1094:(37,2,2,25,25,25,0) [ 9.406600000000001 ]
1095:(37,2,3,25,25,25,0) [ 9.691600000000001 ]
1096:(38,2,1,25,25,25,0) [ 9.206 ]
1097:(38,2,2,26,24,24,0) [ 9.413 ]
1098:(38,2,3,26,24,24,0) [ 9.709 ]
1099:(39,2,1,26,24,24,0) [ 9.2014 ]
1100:(39,2,0,26,24,24,0) [ 8.9054 ]
1101:(39,2,1,27,23,23,0) [ 9.112400000000001 ]
1102:(39,2,2,27,23,23,0) [ 9.419400000000001 ]
1103:(39,2,0,27,23,23,0) [ 8.8054 ]
1104:(39,2,1,28,22,22,0) [ 9.023399999999999 ]
1105:(39,2,2,28,22,22,0) [ 9.3414 ]
1106:(39,2,2,29,21,21,0) [ 9.2634 ]
1107:(39,2,3,29,21,21,0) [ 9.5924 ]
1108:(40,2,1,29,21,21,0) [ 9.0188 ]
1109:(40,2,0,29,21,21,0) [ 8.6898 ]
1110:(40,2,1,30,20,20,0) [ 8.9298 ]
1111:(40,2,2,30,20,20,0) [ 9.2698 ]
1112:(41,2,0,30,20,20,0) [ 8.6742 ]
1113:(41,2,1,31,19,19,0) [ 8.9252 ]
1114:(41,2,2,31,19,19,0) [ 9.2762 ]
1115:(42,2,0,31,19,19,0) [ 8.6586 ]
1116:(42,2,1,32,18,18,0) [ 8.9206 ]
1117:(42,2,2,32,18,18,0) [ 9.2826 ]
1118:(42,2,0,32,18,18,0) [ 8.5586 ]
1119:(42,2,1,33,17,17,0) [ 8.8316 ]
1120:(42,2,2,33,17,17,0) [ 9.2046 ]
1121:(43,2,0,33,17,17,0) [ 8.543 ]
1122:(43,2,1,34,16,16,0) [ 8.827 ]
1123:(43,2,2,34,16,16,0) [ 9.211 ]
1124:(43,2,0,34,16,16,0) [ 8.443 ]
1125:(43,2,1,35,15,15,0) [ 8.738 ]
1126:(43,2,2,35,15,15,0) [ 9.133 ]
1127:(43,2,0,35,15,15,0) [ 8.343 ]
1128:(43,2,1,36,14,14,0) [ 8.649 ]
1129:(43,2,2,36,14,14,0) [ 9.055 ]
1130:(43,2,0,36,14,14,0) [ 8.243 ]
1131:(43,2,1,37,13,13,0) [ 8.56 ]
1132:(43,2,2,37,13,13,0) [ 8.977 ]
1133:(43,2,2,38,12,12,0) [ 8.899000000000001 ]
1134:(43,2,3,38,12,12,0) [ 9.326999999999998 ]
1135:(44,2,1,38,12,12,0) [ 8.555399999999999 ]
1136:(44,2,2,39,11,11,0) [ 8.9054 ]
1137:(44,2,3,39,11,11,0) [ 9.344399999999998 ]
1138:(44,2,1,39,11,11,0) [ 8.4664 ]
1139:(44,2,0,39,11,11,0) [ 8.0274 ]
1140:(44,2,1,40,10,10,0) [ 8.3774 ]
1141:(44,2,2,40,10,10,0) [ 8.8274 ]
1142:(44,2,2,41,9,9,0) [ 8.7494 ]
1143:(44,2,3,41,9,9,0) [ 9.2104 ]
1144:(44,2,1,41,9,9,0) [ 8.2884 ]
1145:(44,2,2,42,8,8,0) [ 8.6714 ]
1146:(44,2,3,42,8,8,0) [ 9.1434 ]
1147:(44,2,3,43,7,7,0) [ 9.0764 ]
1148:(44,2,4,43,7,7,0) [ 9.5594 ]
1149:(44,2,2,43,7,7,0) [ 8.593399999999999 ]
1150:(44,2,1,43,7,7,0) [ 8.1104 ]
1151:(45,2,0,43,7,7,0) [ 7.7118 ]
1152:(45,2,1,44,6,6,0) [ 8.1058 ]
1153:(45,2,2,44,6,6,0) [ 8.5998 ]
1154:(45,2,0,44,6,6,0) [ 7.611800000000001 ]
1155:(45,2,1,45,5,5,0) [ 8.0168 ]
1156:(45,2,2,45,5,5,0) [ 8.521799999999999 ]
1157:(45,2,0,45,5,5,0) [ 7.5118 ]
1158:(45,2,1,46,4,4,0) [ 7.9278 ]
1159:(45,2,2,46,4,4,0) [ 8.443800000000001 ]
1160:(45,2,2,47,3,3,0) [ 8.3658 ]
1161:(45,2,3,47,3,3,0) [ 8.892800000000001 ]
1162:(46,2,1,47,3,3,0) [ 7.9232000000000005 ]
1163:(46,2,2,48,2,2,0) [ 8.3722 ]
1164:(46,2,3,48,2,2,0) [ 8.9102 ]
1165:(46,2,3,49,1,1,0) [ 8.843200000000001 ]
1166:(46,2,4,49,1,1,0) [ 9.3922 ]
1167:(46,2,2,49,1,1,0) [ 8.2942 ]
1168:(46,2,1,49,1,1,0) [ 7.7452 ]
1169:(46,2,0,49,1,1,0) [ 7.1962 ]
1170:(46,2,1,50,0,0,0) [ 7.6562 ]
1171:(46,2,2,50,0,0,0) [ 8.2162 ]
1172:(47,2,0,50,0,0,0) [ 7.1806 ]
1173:(23,2,3,0,50,50,0) [ 10.185 TARGET ]
1174:(24,2,3,0,50,50,0) [ 10.2694 TARGET ]
1175:(23,2,4,1,49,49,0) [ 10.139 ]
1176:(24,2,4,1,49,49,0) [ 10.2234 ]
1177:(23,2,5,2,48,48,0) [ 10.115 ]
1178:(24,2,5,2,48,48,0) [ 10.1994 ]
1179:(23,2,6,3,47,47,0) [ 10.113 ]
1180:(24,2,6,3,47,47,0) [ 10.1974 ]
1181:(25,2,4,4,46,46,0) [ 10.139800000000001 ]
1182:(26,2,4,4,46,46,0) [ 10.2242 ]
1183:(25,2,5,5,45,45,0) [ 10.1488 ]
1184:(26,2,5,5,45,45,0) [ 10.2332 ]
1185:(25,2,6,6,44,44,0) [ 10.1798 ]
1186:(26,2,6,6,44,44,0) [ 10.2642 ]
1187:(25,2,7,7,43,43,0) [ 10.232800000000001 ]
1188:(26,2,7,7,43,43,0) [ 10.3172 ]
1189:(27,2,5,8,42,42,0) [ 10.1826 ]
1190:(28,2,5,8,42,42,0) [ 10.267 ]
1191:(27,2,6,9,41,41,0) [ 10.2466 ]
1192:(28,2,6,9,41,41,0) [ 10.331000000000001 ]
1193:(28,2,4,10,40,40,0) [ 10.057 ]
1194:(29,2,4,10,40,40,0) [ 10.1414 ]
1195:(29,2,3,11,39,39,0) [ 9.9544 ]
1196:(30,2,3,11,39,39,0) [ 10.0388 ]
1197:(29,2,4,12,38,38,0) [ 10.0294 ]
1198:(30,2,4,12,38,38,0) [ 10.113800000000001 ]
1199:(30,2,4,13,37,37,0) [ 10.0578 ]
1200:(31,2,4,13,37,37,0) [ 10.142199999999999 ]
1201:(31,2,4,14,36,36,0) [ 10.0862 ]
1202:(32,2,4,14,36,36,0) [ 10.1706 ]
1203:(33,2,3,15,35,35,0) [ 10.024000000000001 ]
1204:(34,2,3,15,35,35,0) [ 10.1084 ]
1205:(33,2,3,16,34,34,0) [ 9.957 ]
1206:(34,2,3,16,34,34,0) [ 10.0414 ]
1207:(34,2,3,17,33,33,0) [ 9.974400000000001 ]
1208:(35,2,3,17,33,33,0) [ 10.0588 ]
1209:(34,2,4,18,32,32,0) [ 10.115400000000001 ]
1210:(35,2,4,18,32,32,0) [ 10.1998 ]
1211:(35,2,3,19,31,31,0) [ 9.9248 ]
1212:(36,2,3,19,31,31,0) [ 10.0092 ]
1213:(35,2,3,20,30,30,0) [ 9.857800000000001 ]
1214:(36,2,3,20,30,30,0) [ 9.9422 ]
1215:(35,2,3,21,29,29,0) [ 9.7908 ]
1216:(36,2,3,21,29,29,0) [ 9.8752 ]
1217:(35,2,4,22,28,28,0) [ 9.975800000000001 ]
1218:(36,2,4,22,28,28,0) [ 10.0602 ]
1219:(36,2,4,23,27,27,0) [ 10.0042 ]
1220:(37,2,4,23,27,27,0) [ 10.0886 ]
1221:(37,2,3,24,26,26,0) [ 9.7586 ]
1222:(38,2,3,24,26,26,0) [ 9.843 ]
1223:(37,2,4,25,25,25,0) [ 9.976600000000001 ]
1224:(38,2,4,25,25,25,0) [ 10.061 ]
1225:(38,2,4,26,24,24,0) [ 10.005 ]
1226:(39,2,4,26,24,24,0) [ 10.089400000000001 ]
1227:(39,2,3,27,23,23,0) [ 9.7264 ]
1228:(40,2,3,27,23,23,0) [ 9.8108 ]
1229:(39,2,3,28,22,22,0) [ 9.659400000000002 ]
1230:(40,2,3,28,22,22,0) [ 9.7438 ]
1231:(39,2,4,29,21,21,0) [ 9.9214 ]
1232:(40,2,4,29,21,21,0) [ 10.0058 ]
1233:(40,2,3,30,20,20,0) [ 9.6098 ]
1234:(41,2,3,30,20,20,0) [ 9.6942 ]
1235:(41,2,3,31,19,19,0) [ 9.6272 ]
1236:(42,2,3,31,19,19,0) [ 9.711599999999999 ]
1237:(42,2,3,32,18,18,0) [ 9.6446 ]
1238:(43,2,3,32,18,18,0) [ 9.729 ]
1239:(42,2,3,33,17,17,0) [ 9.5776 ]
1240:(43,2,3,33,17,17,0) [ 9.661999999999999 ]
1241:(43,2,3,34,16,16,0) [ 9.595 ]
1242:(44,2,3,34,16,16,0) [ 9.6794 ]
1243:(43,2,3,35,15,15,0) [ 9.527999999999999 ]
1244:(44,2,3,35,15,15,0) [ 9.612400000000001 ]
1245:(43,2,3,36,14,14,0) [ 9.461 ]
1246:(44,2,3,36,14,14,0) [ 9.545399999999999 ]
1247:(43,2,3,37,13,13,0) [ 9.394000000000002 ]
1248:(44,2,3,37,13,13,0) [ 9.4784 ]
1249:(43,2,4,38,12,12,0) [ 9.754999999999999 ]
1250:(44,2,4,38,12,12,0) [ 9.839400000000001 ]
1251:(44,2,4,39,11,11,0) [ 9.783399999999999 ]
1252:(45,2,4,39,11,11,0) [ 9.8678 ]
1253:(44,2,3,40,10,10,0) [ 9.2774 ]
1254:(45,2,3,40,10,10,0) [ 9.361799999999999 ]
1255:(44,2,4,41,9,9,0) [ 9.6714 ]
1256:(45,2,4,41,9,9,0) [ 9.755799999999999 ]
1257:(44,2,4,42,8,8,0) [ 9.615400000000001 ]
1258:(45,2,4,42,8,8,0) [ 9.6998 ]
1259:(44,2,5,43,7,7,0) [ 10.042399999999999 ]
1260:(45,2,5,43,7,7,0) [ 10.1268 ]
1261:(45,2,3,44,6,6,0) [ 9.0938 ]
1262:(46,2,3,44,6,6,0) [ 9.178199999999999 ]
1263:(45,2,3,45,5,5,0) [ 9.0268 ]
1264:(46,2,3,45,5,5,0) [ 9.1112 ]
1265:(45,2,3,46,4,4,0) [ 8.9598 ]
1266:(46,2,3,46,4,4,0) [ 9.044200000000002 ]
1267:(45,2,4,47,3,3,0) [ 9.419800000000002 ]
1268:(46,2,4,47,3,3,0) [ 9.5042 ]
1269:(46,2,4,48,2,2,0) [ 9.4482 ]
1270:(47,2,4,48,2,2,0) [ 9.532599999999999 ]
1271:(46,2,5,49,1,1,0) [ 9.9412 ]
1272:(47,2,5,49,1,1,0) [ 10.025599999999999 ]
1273:(46,2,3,50,0,0,0) [ 8.7762 ]
1274:(47,2,3,50,0,0,0) [ 8.860600000000002 ]
1275:(48,2,4,46,4,4,0) [ 9.729000000000001 ]
1276:(46,2,5,42,8,8,0) [ 10.2562 ]
1277:(46,2,6,42,8,8,0) [ 10.728200000000001 ]
1278:(46,2,5,41,9,9,0) [ 10.3012 ]
1279:(46,2,6,41,9,9,0) [ 10.762200000000002 ]
1280:(46,2,5,40,10,10,0) [ 10.3462 ]
1281:(45,2,4,37,13,13,0) [ 9.979800000000001 ]
1282:(43,2,0,28,22,22,0) [ 9.043 ]
1283:(41,2,0,25,25,25,0) [ 9.1742 ]
1284:(40,2,0,24,26,26,0) [ 9.1898 ]
1285:(39,2,0,21,29,29,0) [ 9.4054 ]
1286:(37,2,0,17,33,33,0) [ 9.636600000000001 ]
1287:(35,2,0,12,38,38,0) [ 9.9678 ]
1288:(34,2,0,11,39,39,0) [ 9.9834 ]
1289:(33,2,0,8,42,42,0) [ 10.199000000000002 ]
1290:(33,2,1,8,42,42,0) [ 10.297 ]
1291:(33,2,0,7,43,43,0) [ 10.299 ]
1292:(33,2,1,7,43,43,0) [ 10.386 ]
1293:(33,2,1,6,44,44,0) [ 10.475 ]
1294:(32,2,2,6,44,44,0) [ 10.4666 ]
1295:(32,2,1,5,45,45,0) [ 10.4796 ]
1296:(32,2,0,4,46,46,0) [ 10.514600000000002 ]
1297:(31,2,1,4,46,46,0) [ 10.484200000000001 ]
1298:(31,2,0,3,47,47,0) [ 10.5302 ]
1299:(31,2,0,2,48,48,0) [ 10.6302 ]
1300:(30,2,1,2,48,48,0) [ 10.5778 ]
1301:(30,2,0,1,49,49,0) [ 10.645800000000001 ]
1302:(29,2,1,1,49,49,0) [ 10.5824 ]
1303:(30,2,1,1,49,49,0) [ 10.6668 ]
1304:(28,2,1,1,49,49,0) [ 10.498000000000001 ]
1305:(31,2,0,1,49,49,0) [ 10.7302 ]
1306:(29,2,0,1,49,49,0) [ 10.5614 ]
1307:(31,2,1,2,48,48,0) [ 10.6622 ]
1308:(29,2,1,2,48,48,0) [ 10.493400000000001 ]
1309:(29,2,2,2,48,48,0) [ 10.525400000000001 ]
1310:(30,2,2,2,48,48,0) [ 10.6098 ]
1311:(32,2,0,2,48,48,0) [ 10.7146 ]
1312:(30,2,0,2,48,48,0) [ 10.5458 ]
1313:(32,2,1,3,47,47,0) [ 10.657599999999999 ]
1314:(32,2,0,3,47,47,0) [ 10.6146 ]
1315:(30,2,0,3,47,47,0) [ 10.4458 ]
1316:(32,2,1,4,46,46,0) [ 10.5686 ]
1317:(30,2,1,4,46,46,0) [ 10.399799999999999 ]
1318:(33,2,0,4,46,46,0) [ 10.599 ]
1319:(31,2,0,4,46,46,0) [ 10.4302 ]
1320:(33,2,1,5,45,45,0) [ 10.564 ]
1321:(31,2,1,5,45,45,0) [ 10.395199999999999 ]
1322:(31,2,2,5,45,45,0) [ 10.4602 ]
1323:(32,2,2,5,45,45,0) [ 10.544599999999999 ]
1324:(33,2,2,6,44,44,0) [ 10.551 ]
1325:(31,2,2,6,44,44,0) [ 10.382200000000001 ]
1326:(31,2,3,6,44,44,0) [ 10.4582 ]
1327:(32,2,3,6,44,44,0) [ 10.5426 ]
1328:(34,2,1,6,44,44,0) [ 10.5594 ]
1329:(32,2,1,6,44,44,0) [ 10.3906 ]
1330:(34,2,2,7,43,43,0) [ 10.557400000000001 ]
1331:(33,2,3,7,43,43,0) [ 10.559999999999999 ]
1332:(34,2,1,7,43,43,0) [ 10.4704 ]
1333:(32,2,1,7,43,43,0) [ 10.3016 ]
1334:(34,2,0,7,43,43,0) [ 10.3834 ]
1335:(32,2,0,7,43,43,0) [ 10.2146 ]
1336:(34,2,1,8,42,42,0) [ 10.3814 ]
1337:(32,2,1,8,42,42,0) [ 10.2126 ]
1338:(32,2,2,8,42,42,0) [ 10.3106 ]
1339:(33,2,2,8,42,42,0) [ 10.395 ]
1340:(34,2,0,8,42,42,0) [ 10.2834 ]
1341:(32,2,0,8,42,42,0) [ 10.1146 ]
1342:(34,2,3,11,39,39,0) [ 10.3764 ]
1343:(32,2,4,11,39,39,0) [ 10.3386 ]
1344:(33,2,4,11,39,39,0) [ 10.423 ]
1345:(35,2,2,11,39,39,0) [ 10.3298 ]
1346:(35,2,0,11,39,39,0) [ 10.0678 ]
1347:(33,2,0,11,39,39,0) [ 9.899000000000001 ]
1348:(36,2,0,12,38,38,0) [ 10.052200000000001 ]
1349:(34,2,0,12,38,38,0) [ 9.8834 ]
1350:(38,2,0,17,33,33,0) [ 9.721 ]
1351:(36,2,0,17,33,33,0) [ 9.552200000000001 ]
1352:(40,2,0,21,29,29,0) [ 9.4898 ]
1353:(38,2,0,21,29,29,0) [ 9.321000000000002 ]
1354:(41,2,0,24,26,26,0) [ 9.2742 ]
1355:(39,2,0,24,26,26,0) [ 9.1054 ]
1356:(42,2,0,25,25,25,0) [ 9.2586 ]
1357:(40,2,0,25,25,25,0) [ 9.0898 ]
1358:(44,2,0,28,22,22,0) [ 9.127400000000002 ]
1359:(42,2,0,28,22,22,0) [ 8.9586 ]
1360:(44,2,4,34,16,16,0) [ 10.0634 ]
1361:(45,2,4,34,16,16,0) [ 10.147799999999998 ]
1362:(44,2,4,36,14,14,0) [ 9.951400000000001 ]
1363:(45,2,4,36,14,14,0) [ 10.0358 ]
1364:(46,2,4,37,13,13,0) [ 10.064200000000001 ]
1365:(44,2,4,37,13,13,0) [ 9.8954 ]
1366:(44,2,5,37,13,13,0) [ 10.3124 ]
1367:(45,2,5,37,13,13,0) [ 10.396799999999999 ]
1368:(45,2,5,39,11,11,0) [ 10.306799999999999 ]
1369:(46,2,5,39,11,11,0) [ 10.3912 ]
1370:(47,2,5,40,10,10,0) [ 10.430600000000002 ]
1371:(45,2,5,40,10,10,0) [ 10.261800000000001 ]
1372:(45,2,6,40,10,10,0) [ 10.7118 ]
1373:(46,2,6,40,10,10,0) [ 10.7962 ]
1374:(47,2,6,41,9,9,0) [ 10.8466 ]
1375:(45,2,6,41,9,9,0) [ 10.6778 ]
1376:(45,2,7,41,9,9,0) [ 11.138800000000002 ]
1377:(46,2,7,41,9,9,0) [ 11.2232 ]
1378:(47,2,5,41,9,9,0) [ 10.385600000000002 ]
1379:(45,2,5,41,9,9,0) [ 10.216800000000001 ]
1380:(47,2,6,42,8,8,0) [ 10.812600000000002 ]
1381:(45,2,6,42,8,8,0) [ 10.643800000000002 ]
1382:(45,2,7,42,8,8,0) [ 11.1158 ]
1383:(46,2,7,42,8,8,0) [ 11.200200000000002 ]
1384:(47,2,5,42,8,8,0) [ 10.340600000000002 ]
1385:(45,2,5,42,8,8,0) [ 10.171800000000001 ]
1386:(45,2,6,43,7,7,0) [ 10.6098 ]
1387:(46,2,6,43,7,7,0) [ 10.694199999999999 ]
1388:(47,2,4,45,5,5,0) [ 9.700600000000001 ]
1389:(48,2,4,45,5,5,0) [ 9.785 ]
1390:(49,2,4,46,4,4,0) [ 9.8134 ]
1391:(47,2,4,46,4,4,0) [ 9.6446 ]
1392:(47,2,5,46,4,4,0) [ 10.1606 ]
1393:(48,2,5,46,4,4,0) [ 10.245 ]
1394:(30,2,1,0,50,50,0) [ 10.7558 TARGET ]
1395:(29,2,2,0,50,50,0) [ 10.6814 TARGET ]
1396:(30,2,2,1,49,49,0) [ 10.6878 ]
1397:(29,2,3,1,49,49,0) [ 10.6244 ]
1398:(30,2,3,2,48,48,0) [ 10.6418 ]
1399:(29,2,4,2,48,48,0) [ 10.589400000000001 ]
1400:(30,2,4,3,47,47,0) [ 10.617799999999999 ]
1401:(29,2,5,3,47,47,0) [ 10.5764 ]
1402:(31,2,3,3,47,47,0) [ 10.6592 ]
1403:(32,2,2,3,47,47,0) [ 10.700600000000001 ]
1404:(32,2,2,4,46,46,0) [ 10.622600000000002 ]
1405:(31,2,3,4,46,46,0) [ 10.592200000000002 ]
1406:(32,2,3,5,45,45,0) [ 10.6096 ]
1407:(31,2,4,5,45,45,0) [ 10.5902 ]
1408:(32,2,4,6,44,44,0) [ 10.6186 ]
1409:(31,2,5,6,44,44,0) [ 10.6102 ]
1410:(32,2,5,7,43,43,0) [ 10.6496 ]
1411:(31,2,6,7,43,43,0) [ 10.6522 ]
1412:(33,2,4,7,43,43,0) [ 10.646999999999998 ]
1413:(34,2,3,8,42,42,0) [ 10.5774 ]
1414:(33,2,4,8,42,42,0) [ 10.591000000000001 ]
1415:(34,2,4,9,41,41,0) [ 10.6194 ]
1416:(33,2,5,9,41,41,0) [ 10.644000000000002 ]
1417:(34,2,3,9,41,41,0) [ 10.5104 ]
1418:(35,2,2,9,41,41,0) [ 10.485800000000001 ]
1419:(35,2,1,9,41,41,0) [ 10.3768 ]
1420:(35,2,2,10,40,40,0) [ 10.4078 ]
1421:(34,2,3,10,40,40,0) [ 10.4434 ]
1422:(35,2,1,10,40,40,0) [ 10.2878 ]
1423:(36,2,0,10,40,40,0) [ 10.2522 ]
1424:(36,2,1,11,39,39,0) [ 10.2832 ]
1425:(36,2,2,12,38,38,0) [ 10.3362 ]
1426:(35,2,3,12,38,38,0) [ 10.3938 ]
1427:(37,2,1,12,38,38,0) [ 10.2786 ]
1428:(37,2,2,13,37,37,0) [ 10.342600000000001 ]
1429:(36,2,3,13,37,37,0) [ 10.411200000000001 ]
1430:(38,2,1,13,37,37,0) [ 10.274000000000001 ]
1431:(38,2,2,14,36,36,0) [ 10.349 ]
1432:(37,2,3,14,36,36,0) [ 10.4286 ]
1433:(39,2,1,14,36,36,0) [ 10.2694 ]
1434:(40,2,0,14,36,36,0) [ 10.1898 ]
1435:(40,2,1,15,35,35,0) [ 10.264800000000001 ]
1436:(39,2,2,15,35,35,0) [ 10.3554 ]
1437:(40,2,0,15,35,35,0) [ 10.0898 ]
1438:(40,2,1,16,34,34,0) [ 10.1758 ]
1439:(39,2,2,16,34,34,0) [ 10.2774 ]
1440:(41,2,0,16,34,34,0) [ 10.074200000000001 ]
1441:(41,2,1,17,33,33,0) [ 10.1712 ]
1442:(40,2,2,17,33,33,0) [ 10.283800000000001 ]
1443:(41,2,2,18,32,32,0) [ 10.2902 ]
1444:(40,2,3,18,32,32,0) [ 10.4138 ]
1445:(41,2,1,18,32,32,0) [ 10.0822 ]
1446:(42,2,0,18,32,32,0) [ 9.9586 ]
1447:(42,2,1,19,31,31,0) [ 10.0776 ]
1448:(41,2,2,19,31,31,0) [ 10.212200000000001 ]
1449:(42,2,0,19,31,31,0) [ 9.8586 ]
1450:(42,2,1,20,30,30,0) [ 9.9886 ]
1451:(41,2,2,20,30,30,0) [ 10.1342 ]
1452:(42,2,0,20,30,30,0) [ 9.7586 ]
1453:(42,2,1,21,29,29,0) [ 9.8996 ]
1454:(41,2,2,21,29,29,0) [ 10.0562 ]
1455:(42,2,2,22,28,28,0) [ 10.0626 ]
1456:(41,2,3,22,28,28,0) [ 10.2302 ]
1457:(43,2,1,22,28,28,0) [ 9.895 ]
1458:(43,2,2,23,27,27,0) [ 10.068999999999999 ]
1459:(42,2,3,23,27,27,0) [ 10.2476 ]
1460:(44,2,1,23,27,27,0) [ 9.8904 ]
1461:(44,2,0,23,27,27,0) [ 9.627400000000002 ]
1462:(44,2,1,24,26,26,0) [ 9.8014 ]
1463:(43,2,2,24,26,26,0) [ 9.991 ]
1464:(44,2,2,25,25,25,0) [ 9.997399999999999 ]
1465:(43,2,3,25,25,25,0) [ 10.198 ]
1466:(45,2,1,25,25,25,0) [ 9.796800000000001 ]
1467:(45,2,2,26,24,24,0) [ 10.0038 ]
1468:(44,2,3,26,24,24,0) [ 10.215399999999999 ]
1469:(46,2,1,26,24,24,0) [ 9.792200000000001 ]
1470:(46,2,0,26,24,24,0) [ 9.496200000000002 ]
1471:(46,2,1,27,23,23,0) [ 9.7032 ]
1472:(45,2,2,27,23,23,0) [ 9.9258 ]
1473:(46,2,0,27,23,23,0) [ 9.3962 ]
1474:(46,2,1,28,22,22,0) [ 9.6142 ]
1475:(45,2,2,28,22,22,0) [ 9.8478 ]
1476:(46,2,2,29,21,21,0) [ 9.8542 ]
1477:(45,2,3,29,21,21,0) [ 10.0988 ]
1478:(47,2,1,29,21,21,0) [ 9.6096 ]
1479:(47,2,0,29,21,21,0) [ 9.2806 ]
1480:(47,2,1,30,20,20,0) [ 9.5206 ]
1481:(46,2,2,30,20,20,0) [ 9.7762 ]
1482:(48,2,0,30,20,20,0) [ 9.265 ]
1483:(48,2,1,31,19,19,0) [ 9.516 ]
1484:(47,2,2,31,19,19,0) [ 9.7826 ]
1485:(49,2,0,31,19,19,0) [ 9.2494 ]
1486:(49,2,1,32,18,18,0) [ 9.5114 ]
1487:(48,2,2,32,18,18,0) [ 9.789 ]
1488:(49,2,0,32,18,18,0) [ 9.1494 ]
1489:(49,2,1,33,17,17,0) [ 9.4224 ]
1490:(48,2,2,33,17,17,0) [ 9.710999999999999 ]
1491:(50,2,0,33,17,17,0) [ 9.1338 ]
1492:(50,2,1,34,16,16,0) [ 9.4178 ]
1493:(49,2,2,34,16,16,0) [ 9.7174 ]
1494:(50,2,0,34,16,16,0) [ 9.0338 ]
1495:(50,2,1,35,15,15,0) [ 9.3288 ]
1496:(49,2,2,35,15,15,0) [ 9.639399999999998 ]
1497:(50,2,0,35,15,15,0) [ 8.9338 ]
1498:(50,2,1,36,14,14,0) [ 9.239799999999999 ]
1499:(49,2,2,36,14,14,0) [ 9.5614 ]
1500:(50,2,0,36,14,14,0) [ 8.8338 ]
1501:(50,2,1,37,13,13,0) [ 9.1508 ]
1502:(49,2,2,37,13,13,0) [ 9.4834 ]
1503:(50,2,2,38,12,12,0) [ 9.489799999999999 ]
1504:(49,2,3,38,12,12,0) [ 9.833400000000001 ]
1505:(51,2,1,38,12,12,0) [ 9.1462 ]
1506:(51,2,2,39,11,11,0) [ 9.4962 ]
1507:(50,2,3,39,11,11,0) [ 9.8508 ]
1508:(51,2,1,39,11,11,0) [ 9.057200000000002 ]
1509:(51,2,0,39,11,11,0) [ 8.618200000000002 ]
1510:(51,2,1,40,10,10,0) [ 8.9682 ]
1511:(50,2,2,40,10,10,0) [ 9.3338 ]
1512:(51,2,2,41,9,9,0) [ 9.340200000000001 ]
1513:(50,2,3,41,9,9,0) [ 9.716800000000001 ]
1514:(51,2,1,41,9,9,0) [ 8.8792 ]
1515:(51,2,2,42,8,8,0) [ 9.2622 ]
1516:(50,2,3,42,8,8,0) [ 9.6498 ]
1517:(51,2,3,43,7,7,0) [ 9.667200000000001 ]
1518:(50,2,4,43,7,7,0) [ 10.0658 ]
1519:(51,2,2,43,7,7,0) [ 9.1842 ]
1520:(51,2,1,43,7,7,0) [ 8.7012 ]
1521:(52,2,0,43,7,7,0) [ 8.3026 ]
1522:(52,2,1,44,6,6,0) [ 8.6966 ]
1523:(51,2,2,44,6,6,0) [ 9.1062 ]
1524:(52,2,0,44,6,6,0) [ 8.2026 ]
1525:(52,2,1,45,5,5,0) [ 8.607600000000001 ]
1526:(51,2,2,45,5,5,0) [ 9.028200000000002 ]
1527:(52,2,0,45,5,5,0) [ 8.1026 ]
1528:(52,2,1,46,4,4,0) [ 8.518600000000001 ]
1529:(51,2,2,46,4,4,0) [ 8.9502 ]
1530:(52,2,2,47,3,3,0) [ 8.956600000000002 ]
1531:(51,2,3,47,3,3,0) [ 9.399200000000002 ]
1532:(53,2,1,47,3,3,0) [ 8.514000000000001 ]
1533:(53,2,2,48,2,2,0) [ 8.963 ]
1534:(52,2,3,48,2,2,0) [ 9.416599999999999 ]
1535:(53,2,3,49,1,1,0) [ 9.434 ]
1536:(52,2,4,49,1,1,0) [ 9.8986 ]
1537:(53,2,2,49,1,1,0) [ 8.885 ]
1538:(53,2,1,49,1,1,0) [ 8.336 ]
1539:(53,2,0,49,1,1,0) [ 7.787 ]
1540:(53,2,1,50,0,0,0) [ 8.247 ]
1541:(52,2,2,50,0,0,0) [ 8.7226 ]
1542:(54,2,0,50,0,0,0) [ 7.771400000000001 ]
1543:(31,2,1,0,50,50,0) [ 10.8402 TARGET ]
1544:(30,2,2,0,50,50,0) [ 10.7658 TARGET ]
1545:(31,2,2,1,49,49,0) [ 10.7722 ]
1546:(30,2,3,1,49,49,0) [ 10.7088 ]
1547:(31,2,3,2,48,48,0) [ 10.7262 ]
1548:(30,2,4,2,48,48,0) [ 10.6738 ]
1549:(31,2,4,3,47,47,0) [ 10.702200000000001 ]
1550:(30,2,5,3,47,47,0) [ 10.6608 ]
1551:(32,2,3,3,47,47,0) [ 10.7436 ]
1552:(33,2,2,3,47,47,0) [ 10.785 ]
1553:(33,2,1,3,47,47,0) [ 10.742 ]
1554:(33,2,2,4,46,46,0) [ 10.707 ]
1555:(32,2,3,4,46,46,0) [ 10.6766 ]
1556:(33,2,3,5,45,45,0) [ 10.693999999999999 ]
1557:(32,2,4,5,45,45,0) [ 10.6746 ]
1558:(33,2,4,6,44,44,0) [ 10.703 ]
1559:(32,2,5,6,44,44,0) [ 10.694600000000001 ]
1560:(33,2,5,7,43,43,0) [ 10.733999999999998 ]
1561:(32,2,6,7,43,43,0) [ 10.7366 ]
1562:(34,2,4,7,43,43,0) [ 10.7314 ]
1563:(34,2,3,7,43,43,0) [ 10.644400000000001 ]
1564:(35,2,2,7,43,43,0) [ 10.6418 ]
1565:(35,2,3,8,42,42,0) [ 10.6618 ]
1566:(34,2,4,8,42,42,0) [ 10.6754 ]
1567:(35,2,4,9,41,41,0) [ 10.703800000000001 ]
1568:(34,2,5,9,41,41,0) [ 10.7284 ]
1569:(35,2,3,9,41,41,0) [ 10.5948 ]
1570:(36,2,2,9,41,41,0) [ 10.5702 ]
1571:(36,2,1,9,41,41,0) [ 10.461200000000002 ]
1572:(36,2,2,10,40,40,0) [ 10.4922 ]
1573:(35,2,3,10,40,40,0) [ 10.5278 ]
1574:(36,2,1,10,40,40,0) [ 10.3722 ]
1575:(37,2,0,10,40,40,0) [ 10.3366 ]
1576:(37,2,1,11,39,39,0) [ 10.3676 ]
1577:(36,2,2,11,39,39,0) [ 10.414200000000001 ]
1578:(37,2,2,12,38,38,0) [ 10.4206 ]
1579:(36,2,3,12,38,38,0) [ 10.478200000000001 ]
1580:(38,2,1,12,38,38,0) [ 10.363000000000001 ]
1581:(38,2,2,13,37,37,0) [ 10.427 ]
1582:(37,2,3,13,37,37,0) [ 10.4956 ]
1583:(39,2,1,13,37,37,0) [ 10.3584 ]
1584:(39,2,2,14,36,36,0) [ 10.4334 ]
1585:(38,2,3,14,36,36,0) [ 10.513 ]
1586:(40,2,1,14,36,36,0) [ 10.3538 ]
1587:(41,2,0,14,36,36,0) [ 10.2742 ]
1588:(41,2,1,15,35,35,0) [ 10.3492 ]
1589:(40,2,2,15,35,35,0) [ 10.4398 ]
1590:(41,2,0,15,35,35,0) [ 10.1742 ]
1591:(41,2,1,16,34,34,0) [ 10.260200000000001 ]
1592:(40,2,2,16,34,34,0) [ 10.3618 ]
1593:(42,2,0,16,34,34,0) [ 10.1586 ]
1594:(42,2,1,17,33,33,0) [ 10.2556 ]
1595:(41,2,2,17,33,33,0) [ 10.368200000000002 ]
1596:(42,2,2,18,32,32,0) [ 10.374600000000001 ]
1597:(41,2,3,18,32,32,0) [ 10.4982 ]
1598:(42,2,1,18,32,32,0) [ 10.166599999999999 ]
1599:(43,2,0,18,32,32,0) [ 10.043 ]
1600:(43,2,1,19,31,31,0) [ 10.161999999999999 ]
1601:(42,2,2,19,31,31,0) [ 10.2966 ]
1602:(43,2,0,19,31,31,0) [ 9.943 ]
1603:(43,2,1,20,30,30,0) [ 10.073 ]
1604:(42,2,2,20,30,30,0) [ 10.218599999999999 ]
1605:(43,2,0,20,30,30,0) [ 9.843 ]
1606:(43,2,1,21,29,29,0) [ 9.984 ]
1607:(42,2,2,21,29,29,0) [ 10.1406 ]
1608:(43,2,2,22,28,28,0) [ 10.147 ]
1609:(42,2,3,22,28,28,0) [ 10.3146 ]
1610:(44,2,1,22,28,28,0) [ 9.9794 ]
1611:(44,2,2,23,27,27,0) [ 10.153400000000001 ]
1612:(43,2,3,23,27,27,0) [ 10.332 ]
1613:(45,2,1,23,27,27,0) [ 9.9748 ]
1614:(45,2,0,23,27,27,0) [ 9.7118 ]
1615:(45,2,1,24,26,26,0) [ 9.8858 ]
1616:(44,2,2,24,26,26,0) [ 10.0754 ]
1617:(45,2,2,25,25,25,0) [ 10.081800000000001 ]
1618:(44,2,3,25,25,25,0) [ 10.282399999999999 ]
1619:(46,2,1,25,25,25,0) [ 9.8812 ]
1620:(46,2,2,26,24,24,0) [ 10.0882 ]
1621:(45,2,3,26,24,24,0) [ 10.299800000000001 ]
1622:(47,2,1,26,24,24,0) [ 9.8766 ]
1623:(47,2,0,26,24,24,0) [ 9.5806 ]
1624:(47,2,1,27,23,23,0) [ 9.787600000000001 ]
1625:(46,2,2,27,23,23,0) [ 10.010200000000001 ]
1626:(47,2,0,27,23,23,0) [ 9.4806 ]
1627:(47,2,1,28,22,22,0) [ 9.6986 ]
1628:(46,2,2,28,22,22,0) [ 9.932200000000002 ]
1629:(47,2,2,29,21,21,0) [ 9.938600000000001 ]
1630:(46,2,3,29,21,21,0) [ 10.183200000000001 ]
1631:(48,2,1,29,21,21,0) [ 9.693999999999999 ]
1632:(48,2,0,29,21,21,0) [ 9.365 ]
1633:(48,2,1,30,20,20,0) [ 9.605 ]
1634:(47,2,2,30,20,20,0) [ 9.860600000000002 ]
1635:(49,2,0,30,20,20,0) [ 9.3494 ]
1636:(49,2,1,31,19,19,0) [ 9.6004 ]
1637:(48,2,2,31,19,19,0) [ 9.866999999999999 ]
1638:(50,2,0,31,19,19,0) [ 9.3338 ]
1639:(50,2,1,32,18,18,0) [ 9.5958 ]
1640:(49,2,2,32,18,18,0) [ 9.8734 ]
1641:(50,2,0,32,18,18,0) [ 9.2338 ]
1642:(50,2,1,33,17,17,0) [ 9.5068 ]
1643:(49,2,2,33,17,17,0) [ 9.7954 ]
1644:(51,2,0,33,17,17,0) [ 9.218200000000001 ]
1645:(51,2,1,34,16,16,0) [ 9.5022 ]
1646:(50,2,2,34,16,16,0) [ 9.801799999999998 ]
1647:(51,2,0,34,16,16,0) [ 9.118200000000002 ]
1648:(51,2,1,35,15,15,0) [ 9.4132 ]
1649:(50,2,2,35,15,15,0) [ 9.723799999999999 ]
1650:(51,2,0,35,15,15,0) [ 9.0182 ]
1651:(51,2,1,36,14,14,0) [ 9.324200000000001 ]
1652:(50,2,2,36,14,14,0) [ 9.6458 ]
1653:(51,2,0,36,14,14,0) [ 8.9182 ]
1654:(51,2,1,37,13,13,0) [ 9.2352 ]
1655:(50,2,2,37,13,13,0) [ 9.5678 ]
1656:(51,2,2,38,12,12,0) [ 9.574200000000001 ]
1657:(50,2,3,38,12,12,0) [ 9.9178 ]
1658:(52,2,1,38,12,12,0) [ 9.230599999999999 ]
1659:(52,2,2,39,11,11,0) [ 9.580599999999999 ]
1660:(51,2,3,39,11,11,0) [ 9.9352 ]
1661:(52,2,1,39,11,11,0) [ 9.1416 ]
1662:(52,2,0,39,11,11,0) [ 8.7026 ]
1663:(52,2,1,40,10,10,0) [ 9.052600000000002 ]
1664:(51,2,2,40,10,10,0) [ 9.4182 ]
1665:(52,2,2,41,9,9,0) [ 9.4246 ]
1666:(51,2,3,41,9,9,0) [ 9.801200000000001 ]
1667:(52,2,1,41,9,9,0) [ 8.963600000000001 ]
1668:(52,2,2,42,8,8,0) [ 9.346600000000002 ]
1669:(51,2,3,42,8,8,0) [ 9.734200000000001 ]
1670:(52,2,3,43,7,7,0) [ 9.7516 ]
1671:(51,2,4,43,7,7,0) [ 10.150200000000002 ]
1672:(52,2,2,43,7,7,0) [ 9.2686 ]
1673:(52,2,1,43,7,7,0) [ 8.785599999999999 ]
1674:(53,2,0,43,7,7,0) [ 8.387 ]
1675:(53,2,1,44,6,6,0) [ 8.781 ]
1676:(52,2,2,44,6,6,0) [ 9.1906 ]
1677:(53,2,0,44,6,6,0) [ 8.287 ]
1678:(53,2,1,45,5,5,0) [ 8.692 ]
1679:(52,2,2,45,5,5,0) [ 9.1126 ]
1680:(53,2,0,45,5,5,0) [ 8.187000000000001 ]
1681:(53,2,1,46,4,4,0) [ 8.603 ]
1682:(52,2,2,46,4,4,0) [ 9.0346 ]
1683:(53,2,2,47,3,3,0) [ 9.041 ]
1684:(52,2,3,47,3,3,0) [ 9.483600000000003 ]
1685:(54,2,1,47,3,3,0) [ 8.598400000000002 ]
1686:(54,2,2,48,2,2,0) [ 9.0474 ]
1687:(53,2,3,48,2,2,0) [ 9.501000000000001 ]
1688:(54,2,3,49,1,1,0) [ 9.518400000000002 ]
1689:(53,2,4,49,1,1,0) [ 9.982999999999999 ]
1690:(54,2,2,49,1,1,0) [ 8.969399999999998 ]
1691:(54,2,1,49,1,1,0) [ 8.420399999999999 ]
1692:(54,2,0,49,1,1,0) [ 7.8714 ]
1693:(54,2,1,50,0,0,0) [ 8.3314 ]
1694:(53,2,2,50,0,0,0) [ 8.806999999999999 ]
1695:(55,2,0,50,0,0,0) [ 7.8558 ]
1696:(28,2,3,0,50,50,0) [ 10.607 TARGET ]
1697:(28,2,4,1,49,49,0) [ 10.561 ]
1698:(28,2,5,2,48,48,0) [ 10.537 ]
1699:(28,2,6,3,47,47,0) [ 10.535 ]
1700:(30,2,4,4,46,46,0) [ 10.561800000000002 ]
1701:(30,2,5,5,45,45,0) [ 10.5708 ]
1702:(30,2,6,6,44,44,0) [ 10.6018 ]
1703:(30,2,7,7,43,43,0) [ 10.6548 ]
1704:(32,2,5,8,42,42,0) [ 10.604600000000001 ]
1705:(32,2,6,9,41,41,0) [ 10.668600000000001 ]
1706:(33,2,4,10,40,40,0) [ 10.479 ]
1707:(34,2,4,12,38,38,0) [ 10.451400000000001 ]
1708:(35,2,4,13,37,37,0) [ 10.479800000000001 ]
1709:(36,2,4,14,36,36,0) [ 10.5082 ]
1710:(38,2,3,15,35,35,0) [ 10.446 ]
1711:(38,2,3,16,34,34,0) [ 10.379000000000001 ]
1712:(39,2,3,17,33,33,0) [ 10.3964 ]
1713:(39,2,4,18,32,32,0) [ 10.537400000000002 ]
1714:(40,2,3,19,31,31,0) [ 10.3468 ]
1715:(40,2,3,20,30,30,0) [ 10.2798 ]
1716:(40,2,3,21,29,29,0) [ 10.212800000000001 ]
1717:(40,2,4,22,28,28,0) [ 10.3978 ]
1718:(41,2,4,23,27,27,0) [ 10.426200000000001 ]
1719:(42,2,3,24,26,26,0) [ 10.1806 ]
1720:(42,2,4,25,25,25,0) [ 10.3986 ]
1721:(43,2,4,26,24,24,0) [ 10.427000000000001 ]
1722:(44,2,3,27,23,23,0) [ 10.1484 ]
1723:(44,2,3,28,22,22,0) [ 10.0814 ]
1724:(44,2,4,29,21,21,0) [ 10.3434 ]
1725:(45,2,3,30,20,20,0) [ 10.0318 ]
1726:(46,2,3,31,19,19,0) [ 10.0492 ]
1727:(47,2,3,32,18,18,0) [ 10.066600000000001 ]
1728:(47,2,3,33,17,17,0) [ 9.999600000000001 ]
1729:(48,2,3,34,16,16,0) [ 10.017 ]
1730:(48,2,3,35,15,15,0) [ 9.95 ]
1731:(48,2,3,36,14,14,0) [ 9.883000000000001 ]
1732:(48,2,3,37,13,13,0) [ 9.816 ]
1733:(48,2,4,38,12,12,0) [ 10.177 ]
1734:(49,2,4,39,11,11,0) [ 10.2054 ]
1735:(49,2,3,40,10,10,0) [ 9.6994 ]
1736:(49,2,4,41,9,9,0) [ 10.0934 ]
1737:(49,2,4,42,8,8,0) [ 10.037400000000002 ]
1738:(49,2,5,43,7,7,0) [ 10.464399999999998 ]
1739:(50,2,3,44,6,6,0) [ 9.5158 ]
1740:(50,2,3,45,5,5,0) [ 9.4488 ]
1741:(50,2,3,46,4,4,0) [ 9.3818 ]
1742:(50,2,4,47,3,3,0) [ 9.8418 ]
1743:(51,2,4,48,2,2,0) [ 9.8702 ]
1744:(51,2,5,49,1,1,0) [ 10.3632 ]
1745:(51,2,3,50,0,0,0) [ 9.198200000000002 ]
1746:(29,2,3,0,50,50,0) [ 10.6914 TARGET ]
1747:(29,2,4,1,49,49,0) [ 10.6454 ]
1748:(29,2,5,2,48,48,0) [ 10.621400000000001 ]
1749:(29,2,6,3,47,47,0) [ 10.619399999999999 ]
1750:(31,2,4,4,46,46,0) [ 10.6462 ]
1751:(31,2,5,5,45,45,0) [ 10.6552 ]
1752:(31,2,6,6,44,44,0) [ 10.6862 ]
1753:(31,2,7,7,43,43,0) [ 10.7392 ]
1754:(33,2,5,8,42,42,0) [ 10.689 ]
1755:(33,2,6,9,41,41,0) [ 10.753 ]
1756:(34,2,4,10,40,40,0) [ 10.5634 ]
1757:(35,2,3,11,39,39,0) [ 10.4608 ]
1758:(35,2,4,12,38,38,0) [ 10.5358 ]
1759:(36,2,4,13,37,37,0) [ 10.5642 ]
1760:(37,2,4,14,36,36,0) [ 10.592600000000001 ]
1761:(39,2,3,15,35,35,0) [ 10.5304 ]
1762:(39,2,3,16,34,34,0) [ 10.4634 ]
1763:(40,2,3,17,33,33,0) [ 10.4808 ]
1764:(40,2,4,18,32,32,0) [ 10.6218 ]
1765:(41,2,3,19,31,31,0) [ 10.4312 ]
1766:(41,2,3,20,30,30,0) [ 10.3642 ]
1767:(41,2,3,21,29,29,0) [ 10.2972 ]
1768:(41,2,4,22,28,28,0) [ 10.4822 ]
1769:(42,2,4,23,27,27,0) [ 10.5106 ]
1770:(43,2,3,24,26,26,0) [ 10.265 ]
1771:(43,2,4,25,25,25,0) [ 10.483 ]
1772:(44,2,4,26,24,24,0) [ 10.5114 ]
1773:(45,2,3,27,23,23,0) [ 10.2328 ]
1774:(45,2,3,28,22,22,0) [ 10.1658 ]
1775:(45,2,4,29,21,21,0) [ 10.4278 ]
1776:(46,2,3,30,20,20,0) [ 10.1162 ]
1777:(47,2,3,31,19,19,0) [ 10.1336 ]
1778:(48,2,3,32,18,18,0) [ 10.151 ]
1779:(48,2,3,33,17,17,0) [ 10.084 ]
1780:(49,2,3,34,16,16,0) [ 10.1014 ]
1781:(49,2,3,35,15,15,0) [ 10.034400000000002 ]
1782:(49,2,3,36,14,14,0) [ 9.9674 ]
1783:(49,2,3,37,13,13,0) [ 9.900400000000001 ]
1784:(49,2,4,38,12,12,0) [ 10.261399999999998 ]
1785:(50,2,4,39,11,11,0) [ 10.2898 ]
1786:(50,2,3,40,10,10,0) [ 9.7838 ]
1787:(50,2,4,41,9,9,0) [ 10.1778 ]
1788:(50,2,4,42,8,8,0) [ 10.1218 ]
1789:(50,2,5,43,7,7,0) [ 10.5488 ]
1790:(51,2,3,44,6,6,0) [ 9.600200000000001 ]
1791:(51,2,3,45,5,5,0) [ 9.5332 ]
1792:(51,2,3,46,4,4,0) [ 9.466200000000002 ]
1793:(51,2,4,47,3,3,0) [ 9.926200000000001 ]
1794:(52,2,4,48,2,2,0) [ 9.9546 ]
1795:(52,2,5,49,1,1,0) [ 10.4476 ]
1796:(52,2,3,50,0,0,0) [ 9.282600000000002 ]
1797:(50,2,4,46,4,4,0) [ 9.8978 ]
1798:(48,2,5,42,8,8,0) [ 10.425 ]
1799:(48,2,6,42,8,8,0) [ 10.897 ]
1800:(48,2,5,41,9,9,0) [ 10.47 ]
1801:(48,2,6,41,9,9,0) [ 10.931 ]
1802:(48,2,5,40,10,10,0) [ 10.515 ]
1803:(47,2,4,37,13,13,0) [ 10.148600000000002 ]
1804:(45,2,0,28,22,22,0) [ 9.2118 ]
1805:(43,2,0,25,25,25,0) [ 9.343 ]
1806:(42,2,0,24,26,26,0) [ 9.3586 ]
1807:(41,2,0,21,29,29,0) [ 9.574200000000001 ]
1808:(39,2,0,17,33,33,0) [ 9.8054 ]
1809:(37,2,0,12,38,38,0) [ 10.136600000000001 ]
1810:(36,2,0,11,39,39,0) [ 10.1522 ]
1811:(35,2,0,8,42,42,0) [ 10.367799999999999 ]
1812:(35,2,1,8,42,42,0) [ 10.465800000000002 ]
1813:(35,2,0,7,43,43,0) [ 10.4678 ]
1814:(35,2,1,7,43,43,0) [ 10.5548 ]
1815:(35,2,1,6,44,44,0) [ 10.6438 ]
1816:(34,2,2,6,44,44,0) [ 10.6354 ]
1817:(34,2,1,5,45,45,0) [ 10.6484 ]
1818:(34,2,0,4,46,46,0) [ 10.6834 ]
1819:(33,2,1,4,46,46,0) [ 10.653 ]
1820:(33,2,0,3,47,47,0) [ 10.699000000000002 ]
1821:(33,2,0,2,48,48,0) [ 10.799000000000001 ]
1822:(32,2,1,2,48,48,0) [ 10.7466 ]
1823:(32,2,0,1,49,49,0) [ 10.8146 ]
1824:(31,2,1,1,49,49,0) [ 10.7512 ]
1825:(32,2,1,1,49,49,0) [ 10.8356 ]
1826:(33,2,0,1,49,49,0) [ 10.899000000000001 ]
1827:(33,2,1,2,48,48,0) [ 10.831 ]
1828:(31,2,2,2,48,48,0) [ 10.6942 ]
1829:(32,2,2,2,48,48,0) [ 10.7786 ]
1830:(34,2,0,2,48,48,0) [ 10.883400000000002 ]
1831:(34,2,1,3,47,47,0) [ 10.8264 ]
1832:(34,2,0,3,47,47,0) [ 10.7834 ]
1833:(34,2,1,4,46,46,0) [ 10.737400000000001 ]
1834:(35,2,0,4,46,46,0) [ 10.767800000000001 ]
1835:(35,2,1,5,45,45,0) [ 10.732800000000001 ]
1836:(33,2,2,5,45,45,0) [ 10.629 ]
1837:(34,2,2,5,45,45,0) [ 10.7134 ]
1838:(35,2,2,6,44,44,0) [ 10.719800000000001 ]
1839:(33,2,3,6,44,44,0) [ 10.627 ]
1840:(34,2,3,6,44,44,0) [ 10.711400000000001 ]
1841:(36,2,1,6,44,44,0) [ 10.728200000000001 ]
1842:(36,2,2,7,43,43,0) [ 10.726199999999999 ]
1843:(35,2,3,7,43,43,0) [ 10.7288 ]
1844:(36,2,1,7,43,43,0) [ 10.639199999999999 ]
1845:(36,2,0,7,43,43,0) [ 10.5522 ]
1846:(36,2,1,8,42,42,0) [ 10.5502 ]
1847:(34,2,2,8,42,42,0) [ 10.479400000000002 ]
1848:(35,2,2,8,42,42,0) [ 10.5638 ]
1849:(36,2,0,8,42,42,0) [ 10.452200000000001 ]
1850:(36,2,3,11,39,39,0) [ 10.545200000000001 ]
1851:(34,2,4,11,39,39,0) [ 10.5074 ]
1852:(35,2,4,11,39,39,0) [ 10.591800000000001 ]
1853:(37,2,2,11,39,39,0) [ 10.4986 ]
1854:(37,2,0,11,39,39,0) [ 10.236600000000001 ]
1855:(38,2,0,12,38,38,0) [ 10.221 ]
1856:(40,2,0,17,33,33,0) [ 9.889800000000001 ]
1857:(42,2,0,21,29,29,0) [ 9.6586 ]
1858:(43,2,0,24,26,26,0) [ 9.443 ]
1859:(44,2,0,25,25,25,0) [ 9.4274 ]
1860:(46,2,0,28,22,22,0) [ 9.2962 ]
1861:(46,2,4,34,16,16,0) [ 10.2322 ]
1862:(47,2,4,34,16,16,0) [ 10.3166 ]
1863:(46,2,4,36,14,14,0) [ 10.1202 ]
1864:(47,2,4,36,14,14,0) [ 10.204600000000001 ]
1865:(48,2,4,37,13,13,0) [ 10.233 ]
1866:(46,2,5,37,13,13,0) [ 10.481200000000001 ]
1867:(47,2,5,37,13,13,0) [ 10.5656 ]
1868:(47,2,5,39,11,11,0) [ 10.4756 ]
1869:(48,2,5,39,11,11,0) [ 10.559999999999999 ]
1870:(49,2,5,40,10,10,0) [ 10.5994 ]
1871:(47,2,6,40,10,10,0) [ 10.880600000000001 ]
1872:(48,2,6,40,10,10,0) [ 10.965 ]
1873:(49,2,6,41,9,9,0) [ 11.015400000000001 ]
1874:(47,2,7,41,9,9,0) [ 11.3076 ]
1875:(48,2,7,41,9,9,0) [ 11.392000000000001 ]
1876:(49,2,5,41,9,9,0) [ 10.5544 ]
1877:(49,2,6,42,8,8,0) [ 10.9814 ]
1878:(47,2,7,42,8,8,0) [ 11.284600000000001 ]
1879:(48,2,7,42,8,8,0) [ 11.369 ]
1880:(49,2,5,42,8,8,0) [ 10.5094 ]
1881:(47,2,6,43,7,7,0) [ 10.7786 ]
1882:(48,2,6,43,7,7,0) [ 10.863 ]
1883:(49,2,4,45,5,5,0) [ 9.869399999999999 ]
1884:(50,2,4,45,5,5,0) [ 9.953800000000001 ]
1885:(51,2,4,46,4,4,0) [ 9.9822 ]
1886:(49,2,5,46,4,4,0) [ 10.329400000000001 ]
1887:(50,2,5,46,4,4,0) [ 10.4138 ]
1888:(-1,-1,-1,-1,-1,-1,-1) [ 0.0 ]