(s1,s2)
0:(1,40) [ 2.0 ]
1:(1,41) [ 2.0250000000000004 ]
2:(1,42) [ 2.05 ]
3:(1,43) [ 2.075 ]
4:(1,44) [ 2.1 ]
5:(1,45) [ 2.125 ]
6:(1,46) [ 2.1500000000000004 ]
7:(1,47) [ 2.175 ]
8:(1,48) [ 2.2 ]
9:(1,49) [ 2.225 ]
10:(1,50) [ 2.25 ]
11:(1,51) [ 2.2750000000000004 ]
12:(1,52) [ 2.3 ]
13:(1,53) [ 2.325 ]
14:(1,54) [ 2.35 ]
15:(1,55) [ 2.375 ]
16:(1,56) [ 2.4000000000000004 ]
17:(1,57) [ 2.425 ]
18:(1,58) [ 2.45 ]
19:(1,59) [ 2.475 ]
20:(1,60) [ 2.5 ]
21:(1,61) [ 2.5250000000000004 ]
22:(1,62) [ 2.55 ]
23:(1,63) [ 2.575 ]
24:(1,64) [ 2.6 ]
25:(1,65) [ 2.625 ]
26:(1,66) [ 2.6500000000000004 ]
27:(1,67) [ 2.675 ]
28:(1,68) [ 2.7 ]
29:(1,69) [ 2.725 ]
30:(1,70) [ 2.75 ]
31:(1,71) [ 2.7750000000000004 ]
32:(1,72) [ 2.8 ]
33:(1,73) [ 2.825 ]
34:(1,74) [ 2.85 ]
35:(1,75) [ 2.875 ]
36:(1,76) [ 2.9000000000000004 ]
37:(1,77) [ 2.925 ]
38:(1,78) [ 2.95 ]
39:(1,79) [ 2.975 ]
40:(1,80) [ 3.0 TARGET ]
41:(1,81) [ 3.025 ]
42:(1,39) [ 1.975 ]
43:(1,82) [ 3.0500000000000003 TARGET ]
44:(1,83) [ 3.075 ]
45:(1,84) [ 3.1 TARGET ]
46:(1,85) [ 3.125 ]
47:(1,86) [ 3.15 TARGET ]
48:(1,87) [ 3.1750000000000003 ]
49:(1,88) [ 3.2 TARGET ]
50:(1,89) [ 3.225 ]
51:(1,90) [ 3.25 TARGET ]
52:(1,91) [ 3.275 ]
53:(1,92) [ 3.3000000000000003 TARGET ]
54:(1,93) [ 3.325 ]
55:(1,94) [ 3.35 TARGET ]
56:(1,95) [ 3.375 ]
57:(1,96) [ 3.4000000000000004 TARGET ]
58:(1,97) [ 3.4250000000000003 ]
59:(1,98) [ 3.45 TARGET ]
60:(1,99) [ 3.475 ]
61:(1,100) [ 3.5 TARGET ]
62:(1,101) [ 3.5250000000000004 TARGET ]
63:(1,38) [ 1.9500000000000002 ]
64:(1,37) [ 1.925 ]
65:(1,36) [ 1.9 ]
66:(1,35) [ 1.875 ]
67:(1,34) [ 1.85 ]
68:(1,33) [ 1.8250000000000002 ]
69:(1,32) [ 1.8 ]
70:(1,31) [ 1.775 ]
71:(1,30) [ 1.75 ]
72:(1,29) [ 1.725 ]
73:(1,28) [ 1.7000000000000002 ]
74:(1,27) [ 1.675 ]
75:(1,26) [ 1.65 ]
76:(1,25) [ 1.625 ]
77:(1,24) [ 1.6 ]
78:(1,23) [ 1.5750000000000002 ]
79:(1,22) [ 1.55 ]
80:(1,21) [ 1.525 ]
81:(1,20) [ 1.5 ]
82:(1,19) [ 1.475 ]
83:(1,102) [ 3.5500000000000003 TARGET ]
84:(-1,-1) [ 0.0 ]