(R_,L,RL,G_,G_a,G_bg,G_d)
0:(50,2,0,50,0,0,0) [ 7.4338 ]
1:(49,2,1,50,0,0,0) [ 7.9094 ]
2:(49,2,0,49,1,1,0) [ 7.4494 ]
3:(50,2,0,49,1,1,0) [ 7.533799999999999 ]
4:(48,2,1,49,1,1,0) [ 7.913999999999999 ]
5:(48,2,2,49,1,1,0) [ 8.463 ]
6:(48,2,1,48,2,2,0) [ 8.003 ]
7:(49,2,0,48,2,2,0) [ 7.5494 ]
8:(48,2,2,48,2,2,0) [ 8.540999999999999 ]
9:(48,2,1,47,3,3,0) [ 8.092 ]
10:(48,2,2,47,3,3,0) [ 8.619 ]
11:(48,2,1,46,4,4,0) [ 8.181 ]
12:(48,2,2,46,4,4,0) [ 8.697000000000001 ]
13:(48,2,2,46,3,4,1) [ 4208.597 ]
14:(48,2,3,46,3,4,1) [ 4209.113 ]
15:(48,2,2,45,4,5,1) [ 5258.674999999999 ]
16:(47,2,3,45,4,5,1) [ 5259.0956 ]
17:(47,2,4,45,4,5,1) [ 5259.6006 ]
18:(47,2,3,44,5,6,1) [ 6309.1626 ]
19:(47,2,2,43,6,7,1) [ 7358.7466 ]
20:(47,2,1,42,7,8,1) [ 8408.3526 ]
21:(47,2,1,43,7,7,0) [ 8.3636 ]
22:(47,2,2,43,7,7,0) [ 8.846599999999999 ]
23:(47,2,1,42,8,8,0) [ 8.4526 ]
24:(46,2,2,42,8,8,0) [ 8.840200000000001 ]
25:(45,2,3,42,8,8,0) [ 9.227800000000002 ]
26:(44,2,4,42,8,8,0) [ 9.615400000000001 ]
27:(44,2,3,41,9,9,0) [ 9.2104 ]
28:(43,2,4,41,9,9,0) [ 9.587000000000002 ]
29:(42,2,5,41,9,9,0) [ 9.963600000000001 ]
30:(42,2,6,41,9,9,0) [ 10.4246 ]
31:(42,2,5,40,10,10,0) [ 10.0086 ]
32:(42,2,4,39,11,11,0) [ 9.6146 ]
33:(42,2,5,39,11,11,0) [ 10.053599999999998 ]
34:(41,2,6,39,11,11,0) [ 10.408199999999999 ]
35:(41,2,5,38,12,12,0) [ 10.014199999999999 ]
36:(41,2,4,37,13,13,0) [ 9.6422 ]
37:(40,2,5,37,13,13,0) [ 9.974800000000002 ]
38:(39,2,6,37,13,13,0) [ 10.307400000000001 ]
39:(39,2,5,36,14,14,0) [ 9.9354 ]
40:(39,2,6,36,14,14,0) [ 10.341400000000002 ]
41:(39,2,5,35,15,15,0) [ 9.9804 ]
42:(38,2,6,35,15,15,0) [ 10.291 ]
43:(38,2,7,35,15,15,0) [ 10.686 ]
44:(38,2,6,34,16,16,0) [ 10.325000000000001 ]
45:(38,2,5,33,17,17,0) [ 9.986 ]
46:(38,2,4,32,18,18,0) [ 9.669 ]
47:(38,2,5,32,18,18,0) [ 10.031 ]
48:(38,2,5,32,17,18,1) [ 18909.931 ]
49:(37,2,6,32,17,18,1) [ 18910.2086 ]
50:(36,2,6,32,17,18,1) [ 18910.124200000002 ]
51:(35,2,7,32,17,18,1) [ 18910.4018 ]
52:(35,2,6,31,18,19,1) [ 19960.0738 ]
53:(34,2,7,31,18,19,1) [ 19960.3404 ]
54:(34,2,6,30,19,20,1) [ 21010.023400000002 ]
55:(33,2,7,30,19,20,1) [ 21010.279000000002 ]
56:(33,2,6,29,20,21,1) [ 22059.973 ]
57:(32,2,7,29,20,21,1) [ 22060.2176 ]
58:(33,2,7,29,20,21,1) [ 22060.302 ]
59:(34,2,6,29,20,21,1) [ 22060.0574 ]
60:(33,2,8,29,20,21,1) [ 22060.631 ]
61:(33,2,7,28,21,22,1) [ 23110.324999999997 ]
62:(32,2,8,28,21,22,1) [ 23110.5586 ]
63:(32,2,9,28,21,22,1) [ 23110.8766 ]
64:(32,2,8,27,22,23,1) [ 24160.5706 ]
65:(32,2,7,26,23,24,1) [ 25210.2866 ]
66:(31,2,8,26,23,24,1) [ 25210.498199999998 ]
67:(31,2,7,25,24,25,1) [ 26260.2252 ]
68:(31,2,6,24,25,26,1) [ 27309.9742 ]
69:(31,2,7,24,25,26,1) [ 27310.2482 ]
70:(30,2,8,24,25,26,1) [ 27310.4378 ]
71:(30,2,9,24,25,26,1) [ 27310.7118 ]
72:(30,2,8,23,26,27,1) [ 28360.4498 ]
73:(30,2,7,22,27,28,1) [ 29410.2098 ]
74:(30,2,6,21,28,29,1) [ 30459.9918 ]
75:(30,2,5,20,29,30,1) [ 31509.7958 ]
76:(30,2,4,19,30,31,1) [ 32559.6218 ]
77:(29,2,5,19,30,31,1) [ 32559.7564 ]
78:(29,2,4,18,31,32,1) [ 33609.5934 ]
79:(28,2,5,18,31,32,1) [ 33609.717 ]
80:(28,2,4,17,32,33,1) [ 34659.564999999995 ]
81:(28,2,3,16,33,34,1) [ 35709.435000000005 ]
82:(28,2,2,15,34,35,1) [ 36759.327000000005 ]
83:(28,2,3,15,34,35,1) [ 36759.502 ]
84:(28,2,4,15,34,35,1) [ 36759.677 ]
85:(27,2,5,15,34,35,1) [ 36759.7676 ]
86:(27,2,4,14,35,36,1) [ 37809.6486 ]
87:(27,2,3,13,36,37,1) [ 38859.5516 ]
88:(27,2,2,12,37,38,1) [ 39909.476599999995 ]
89:(27,2,1,11,38,39,1) [ 40959.4236 ]
90:(27,2,0,10,39,40,1) [ 42009.3926 ]
91:(26,2,1,10,39,40,1) [ 42009.4282 ]
92:(26,2,2,10,39,40,1) [ 42009.548200000005 ]
93:(26,2,1,9,40,41,1) [ 43059.5172 ]
94:(26,2,2,9,40,41,1) [ 43059.6262 ]
95:(25,2,3,9,40,41,1) [ 43059.6508 ]
96:(25,2,2,8,41,42,1) [ 44109.6198 ]
97:(25,2,1,7,42,43,1) [ 45159.610799999995 ]
98:(25,2,0,6,43,44,1) [ 46209.6238 ]
99:(25,2,1,6,43,44,1) [ 46209.6998 ]
100:(25,2,0,5,44,45,1) [ 47259.7238 ]
101:(24,2,0,5,44,45,1) [ 47259.6394 ]
102:(24,2,1,5,44,45,1) [ 47259.7044 ]
103:(24,2,0,4,45,46,1) [ 48309.7394 ]
104:(24,2,1,4,45,46,1) [ 48309.7934 ]
105:(24,2,2,4,45,46,1) [ 48309.8474 ]
106:(24,2,1,3,46,47,1) [ 49359.882399999995 ]
107:(24,2,1,4,46,46,0) [ 9.8934 ]
108:(24,2,0,3,47,47,0) [ 9.9394 ]
109:(23,2,1,3,47,47,0) [ 9.898 ]
110:(23,2,0,2,48,48,0) [ 9.955000000000002 ]
111:(23,2,1,2,48,48,0) [ 9.987000000000002 ]
112:(22,2,2,2,48,48,0) [ 9.9346 ]
113:(22,2,1,1,49,49,0) [ 9.9916 ]
114:(22,2,0,0,50,50,0) [ 10.070599999999999 TARGET ]
115:(23,2,0,0,50,50,0) [ 10.155000000000001 TARGET ]
116:(21,2,0,0,50,50,0) [ 9.9862 TARGET ]
117:(21,2,1,0,50,50,0) [ 9.9962 TARGET ]
118:(22,2,1,0,50,50,0) [ 10.0806 TARGET ]
119:(23,2,1,1,49,49,0) [ 10.076 ]
120:(21,2,1,1,49,49,0) [ 9.9072 ]
121:(21,2,2,1,49,49,0) [ 9.9282 ]
122:(22,2,2,1,49,49,0) [ 10.0126 ]
123:(23,2,2,2,48,48,0) [ 10.019 ]
124:(21,2,2,2,48,48,0) [ 9.850200000000001 ]
125:(21,2,3,2,48,48,0) [ 9.882200000000001 ]
126:(22,2,3,2,48,48,0) [ 9.9666 ]
127:(24,2,1,2,48,48,0) [ 10.0714 ]
128:(22,2,1,2,48,48,0) [ 9.9026 ]
129:(24,2,0,2,48,48,0) [ 10.0394 ]
130:(22,2,0,2,48,48,0) [ 9.8706 ]
131:(24,2,1,3,47,47,0) [ 9.982399999999998 ]
132:(22,2,1,3,47,47,0) [ 9.813600000000001 ]
133:(22,2,2,3,47,47,0) [ 9.8566 ]
134:(23,2,2,3,47,47,0) [ 9.940999999999999 ]
135:(25,2,0,3,47,47,0) [ 10.023800000000001 ]
136:(23,2,0,3,47,47,0) [ 9.855 ]
137:(25,2,1,4,46,46,0) [ 9.9778 ]
138:(23,2,1,4,46,46,0) [ 9.809000000000001 ]
139:(23,2,2,4,46,46,0) [ 9.863 ]
140:(24,2,2,4,46,46,0) [ 9.947400000000002 ]
141:(25,2,1,3,46,47,1) [ 49359.9668 ]
142:(23,2,1,3,46,47,1) [ 49359.797999999995 ]
143:(23,2,2,3,46,47,1) [ 49359.841 ]
144:(24,2,2,3,46,47,1) [ 49359.9254 ]
145:(25,2,2,4,45,46,1) [ 48309.9318 ]
146:(23,2,2,4,45,46,1) [ 48309.763 ]
147:(23,2,3,4,45,46,1) [ 48309.817 ]
148:(24,2,3,4,45,46,1) [ 48309.9014 ]
149:(25,2,1,4,45,46,1) [ 48309.8778 ]
150:(23,2,1,4,45,46,1) [ 48309.709 ]
151:(25,2,0,4,45,46,1) [ 48309.8238 ]
152:(23,2,0,4,45,46,1) [ 48309.655 ]
153:(25,2,1,5,44,45,1) [ 47259.7888 ]
154:(23,2,1,5,44,45,1) [ 47259.62 ]
155:(23,2,2,5,44,45,1) [ 47259.685000000005 ]
156:(24,2,2,5,44,45,1) [ 47259.769400000005 ]
157:(23,2,0,5,44,45,1) [ 47259.555 ]
158:(26,2,0,5,44,45,1) [ 47259.8082 ]
159:(26,2,1,6,43,44,1) [ 46209.7842 ]
160:(24,2,1,6,43,44,1) [ 46209.6154 ]
161:(24,2,2,6,43,44,1) [ 46209.6914 ]
162:(25,2,2,6,43,44,1) [ 46209.7758 ]
163:(26,2,0,6,43,44,1) [ 46209.7082 ]
164:(24,2,0,6,43,44,1) [ 46209.5394 ]
165:(26,2,1,7,42,43,1) [ 45159.695199999995 ]
166:(24,2,1,7,42,43,1) [ 45159.526399999995 ]
167:(24,2,2,7,42,43,1) [ 45159.613399999995 ]
168:(25,2,2,7,42,43,1) [ 45159.697799999994 ]
169:(26,2,2,8,41,42,1) [ 44109.7042 ]
170:(24,2,2,8,41,42,1) [ 44109.5354 ]
171:(24,2,3,8,41,42,1) [ 44109.6334 ]
172:(25,2,3,8,41,42,1) [ 44109.7178 ]
173:(26,2,3,9,40,41,1) [ 43059.7352 ]
174:(24,2,3,9,40,41,1) [ 43059.5664 ]
175:(24,2,4,9,40,41,1) [ 43059.6754 ]
176:(25,2,4,9,40,41,1) [ 43059.7598 ]
177:(27,2,2,9,40,41,1) [ 43059.7106 ]
178:(25,2,2,9,40,41,1) [ 43059.5418 ]
179:(27,2,1,9,40,41,1) [ 43059.6016 ]
180:(25,2,1,9,40,41,1) [ 43059.4328 ]
181:(27,2,2,10,39,40,1) [ 42009.632600000004 ]
182:(25,2,2,10,39,40,1) [ 42009.463800000005 ]
183:(25,2,3,10,39,40,1) [ 42009.5838 ]
184:(26,2,3,10,39,40,1) [ 42009.6682 ]
185:(27,2,1,10,39,40,1) [ 42009.5126 ]
186:(25,2,1,10,39,40,1) [ 42009.3438 ]
187:(28,2,0,10,39,40,1) [ 42009.477 ]
188:(26,2,0,10,39,40,1) [ 42009.3082 ]
189:(28,2,1,11,38,39,1) [ 40959.508 ]
190:(26,2,1,11,38,39,1) [ 40959.3392 ]
191:(26,2,2,11,38,39,1) [ 40959.4702 ]
192:(27,2,2,11,38,39,1) [ 40959.5546 ]
193:(28,2,2,12,37,38,1) [ 39909.560999999994 ]
194:(26,2,2,12,37,38,1) [ 39909.392199999995 ]
195:(26,2,3,12,37,38,1) [ 39909.534199999995 ]
196:(27,2,3,12,37,38,1) [ 39909.618599999994 ]
197:(28,2,3,13,36,37,1) [ 38859.636 ]
198:(26,2,3,13,36,37,1) [ 38859.4672 ]
199:(26,2,4,13,36,37,1) [ 38859.6202 ]
200:(27,2,4,13,36,37,1) [ 38859.7046 ]
201:(28,2,4,14,35,36,1) [ 37809.733 ]
202:(26,2,4,14,35,36,1) [ 37809.5642 ]
203:(26,2,5,14,35,36,1) [ 37809.7282 ]
204:(27,2,5,14,35,36,1) [ 37809.8126 ]
205:(28,2,5,15,34,35,1) [ 36759.852 ]
206:(26,2,5,15,34,35,1) [ 36759.6832 ]
207:(26,2,6,15,34,35,1) [ 36759.8582 ]
208:(27,2,6,15,34,35,1) [ 36759.9426 ]
209:(29,2,4,15,34,35,1) [ 36759.7614 ]
210:(27,2,4,15,34,35,1) [ 36759.5926 ]
211:(29,2,3,15,34,35,1) [ 36759.5864 ]
212:(27,2,3,15,34,35,1) [ 36759.4176 ]
213:(29,2,2,15,34,35,1) [ 36759.411400000005 ]
214:(27,2,2,15,34,35,1) [ 36759.242600000005 ]
215:(29,2,3,16,33,34,1) [ 35709.519400000005 ]
216:(27,2,3,16,33,34,1) [ 35709.350600000005 ]
217:(27,2,4,16,33,34,1) [ 35709.5366 ]
218:(28,2,4,16,33,34,1) [ 35709.62100000001 ]
219:(29,2,4,17,32,33,1) [ 34659.649399999995 ]
220:(27,2,4,17,32,33,1) [ 34659.480599999995 ]
221:(27,2,5,17,32,33,1) [ 34659.677599999995 ]
222:(28,2,5,17,32,33,1) [ 34659.761999999995 ]
223:(29,2,5,18,31,32,1) [ 33609.8014 ]
224:(27,2,5,18,31,32,1) [ 33609.6326 ]
225:(27,2,6,18,31,32,1) [ 33609.840599999996 ]
226:(28,2,6,18,31,32,1) [ 33609.924999999996 ]
227:(30,2,4,18,31,32,1) [ 33609.6778 ]
228:(28,2,4,18,31,32,1) [ 33609.509 ]
229:(30,2,5,19,30,31,1) [ 32559.8408 ]
230:(28,2,5,19,30,31,1) [ 32559.672 ]
231:(28,2,6,19,30,31,1) [ 32559.891 ]
232:(29,2,6,19,30,31,1) [ 32559.9754 ]
233:(31,2,4,19,30,31,1) [ 32559.7062 ]
234:(29,2,4,19,30,31,1) [ 32559.5374 ]
235:(31,2,5,20,29,30,1) [ 31509.880200000003 ]
236:(29,2,5,20,29,30,1) [ 31509.7114 ]
237:(29,2,6,20,29,30,1) [ 31509.9414 ]
238:(30,2,6,20,29,30,1) [ 31510.025800000003 ]
239:(31,2,6,21,28,29,1) [ 30460.0762 ]
240:(29,2,6,21,28,29,1) [ 30459.9074 ]
241:(29,2,7,21,28,29,1) [ 30460.1484 ]
242:(30,2,7,21,28,29,1) [ 30460.232799999998 ]
243:(31,2,7,22,27,28,1) [ 29410.2942 ]
244:(29,2,7,22,27,28,1) [ 29410.1254 ]
245:(29,2,8,22,27,28,1) [ 29410.3774 ]
246:(30,2,8,22,27,28,1) [ 29410.4618 ]
247:(31,2,8,23,26,27,1) [ 28360.5342 ]
248:(29,2,8,23,26,27,1) [ 28360.3654 ]
249:(29,2,9,23,26,27,1) [ 28360.628399999998 ]
250:(30,2,9,23,26,27,1) [ 28360.712799999998 ]
251:(31,2,9,24,25,26,1) [ 27310.7962 ]
252:(29,2,9,24,25,26,1) [ 27310.6274 ]
253:(29,2,10,24,25,26,1) [ 27310.9014 ]
254:(30,2,10,24,25,26,1) [ 27310.9858 ]
255:(31,2,8,24,25,26,1) [ 27310.5222 ]
256:(29,2,8,24,25,26,1) [ 27310.3534 ]
257:(32,2,7,24,25,26,1) [ 27310.3326 ]
258:(30,2,7,24,25,26,1) [ 27310.1638 ]
259:(32,2,6,24,25,26,1) [ 27310.0586 ]
260:(30,2,6,24,25,26,1) [ 27309.8898 ]
261:(32,2,7,25,24,25,1) [ 26260.3096 ]
262:(30,2,7,25,24,25,1) [ 26260.1408 ]
263:(30,2,8,25,24,25,1) [ 26260.4258 ]
264:(31,2,8,25,24,25,1) [ 26260.5102 ]
265:(32,2,8,26,23,24,1) [ 25210.582599999998 ]
266:(30,2,8,26,23,24,1) [ 25210.4138 ]
267:(30,2,9,26,23,24,1) [ 25210.7098 ]
268:(31,2,9,26,23,24,1) [ 25210.7942 ]
269:(33,2,7,26,23,24,1) [ 25210.371 ]
270:(31,2,7,26,23,24,1) [ 25210.2022 ]
271:(33,2,8,27,22,23,1) [ 24160.655000000002 ]
272:(31,2,8,27,22,23,1) [ 24160.4862 ]
273:(31,2,9,27,22,23,1) [ 24160.7932 ]
274:(32,2,9,27,22,23,1) [ 24160.8776 ]
275:(33,2,9,28,21,22,1) [ 23110.961 ]
276:(31,2,9,28,21,22,1) [ 23110.7922 ]
277:(31,2,10,28,21,22,1) [ 23111.1102 ]
278:(32,2,10,28,21,22,1) [ 23111.1946 ]
279:(33,2,8,28,21,22,1) [ 23110.643 ]
280:(31,2,8,28,21,22,1) [ 23110.474199999997 ]
281:(34,2,7,28,21,22,1) [ 23110.409399999997 ]
282:(32,2,7,28,21,22,1) [ 23110.240599999997 ]
283:(34,2,8,29,20,21,1) [ 22060.7154 ]
284:(32,2,8,29,20,21,1) [ 22060.5466 ]
285:(32,2,9,29,20,21,1) [ 22060.8756 ]
286:(33,2,9,29,20,21,1) [ 22060.96 ]
287:(34,2,7,29,20,21,1) [ 22060.3864 ]
288:(35,2,6,29,20,21,1) [ 22060.1418 ]
289:(31,2,7,29,20,21,1) [ 22060.1332 ]
290:(31,2,8,29,20,21,1) [ 22060.4622 ]
291:(32,2,6,29,20,21,1) [ 22059.8886 ]
292:(34,2,7,30,19,20,1) [ 21010.363400000002 ]
293:(32,2,7,30,19,20,1) [ 21010.194600000003 ]
294:(32,2,8,30,19,20,1) [ 21010.534600000003 ]
295:(33,2,8,30,19,20,1) [ 21010.619000000002 ]
296:(35,2,6,30,19,20,1) [ 21010.1078 ]
297:(33,2,6,30,19,20,1) [ 21009.939000000002 ]
298:(35,2,7,31,18,19,1) [ 19960.4248 ]
299:(33,2,7,31,18,19,1) [ 19960.255999999998 ]
300:(33,2,8,31,18,19,1) [ 19960.607 ]
301:(34,2,8,31,18,19,1) [ 19960.6914 ]
302:(36,2,6,31,18,19,1) [ 19960.158199999998 ]
303:(34,2,6,31,18,19,1) [ 19959.9894 ]
304:(36,2,7,32,17,18,1) [ 18910.4862 ]
305:(34,2,7,32,17,18,1) [ 18910.3174 ]
306:(34,2,8,32,17,18,1) [ 18910.6794 ]
307:(35,2,8,32,17,18,1) [ 18910.7638 ]
308:(35,2,6,32,17,18,1) [ 18910.039800000002 ]
309:(38,2,6,32,17,18,1) [ 18910.293 ]
310:(37,2,7,32,17,18,1) [ 18910.5706 ]
311:(39,2,5,32,17,18,1) [ 18910.0154 ]
312:(37,2,5,32,17,18,1) [ 18909.8466 ]
313:(39,2,5,32,18,18,0) [ 10.115400000000001 ]
314:(37,2,5,32,18,18,0) [ 9.9466 ]
315:(37,2,6,32,18,18,0) [ 10.308600000000002 ]
316:(38,2,6,32,18,18,0) [ 10.393 ]
317:(39,2,4,32,18,18,0) [ 9.753400000000001 ]
318:(37,2,4,32,18,18,0) [ 9.5846 ]
319:(39,2,5,33,17,17,0) [ 10.0704 ]
320:(37,2,5,33,17,17,0) [ 9.901599999999998 ]
321:(37,2,6,33,17,17,0) [ 10.2746 ]
322:(38,2,6,33,17,17,0) [ 10.358999999999998 ]
323:(39,2,6,34,16,16,0) [ 10.4094 ]
324:(37,2,6,34,16,16,0) [ 10.240599999999999 ]
325:(37,2,7,34,16,16,0) [ 10.6246 ]
326:(38,2,7,34,16,16,0) [ 10.709 ]
327:(39,2,7,35,15,15,0) [ 10.770399999999999 ]
328:(37,2,7,35,15,15,0) [ 10.601600000000001 ]
329:(37,2,8,35,15,15,0) [ 10.9966 ]
330:(38,2,8,35,15,15,0) [ 11.081 ]
331:(39,2,6,35,15,15,0) [ 10.375399999999999 ]
332:(37,2,6,35,15,15,0) [ 10.206600000000002 ]
333:(40,2,5,35,15,15,0) [ 10.0648 ]
334:(38,2,5,35,15,15,0) [ 9.896 ]
335:(40,2,6,36,14,14,0) [ 10.4258 ]
336:(38,2,6,36,14,14,0) [ 10.257 ]
337:(38,2,7,36,14,14,0) [ 10.663 ]
338:(39,2,7,36,14,14,0) [ 10.7474 ]
339:(40,2,5,36,14,14,0) [ 10.0198 ]
340:(38,2,5,36,14,14,0) [ 9.851 ]
341:(40,2,6,37,13,13,0) [ 10.3918 ]
342:(38,2,6,37,13,13,0) [ 10.223000000000003 ]
343:(38,2,7,37,13,13,0) [ 10.64 ]
344:(39,2,7,37,13,13,0) [ 10.7244 ]
345:(41,2,5,37,13,13,0) [ 10.0592 ]
346:(39,2,5,37,13,13,0) [ 9.8904 ]
347:(42,2,4,37,13,13,0) [ 9.726600000000001 ]
348:(40,2,4,37,13,13,0) [ 9.5578 ]
349:(42,2,5,38,12,12,0) [ 10.098599999999998 ]
350:(40,2,5,38,12,12,0) [ 9.9298 ]
351:(40,2,6,38,12,12,0) [ 10.357800000000001 ]
352:(41,2,6,38,12,12,0) [ 10.4422 ]
353:(42,2,6,39,11,11,0) [ 10.492600000000001 ]
354:(40,2,6,39,11,11,0) [ 10.3238 ]
355:(40,2,7,39,11,11,0) [ 10.7628 ]
356:(41,2,7,39,11,11,0) [ 10.847199999999999 ]
357:(43,2,5,39,11,11,0) [ 10.138 ]
358:(41,2,5,39,11,11,0) [ 9.969199999999999 ]
359:(43,2,4,39,11,11,0) [ 9.699 ]
360:(41,2,4,39,11,11,0) [ 9.530199999999999 ]
361:(43,2,5,40,10,10,0) [ 10.093 ]
362:(41,2,5,40,10,10,0) [ 9.924199999999999 ]
363:(41,2,6,40,10,10,0) [ 10.374200000000002 ]
364:(42,2,6,40,10,10,0) [ 10.4586 ]
365:(43,2,6,41,9,9,0) [ 10.509 ]
366:(41,2,6,41,9,9,0) [ 10.340200000000001 ]
367:(41,2,7,41,9,9,0) [ 10.8012 ]
368:(42,2,7,41,9,9,0) [ 10.8856 ]
369:(43,2,5,41,9,9,0) [ 10.048 ]
370:(41,2,5,41,9,9,0) [ 9.879199999999999 ]
371:(44,2,4,41,9,9,0) [ 9.6714 ]
372:(42,2,4,41,9,9,0) [ 9.5026 ]
373:(45,2,3,41,9,9,0) [ 9.2948 ]
374:(43,2,3,41,9,9,0) [ 9.126 ]
375:(45,2,4,42,8,8,0) [ 9.6998 ]
376:(43,2,4,42,8,8,0) [ 9.531 ]
377:(43,2,5,42,8,8,0) [ 10.003 ]
378:(44,2,5,42,8,8,0) [ 10.087399999999999 ]
379:(46,2,3,42,8,8,0) [ 9.3122 ]
380:(44,2,3,42,8,8,0) [ 9.1434 ]
381:(47,2,2,42,8,8,0) [ 8.924600000000002 ]
382:(45,2,2,42,8,8,0) [ 8.7558 ]
383:(48,2,1,42,8,8,0) [ 8.536999999999999 ]
384:(46,2,1,42,8,8,0) [ 8.3682 ]
385:(48,2,2,43,7,7,0) [ 8.930999999999997 ]
386:(46,2,2,43,7,7,0) [ 8.7622 ]
387:(46,2,3,43,7,7,0) [ 9.2452 ]
388:(47,2,3,43,7,7,0) [ 9.3296 ]
389:(48,2,1,43,7,7,0) [ 8.447999999999999 ]
390:(46,2,1,43,7,7,0) [ 8.2792 ]
391:(48,2,1,42,7,8,1) [ 8408.437 ]
392:(46,2,1,42,7,8,1) [ 8408.2682 ]
393:(46,2,2,42,7,8,1) [ 8408.7402 ]
394:(47,2,2,42,7,8,1) [ 8408.8246 ]
395:(48,2,2,43,6,7,1) [ 7358.831 ]
396:(46,2,2,43,6,7,1) [ 7358.662200000001 ]
397:(46,2,3,43,6,7,1) [ 7359.1452 ]
398:(47,2,3,43,6,7,1) [ 7359.229600000001 ]
399:(48,2,3,44,5,6,1) [ 6309.247 ]
400:(46,2,3,44,5,6,1) [ 6309.0782 ]
401:(46,2,4,44,5,6,1) [ 6309.5722 ]
402:(47,2,4,44,5,6,1) [ 6309.6566 ]
403:(48,2,4,45,4,5,1) [ 5259.6849999999995 ]
404:(46,2,4,45,4,5,1) [ 5259.5162 ]
405:(46,2,5,45,4,5,1) [ 5260.021199999999 ]
406:(47,2,5,45,4,5,1) [ 5260.1056 ]
407:(48,2,3,45,4,5,1) [ 5259.179999999999 ]
408:(46,2,3,45,4,5,1) [ 5259.0112 ]
409:(49,2,2,45,4,5,1) [ 5258.7594 ]
410:(47,2,2,45,4,5,1) [ 5258.5905999999995 ]
411:(49,2,3,46,3,4,1) [ 4209.1974 ]
412:(47,2,3,46,3,4,1) [ 4209.028600000001 ]
413:(47,2,4,46,3,4,1) [ 4209.5446 ]
414:(48,2,4,46,3,4,1) [ 4209.629 ]
415:(49,2,2,46,3,4,1) [ 4208.6814 ]
416:(47,2,2,46,3,4,1) [ 4208.5126 ]
417:(49,2,2,46,4,4,0) [ 8.7814 ]
418:(47,2,2,46,4,4,0) [ 8.612600000000002 ]
419:(47,2,3,46,4,4,0) [ 9.1286 ]
420:(48,2,3,46,4,4,0) [ 9.213 ]
421:(49,2,1,46,4,4,0) [ 8.2654 ]
422:(47,2,1,46,4,4,0) [ 8.0966 ]
423:(49,2,2,47,3,3,0) [ 8.7034 ]
424:(47,2,2,47,3,3,0) [ 8.534600000000001 ]
425:(47,2,3,47,3,3,0) [ 9.061600000000002 ]
426:(48,2,3,47,3,3,0) [ 9.146 ]
427:(49,2,1,47,3,3,0) [ 8.176400000000001 ]
428:(47,2,1,47,3,3,0) [ 8.0076 ]
429:(49,2,2,48,2,2,0) [ 8.625399999999999 ]
430:(47,2,2,48,2,2,0) [ 8.4566 ]
431:(47,2,3,48,2,2,0) [ 8.994599999999998 ]
432:(48,2,3,48,2,2,0) [ 9.079 ]
433:(49,2,1,48,2,2,0) [ 8.0874 ]
434:(47,2,1,48,2,2,0) [ 7.9186000000000005 ]
435:(50,2,0,48,2,2,0) [ 7.6338 ]
436:(48,2,0,48,2,2,0) [ 7.465 ]
437:(49,2,2,49,1,1,0) [ 8.547399999999998 ]
438:(47,2,2,49,1,1,0) [ 8.3786 ]
439:(47,2,3,49,1,1,0) [ 8.9276 ]
440:(48,2,3,49,1,1,0) [ 9.011999999999999 ]
441:(49,2,1,49,1,1,0) [ 7.998399999999999 ]
442:(47,2,1,49,1,1,0) [ 7.8296 ]
443:(48,2,0,49,1,1,0) [ 7.364999999999999 ]
444:(51,2,0,49,1,1,0) [ 7.618200000000001 ]
445:(50,2,1,49,1,1,0) [ 8.082799999999999 ]
446:(50,2,1,50,0,0,0) [ 7.993799999999999 ]
447:(48,2,1,50,0,0,0) [ 7.824999999999999 ]
448:(48,2,2,50,0,0,0) [ 8.384999999999998 ]
449:(49,2,2,50,0,0,0) [ 8.4694 ]
450:(51,2,0,50,0,0,0) [ 7.518200000000001 ]
451:(49,2,0,50,0,0,0) [ 7.3494 ]
452:(24,2,0,0,50,50,0) [ 10.2394 TARGET ]
453:(23,2,1,0,50,50,0) [ 10.165 TARGET ]
454:(24,2,1,1,49,49,0) [ 10.1604 ]
455:(23,2,2,1,49,49,0) [ 10.097000000000001 ]
456:(24,2,2,2,48,48,0) [ 10.1034 ]
457:(23,2,3,2,48,48,0) [ 10.051 ]
458:(25,2,1,2,48,48,0) [ 10.1558 ]
459:(25,2,0,2,48,48,0) [ 10.123800000000001 ]
460:(25,2,1,3,47,47,0) [ 10.0668 ]
461:(24,2,2,3,47,47,0) [ 10.025400000000001 ]
462:(26,2,0,3,47,47,0) [ 10.1082 ]
463:(26,2,1,4,46,46,0) [ 10.0622 ]
464:(25,2,2,4,46,46,0) [ 10.0318 ]
465:(26,2,1,3,46,47,1) [ 49360.0512 ]
466:(25,2,2,3,46,47,1) [ 49360.0098 ]
467:(26,2,2,4,45,46,1) [ 48310.0162 ]
468:(25,2,3,4,45,46,1) [ 48309.9858 ]
469:(26,2,1,4,45,46,1) [ 48309.9622 ]
470:(26,2,0,4,45,46,1) [ 48309.9082 ]
471:(26,2,1,5,44,45,1) [ 47259.8732 ]
472:(25,2,2,5,44,45,1) [ 47259.853800000004 ]
473:(27,2,0,5,44,45,1) [ 47259.8926 ]
474:(27,2,1,6,43,44,1) [ 46209.8686 ]
475:(26,2,2,6,43,44,1) [ 46209.8602 ]
476:(27,2,0,6,43,44,1) [ 46209.7926 ]
477:(27,2,1,7,42,43,1) [ 45159.779599999994 ]
478:(26,2,2,7,42,43,1) [ 45159.782199999994 ]
479:(27,2,2,8,41,42,1) [ 44109.7886 ]
480:(26,2,3,8,41,42,1) [ 44109.8022 ]
481:(27,2,3,9,40,41,1) [ 43059.8196 ]
482:(26,2,4,9,40,41,1) [ 43059.8442 ]
483:(28,2,2,9,40,41,1) [ 43059.795 ]
484:(28,2,1,9,40,41,1) [ 43059.686 ]
485:(28,2,2,10,39,40,1) [ 42009.717000000004 ]
486:(27,2,3,10,39,40,1) [ 42009.7526 ]
487:(28,2,1,10,39,40,1) [ 42009.597 ]
488:(29,2,0,10,39,40,1) [ 42009.5614 ]
489:(29,2,1,11,38,39,1) [ 40959.5924 ]
490:(28,2,2,11,38,39,1) [ 40959.639 ]
491:(29,2,2,12,37,38,1) [ 39909.645399999994 ]
492:(28,2,3,12,37,38,1) [ 39909.702999999994 ]
493:(29,2,3,13,36,37,1) [ 38859.7204 ]
494:(28,2,4,13,36,37,1) [ 38859.789 ]
495:(29,2,4,14,35,36,1) [ 37809.8174 ]
496:(28,2,5,14,35,36,1) [ 37809.897 ]
497:(29,2,5,15,34,35,1) [ 36759.9364 ]
498:(28,2,6,15,34,35,1) [ 36760.027 ]
499:(30,2,4,15,34,35,1) [ 36759.8458 ]
500:(30,2,3,15,34,35,1) [ 36759.6708 ]
501:(30,2,2,15,34,35,1) [ 36759.495800000004 ]
502:(30,2,3,16,33,34,1) [ 35709.603800000004 ]
503:(29,2,4,16,33,34,1) [ 35709.705400000006 ]
504:(30,2,4,17,32,33,1) [ 34659.733799999995 ]
505:(29,2,5,17,32,33,1) [ 34659.846399999995 ]
506:(30,2,5,18,31,32,1) [ 33609.8858 ]
507:(29,2,6,18,31,32,1) [ 33610.009399999995 ]
508:(31,2,4,18,31,32,1) [ 33609.7622 ]
509:(31,2,5,19,30,31,1) [ 32559.9252 ]
510:(30,2,6,19,30,31,1) [ 32560.0598 ]
511:(32,2,4,19,30,31,1) [ 32559.7906 ]
512:(32,2,5,20,29,30,1) [ 31509.964600000003 ]
513:(31,2,6,20,29,30,1) [ 31510.110200000003 ]
514:(32,2,6,21,28,29,1) [ 30460.1606 ]
515:(31,2,7,21,28,29,1) [ 30460.317199999998 ]
516:(32,2,7,22,27,28,1) [ 29410.3786 ]
517:(31,2,8,22,27,28,1) [ 29410.5462 ]
518:(32,2,8,23,26,27,1) [ 28360.618599999998 ]
519:(31,2,9,23,26,27,1) [ 28360.797199999997 ]
520:(32,2,9,24,25,26,1) [ 27310.8806 ]
521:(31,2,10,24,25,26,1) [ 27311.0702 ]
522:(32,2,8,24,25,26,1) [ 27310.6066 ]
523:(33,2,7,24,25,26,1) [ 27310.417 ]
524:(33,2,6,24,25,26,1) [ 27310.143 ]
525:(33,2,7,25,24,25,1) [ 26260.394 ]
526:(32,2,8,25,24,25,1) [ 26260.5946 ]
527:(33,2,8,26,23,24,1) [ 25210.666999999998 ]
528:(32,2,9,26,23,24,1) [ 25210.8786 ]
529:(34,2,7,26,23,24,1) [ 25210.4554 ]
530:(34,2,8,27,22,23,1) [ 24160.739400000002 ]
531:(33,2,9,27,22,23,1) [ 24160.962 ]
532:(34,2,9,28,21,22,1) [ 23111.0454 ]
533:(33,2,10,28,21,22,1) [ 23111.279 ]
534:(34,2,8,28,21,22,1) [ 23110.7274 ]
535:(35,2,7,28,21,22,1) [ 23110.4938 ]
536:(35,2,8,29,20,21,1) [ 22060.7998 ]
537:(34,2,9,29,20,21,1) [ 22061.0444 ]
538:(35,2,7,29,20,21,1) [ 22060.4708 ]
539:(36,2,6,29,20,21,1) [ 22060.2262 ]
540:(35,2,7,30,19,20,1) [ 21010.4478 ]
541:(34,2,8,30,19,20,1) [ 21010.703400000002 ]
542:(36,2,6,30,19,20,1) [ 21010.1922 ]
543:(36,2,7,31,18,19,1) [ 19960.5092 ]
544:(35,2,8,31,18,19,1) [ 19960.7758 ]
545:(37,2,6,31,18,19,1) [ 19960.242599999998 ]
546:(36,2,8,32,17,18,1) [ 18910.8482 ]
547:(39,2,6,32,17,18,1) [ 18910.3774 ]
548:(38,2,7,32,17,18,1) [ 18910.655000000002 ]
549:(40,2,5,32,17,18,1) [ 18910.0998 ]
550:(40,2,5,32,18,18,0) [ 10.1998 ]
551:(39,2,6,32,18,18,0) [ 10.477400000000001 ]
552:(40,2,4,32,18,18,0) [ 9.837800000000001 ]
553:(40,2,5,33,17,17,0) [ 10.154799999999998 ]
554:(39,2,6,33,17,17,0) [ 10.4434 ]
555:(40,2,6,34,16,16,0) [ 10.4938 ]
556:(39,2,7,34,16,16,0) [ 10.7934 ]
557:(40,2,7,35,15,15,0) [ 10.854800000000001 ]
558:(39,2,8,35,15,15,0) [ 11.1654 ]
559:(40,2,6,35,15,15,0) [ 10.459800000000001 ]
560:(41,2,5,35,15,15,0) [ 10.1492 ]
561:(41,2,6,36,14,14,0) [ 10.510200000000001 ]
562:(40,2,7,36,14,14,0) [ 10.8318 ]
563:(41,2,5,36,14,14,0) [ 10.1042 ]
564:(41,2,6,37,13,13,0) [ 10.476200000000002 ]
565:(40,2,7,37,13,13,0) [ 10.808800000000002 ]
566:(42,2,5,37,13,13,0) [ 10.1436 ]
567:(43,2,4,37,13,13,0) [ 9.811 ]
568:(43,2,5,38,12,12,0) [ 10.183 ]
569:(42,2,6,38,12,12,0) [ 10.526599999999998 ]
570:(43,2,6,39,11,11,0) [ 10.577 ]
571:(42,2,7,39,11,11,0) [ 10.9316 ]
572:(44,2,5,39,11,11,0) [ 10.222399999999999 ]
573:(44,2,4,39,11,11,0) [ 9.783399999999999 ]
574:(44,2,5,40,10,10,0) [ 10.177399999999999 ]
575:(43,2,6,40,10,10,0) [ 10.543 ]
576:(44,2,6,41,9,9,0) [ 10.5934 ]
577:(43,2,7,41,9,9,0) [ 10.97 ]
578:(44,2,5,41,9,9,0) [ 10.132399999999999 ]
579:(45,2,4,41,9,9,0) [ 9.755799999999999 ]
580:(46,2,3,41,9,9,0) [ 9.3792 ]
581:(46,2,4,42,8,8,0) [ 9.784200000000002 ]
582:(45,2,5,42,8,8,0) [ 10.171800000000001 ]
583:(47,2,3,42,8,8,0) [ 9.396600000000001 ]
584:(48,2,2,42,8,8,0) [ 9.009 ]
585:(49,2,1,42,8,8,0) [ 8.6214 ]
586:(49,2,2,43,7,7,0) [ 9.0154 ]
587:(48,2,3,43,7,7,0) [ 9.413999999999998 ]
588:(49,2,1,43,7,7,0) [ 8.532399999999999 ]
589:(49,2,1,42,7,8,1) [ 8408.521400000001 ]
590:(48,2,2,42,7,8,1) [ 8408.909000000001 ]
591:(49,2,2,43,6,7,1) [ 7358.915400000001 ]
592:(48,2,3,43,6,7,1) [ 7359.314 ]
593:(49,2,3,44,5,6,1) [ 6309.3314 ]
594:(48,2,4,44,5,6,1) [ 6309.741 ]
595:(49,2,4,45,4,5,1) [ 5259.769399999999 ]
596:(48,2,5,45,4,5,1) [ 5260.19 ]
597:(49,2,3,45,4,5,1) [ 5259.2644 ]
598:(50,2,2,45,4,5,1) [ 5258.8438 ]
599:(50,2,3,46,3,4,1) [ 4209.2818 ]
600:(49,2,4,46,3,4,1) [ 4209.713400000001 ]
601:(50,2,2,46,3,4,1) [ 4208.7658 ]
602:(50,2,2,46,4,4,0) [ 8.865799999999998 ]
603:(49,2,3,46,4,4,0) [ 9.297400000000001 ]
604:(50,2,1,46,4,4,0) [ 8.3498 ]
605:(50,2,2,47,3,3,0) [ 8.7878 ]
606:(49,2,3,47,3,3,0) [ 9.230400000000001 ]
607:(50,2,1,47,3,3,0) [ 8.2608 ]
608:(50,2,2,48,2,2,0) [ 8.709799999999998 ]
609:(49,2,3,48,2,2,0) [ 9.1634 ]
610:(50,2,1,48,2,2,0) [ 8.1718 ]
611:(51,2,0,48,2,2,0) [ 7.718200000000001 ]
612:(50,2,2,49,1,1,0) [ 8.6318 ]
613:(49,2,3,49,1,1,0) [ 9.096400000000001 ]
614:(52,2,0,49,1,1,0) [ 7.7026 ]
615:(51,2,1,49,1,1,0) [ 8.1672 ]
616:(51,2,1,50,0,0,0) [ 8.0782 ]
617:(50,2,2,50,0,0,0) [ 8.553799999999999 ]
618:(52,2,0,50,0,0,0) [ 7.602600000000001 ]
619:(27,2,1,3,46,47,1) [ 49360.1356 ]
620:(28,2,2,8,41,42,1) [ 44109.873 ]
621:(27,2,3,8,41,42,1) [ 44109.8866 ]
622:(28,2,3,9,40,41,1) [ 43059.904 ]
623:(29,2,2,9,40,41,1) [ 43059.8794 ]
624:(29,2,5,14,35,36,1) [ 37809.9814 ]
625:(29,2,6,15,34,35,1) [ 36760.1114 ]
626:(33,2,5,20,29,30,1) [ 31510.049000000003 ]
627:(32,2,8,22,27,28,1) [ 29410.6306 ]
628:(32,2,9,23,26,27,1) [ 28360.881599999997 ]
629:(32,2,10,24,25,26,1) [ 27311.1546 ]
630:(36,2,8,29,20,21,1) [ 22060.8842 ]
631:(36,2,7,29,20,21,1) [ 22060.5552 ]
632:(37,2,8,32,17,18,1) [ 18910.9326 ]
633:(40,2,6,32,18,18,0) [ 10.561800000000002 ]
634:(42,2,5,36,14,14,0) [ 10.1886 ]
635:(44,2,4,37,13,13,0) [ 9.8954 ]
636:(44,2,5,38,12,12,0) [ 10.267399999999999 ]
637:(44,2,6,39,11,11,0) [ 10.661399999999999 ]
638:(45,2,5,39,11,11,0) [ 10.306799999999999 ]
639:(45,2,4,39,11,11,0) [ 9.8678 ]
640:(45,2,5,40,10,10,0) [ 10.261800000000001 ]
641:(45,2,6,41,9,9,0) [ 10.6778 ]
642:(51,2,2,46,4,4,0) [ 8.9502 ]
643:(51,2,2,47,3,3,0) [ 8.872200000000001 ]
644:(51,2,1,47,3,3,0) [ 8.345200000000002 ]
645:(51,2,2,48,2,2,0) [ 8.7942 ]
646:(51,2,1,48,2,2,0) [ 8.2562 ]
647:(51,2,2,50,0,0,0) [ 8.638200000000001 ]
648:(23,2,3,3,47,47,0) [ 9.984000000000002 ]
649:(31,2,9,29,20,21,1) [ 22060.7912 ]
650:(37,2,7,32,18,18,0) [ 10.6706 ]
651:(37,2,7,33,17,17,0) [ 10.6476 ]
652:(47,2,4,43,7,7,0) [ 9.8126 ]
653:(47,2,4,47,3,3,0) [ 9.5886 ]
654:(48,2,4,47,3,3,0) [ 9.673000000000002 ]
655:(47,2,4,48,2,2,0) [ 9.532599999999999 ]
656:(48,2,4,49,1,1,0) [ 9.560999999999998 ]
657:(49,2,3,50,0,0,0) [ 9.0294 ]
658:(26,2,3,6,43,44,1) [ 46209.936200000004 ]
659:(28,2,5,13,36,37,1) [ 38859.941999999995 ]
660:(28,2,6,14,35,36,1) [ 37810.061 ]
661:(36,2,9,32,17,18,1) [ 18911.2102 ]
662:(49,2,4,49,1,1,0) [ 9.6454 ]
663:(20,2,0,0,50,50,0) [ 9.9018 TARGET ]
664:(20,2,1,0,50,50,0) [ 9.9118 TARGET ]
665:(20,2,1,1,49,49,0) [ 9.8228 ]
666:(20,2,2,1,49,49,0) [ 9.843800000000002 ]
667:(20,2,2,2,48,48,0) [ 9.7658 ]
668:(20,2,3,2,48,48,0) [ 9.7978 ]
669:(21,2,1,2,48,48,0) [ 9.818200000000001 ]
670:(21,2,0,2,48,48,0) [ 9.786200000000001 ]
671:(21,2,1,3,47,47,0) [ 9.729199999999999 ]
672:(21,2,2,3,47,47,0) [ 9.772200000000002 ]
673:(22,2,0,3,47,47,0) [ 9.7706 ]
674:(22,2,1,4,46,46,0) [ 9.7246 ]
675:(22,2,2,4,46,46,0) [ 9.7786 ]
676:(22,2,1,3,46,47,1) [ 49359.713599999995 ]
677:(22,2,2,3,46,47,1) [ 49359.7566 ]
678:(22,2,2,4,45,46,1) [ 48309.6786 ]
679:(22,2,3,4,45,46,1) [ 48309.7326 ]
680:(22,2,1,4,45,46,1) [ 48309.6246 ]
681:(22,2,0,4,45,46,1) [ 48309.5706 ]
682:(22,2,1,5,44,45,1) [ 47259.5356 ]
683:(22,2,2,5,44,45,1) [ 47259.6006 ]
684:(22,2,0,5,44,45,1) [ 47259.4706 ]
685:(23,2,1,6,43,44,1) [ 46209.531 ]
686:(23,2,2,6,43,44,1) [ 46209.607 ]
687:(23,2,0,6,43,44,1) [ 46209.455 ]
688:(23,2,1,7,42,43,1) [ 45159.441999999995 ]
689:(23,2,2,7,42,43,1) [ 45159.528999999995 ]
690:(23,2,2,8,41,42,1) [ 44109.451 ]
691:(23,2,3,8,41,42,1) [ 44109.549 ]
692:(23,2,3,9,40,41,1) [ 43059.482 ]
693:(23,2,4,9,40,41,1) [ 43059.591 ]
694:(24,2,2,9,40,41,1) [ 43059.4574 ]
695:(24,2,1,9,40,41,1) [ 43059.3484 ]
696:(24,2,2,10,39,40,1) [ 42009.3794 ]
697:(24,2,3,10,39,40,1) [ 42009.4994 ]
698:(24,2,1,10,39,40,1) [ 42009.2594 ]
699:(25,2,0,10,39,40,1) [ 42009.2238 ]
700:(25,2,1,11,38,39,1) [ 40959.2548 ]
701:(25,2,2,11,38,39,1) [ 40959.385800000004 ]
702:(25,2,2,12,37,38,1) [ 39909.307799999995 ]
703:(25,2,3,12,37,38,1) [ 39909.449799999995 ]
704:(25,2,3,13,36,37,1) [ 38859.3828 ]
705:(25,2,4,13,36,37,1) [ 38859.5358 ]
706:(25,2,4,14,35,36,1) [ 37809.4798 ]
707:(25,2,5,14,35,36,1) [ 37809.6438 ]
708:(25,2,5,15,34,35,1) [ 36759.5988 ]
709:(25,2,6,15,34,35,1) [ 36759.7738 ]
710:(26,2,4,15,34,35,1) [ 36759.508200000004 ]
711:(26,2,3,15,34,35,1) [ 36759.3332 ]
712:(26,2,2,15,34,35,1) [ 36759.1582 ]
713:(26,2,3,16,33,34,1) [ 35709.266200000005 ]
714:(26,2,4,16,33,34,1) [ 35709.4522 ]
715:(26,2,4,17,32,33,1) [ 34659.396199999996 ]
716:(26,2,5,17,32,33,1) [ 34659.593199999996 ]
717:(26,2,5,18,31,32,1) [ 33609.5482 ]
718:(26,2,6,18,31,32,1) [ 33609.756199999996 ]
719:(27,2,4,18,31,32,1) [ 33609.4246 ]
720:(27,2,5,19,30,31,1) [ 32559.5876 ]
721:(27,2,6,19,30,31,1) [ 32559.8066 ]
722:(28,2,4,19,30,31,1) [ 32559.453 ]
723:(28,2,5,20,29,30,1) [ 31509.627 ]
724:(28,2,6,20,29,30,1) [ 31509.857 ]
725:(28,2,6,21,28,29,1) [ 30459.823 ]
726:(28,2,7,21,28,29,1) [ 30460.064 ]
727:(28,2,7,22,27,28,1) [ 29410.041 ]
728:(28,2,8,22,27,28,1) [ 29410.293 ]
729:(28,2,8,23,26,27,1) [ 28360.281 ]
730:(28,2,9,23,26,27,1) [ 28360.543999999998 ]
731:(28,2,9,24,25,26,1) [ 27310.543 ]
732:(28,2,10,24,25,26,1) [ 27310.817 ]
733:(28,2,8,24,25,26,1) [ 27310.269 ]
734:(29,2,7,24,25,26,1) [ 27310.0794 ]
735:(29,2,6,24,25,26,1) [ 27309.8054 ]
736:(29,2,7,25,24,25,1) [ 26260.0564 ]
737:(29,2,8,25,24,25,1) [ 26260.3414 ]
738:(29,2,8,26,23,24,1) [ 25210.3294 ]
739:(29,2,9,26,23,24,1) [ 25210.6254 ]
740:(30,2,7,26,23,24,1) [ 25210.1178 ]
741:(30,2,8,27,22,23,1) [ 24160.4018 ]
742:(30,2,9,27,22,23,1) [ 24160.7088 ]
743:(30,2,9,28,21,22,1) [ 23110.7078 ]
744:(30,2,10,28,21,22,1) [ 23111.0258 ]
745:(30,2,8,28,21,22,1) [ 23110.389799999997 ]
746:(31,2,7,28,21,22,1) [ 23110.156199999998 ]
747:(30,2,7,29,20,21,1) [ 22060.0488 ]
748:(30,2,8,29,20,21,1) [ 22060.3778 ]
749:(31,2,6,29,20,21,1) [ 22059.8042 ]
750:(31,2,7,30,19,20,1) [ 21010.110200000003 ]
751:(31,2,8,30,19,20,1) [ 21010.450200000003 ]
752:(32,2,6,30,19,20,1) [ 21009.854600000002 ]
753:(32,2,7,31,18,19,1) [ 19960.171599999998 ]
754:(32,2,8,31,18,19,1) [ 19960.5226 ]
755:(33,2,6,31,18,19,1) [ 19959.905 ]
756:(33,2,7,32,17,18,1) [ 18910.233 ]
757:(33,2,8,32,17,18,1) [ 18910.595 ]
758:(34,2,6,32,17,18,1) [ 18909.9554 ]
759:(36,2,5,32,17,18,1) [ 18909.7622 ]
760:(36,2,5,32,18,18,0) [ 9.862200000000001 ]
761:(36,2,6,32,18,18,0) [ 10.2242 ]
762:(36,2,4,32,18,18,0) [ 9.5002 ]
763:(36,2,5,33,17,17,0) [ 9.8172 ]
764:(36,2,6,33,17,17,0) [ 10.1902 ]
765:(36,2,6,34,16,16,0) [ 10.1562 ]
766:(36,2,7,34,16,16,0) [ 10.5402 ]
767:(36,2,7,35,15,15,0) [ 10.517199999999999 ]
768:(36,2,8,35,15,15,0) [ 10.912199999999999 ]
769:(36,2,6,35,15,15,0) [ 10.1222 ]
770:(37,2,5,35,15,15,0) [ 9.811599999999999 ]
771:(37,2,6,36,14,14,0) [ 10.172600000000001 ]
772:(37,2,7,36,14,14,0) [ 10.5786 ]
773:(37,2,5,36,14,14,0) [ 9.7666 ]
774:(37,2,6,37,13,13,0) [ 10.1386 ]
775:(37,2,7,37,13,13,0) [ 10.555600000000002 ]
776:(38,2,5,37,13,13,0) [ 9.806000000000001 ]
777:(39,2,4,37,13,13,0) [ 9.473400000000002 ]
778:(39,2,5,38,12,12,0) [ 9.845399999999998 ]
779:(39,2,6,38,12,12,0) [ 10.273399999999999 ]
780:(39,2,6,39,11,11,0) [ 10.239400000000002 ]
781:(39,2,7,39,11,11,0) [ 10.6784 ]
782:(40,2,5,39,11,11,0) [ 9.8848 ]
783:(40,2,4,39,11,11,0) [ 9.4458 ]
784:(40,2,5,40,10,10,0) [ 9.8398 ]
785:(40,2,6,40,10,10,0) [ 10.2898 ]
786:(40,2,6,41,9,9,0) [ 10.2558 ]
787:(40,2,7,41,9,9,0) [ 10.716800000000001 ]
788:(40,2,5,41,9,9,0) [ 9.7948 ]
789:(41,2,4,41,9,9,0) [ 9.4182 ]
790:(42,2,3,41,9,9,0) [ 9.0416 ]
791:(42,2,4,42,8,8,0) [ 9.4466 ]
792:(42,2,5,42,8,8,0) [ 9.918600000000001 ]
793:(43,2,3,42,8,8,0) [ 9.059000000000001 ]
794:(44,2,2,42,8,8,0) [ 8.6714 ]
795:(45,2,1,42,8,8,0) [ 8.2838 ]
796:(45,2,2,43,7,7,0) [ 8.6778 ]
797:(45,2,3,43,7,7,0) [ 9.160799999999998 ]
798:(45,2,1,43,7,7,0) [ 8.194799999999999 ]
799:(45,2,1,42,7,8,1) [ 8408.1838 ]
800:(45,2,2,42,7,8,1) [ 8408.6558 ]
801:(45,2,2,43,6,7,1) [ 7358.5778 ]
802:(45,2,3,43,6,7,1) [ 7359.0608 ]
803:(45,2,3,44,5,6,1) [ 6308.9938 ]
804:(45,2,4,44,5,6,1) [ 6309.4878 ]
805:(45,2,4,45,4,5,1) [ 5259.431799999999 ]
806:(45,2,5,45,4,5,1) [ 5259.9367999999995 ]
807:(45,2,3,45,4,5,1) [ 5258.926799999999 ]
808:(46,2,2,45,4,5,1) [ 5258.5062 ]
809:(46,2,3,46,3,4,1) [ 4208.9442 ]
810:(46,2,4,46,3,4,1) [ 4209.4602 ]
811:(46,2,2,46,3,4,1) [ 4208.4282 ]
812:(46,2,2,46,4,4,0) [ 8.5282 ]
813:(46,2,3,46,4,4,0) [ 9.044200000000002 ]
814:(46,2,1,46,4,4,0) [ 8.0122 ]
815:(46,2,2,47,3,3,0) [ 8.450200000000002 ]
816:(46,2,3,47,3,3,0) [ 8.9772 ]
817:(46,2,1,47,3,3,0) [ 7.9232000000000005 ]
818:(46,2,2,48,2,2,0) [ 8.3722 ]
819:(46,2,3,48,2,2,0) [ 8.9102 ]
820:(46,2,1,48,2,2,0) [ 7.834200000000001 ]
821:(47,2,0,48,2,2,0) [ 7.3806 ]
822:(46,2,2,49,1,1,0) [ 8.2942 ]
823:(46,2,3,49,1,1,0) [ 8.843200000000001 ]
824:(46,2,1,49,1,1,0) [ 7.7452 ]
825:(47,2,0,49,1,1,0) [ 7.2806 ]
826:(47,2,1,50,0,0,0) [ 7.740600000000001 ]
827:(47,2,2,50,0,0,0) [ 8.3006 ]
828:(48,2,0,50,0,0,0) [ 7.265 ]
829:(27,2,8,22,27,28,1) [ 29410.2086 ]
830:(27,2,9,23,26,27,1) [ 28360.4596 ]
831:(35,2,5,32,18,18,0) [ 9.7778 ]
832:(35,2,6,33,17,17,0) [ 10.105799999999999 ]
833:(35,2,7,34,16,16,0) [ 10.455799999999998 ]
834:(36,2,6,36,14,14,0) [ 10.088200000000002 ]
835:(36,2,7,37,13,13,0) [ 10.4712 ]
836:(39,2,7,41,9,9,0) [ 10.6324 ]
837:(45,2,1,46,4,4,0) [ 7.9278 ]
838:(45,2,2,47,3,3,0) [ 8.3658 ]
839:(27,2,9,22,27,28,1) [ 29410.460600000002 ]
840:(45,2,4,43,7,7,0) [ 9.643799999999999 ]
841:(46,2,4,46,4,4,0) [ 9.5602 ]
842:(49,2,0,49,0,1,1) [ 1057.3494 ]
843:(48,2,0,49,0,1,1) [ 1057.265 ]
844:(47,2,5,48,2,2,0) [ 10.070599999999999 ]
845:(46,2,5,47,3,3,0) [ 10.031200000000002 ]
846:(46,2,3,45,5,5,0) [ 9.1112 ]
847:(46,2,2,44,6,6,0) [ 8.684199999999999 ]
848:(44,2,4,41,8,9,1) [ 9459.571399999999 ]
849:(43,2,5,41,8,9,1) [ 9459.947999999999 ]
850:(43,2,4,40,9,10,1) [ 10509.543 ]
851:(43,2,3,39,10,11,1) [ 11559.16 ]
852:(42,2,4,39,10,11,1) [ 11559.5146 ]
853:(42,2,3,38,11,12,1) [ 12609.142600000001 ]
854:(42,2,4,38,11,12,1) [ 12609.570600000001 ]
855:(41,2,5,38,11,12,1) [ 12609.914200000001 ]
856:(41,2,6,38,11,12,1) [ 12610.342200000001 ]
857:(41,2,5,37,12,13,1) [ 13659.959200000001 ]
858:(41,2,4,36,13,14,1) [ 14709.598199999999 ]
859:(41,2,3,35,14,15,1) [ 15759.2592 ]
860:(41,2,4,35,14,15,1) [ 15759.654199999999 ]
861:(40,2,5,35,14,15,1) [ 15759.9648 ]
862:(40,2,4,34,15,16,1) [ 16809.6258 ]
863:(40,2,3,33,16,17,1) [ 17859.3088 ]
864:(40,2,4,33,16,17,1) [ 17859.6818 ]
865:(40,2,3,32,17,18,1) [ 18909.3758 ]
866:(40,2,2,31,18,19,1) [ 19959.0918 ]
867:(40,2,1,30,19,20,1) [ 21008.829800000003 ]
868:(40,2,0,29,20,21,1) [ 22058.5898 ]
869:(40,2,1,29,20,21,1) [ 22058.9188 ]
870:(40,2,0,28,21,22,1) [ 23108.6898 ]
871:(39,2,0,28,21,22,1) [ 23108.605399999997 ]
872:(39,2,1,28,21,22,1) [ 23108.9234 ]
873:(38,2,2,28,21,22,1) [ 23109.157 ]
874:(38,2,1,27,22,23,1) [ 24158.928 ]
875:(38,2,0,26,23,24,1) [ 25208.720999999998 ]
876:(39,2,0,26,23,24,1) [ 25208.805399999997 ]
877:(38,2,1,26,23,24,1) [ 25209.017 ]
878:(38,2,0,25,24,25,1) [ 26258.821 ]
879:(38,2,1,25,24,25,1) [ 26259.106 ]
880:(38,2,0,24,25,26,1) [ 27308.921 ]
881:(37,2,1,24,25,26,1) [ 27309.1106 ]
882:(37,2,2,24,25,26,1) [ 27309.3846 ]
883:(37,2,1,23,26,27,1) [ 28359.1996 ]
884:(37,2,2,23,26,27,1) [ 28359.4626 ]
885:(37,2,1,22,27,28,1) [ 29409.2886 ]
886:(36,2,2,22,27,28,1) [ 29409.4562 ]
887:(36,2,1,21,28,29,1) [ 30459.2932 ]
888:(35,2,2,21,28,29,1) [ 30459.4498 ]
889:(35,2,3,21,28,29,1) [ 30459.6908 ]
890:(34,2,4,21,28,29,1) [ 30459.8474 ]
891:(34,2,3,20,29,30,1) [ 31509.6734 ]
892:(34,2,4,20,29,30,1) [ 31509.903400000003 ]
893:(33,2,6,20,29,30,1) [ 31510.279000000002 ]
894:(33,2,5,19,30,31,1) [ 32560.094 ]
895:(33,2,4,18,31,32,1) [ 33609.931 ]
896:(33,2,5,18,31,32,1) [ 33610.138999999996 ]
897:(33,2,6,18,31,32,1) [ 33610.347 ]
898:(32,2,7,18,31,32,1) [ 33610.4706 ]
899:(32,2,6,17,32,33,1) [ 34660.296599999994 ]
900:(32,2,5,16,33,34,1) [ 35710.1446 ]
901:(33,2,4,16,33,34,1) [ 35710.043000000005 ]
902:(32,2,4,15,34,35,1) [ 36760.0146 ]
903:(32,2,3,14,35,36,1) [ 37809.9066 ]
904:(32,2,4,14,35,36,1) [ 37810.0706 ]
905:(32,2,3,13,36,37,1) [ 38859.9736 ]
906:(32,2,2,12,37,38,1) [ 39909.8986 ]
907:(32,2,1,11,38,39,1) [ 40959.8456 ]
908:(32,2,0,10,39,40,1) [ 42009.8146 ]
909:(31,2,1,10,39,40,1) [ 42009.8502 ]
910:(31,2,2,10,39,40,1) [ 42009.9702 ]
911:(30,2,3,10,39,40,1) [ 42010.0058 ]
912:(30,2,2,9,40,41,1) [ 43059.9638 ]
913:(30,2,1,8,41,42,1) [ 44109.9438 ]
914:(30,2,1,9,41,41,0) [ 9.9548 ]
915:(30,2,0,8,42,42,0) [ 9.9458 ]
916:(30,2,1,8,42,42,0) [ 10.043800000000001 ]
917:(30,2,0,7,43,43,0) [ 10.0458 ]
918:(29,2,1,7,43,43,0) [ 10.0484 ]
919:(29,2,2,7,43,43,0) [ 10.1354 ]
920:(29,2,1,6,44,44,0) [ 10.1374 ]
921:(28,2,2,6,44,44,0) [ 10.129000000000001 ]
922:(28,2,1,5,45,45,0) [ 10.142 ]
923:(28,2,0,4,46,46,0) [ 10.177 ]
924:(28,2,0,4,45,46,1) [ 48310.077 ]
925:(28,2,1,4,45,46,1) [ 48310.131 ]
926:(28,2,0,3,46,47,1) [ 49360.176999999996 ]
927:(28,2,1,3,46,47,1) [ 49360.22 ]
928:(27,2,0,2,47,48,1) [ 50410.192599999995 ]
929:(27,2,1,2,47,48,1) [ 50410.224599999994 ]
930:(26,2,2,2,47,48,1) [ 50410.17219999999 ]
931:(26,2,1,1,48,49,1) [ 51460.2292 ]
932:(27,2,1,1,48,49,1) [ 51460.3136 ]
933:(26,2,2,1,48,49,1) [ 51460.2502 ]
934:(26,2,3,1,48,49,1) [ 51460.2712 ]
935:(26,2,4,1,48,49,1) [ 51460.2922 ]
936:(26,2,3,0,49,50,1) [ 52510.3382 TARGET ]
937:(27,2,2,1,48,49,1) [ 51460.3346 ]
938:(28,2,1,2,47,48,1) [ 50410.308999999994 ]
939:(29,2,1,3,46,47,1) [ 49360.3044 ]
940:(29,2,0,3,46,47,1) [ 49360.261399999996 ]
941:(29,2,1,4,45,46,1) [ 48310.2154 ]
942:(31,2,1,8,41,42,1) [ 44110.0282 ]
943:(30,2,2,8,41,42,1) [ 44110.0418 ]
944:(30,2,3,9,40,41,1) [ 43060.0728 ]
945:(29,2,3,10,39,40,1) [ 42009.9214 ]
946:(30,2,4,10,39,40,1) [ 42010.1258 ]
947:(32,2,4,13,36,37,1) [ 38860.126599999996 ]
948:(32,2,5,14,35,36,1) [ 37810.2346 ]
949:(33,2,3,14,35,36,1) [ 37809.991 ]
950:(33,2,4,15,34,35,1) [ 36760.099 ]
951:(33,2,5,16,33,34,1) [ 35710.229 ]
952:(31,2,6,16,33,34,1) [ 35710.2462 ]
953:(33,2,6,17,32,33,1) [ 34660.380999999994 ]
954:(31,2,7,17,32,33,1) [ 34660.409199999995 ]
955:(33,2,7,18,31,32,1) [ 33610.555 ]
956:(31,2,8,18,31,32,1) [ 33610.5942 ]
957:(34,2,6,18,31,32,1) [ 33610.4314 ]
958:(34,2,6,20,29,30,1) [ 31510.363400000002 ]
959:(47,2,2,44,6,6,0) [ 8.768600000000001 ]
960:(47,2,3,45,5,5,0) [ 9.1956 ]
961:(46,2,4,45,5,5,0) [ 9.6162 ]
962:(48,2,5,48,2,2,0) [ 10.154999999999998 ]
963:(48,2,1,49,0,1,1) [ 1057.814 ]
964:(47,2,2,49,0,1,1) [ 1058.2786 ]
965:(45,2,0,45,5,5,0) [ 7.5118 ]
966:(44,2,1,45,5,5,0) [ 7.9323999999999995 ]
967:(44,2,0,44,6,6,0) [ 7.5274 ]
968:(44,2,1,44,6,6,0) [ 8.0214 ]
969:(44,2,0,43,7,7,0) [ 7.627400000000001 ]
970:(43,2,1,43,7,7,0) [ 8.026 ]
971:(43,2,0,42,8,8,0) [ 7.643 ]
972:(43,2,1,42,8,8,0) [ 8.115 ]
973:(43,2,0,41,9,9,0) [ 7.743 ]
974:(43,2,1,41,9,9,0) [ 8.203999999999999 ]
975:(42,2,2,41,9,9,0) [ 8.5806 ]
976:(38,2,8,41,9,9,0) [ 11.009 ]
977:(37,2,9,41,9,9,0) [ 11.385599999999998 ]
978:(37,2,10,41,9,9,0) [ 11.8466 ]
979:(37,2,9,40,10,10,0) [ 11.3866 ]
980:(37,2,8,39,11,11,0) [ 10.9486 ]
981:(37,2,7,38,12,12,0) [ 10.532599999999999 ]
982:(36,2,8,38,12,12,0) [ 10.8762 ]
983:(37,2,4,35,15,15,0) [ 9.416599999999999 ]
984:(36,2,5,34,16,16,0) [ 9.7722 ]
985:(34,2,6,32,18,18,0) [ 10.055400000000002 ]
986:(34,2,5,31,19,19,0) [ 9.7384 ]
987:(35,2,5,31,19,19,0) [ 9.822799999999999 ]
988:(34,2,6,31,19,19,0) [ 10.0894 ]
989:(34,2,7,31,19,19,0) [ 10.4404 ]
990:(34,2,6,30,20,20,0) [ 10.1234 ]
991:(34,2,5,29,20,21,1) [ 22059.7284 ]
992:(34,2,4,28,21,22,1) [ 23109.4554 ]
993:(34,2,5,28,21,22,1) [ 23109.7734 ]
994:(33,2,5,28,21,22,1) [ 23109.689 ]
995:(33,2,4,27,22,23,1) [ 24159.427 ]
996:(32,2,5,27,22,23,1) [ 24159.6496 ]
997:(32,2,6,27,22,23,1) [ 24159.9566 ]
998:(32,2,5,26,23,24,1) [ 25209.6946 ]
999:(32,2,4,25,24,25,1) [ 26259.4546 ]
1000:(32,2,3,24,25,26,1) [ 27309.2366 ]
1001:(31,2,4,24,25,26,1) [ 27309.4262 ]
1002:(31,2,3,23,26,27,1) [ 28359.2192 ]
1003:(30,2,4,23,26,27,1) [ 28359.3978 ]
1004:(29,2,5,23,26,27,1) [ 28359.576399999998 ]
1005:(29,2,6,23,26,27,1) [ 28359.839399999997 ]
1006:(28,2,7,23,26,27,1) [ 28360.018 ]
1007:(27,2,10,22,27,28,1) [ 29410.7126 ]
1008:(26,2,11,22,27,28,1) [ 29410.8802 ]
1009:(26,2,10,21,28,29,1) [ 30460.6182 ]
1010:(26,2,9,20,29,30,1) [ 31510.378200000003 ]
1011:(26,2,10,20,29,30,1) [ 31510.608200000002 ]
1012:(25,2,11,20,29,30,1) [ 31510.753800000002 ]
1013:(25,2,10,19,30,31,1) [ 32560.5138 ]
1014:(24,2,11,19,30,31,1) [ 32560.6484 ]
1015:(24,2,12,19,30,31,1) [ 32560.8674 ]
1016:(24,2,11,18,31,32,1) [ 33610.6274 ]
1017:(24,2,12,18,31,32,1) [ 33610.835399999996 ]
1018:(23,2,13,18,31,32,1) [ 33610.958999999995 ]
1019:(22,2,14,18,31,32,1) [ 33611.0826 ]
1020:(22,2,13,17,32,33,1) [ 34660.8316 ]
1021:(21,2,14,17,32,33,1) [ 34660.9442 ]
1022:(21,2,13,16,33,34,1) [ 35710.7042 ]
1023:(21,2,14,16,33,34,1) [ 35710.8902 ]
1024:(21,2,13,15,34,35,1) [ 36760.6612 ]
1025:(21,2,14,15,34,35,1) [ 36760.8362 ]
1026:(21,2,13,14,35,36,1) [ 37810.6182 ]
1027:(20,2,14,14,35,36,1) [ 37810.6978 ]
1028:(20,2,13,13,36,37,1) [ 38860.4908 ]
1029:(20,2,14,13,36,37,1) [ 38860.6438 ]
1030:(20,2,13,12,37,38,1) [ 39910.447799999994 ]
1031:(20,2,12,11,38,39,1) [ 40960.2738 ]
1032:(20,2,11,10,39,40,1) [ 42010.1218 ]
1033:(20,2,10,9,40,41,1) [ 43059.9918 ]
1034:(19,2,11,9,40,41,1) [ 43060.0164 ]
1035:(19,2,10,8,41,42,1) [ 44109.8974 ]
1036:(19,2,11,8,41,42,1) [ 44109.9954 ]
1037:(19,2,10,7,42,43,1) [ 45159.8874 ]
1038:(19,2,9,6,43,44,1) [ 46209.801400000004 ]
1039:(18,2,10,6,43,44,1) [ 46209.793000000005 ]
1040:(18,2,9,5,44,45,1) [ 47259.718 ]
1041:(17,2,10,5,44,45,1) [ 47259.6986 ]
1042:(17,2,9,4,45,46,1) [ 48309.6346 ]
1043:(17,2,10,4,45,46,1) [ 48309.6886 ]
1044:(17,2,11,4,45,46,1) [ 48309.7426 ]
1045:(17,2,10,3,46,47,1) [ 49359.6786 ]
1046:(16,2,11,3,46,47,1) [ 49359.6372 ]
1047:(16,2,10,2,47,48,1) [ 50409.5842 ]
1048:(15,2,11,2,47,48,1) [ 50409.5318 ]
1049:(15,2,10,1,48,49,1) [ 51459.4898 ]
1050:(15,2,9,0,49,50,1) [ 52509.4698 TARGET ]
1051:(49,2,5,49,1,1,0) [ 10.1944 ]
1052:(48,2,6,49,1,1,0) [ 10.658999999999999 ]
1053:(48,2,2,45,5,5,0) [ 8.774999999999999 ]
1054:(44,2,2,41,9,9,0) [ 8.7494 ]
1055:(44,2,2,40,10,10,0) [ 8.8274 ]
1056:(44,2,1,39,11,11,0) [ 8.4664 ]
1057:(44,2,0,38,12,12,0) [ 8.127400000000002 ]
1058:(43,2,1,38,12,12,0) [ 8.471 ]
1059:(42,2,2,38,12,12,0) [ 8.8146 ]
1060:(42,2,1,37,13,13,0) [ 8.4756 ]
1061:(42,2,2,37,13,13,0) [ 8.8926 ]
1062:(42,2,1,36,14,14,0) [ 8.5646 ]
1063:(42,2,0,35,15,15,0) [ 8.2586 ]
1064:(42,2,1,35,15,15,0) [ 8.653599999999999 ]
1065:(42,2,0,34,16,16,0) [ 8.3586 ]
1066:(41,2,1,34,16,16,0) [ 8.6582 ]
1067:(40,2,2,34,16,16,0) [ 8.9578 ]
1068:(40,2,3,34,16,16,0) [ 9.341800000000001 ]
1069:(40,2,2,33,17,17,0) [ 9.0358 ]
1070:(39,2,3,33,17,17,0) [ 9.3244 ]
1071:(39,2,2,32,18,18,0) [ 9.0294 ]
1072:(39,2,1,31,19,19,0) [ 8.7564 ]
1073:(39,2,0,30,20,20,0) [ 8.5054 ]
1074:(39,2,0,30,19,20,1) [ 21008.4054 ]
1075:(38,2,1,30,19,20,1) [ 21008.661 ]
1076:(38,2,1,31,19,19,0) [ 8.672 ]
1077:(38,2,0,30,20,20,0) [ 8.421 ]
1078:(37,2,1,30,20,20,0) [ 8.6766 ]
1079:(37,2,2,30,20,20,0) [ 9.0166 ]
1080:(37,2,3,30,20,20,0) [ 9.3566 ]
1081:(36,2,4,30,20,20,0) [ 9.612200000000001 ]
1082:(36,2,5,30,20,20,0) [ 9.952200000000001 ]
1083:(36,2,4,29,21,21,0) [ 9.6682 ]
1084:(35,2,5,29,21,21,0) [ 9.9128 ]
1085:(35,2,4,28,22,22,0) [ 9.639800000000001 ]
1086:(34,2,4,28,22,22,0) [ 9.5554 ]
1087:(34,2,3,27,23,23,0) [ 9.304400000000001 ]
1088:(34,2,2,26,24,24,0) [ 9.0754 ]
1089:(34,2,1,25,25,25,0) [ 8.8684 ]
1090:(34,2,0,24,26,26,0) [ 8.6834 ]
1091:(34,2,1,24,26,26,0) [ 8.9574 ]
1092:(34,2,0,23,27,27,0) [ 8.7834 ]
1093:(33,2,1,23,27,27,0) [ 8.962 ]
1094:(33,2,0,22,28,28,0) [ 8.799000000000001 ]
1095:(33,2,1,22,28,28,0) [ 9.051 ]
1096:(34,2,1,22,28,28,0) [ 9.1354 ]
1097:(34,2,2,22,28,28,0) [ 9.387400000000001 ]
1098:(33,2,3,22,28,28,0) [ 9.555 ]
1099:(33,2,4,22,28,28,0) [ 9.807 ]
1100:(32,2,5,22,28,28,0) [ 9.9746 ]
1101:(32,2,4,21,29,29,0) [ 9.7786 ]
1102:(32,2,3,20,30,30,0) [ 9.6046 ]
1103:(31,2,4,20,30,30,0) [ 9.7502 ]
1104:(30,2,5,20,30,30,0) [ 9.8958 ]
1105:(30,2,4,19,31,31,0) [ 9.7218 ]
1106:(30,2,5,19,31,31,0) [ 9.9408 ]
1107:(29,2,6,19,31,31,0) [ 10.0754 ]
1108:(29,2,5,18,32,32,0) [ 9.901399999999999 ]
1109:(29,2,4,17,33,33,0) [ 9.7494 ]
1110:(28,2,5,17,33,33,0) [ 9.862 ]
1111:(28,2,4,16,34,34,0) [ 9.721 ]
1112:(28,2,3,15,35,35,0) [ 9.602 ]
1113:(27,2,4,15,35,35,0) [ 9.6926 ]
1114:(27,2,3,14,36,36,0) [ 9.5846 ]
1115:(27,2,2,13,37,37,0) [ 9.4986 ]
1116:(26,2,3,13,37,37,0) [ 9.5672 ]
1117:(26,2,4,13,37,37,0) [ 9.720200000000002 ]
1118:(26,2,5,13,37,37,0) [ 9.8732 ]
1119:(26,2,4,12,38,38,0) [ 9.776200000000001 ]
1120:(26,2,5,12,38,38,0) [ 9.9182 ]
1121:(26,2,4,11,39,39,0) [ 9.8322 ]
1122:(26,2,3,10,40,40,0) [ 9.7682 ]
1123:(26,2,4,10,40,40,0) [ 9.888200000000001 ]
1124:(26,2,5,10,40,40,0) [ 10.0082 ]
1125:(26,2,4,9,41,41,0) [ 9.944200000000002 ]
1126:(26,2,5,9,41,41,0) [ 10.0532 ]
1127:(26,2,4,8,42,42,0) [ 10.0002 ]
1128:(26,2,3,7,43,43,0) [ 9.9692 ]
1129:(25,2,4,7,43,43,0) [ 9.971799999999998 ]
1130:(25,2,5,7,43,43,0) [ 10.058799999999998 ]
1131:(25,2,4,6,44,44,0) [ 10.0278 ]
1132:(24,2,5,6,44,44,0) [ 10.019400000000001 ]
1133:(23,2,6,6,44,44,0) [ 10.011 ]
1134:(23,2,5,5,45,45,0) [ 9.98 ]
1135:(23,2,4,4,46,46,0) [ 9.971 ]
1136:(22,2,4,3,47,47,0) [ 9.942599999999999 ]
1137:(23,2,4,3,47,47,0) [ 10.027000000000001 ]
1138:(41,2,3,34,16,16,0) [ 9.4262 ]
1139:(40,2,4,34,16,16,0) [ 9.725800000000001 ]
1140:(42,2,1,34,16,16,0) [ 8.7426 ]
1141:(42,2,2,35,15,15,0) [ 9.0486 ]
1142:(43,2,1,36,14,14,0) [ 8.649 ]
1143:(43,2,2,37,13,13,0) [ 8.977 ]
1144:(43,2,1,37,13,13,0) [ 8.56 ]
1145:(44,2,1,38,12,12,0) [ 8.555399999999999 ]
1146:(45,2,1,39,11,11,0) [ 8.5508 ]
1147:(44,2,2,39,11,11,0) [ 8.9054 ]
1148:(44,2,3,40,10,10,0) [ 9.2774 ]
1149:(48,2,2,44,6,6,0) [ 8.853 ]
1150:(47,2,2,45,5,5,0) [ 8.6906 ]
1151:(48,2,0,48,1,2,1) [ 2107.365 ]
1152:(48,2,1,48,1,2,1) [ 2107.903 ]
1153:(48,2,0,47,2,3,1) [ 3157.4649999999997 ]
1154:(49,2,0,47,2,3,1) [ 3157.5494 ]
1155:(48,2,0,45,5,5,0) [ 7.765 ]
1156:(48,2,1,45,5,5,0) [ 8.27 ]
1157:(47,2,0,42,8,8,0) [ 7.9806 ]
1158:(46,2,1,41,9,9,0) [ 8.4572 ]
1159:(46,2,2,41,9,9,0) [ 8.9182 ]
1160:(46,2,1,40,10,10,0) [ 8.546199999999999 ]
1161:(46,2,0,39,11,11,0) [ 8.196200000000001 ]
1162:(44,2,0,37,13,13,0) [ 8.227400000000001 ]
1163:(44,2,1,37,13,13,0) [ 8.6444 ]
1164:(44,2,0,36,14,14,0) [ 8.3274 ]
1165:(44,2,1,36,14,14,0) [ 8.7334 ]
1166:(44,2,2,36,14,14,0) [ 9.1394 ]
1167:(43,2,3,36,14,14,0) [ 9.461 ]
1168:(43,2,2,35,15,15,0) [ 9.133 ]
1169:(43,2,3,35,15,15,0) [ 9.527999999999999 ]
1170:(43,2,4,35,15,15,0) [ 9.923 ]
1171:(43,2,3,34,16,16,0) [ 9.595 ]
1172:(43,2,2,33,17,17,0) [ 9.289 ]
1173:(43,2,1,32,18,18,0) [ 9.005 ]
1174:(43,2,0,31,19,19,0) [ 8.743 ]
1175:(43,2,1,31,19,19,0) [ 9.094 ]
1176:(43,2,0,30,20,20,0) [ 8.843 ]
1177:(42,2,1,30,20,20,0) [ 9.0986 ]
1178:(42,2,0,29,21,21,0) [ 8.8586 ]
1179:(41,2,0,29,21,21,0) [ 8.7742 ]
1180:(40,2,1,29,21,21,0) [ 9.0188 ]
1181:(41,2,1,29,21,21,0) [ 9.1032 ]
1182:(40,2,2,29,21,21,0) [ 9.347800000000001 ]
1183:(40,2,1,28,22,22,0) [ 9.107800000000001 ]
1184:(39,2,2,28,22,22,0) [ 9.3414 ]
1185:(39,2,3,28,22,22,0) [ 9.659400000000002 ]
1186:(38,2,4,28,22,22,0) [ 9.893 ]
1187:(38,2,3,27,23,23,0) [ 9.642 ]
1188:(37,2,4,27,23,23,0) [ 9.864600000000001 ]
1189:(37,2,5,27,23,23,0) [ 10.1716 ]
1190:(37,2,4,26,24,24,0) [ 9.9206 ]
1191:(37,2,5,26,24,24,0) [ 10.2166 ]
1192:(37,2,4,25,25,25,0) [ 9.976600000000001 ]
1193:(36,2,5,25,25,25,0) [ 10.1772 ]
1194:(36,2,6,25,25,25,0) [ 10.4622 ]
1195:(36,2,5,24,26,26,0) [ 10.2222 ]
1196:(36,2,6,24,26,26,0) [ 10.4962 ]
1197:(36,2,5,23,27,27,0) [ 10.267199999999999 ]
1198:(35,2,6,23,27,27,0) [ 10.4458 ]
1199:(34,2,7,23,27,27,0) [ 10.6244 ]
1200:(34,2,6,22,28,28,0) [ 10.3954 ]
1201:(35,2,5,22,28,28,0) [ 10.2278 ]
1202:(34,2,6,22,27,28,1) [ 29410.2954 ]
1203:(34,2,7,22,27,28,1) [ 29410.5474 ]
1204:(34,2,6,21,28,29,1) [ 30460.3294 ]
1205:(34,2,7,21,28,29,1) [ 30460.5704 ]
1206:(34,2,7,20,29,30,1) [ 31510.5934 ]
1207:(33,2,8,20,29,30,1) [ 31510.739 ]
1208:(33,2,7,19,30,31,1) [ 32560.532 ]
1209:(32,2,8,19,30,31,1) [ 32560.6666 ]
1210:(30,2,7,16,33,34,1) [ 35710.3478 ]
1211:(30,2,6,15,34,35,1) [ 36760.1958 ]
1212:(29,2,7,15,34,35,1) [ 36760.286400000005 ]
1213:(29,2,6,14,35,36,1) [ 37810.1454 ]
1214:(29,2,5,13,36,37,1) [ 38860.026399999995 ]
1215:(29,2,4,12,37,38,1) [ 39909.92939999999 ]
1216:(29,2,3,11,38,39,1) [ 40959.854400000004 ]
1217:(29,2,4,11,38,39,1) [ 40959.985400000005 ]
1218:(28,2,3,8,41,42,1) [ 44109.971 ]
1219:(27,2,4,8,41,42,1) [ 44109.984599999996 ]
1220:(27,2,3,7,42,43,1) [ 45159.95359999999 ]
1221:(26,2,4,7,42,43,1) [ 45159.9562 ]
1222:(26,2,4,6,43,44,1) [ 46210.012200000005 ]
1223:(25,2,5,6,43,44,1) [ 46210.003800000006 ]
1224:(25,2,6,6,43,44,1) [ 46210.0798 ]
1225:(25,2,5,5,44,45,1) [ 47260.048800000004 ]
1226:(24,2,6,5,44,45,1) [ 47260.0294 ]
1227:(24,2,7,5,44,45,1) [ 47260.0944 ]
1228:(24,2,6,4,45,46,1) [ 48310.0634 ]
1229:(23,2,7,4,45,46,1) [ 48310.033 ]
1230:(23,2,8,4,45,46,1) [ 48310.087 ]
1231:(23,2,7,3,46,47,1) [ 49360.056 ]
1232:(23,2,8,3,46,47,1) [ 49360.099 ]
1233:(23,2,9,3,46,47,1) [ 49360.142 ]
1234:(24,2,9,3,46,47,1) [ 49360.2264 ]
1235:(24,2,8,2,47,48,1) [ 50410.1954 ]
1236:(24,2,9,2,47,48,1) [ 50410.227399999996 ]
1237:(23,2,10,2,47,48,1) [ 50410.174999999996 ]
1238:(23,2,9,1,48,49,1) [ 51460.144 ]
1239:(24,2,8,1,48,49,1) [ 51460.2074 ]
1240:(24,2,7,0,49,50,1) [ 52510.2094 TARGET ]
1241:(22,2,9,3,46,47,1) [ 49360.0576 ]
1242:(25,2,6,4,45,46,1) [ 48310.1478 ]
1243:(25,2,7,5,44,45,1) [ 47260.1788 ]
1244:(24,2,8,5,44,45,1) [ 47260.159400000004 ]
1245:(25,2,6,5,44,45,1) [ 47260.1138 ]
1246:(30,2,4,11,38,39,1) [ 40960.069800000005 ]
1247:(28,2,5,12,37,38,1) [ 39909.986999999994 ]
1248:(28,2,6,13,36,37,1) [ 38860.095 ]
1249:(29,2,7,16,33,34,1) [ 35710.2634 ]
1250:(33,2,8,19,30,31,1) [ 32560.751 ]
1251:(34,2,7,19,30,31,1) [ 32560.6164 ]
1252:(34,2,8,20,29,30,1) [ 31510.8234 ]
1253:(33,2,9,20,29,30,1) [ 31510.969 ]
1254:(35,2,7,21,28,29,1) [ 30460.6548 ]
1255:(36,2,5,22,28,28,0) [ 10.3122 ]
1256:(36,2,6,23,27,27,0) [ 10.5302 ]
1257:(37,2,5,23,27,27,0) [ 10.351600000000001 ]
1258:(36,2,7,24,26,26,0) [ 10.7702 ]
1259:(43,2,2,31,19,19,0) [ 9.445 ]
1260:(44,2,1,32,18,18,0) [ 9.0894 ]
1261:(44,2,2,33,17,17,0) [ 9.3734 ]
1262:(44,2,3,34,16,16,0) [ 9.6794 ]
1263:(43,2,4,34,16,16,0) [ 9.979000000000001 ]
1264:(42,2,4,35,15,15,0) [ 9.8386 ]
1265:(43,2,5,35,15,15,0) [ 10.318 ]
1266:(44,2,2,35,15,15,0) [ 9.2174 ]
1267:(44,2,3,36,14,14,0) [ 9.545399999999999 ]
1268:(42,2,3,36,14,14,0) [ 9.3766 ]
1269:(42,2,4,36,14,14,0) [ 9.7826 ]
1270:(45,2,2,36,14,14,0) [ 9.2238 ]
1271:(43,2,2,36,14,14,0) [ 9.055 ]
1272:(45,2,1,36,14,14,0) [ 8.8178 ]
1273:(45,2,0,36,14,14,0) [ 8.4118 ]
1274:(45,2,1,37,13,13,0) [ 8.7288 ]
1275:(44,2,2,37,13,13,0) [ 9.0614 ]
1276:(45,2,0,37,13,13,0) [ 8.3118 ]
1277:(45,2,1,38,12,12,0) [ 8.639800000000001 ]
1278:(46,2,1,39,11,11,0) [ 8.635200000000001 ]
1279:(49,2,1,45,5,5,0) [ 8.3544 ]
1280:(50,2,0,47,2,3,1) [ 3157.6337999999996 ]
1281:(49,2,1,47,2,3,1) [ 3158.0764 ]
1282:(50,2,0,48,1,2,1) [ 2107.5337999999997 ]
1283:(48,2,0,44,6,6,0) [ 7.865 ]
1284:(48,2,1,44,6,6,0) [ 8.359 ]
1285:(47,2,0,41,9,9,0) [ 8.0806 ]
1286:(46,2,0,40,10,10,0) [ 8.0962 ]
1287:(46,2,0,38,12,12,0) [ 8.2962 ]
1288:(45,2,2,38,12,12,0) [ 9.0678 ]
1289:(45,2,1,35,15,15,0) [ 8.9068 ]
1290:(45,2,2,35,15,15,0) [ 9.3018 ]
1291:(45,2,1,34,16,16,0) [ 8.9958 ]
1292:(45,2,2,34,16,16,0) [ 9.3798 ]
1293:(44,2,2,32,18,18,0) [ 9.4514 ]
1294:(43,2,3,32,18,18,0) [ 9.729 ]
1295:(43,2,3,31,19,19,0) [ 9.796 ]
1296:(43,2,2,30,20,20,0) [ 9.523 ]
1297:(43,2,1,29,21,21,0) [ 9.272 ]
1298:(43,2,0,28,22,22,0) [ 9.043 ]
1299:(43,2,1,28,22,22,0) [ 9.361 ]
1300:(42,2,2,28,22,22,0) [ 9.5946 ]
1301:(41,2,3,28,22,22,0) [ 9.8282 ]
1302:(41,2,4,28,22,22,0) [ 10.1462 ]
1303:(42,2,4,28,22,22,0) [ 10.230599999999999 ]
1304:(41,2,5,28,22,22,0) [ 10.464199999999998 ]
1305:(41,2,6,28,22,22,0) [ 10.7822 ]
1306:(41,2,5,27,23,23,0) [ 10.5092 ]
1307:(41,2,6,27,23,23,0) [ 10.816200000000002 ]
1308:(41,2,5,26,24,24,0) [ 10.5542 ]
1309:(41,2,6,26,24,24,0) [ 10.850200000000001 ]
1310:(40,2,7,26,24,24,0) [ 11.0618 ]
1311:(40,2,6,25,25,25,0) [ 10.799800000000001 ]
1312:(40,2,7,25,25,25,0) [ 11.084800000000001 ]
1313:(40,2,8,25,25,25,0) [ 11.369800000000001 ]
1314:(39,2,9,25,25,25,0) [ 11.5704 ]
1315:(39,2,8,24,26,26,0) [ 11.297400000000001 ]
1316:(39,2,9,24,26,26,0) [ 11.571399999999999 ]
1317:(39,2,10,24,26,26,0) [ 11.8454 ]
1318:(39,2,10,24,25,26,1) [ 27311.7454 ]
1319:(39,2,11,24,25,26,1) [ 27312.0194 ]
1320:(39,2,10,23,26,27,1) [ 28361.735399999998 ]
1321:(38,2,11,23,26,27,1) [ 28361.913999999997 ]
1322:(38,2,10,22,27,28,1) [ 29411.641 ]
1323:(37,2,11,22,27,28,1) [ 29411.8086 ]
1324:(36,2,11,22,27,28,1) [ 29411.7242 ]
1325:(36,2,12,22,27,28,1) [ 29411.9762 ]
1326:(35,2,13,22,27,28,1) [ 29412.1438 ]
1327:(35,2,12,21,28,29,1) [ 30461.8598 ]
1328:(35,2,11,20,29,30,1) [ 31511.597800000003 ]
1329:(35,2,10,19,30,31,1) [ 32561.3578 ]
1330:(34,2,11,19,30,31,1) [ 32561.4924 ]
1331:(34,2,10,18,31,32,1) [ 33611.263399999996 ]
1332:(34,2,9,17,32,33,1) [ 34661.056399999994 ]
1333:(34,2,10,17,32,33,1) [ 34661.253399999994 ]
1334:(34,2,9,16,33,34,1) [ 35711.057400000005 ]
1335:(33,2,10,16,33,34,1) [ 35711.159 ]
1336:(33,2,11,16,33,34,1) [ 35711.345 ]
1337:(33,2,12,16,33,34,1) [ 35711.531 ]
1338:(33,2,11,15,34,35,1) [ 36761.324 ]
1339:(33,2,10,14,35,36,1) [ 37811.139 ]
1340:(33,2,9,13,36,37,1) [ 38860.975999999995 ]
1341:(33,2,10,13,36,37,1) [ 38861.129 ]
1342:(34,2,10,13,36,37,1) [ 38861.2134 ]
1343:(33,2,11,13,36,37,1) [ 38861.282 ]
1344:(32,2,12,13,36,37,1) [ 38861.3506 ]
1345:(33,2,12,13,36,37,1) [ 38861.435 ]
1346:(33,2,11,12,37,38,1) [ 39911.261 ]
1347:(32,2,12,12,37,38,1) [ 39911.3186 ]
1348:(32,2,11,11,38,39,1) [ 40961.155600000006 ]
1349:(32,2,10,10,39,40,1) [ 42011.0146 ]
1350:(31,2,11,10,39,40,1) [ 42011.0502 ]
1351:(31,2,10,9,40,41,1) [ 43060.9202 ]
1352:(31,2,9,8,41,42,1) [ 44110.8122 ]
1353:(31,2,8,7,42,43,1) [ 45160.7262 ]
1354:(31,2,7,6,43,44,1) [ 46210.662200000006 ]
1355:(30,2,8,6,43,44,1) [ 46210.6538 ]
1356:(30,2,7,5,44,45,1) [ 47260.6008 ]
1357:(30,2,6,4,45,46,1) [ 48310.5698 ]
1358:(30,2,5,3,46,47,1) [ 49360.5608 ]
1359:(30,2,4,2,47,48,1) [ 50410.5738 ]
1360:(30,2,3,1,48,49,1) [ 51460.6088 ]
1361:(29,2,4,1,48,49,1) [ 51460.5454 ]
1362:(29,2,5,1,48,49,1) [ 51460.5664 ]
1363:(29,2,4,0,49,50,1) [ 52510.6014 TARGET ]
1364:(42,2,3,31,19,19,0) [ 9.711599999999999 ]
1365:(42,2,4,31,19,19,0) [ 10.062600000000002 ]
1366:(42,2,4,32,18,18,0) [ 10.0066 ]
1367:(49,2,1,44,6,6,0) [ 8.4434 ]
1368:(47,2,1,44,6,6,0) [ 8.274600000000001 ]
1369:(49,2,0,44,6,6,0) [ 7.949400000000001 ]
1370:(50,2,1,49,0,1,1) [ 1057.9828 ]
1371:(50,2,2,49,0,1,1) [ 1058.5318 ]
1372:(49,2,2,49,0,1,1) [ 1058.4474 ]
1373:(49,2,3,49,0,1,1) [ 1058.9964 ]
1374:(45,2,5,45,5,5,0) [ 10.0368 ]
1375:(45,2,4,44,6,6,0) [ 9.5878 ]
1376:(45,2,5,44,6,6,0) [ 10.0818 ]
1377:(45,2,5,43,7,7,0) [ 10.1268 ]
1378:(42,2,2,34,16,16,0) [ 9.1266 ]
1379:(40,2,5,34,16,16,0) [ 10.109799999999998 ]
1380:(40,2,4,33,17,17,0) [ 9.7818 ]
1381:(37,2,8,33,17,17,0) [ 11.020599999999998 ]
1382:(36,2,8,32,18,18,0) [ 10.9482 ]
1383:(36,2,9,32,18,18,0) [ 11.310200000000002 ]
1384:(37,2,9,32,18,18,0) [ 11.3946 ]
1385:(37,2,10,32,18,18,0) [ 11.7566 ]
1386:(36,2,11,32,18,18,0) [ 12.034200000000002 ]
1387:(36,2,12,32,18,18,0) [ 12.3962 ]
1388:(36,2,11,31,19,19,0) [ 12.0132 ]
1389:(36,2,10,30,20,20,0) [ 11.6522 ]
1390:(36,2,9,29,21,21,0) [ 11.3132 ]
1391:(36,2,8,28,22,22,0) [ 10.996199999999998 ]
1392:(35,2,9,28,22,22,0) [ 11.229800000000001 ]
1393:(34,2,10,28,22,22,0) [ 11.4634 ]
1394:(34,2,9,27,23,23,0) [ 11.1464 ]
1395:(34,2,10,27,23,23,0) [ 11.453400000000002 ]
1396:(33,2,11,27,23,23,0) [ 11.676000000000002 ]
1397:(33,2,11,27,22,23,1) [ 24161.576 ]
1398:(33,2,10,26,23,24,1) [ 25211.259 ]
1399:(33,2,11,26,23,24,1) [ 25211.555 ]
1400:(32,2,12,26,23,24,1) [ 25211.7666 ]
1401:(32,2,11,25,24,25,1) [ 26261.4496 ]
1402:(32,2,9,22,27,28,1) [ 29410.8826 ]
1403:(31,2,10,22,27,28,1) [ 29411.0502 ]
1404:(31,2,9,21,28,29,1) [ 30460.799199999998 ]
1405:(31,2,8,20,29,30,1) [ 31510.570200000002 ]
1406:(30,2,9,20,29,30,1) [ 31510.7158 ]
1407:(30,2,8,19,30,31,1) [ 32560.4978 ]
1408:(29,2,9,19,30,31,1) [ 32560.6324 ]
1409:(28,2,10,19,30,31,1) [ 32560.767 ]
1410:(28,2,9,18,31,32,1) [ 33610.549 ]
1411:(28,2,8,17,32,33,1) [ 34660.352999999996 ]
1412:(28,2,9,17,32,33,1) [ 34660.549999999996 ]
1413:(29,2,8,17,32,33,1) [ 34660.437399999995 ]
1414:(27,2,6,12,37,38,1) [ 39910.044599999994 ]
1415:(26,2,6,12,37,38,1) [ 39909.960199999994 ]
1416:(26,2,7,12,37,38,1) [ 39910.102199999994 ]
1417:(26,2,6,11,38,39,1) [ 40959.9942 ]
1418:(26,2,7,11,38,39,1) [ 40960.1252 ]
1419:(25,2,8,11,38,39,1) [ 40960.171800000004 ]
1420:(25,2,9,11,38,39,1) [ 40960.302800000005 ]
1421:(24,2,10,11,38,39,1) [ 40960.34940000001 ]
1422:(24,2,11,11,38,39,1) [ 40960.4804 ]
1423:(23,2,12,11,38,39,1) [ 40960.527 ]
1424:(23,2,11,10,39,40,1) [ 42010.375 ]
1425:(23,2,10,9,40,41,1) [ 43060.245 ]
1426:(23,2,10,9,39,41,2) [ 86110.14499999999 ]
1427:(23,2,9,8,40,42,2) [ 88210.037 ]
1428:(23,2,10,8,40,42,2) [ 88210.135 ]
1429:(22,2,11,8,40,42,2) [ 88210.1486 ]
1430:(22,2,12,8,40,42,2) [ 88210.2466 ]
1431:(22,2,11,7,41,43,2) [ 90310.1276 ]
1432:(22,2,12,7,41,43,2) [ 90310.2146 ]
1433:(22,2,11,6,42,44,2) [ 92410.1066 ]
1434:(22,2,11,7,42,43,1) [ 45160.2276 ]
1435:(21,2,12,7,42,43,1) [ 45160.2302 ]
1436:(21,2,11,6,43,44,1) [ 46210.122200000005 ]
1437:(21,2,10,5,44,45,1) [ 47260.0362 ]
1438:(21,2,11,5,44,45,1) [ 47260.101200000005 ]
1439:(21,2,10,4,45,46,1) [ 48310.0262 ]
1440:(21,2,9,3,46,47,1) [ 49359.9732 ]
1441:(21,2,8,2,47,48,1) [ 50409.9422 ]
1442:(21,2,7,1,48,49,1) [ 51459.9332 ]
1443:(21,2,6,0,49,50,1) [ 52509.9462 TARGET ]
1444:(22,2,8,2,47,48,1) [ 50410.0266 ]
1445:(51,2,2,49,0,1,1) [ 1058.6162 ]
1446:(51,2,0,49,0,1,1) [ 1057.5182 ]
1447:(48,2,3,44,6,6,0) [ 9.347 ]
1448:(48,2,4,44,6,6,0) [ 9.841 ]
1449:(48,2,1,41,9,9,0) [ 8.626 ]
1450:(48,2,0,40,10,10,0) [ 8.265 ]
1451:(48,2,1,40,10,10,0) [ 8.715 ]
1452:(47,2,2,40,10,10,0) [ 9.0806 ]
1453:(46,2,3,40,10,10,0) [ 9.446200000000001 ]
1454:(46,2,4,40,10,10,0) [ 9.8962 ]
1455:(46,2,5,40,10,10,0) [ 10.3462 ]
1456:(46,2,4,39,11,11,0) [ 9.9522 ]
1457:(45,2,4,38,12,12,0) [ 9.9238 ]
1458:(45,2,3,37,13,13,0) [ 9.5628 ]
1459:(42,2,5,34,16,16,0) [ 10.278599999999999 ]
1460:(42,2,4,33,17,17,0) [ 9.950599999999998 ]
1461:(42,2,5,33,17,17,0) [ 10.323599999999999 ]
1462:(41,2,5,31,19,19,0) [ 10.3292 ]
1463:(41,2,4,30,20,20,0) [ 10.0342 ]
1464:(40,2,4,30,20,20,0) [ 9.9498 ]
1465:(39,2,5,30,20,20,0) [ 10.205400000000001 ]
1466:(39,2,6,30,20,20,0) [ 10.5454 ]
1467:(39,2,7,30,20,20,0) [ 10.8854 ]
1468:(39,2,6,29,21,21,0) [ 10.579400000000001 ]
1469:(39,2,7,29,21,21,0) [ 10.908399999999999 ]
1470:(39,2,6,28,22,22,0) [ 10.613399999999999 ]
1471:(38,2,7,28,22,22,0) [ 10.847000000000001 ]
1472:(38,2,8,28,22,22,0) [ 11.165 ]
1473:(38,2,9,28,22,22,0) [ 11.483 ]
1474:(38,2,8,27,23,23,0) [ 11.177 ]
1475:(38,2,7,26,24,24,0) [ 10.892999999999999 ]
1476:(37,2,8,26,24,24,0) [ 11.1046 ]
1477:(37,2,7,25,25,25,0) [ 10.8316 ]
1478:(36,2,8,25,25,25,0) [ 11.0322 ]
1479:(37,2,4,22,28,28,0) [ 10.1446 ]
1480:(36,2,6,22,28,28,0) [ 10.5642 ]
1481:(36,2,5,21,29,29,0) [ 10.357199999999999 ]
1482:(36,2,4,20,30,30,0) [ 10.1722 ]
1483:(35,2,5,20,30,30,0) [ 10.3178 ]
1484:(35,2,4,19,31,31,0) [ 10.1438 ]
1485:(34,2,5,19,31,31,0) [ 10.2784 ]
1486:(34,2,6,19,31,31,0) [ 10.4974 ]
1487:(34,2,5,18,32,32,0) [ 10.3234 ]
1488:(33,2,6,18,32,32,0) [ 10.447000000000001 ]
1489:(33,2,7,18,32,32,0) [ 10.655000000000001 ]
1490:(32,2,8,18,32,32,0) [ 10.7786 ]
1491:(32,2,7,17,33,33,0) [ 10.5936 ]
1492:(32,2,6,16,34,34,0) [ 10.4306 ]
1493:(32,2,7,16,34,34,0) [ 10.6166 ]
1494:(32,2,7,16,33,34,1) [ 35710.5166 ]
1495:(32,2,8,16,33,34,1) [ 35710.702600000004 ]
1496:(32,2,9,16,33,34,1) [ 35710.888600000006 ]
1497:(32,2,8,15,34,35,1) [ 36760.7146 ]
1498:(32,2,7,14,35,36,1) [ 37810.5626 ]
1499:(32,2,6,13,36,37,1) [ 38860.4326 ]
1500:(33,2,6,13,36,37,1) [ 38860.517 ]
1501:(32,2,7,13,36,37,1) [ 38860.5856 ]
1502:(32,2,6,12,37,38,1) [ 39910.4666 ]
1503:(32,2,5,11,38,39,1) [ 40960.369600000005 ]
1504:(31,2,6,11,38,39,1) [ 40960.4162 ]
1505:(31,2,5,10,39,40,1) [ 42010.330200000004 ]
1506:(30,2,6,10,39,40,1) [ 42010.3658 ]
1507:(29,2,7,10,39,40,1) [ 42010.4014 ]
1508:(29,2,8,10,39,40,1) [ 42010.521400000005 ]
1509:(29,2,7,9,40,41,1) [ 43060.4244 ]
1510:(28,2,8,9,40,41,1) [ 43060.449 ]
1511:(28,2,9,9,40,41,1) [ 43060.558 ]
1512:(27,2,10,9,40,41,1) [ 43060.5826 ]
1513:(26,2,10,9,40,41,1) [ 43060.4982 ]
1514:(26,2,9,8,41,42,1) [ 44110.3902 ]
1515:(26,2,10,8,41,42,1) [ 44110.4882 ]
1516:(26,2,9,7,42,43,1) [ 45160.3912 ]
1517:(26,2,10,7,42,43,1) [ 45160.4782 ]
1518:(26,2,9,6,43,44,1) [ 46210.3922 ]
1519:(26,2,8,5,44,45,1) [ 47260.3282 ]
1520:(26,2,9,5,44,45,1) [ 47260.3932 ]
1521:(26,2,8,4,45,46,1) [ 48310.3402 ]
1522:(26,2,9,4,45,46,1) [ 48310.3942 ]
1523:(26,2,8,3,46,47,1) [ 49360.3522 ]
1524:(26,2,9,3,46,47,1) [ 49360.3952 ]
1525:(26,2,8,2,47,48,1) [ 50410.364199999996 ]
1526:(26,2,7,1,48,49,1) [ 51460.355200000005 ]
1527:(26,2,8,1,48,49,1) [ 51460.376200000006 ]
1528:(26,2,7,0,49,50,1) [ 52510.3782 TARGET ]
1529:(28,2,7,9,40,41,1) [ 43060.34 ]
1530:(30,2,5,10,39,40,1) [ 42010.245800000004 ]
1531:(31,2,5,11,38,39,1) [ 40960.285200000006 ]
1532:(31,2,6,13,36,37,1) [ 38860.3482 ]
1533:(37,2,7,26,24,24,0) [ 10.8086 ]
1534:(39,2,8,29,21,21,0) [ 11.2374 ]
1535:(40,2,6,29,21,21,0) [ 10.6638 ]
1536:(39,2,8,30,20,20,0) [ 11.2254 ]
1537:(41,2,6,33,17,17,0) [ 10.612200000000001 ]
1538:(43,2,5,34,16,16,0) [ 10.362999999999998 ]
1539:(42,2,6,34,16,16,0) [ 10.6626 ]
1540:(43,2,6,35,15,15,0) [ 10.713000000000001 ]
1541:(44,2,5,37,13,13,0) [ 10.3124 ]
1542:(47,2,4,44,6,6,0) [ 9.7566 ]
1543:(47,2,5,44,6,6,0) [ 10.2506 ]
1544:(49,2,2,44,6,6,0) [ 8.937399999999998 ]
1545:(52,2,0,49,0,1,1) [ 1057.6026 ]
1546:(48,2,0,47,3,3,0) [ 7.5649999999999995 ]
1547:(49,2,0,47,3,3,0) [ 7.6494 ]
1548:(50,2,0,47,3,3,0) [ 7.7338 ]
1549:(49,2,0,46,4,4,0) [ 7.7494000000000005 ]
1550:(47,2,0,43,7,7,0) [ 7.8806 ]
1551:(39,2,8,35,14,15,1) [ 15761.0654 ]
1552:(39,2,7,34,15,16,1) [ 16810.6934 ]
1553:(39,2,6,33,16,17,1) [ 17860.343399999998 ]
1554:(38,2,7,33,16,17,1) [ 17860.631999999998 ]
1555:(38,2,8,33,16,17,1) [ 17861.004999999997 ]
1556:(37,2,9,33,16,17,1) [ 17861.293599999997 ]
1557:(37,2,9,32,17,18,1) [ 18911.2946 ]
1558:(36,2,10,32,17,18,1) [ 18911.572200000002 ]
1559:(36,2,9,31,18,19,1) [ 19961.211199999998 ]
1560:(36,2,8,30,19,20,1) [ 21010.8722 ]
1561:(36,2,9,29,20,21,1) [ 22061.2132 ]
1562:(36,2,8,28,21,22,1) [ 23110.8962 ]
1563:(36,2,9,28,21,22,1) [ 23111.2142 ]
1564:(35,2,10,28,21,22,1) [ 23111.447799999998 ]
1565:(35,2,9,27,22,23,1) [ 24161.1308 ]
1566:(36,2,8,27,22,23,1) [ 24160.9082 ]
1567:(36,2,7,26,23,24,1) [ 25210.6242 ]
1568:(36,2,8,26,23,24,1) [ 25210.9202 ]
1569:(36,2,9,26,23,24,1) [ 25211.2162 ]
1570:(36,2,8,25,24,25,1) [ 26260.932200000003 ]
1571:(36,2,7,24,25,26,1) [ 27310.6702 ]
1572:(36,2,8,24,25,26,1) [ 27310.9442 ]
1573:(36,2,7,23,26,27,1) [ 28360.693199999998 ]
1574:(35,2,8,23,26,27,1) [ 28360.871799999997 ]
1575:(35,2,9,23,26,27,1) [ 28361.1348 ]
1576:(36,2,9,23,26,27,1) [ 28361.2192 ]
1577:(36,2,8,22,27,28,1) [ 29410.9682 ]
1578:(35,2,9,22,27,28,1) [ 29411.1358 ]
1579:(34,2,10,22,27,28,1) [ 29411.3034 ]
1580:(34,2,9,21,28,29,1) [ 30461.0524 ]
1581:(33,2,10,21,28,29,1) [ 30461.209 ]
1582:(33,2,9,19,30,31,1) [ 32560.97 ]
1583:(33,2,8,18,31,32,1) [ 33610.763 ]
1584:(33,2,7,17,32,33,1) [ 34660.577999999994 ]
1585:(32,2,8,17,32,33,1) [ 34660.690599999994 ]
1586:(32,2,6,15,34,35,1) [ 36760.3646 ]
1587:(31,2,7,15,34,35,1) [ 36760.455200000004 ]
1588:(31,2,6,14,35,36,1) [ 37810.3142 ]
1589:(31,2,5,13,36,37,1) [ 38860.1952 ]
1590:(31,2,5,12,37,38,1) [ 39910.2402 ]
1591:(31,2,4,11,38,39,1) [ 40960.154200000004 ]
1592:(31,2,4,10,39,40,1) [ 42010.2102 ]
1593:(29,2,6,9,40,41,1) [ 43060.3154 ]
1594:(28,2,6,8,41,42,1) [ 44110.265 ]
1595:(28,2,5,7,42,43,1) [ 45160.212 ]
1596:(28,2,4,6,43,44,1) [ 46210.181000000004 ]
1597:(27,2,5,6,43,44,1) [ 46210.172600000005 ]
1598:(27,2,6,6,43,44,1) [ 46210.248600000006 ]
1599:(26,2,7,6,43,44,1) [ 46210.2402 ]
1600:(26,2,6,5,44,45,1) [ 47260.1982 ]
1601:(25,2,6,5,45,45,0) [ 10.213799999999999 ]
1602:(23,2,9,5,44,45,1) [ 47260.14 ]
1603:(35,2,8,22,27,28,1) [ 29410.8838 ]
1604:(36,2,8,23,26,27,1) [ 28360.956199999997 ]
1605:(36,2,9,24,25,26,1) [ 27311.2182 ]
1606:(36,2,9,25,24,25,1) [ 26261.217200000003 ]
1607:(37,2,8,26,23,24,1) [ 25211.0046 ]
1608:(52,2,1,49,0,1,1) [ 1058.1516 ]
1609:(51,2,3,47,3,3,0) [ 9.399200000000002 ]
1610:(51,2,3,46,4,4,0) [ 9.466200000000002 ]
1611:(50,2,4,46,4,4,0) [ 9.8978 ]
1612:(50,2,3,45,5,5,0) [ 9.4488 ]
1613:(49,2,3,45,5,5,0) [ 9.3644 ]
1614:(47,2,5,43,7,7,0) [ 10.2956 ]
1615:(47,2,6,43,7,7,0) [ 10.7786 ]
1616:(47,2,5,42,8,8,0) [ 10.340600000000002 ]
1617:(47,2,4,41,9,9,0) [ 9.9246 ]
1618:(46,2,5,41,9,9,0) [ 10.3012 ]
1619:(44,2,6,38,12,12,0) [ 10.6954 ]
1620:(44,2,6,37,13,13,0) [ 10.729400000000002 ]
1621:(44,2,5,36,14,14,0) [ 10.3574 ]
1622:(43,2,6,36,14,14,0) [ 10.679 ]
1623:(43,2,7,36,14,14,0) [ 11.084999999999999 ]
1624:(40,2,7,33,17,17,0) [ 10.9008 ]
1625:(41,2,6,32,18,18,0) [ 10.6462 ]
1626:(40,2,7,32,18,18,0) [ 10.9238 ]
1627:(40,2,8,32,18,18,0) [ 11.285800000000002 ]
1628:(39,2,9,32,18,18,0) [ 11.563400000000001 ]
1629:(39,2,8,31,19,19,0) [ 11.213400000000002 ]
1630:(38,2,9,29,21,21,0) [ 11.482 ]
1631:(38,2,7,27,23,23,0) [ 10.870000000000001 ]
1632:(38,2,6,26,24,24,0) [ 10.597 ]
1633:(36,2,7,22,27,28,1) [ 29410.7162 ]
1634:(35,2,8,21,28,29,1) [ 30460.8958 ]
1635:(31,2,4,12,37,38,1) [ 39910.0982 ]
1636:(31,2,3,11,38,39,1) [ 40960.0232 ]
1637:(31,2,0,7,42,43,1) [ 45160.030199999994 ]
1638:(30,2,1,7,42,43,1) [ 45160.03279999999 ]
1639:(30,2,0,6,43,44,1) [ 46210.0458 ]
1640:(29,2,1,6,43,44,1) [ 46210.0374 ]
1641:(30,2,1,6,43,44,1) [ 46210.1218 ]
1642:(30,2,0,5,44,45,1) [ 47260.1458 ]
1643:(30,2,1,5,44,45,1) [ 47260.2108 ]
1644:(29,2,2,5,44,45,1) [ 47260.1914 ]
1645:(29,2,0,2,47,48,1) [ 50410.361399999994 ]
1646:(28,2,2,2,47,48,1) [ 50410.341 ]
1647:(27,2,3,2,47,48,1) [ 50410.2886 ]
1648:(27,2,1,0,49,50,1) [ 52510.4026 TARGET ]
1649:(-1,-1,-1,-1,-1,-1,-1) [ 0.0 ]