(s1,s2,s3,s4,s5,s6)
0:(1,50,0,1,50,0) [ 100.0 ]
1:(1,50,0,0,49,1) [ 51.1 ]
2:(1,51,0,1,49,0) [ 100.0 ]
3:(1,51,0,0,48,1) [ 52.1 ]
4:(0,50,1,0,48,1) [ 2.2 ]
5:(0,51,1,1,48,0) [ 49.1 ]
6:(0,51,1,0,47,1) [ 2.2 ]
7:(1,52,0,0,47,1) [ 53.1 ]
8:(1,52,0,1,48,0) [ 100.0 ]
9:(1,53,0,1,47,0) [ 100.0 ]
10:(1,53,0,0,46,1) [ 54.1 ]
11:(1,54,0,1,46,0) [ 100.0 ]
12:(1,54,0,0,45,1) [ 55.1 ]
13:(1,55,0,1,45,0) [ 100.0 ]
14:(1,55,0,0,44,1) [ 56.1 ]
15:(1,56,0,1,44,0) [ 100.0 ]
16:(1,56,0,0,43,1) [ 57.1 ]
17:(1,57,0,1,43,0) [ 100.0 ]
18:(1,57,0,0,42,1) [ 58.1 ]
19:(1,58,0,1,42,0) [ 100.0 ]
20:(1,58,0,0,41,1) [ 59.1 ]
21:(1,59,0,1,41,0) [ 100.0 ]
22:(1,59,0,0,40,1) [ 60.1 ]
23:(0,58,1,0,40,1) [ 2.2 ]
24:(1,60,0,1,40,0) [ 100.0 ]
25:(1,60,0,0,39,1) [ 61.1 ]
26:(1,61,0,1,39,0) [ 100.0 ]
27:(1,61,0,0,38,1) [ 62.1 ]
28:(1,62,0,1,38,0) [ 100.0 ]
29:(1,62,0,0,37,1) [ 63.1 ]
30:(1,63,0,1,37,0) [ 100.0 ]
31:(1,63,0,0,36,1) [ 64.1 ]
32:(1,64,0,1,36,0) [ 100.0 ]
33:(1,64,0,0,35,1) [ 65.1 ]
34:(1,65,0,1,35,0) [ 100.0 ]
35:(1,65,0,0,34,1) [ 66.1 ]
36:(1,66,0,1,34,0) [ 100.0 ]
37:(1,66,0,0,33,1) [ 67.1 ]
38:(0,65,1,0,33,1) [ 2.2 ]
39:(0,65,1,1,34,0) [ 35.1 ]
40:(0,66,1,1,33,0) [ 34.1 ]
41:(0,66,1,0,32,1) [ 2.2 ]
42:(0,67,1,1,32,0) [ 33.1 ]
43:(0,67,1,0,31,1) [ 2.2 ]
44:(0,68,1,1,31,0) [ 32.1 ]
45:(0,68,1,0,30,1) [ 2.2 ]
46:(0,69,1,1,30,0) [ 31.1 ]
47:(0,69,1,0,29,1) [ 2.2 ]
48:(0,70,1,1,29,0) [ 30.1 ]
49:(0,70,1,0,28,1) [ 2.2 ]
50:(0,71,1,1,28,0) [ 29.1 ]
51:(0,71,1,0,27,1) [ 2.2 ]
52:(0,72,1,1,27,0) [ 28.1 ]
53:(0,72,1,0,26,1) [ 2.2 ]
54:(1,73,0,0,26,1) [ 74.1 ]
55:(1,74,0,1,26,0) [ 100.0 ]
56:(1,74,0,0,25,1) [ 0.0 TARGET ]
57:(-1,-1,-1,-1,-1,-1) [ 0.0 ]