(R_,L,RL,G_,G_a,G_bg,G_d)
0:(50,2,0,50,0,0,0) [ 7.4338 ]
1:(49,2,1,50,0,0,0) [ 7.9094 ]
2:(49,2,0,49,1,1,0) [ 7.4494 ]
3:(49,2,1,49,1,1,0) [ 7.998399999999999 ]
4:(49,2,0,48,2,2,0) [ 7.5494 ]
5:(49,2,1,48,2,2,0) [ 8.0874 ]
6:(49,2,2,48,2,2,0) [ 8.625399999999999 ]
7:(49,2,1,47,3,3,0) [ 8.176400000000001 ]
8:(48,2,2,47,3,3,0) [ 8.619 ]
9:(48,2,3,47,3,3,0) [ 9.146 ]
10:(48,2,4,47,3,3,0) [ 9.673000000000002 ]
11:(48,2,3,46,4,4,0) [ 9.213 ]
12:(48,2,2,45,5,5,0) [ 8.774999999999999 ]
13:(47,2,3,45,5,5,0) [ 9.1956 ]
14:(47,2,2,44,6,6,0) [ 8.768600000000001 ]
15:(46,2,3,44,6,6,0) [ 9.178199999999999 ]
16:(46,2,2,43,7,7,0) [ 8.7622 ]
17:(46,2,3,43,7,7,0) [ 9.2452 ]
18:(46,2,2,42,8,8,0) [ 8.840200000000001 ]
19:(45,2,3,42,8,8,0) [ 9.227800000000002 ]
20:(45,2,2,41,9,9,0) [ 8.8338 ]
21:(45,2,1,40,10,10,0) [ 8.4618 ]
22:(44,2,2,40,10,10,0) [ 8.8274 ]
23:(44,2,1,39,11,11,0) [ 8.4664 ]
24:(44,2,2,39,11,11,0) [ 8.9054 ]
25:(43,2,3,39,11,11,0) [ 9.26 ]
26:(43,2,4,39,11,11,0) [ 9.699 ]
27:(43,2,3,38,12,12,0) [ 9.326999999999998 ]
28:(43,2,4,38,12,12,0) [ 9.754999999999999 ]
29:(43,2,3,37,13,13,0) [ 9.394000000000002 ]
30:(43,2,2,36,14,14,0) [ 9.055 ]
31:(43,2,1,35,15,15,0) [ 8.738 ]
32:(43,2,0,34,16,16,0) [ 8.443 ]
33:(42,2,1,34,16,16,0) [ 8.7426 ]
34:(42,2,2,34,16,16,0) [ 9.1266 ]
35:(42,2,1,33,17,17,0) [ 8.8316 ]
36:(42,2,0,32,18,18,0) [ 8.5586 ]
37:(41,2,1,32,18,18,0) [ 8.8362 ]
38:(41,2,2,32,18,18,0) [ 9.1982 ]
39:(41,2,1,31,19,19,0) [ 8.9252 ]
40:(41,2,2,31,19,19,0) [ 9.2762 ]
41:(41,2,3,31,19,19,0) [ 9.6272 ]
42:(41,2,2,30,20,20,0) [ 9.3542 ]
43:(40,2,3,30,20,20,0) [ 9.6098 ]
44:(40,2,2,29,21,21,0) [ 9.347800000000001 ]
45:(40,2,1,28,22,22,0) [ 9.107800000000001 ]
46:(40,2,2,28,22,22,0) [ 9.4258 ]
47:(40,2,1,27,23,23,0) [ 9.196800000000001 ]
48:(39,2,2,27,23,23,0) [ 9.419400000000001 ]
49:(39,2,3,27,23,23,0) [ 9.7264 ]
50:(39,2,2,26,24,24,0) [ 9.4974 ]
51:(39,2,1,25,25,25,0) [ 9.2904 ]
52:(38,2,2,25,25,25,0) [ 9.491 ]
53:(38,2,3,25,25,25,0) [ 9.776 ]
54:(37,2,4,25,25,25,0) [ 9.976600000000001 ]
55:(37,2,3,24,26,26,0) [ 9.7586 ]
56:(36,2,4,24,26,26,0) [ 9.9482 ]
57:(36,2,5,24,26,26,0) [ 10.2222 ]
58:(35,2,6,24,26,26,0) [ 10.411800000000001 ]
59:(35,2,5,23,27,27,0) [ 10.1828 ]
60:(34,2,6,23,27,27,0) [ 10.3614 ]
61:(34,2,5,22,28,28,0) [ 10.1434 ]
62:(34,2,6,22,28,28,0) [ 10.3954 ]
63:(34,2,7,22,28,28,0) [ 10.6474 ]
64:(34,2,6,21,29,29,0) [ 10.429400000000001 ]
65:(33,2,7,21,29,29,0) [ 10.586 ]
66:(33,2,6,20,30,30,0) [ 10.379000000000001 ]
67:(32,2,7,20,30,30,0) [ 10.5246 ]
68:(32,2,6,19,31,31,0) [ 10.3286 ]
69:(31,2,7,19,31,31,0) [ 10.4632 ]
70:(31,2,6,18,32,32,0) [ 10.278200000000002 ]
71:(31,2,7,18,32,32,0) [ 10.4862 ]
72:(30,2,8,18,32,32,0) [ 10.6098 ]
73:(30,2,7,17,33,33,0) [ 10.4248 ]
74:(29,2,8,17,33,33,0) [ 10.5374 ]
75:(29,2,7,16,34,34,0) [ 10.3634 ]
76:(28,2,8,16,34,34,0) [ 10.465 ]
77:(28,2,7,15,35,35,0) [ 10.302 ]
78:(28,2,6,14,36,36,0) [ 10.161 ]
79:(28,2,5,13,37,37,0) [ 10.042000000000002 ]
80:(28,2,4,12,38,38,0) [ 9.945 ]
81:(28,2,3,11,39,39,0) [ 9.870000000000001 ]
82:(28,2,2,10,40,40,0) [ 9.817 ]
83:(28,2,3,10,40,40,0) [ 9.937000000000001 ]
84:(27,2,4,10,40,40,0) [ 9.9726 ]
85:(27,2,5,10,40,40,0) [ 10.092600000000001 ]
86:(27,2,4,9,41,41,0) [ 10.0286 ]
87:(27,2,5,9,41,41,0) [ 10.1376 ]
88:(27,2,4,8,42,42,0) [ 10.084600000000002 ]
89:(26,2,5,8,42,42,0) [ 10.0982 ]
90:(26,2,4,7,43,43,0) [ 10.0562 ]
91:(25,2,5,7,43,43,0) [ 10.058799999999998 ]
92:(25,2,4,6,44,44,0) [ 10.0278 ]
93:(25,2,5,6,44,44,0) [ 10.1038 ]
94:(25,2,6,6,44,44,0) [ 10.1798 ]
95:(24,2,7,6,44,44,0) [ 10.1714 ]
96:(24,2,6,5,45,45,0) [ 10.1294 ]
97:(24,2,5,4,46,46,0) [ 10.1094 ]
98:(24,2,4,3,47,47,0) [ 10.1114 ]
99:(24,2,3,2,48,48,0) [ 10.1354 ]
100:(24,2,2,1,49,49,0) [ 10.1814 ]
101:(24,2,1,0,50,50,0) [ 10.2494 TARGET ]
102:(25,2,1,0,50,50,0) [ 10.3338 TARGET ]
103:(23,2,1,0,50,50,0) [ 10.165 TARGET ]
104:(23,2,2,0,50,50,0) [ 10.175 TARGET ]
105:(24,2,2,0,50,50,0) [ 10.2594 TARGET ]
106:(25,2,2,1,49,49,0) [ 10.2658 ]
107:(23,2,2,1,49,49,0) [ 10.097000000000001 ]
108:(23,2,3,1,49,49,0) [ 10.118 ]
109:(24,2,3,1,49,49,0) [ 10.2024 ]
110:(25,2,3,2,48,48,0) [ 10.2198 ]
111:(23,2,3,2,48,48,0) [ 10.051 ]
112:(23,2,4,2,48,48,0) [ 10.083 ]
113:(24,2,4,2,48,48,0) [ 10.1674 ]
114:(25,2,4,3,47,47,0) [ 10.1958 ]
115:(23,2,4,3,47,47,0) [ 10.027000000000001 ]
116:(23,2,5,3,47,47,0) [ 10.07 ]
117:(24,2,5,3,47,47,0) [ 10.154399999999999 ]
118:(25,2,5,4,46,46,0) [ 10.1938 ]
119:(23,2,5,4,46,46,0) [ 10.025 ]
120:(23,2,6,4,46,46,0) [ 10.079 ]
121:(24,2,6,4,46,46,0) [ 10.1634 ]
122:(25,2,6,5,45,45,0) [ 10.213799999999999 ]
123:(23,2,6,5,45,45,0) [ 10.045 ]
124:(23,2,7,5,45,45,0) [ 10.11 ]
125:(24,2,7,5,45,45,0) [ 10.1944 ]
126:(25,2,7,6,44,44,0) [ 10.2558 ]
127:(23,2,7,6,44,44,0) [ 10.087 ]
128:(23,2,8,6,44,44,0) [ 10.163 ]
129:(24,2,8,6,44,44,0) [ 10.2474 ]
130:(26,2,6,6,44,44,0) [ 10.2642 ]
131:(24,2,6,6,44,44,0) [ 10.0954 ]
132:(26,2,5,6,44,44,0) [ 10.1882 ]
133:(24,2,5,6,44,44,0) [ 10.019400000000001 ]
134:(26,2,4,6,44,44,0) [ 10.112200000000001 ]
135:(24,2,4,6,44,44,0) [ 9.9434 ]
136:(26,2,5,7,43,43,0) [ 10.1432 ]
137:(24,2,5,7,43,43,0) [ 9.9744 ]
138:(24,2,6,7,43,43,0) [ 10.061399999999999 ]
139:(25,2,6,7,43,43,0) [ 10.145800000000001 ]
140:(27,2,4,7,43,43,0) [ 10.1406 ]
141:(25,2,4,7,43,43,0) [ 9.971799999999998 ]
142:(27,2,5,8,42,42,0) [ 10.1826 ]
143:(25,2,5,8,42,42,0) [ 10.0138 ]
144:(25,2,6,8,42,42,0) [ 10.111799999999999 ]
145:(26,2,6,8,42,42,0) [ 10.196200000000001 ]
146:(28,2,4,8,42,42,0) [ 10.169 ]
147:(26,2,4,8,42,42,0) [ 10.0002 ]
148:(28,2,5,9,41,41,0) [ 10.222000000000001 ]
149:(26,2,5,9,41,41,0) [ 10.0532 ]
150:(26,2,6,9,41,41,0) [ 10.162200000000002 ]
151:(27,2,6,9,41,41,0) [ 10.2466 ]
152:(28,2,4,9,41,41,0) [ 10.113 ]
153:(26,2,4,9,41,41,0) [ 9.944200000000002 ]
154:(28,2,5,10,40,40,0) [ 10.177 ]
155:(26,2,5,10,40,40,0) [ 10.0082 ]
156:(26,2,6,10,40,40,0) [ 10.1282 ]
157:(27,2,6,10,40,40,0) [ 10.2126 ]
158:(28,2,4,10,40,40,0) [ 10.057 ]
159:(26,2,4,10,40,40,0) [ 9.888200000000001 ]
160:(29,2,3,10,40,40,0) [ 10.0214 ]
161:(27,2,3,10,40,40,0) [ 9.8526 ]
162:(29,2,2,10,40,40,0) [ 9.901399999999999 ]
163:(27,2,2,10,40,40,0) [ 9.732600000000001 ]
164:(29,2,3,11,39,39,0) [ 9.9544 ]
165:(27,2,3,11,39,39,0) [ 9.7856 ]
166:(27,2,4,11,39,39,0) [ 9.9166 ]
167:(28,2,4,11,39,39,0) [ 10.001000000000001 ]
168:(29,2,4,12,38,38,0) [ 10.0294 ]
169:(27,2,4,12,38,38,0) [ 9.860600000000002 ]
170:(27,2,5,12,38,38,0) [ 10.002600000000001 ]
171:(28,2,5,12,38,38,0) [ 10.087 ]
172:(29,2,5,13,37,37,0) [ 10.1264 ]
173:(27,2,5,13,37,37,0) [ 9.9576 ]
174:(27,2,6,13,37,37,0) [ 10.110600000000002 ]
175:(28,2,6,13,37,37,0) [ 10.195 ]
176:(29,2,6,14,36,36,0) [ 10.2454 ]
177:(27,2,6,14,36,36,0) [ 10.076600000000001 ]
178:(27,2,7,14,36,36,0) [ 10.2406 ]
179:(28,2,7,14,36,36,0) [ 10.325000000000001 ]
180:(29,2,7,15,35,35,0) [ 10.3864 ]
181:(27,2,7,15,35,35,0) [ 10.217600000000001 ]
182:(27,2,8,15,35,35,0) [ 10.3926 ]
183:(28,2,8,15,35,35,0) [ 10.477 ]
184:(29,2,8,16,34,34,0) [ 10.5494 ]
185:(27,2,8,16,34,34,0) [ 10.380600000000001 ]
186:(27,2,9,16,34,34,0) [ 10.566600000000001 ]
187:(28,2,9,16,34,34,0) [ 10.651 ]
188:(30,2,7,16,34,34,0) [ 10.4478 ]
189:(28,2,7,16,34,34,0) [ 10.279 ]
190:(30,2,8,17,33,33,0) [ 10.6218 ]
191:(28,2,8,17,33,33,0) [ 10.453000000000001 ]
192:(28,2,9,17,33,33,0) [ 10.65 ]
193:(29,2,9,17,33,33,0) [ 10.734399999999999 ]
194:(31,2,7,17,33,33,0) [ 10.5092 ]
195:(29,2,7,17,33,33,0) [ 10.3404 ]
196:(31,2,8,18,32,32,0) [ 10.6942 ]
197:(29,2,8,18,32,32,0) [ 10.525400000000001 ]
198:(29,2,9,18,32,32,0) [ 10.7334 ]
199:(30,2,9,18,32,32,0) [ 10.8178 ]
200:(32,2,7,18,32,32,0) [ 10.570599999999999 ]
201:(30,2,7,18,32,32,0) [ 10.4018 ]
202:(32,2,6,18,32,32,0) [ 10.3626 ]
203:(30,2,6,18,32,32,0) [ 10.1938 ]
204:(32,2,7,19,31,31,0) [ 10.547600000000001 ]
205:(30,2,7,19,31,31,0) [ 10.3788 ]
206:(30,2,8,19,31,31,0) [ 10.5978 ]
207:(31,2,8,19,31,31,0) [ 10.6822 ]
208:(33,2,6,19,31,31,0) [ 10.413 ]
209:(31,2,6,19,31,31,0) [ 10.2442 ]
210:(33,2,7,20,30,30,0) [ 10.609 ]
211:(31,2,7,20,30,30,0) [ 10.4402 ]
212:(31,2,8,20,30,30,0) [ 10.670200000000001 ]
213:(32,2,8,20,30,30,0) [ 10.7546 ]
214:(34,2,6,20,30,30,0) [ 10.4634 ]
215:(32,2,6,20,30,30,0) [ 10.294599999999999 ]
216:(34,2,7,21,29,29,0) [ 10.6704 ]
217:(32,2,7,21,29,29,0) [ 10.5016 ]
218:(32,2,8,21,29,29,0) [ 10.7426 ]
219:(33,2,8,21,29,29,0) [ 10.827000000000002 ]
220:(35,2,6,21,29,29,0) [ 10.5138 ]
221:(33,2,6,21,29,29,0) [ 10.345 ]
222:(35,2,7,22,28,28,0) [ 10.7318 ]
223:(33,2,7,22,28,28,0) [ 10.563 ]
224:(33,2,8,22,28,28,0) [ 10.815000000000001 ]
225:(34,2,8,22,28,28,0) [ 10.8994 ]
226:(35,2,6,22,28,28,0) [ 10.479800000000001 ]
227:(33,2,6,22,28,28,0) [ 10.311 ]
228:(35,2,5,22,28,28,0) [ 10.2278 ]
229:(33,2,5,22,28,28,0) [ 10.059 ]
230:(35,2,6,23,27,27,0) [ 10.4458 ]
231:(33,2,6,23,27,27,0) [ 10.277000000000001 ]
232:(33,2,7,23,27,27,0) [ 10.54 ]
233:(34,2,7,23,27,27,0) [ 10.6244 ]
234:(36,2,5,23,27,27,0) [ 10.267199999999999 ]
235:(34,2,5,23,27,27,0) [ 10.0984 ]
236:(36,2,6,24,26,26,0) [ 10.4962 ]
237:(34,2,6,24,26,26,0) [ 10.3274 ]
238:(34,2,7,24,26,26,0) [ 10.6014 ]
239:(35,2,7,24,26,26,0) [ 10.685799999999999 ]
240:(37,2,5,24,26,26,0) [ 10.3066 ]
241:(35,2,5,24,26,26,0) [ 10.1378 ]
242:(37,2,4,24,26,26,0) [ 10.0326 ]
243:(35,2,4,24,26,26,0) [ 9.863800000000001 ]
244:(38,2,3,24,26,26,0) [ 9.843 ]
245:(36,2,3,24,26,26,0) [ 9.6742 ]
246:(38,2,4,25,25,25,0) [ 10.061 ]
247:(36,2,4,25,25,25,0) [ 9.892199999999999 ]
248:(36,2,5,25,25,25,0) [ 10.1772 ]
249:(37,2,5,25,25,25,0) [ 10.2616 ]
250:(39,2,3,25,25,25,0) [ 9.8604 ]
251:(37,2,3,25,25,25,0) [ 9.691600000000001 ]
252:(39,2,2,25,25,25,0) [ 9.5754 ]
253:(37,2,2,25,25,25,0) [ 9.406600000000001 ]
254:(40,2,1,25,25,25,0) [ 9.3748 ]
255:(38,2,1,25,25,25,0) [ 9.206 ]
256:(40,2,2,26,24,24,0) [ 9.581800000000001 ]
257:(38,2,2,26,24,24,0) [ 9.413 ]
258:(38,2,3,26,24,24,0) [ 9.709 ]
259:(39,2,3,26,24,24,0) [ 9.793400000000002 ]
260:(40,2,3,27,23,23,0) [ 9.8108 ]
261:(38,2,3,27,23,23,0) [ 9.642 ]
262:(38,2,4,27,23,23,0) [ 9.949 ]
263:(39,2,4,27,23,23,0) [ 10.0334 ]
264:(40,2,2,27,23,23,0) [ 9.5038 ]
265:(38,2,2,27,23,23,0) [ 9.335 ]
266:(41,2,1,27,23,23,0) [ 9.2812 ]
267:(39,2,1,27,23,23,0) [ 9.112400000000001 ]
268:(41,2,2,28,22,22,0) [ 9.510200000000001 ]
269:(39,2,2,28,22,22,0) [ 9.3414 ]
270:(39,2,3,28,22,22,0) [ 9.659400000000002 ]
271:(40,2,3,28,22,22,0) [ 9.7438 ]
272:(41,2,1,28,22,22,0) [ 9.1922 ]
273:(39,2,1,28,22,22,0) [ 9.023399999999999 ]
274:(41,2,2,29,21,21,0) [ 9.4322 ]
275:(39,2,2,29,21,21,0) [ 9.2634 ]
276:(39,2,3,29,21,21,0) [ 9.5924 ]
277:(40,2,3,29,21,21,0) [ 9.6768 ]
278:(41,2,3,30,20,20,0) [ 9.6942 ]
279:(39,2,3,30,20,20,0) [ 9.525400000000001 ]
280:(39,2,4,30,20,20,0) [ 9.865400000000001 ]
281:(40,2,4,30,20,20,0) [ 9.9498 ]
282:(42,2,2,30,20,20,0) [ 9.438600000000001 ]
283:(40,2,2,30,20,20,0) [ 9.2698 ]
284:(42,2,3,31,19,19,0) [ 9.711599999999999 ]
285:(40,2,3,31,19,19,0) [ 9.5428 ]
286:(40,2,4,31,19,19,0) [ 9.8938 ]
287:(41,2,4,31,19,19,0) [ 9.9782 ]
288:(42,2,2,31,19,19,0) [ 9.3606 ]
289:(40,2,2,31,19,19,0) [ 9.1918 ]
290:(42,2,1,31,19,19,0) [ 9.009599999999999 ]
291:(40,2,1,31,19,19,0) [ 8.8408 ]
292:(42,2,2,32,18,18,0) [ 9.2826 ]
293:(40,2,2,32,18,18,0) [ 9.113800000000001 ]
294:(40,2,3,32,18,18,0) [ 9.4758 ]
295:(41,2,3,32,18,18,0) [ 9.5602 ]
296:(42,2,1,32,18,18,0) [ 8.9206 ]
297:(40,2,1,32,18,18,0) [ 8.751800000000001 ]
298:(43,2,0,32,18,18,0) [ 8.643 ]
299:(41,2,0,32,18,18,0) [ 8.474200000000002 ]
300:(43,2,1,33,17,17,0) [ 8.916 ]
301:(41,2,1,33,17,17,0) [ 8.7472 ]
302:(41,2,2,33,17,17,0) [ 9.1202 ]
303:(42,2,2,33,17,17,0) [ 9.2046 ]
304:(43,2,2,34,16,16,0) [ 9.211 ]
305:(41,2,2,34,16,16,0) [ 9.042200000000001 ]
306:(41,2,3,34,16,16,0) [ 9.4262 ]
307:(42,2,3,34,16,16,0) [ 9.5106 ]
308:(43,2,1,34,16,16,0) [ 8.827 ]
309:(41,2,1,34,16,16,0) [ 8.6582 ]
310:(44,2,0,34,16,16,0) [ 8.5274 ]
311:(42,2,0,34,16,16,0) [ 8.3586 ]
312:(44,2,1,35,15,15,0) [ 8.8224 ]
313:(42,2,1,35,15,15,0) [ 8.653599999999999 ]
314:(42,2,2,35,15,15,0) [ 9.0486 ]
315:(43,2,2,35,15,15,0) [ 9.133 ]
316:(44,2,2,36,14,14,0) [ 9.1394 ]
317:(42,2,2,36,14,14,0) [ 8.9706 ]
318:(42,2,3,36,14,14,0) [ 9.3766 ]
319:(43,2,3,36,14,14,0) [ 9.461 ]
320:(44,2,3,37,13,13,0) [ 9.4784 ]
321:(42,2,3,37,13,13,0) [ 9.3096 ]
322:(42,2,4,37,13,13,0) [ 9.726600000000001 ]
323:(43,2,4,37,13,13,0) [ 9.811 ]
324:(44,2,4,38,12,12,0) [ 9.839400000000001 ]
325:(42,2,4,38,12,12,0) [ 9.6706 ]
326:(42,2,5,38,12,12,0) [ 10.098599999999998 ]
327:(43,2,5,38,12,12,0) [ 10.183 ]
328:(44,2,3,38,12,12,0) [ 9.4114 ]
329:(42,2,3,38,12,12,0) [ 9.2426 ]
330:(44,2,4,39,11,11,0) [ 9.783399999999999 ]
331:(42,2,4,39,11,11,0) [ 9.6146 ]
332:(42,2,5,39,11,11,0) [ 10.053599999999998 ]
333:(43,2,5,39,11,11,0) [ 10.138 ]
334:(44,2,3,39,11,11,0) [ 9.344399999999998 ]
335:(42,2,3,39,11,11,0) [ 9.1756 ]
336:(45,2,2,39,11,11,0) [ 8.9898 ]
337:(43,2,2,39,11,11,0) [ 8.821 ]
338:(45,2,1,39,11,11,0) [ 8.5508 ]
339:(43,2,1,39,11,11,0) [ 8.382 ]
340:(45,2,2,40,10,10,0) [ 8.9118 ]
341:(43,2,2,40,10,10,0) [ 8.742999999999999 ]
342:(43,2,3,40,10,10,0) [ 9.193 ]
343:(44,2,3,40,10,10,0) [ 9.2774 ]
344:(46,2,1,40,10,10,0) [ 8.546199999999999 ]
345:(44,2,1,40,10,10,0) [ 8.3774 ]
346:(46,2,2,41,9,9,0) [ 8.9182 ]
347:(44,2,2,41,9,9,0) [ 8.7494 ]
348:(44,2,3,41,9,9,0) [ 9.2104 ]
349:(45,2,3,41,9,9,0) [ 9.2948 ]
350:(46,2,3,42,8,8,0) [ 9.3122 ]
351:(44,2,3,42,8,8,0) [ 9.1434 ]
352:(44,2,4,42,8,8,0) [ 9.615400000000001 ]
353:(45,2,4,42,8,8,0) [ 9.6998 ]
354:(47,2,2,42,8,8,0) [ 8.924600000000002 ]
355:(45,2,2,42,8,8,0) [ 8.7558 ]
356:(47,2,3,43,7,7,0) [ 9.3296 ]
357:(45,2,3,43,7,7,0) [ 9.160799999999998 ]
358:(45,2,4,43,7,7,0) [ 9.643799999999999 ]
359:(46,2,4,43,7,7,0) [ 9.728200000000001 ]
360:(47,2,2,43,7,7,0) [ 8.846599999999999 ]
361:(45,2,2,43,7,7,0) [ 8.6778 ]
362:(47,2,3,44,6,6,0) [ 9.2626 ]
363:(45,2,3,44,6,6,0) [ 9.0938 ]
364:(45,2,4,44,6,6,0) [ 9.5878 ]
365:(46,2,4,44,6,6,0) [ 9.6722 ]
366:(48,2,2,44,6,6,0) [ 8.853 ]
367:(46,2,2,44,6,6,0) [ 8.684199999999999 ]
368:(48,2,3,45,5,5,0) [ 9.280000000000001 ]
369:(46,2,3,45,5,5,0) [ 9.1112 ]
370:(46,2,4,45,5,5,0) [ 9.6162 ]
371:(47,2,4,45,5,5,0) [ 9.700600000000001 ]
372:(49,2,2,45,5,5,0) [ 8.8594 ]
373:(47,2,2,45,5,5,0) [ 8.6906 ]
374:(49,2,3,46,4,4,0) [ 9.297400000000001 ]
375:(47,2,3,46,4,4,0) [ 9.1286 ]
376:(47,2,4,46,4,4,0) [ 9.6446 ]
377:(48,2,4,46,4,4,0) [ 9.729000000000001 ]
378:(49,2,4,47,3,3,0) [ 9.7574 ]
379:(47,2,4,47,3,3,0) [ 9.5886 ]
380:(47,2,5,47,3,3,0) [ 10.1156 ]
381:(48,2,5,47,3,3,0) [ 10.2 ]
382:(49,2,3,47,3,3,0) [ 9.230400000000001 ]
383:(47,2,3,47,3,3,0) [ 9.061600000000002 ]
384:(49,2,2,47,3,3,0) [ 8.7034 ]
385:(47,2,2,47,3,3,0) [ 8.534600000000001 ]
386:(50,2,1,47,3,3,0) [ 8.2608 ]
387:(48,2,1,47,3,3,0) [ 8.092 ]
388:(50,2,2,48,2,2,0) [ 8.709799999999998 ]
389:(48,2,2,48,2,2,0) [ 8.540999999999999 ]
390:(48,2,3,48,2,2,0) [ 9.079 ]
391:(49,2,3,48,2,2,0) [ 9.1634 ]
392:(50,2,1,48,2,2,0) [ 8.1718 ]
393:(48,2,1,48,2,2,0) [ 8.003 ]
394:(50,2,0,48,2,2,0) [ 7.6338 ]
395:(48,2,0,48,2,2,0) [ 7.465 ]
396:(50,2,1,49,1,1,0) [ 8.082799999999999 ]
397:(48,2,1,49,1,1,0) [ 7.913999999999999 ]
398:(48,2,2,49,1,1,0) [ 8.463 ]
399:(49,2,2,49,1,1,0) [ 8.547399999999998 ]
400:(50,2,0,49,1,1,0) [ 7.533799999999999 ]
401:(48,2,0,49,1,1,0) [ 7.364999999999999 ]
402:(50,2,1,50,0,0,0) [ 7.993799999999999 ]
403:(48,2,1,50,0,0,0) [ 7.824999999999999 ]
404:(48,2,2,50,0,0,0) [ 8.384999999999998 ]
405:(49,2,2,50,0,0,0) [ 8.4694 ]
406:(51,2,0,50,0,0,0) [ 7.518200000000001 ]
407:(49,2,0,50,0,0,0) [ 7.3494 ]
408:(26,2,1,0,50,50,0) [ 10.4182 TARGET ]
409:(25,2,2,0,50,50,0) [ 10.3438 TARGET ]
410:(26,2,2,1,49,49,0) [ 10.350200000000001 ]
411:(25,2,3,1,49,49,0) [ 10.2868 ]
412:(26,2,3,2,48,48,0) [ 10.304200000000002 ]
413:(25,2,4,2,48,48,0) [ 10.251800000000001 ]
414:(26,2,4,3,47,47,0) [ 10.2802 ]
415:(25,2,5,3,47,47,0) [ 10.238800000000001 ]
416:(26,2,5,4,46,46,0) [ 10.278200000000002 ]
417:(25,2,6,4,46,46,0) [ 10.247800000000002 ]
418:(26,2,6,5,45,45,0) [ 10.298200000000001 ]
419:(25,2,7,5,45,45,0) [ 10.2788 ]
420:(26,2,7,6,44,44,0) [ 10.3402 ]
421:(25,2,8,6,44,44,0) [ 10.331800000000001 ]
422:(27,2,6,6,44,44,0) [ 10.348600000000001 ]
423:(27,2,5,6,44,44,0) [ 10.2726 ]
424:(27,2,4,6,44,44,0) [ 10.1966 ]
425:(27,2,5,7,43,43,0) [ 10.227599999999999 ]
426:(26,2,6,7,43,43,0) [ 10.2302 ]
427:(28,2,4,7,43,43,0) [ 10.225000000000001 ]
428:(28,2,5,8,42,42,0) [ 10.267 ]
429:(27,2,6,8,42,42,0) [ 10.2806 ]
430:(29,2,4,8,42,42,0) [ 10.2534 ]
431:(29,2,5,9,41,41,0) [ 10.3064 ]
432:(28,2,6,9,41,41,0) [ 10.331000000000001 ]
433:(29,2,4,9,41,41,0) [ 10.197400000000002 ]
434:(29,2,5,10,40,40,0) [ 10.2614 ]
435:(28,2,6,10,40,40,0) [ 10.297 ]
436:(29,2,4,10,40,40,0) [ 10.1414 ]
437:(30,2,3,10,40,40,0) [ 10.1058 ]
438:(30,2,2,10,40,40,0) [ 9.985800000000001 ]
439:(30,2,3,11,39,39,0) [ 10.0388 ]
440:(29,2,4,11,39,39,0) [ 10.0854 ]
441:(30,2,4,12,38,38,0) [ 10.113800000000001 ]
442:(29,2,5,12,38,38,0) [ 10.1714 ]
443:(30,2,5,13,37,37,0) [ 10.210799999999999 ]
444:(29,2,6,13,37,37,0) [ 10.279399999999999 ]
445:(30,2,6,14,36,36,0) [ 10.3298 ]
446:(29,2,7,14,36,36,0) [ 10.4094 ]
447:(30,2,7,15,35,35,0) [ 10.4708 ]
448:(29,2,8,15,35,35,0) [ 10.561399999999999 ]
449:(30,2,8,16,34,34,0) [ 10.6338 ]
450:(29,2,9,16,34,34,0) [ 10.7354 ]
451:(31,2,7,16,34,34,0) [ 10.5322 ]
452:(31,2,8,17,33,33,0) [ 10.7062 ]
453:(30,2,9,17,33,33,0) [ 10.8188 ]
454:(32,2,7,17,33,33,0) [ 10.5936 ]
455:(32,2,8,18,32,32,0) [ 10.7786 ]
456:(31,2,9,18,32,32,0) [ 10.9022 ]
457:(33,2,7,18,32,32,0) [ 10.655000000000001 ]
458:(33,2,6,18,32,32,0) [ 10.447000000000001 ]
459:(33,2,7,19,31,31,0) [ 10.632 ]
460:(32,2,8,19,31,31,0) [ 10.7666 ]
461:(34,2,6,19,31,31,0) [ 10.4974 ]
462:(34,2,7,20,30,30,0) [ 10.6934 ]
463:(33,2,8,20,30,30,0) [ 10.838999999999999 ]
464:(35,2,6,20,30,30,0) [ 10.5478 ]
465:(35,2,7,21,29,29,0) [ 10.7548 ]
466:(34,2,8,21,29,29,0) [ 10.9114 ]
467:(36,2,6,21,29,29,0) [ 10.598200000000002 ]
468:(36,2,7,22,28,28,0) [ 10.816200000000002 ]
469:(35,2,8,22,28,28,0) [ 10.983800000000002 ]
470:(36,2,6,22,28,28,0) [ 10.5642 ]
471:(36,2,5,22,28,28,0) [ 10.3122 ]
472:(36,2,6,23,27,27,0) [ 10.5302 ]
473:(35,2,7,23,27,27,0) [ 10.7088 ]
474:(37,2,5,23,27,27,0) [ 10.351600000000001 ]
475:(37,2,6,24,26,26,0) [ 10.5806 ]
476:(36,2,7,24,26,26,0) [ 10.7702 ]
477:(38,2,5,24,26,26,0) [ 10.391 ]
478:(38,2,4,24,26,26,0) [ 10.117 ]
479:(39,2,3,24,26,26,0) [ 9.9274 ]
480:(39,2,4,25,25,25,0) [ 10.1454 ]
481:(38,2,5,25,25,25,0) [ 10.346 ]
482:(40,2,3,25,25,25,0) [ 9.9448 ]
483:(40,2,2,25,25,25,0) [ 9.6598 ]
484:(41,2,1,25,25,25,0) [ 9.4592 ]
485:(41,2,2,26,24,24,0) [ 9.6662 ]
486:(40,2,3,26,24,24,0) [ 9.8778 ]
487:(41,2,3,27,23,23,0) [ 9.8952 ]
488:(40,2,4,27,23,23,0) [ 10.1178 ]
489:(41,2,2,27,23,23,0) [ 9.5882 ]
490:(42,2,1,27,23,23,0) [ 9.3656 ]
491:(42,2,2,28,22,22,0) [ 9.5946 ]
492:(41,2,3,28,22,22,0) [ 9.8282 ]
493:(42,2,1,28,22,22,0) [ 9.276599999999998 ]
494:(42,2,2,29,21,21,0) [ 9.5166 ]
495:(41,2,3,29,21,21,0) [ 9.7612 ]
496:(42,2,3,30,20,20,0) [ 9.7786 ]
497:(41,2,4,30,20,20,0) [ 10.0342 ]
498:(43,2,2,30,20,20,0) [ 9.523 ]
499:(43,2,3,31,19,19,0) [ 9.796 ]
500:(42,2,4,31,19,19,0) [ 10.062600000000002 ]
501:(43,2,2,31,19,19,0) [ 9.445 ]
502:(43,2,1,31,19,19,0) [ 9.094 ]
503:(43,2,2,32,18,18,0) [ 9.367 ]
504:(42,2,3,32,18,18,0) [ 9.6446 ]
505:(43,2,1,32,18,18,0) [ 9.005 ]
506:(44,2,0,32,18,18,0) [ 8.727400000000001 ]
507:(44,2,1,33,17,17,0) [ 9.000399999999999 ]
508:(43,2,2,33,17,17,0) [ 9.289 ]
509:(44,2,2,34,16,16,0) [ 9.2954 ]
510:(43,2,3,34,16,16,0) [ 9.595 ]
511:(44,2,1,34,16,16,0) [ 8.9114 ]
512:(45,2,0,34,16,16,0) [ 8.6118 ]
513:(45,2,1,35,15,15,0) [ 8.9068 ]
514:(44,2,2,35,15,15,0) [ 9.2174 ]
515:(45,2,2,36,14,14,0) [ 9.2238 ]
516:(44,2,3,36,14,14,0) [ 9.545399999999999 ]
517:(45,2,3,37,13,13,0) [ 9.5628 ]
518:(44,2,4,37,13,13,0) [ 9.8954 ]
519:(45,2,4,38,12,12,0) [ 9.9238 ]
520:(44,2,5,38,12,12,0) [ 10.267399999999999 ]
521:(45,2,3,38,12,12,0) [ 9.4958 ]
522:(45,2,4,39,11,11,0) [ 9.8678 ]
523:(44,2,5,39,11,11,0) [ 10.222399999999999 ]
524:(45,2,3,39,11,11,0) [ 9.4288 ]
525:(46,2,2,39,11,11,0) [ 9.074200000000001 ]
526:(46,2,1,39,11,11,0) [ 8.635200000000001 ]
527:(46,2,2,40,10,10,0) [ 8.996200000000002 ]
528:(45,2,3,40,10,10,0) [ 9.361799999999999 ]
529:(47,2,1,40,10,10,0) [ 8.630600000000001 ]
530:(47,2,2,41,9,9,0) [ 9.002600000000001 ]
531:(46,2,3,41,9,9,0) [ 9.3792 ]
532:(47,2,3,42,8,8,0) [ 9.396600000000001 ]
533:(46,2,4,42,8,8,0) [ 9.784200000000002 ]
534:(48,2,2,42,8,8,0) [ 9.009 ]
535:(48,2,3,43,7,7,0) [ 9.413999999999998 ]
536:(47,2,4,43,7,7,0) [ 9.8126 ]
537:(48,2,2,43,7,7,0) [ 8.930999999999997 ]
538:(48,2,3,44,6,6,0) [ 9.347 ]
539:(47,2,4,44,6,6,0) [ 9.7566 ]
540:(49,2,2,44,6,6,0) [ 8.937399999999998 ]
541:(49,2,3,45,5,5,0) [ 9.3644 ]
542:(48,2,4,45,5,5,0) [ 9.785 ]
543:(50,2,2,45,5,5,0) [ 8.9438 ]
544:(50,2,3,46,4,4,0) [ 9.3818 ]
545:(49,2,4,46,4,4,0) [ 9.8134 ]
546:(50,2,4,47,3,3,0) [ 9.8418 ]
547:(49,2,5,47,3,3,0) [ 10.284400000000002 ]
548:(50,2,3,47,3,3,0) [ 9.314800000000002 ]
549:(50,2,2,47,3,3,0) [ 8.7878 ]
550:(51,2,1,47,3,3,0) [ 8.345200000000002 ]
551:(51,2,2,48,2,2,0) [ 8.7942 ]
552:(50,2,3,48,2,2,0) [ 9.247799999999998 ]
553:(51,2,1,48,2,2,0) [ 8.2562 ]
554:(51,2,0,48,2,2,0) [ 7.718200000000001 ]
555:(51,2,1,49,1,1,0) [ 8.1672 ]
556:(50,2,2,49,1,1,0) [ 8.6318 ]
557:(51,2,0,49,1,1,0) [ 7.618200000000001 ]
558:(51,2,1,50,0,0,0) [ 8.0782 ]
559:(50,2,2,50,0,0,0) [ 8.553799999999999 ]
560:(52,2,0,50,0,0,0) [ 7.602600000000001 ]
561:(27,2,1,0,50,50,0) [ 10.502600000000001 TARGET ]
562:(26,2,2,0,50,50,0) [ 10.4282 TARGET ]
563:(27,2,2,1,49,49,0) [ 10.4346 ]
564:(26,2,3,1,49,49,0) [ 10.3712 ]
565:(27,2,3,2,48,48,0) [ 10.3886 ]
566:(26,2,4,2,48,48,0) [ 10.336200000000002 ]
567:(27,2,4,3,47,47,0) [ 10.3646 ]
568:(26,2,5,3,47,47,0) [ 10.3232 ]
569:(27,2,5,4,46,46,0) [ 10.3626 ]
570:(26,2,6,4,46,46,0) [ 10.3322 ]
571:(27,2,6,5,45,45,0) [ 10.3826 ]
572:(26,2,7,5,45,45,0) [ 10.363199999999999 ]
573:(27,2,7,6,44,44,0) [ 10.424600000000002 ]
574:(26,2,8,6,44,44,0) [ 10.4162 ]
575:(28,2,6,6,44,44,0) [ 10.433 ]
576:(28,2,5,6,44,44,0) [ 10.357000000000001 ]
577:(28,2,4,6,44,44,0) [ 10.281 ]
578:(28,2,5,7,43,43,0) [ 10.312000000000001 ]
579:(27,2,6,7,43,43,0) [ 10.3146 ]
580:(29,2,4,7,43,43,0) [ 10.3094 ]
581:(29,2,5,8,42,42,0) [ 10.3514 ]
582:(28,2,6,8,42,42,0) [ 10.365000000000002 ]
583:(30,2,4,8,42,42,0) [ 10.337800000000001 ]
584:(30,2,5,9,41,41,0) [ 10.3908 ]
585:(29,2,6,9,41,41,0) [ 10.415400000000002 ]
586:(30,2,4,9,41,41,0) [ 10.2818 ]
587:(30,2,5,10,40,40,0) [ 10.3458 ]
588:(29,2,6,10,40,40,0) [ 10.3814 ]
589:(30,2,4,10,40,40,0) [ 10.2258 ]
590:(31,2,3,10,40,40,0) [ 10.1902 ]
591:(31,2,2,10,40,40,0) [ 10.0702 ]
592:(31,2,3,11,39,39,0) [ 10.1232 ]
593:(30,2,4,11,39,39,0) [ 10.1698 ]
594:(31,2,4,12,38,38,0) [ 10.1982 ]
595:(30,2,5,12,38,38,0) [ 10.2558 ]
596:(31,2,5,13,37,37,0) [ 10.295200000000001 ]
597:(30,2,6,13,37,37,0) [ 10.363800000000001 ]
598:(31,2,6,14,36,36,0) [ 10.4142 ]
599:(30,2,7,14,36,36,0) [ 10.4938 ]
600:(31,2,7,15,35,35,0) [ 10.5552 ]
601:(30,2,8,15,35,35,0) [ 10.6458 ]
602:(31,2,8,16,34,34,0) [ 10.7182 ]
603:(30,2,9,16,34,34,0) [ 10.8198 ]
604:(32,2,7,16,34,34,0) [ 10.6166 ]
605:(32,2,8,17,33,33,0) [ 10.7906 ]
606:(31,2,9,17,33,33,0) [ 10.9032 ]
607:(33,2,7,17,33,33,0) [ 10.678 ]
608:(33,2,8,18,32,32,0) [ 10.863 ]
609:(32,2,9,18,32,32,0) [ 10.9866 ]
610:(34,2,7,18,32,32,0) [ 10.7394 ]
611:(34,2,6,18,32,32,0) [ 10.531400000000001 ]
612:(34,2,7,19,31,31,0) [ 10.7164 ]
613:(33,2,8,19,31,31,0) [ 10.851 ]
614:(35,2,6,19,31,31,0) [ 10.581800000000001 ]
615:(35,2,7,20,30,30,0) [ 10.7778 ]
616:(34,2,8,20,30,30,0) [ 10.9234 ]
617:(36,2,6,20,30,30,0) [ 10.632200000000001 ]
618:(36,2,7,21,29,29,0) [ 10.839200000000002 ]
619:(35,2,8,21,29,29,0) [ 10.995800000000001 ]
620:(37,2,6,21,29,29,0) [ 10.6826 ]
621:(37,2,7,22,28,28,0) [ 10.9006 ]
622:(36,2,8,22,28,28,0) [ 11.068200000000001 ]
623:(37,2,6,22,28,28,0) [ 10.6486 ]
624:(37,2,5,22,28,28,0) [ 10.3966 ]
625:(37,2,6,23,27,27,0) [ 10.6146 ]
626:(36,2,7,23,27,27,0) [ 10.793199999999999 ]
627:(38,2,5,23,27,27,0) [ 10.436 ]
628:(38,2,6,24,26,26,0) [ 10.665000000000001 ]
629:(37,2,7,24,26,26,0) [ 10.8546 ]
630:(39,2,5,24,26,26,0) [ 10.4754 ]
631:(39,2,4,24,26,26,0) [ 10.201400000000001 ]
632:(40,2,3,24,26,26,0) [ 10.011800000000001 ]
633:(40,2,4,25,25,25,0) [ 10.229800000000001 ]
634:(39,2,5,25,25,25,0) [ 10.430399999999999 ]
635:(41,2,3,25,25,25,0) [ 10.0292 ]
636:(41,2,2,25,25,25,0) [ 9.7442 ]
637:(42,2,1,25,25,25,0) [ 9.5436 ]
638:(42,2,2,26,24,24,0) [ 9.7506 ]
639:(41,2,3,26,24,24,0) [ 9.9622 ]
640:(42,2,3,27,23,23,0) [ 9.9796 ]
641:(41,2,4,27,23,23,0) [ 10.202200000000001 ]
642:(42,2,2,27,23,23,0) [ 9.672600000000001 ]
643:(43,2,1,27,23,23,0) [ 9.450000000000001 ]
644:(43,2,2,28,22,22,0) [ 9.679 ]
645:(42,2,3,28,22,22,0) [ 9.912600000000001 ]
646:(43,2,1,28,22,22,0) [ 9.361 ]
647:(43,2,2,29,21,21,0) [ 9.601 ]
648:(42,2,3,29,21,21,0) [ 9.8456 ]
649:(43,2,3,30,20,20,0) [ 9.863 ]
650:(42,2,4,30,20,20,0) [ 10.1186 ]
651:(44,2,2,30,20,20,0) [ 9.6074 ]
652:(44,2,3,31,19,19,0) [ 9.8804 ]
653:(43,2,4,31,19,19,0) [ 10.147 ]
654:(44,2,2,31,19,19,0) [ 9.529399999999999 ]
655:(44,2,1,31,19,19,0) [ 9.1784 ]
656:(44,2,2,32,18,18,0) [ 9.4514 ]
657:(43,2,3,32,18,18,0) [ 9.729 ]
658:(44,2,1,32,18,18,0) [ 9.0894 ]
659:(45,2,0,32,18,18,0) [ 8.8118 ]
660:(45,2,1,33,17,17,0) [ 9.0848 ]
661:(44,2,2,33,17,17,0) [ 9.3734 ]
662:(45,2,2,34,16,16,0) [ 9.3798 ]
663:(44,2,3,34,16,16,0) [ 9.6794 ]
664:(45,2,1,34,16,16,0) [ 8.9958 ]
665:(46,2,0,34,16,16,0) [ 8.696200000000001 ]
666:(46,2,1,35,15,15,0) [ 8.9912 ]
667:(45,2,2,35,15,15,0) [ 9.3018 ]
668:(46,2,2,36,14,14,0) [ 9.308200000000001 ]
669:(45,2,3,36,14,14,0) [ 9.629800000000001 ]
670:(46,2,3,37,13,13,0) [ 9.647200000000002 ]
671:(45,2,4,37,13,13,0) [ 9.979800000000001 ]
672:(46,2,4,38,12,12,0) [ 10.008199999999999 ]
673:(45,2,5,38,12,12,0) [ 10.3518 ]
674:(46,2,3,38,12,12,0) [ 9.580200000000001 ]
675:(46,2,4,39,11,11,0) [ 9.9522 ]
676:(45,2,5,39,11,11,0) [ 10.306799999999999 ]
677:(46,2,3,39,11,11,0) [ 9.5132 ]
678:(47,2,2,39,11,11,0) [ 9.1586 ]
679:(47,2,1,39,11,11,0) [ 8.7196 ]
680:(47,2,2,40,10,10,0) [ 9.0806 ]
681:(46,2,3,40,10,10,0) [ 9.446200000000001 ]
682:(48,2,1,40,10,10,0) [ 8.715 ]
683:(48,2,2,41,9,9,0) [ 9.087 ]
684:(47,2,3,41,9,9,0) [ 9.463600000000001 ]
685:(48,2,3,42,8,8,0) [ 9.481000000000002 ]
686:(47,2,4,42,8,8,0) [ 9.8686 ]
687:(49,2,2,42,8,8,0) [ 9.093399999999999 ]
688:(49,2,3,43,7,7,0) [ 9.4984 ]
689:(48,2,4,43,7,7,0) [ 9.896999999999998 ]
690:(49,2,2,43,7,7,0) [ 9.0154 ]
691:(49,2,3,44,6,6,0) [ 9.4314 ]
692:(48,2,4,44,6,6,0) [ 9.841 ]
693:(50,2,2,44,6,6,0) [ 9.021799999999999 ]
694:(50,2,3,45,5,5,0) [ 9.4488 ]
695:(49,2,4,45,5,5,0) [ 9.869399999999999 ]
696:(51,2,2,45,5,5,0) [ 9.028200000000002 ]
697:(51,2,3,46,4,4,0) [ 9.466200000000002 ]
698:(50,2,4,46,4,4,0) [ 9.8978 ]
699:(51,2,4,47,3,3,0) [ 9.926200000000001 ]
700:(50,2,5,47,3,3,0) [ 10.3688 ]
701:(51,2,3,47,3,3,0) [ 9.399200000000002 ]
702:(51,2,2,47,3,3,0) [ 8.872200000000001 ]
703:(52,2,1,47,3,3,0) [ 8.4296 ]
704:(52,2,2,48,2,2,0) [ 8.878599999999999 ]
705:(51,2,3,48,2,2,0) [ 9.3322 ]
706:(52,2,1,48,2,2,0) [ 8.340599999999998 ]
707:(52,2,0,48,2,2,0) [ 7.802600000000001 ]
708:(52,2,1,49,1,1,0) [ 8.2516 ]
709:(51,2,2,49,1,1,0) [ 8.716199999999999 ]
710:(52,2,0,49,1,1,0) [ 7.7026 ]
711:(52,2,1,50,0,0,0) [ 8.162600000000001 ]
712:(51,2,2,50,0,0,0) [ 8.638200000000001 ]
713:(53,2,0,50,0,0,0) [ 7.687 ]
714:(23,2,3,0,50,50,0) [ 10.185 TARGET ]
715:(24,2,3,0,50,50,0) [ 10.2694 TARGET ]
716:(23,2,4,1,49,49,0) [ 10.139 ]
717:(24,2,4,1,49,49,0) [ 10.2234 ]
718:(23,2,5,2,48,48,0) [ 10.115 ]
719:(24,2,5,2,48,48,0) [ 10.1994 ]
720:(23,2,6,3,47,47,0) [ 10.113 ]
721:(24,2,6,3,47,47,0) [ 10.1974 ]
722:(23,2,7,4,46,46,0) [ 10.133 ]
723:(24,2,7,4,46,46,0) [ 10.217400000000001 ]
724:(23,2,8,5,45,45,0) [ 10.175 ]
725:(24,2,8,5,45,45,0) [ 10.2594 ]
726:(23,2,9,6,44,44,0) [ 10.239 ]
727:(24,2,9,6,44,44,0) [ 10.3234 ]
728:(24,2,7,7,43,43,0) [ 10.148399999999999 ]
729:(25,2,7,7,43,43,0) [ 10.232800000000001 ]
730:(25,2,7,8,42,42,0) [ 10.209800000000001 ]
731:(26,2,7,8,42,42,0) [ 10.2942 ]
732:(26,2,7,9,41,41,0) [ 10.2712 ]
733:(27,2,7,9,41,41,0) [ 10.3556 ]
734:(26,2,7,10,40,40,0) [ 10.2482 ]
735:(27,2,7,10,40,40,0) [ 10.3326 ]
736:(27,2,5,11,39,39,0) [ 10.047600000000001 ]
737:(28,2,5,11,39,39,0) [ 10.132000000000001 ]
738:(27,2,6,12,38,38,0) [ 10.1446 ]
739:(28,2,6,12,38,38,0) [ 10.229000000000001 ]
740:(27,2,7,13,37,37,0) [ 10.2636 ]
741:(28,2,7,13,37,37,0) [ 10.347999999999999 ]
742:(27,2,8,14,36,36,0) [ 10.4046 ]
743:(28,2,8,14,36,36,0) [ 10.489 ]
744:(27,2,9,15,35,35,0) [ 10.5676 ]
745:(28,2,9,15,35,35,0) [ 10.652000000000001 ]
746:(27,2,10,16,34,34,0) [ 10.752600000000001 ]
747:(28,2,10,16,34,34,0) [ 10.837 ]
748:(28,2,10,17,33,33,0) [ 10.847 ]
749:(29,2,10,17,33,33,0) [ 10.9314 ]
750:(29,2,10,18,32,32,0) [ 10.9414 ]
751:(30,2,10,18,32,32,0) [ 11.0258 ]
752:(30,2,9,19,31,31,0) [ 10.8168 ]
753:(31,2,9,19,31,31,0) [ 10.9012 ]
754:(31,2,9,20,30,30,0) [ 10.9002 ]
755:(32,2,9,20,30,30,0) [ 10.9846 ]
756:(32,2,9,21,29,29,0) [ 10.983600000000001 ]
757:(33,2,9,21,29,29,0) [ 11.068 ]
758:(33,2,9,22,28,28,0) [ 11.067 ]
759:(34,2,9,22,28,28,0) [ 11.1514 ]
760:(33,2,8,23,27,27,0) [ 10.803 ]
761:(34,2,8,23,27,27,0) [ 10.8874 ]
762:(34,2,8,24,26,26,0) [ 10.8754 ]
763:(35,2,8,24,26,26,0) [ 10.9598 ]
764:(36,2,6,25,25,25,0) [ 10.4622 ]
765:(37,2,6,25,25,25,0) [ 10.546600000000002 ]
766:(38,2,4,26,24,24,0) [ 10.005 ]
767:(39,2,4,26,24,24,0) [ 10.089400000000001 ]
768:(38,2,5,27,23,23,0) [ 10.256 ]
769:(39,2,5,27,23,23,0) [ 10.3404 ]
770:(39,2,4,28,22,22,0) [ 9.9774 ]
771:(40,2,4,28,22,22,0) [ 10.061800000000002 ]
772:(39,2,4,29,21,21,0) [ 9.9214 ]
773:(40,2,4,29,21,21,0) [ 10.0058 ]
774:(39,2,5,30,20,20,0) [ 10.205400000000001 ]
775:(40,2,5,30,20,20,0) [ 10.2898 ]
776:(40,2,5,31,19,19,0) [ 10.2448 ]
777:(41,2,5,31,19,19,0) [ 10.3292 ]
778:(40,2,4,32,18,18,0) [ 9.837800000000001 ]
779:(41,2,4,32,18,18,0) [ 9.9222 ]
780:(41,2,3,33,17,17,0) [ 9.4932 ]
781:(42,2,3,33,17,17,0) [ 9.5776 ]
782:(41,2,4,34,16,16,0) [ 9.8102 ]
783:(42,2,4,34,16,16,0) [ 9.894599999999999 ]
784:(42,2,3,35,15,15,0) [ 9.4436 ]
785:(43,2,3,35,15,15,0) [ 9.527999999999999 ]
786:(42,2,4,36,14,14,0) [ 9.7826 ]
787:(43,2,4,36,14,14,0) [ 9.866999999999999 ]
788:(42,2,5,37,13,13,0) [ 10.1436 ]
789:(43,2,5,37,13,13,0) [ 10.228000000000002 ]
790:(42,2,6,38,12,12,0) [ 10.526599999999998 ]
791:(43,2,6,38,12,12,0) [ 10.611 ]
792:(42,2,6,39,11,11,0) [ 10.492600000000001 ]
793:(43,2,6,39,11,11,0) [ 10.577 ]
794:(43,2,4,40,10,10,0) [ 9.643 ]
795:(44,2,4,40,10,10,0) [ 9.7274 ]
796:(44,2,4,41,9,9,0) [ 9.6714 ]
797:(45,2,4,41,9,9,0) [ 9.755799999999999 ]
798:(44,2,5,42,8,8,0) [ 10.087399999999999 ]
799:(45,2,5,42,8,8,0) [ 10.171800000000001 ]
800:(45,2,5,43,7,7,0) [ 10.1268 ]
801:(46,2,5,43,7,7,0) [ 10.211199999999998 ]
802:(45,2,5,44,6,6,0) [ 10.0818 ]
803:(46,2,5,44,6,6,0) [ 10.1662 ]
804:(46,2,5,45,5,5,0) [ 10.1212 ]
805:(47,2,5,45,5,5,0) [ 10.2056 ]
806:(47,2,5,46,4,4,0) [ 10.1606 ]
807:(48,2,5,46,4,4,0) [ 10.245 ]
808:(47,2,6,47,3,3,0) [ 10.642600000000002 ]
809:(48,2,6,47,3,3,0) [ 10.727 ]
810:(48,2,4,48,2,2,0) [ 9.616999999999999 ]
811:(49,2,4,48,2,2,0) [ 9.7014 ]
812:(48,2,3,49,1,1,0) [ 9.011999999999999 ]
813:(49,2,3,49,1,1,0) [ 9.096400000000001 ]
814:(48,2,3,50,0,0,0) [ 8.945 ]
815:(49,2,3,50,0,0,0) [ 9.0294 ]
816:(25,2,3,0,50,50,0) [ 10.3538 TARGET ]
817:(25,2,4,1,49,49,0) [ 10.3078 ]
818:(25,2,5,2,48,48,0) [ 10.2838 ]
819:(25,2,6,3,47,47,0) [ 10.2818 ]
820:(25,2,7,4,46,46,0) [ 10.3018 ]
821:(25,2,8,5,45,45,0) [ 10.3438 ]
822:(25,2,9,6,44,44,0) [ 10.4078 ]
823:(26,2,7,7,43,43,0) [ 10.3172 ]
824:(27,2,7,8,42,42,0) [ 10.3786 ]
825:(28,2,7,9,41,41,0) [ 10.440000000000001 ]
826:(28,2,7,10,40,40,0) [ 10.417 ]
827:(29,2,5,11,39,39,0) [ 10.2164 ]
828:(29,2,6,12,38,38,0) [ 10.3134 ]
829:(29,2,7,13,37,37,0) [ 10.432400000000001 ]
830:(29,2,8,14,36,36,0) [ 10.5734 ]
831:(29,2,9,15,35,35,0) [ 10.7364 ]
832:(29,2,10,16,34,34,0) [ 10.9214 ]
833:(30,2,10,17,33,33,0) [ 11.0158 ]
834:(31,2,10,18,32,32,0) [ 11.110199999999999 ]
835:(32,2,9,19,31,31,0) [ 10.9856 ]
836:(33,2,9,20,30,30,0) [ 11.068999999999999 ]
837:(34,2,9,21,29,29,0) [ 11.1524 ]
838:(35,2,9,22,28,28,0) [ 11.235800000000001 ]
839:(35,2,8,23,27,27,0) [ 10.971799999999998 ]
840:(36,2,8,24,26,26,0) [ 11.0442 ]
841:(38,2,6,25,25,25,0) [ 10.631 ]
842:(40,2,4,26,24,24,0) [ 10.1738 ]
843:(40,2,5,27,23,23,0) [ 10.424800000000001 ]
844:(41,2,4,28,22,22,0) [ 10.1462 ]
845:(41,2,4,29,21,21,0) [ 10.090200000000001 ]
846:(41,2,5,30,20,20,0) [ 10.3742 ]
847:(42,2,5,31,19,19,0) [ 10.4136 ]
848:(42,2,4,32,18,18,0) [ 10.0066 ]
849:(43,2,3,33,17,17,0) [ 9.661999999999999 ]
850:(43,2,4,34,16,16,0) [ 9.979000000000001 ]
851:(44,2,3,35,15,15,0) [ 9.612400000000001 ]
852:(44,2,4,36,14,14,0) [ 9.951400000000001 ]
853:(44,2,5,37,13,13,0) [ 10.3124 ]
854:(44,2,6,38,12,12,0) [ 10.6954 ]
855:(44,2,6,39,11,11,0) [ 10.661399999999999 ]
856:(45,2,4,40,10,10,0) [ 9.8118 ]
857:(46,2,4,41,9,9,0) [ 9.840200000000001 ]
858:(46,2,5,42,8,8,0) [ 10.2562 ]
859:(47,2,5,43,7,7,0) [ 10.2956 ]
860:(47,2,5,44,6,6,0) [ 10.2506 ]
861:(48,2,5,45,5,5,0) [ 10.29 ]
862:(49,2,5,46,4,4,0) [ 10.329400000000001 ]
863:(49,2,6,47,3,3,0) [ 10.8114 ]
864:(50,2,4,48,2,2,0) [ 9.785799999999998 ]
865:(50,2,3,49,1,1,0) [ 9.1808 ]
866:(50,2,3,50,0,0,0) [ 9.113800000000001 ]
867:(22,2,1,0,50,50,0) [ 10.0806 TARGET ]
868:(22,2,2,0,50,50,0) [ 10.0906 TARGET ]
869:(22,2,2,1,49,49,0) [ 10.0126 ]
870:(22,2,3,1,49,49,0) [ 10.0336 ]
871:(22,2,3,2,48,48,0) [ 9.9666 ]
872:(22,2,4,2,48,48,0) [ 9.9986 ]
873:(22,2,4,3,47,47,0) [ 9.942599999999999 ]
874:(22,2,5,3,47,47,0) [ 9.985600000000002 ]
875:(22,2,5,4,46,46,0) [ 9.9406 ]
876:(22,2,6,4,46,46,0) [ 9.994600000000002 ]
877:(22,2,6,5,45,45,0) [ 9.9606 ]
878:(22,2,7,5,45,45,0) [ 10.0256 ]
879:(22,2,7,6,44,44,0) [ 10.002600000000001 ]
880:(22,2,8,6,44,44,0) [ 10.078600000000002 ]
881:(23,2,6,6,44,44,0) [ 10.011 ]
882:(23,2,5,6,44,44,0) [ 9.935 ]
883:(23,2,4,6,44,44,0) [ 9.859 ]
884:(23,2,5,7,43,43,0) [ 9.89 ]
885:(23,2,6,7,43,43,0) [ 9.977 ]
886:(24,2,4,7,43,43,0) [ 9.8874 ]
887:(24,2,5,8,42,42,0) [ 9.929400000000001 ]
888:(24,2,6,8,42,42,0) [ 10.0274 ]
889:(25,2,4,8,42,42,0) [ 9.9158 ]
890:(25,2,5,9,41,41,0) [ 9.968800000000002 ]
891:(25,2,6,9,41,41,0) [ 10.0778 ]
892:(25,2,4,9,41,41,0) [ 9.8598 ]
893:(25,2,5,10,40,40,0) [ 9.9238 ]
894:(25,2,6,10,40,40,0) [ 10.043800000000001 ]
895:(25,2,4,10,40,40,0) [ 9.803799999999999 ]
896:(26,2,3,10,40,40,0) [ 9.7682 ]
897:(26,2,2,10,40,40,0) [ 9.6482 ]
898:(26,2,3,11,39,39,0) [ 9.7012 ]
899:(26,2,4,11,39,39,0) [ 9.8322 ]
900:(26,2,4,12,38,38,0) [ 9.776200000000001 ]
901:(26,2,5,12,38,38,0) [ 9.9182 ]
902:(26,2,5,13,37,37,0) [ 9.8732 ]
903:(26,2,6,13,37,37,0) [ 10.0262 ]
904:(26,2,6,14,36,36,0) [ 9.9922 ]
905:(26,2,7,14,36,36,0) [ 10.1562 ]
906:(26,2,7,15,35,35,0) [ 10.1332 ]
907:(26,2,8,15,35,35,0) [ 10.3082 ]
908:(26,2,8,16,34,34,0) [ 10.2962 ]
909:(26,2,9,16,34,34,0) [ 10.4822 ]
910:(27,2,7,16,34,34,0) [ 10.194600000000001 ]
911:(27,2,8,17,33,33,0) [ 10.3686 ]
912:(27,2,9,17,33,33,0) [ 10.5656 ]
913:(28,2,7,17,33,33,0) [ 10.256 ]
914:(28,2,8,18,32,32,0) [ 10.441 ]
915:(28,2,9,18,32,32,0) [ 10.649000000000001 ]
916:(29,2,7,18,32,32,0) [ 10.3174 ]
917:(29,2,6,18,32,32,0) [ 10.1094 ]
918:(29,2,7,19,31,31,0) [ 10.2944 ]
919:(29,2,8,19,31,31,0) [ 10.5134 ]
920:(30,2,6,19,31,31,0) [ 10.1598 ]
921:(30,2,7,20,30,30,0) [ 10.355799999999999 ]
922:(30,2,8,20,30,30,0) [ 10.585799999999999 ]
923:(31,2,6,20,30,30,0) [ 10.2102 ]
924:(31,2,7,21,29,29,0) [ 10.417200000000001 ]
925:(31,2,8,21,29,29,0) [ 10.6582 ]
926:(32,2,6,21,29,29,0) [ 10.2606 ]
927:(32,2,7,22,28,28,0) [ 10.4786 ]
928:(32,2,8,22,28,28,0) [ 10.7306 ]
929:(32,2,6,22,28,28,0) [ 10.2266 ]
930:(32,2,5,22,28,28,0) [ 9.9746 ]
931:(32,2,6,23,27,27,0) [ 10.1926 ]
932:(32,2,7,23,27,27,0) [ 10.4556 ]
933:(33,2,5,23,27,27,0) [ 10.014 ]
934:(33,2,6,24,26,26,0) [ 10.243 ]
935:(33,2,7,24,26,26,0) [ 10.517 ]
936:(34,2,5,24,26,26,0) [ 10.0534 ]
937:(34,2,4,24,26,26,0) [ 9.7794 ]
938:(35,2,3,24,26,26,0) [ 9.5898 ]
939:(35,2,4,25,25,25,0) [ 9.8078 ]
940:(35,2,5,25,25,25,0) [ 10.0928 ]
941:(36,2,3,25,25,25,0) [ 9.6072 ]
942:(36,2,2,25,25,25,0) [ 9.3222 ]
943:(37,2,1,25,25,25,0) [ 9.1216 ]
944:(37,2,2,26,24,24,0) [ 9.328600000000002 ]
945:(37,2,3,26,24,24,0) [ 9.624600000000001 ]
946:(37,2,3,27,23,23,0) [ 9.5576 ]
947:(37,2,4,27,23,23,0) [ 9.864600000000001 ]
948:(37,2,2,27,23,23,0) [ 9.2506 ]
949:(38,2,1,27,23,23,0) [ 9.028 ]
950:(38,2,2,28,22,22,0) [ 9.257000000000001 ]
951:(38,2,3,28,22,22,0) [ 9.575 ]
952:(38,2,1,28,22,22,0) [ 8.939 ]
953:(38,2,2,29,21,21,0) [ 9.179 ]
954:(38,2,3,29,21,21,0) [ 9.508000000000001 ]
955:(38,2,3,30,20,20,0) [ 9.440999999999999 ]
956:(38,2,4,30,20,20,0) [ 9.780999999999999 ]
957:(39,2,2,30,20,20,0) [ 9.185400000000001 ]
958:(39,2,3,31,19,19,0) [ 9.4584 ]
959:(39,2,4,31,19,19,0) [ 9.8094 ]
960:(39,2,2,31,19,19,0) [ 9.1074 ]
961:(39,2,1,31,19,19,0) [ 8.7564 ]
962:(39,2,2,32,18,18,0) [ 9.0294 ]
963:(39,2,3,32,18,18,0) [ 9.3914 ]
964:(39,2,1,32,18,18,0) [ 8.6674 ]
965:(40,2,0,32,18,18,0) [ 8.389800000000001 ]
966:(40,2,1,33,17,17,0) [ 8.6628 ]
967:(40,2,2,33,17,17,0) [ 9.0358 ]
968:(40,2,2,34,16,16,0) [ 8.9578 ]
969:(40,2,3,34,16,16,0) [ 9.341800000000001 ]
970:(40,2,1,34,16,16,0) [ 8.5738 ]
971:(41,2,0,34,16,16,0) [ 8.2742 ]
972:(41,2,1,35,15,15,0) [ 8.5692 ]
973:(41,2,2,35,15,15,0) [ 8.9642 ]
974:(41,2,2,36,14,14,0) [ 8.8862 ]
975:(41,2,3,36,14,14,0) [ 9.2922 ]
976:(41,2,3,37,13,13,0) [ 9.225200000000001 ]
977:(41,2,4,37,13,13,0) [ 9.6422 ]
978:(41,2,4,38,12,12,0) [ 9.586200000000002 ]
979:(41,2,5,38,12,12,0) [ 10.014199999999999 ]
980:(41,2,3,38,12,12,0) [ 9.1582 ]
981:(41,2,4,39,11,11,0) [ 9.530199999999999 ]
982:(41,2,5,39,11,11,0) [ 9.969199999999999 ]
983:(41,2,3,39,11,11,0) [ 9.0912 ]
984:(42,2,2,39,11,11,0) [ 8.7366 ]
985:(42,2,1,39,11,11,0) [ 8.2976 ]
986:(42,2,2,40,10,10,0) [ 8.6586 ]
987:(42,2,3,40,10,10,0) [ 9.1086 ]
988:(43,2,1,40,10,10,0) [ 8.293 ]
989:(43,2,2,41,9,9,0) [ 8.665 ]
990:(43,2,3,41,9,9,0) [ 9.126 ]
991:(43,2,3,42,8,8,0) [ 9.059000000000001 ]
992:(43,2,4,42,8,8,0) [ 9.531 ]
993:(44,2,2,42,8,8,0) [ 8.6714 ]
994:(44,2,3,43,7,7,0) [ 9.0764 ]
995:(44,2,4,43,7,7,0) [ 9.5594 ]
996:(44,2,2,43,7,7,0) [ 8.593399999999999 ]
997:(44,2,3,44,6,6,0) [ 9.0094 ]
998:(44,2,4,44,6,6,0) [ 9.503400000000001 ]
999:(45,2,2,44,6,6,0) [ 8.5998 ]
1000:(45,2,3,45,5,5,0) [ 9.0268 ]
1001:(45,2,4,45,5,5,0) [ 9.5318 ]
1002:(46,2,2,45,5,5,0) [ 8.606200000000001 ]
1003:(46,2,3,46,4,4,0) [ 9.044200000000002 ]
1004:(46,2,4,46,4,4,0) [ 9.5602 ]
1005:(46,2,4,47,3,3,0) [ 9.5042 ]
1006:(46,2,5,47,3,3,0) [ 10.031200000000002 ]
1007:(46,2,3,47,3,3,0) [ 8.9772 ]
1008:(46,2,2,47,3,3,0) [ 8.450200000000002 ]
1009:(47,2,1,47,3,3,0) [ 8.0076 ]
1010:(47,2,2,48,2,2,0) [ 8.4566 ]
1011:(47,2,3,48,2,2,0) [ 8.994599999999998 ]
1012:(47,2,1,48,2,2,0) [ 7.9186000000000005 ]
1013:(47,2,0,48,2,2,0) [ 7.3806 ]
1014:(47,2,1,49,1,1,0) [ 7.8296 ]
1015:(47,2,2,49,1,1,0) [ 8.3786 ]
1016:(47,2,0,49,1,1,0) [ 7.2806 ]
1017:(47,2,1,50,0,0,0) [ 7.740600000000001 ]
1018:(47,2,2,50,0,0,0) [ 8.3006 ]
1019:(48,2,0,50,0,0,0) [ 7.265 ]
1020:(21,2,1,0,50,50,0) [ 9.9962 ]
1021:(21,2,2,0,50,50,0) [ 10.0062 ]
1022:(21,2,2,1,49,49,0) [ 9.9282 ]
1023:(21,2,3,1,49,49,0) [ 9.949200000000001 ]
1024:(21,2,3,2,48,48,0) [ 9.882200000000001 ]
1025:(21,2,4,2,48,48,0) [ 9.914200000000001 ]
1026:(21,2,4,3,47,47,0) [ 9.8582 ]
1027:(21,2,5,3,47,47,0) [ 9.9012 ]
1028:(21,2,5,4,46,46,0) [ 9.856200000000001 ]
1029:(21,2,6,4,46,46,0) [ 9.9102 ]
1030:(21,2,6,5,45,45,0) [ 9.8762 ]
1031:(21,2,7,5,45,45,0) [ 9.9412 ]
1032:(21,2,7,6,44,44,0) [ 9.9182 ]
1033:(21,2,8,6,44,44,0) [ 9.9942 ]
1034:(22,2,6,6,44,44,0) [ 9.9266 ]
1035:(22,2,5,6,44,44,0) [ 9.8506 ]
1036:(22,2,4,6,44,44,0) [ 9.7746 ]
1037:(22,2,5,7,43,43,0) [ 9.805599999999998 ]
1038:(22,2,6,7,43,43,0) [ 9.8926 ]
1039:(23,2,4,7,43,43,0) [ 9.803 ]
1040:(23,2,5,8,42,42,0) [ 9.844999999999999 ]
1041:(23,2,6,8,42,42,0) [ 9.943000000000001 ]
1042:(24,2,4,8,42,42,0) [ 9.831399999999999 ]
1043:(24,2,5,9,41,41,0) [ 9.8844 ]
1044:(24,2,6,9,41,41,0) [ 9.993400000000001 ]
1045:(24,2,4,9,41,41,0) [ 9.775400000000001 ]
1046:(24,2,5,10,40,40,0) [ 9.8394 ]
1047:(24,2,6,10,40,40,0) [ 9.9594 ]
1048:(24,2,4,10,40,40,0) [ 9.7194 ]
1049:(25,2,3,10,40,40,0) [ 9.6838 ]
1050:(25,2,2,10,40,40,0) [ 9.5638 ]
1051:(25,2,3,11,39,39,0) [ 9.6168 ]
1052:(25,2,4,11,39,39,0) [ 9.7478 ]
1053:(25,2,4,12,38,38,0) [ 9.6918 ]
1054:(25,2,5,12,38,38,0) [ 9.8338 ]
1055:(25,2,5,13,37,37,0) [ 9.788799999999998 ]
1056:(25,2,6,13,37,37,0) [ 9.9418 ]
1057:(25,2,6,14,36,36,0) [ 9.9078 ]
1058:(25,2,7,14,36,36,0) [ 10.0718 ]
1059:(25,2,7,15,35,35,0) [ 10.0488 ]
1060:(25,2,8,15,35,35,0) [ 10.2238 ]
1061:(25,2,8,16,34,34,0) [ 10.2118 ]
1062:(25,2,9,16,34,34,0) [ 10.3978 ]
1063:(26,2,7,16,34,34,0) [ 10.1102 ]
1064:(26,2,8,17,33,33,0) [ 10.2842 ]
1065:(26,2,9,17,33,33,0) [ 10.481200000000001 ]
1066:(27,2,7,17,33,33,0) [ 10.1716 ]
1067:(27,2,8,18,32,32,0) [ 10.3566 ]
1068:(27,2,9,18,32,32,0) [ 10.5646 ]
1069:(28,2,7,18,32,32,0) [ 10.233 ]
1070:(28,2,6,18,32,32,0) [ 10.025000000000002 ]
1071:(28,2,7,19,31,31,0) [ 10.21 ]
1072:(28,2,8,19,31,31,0) [ 10.429 ]
1073:(29,2,6,19,31,31,0) [ 10.0754 ]
1074:(29,2,7,20,30,30,0) [ 10.2714 ]
1075:(29,2,8,20,30,30,0) [ 10.5014 ]
1076:(30,2,6,20,30,30,0) [ 10.1258 ]
1077:(30,2,7,21,29,29,0) [ 10.332799999999999 ]
1078:(30,2,8,21,29,29,0) [ 10.5738 ]
1079:(31,2,6,21,29,29,0) [ 10.176200000000001 ]
1080:(31,2,7,22,28,28,0) [ 10.3942 ]
1081:(31,2,8,22,28,28,0) [ 10.6462 ]
1082:(31,2,6,22,28,28,0) [ 10.1422 ]
1083:(31,2,5,22,28,28,0) [ 9.8902 ]
1084:(31,2,6,23,27,27,0) [ 10.1082 ]
1085:(31,2,7,23,27,27,0) [ 10.3712 ]
1086:(32,2,5,23,27,27,0) [ 9.9296 ]
1087:(32,2,6,24,26,26,0) [ 10.1586 ]
1088:(32,2,7,24,26,26,0) [ 10.4326 ]
1089:(33,2,5,24,26,26,0) [ 9.969 ]
1090:(33,2,4,24,26,26,0) [ 9.695 ]
1091:(34,2,3,24,26,26,0) [ 9.5054 ]
1092:(34,2,4,25,25,25,0) [ 9.7234 ]
1093:(34,2,5,25,25,25,0) [ 10.0084 ]
1094:(35,2,3,25,25,25,0) [ 9.5228 ]
1095:(35,2,2,25,25,25,0) [ 9.2378 ]
1096:(36,2,1,25,25,25,0) [ 9.0372 ]
1097:(36,2,2,26,24,24,0) [ 9.244200000000001 ]
1098:(36,2,3,26,24,24,0) [ 9.5402 ]
1099:(36,2,3,27,23,23,0) [ 9.4732 ]
1100:(36,2,4,27,23,23,0) [ 9.7802 ]
1101:(36,2,2,27,23,23,0) [ 9.1662 ]
1102:(37,2,1,27,23,23,0) [ 8.9436 ]
1103:(37,2,2,28,22,22,0) [ 9.1726 ]
1104:(37,2,3,28,22,22,0) [ 9.4906 ]
1105:(37,2,1,28,22,22,0) [ 8.854600000000001 ]
1106:(37,2,2,29,21,21,0) [ 9.0946 ]
1107:(37,2,3,29,21,21,0) [ 9.4236 ]
1108:(37,2,3,30,20,20,0) [ 9.3566 ]
1109:(37,2,4,30,20,20,0) [ 9.6966 ]
1110:(38,2,2,30,20,20,0) [ 9.100999999999999 ]
1111:(38,2,3,31,19,19,0) [ 9.374 ]
1112:(38,2,4,31,19,19,0) [ 9.725 ]
1113:(38,2,2,31,19,19,0) [ 9.023 ]
1114:(38,2,1,31,19,19,0) [ 8.672 ]
1115:(38,2,2,32,18,18,0) [ 8.945 ]
1116:(38,2,3,32,18,18,0) [ 9.307 ]
1117:(38,2,1,32,18,18,0) [ 8.583 ]
1118:(39,2,0,32,18,18,0) [ 8.3054 ]
1119:(39,2,1,33,17,17,0) [ 8.5784 ]
1120:(39,2,2,33,17,17,0) [ 8.9514 ]
1121:(39,2,2,34,16,16,0) [ 8.8734 ]
1122:(39,2,3,34,16,16,0) [ 9.2574 ]
1123:(39,2,1,34,16,16,0) [ 8.4894 ]
1124:(40,2,0,34,16,16,0) [ 8.1898 ]
1125:(40,2,1,35,15,15,0) [ 8.4848 ]
1126:(40,2,2,35,15,15,0) [ 8.8798 ]
1127:(40,2,2,36,14,14,0) [ 8.8018 ]
1128:(40,2,3,36,14,14,0) [ 9.2078 ]
1129:(40,2,3,37,13,13,0) [ 9.1408 ]
1130:(40,2,4,37,13,13,0) [ 9.5578 ]
1131:(40,2,4,38,12,12,0) [ 9.5018 ]
1132:(40,2,5,38,12,12,0) [ 9.9298 ]
1133:(40,2,3,38,12,12,0) [ 9.0738 ]
1134:(40,2,4,39,11,11,0) [ 9.4458 ]
1135:(40,2,5,39,11,11,0) [ 9.8848 ]
1136:(40,2,3,39,11,11,0) [ 9.0068 ]
1137:(41,2,2,39,11,11,0) [ 8.6522 ]
1138:(41,2,1,39,11,11,0) [ 8.2132 ]
1139:(41,2,2,40,10,10,0) [ 8.574200000000001 ]
1140:(41,2,3,40,10,10,0) [ 9.0242 ]
1141:(42,2,1,40,10,10,0) [ 8.2086 ]
1142:(42,2,2,41,9,9,0) [ 8.5806 ]
1143:(42,2,3,41,9,9,0) [ 9.0416 ]
1144:(42,2,3,42,8,8,0) [ 8.9746 ]
1145:(42,2,4,42,8,8,0) [ 9.4466 ]
1146:(43,2,2,42,8,8,0) [ 8.587 ]
1147:(43,2,3,43,7,7,0) [ 8.991999999999999 ]
1148:(43,2,4,43,7,7,0) [ 9.474999999999998 ]
1149:(43,2,2,43,7,7,0) [ 8.509 ]
1150:(43,2,3,44,6,6,0) [ 8.924999999999999 ]
1151:(43,2,4,44,6,6,0) [ 9.418999999999999 ]
1152:(44,2,2,44,6,6,0) [ 8.5154 ]
1153:(44,2,3,45,5,5,0) [ 8.9424 ]
1154:(44,2,4,45,5,5,0) [ 9.4474 ]
1155:(45,2,2,45,5,5,0) [ 8.521799999999999 ]
1156:(45,2,3,46,4,4,0) [ 8.9598 ]
1157:(45,2,4,46,4,4,0) [ 9.475800000000001 ]
1158:(45,2,4,47,3,3,0) [ 9.419800000000002 ]
1159:(45,2,5,47,3,3,0) [ 9.9468 ]
1160:(45,2,3,47,3,3,0) [ 8.892800000000001 ]
1161:(45,2,2,47,3,3,0) [ 8.3658 ]
1162:(46,2,1,47,3,3,0) [ 7.9232000000000005 ]
1163:(46,2,2,48,2,2,0) [ 8.3722 ]
1164:(46,2,3,48,2,2,0) [ 8.9102 ]
1165:(46,2,1,48,2,2,0) [ 7.834200000000001 ]
1166:(46,2,0,48,2,2,0) [ 7.296200000000001 ]
1167:(46,2,1,49,1,1,0) [ 7.7452 ]
1168:(46,2,2,49,1,1,0) [ 8.2942 ]
1169:(46,2,0,49,1,1,0) [ 7.1962 ]
1170:(46,2,1,50,0,0,0) [ 7.6562 ]
1171:(46,2,2,50,0,0,0) [ 8.2162 ]
1172:(47,2,0,50,0,0,0) [ 7.1806 ]
1173:(21,2,3,0,50,50,0) [ 10.0162 TARGET ]
1174:(22,2,3,0,50,50,0) [ 10.1006 TARGET ]
1175:(21,2,4,1,49,49,0) [ 9.9702 ]
1176:(22,2,4,1,49,49,0) [ 10.0546 ]
1177:(21,2,5,2,48,48,0) [ 9.946200000000001 ]
1178:(22,2,5,2,48,48,0) [ 10.0306 ]
1179:(21,2,6,3,47,47,0) [ 9.9442 ]
1180:(22,2,6,3,47,47,0) [ 10.0286 ]
1181:(21,2,7,4,46,46,0) [ 9.964200000000002 ]
1182:(22,2,7,4,46,46,0) [ 10.0486 ]
1183:(21,2,8,5,45,45,0) [ 10.0062 ]
1184:(22,2,8,5,45,45,0) [ 10.0906 ]
1185:(21,2,9,6,44,44,0) [ 10.0702 ]
1186:(22,2,9,6,44,44,0) [ 10.1546 ]
1187:(22,2,7,7,43,43,0) [ 9.979600000000001 ]
1188:(23,2,7,7,43,43,0) [ 10.064 ]
1189:(23,2,7,8,42,42,0) [ 10.041 ]
1190:(24,2,7,8,42,42,0) [ 10.125399999999999 ]
1191:(24,2,7,9,41,41,0) [ 10.1024 ]
1192:(25,2,7,9,41,41,0) [ 10.186800000000002 ]
1193:(24,2,7,10,40,40,0) [ 10.0794 ]
1194:(25,2,7,10,40,40,0) [ 10.1638 ]
1195:(25,2,5,11,39,39,0) [ 9.8788 ]
1196:(26,2,5,11,39,39,0) [ 9.9632 ]
1197:(25,2,6,12,38,38,0) [ 9.9758 ]
1198:(26,2,6,12,38,38,0) [ 10.0602 ]
1199:(25,2,7,13,37,37,0) [ 10.0948 ]
1200:(26,2,7,13,37,37,0) [ 10.179200000000002 ]
1201:(25,2,8,14,36,36,0) [ 10.2358 ]
1202:(26,2,8,14,36,36,0) [ 10.3202 ]
1203:(25,2,9,15,35,35,0) [ 10.3988 ]
1204:(26,2,9,15,35,35,0) [ 10.4832 ]
1205:(25,2,10,16,34,34,0) [ 10.5838 ]
1206:(26,2,10,16,34,34,0) [ 10.6682 ]
1207:(26,2,10,17,33,33,0) [ 10.6782 ]
1208:(27,2,10,17,33,33,0) [ 10.7626 ]
1209:(27,2,10,18,32,32,0) [ 10.7726 ]
1210:(28,2,10,18,32,32,0) [ 10.857 ]
1211:(28,2,9,19,31,31,0) [ 10.648 ]
1212:(29,2,9,19,31,31,0) [ 10.7324 ]
1213:(29,2,9,20,30,30,0) [ 10.7314 ]
1214:(30,2,9,20,30,30,0) [ 10.8158 ]
1215:(30,2,9,21,29,29,0) [ 10.8148 ]
1216:(31,2,9,21,29,29,0) [ 10.8992 ]
1217:(31,2,9,22,28,28,0) [ 10.8982 ]
1218:(32,2,9,22,28,28,0) [ 10.982600000000001 ]
1219:(31,2,8,23,27,27,0) [ 10.6342 ]
1220:(32,2,8,23,27,27,0) [ 10.718599999999999 ]
1221:(32,2,8,24,26,26,0) [ 10.7066 ]
1222:(33,2,8,24,26,26,0) [ 10.790999999999999 ]
1223:(34,2,6,25,25,25,0) [ 10.2934 ]
1224:(35,2,6,25,25,25,0) [ 10.3778 ]
1225:(36,2,4,26,24,24,0) [ 9.836200000000002 ]
1226:(37,2,4,26,24,24,0) [ 9.9206 ]
1227:(36,2,5,27,23,23,0) [ 10.0872 ]
1228:(37,2,5,27,23,23,0) [ 10.1716 ]
1229:(37,2,4,28,22,22,0) [ 9.8086 ]
1230:(38,2,4,28,22,22,0) [ 9.893 ]
1231:(37,2,4,29,21,21,0) [ 9.752600000000001 ]
1232:(38,2,4,29,21,21,0) [ 9.837 ]
1233:(37,2,5,30,20,20,0) [ 10.0366 ]
1234:(38,2,5,30,20,20,0) [ 10.120999999999999 ]
1235:(38,2,5,31,19,19,0) [ 10.076 ]
1236:(39,2,5,31,19,19,0) [ 10.160400000000001 ]
1237:(38,2,4,32,18,18,0) [ 9.669 ]
1238:(39,2,4,32,18,18,0) [ 9.753400000000001 ]
1239:(39,2,3,33,17,17,0) [ 9.3244 ]
1240:(40,2,3,33,17,17,0) [ 9.4088 ]
1241:(39,2,4,34,16,16,0) [ 9.641399999999999 ]
1242:(40,2,4,34,16,16,0) [ 9.725800000000001 ]
1243:(40,2,3,35,15,15,0) [ 9.274799999999999 ]
1244:(41,2,3,35,15,15,0) [ 9.359200000000001 ]
1245:(40,2,4,36,14,14,0) [ 9.6138 ]
1246:(41,2,4,36,14,14,0) [ 9.698200000000002 ]
1247:(40,2,5,37,13,13,0) [ 9.974800000000002 ]
1248:(41,2,5,37,13,13,0) [ 10.0592 ]
1249:(40,2,6,38,12,12,0) [ 10.357800000000001 ]
1250:(41,2,6,38,12,12,0) [ 10.4422 ]
1251:(40,2,6,39,11,11,0) [ 10.3238 ]
1252:(41,2,6,39,11,11,0) [ 10.408199999999999 ]
1253:(41,2,4,40,10,10,0) [ 9.4742 ]
1254:(42,2,4,40,10,10,0) [ 9.558599999999998 ]
1255:(42,2,4,41,9,9,0) [ 9.5026 ]
1256:(43,2,4,41,9,9,0) [ 9.587000000000002 ]
1257:(42,2,5,42,8,8,0) [ 9.918600000000001 ]
1258:(43,2,5,42,8,8,0) [ 10.003 ]
1259:(43,2,5,43,7,7,0) [ 9.957999999999998 ]
1260:(44,2,5,43,7,7,0) [ 10.042399999999999 ]
1261:(43,2,5,44,6,6,0) [ 9.912999999999998 ]
1262:(44,2,5,44,6,6,0) [ 9.9974 ]
1263:(44,2,5,45,5,5,0) [ 9.9524 ]
1264:(45,2,5,45,5,5,0) [ 10.0368 ]
1265:(45,2,5,46,4,4,0) [ 9.9918 ]
1266:(46,2,5,46,4,4,0) [ 10.076200000000002 ]
1267:(45,2,6,47,3,3,0) [ 10.4738 ]
1268:(46,2,6,47,3,3,0) [ 10.558200000000003 ]
1269:(46,2,4,48,2,2,0) [ 9.4482 ]
1270:(47,2,4,48,2,2,0) [ 9.532599999999999 ]
1271:(46,2,3,49,1,1,0) [ 8.843200000000001 ]
1272:(47,2,3,49,1,1,0) [ 8.9276 ]
1273:(46,2,3,50,0,0,0) [ 8.7762 ]
1274:(47,2,3,50,0,0,0) [ 8.860600000000002 ]
1275:(46,2,2,46,4,4,0) [ 8.5282 ]
1276:(46,2,1,44,6,6,0) [ 8.1902 ]
1277:(46,2,0,43,7,7,0) [ 7.796200000000001 ]
1278:(45,2,1,43,7,7,0) [ 8.194799999999999 ]
1279:(45,2,0,42,8,8,0) [ 7.8118 ]
1280:(45,2,1,42,8,8,0) [ 8.2838 ]
1281:(45,2,0,41,9,9,0) [ 7.9118 ]
1282:(44,2,1,41,9,9,0) [ 8.2884 ]
1283:(44,2,0,40,10,10,0) [ 7.9274000000000004 ]
1284:(44,2,0,39,11,11,0) [ 8.0274 ]
1285:(43,2,0,38,12,12,0) [ 8.043 ]
1286:(43,2,1,38,12,12,0) [ 8.471 ]
1287:(43,2,0,37,13,13,0) [ 8.143 ]
1288:(43,2,1,37,13,13,0) [ 8.56 ]
1289:(43,2,0,36,14,14,0) [ 8.243 ]
1290:(42,2,1,36,14,14,0) [ 8.5646 ]
1291:(42,2,0,35,15,15,0) [ 8.2586 ]
1292:(42,2,0,31,19,19,0) [ 8.6586 ]
1293:(42,2,0,30,20,20,0) [ 8.7586 ]
1294:(42,2,1,30,20,20,0) [ 9.0986 ]
1295:(42,2,0,29,21,21,0) [ 8.8586 ]
1296:(42,2,1,29,21,21,0) [ 9.1876 ]
1297:(42,2,0,28,22,22,0) [ 8.9586 ]
1298:(42,2,0,27,23,23,0) [ 9.0586 ]
1299:(40,2,1,24,26,26,0) [ 9.4638 ]
1300:(40,2,2,24,26,26,0) [ 9.7378 ]
1301:(40,2,1,23,27,27,0) [ 9.552800000000001 ]
1302:(39,2,2,23,27,27,0) [ 9.7314 ]
1303:(39,2,1,22,28,28,0) [ 9.557400000000001 ]
1304:(39,2,2,22,28,28,0) [ 9.8094 ]
1305:(39,2,3,22,28,28,0) [ 10.0614 ]
1306:(39,2,2,21,29,29,0) [ 9.8874 ]
1307:(39,2,3,21,29,29,0) [ 10.1284 ]
1308:(39,2,2,20,30,30,0) [ 9.9654 ]
1309:(38,2,3,20,30,30,0) [ 10.111 ]
1310:(38,2,2,19,31,31,0) [ 9.959 ]
1311:(38,2,1,18,32,32,0) [ 9.829 ]
1312:(38,2,0,17,33,33,0) [ 9.721 ]
1313:(37,2,1,17,33,33,0) [ 9.8336 ]
1314:(37,2,2,17,33,33,0) [ 10.030600000000002 ]
1315:(37,2,3,17,33,33,0) [ 10.2276 ]
1316:(37,2,2,16,34,34,0) [ 10.108600000000001 ]
1317:(36,2,3,16,34,34,0) [ 10.2102 ]
1318:(36,2,2,15,35,35,0) [ 10.1022 ]
1319:(36,2,3,15,35,35,0) [ 10.2772 ]
1320:(35,2,4,15,35,35,0) [ 10.367799999999999 ]
1321:(35,2,3,14,36,36,0) [ 10.2598 ]
1322:(35,2,2,13,37,37,0) [ 10.1738 ]
1323:(35,2,3,13,37,37,0) [ 10.3268 ]
1324:(35,2,2,12,38,38,0) [ 10.251800000000001 ]
1325:(35,2,3,12,38,38,0) [ 10.3938 ]
1326:(35,2,2,11,39,39,0) [ 10.3298 ]
1327:(35,2,1,10,40,40,0) [ 10.2878 ]
1328:(34,2,2,10,40,40,0) [ 10.3234 ]
1329:(34,2,3,10,40,40,0) [ 10.4434 ]
1330:(34,2,2,9,41,41,0) [ 10.4014 ]
1331:(33,2,3,9,41,41,0) [ 10.426000000000002 ]
1332:(33,2,2,8,42,42,0) [ 10.395 ]
1333:(33,2,1,7,43,43,0) [ 10.386 ]
1334:(32,2,2,7,43,43,0) [ 10.3886 ]
1335:(32,2,1,6,44,44,0) [ 10.3906 ]
1336:(32,2,0,5,45,45,0) [ 10.4146 ]
1337:(32,2,1,5,45,45,0) [ 10.4796 ]
1338:(32,2,2,5,45,45,0) [ 10.544599999999999 ]
1339:(32,2,1,4,46,46,0) [ 10.5686 ]
1340:(32,2,2,4,46,46,0) [ 10.622600000000002 ]
1341:(32,2,3,4,46,46,0) [ 10.6766 ]
1342:(32,2,2,3,47,47,0) [ 10.700600000000001 ]
1343:(31,2,3,3,47,47,0) [ 10.6592 ]
1344:(30,2,4,3,47,47,0) [ 10.617799999999999 ]
1345:(30,2,3,2,48,48,0) [ 10.6418 ]
1346:(30,2,2,1,49,49,0) [ 10.6878 ]
1347:(30,2,1,0,50,50,0) [ 10.7558 TARGET ]
1348:(31,2,1,0,50,50,0) [ 10.8402 TARGET ]
1349:(29,2,1,0,50,50,0) [ 10.6714 ]
1350:(29,2,2,0,50,50,0) [ 10.6814 TARGET ]
1351:(30,2,2,0,50,50,0) [ 10.7658 TARGET ]
1352:(31,2,2,1,49,49,0) [ 10.7722 ]
1353:(29,2,2,1,49,49,0) [ 10.6034 ]
1354:(29,2,3,1,49,49,0) [ 10.6244 ]
1355:(30,2,3,1,49,49,0) [ 10.7088 ]
1356:(31,2,3,2,48,48,0) [ 10.7262 ]
1357:(29,2,3,2,48,48,0) [ 10.557400000000001 ]
1358:(29,2,4,2,48,48,0) [ 10.589400000000001 ]
1359:(30,2,4,2,48,48,0) [ 10.6738 ]
1360:(31,2,4,3,47,47,0) [ 10.702200000000001 ]
1361:(29,2,4,3,47,47,0) [ 10.5334 ]
1362:(29,2,5,3,47,47,0) [ 10.5764 ]
1363:(30,2,5,3,47,47,0) [ 10.6608 ]
1364:(32,2,3,3,47,47,0) [ 10.7436 ]
1365:(30,2,3,3,47,47,0) [ 10.5748 ]
1366:(33,2,2,3,47,47,0) [ 10.785 ]
1367:(31,2,2,3,47,47,0) [ 10.6162 ]
1368:(33,2,3,4,46,46,0) [ 10.761 ]
1369:(31,2,3,4,46,46,0) [ 10.592200000000002 ]
1370:(31,2,4,4,46,46,0) [ 10.6462 ]
1371:(32,2,4,4,46,46,0) [ 10.7306 ]
1372:(33,2,2,4,46,46,0) [ 10.707 ]
1373:(31,2,2,4,46,46,0) [ 10.5382 ]
1374:(33,2,1,4,46,46,0) [ 10.653 ]
1375:(31,2,1,4,46,46,0) [ 10.484200000000001 ]
1376:(33,2,2,5,45,45,0) [ 10.629 ]
1377:(31,2,2,5,45,45,0) [ 10.4602 ]
1378:(31,2,3,5,45,45,0) [ 10.5252 ]
1379:(32,2,3,5,45,45,0) [ 10.6096 ]
1380:(33,2,1,5,45,45,0) [ 10.564 ]
1381:(31,2,1,5,45,45,0) [ 10.395199999999999 ]
1382:(33,2,0,5,45,45,0) [ 10.499 ]
1383:(31,2,0,5,45,45,0) [ 10.3302 ]
1384:(33,2,1,6,44,44,0) [ 10.475 ]
1385:(31,2,1,6,44,44,0) [ 10.3062 ]
1386:(31,2,2,6,44,44,0) [ 10.382200000000001 ]
1387:(32,2,2,6,44,44,0) [ 10.4666 ]
1388:(33,2,2,7,43,43,0) [ 10.472999999999999 ]
1389:(31,2,2,7,43,43,0) [ 10.3042 ]
1390:(31,2,3,7,43,43,0) [ 10.3912 ]
1391:(32,2,3,7,43,43,0) [ 10.4756 ]
1392:(34,2,1,7,43,43,0) [ 10.4704 ]
1393:(32,2,1,7,43,43,0) [ 10.3016 ]
1394:(34,2,2,8,42,42,0) [ 10.479400000000002 ]
1395:(32,2,2,8,42,42,0) [ 10.3106 ]
1396:(32,2,3,8,42,42,0) [ 10.4086 ]
1397:(33,2,3,8,42,42,0) [ 10.493 ]
1398:(34,2,3,9,41,41,0) [ 10.5104 ]
1399:(32,2,3,9,41,41,0) [ 10.3416 ]
1400:(32,2,4,9,41,41,0) [ 10.450600000000001 ]
1401:(33,2,4,9,41,41,0) [ 10.535 ]
1402:(35,2,2,9,41,41,0) [ 10.485800000000001 ]
1403:(33,2,2,9,41,41,0) [ 10.317 ]
1404:(35,2,3,10,40,40,0) [ 10.5278 ]
1405:(33,2,3,10,40,40,0) [ 10.359 ]
1406:(33,2,4,10,40,40,0) [ 10.479 ]
1407:(34,2,4,10,40,40,0) [ 10.5634 ]
1408:(35,2,2,10,40,40,0) [ 10.4078 ]
1409:(33,2,2,10,40,40,0) [ 10.239 ]
1410:(36,2,1,10,40,40,0) [ 10.3722 ]
1411:(34,2,1,10,40,40,0) [ 10.2034 ]
1412:(36,2,2,11,39,39,0) [ 10.414200000000001 ]
1413:(34,2,2,11,39,39,0) [ 10.2454 ]
1414:(34,2,3,11,39,39,0) [ 10.3764 ]
1415:(35,2,3,11,39,39,0) [ 10.4608 ]
1416:(36,2,3,12,38,38,0) [ 10.478200000000001 ]
1417:(34,2,3,12,38,38,0) [ 10.3094 ]
1418:(34,2,4,12,38,38,0) [ 10.451400000000001 ]
1419:(35,2,4,12,38,38,0) [ 10.5358 ]
1420:(36,2,2,12,38,38,0) [ 10.3362 ]
1421:(34,2,2,12,38,38,0) [ 10.1674 ]
1422:(36,2,3,13,37,37,0) [ 10.411200000000001 ]
1423:(34,2,3,13,37,37,0) [ 10.2424 ]
1424:(34,2,4,13,37,37,0) [ 10.3954 ]
1425:(35,2,4,13,37,37,0) [ 10.479800000000001 ]
1426:(36,2,2,13,37,37,0) [ 10.2582 ]
1427:(34,2,2,13,37,37,0) [ 10.089400000000001 ]
1428:(36,2,3,14,36,36,0) [ 10.3442 ]
1429:(34,2,3,14,36,36,0) [ 10.1754 ]
1430:(34,2,4,14,36,36,0) [ 10.3394 ]
1431:(35,2,4,14,36,36,0) [ 10.4238 ]
1432:(36,2,4,15,35,35,0) [ 10.452200000000001 ]
1433:(34,2,4,15,35,35,0) [ 10.2834 ]
1434:(34,2,5,15,35,35,0) [ 10.458400000000001 ]
1435:(35,2,5,15,35,35,0) [ 10.5428 ]
1436:(37,2,3,15,35,35,0) [ 10.3616 ]
1437:(35,2,3,15,35,35,0) [ 10.1928 ]
1438:(37,2,2,15,35,35,0) [ 10.1866 ]
1439:(35,2,2,15,35,35,0) [ 10.017800000000001 ]
1440:(37,2,3,16,34,34,0) [ 10.2946 ]
1441:(35,2,3,16,34,34,0) [ 10.1258 ]
1442:(35,2,4,16,34,34,0) [ 10.311800000000002 ]
1443:(36,2,4,16,34,34,0) [ 10.3962 ]
1444:(38,2,2,16,34,34,0) [ 10.193000000000001 ]
1445:(36,2,2,16,34,34,0) [ 10.0242 ]
1446:(38,2,3,17,33,33,0) [ 10.312000000000001 ]
1447:(36,2,3,17,33,33,0) [ 10.1432 ]
1448:(36,2,4,17,33,33,0) [ 10.340200000000001 ]
1449:(37,2,4,17,33,33,0) [ 10.4246 ]
1450:(38,2,2,17,33,33,0) [ 10.115 ]
1451:(36,2,2,17,33,33,0) [ 9.946200000000001 ]
1452:(38,2,1,17,33,33,0) [ 9.918000000000001 ]
1453:(36,2,1,17,33,33,0) [ 9.7492 ]
1454:(39,2,0,17,33,33,0) [ 9.8054 ]
1455:(37,2,0,17,33,33,0) [ 9.636600000000001 ]
1456:(39,2,1,18,32,32,0) [ 9.9134 ]
1457:(37,2,1,18,32,32,0) [ 9.7446 ]
1458:(37,2,2,18,32,32,0) [ 9.9526 ]
1459:(38,2,2,18,32,32,0) [ 10.036999999999999 ]
1460:(39,2,2,19,31,31,0) [ 10.0434 ]
1461:(37,2,2,19,31,31,0) [ 9.874600000000001 ]
1462:(37,2,3,19,31,31,0) [ 10.0936 ]
1463:(38,2,3,19,31,31,0) [ 10.178 ]
1464:(39,2,3,20,30,30,0) [ 10.1954 ]
1465:(37,2,3,20,30,30,0) [ 10.0266 ]
1466:(37,2,4,20,30,30,0) [ 10.256599999999999 ]
1467:(38,2,4,20,30,30,0) [ 10.341000000000001 ]
1468:(40,2,2,20,30,30,0) [ 10.049800000000001 ]
1469:(38,2,2,20,30,30,0) [ 9.881 ]
1470:(40,2,3,21,29,29,0) [ 10.212800000000001 ]
1471:(38,2,3,21,29,29,0) [ 10.044 ]
1472:(38,2,4,21,29,29,0) [ 10.285 ]
1473:(39,2,4,21,29,29,0) [ 10.3694 ]
1474:(40,2,2,21,29,29,0) [ 9.971800000000002 ]
1475:(38,2,2,21,29,29,0) [ 9.803 ]
1476:(40,2,3,22,28,28,0) [ 10.1458 ]
1477:(38,2,3,22,28,28,0) [ 9.977 ]
1478:(38,2,4,22,28,28,0) [ 10.229000000000001 ]
1479:(39,2,4,22,28,28,0) [ 10.3134 ]
1480:(40,2,2,22,28,28,0) [ 9.8938 ]
1481:(38,2,2,22,28,28,0) [ 9.725000000000001 ]
1482:(40,2,1,22,28,28,0) [ 9.6418 ]
1483:(38,2,1,22,28,28,0) [ 9.473 ]
1484:(40,2,2,23,27,27,0) [ 9.8158 ]
1485:(38,2,2,23,27,27,0) [ 9.647 ]
1486:(38,2,3,23,27,27,0) [ 9.91 ]
1487:(39,2,3,23,27,27,0) [ 9.9944 ]
1488:(41,2,1,23,27,27,0) [ 9.6372 ]
1489:(39,2,1,23,27,27,0) [ 9.468399999999999 ]
1490:(41,2,2,24,26,26,0) [ 9.8222 ]
1491:(39,2,2,24,26,26,0) [ 9.6534 ]
1492:(41,2,1,24,26,26,0) [ 9.5482 ]
1493:(39,2,1,24,26,26,0) [ 9.3794 ]
1494:(43,2,0,27,23,23,0) [ 9.143 ]
1495:(41,2,0,27,23,23,0) [ 8.974200000000002 ]
1496:(43,2,0,28,22,22,0) [ 9.043 ]
1497:(41,2,0,28,22,22,0) [ 8.874200000000002 ]
1498:(43,2,1,29,21,21,0) [ 9.272 ]
1499:(41,2,1,29,21,21,0) [ 9.1032 ]
1500:(43,2,0,29,21,21,0) [ 8.943 ]
1501:(41,2,0,29,21,21,0) [ 8.7742 ]
1502:(43,2,1,30,20,20,0) [ 9.183 ]
1503:(41,2,1,30,20,20,0) [ 9.0142 ]
1504:(43,2,0,30,20,20,0) [ 8.843 ]
1505:(41,2,0,30,20,20,0) [ 8.6742 ]
1506:(43,2,0,31,19,19,0) [ 8.743 ]
1507:(41,2,0,31,19,19,0) [ 8.574200000000001 ]
1508:(43,2,0,35,15,15,0) [ 8.343 ]
1509:(41,2,0,35,15,15,0) [ 8.1742 ]
1510:(43,2,1,36,14,14,0) [ 8.649 ]
1511:(41,2,1,36,14,14,0) [ 8.4802 ]
1512:(44,2,0,36,14,14,0) [ 8.3274 ]
1513:(42,2,0,36,14,14,0) [ 8.1586 ]
1514:(44,2,1,37,13,13,0) [ 8.6444 ]
1515:(42,2,1,37,13,13,0) [ 8.4756 ]
1516:(42,2,2,37,13,13,0) [ 8.8926 ]
1517:(43,2,2,37,13,13,0) [ 8.977 ]
1518:(44,2,0,37,13,13,0) [ 8.227400000000001 ]
1519:(42,2,0,37,13,13,0) [ 8.0586 ]
1520:(44,2,1,38,12,12,0) [ 8.555399999999999 ]
1521:(42,2,1,38,12,12,0) [ 8.386600000000001 ]
1522:(42,2,2,38,12,12,0) [ 8.8146 ]
1523:(43,2,2,38,12,12,0) [ 8.899000000000001 ]
1524:(44,2,0,38,12,12,0) [ 8.127400000000002 ]
1525:(42,2,0,38,12,12,0) [ 7.9586 ]
1526:(45,2,0,39,11,11,0) [ 8.1118 ]
1527:(43,2,0,39,11,11,0) [ 7.943 ]
1528:(45,2,0,40,10,10,0) [ 8.011800000000001 ]
1529:(43,2,0,40,10,10,0) [ 7.843 ]
1530:(45,2,1,41,9,9,0) [ 8.3728 ]
1531:(43,2,1,41,9,9,0) [ 8.203999999999999 ]
1532:(46,2,0,41,9,9,0) [ 7.996200000000001 ]
1533:(44,2,0,41,9,9,0) [ 7.827400000000001 ]
1534:(46,2,1,42,8,8,0) [ 8.3682 ]
1535:(44,2,1,42,8,8,0) [ 8.1994 ]
1536:(46,2,0,42,8,8,0) [ 7.8962 ]
1537:(44,2,0,42,8,8,0) [ 7.7274 ]
1538:(46,2,1,43,7,7,0) [ 8.2792 ]
1539:(44,2,1,43,7,7,0) [ 8.1104 ]
1540:(47,2,0,43,7,7,0) [ 7.8806 ]
1541:(45,2,0,43,7,7,0) [ 7.7118 ]
1542:(47,2,1,44,6,6,0) [ 8.274600000000001 ]
1543:(45,2,1,44,6,6,0) [ 8.1058 ]
1544:(47,2,2,46,4,4,0) [ 8.612600000000002 ]
1545:(45,2,2,46,4,4,0) [ 8.443800000000001 ]
1546:(28,2,1,0,50,50,0) [ 10.587 TARGET ]
1547:(27,2,2,0,50,50,0) [ 10.5126 TARGET ]
1548:(28,2,2,1,49,49,0) [ 10.519 ]
1549:(27,2,3,1,49,49,0) [ 10.4556 ]
1550:(28,2,3,2,48,48,0) [ 10.473 ]
1551:(27,2,4,2,48,48,0) [ 10.4206 ]
1552:(28,2,4,3,47,47,0) [ 10.449000000000002 ]
1553:(27,2,5,3,47,47,0) [ 10.4076 ]
1554:(28,2,5,4,46,46,0) [ 10.447000000000001 ]
1555:(27,2,6,4,46,46,0) [ 10.4166 ]
1556:(28,2,6,5,45,45,0) [ 10.467 ]
1557:(27,2,7,5,45,45,0) [ 10.447600000000001 ]
1558:(28,2,7,6,44,44,0) [ 10.509 ]
1559:(27,2,8,6,44,44,0) [ 10.5006 ]
1560:(29,2,6,6,44,44,0) [ 10.5174 ]
1561:(29,2,5,6,44,44,0) [ 10.4414 ]
1562:(29,2,4,6,44,44,0) [ 10.365400000000001 ]
1563:(29,2,5,7,43,43,0) [ 10.3964 ]
1564:(28,2,6,7,43,43,0) [ 10.399000000000001 ]
1565:(30,2,4,7,43,43,0) [ 10.393799999999999 ]
1566:(30,2,5,8,42,42,0) [ 10.4358 ]
1567:(29,2,6,8,42,42,0) [ 10.4494 ]
1568:(31,2,4,8,42,42,0) [ 10.4222 ]
1569:(31,2,5,9,41,41,0) [ 10.475200000000001 ]
1570:(30,2,6,9,41,41,0) [ 10.4998 ]
1571:(31,2,4,9,41,41,0) [ 10.3662 ]
1572:(31,2,5,10,40,40,0) [ 10.4302 ]
1573:(30,2,6,10,40,40,0) [ 10.4658 ]
1574:(31,2,4,10,40,40,0) [ 10.3102 ]
1575:(32,2,3,10,40,40,0) [ 10.2746 ]
1576:(32,2,2,10,40,40,0) [ 10.1546 ]
1577:(32,2,3,11,39,39,0) [ 10.2076 ]
1578:(31,2,4,11,39,39,0) [ 10.2542 ]
1579:(32,2,4,12,38,38,0) [ 10.2826 ]
1580:(31,2,5,12,38,38,0) [ 10.3402 ]
1581:(32,2,5,13,37,37,0) [ 10.3796 ]
1582:(31,2,6,13,37,37,0) [ 10.4482 ]
1583:(32,2,6,14,36,36,0) [ 10.4986 ]
1584:(31,2,7,14,36,36,0) [ 10.5782 ]
1585:(32,2,7,15,35,35,0) [ 10.6396 ]
1586:(31,2,8,15,35,35,0) [ 10.7302 ]
1587:(32,2,8,16,34,34,0) [ 10.802600000000002 ]
1588:(31,2,9,16,34,34,0) [ 10.9042 ]
1589:(33,2,7,16,34,34,0) [ 10.701 ]
1590:(33,2,8,17,33,33,0) [ 10.875 ]
1591:(32,2,9,17,33,33,0) [ 10.9876 ]
1592:(34,2,7,17,33,33,0) [ 10.7624 ]
1593:(34,2,8,18,32,32,0) [ 10.9474 ]
1594:(33,2,9,18,32,32,0) [ 11.071 ]
1595:(35,2,7,18,32,32,0) [ 10.8238 ]
1596:(35,2,6,18,32,32,0) [ 10.6158 ]
1597:(35,2,7,19,31,31,0) [ 10.8008 ]
1598:(34,2,8,19,31,31,0) [ 10.9354 ]
1599:(36,2,6,19,31,31,0) [ 10.6662 ]
1600:(36,2,7,20,30,30,0) [ 10.862200000000001 ]
1601:(35,2,8,20,30,30,0) [ 11.0078 ]
1602:(37,2,6,20,30,30,0) [ 10.7166 ]
1603:(37,2,7,21,29,29,0) [ 10.9236 ]
1604:(36,2,8,21,29,29,0) [ 11.0802 ]
1605:(38,2,6,21,29,29,0) [ 10.767 ]
1606:(38,2,7,22,28,28,0) [ 10.985 ]
1607:(37,2,8,22,28,28,0) [ 11.1526 ]
1608:(38,2,6,22,28,28,0) [ 10.733 ]
1609:(38,2,5,22,28,28,0) [ 10.481 ]
1610:(38,2,6,23,27,27,0) [ 10.699000000000002 ]
1611:(37,2,7,23,27,27,0) [ 10.877600000000001 ]
1612:(39,2,5,23,27,27,0) [ 10.5204 ]
1613:(39,2,6,24,26,26,0) [ 10.7494 ]
1614:(38,2,7,24,26,26,0) [ 10.938999999999998 ]
1615:(40,2,5,24,26,26,0) [ 10.559800000000001 ]
1616:(40,2,4,24,26,26,0) [ 10.2858 ]
1617:(41,2,3,24,26,26,0) [ 10.0962 ]
1618:(41,2,4,25,25,25,0) [ 10.3142 ]
1619:(40,2,5,25,25,25,0) [ 10.514800000000001 ]
1620:(42,2,3,25,25,25,0) [ 10.1136 ]
1621:(42,2,2,25,25,25,0) [ 9.8286 ]
1622:(43,2,1,25,25,25,0) [ 9.628 ]
1623:(43,2,2,26,24,24,0) [ 9.835 ]
1624:(42,2,3,26,24,24,0) [ 10.046600000000002 ]
1625:(43,2,3,27,23,23,0) [ 10.064 ]
1626:(42,2,4,27,23,23,0) [ 10.2866 ]
1627:(43,2,2,27,23,23,0) [ 9.757 ]
1628:(44,2,1,27,23,23,0) [ 9.5344 ]
1629:(44,2,2,28,22,22,0) [ 9.7634 ]
1630:(43,2,3,28,22,22,0) [ 9.997 ]
1631:(44,2,1,28,22,22,0) [ 9.4454 ]
1632:(44,2,2,29,21,21,0) [ 9.6854 ]
1633:(43,2,3,29,21,21,0) [ 9.93 ]
1634:(44,2,3,30,20,20,0) [ 9.9474 ]
1635:(43,2,4,30,20,20,0) [ 10.203 ]
1636:(45,2,2,30,20,20,0) [ 9.6918 ]
1637:(45,2,3,31,19,19,0) [ 9.9648 ]
1638:(44,2,4,31,19,19,0) [ 10.231399999999999 ]
1639:(45,2,2,31,19,19,0) [ 9.6138 ]
1640:(45,2,1,31,19,19,0) [ 9.2628 ]
1641:(45,2,2,32,18,18,0) [ 9.5358 ]
1642:(44,2,3,32,18,18,0) [ 9.813400000000001 ]
1643:(45,2,1,32,18,18,0) [ 9.1738 ]
1644:(46,2,0,32,18,18,0) [ 8.8962 ]
1645:(46,2,1,33,17,17,0) [ 9.1692 ]
1646:(45,2,2,33,17,17,0) [ 9.4578 ]
1647:(46,2,2,34,16,16,0) [ 9.4642 ]
1648:(45,2,3,34,16,16,0) [ 9.7638 ]
1649:(46,2,1,34,16,16,0) [ 9.0802 ]
1650:(47,2,0,34,16,16,0) [ 8.7806 ]
1651:(47,2,1,35,15,15,0) [ 9.075600000000001 ]
1652:(46,2,2,35,15,15,0) [ 9.3862 ]
1653:(47,2,2,36,14,14,0) [ 9.3926 ]
1654:(46,2,3,36,14,14,0) [ 9.7142 ]
1655:(47,2,3,37,13,13,0) [ 9.7316 ]
1656:(46,2,4,37,13,13,0) [ 10.064200000000001 ]
1657:(47,2,4,38,12,12,0) [ 10.092600000000001 ]
1658:(46,2,5,38,12,12,0) [ 10.4362 ]
1659:(47,2,3,38,12,12,0) [ 9.6646 ]
1660:(47,2,4,39,11,11,0) [ 10.0366 ]
1661:(46,2,5,39,11,11,0) [ 10.3912 ]
1662:(47,2,3,39,11,11,0) [ 9.5976 ]
1663:(48,2,2,39,11,11,0) [ 9.242999999999999 ]
1664:(48,2,1,39,11,11,0) [ 8.804 ]
1665:(48,2,2,40,10,10,0) [ 9.165 ]
1666:(47,2,3,40,10,10,0) [ 9.5306 ]
1667:(49,2,1,40,10,10,0) [ 8.799399999999999 ]
1668:(49,2,2,41,9,9,0) [ 9.1714 ]
1669:(48,2,3,41,9,9,0) [ 9.548 ]
1670:(49,2,3,42,8,8,0) [ 9.5654 ]
1671:(48,2,4,42,8,8,0) [ 9.953 ]
1672:(50,2,2,42,8,8,0) [ 9.177800000000001 ]
1673:(50,2,3,43,7,7,0) [ 9.582799999999999 ]
1674:(49,2,4,43,7,7,0) [ 9.9814 ]
1675:(50,2,2,43,7,7,0) [ 9.099799999999998 ]
1676:(50,2,3,44,6,6,0) [ 9.5158 ]
1677:(49,2,4,44,6,6,0) [ 9.9254 ]
1678:(51,2,2,44,6,6,0) [ 9.1062 ]
1679:(51,2,3,45,5,5,0) [ 9.5332 ]
1680:(50,2,4,45,5,5,0) [ 9.953800000000001 ]
1681:(52,2,2,45,5,5,0) [ 9.1126 ]
1682:(52,2,3,46,4,4,0) [ 9.550600000000001 ]
1683:(51,2,4,46,4,4,0) [ 9.9822 ]
1684:(52,2,4,47,3,3,0) [ 10.0106 ]
1685:(51,2,5,47,3,3,0) [ 10.453200000000002 ]
1686:(52,2,3,47,3,3,0) [ 9.483600000000003 ]
1687:(52,2,2,47,3,3,0) [ 8.956600000000002 ]
1688:(53,2,1,47,3,3,0) [ 8.514000000000001 ]
1689:(53,2,2,48,2,2,0) [ 8.963 ]
1690:(52,2,3,48,2,2,0) [ 9.416599999999999 ]
1691:(53,2,1,48,2,2,0) [ 8.425 ]
1692:(53,2,0,48,2,2,0) [ 7.8870000000000005 ]
1693:(53,2,1,49,1,1,0) [ 8.336 ]
1694:(52,2,2,49,1,1,0) [ 8.800600000000001 ]
1695:(53,2,0,49,1,1,0) [ 7.787 ]
1696:(53,2,1,50,0,0,0) [ 8.247 ]
1697:(52,2,2,50,0,0,0) [ 8.7226 ]
1698:(54,2,0,50,0,0,0) [ 7.771400000000001 ]
1699:(26,2,3,0,50,50,0) [ 10.4382 TARGET ]
1700:(26,2,4,1,49,49,0) [ 10.3922 ]
1701:(26,2,5,2,48,48,0) [ 10.368200000000002 ]
1702:(26,2,6,3,47,47,0) [ 10.3662 ]
1703:(26,2,7,4,46,46,0) [ 10.3862 ]
1704:(26,2,8,5,45,45,0) [ 10.4282 ]
1705:(26,2,9,6,44,44,0) [ 10.4922 ]
1706:(27,2,7,7,43,43,0) [ 10.4016 ]
1707:(28,2,7,8,42,42,0) [ 10.463000000000001 ]
1708:(29,2,7,9,41,41,0) [ 10.5244 ]
1709:(29,2,7,10,40,40,0) [ 10.5014 ]
1710:(30,2,5,11,39,39,0) [ 10.3008 ]
1711:(30,2,6,12,38,38,0) [ 10.3978 ]
1712:(30,2,7,13,37,37,0) [ 10.5168 ]
1713:(30,2,8,14,36,36,0) [ 10.6578 ]
1714:(30,2,9,15,35,35,0) [ 10.820799999999998 ]
1715:(30,2,10,16,34,34,0) [ 11.0058 ]
1716:(31,2,10,17,33,33,0) [ 11.1002 ]
1717:(32,2,10,18,32,32,0) [ 11.194600000000001 ]
1718:(33,2,9,19,31,31,0) [ 11.07 ]
1719:(34,2,9,20,30,30,0) [ 11.1534 ]
1720:(35,2,9,21,29,29,0) [ 11.2368 ]
1721:(36,2,9,22,28,28,0) [ 11.3202 ]
1722:(36,2,8,23,27,27,0) [ 11.0562 ]
1723:(37,2,8,24,26,26,0) [ 11.1286 ]
1724:(39,2,6,25,25,25,0) [ 10.7154 ]
1725:(41,2,4,26,24,24,0) [ 10.2582 ]
1726:(41,2,5,27,23,23,0) [ 10.5092 ]
1727:(42,2,4,28,22,22,0) [ 10.230599999999999 ]
1728:(42,2,4,29,21,21,0) [ 10.1746 ]
1729:(42,2,5,30,20,20,0) [ 10.4586 ]
1730:(43,2,5,31,19,19,0) [ 10.498 ]
1731:(43,2,4,32,18,18,0) [ 10.091000000000001 ]
1732:(44,2,3,33,17,17,0) [ 9.746399999999998 ]
1733:(44,2,4,34,16,16,0) [ 10.0634 ]
1734:(45,2,3,35,15,15,0) [ 9.6968 ]
1735:(45,2,4,36,14,14,0) [ 10.0358 ]
1736:(45,2,5,37,13,13,0) [ 10.396799999999999 ]
1737:(45,2,6,38,12,12,0) [ 10.779799999999998 ]
1738:(45,2,6,39,11,11,0) [ 10.745800000000001 ]
1739:(46,2,4,40,10,10,0) [ 9.8962 ]
1740:(47,2,4,41,9,9,0) [ 9.9246 ]
1741:(47,2,5,42,8,8,0) [ 10.340600000000002 ]
1742:(48,2,5,43,7,7,0) [ 10.379999999999999 ]
1743:(48,2,5,44,6,6,0) [ 10.334999999999999 ]
1744:(49,2,5,45,5,5,0) [ 10.3744 ]
1745:(50,2,5,46,4,4,0) [ 10.4138 ]
1746:(50,2,6,47,3,3,0) [ 10.895800000000001 ]
1747:(51,2,4,48,2,2,0) [ 9.8702 ]
1748:(51,2,3,49,1,1,0) [ 9.265200000000002 ]
1749:(51,2,3,50,0,0,0) [ 9.198200000000002 ]
1750:(32,2,1,0,50,50,0) [ 10.9246 TARGET ]
1751:(31,2,2,0,50,50,0) [ 10.850200000000001 TARGET ]
1752:(32,2,2,1,49,49,0) [ 10.8566 ]
1753:(31,2,3,1,49,49,0) [ 10.7932 ]
1754:(32,2,3,2,48,48,0) [ 10.8106 ]
1755:(31,2,4,2,48,48,0) [ 10.7582 ]
1756:(32,2,4,3,47,47,0) [ 10.7866 ]
1757:(31,2,5,3,47,47,0) [ 10.7452 ]
1758:(33,2,3,3,47,47,0) [ 10.828 ]
1759:(34,2,2,3,47,47,0) [ 10.869399999999999 ]
1760:(34,2,3,4,46,46,0) [ 10.845400000000001 ]
1761:(33,2,4,4,46,46,0) [ 10.815000000000001 ]
1762:(34,2,2,4,46,46,0) [ 10.7914 ]
1763:(34,2,1,4,46,46,0) [ 10.737400000000001 ]
1764:(34,2,2,5,45,45,0) [ 10.7134 ]
1765:(33,2,3,5,45,45,0) [ 10.693999999999999 ]
1766:(34,2,1,5,45,45,0) [ 10.6484 ]
1767:(34,2,0,5,45,45,0) [ 10.583400000000001 ]
1768:(34,2,1,6,44,44,0) [ 10.5594 ]
1769:(33,2,2,6,44,44,0) [ 10.551 ]
1770:(34,2,2,7,43,43,0) [ 10.557400000000001 ]
1771:(33,2,3,7,43,43,0) [ 10.559999999999999 ]
1772:(35,2,1,7,43,43,0) [ 10.5548 ]
1773:(35,2,2,8,42,42,0) [ 10.5638 ]
1774:(34,2,3,8,42,42,0) [ 10.5774 ]
1775:(35,2,3,9,41,41,0) [ 10.5948 ]
1776:(34,2,4,9,41,41,0) [ 10.6194 ]
1777:(36,2,2,9,41,41,0) [ 10.5702 ]
1778:(36,2,3,10,40,40,0) [ 10.6122 ]
1779:(35,2,4,10,40,40,0) [ 10.6478 ]
1780:(36,2,2,10,40,40,0) [ 10.4922 ]
1781:(37,2,1,10,40,40,0) [ 10.4566 ]
1782:(37,2,2,11,39,39,0) [ 10.4986 ]
1783:(36,2,3,11,39,39,0) [ 10.545200000000001 ]
1784:(37,2,3,12,38,38,0) [ 10.5626 ]
1785:(36,2,4,12,38,38,0) [ 10.6202 ]
1786:(37,2,2,12,38,38,0) [ 10.4206 ]
1787:(37,2,3,13,37,37,0) [ 10.4956 ]
1788:(36,2,4,13,37,37,0) [ 10.5642 ]
1789:(37,2,2,13,37,37,0) [ 10.342600000000001 ]
1790:(37,2,3,14,36,36,0) [ 10.4286 ]
1791:(36,2,4,14,36,36,0) [ 10.5082 ]
1792:(37,2,4,15,35,35,0) [ 10.5366 ]
1793:(36,2,5,15,35,35,0) [ 10.6272 ]
1794:(38,2,3,15,35,35,0) [ 10.446 ]
1795:(38,2,2,15,35,35,0) [ 10.271 ]
1796:(38,2,3,16,34,34,0) [ 10.379000000000001 ]
1797:(37,2,4,16,34,34,0) [ 10.4806 ]
1798:(39,2,2,16,34,34,0) [ 10.2774 ]
1799:(39,2,3,17,33,33,0) [ 10.3964 ]
1800:(38,2,4,17,33,33,0) [ 10.509 ]
1801:(39,2,2,17,33,33,0) [ 10.1994 ]
1802:(39,2,1,17,33,33,0) [ 10.0024 ]
1803:(40,2,0,17,33,33,0) [ 9.889800000000001 ]
1804:(40,2,1,18,32,32,0) [ 9.997800000000002 ]
1805:(39,2,2,18,32,32,0) [ 10.121400000000001 ]
1806:(40,2,2,19,31,31,0) [ 10.1278 ]
1807:(39,2,3,19,31,31,0) [ 10.2624 ]
1808:(40,2,3,20,30,30,0) [ 10.2798 ]
1809:(39,2,4,20,30,30,0) [ 10.4254 ]
1810:(41,2,2,20,30,30,0) [ 10.1342 ]
1811:(41,2,3,21,29,29,0) [ 10.2972 ]
1812:(40,2,4,21,29,29,0) [ 10.453800000000001 ]
1813:(41,2,2,21,29,29,0) [ 10.0562 ]
1814:(41,2,3,22,28,28,0) [ 10.2302 ]
1815:(40,2,4,22,28,28,0) [ 10.3978 ]
1816:(41,2,2,22,28,28,0) [ 9.978200000000001 ]
1817:(41,2,1,22,28,28,0) [ 9.7262 ]
1818:(41,2,2,23,27,27,0) [ 9.900200000000002 ]
1819:(40,2,3,23,27,27,0) [ 10.078800000000001 ]
1820:(42,2,1,23,27,27,0) [ 9.721599999999999 ]
1821:(42,2,2,24,26,26,0) [ 9.906600000000001 ]
1822:(42,2,1,24,26,26,0) [ 9.6326 ]
1823:(44,2,0,27,23,23,0) [ 9.227400000000001 ]
1824:(44,2,0,28,22,22,0) [ 9.127400000000002 ]
1825:(44,2,1,29,21,21,0) [ 9.3564 ]
1826:(44,2,0,29,21,21,0) [ 9.0274 ]
1827:(44,2,1,30,20,20,0) [ 9.267399999999999 ]
1828:(44,2,0,30,20,20,0) [ 8.9274 ]
1829:(44,2,0,31,19,19,0) [ 8.8274 ]
1830:(44,2,0,35,15,15,0) [ 8.4274 ]
1831:(44,2,1,36,14,14,0) [ 8.7334 ]
1832:(45,2,0,36,14,14,0) [ 8.4118 ]
1833:(45,2,1,37,13,13,0) [ 8.7288 ]
1834:(44,2,2,37,13,13,0) [ 9.0614 ]
1835:(45,2,0,37,13,13,0) [ 8.3118 ]
1836:(45,2,1,38,12,12,0) [ 8.639800000000001 ]
1837:(44,2,2,38,12,12,0) [ 8.9834 ]
1838:(45,2,0,38,12,12,0) [ 8.2118 ]
1839:(46,2,0,39,11,11,0) [ 8.196200000000001 ]
1840:(46,2,0,40,10,10,0) [ 8.0962 ]
1841:(46,2,1,41,9,9,0) [ 8.4572 ]
1842:(47,2,0,41,9,9,0) [ 8.0806 ]
1843:(47,2,1,42,8,8,0) [ 8.4526 ]
1844:(47,2,0,42,8,8,0) [ 7.9806 ]
1845:(47,2,1,43,7,7,0) [ 8.3636 ]
1846:(48,2,0,43,7,7,0) [ 7.965 ]
1847:(48,2,1,44,6,6,0) [ 8.359 ]
1848:(48,2,2,46,4,4,0) [ 8.697000000000001 ]
1849:(-1,-1,-1,-1,-1,-1,-1) [ 0.0 ]