(R_,L,RL,G_,G_a,G_bg,G_d)
0:(50,2,0,50,0,0,0) [ 7.4338 ]
1:(49,2,1,50,0,0,0) [ 7.9094 ]
2:(49,2,0,49,1,1,0) [ 7.4494 ]
3:(49,2,1,49,1,1,0) [ 7.998399999999999 ]
4:(48,2,2,49,1,1,0) [ 8.463 ]
5:(48,2,1,48,2,2,0) [ 8.003 ]
6:(48,2,0,47,3,3,0) [ 7.5649999999999995 ]
7:(48,2,1,47,3,3,0) [ 8.092 ]
8:(48,2,2,47,3,3,0) [ 8.619 ]
9:(47,2,3,47,3,3,0) [ 9.061600000000002 ]
10:(47,2,2,46,4,4,0) [ 8.612600000000002 ]
11:(47,2,3,46,4,4,0) [ 9.1286 ]
12:(46,2,4,46,4,4,0) [ 9.5602 ]
13:(46,2,3,45,5,5,0) [ 9.1112 ]
14:(46,2,2,44,6,6,0) [ 8.684199999999999 ]
15:(46,2,3,44,6,6,0) [ 9.178199999999999 ]
16:(45,2,4,44,6,6,0) [ 9.5878 ]
17:(45,2,5,44,6,6,0) [ 10.0818 ]
18:(45,2,4,43,7,7,0) [ 9.643799999999999 ]
19:(44,2,5,43,7,7,0) [ 10.042399999999999 ]
20:(44,2,4,42,8,8,0) [ 9.615400000000001 ]
21:(44,2,3,41,9,9,0) [ 9.2104 ]
22:(44,2,2,40,10,10,0) [ 8.8274 ]
23:(44,2,1,39,11,11,0) [ 8.4664 ]
24:(44,2,0,38,12,12,0) [ 8.127400000000002 ]
25:(44,2,1,38,12,12,0) [ 8.555399999999999 ]
26:(43,2,2,38,12,12,0) [ 8.899000000000001 ]
27:(43,2,3,38,12,12,0) [ 9.326999999999998 ]
28:(43,2,2,37,13,13,0) [ 8.977 ]
29:(43,2,1,36,14,14,0) [ 8.649 ]
30:(43,2,0,35,15,15,0) [ 8.343 ]
31:(42,2,1,35,15,15,0) [ 8.653599999999999 ]
32:(41,2,2,35,15,15,0) [ 8.9642 ]
33:(41,2,3,35,15,15,0) [ 9.359200000000001 ]
34:(40,2,4,35,15,15,0) [ 9.6698 ]
35:(40,2,3,34,16,16,0) [ 9.341800000000001 ]
36:(40,2,4,34,16,16,0) [ 9.725800000000001 ]
37:(40,2,5,34,16,16,0) [ 10.109799999999998 ]
38:(39,2,6,34,16,16,0) [ 10.4094 ]
39:(39,2,5,33,17,17,0) [ 10.0704 ]
40:(39,2,4,32,18,18,0) [ 9.753400000000001 ]
41:(39,2,3,31,19,19,0) [ 9.4584 ]
42:(39,2,2,30,20,20,0) [ 9.185400000000001 ]
43:(38,2,3,30,20,20,0) [ 9.440999999999999 ]
44:(38,2,2,29,21,21,0) [ 9.179 ]
45:(38,2,1,28,22,22,0) [ 8.939 ]
46:(38,2,0,27,23,23,0) [ 8.721 ]
47:(38,2,1,27,23,23,0) [ 9.028 ]
48:(37,2,2,27,23,23,0) [ 9.2506 ]
49:(37,2,1,26,24,24,0) [ 9.0326 ]
50:(36,2,2,26,24,24,0) [ 9.244200000000001 ]
51:(36,2,1,25,25,25,0) [ 9.0372 ]
52:(36,2,0,24,26,26,0) [ 8.8522 ]
53:(36,2,1,24,26,26,0) [ 9.1262 ]
54:(35,2,2,24,26,26,0) [ 9.3158 ]
55:(35,2,1,23,27,27,0) [ 9.1308 ]
56:(35,2,0,22,28,28,0) [ 8.9678 ]
57:(35,2,1,22,28,28,0) [ 9.219800000000001 ]
58:(35,2,2,22,28,28,0) [ 9.4718 ]
59:(34,2,3,22,28,28,0) [ 9.6394 ]
60:(34,2,2,21,29,29,0) [ 9.4654 ]
61:(33,2,3,21,29,29,0) [ 9.622 ]
62:(33,2,2,20,30,30,0) [ 9.459 ]
63:(33,2,3,20,30,30,0) [ 9.689 ]
64:(33,2,2,19,31,31,0) [ 9.537 ]
65:(33,2,1,18,32,32,0) [ 9.407 ]
66:(32,2,2,18,32,32,0) [ 9.5306 ]
67:(31,2,3,18,32,32,0) [ 9.6542 ]
68:(31,2,2,17,33,33,0) [ 9.5242 ]
69:(31,2,1,16,34,34,0) [ 9.4162 ]
70:(31,2,2,16,34,34,0) [ 9.6022 ]
71:(30,2,3,16,34,34,0) [ 9.703800000000001 ]
72:(30,2,2,15,35,35,0) [ 9.5958 ]
73:(30,2,1,14,36,36,0) [ 9.5098 ]
74:(30,2,0,13,37,37,0) [ 9.4458 ]
75:(29,2,1,13,37,37,0) [ 9.514399999999998 ]
76:(29,2,0,12,38,38,0) [ 9.461400000000001 ]
77:(28,2,1,12,38,38,0) [ 9.519 ]
78:(28,2,0,11,39,39,0) [ 9.477 ]
79:(28,2,1,11,39,39,0) [ 9.608 ]
80:(27,2,2,11,39,39,0) [ 9.6546 ]
81:(27,2,1,10,40,40,0) [ 9.6126 ]
82:(27,2,0,9,41,41,0) [ 9.592600000000001 ]
83:(27,2,1,9,41,41,0) [ 9.701600000000001 ]
84:(27,2,0,8,42,42,0) [ 9.6926 ]
85:(26,2,1,8,42,42,0) [ 9.706199999999999 ]
86:(26,2,0,7,43,43,0) [ 9.708200000000001 ]
87:(26,2,1,7,43,43,0) [ 9.795200000000001 ]
88:(25,2,2,7,43,43,0) [ 9.797799999999999 ]
89:(25,2,1,6,44,44,0) [ 9.7998 ]
90:(25,2,0,5,45,45,0) [ 9.8238 ]
91:(25,2,1,5,45,45,0) [ 9.8888 ]
92:(25,2,0,4,46,46,0) [ 9.9238 ]
93:(24,2,1,4,46,46,0) [ 9.8934 ]
94:(24,2,2,4,46,46,0) [ 9.947400000000002 ]
95:(23,2,3,4,46,46,0) [ 9.917000000000002 ]
96:(23,2,4,4,46,46,0) [ 9.971 ]
97:(23,2,3,3,47,47,0) [ 9.984000000000002 ]
98:(23,2,2,2,48,48,0) [ 10.019 ]
99:(22,2,3,2,48,48,0) [ 9.9666 ]
100:(22,2,2,1,49,49,0) [ 10.0126 ]
101:(22,2,1,0,50,50,0) [ 10.0806 TARGET ]
102:(23,2,1,0,50,50,0) [ 10.165 TARGET ]
103:(21,2,1,0,50,50,0) [ 9.9962 TARGET ]
104:(21,2,2,0,50,50,0) [ 10.0062 TARGET ]
105:(22,2,2,0,50,50,0) [ 10.0906 TARGET ]
106:(23,2,2,1,49,49,0) [ 10.097000000000001 ]
107:(21,2,2,1,49,49,0) [ 9.9282 ]
108:(21,2,3,1,49,49,0) [ 9.949200000000001 ]
109:(22,2,3,1,49,49,0) [ 10.0336 ]
110:(23,2,3,2,48,48,0) [ 10.051 ]
111:(21,2,3,2,48,48,0) [ 9.882200000000001 ]
112:(21,2,4,2,48,48,0) [ 9.914200000000001 ]
113:(22,2,4,2,48,48,0) [ 9.9986 ]
114:(24,2,2,2,48,48,0) [ 10.1034 ]
115:(22,2,2,2,48,48,0) [ 9.9346 ]
116:(24,2,3,3,47,47,0) [ 10.0684 ]
117:(22,2,3,3,47,47,0) [ 9.8996 ]
118:(22,2,4,3,47,47,0) [ 9.942599999999999 ]
119:(23,2,4,3,47,47,0) [ 10.027000000000001 ]
120:(24,2,4,4,46,46,0) [ 10.0554 ]
121:(22,2,4,4,46,46,0) [ 9.886600000000001 ]
122:(22,2,5,4,46,46,0) [ 9.9406 ]
123:(23,2,5,4,46,46,0) [ 10.025 ]
124:(24,2,3,4,46,46,0) [ 10.0014 ]
125:(22,2,3,4,46,46,0) [ 9.8326 ]
126:(25,2,2,4,46,46,0) [ 10.0318 ]
127:(23,2,2,4,46,46,0) [ 9.863 ]
128:(25,2,1,4,46,46,0) [ 9.9778 ]
129:(23,2,1,4,46,46,0) [ 9.809000000000001 ]
130:(26,2,0,4,46,46,0) [ 10.008200000000002 ]
131:(24,2,0,4,46,46,0) [ 9.839400000000001 ]
132:(26,2,1,5,45,45,0) [ 9.9732 ]
133:(24,2,1,5,45,45,0) [ 9.8044 ]
134:(24,2,2,5,45,45,0) [ 9.869399999999999 ]
135:(25,2,2,5,45,45,0) [ 9.9538 ]
136:(26,2,0,5,45,45,0) [ 9.9082 ]
137:(24,2,0,5,45,45,0) [ 9.7394 ]
138:(26,2,1,6,44,44,0) [ 9.8842 ]
139:(24,2,1,6,44,44,0) [ 9.715399999999999 ]
140:(24,2,2,6,44,44,0) [ 9.7914 ]
141:(25,2,2,6,44,44,0) [ 9.8758 ]
142:(26,2,2,7,43,43,0) [ 9.882200000000001 ]
143:(24,2,2,7,43,43,0) [ 9.7134 ]
144:(24,2,3,7,43,43,0) [ 9.8004 ]
145:(25,2,3,7,43,43,0) [ 9.884799999999998 ]
146:(27,2,1,7,43,43,0) [ 9.8796 ]
147:(25,2,1,7,43,43,0) [ 9.710799999999999 ]
148:(27,2,0,7,43,43,0) [ 9.7926 ]
149:(25,2,0,7,43,43,0) [ 9.6238 ]
150:(27,2,1,8,42,42,0) [ 9.790600000000001 ]
151:(25,2,1,8,42,42,0) [ 9.6218 ]
152:(25,2,2,8,42,42,0) [ 9.7198 ]
153:(26,2,2,8,42,42,0) [ 9.804200000000002 ]
154:(28,2,0,8,42,42,0) [ 9.777000000000001 ]
155:(26,2,0,8,42,42,0) [ 9.6082 ]
156:(28,2,1,9,41,41,0) [ 9.786000000000001 ]
157:(26,2,1,9,41,41,0) [ 9.6172 ]
158:(26,2,2,9,41,41,0) [ 9.726200000000002 ]
159:(27,2,2,9,41,41,0) [ 9.8106 ]
160:(28,2,0,9,41,41,0) [ 9.677 ]
161:(26,2,0,9,41,41,0) [ 9.508200000000002 ]
162:(28,2,1,10,40,40,0) [ 9.697 ]
163:(26,2,1,10,40,40,0) [ 9.5282 ]
164:(26,2,2,10,40,40,0) [ 9.6482 ]
165:(27,2,2,10,40,40,0) [ 9.732600000000001 ]
166:(28,2,2,11,39,39,0) [ 9.739 ]
167:(26,2,2,11,39,39,0) [ 9.5702 ]
168:(26,2,3,11,39,39,0) [ 9.7012 ]
169:(27,2,3,11,39,39,0) [ 9.7856 ]
170:(29,2,1,11,39,39,0) [ 9.6924 ]
171:(27,2,1,11,39,39,0) [ 9.5236 ]
172:(29,2,0,11,39,39,0) [ 9.5614 ]
173:(27,2,0,11,39,39,0) [ 9.392600000000002 ]
174:(29,2,1,12,38,38,0) [ 9.6034 ]
175:(27,2,1,12,38,38,0) [ 9.434600000000001 ]
176:(27,2,2,12,38,38,0) [ 9.576600000000001 ]
177:(28,2,2,12,38,38,0) [ 9.661000000000001 ]
178:(30,2,0,12,38,38,0) [ 9.5458 ]
179:(28,2,0,12,38,38,0) [ 9.377 ]
180:(30,2,1,13,37,37,0) [ 9.5988 ]
181:(28,2,1,13,37,37,0) [ 9.43 ]
182:(28,2,2,13,37,37,0) [ 9.583000000000002 ]
183:(29,2,2,13,37,37,0) [ 9.6674 ]
184:(31,2,0,13,37,37,0) [ 9.5302 ]
185:(29,2,0,13,37,37,0) [ 9.3614 ]
186:(31,2,1,14,36,36,0) [ 9.594199999999999 ]
187:(29,2,1,14,36,36,0) [ 9.4254 ]
188:(29,2,2,14,36,36,0) [ 9.5894 ]
189:(30,2,2,14,36,36,0) [ 9.6738 ]
190:(31,2,2,15,35,35,0) [ 9.6802 ]
191:(29,2,2,15,35,35,0) [ 9.5114 ]
192:(29,2,3,15,35,35,0) [ 9.686399999999999 ]
193:(30,2,3,15,35,35,0) [ 9.7708 ]
194:(31,2,3,16,34,34,0) [ 9.7882 ]
195:(29,2,3,16,34,34,0) [ 9.6194 ]
196:(29,2,4,16,34,34,0) [ 9.8054 ]
197:(30,2,4,16,34,34,0) [ 9.889800000000001 ]
198:(32,2,2,16,34,34,0) [ 9.6866 ]
199:(30,2,2,16,34,34,0) [ 9.517800000000001 ]
200:(32,2,1,16,34,34,0) [ 9.5006 ]
201:(30,2,1,16,34,34,0) [ 9.331800000000001 ]
202:(32,2,2,17,33,33,0) [ 9.608600000000001 ]
203:(30,2,2,17,33,33,0) [ 9.4398 ]
204:(30,2,3,17,33,33,0) [ 9.636800000000001 ]
205:(31,2,3,17,33,33,0) [ 9.7212 ]
206:(32,2,3,18,32,32,0) [ 9.7386 ]
207:(30,2,3,18,32,32,0) [ 9.5698 ]
208:(30,2,4,18,32,32,0) [ 9.7778 ]
209:(31,2,4,18,32,32,0) [ 9.862200000000001 ]
210:(33,2,2,18,32,32,0) [ 9.615 ]
211:(31,2,2,18,32,32,0) [ 9.446200000000001 ]
212:(34,2,1,18,32,32,0) [ 9.491399999999999 ]
213:(32,2,1,18,32,32,0) [ 9.322600000000001 ]
214:(34,2,2,19,31,31,0) [ 9.6214 ]
215:(32,2,2,19,31,31,0) [ 9.4526 ]
216:(32,2,3,19,31,31,0) [ 9.6716 ]
217:(33,2,3,19,31,31,0) [ 9.756 ]
218:(34,2,3,20,30,30,0) [ 9.7734 ]
219:(32,2,3,20,30,30,0) [ 9.6046 ]
220:(32,2,4,20,30,30,0) [ 9.8346 ]
221:(33,2,4,20,30,30,0) [ 9.919 ]
222:(34,2,2,20,30,30,0) [ 9.5434 ]
223:(32,2,2,20,30,30,0) [ 9.374600000000001 ]
224:(34,2,3,21,29,29,0) [ 9.7064 ]
225:(32,2,3,21,29,29,0) [ 9.537600000000001 ]
226:(32,2,4,21,29,29,0) [ 9.7786 ]
227:(33,2,4,21,29,29,0) [ 9.863 ]
228:(35,2,2,21,29,29,0) [ 9.549800000000001 ]
229:(33,2,2,21,29,29,0) [ 9.381 ]
230:(35,2,3,22,28,28,0) [ 9.7238 ]
231:(33,2,3,22,28,28,0) [ 9.555 ]
232:(33,2,4,22,28,28,0) [ 9.807 ]
233:(34,2,4,22,28,28,0) [ 9.8914 ]
234:(36,2,2,22,28,28,0) [ 9.5562 ]
235:(34,2,2,22,28,28,0) [ 9.387400000000001 ]
236:(36,2,1,22,28,28,0) [ 9.3042 ]
237:(34,2,1,22,28,28,0) [ 9.1354 ]
238:(36,2,0,22,28,28,0) [ 9.052200000000001 ]
239:(34,2,0,22,28,28,0) [ 8.8834 ]
240:(36,2,1,23,27,27,0) [ 9.2152 ]
241:(34,2,1,23,27,27,0) [ 9.0464 ]
242:(34,2,2,23,27,27,0) [ 9.3094 ]
243:(35,2,2,23,27,27,0) [ 9.3938 ]
244:(36,2,2,24,26,26,0) [ 9.4002 ]
245:(34,2,2,24,26,26,0) [ 9.2314 ]
246:(34,2,3,24,26,26,0) [ 9.5054 ]
247:(35,2,3,24,26,26,0) [ 9.5898 ]
248:(37,2,1,24,26,26,0) [ 9.2106 ]
249:(35,2,1,24,26,26,0) [ 9.0418 ]
250:(37,2,0,24,26,26,0) [ 8.9366 ]
251:(35,2,0,24,26,26,0) [ 8.7678 ]
252:(37,2,1,25,25,25,0) [ 9.1216 ]
253:(35,2,1,25,25,25,0) [ 8.9528 ]
254:(35,2,2,25,25,25,0) [ 9.2378 ]
255:(36,2,2,25,25,25,0) [ 9.3222 ]
256:(37,2,2,26,24,24,0) [ 9.328600000000002 ]
257:(35,2,2,26,24,24,0) [ 9.1598 ]
258:(35,2,3,26,24,24,0) [ 9.4558 ]
259:(36,2,3,26,24,24,0) [ 9.5402 ]
260:(38,2,1,26,24,24,0) [ 9.117 ]
261:(36,2,1,26,24,24,0) [ 8.9482 ]
262:(38,2,2,27,23,23,0) [ 9.335 ]
263:(36,2,2,27,23,23,0) [ 9.1662 ]
264:(36,2,3,27,23,23,0) [ 9.4732 ]
265:(37,2,3,27,23,23,0) [ 9.5576 ]
266:(39,2,1,27,23,23,0) [ 9.112400000000001 ]
267:(37,2,1,27,23,23,0) [ 8.9436 ]
268:(39,2,0,27,23,23,0) [ 8.8054 ]
269:(37,2,0,27,23,23,0) [ 8.636600000000001 ]
270:(39,2,1,28,22,22,0) [ 9.023399999999999 ]
271:(37,2,1,28,22,22,0) [ 8.854600000000001 ]
272:(37,2,2,28,22,22,0) [ 9.1726 ]
273:(38,2,2,28,22,22,0) [ 9.257000000000001 ]
274:(39,2,2,29,21,21,0) [ 9.2634 ]
275:(37,2,2,29,21,21,0) [ 9.0946 ]
276:(37,2,3,29,21,21,0) [ 9.4236 ]
277:(38,2,3,29,21,21,0) [ 9.508000000000001 ]
278:(39,2,3,30,20,20,0) [ 9.525400000000001 ]
279:(37,2,3,30,20,20,0) [ 9.3566 ]
280:(37,2,4,30,20,20,0) [ 9.6966 ]
281:(38,2,4,30,20,20,0) [ 9.780999999999999 ]
282:(40,2,2,30,20,20,0) [ 9.2698 ]
283:(38,2,2,30,20,20,0) [ 9.100999999999999 ]
284:(40,2,3,31,19,19,0) [ 9.5428 ]
285:(38,2,3,31,19,19,0) [ 9.374 ]
286:(38,2,4,31,19,19,0) [ 9.725 ]
287:(39,2,4,31,19,19,0) [ 9.8094 ]
288:(40,2,4,32,18,18,0) [ 9.837800000000001 ]
289:(38,2,4,32,18,18,0) [ 9.669 ]
290:(38,2,5,32,18,18,0) [ 10.031 ]
291:(39,2,5,32,18,18,0) [ 10.115400000000001 ]
292:(40,2,5,33,17,17,0) [ 10.154799999999998 ]
293:(38,2,5,33,17,17,0) [ 9.986 ]
294:(38,2,6,33,17,17,0) [ 10.358999999999998 ]
295:(39,2,6,33,17,17,0) [ 10.4434 ]
296:(40,2,6,34,16,16,0) [ 10.4938 ]
297:(38,2,6,34,16,16,0) [ 10.325000000000001 ]
298:(38,2,7,34,16,16,0) [ 10.709 ]
299:(39,2,7,34,16,16,0) [ 10.7934 ]
300:(41,2,5,34,16,16,0) [ 10.1942 ]
301:(39,2,5,34,16,16,0) [ 10.0254 ]
302:(41,2,4,34,16,16,0) [ 9.8102 ]
303:(39,2,4,34,16,16,0) [ 9.641399999999999 ]
304:(41,2,3,34,16,16,0) [ 9.4262 ]
305:(39,2,3,34,16,16,0) [ 9.2574 ]
306:(41,2,4,35,15,15,0) [ 9.7542 ]
307:(39,2,4,35,15,15,0) [ 9.5854 ]
308:(39,2,5,35,15,15,0) [ 9.9804 ]
309:(40,2,5,35,15,15,0) [ 10.0648 ]
310:(42,2,3,35,15,15,0) [ 9.4436 ]
311:(40,2,3,35,15,15,0) [ 9.274799999999999 ]
312:(42,2,2,35,15,15,0) [ 9.0486 ]
313:(40,2,2,35,15,15,0) [ 8.8798 ]
314:(43,2,1,35,15,15,0) [ 8.738 ]
315:(41,2,1,35,15,15,0) [ 8.5692 ]
316:(44,2,0,35,15,15,0) [ 8.4274 ]
317:(42,2,0,35,15,15,0) [ 8.2586 ]
318:(44,2,1,36,14,14,0) [ 8.7334 ]
319:(42,2,1,36,14,14,0) [ 8.5646 ]
320:(42,2,2,36,14,14,0) [ 8.9706 ]
321:(43,2,2,36,14,14,0) [ 9.055 ]
322:(44,2,2,37,13,13,0) [ 9.0614 ]
323:(42,2,2,37,13,13,0) [ 8.8926 ]
324:(42,2,3,37,13,13,0) [ 9.3096 ]
325:(43,2,3,37,13,13,0) [ 9.394000000000002 ]
326:(44,2,3,38,12,12,0) [ 9.4114 ]
327:(42,2,3,38,12,12,0) [ 9.2426 ]
328:(42,2,4,38,12,12,0) [ 9.6706 ]
329:(43,2,4,38,12,12,0) [ 9.754999999999999 ]
330:(44,2,2,38,12,12,0) [ 8.9834 ]
331:(42,2,2,38,12,12,0) [ 8.8146 ]
332:(45,2,1,38,12,12,0) [ 8.639800000000001 ]
333:(43,2,1,38,12,12,0) [ 8.471 ]
334:(45,2,0,38,12,12,0) [ 8.2118 ]
335:(43,2,0,38,12,12,0) [ 8.043 ]
336:(45,2,1,39,11,11,0) [ 8.5508 ]
337:(43,2,1,39,11,11,0) [ 8.382 ]
338:(43,2,2,39,11,11,0) [ 8.821 ]
339:(44,2,2,39,11,11,0) [ 8.9054 ]
340:(45,2,2,40,10,10,0) [ 8.9118 ]
341:(43,2,2,40,10,10,0) [ 8.742999999999999 ]
342:(43,2,3,40,10,10,0) [ 9.193 ]
343:(44,2,3,40,10,10,0) [ 9.2774 ]
344:(45,2,3,41,9,9,0) [ 9.2948 ]
345:(43,2,3,41,9,9,0) [ 9.126 ]
346:(43,2,4,41,9,9,0) [ 9.587000000000002 ]
347:(44,2,4,41,9,9,0) [ 9.6714 ]
348:(45,2,4,42,8,8,0) [ 9.6998 ]
349:(43,2,4,42,8,8,0) [ 9.531 ]
350:(43,2,5,42,8,8,0) [ 10.003 ]
351:(44,2,5,42,8,8,0) [ 10.087399999999999 ]
352:(45,2,5,43,7,7,0) [ 10.1268 ]
353:(43,2,5,43,7,7,0) [ 9.957999999999998 ]
354:(43,2,6,43,7,7,0) [ 10.440999999999999 ]
355:(44,2,6,43,7,7,0) [ 10.5254 ]
356:(46,2,4,43,7,7,0) [ 9.728200000000001 ]
357:(44,2,4,43,7,7,0) [ 9.5594 ]
358:(46,2,5,44,6,6,0) [ 10.1662 ]
359:(44,2,5,44,6,6,0) [ 9.9974 ]
360:(44,2,6,44,6,6,0) [ 10.4914 ]
361:(45,2,6,44,6,6,0) [ 10.5758 ]
362:(46,2,4,44,6,6,0) [ 9.6722 ]
363:(44,2,4,44,6,6,0) [ 9.503400000000001 ]
364:(47,2,3,44,6,6,0) [ 9.2626 ]
365:(45,2,3,44,6,6,0) [ 9.0938 ]
366:(47,2,2,44,6,6,0) [ 8.768600000000001 ]
367:(45,2,2,44,6,6,0) [ 8.5998 ]
368:(47,2,3,45,5,5,0) [ 9.1956 ]
369:(45,2,3,45,5,5,0) [ 9.0268 ]
370:(45,2,4,45,5,5,0) [ 9.5318 ]
371:(46,2,4,45,5,5,0) [ 9.6162 ]
372:(47,2,4,46,4,4,0) [ 9.6446 ]
373:(45,2,4,46,4,4,0) [ 9.475800000000001 ]
374:(45,2,5,46,4,4,0) [ 9.9918 ]
375:(46,2,5,46,4,4,0) [ 10.076200000000002 ]
376:(48,2,3,46,4,4,0) [ 9.213 ]
377:(46,2,3,46,4,4,0) [ 9.044200000000002 ]
378:(48,2,2,46,4,4,0) [ 8.697000000000001 ]
379:(46,2,2,46,4,4,0) [ 8.5282 ]
380:(48,2,3,47,3,3,0) [ 9.146 ]
381:(46,2,3,47,3,3,0) [ 8.9772 ]
382:(46,2,4,47,3,3,0) [ 9.5042 ]
383:(47,2,4,47,3,3,0) [ 9.5886 ]
384:(49,2,2,47,3,3,0) [ 8.7034 ]
385:(47,2,2,47,3,3,0) [ 8.534600000000001 ]
386:(49,2,1,47,3,3,0) [ 8.176400000000001 ]
387:(47,2,1,47,3,3,0) [ 8.0076 ]
388:(49,2,0,47,3,3,0) [ 7.6494 ]
389:(47,2,0,47,3,3,0) [ 7.4806 ]
390:(49,2,1,48,2,2,0) [ 8.0874 ]
391:(47,2,1,48,2,2,0) [ 7.9186000000000005 ]
392:(47,2,2,48,2,2,0) [ 8.4566 ]
393:(48,2,2,48,2,2,0) [ 8.540999999999999 ]
394:(49,2,2,49,1,1,0) [ 8.547399999999998 ]
395:(47,2,2,49,1,1,0) [ 8.3786 ]
396:(47,2,3,49,1,1,0) [ 8.9276 ]
397:(48,2,3,49,1,1,0) [ 9.011999999999999 ]
398:(50,2,1,49,1,1,0) [ 8.082799999999999 ]
399:(48,2,1,49,1,1,0) [ 7.913999999999999 ]
400:(50,2,0,49,1,1,0) [ 7.533799999999999 ]
401:(48,2,0,49,1,1,0) [ 7.364999999999999 ]
402:(50,2,1,50,0,0,0) [ 7.993799999999999 ]
403:(48,2,1,50,0,0,0) [ 7.824999999999999 ]
404:(48,2,2,50,0,0,0) [ 8.384999999999998 ]
405:(49,2,2,50,0,0,0) [ 8.4694 ]
406:(51,2,0,50,0,0,0) [ 7.518200000000001 ]
407:(49,2,0,50,0,0,0) [ 7.3494 ]
408:(24,2,1,0,50,50,0) [ 10.2494 TARGET ]
409:(23,2,2,0,50,50,0) [ 10.175 TARGET ]
410:(24,2,2,1,49,49,0) [ 10.1814 ]
411:(23,2,3,1,49,49,0) [ 10.118 ]
412:(24,2,3,2,48,48,0) [ 10.1354 ]
413:(23,2,4,2,48,48,0) [ 10.083 ]
414:(25,2,2,2,48,48,0) [ 10.187800000000001 ]
415:(25,2,3,3,47,47,0) [ 10.1528 ]
416:(24,2,4,3,47,47,0) [ 10.1114 ]
417:(25,2,4,4,46,46,0) [ 10.139800000000001 ]
418:(24,2,5,4,46,46,0) [ 10.1094 ]
419:(25,2,3,4,46,46,0) [ 10.085799999999999 ]
420:(26,2,2,4,46,46,0) [ 10.116200000000001 ]
421:(26,2,1,4,46,46,0) [ 10.0622 ]
422:(27,2,0,4,46,46,0) [ 10.092600000000001 ]
423:(27,2,1,5,45,45,0) [ 10.0576 ]
424:(26,2,2,5,45,45,0) [ 10.0382 ]
425:(27,2,0,5,45,45,0) [ 9.9926 ]
426:(27,2,1,6,44,44,0) [ 9.9686 ]
427:(26,2,2,6,44,44,0) [ 9.9602 ]
428:(27,2,2,7,43,43,0) [ 9.9666 ]
429:(26,2,3,7,43,43,0) [ 9.9692 ]
430:(28,2,1,7,43,43,0) [ 9.963999999999999 ]
431:(28,2,0,7,43,43,0) [ 9.876999999999999 ]
432:(28,2,1,8,42,42,0) [ 9.875 ]
433:(27,2,2,8,42,42,0) [ 9.8886 ]
434:(29,2,0,8,42,42,0) [ 9.8614 ]
435:(29,2,1,9,41,41,0) [ 9.8704 ]
436:(28,2,2,9,41,41,0) [ 9.895 ]
437:(29,2,0,9,41,41,0) [ 9.761400000000002 ]
438:(29,2,1,10,40,40,0) [ 9.7814 ]
439:(28,2,2,10,40,40,0) [ 9.817 ]
440:(29,2,2,11,39,39,0) [ 9.8234 ]
441:(28,2,3,11,39,39,0) [ 9.870000000000001 ]
442:(30,2,1,11,39,39,0) [ 9.7768 ]
443:(30,2,0,11,39,39,0) [ 9.645800000000001 ]
444:(30,2,1,12,38,38,0) [ 9.687800000000001 ]
445:(29,2,2,12,38,38,0) [ 9.7454 ]
446:(31,2,0,12,38,38,0) [ 9.6302 ]
447:(31,2,1,13,37,37,0) [ 9.6832 ]
448:(30,2,2,13,37,37,0) [ 9.7518 ]
449:(32,2,0,13,37,37,0) [ 9.6146 ]
450:(32,2,1,14,36,36,0) [ 9.6786 ]
451:(31,2,2,14,36,36,0) [ 9.7582 ]
452:(32,2,2,15,35,35,0) [ 9.7646 ]
453:(31,2,3,15,35,35,0) [ 9.8552 ]
454:(32,2,3,16,34,34,0) [ 9.8726 ]
455:(31,2,4,16,34,34,0) [ 9.9742 ]
456:(33,2,2,16,34,34,0) [ 9.771 ]
457:(33,2,1,16,34,34,0) [ 9.585 ]
458:(33,2,2,17,33,33,0) [ 9.693000000000001 ]
459:(32,2,3,17,33,33,0) [ 9.8056 ]
460:(33,2,3,18,32,32,0) [ 9.823 ]
461:(32,2,4,18,32,32,0) [ 9.9466 ]
462:(34,2,2,18,32,32,0) [ 9.6994 ]
463:(35,2,1,18,32,32,0) [ 9.575800000000001 ]
464:(35,2,2,19,31,31,0) [ 9.7058 ]
465:(34,2,3,19,31,31,0) [ 9.8404 ]
466:(35,2,3,20,30,30,0) [ 9.857800000000001 ]
467:(34,2,4,20,30,30,0) [ 10.0034 ]
468:(35,2,2,20,30,30,0) [ 9.6278 ]
469:(35,2,3,21,29,29,0) [ 9.7908 ]
470:(34,2,4,21,29,29,0) [ 9.9474 ]
471:(36,2,2,21,29,29,0) [ 9.6342 ]
472:(36,2,3,22,28,28,0) [ 9.808200000000001 ]
473:(35,2,4,22,28,28,0) [ 9.975800000000001 ]
474:(37,2,2,22,28,28,0) [ 9.640600000000001 ]
475:(37,2,1,22,28,28,0) [ 9.3886 ]
476:(37,2,0,22,28,28,0) [ 9.136600000000001 ]
477:(37,2,1,23,27,27,0) [ 9.299600000000002 ]
478:(36,2,2,23,27,27,0) [ 9.478200000000001 ]
479:(37,2,2,24,26,26,0) [ 9.4846 ]
480:(36,2,3,24,26,26,0) [ 9.6742 ]
481:(38,2,1,24,26,26,0) [ 9.295 ]
482:(38,2,0,24,26,26,0) [ 9.021 ]
483:(38,2,1,25,25,25,0) [ 9.206 ]
484:(37,2,2,25,25,25,0) [ 9.406600000000001 ]
485:(38,2,2,26,24,24,0) [ 9.413 ]
486:(37,2,3,26,24,24,0) [ 9.624600000000001 ]
487:(39,2,1,26,24,24,0) [ 9.2014 ]
488:(39,2,2,27,23,23,0) [ 9.419400000000001 ]
489:(38,2,3,27,23,23,0) [ 9.642 ]
490:(40,2,1,27,23,23,0) [ 9.196800000000001 ]
491:(40,2,0,27,23,23,0) [ 8.889800000000001 ]
492:(40,2,1,28,22,22,0) [ 9.107800000000001 ]
493:(39,2,2,28,22,22,0) [ 9.3414 ]
494:(40,2,2,29,21,21,0) [ 9.347800000000001 ]
495:(39,2,3,29,21,21,0) [ 9.5924 ]
496:(40,2,3,30,20,20,0) [ 9.6098 ]
497:(39,2,4,30,20,20,0) [ 9.865400000000001 ]
498:(41,2,2,30,20,20,0) [ 9.3542 ]
499:(41,2,3,31,19,19,0) [ 9.6272 ]
500:(40,2,4,31,19,19,0) [ 9.8938 ]
501:(41,2,4,32,18,18,0) [ 9.9222 ]
502:(40,2,5,32,18,18,0) [ 10.1998 ]
503:(41,2,5,33,17,17,0) [ 10.2392 ]
504:(40,2,6,33,17,17,0) [ 10.5278 ]
505:(41,2,6,34,16,16,0) [ 10.5782 ]
506:(40,2,7,34,16,16,0) [ 10.877799999999999 ]
507:(42,2,5,34,16,16,0) [ 10.278599999999999 ]
508:(42,2,4,34,16,16,0) [ 9.894599999999999 ]
509:(42,2,3,34,16,16,0) [ 9.5106 ]
510:(42,2,4,35,15,15,0) [ 9.8386 ]
511:(41,2,5,35,15,15,0) [ 10.1492 ]
512:(43,2,3,35,15,15,0) [ 9.527999999999999 ]
513:(43,2,2,35,15,15,0) [ 9.133 ]
514:(44,2,1,35,15,15,0) [ 8.8224 ]
515:(45,2,0,35,15,15,0) [ 8.511800000000001 ]
516:(45,2,1,36,14,14,0) [ 8.8178 ]
517:(44,2,2,36,14,14,0) [ 9.1394 ]
518:(45,2,2,37,13,13,0) [ 9.1458 ]
519:(44,2,3,37,13,13,0) [ 9.4784 ]
520:(45,2,3,38,12,12,0) [ 9.4958 ]
521:(44,2,4,38,12,12,0) [ 9.839400000000001 ]
522:(45,2,2,38,12,12,0) [ 9.0678 ]
523:(46,2,1,38,12,12,0) [ 8.7242 ]
524:(46,2,0,38,12,12,0) [ 8.2962 ]
525:(46,2,1,39,11,11,0) [ 8.635200000000001 ]
526:(45,2,2,39,11,11,0) [ 8.9898 ]
527:(46,2,2,40,10,10,0) [ 8.996200000000002 ]
528:(45,2,3,40,10,10,0) [ 9.361799999999999 ]
529:(46,2,3,41,9,9,0) [ 9.3792 ]
530:(45,2,4,41,9,9,0) [ 9.755799999999999 ]
531:(46,2,4,42,8,8,0) [ 9.784200000000002 ]
532:(45,2,5,42,8,8,0) [ 10.171800000000001 ]
533:(46,2,5,43,7,7,0) [ 10.211199999999998 ]
534:(45,2,6,43,7,7,0) [ 10.6098 ]
535:(47,2,4,43,7,7,0) [ 9.8126 ]
536:(47,2,5,44,6,6,0) [ 10.2506 ]
537:(46,2,6,44,6,6,0) [ 10.660200000000001 ]
538:(47,2,4,44,6,6,0) [ 9.7566 ]
539:(48,2,3,44,6,6,0) [ 9.347 ]
540:(48,2,2,44,6,6,0) [ 8.853 ]
541:(48,2,3,45,5,5,0) [ 9.280000000000001 ]
542:(47,2,4,45,5,5,0) [ 9.700600000000001 ]
543:(48,2,4,46,4,4,0) [ 9.729000000000001 ]
544:(47,2,5,46,4,4,0) [ 10.1606 ]
545:(49,2,3,46,4,4,0) [ 9.297400000000001 ]
546:(49,2,2,46,4,4,0) [ 8.7814 ]
547:(49,2,3,47,3,3,0) [ 9.230400000000001 ]
548:(48,2,4,47,3,3,0) [ 9.673000000000002 ]
549:(50,2,2,47,3,3,0) [ 8.7878 ]
550:(50,2,1,47,3,3,0) [ 8.2608 ]
551:(50,2,0,47,3,3,0) [ 7.7338 ]
552:(50,2,1,48,2,2,0) [ 8.1718 ]
553:(49,2,2,48,2,2,0) [ 8.625399999999999 ]
554:(50,2,2,49,1,1,0) [ 8.6318 ]
555:(49,2,3,49,1,1,0) [ 9.096400000000001 ]
556:(51,2,1,49,1,1,0) [ 8.1672 ]
557:(51,2,0,49,1,1,0) [ 7.618200000000001 ]
558:(51,2,1,50,0,0,0) [ 8.0782 ]
559:(50,2,2,50,0,0,0) [ 8.553799999999999 ]
560:(52,2,0,50,0,0,0) [ 7.602600000000001 ]
561:(25,2,1,0,50,50,0) [ 10.3338 TARGET ]
562:(24,2,2,0,50,50,0) [ 10.2594 TARGET ]
563:(25,2,2,1,49,49,0) [ 10.2658 ]
564:(24,2,3,1,49,49,0) [ 10.2024 ]
565:(25,2,3,2,48,48,0) [ 10.2198 ]
566:(24,2,4,2,48,48,0) [ 10.1674 ]
567:(26,2,2,2,48,48,0) [ 10.272200000000002 ]
568:(26,2,3,3,47,47,0) [ 10.237200000000001 ]
569:(25,2,4,3,47,47,0) [ 10.1958 ]
570:(26,2,4,4,46,46,0) [ 10.2242 ]
571:(25,2,5,4,46,46,0) [ 10.1938 ]
572:(26,2,3,4,46,46,0) [ 10.170200000000001 ]
573:(27,2,2,4,46,46,0) [ 10.200600000000001 ]
574:(27,2,1,4,46,46,0) [ 10.1466 ]
575:(28,2,0,4,46,46,0) [ 10.177 ]
576:(28,2,1,5,45,45,0) [ 10.142 ]
577:(27,2,2,5,45,45,0) [ 10.1226 ]
578:(28,2,0,5,45,45,0) [ 10.077 ]
579:(28,2,1,6,44,44,0) [ 10.053 ]
580:(27,2,2,6,44,44,0) [ 10.0446 ]
581:(28,2,2,7,43,43,0) [ 10.051 ]
582:(27,2,3,7,43,43,0) [ 10.0536 ]
583:(29,2,1,7,43,43,0) [ 10.0484 ]
584:(29,2,0,7,43,43,0) [ 9.961400000000001 ]
585:(29,2,1,8,42,42,0) [ 9.959399999999999 ]
586:(28,2,2,8,42,42,0) [ 9.973 ]
587:(30,2,0,8,42,42,0) [ 9.9458 ]
588:(30,2,1,9,41,41,0) [ 9.9548 ]
589:(29,2,2,9,41,41,0) [ 9.979400000000002 ]
590:(30,2,0,9,41,41,0) [ 9.8458 ]
591:(30,2,1,10,40,40,0) [ 9.8658 ]
592:(29,2,2,10,40,40,0) [ 9.901399999999999 ]
593:(30,2,2,11,39,39,0) [ 9.9078 ]
594:(29,2,3,11,39,39,0) [ 9.9544 ]
595:(31,2,1,11,39,39,0) [ 9.8612 ]
596:(31,2,0,11,39,39,0) [ 9.7302 ]
597:(31,2,1,12,38,38,0) [ 9.7722 ]
598:(30,2,2,12,38,38,0) [ 9.8298 ]
599:(32,2,0,12,38,38,0) [ 9.7146 ]
600:(32,2,1,13,37,37,0) [ 9.7676 ]
601:(31,2,2,13,37,37,0) [ 9.836200000000002 ]
602:(33,2,0,13,37,37,0) [ 9.699000000000002 ]
603:(33,2,1,14,36,36,0) [ 9.763 ]
604:(32,2,2,14,36,36,0) [ 9.8426 ]
605:(33,2,2,15,35,35,0) [ 9.849 ]
606:(32,2,3,15,35,35,0) [ 9.9396 ]
607:(33,2,3,16,34,34,0) [ 9.957 ]
608:(32,2,4,16,34,34,0) [ 10.0586 ]
609:(34,2,2,16,34,34,0) [ 9.8554 ]
610:(34,2,1,16,34,34,0) [ 9.6694 ]
611:(34,2,2,17,33,33,0) [ 9.7774 ]
612:(33,2,3,17,33,33,0) [ 9.89 ]
613:(34,2,3,18,32,32,0) [ 9.907399999999999 ]
614:(33,2,4,18,32,32,0) [ 10.030999999999999 ]
615:(35,2,2,18,32,32,0) [ 9.7838 ]
616:(36,2,1,18,32,32,0) [ 9.6602 ]
617:(36,2,2,19,31,31,0) [ 9.7902 ]
618:(35,2,3,19,31,31,0) [ 9.9248 ]
619:(36,2,3,20,30,30,0) [ 9.9422 ]
620:(35,2,4,20,30,30,0) [ 10.0878 ]
621:(36,2,2,20,30,30,0) [ 9.7122 ]
622:(36,2,3,21,29,29,0) [ 9.8752 ]
623:(35,2,4,21,29,29,0) [ 10.0318 ]
624:(37,2,2,21,29,29,0) [ 9.7186 ]
625:(37,2,3,22,28,28,0) [ 9.8926 ]
626:(36,2,4,22,28,28,0) [ 10.0602 ]
627:(38,2,2,22,28,28,0) [ 9.725000000000001 ]
628:(38,2,1,22,28,28,0) [ 9.473 ]
629:(38,2,0,22,28,28,0) [ 9.221 ]
630:(38,2,1,23,27,27,0) [ 9.384 ]
631:(37,2,2,23,27,27,0) [ 9.5626 ]
632:(38,2,2,24,26,26,0) [ 9.569 ]
633:(37,2,3,24,26,26,0) [ 9.7586 ]
634:(39,2,1,24,26,26,0) [ 9.3794 ]
635:(39,2,0,24,26,26,0) [ 9.1054 ]
636:(39,2,1,25,25,25,0) [ 9.2904 ]
637:(38,2,2,25,25,25,0) [ 9.491 ]
638:(39,2,2,26,24,24,0) [ 9.4974 ]
639:(38,2,3,26,24,24,0) [ 9.709 ]
640:(40,2,1,26,24,24,0) [ 9.2858 ]
641:(40,2,2,27,23,23,0) [ 9.5038 ]
642:(39,2,3,27,23,23,0) [ 9.7264 ]
643:(41,2,1,27,23,23,0) [ 9.2812 ]
644:(41,2,0,27,23,23,0) [ 8.974200000000002 ]
645:(41,2,1,28,22,22,0) [ 9.1922 ]
646:(40,2,2,28,22,22,0) [ 9.4258 ]
647:(41,2,2,29,21,21,0) [ 9.4322 ]
648:(40,2,3,29,21,21,0) [ 9.6768 ]
649:(41,2,3,30,20,20,0) [ 9.6942 ]
650:(40,2,4,30,20,20,0) [ 9.9498 ]
651:(42,2,2,30,20,20,0) [ 9.438600000000001 ]
652:(42,2,3,31,19,19,0) [ 9.711599999999999 ]
653:(41,2,4,31,19,19,0) [ 9.9782 ]
654:(42,2,4,32,18,18,0) [ 10.0066 ]
655:(41,2,5,32,18,18,0) [ 10.284200000000002 ]
656:(42,2,5,33,17,17,0) [ 10.323599999999999 ]
657:(41,2,6,33,17,17,0) [ 10.612200000000001 ]
658:(42,2,6,34,16,16,0) [ 10.6626 ]
659:(41,2,7,34,16,16,0) [ 10.962200000000001 ]
660:(43,2,5,34,16,16,0) [ 10.362999999999998 ]
661:(43,2,4,34,16,16,0) [ 9.979000000000001 ]
662:(43,2,3,34,16,16,0) [ 9.595 ]
663:(43,2,4,35,15,15,0) [ 9.923 ]
664:(42,2,5,35,15,15,0) [ 10.2336 ]
665:(44,2,3,35,15,15,0) [ 9.612400000000001 ]
666:(44,2,2,35,15,15,0) [ 9.2174 ]
667:(45,2,1,35,15,15,0) [ 8.9068 ]
668:(46,2,0,35,15,15,0) [ 8.5962 ]
669:(46,2,1,36,14,14,0) [ 8.9022 ]
670:(45,2,2,36,14,14,0) [ 9.2238 ]
671:(46,2,2,37,13,13,0) [ 9.2302 ]
672:(45,2,3,37,13,13,0) [ 9.5628 ]
673:(46,2,3,38,12,12,0) [ 9.580200000000001 ]
674:(45,2,4,38,12,12,0) [ 9.9238 ]
675:(46,2,2,38,12,12,0) [ 9.1522 ]
676:(47,2,1,38,12,12,0) [ 8.8086 ]
677:(47,2,0,38,12,12,0) [ 8.380600000000001 ]
678:(47,2,1,39,11,11,0) [ 8.7196 ]
679:(46,2,2,39,11,11,0) [ 9.074200000000001 ]
680:(47,2,2,40,10,10,0) [ 9.0806 ]
681:(46,2,3,40,10,10,0) [ 9.446200000000001 ]
682:(47,2,3,41,9,9,0) [ 9.463600000000001 ]
683:(46,2,4,41,9,9,0) [ 9.840200000000001 ]
684:(47,2,4,42,8,8,0) [ 9.8686 ]
685:(46,2,5,42,8,8,0) [ 10.2562 ]
686:(47,2,5,43,7,7,0) [ 10.2956 ]
687:(46,2,6,43,7,7,0) [ 10.694199999999999 ]
688:(48,2,4,43,7,7,0) [ 9.896999999999998 ]
689:(48,2,5,44,6,6,0) [ 10.334999999999999 ]
690:(47,2,6,44,6,6,0) [ 10.7446 ]
691:(48,2,4,44,6,6,0) [ 9.841 ]
692:(49,2,3,44,6,6,0) [ 9.4314 ]
693:(49,2,2,44,6,6,0) [ 8.937399999999998 ]
694:(49,2,3,45,5,5,0) [ 9.3644 ]
695:(48,2,4,45,5,5,0) [ 9.785 ]
696:(49,2,4,46,4,4,0) [ 9.8134 ]
697:(48,2,5,46,4,4,0) [ 10.245 ]
698:(50,2,3,46,4,4,0) [ 9.3818 ]
699:(50,2,2,46,4,4,0) [ 8.865799999999998 ]
700:(50,2,3,47,3,3,0) [ 9.314800000000002 ]
701:(49,2,4,47,3,3,0) [ 9.7574 ]
702:(51,2,2,47,3,3,0) [ 8.872200000000001 ]
703:(51,2,1,47,3,3,0) [ 8.345200000000002 ]
704:(51,2,0,47,3,3,0) [ 7.818200000000001 ]
705:(51,2,1,48,2,2,0) [ 8.2562 ]
706:(50,2,2,48,2,2,0) [ 8.709799999999998 ]
707:(51,2,2,49,1,1,0) [ 8.716199999999999 ]
708:(50,2,3,49,1,1,0) [ 9.1808 ]
709:(52,2,1,49,1,1,0) [ 8.2516 ]
710:(52,2,0,49,1,1,0) [ 7.7026 ]
711:(52,2,1,50,0,0,0) [ 8.162600000000001 ]
712:(51,2,2,50,0,0,0) [ 8.638200000000001 ]
713:(53,2,0,50,0,0,0) [ 7.687 ]
714:(21,2,3,0,50,50,0) [ 10.0162 TARGET ]
715:(22,2,3,0,50,50,0) [ 10.1006 TARGET ]
716:(21,2,4,1,49,49,0) [ 9.9702 ]
717:(22,2,4,1,49,49,0) [ 10.0546 ]
718:(21,2,5,2,48,48,0) [ 9.946200000000001 ]
719:(22,2,5,2,48,48,0) [ 10.0306 ]
720:(22,2,5,3,47,47,0) [ 9.985600000000002 ]
721:(23,2,5,3,47,47,0) [ 10.07 ]
722:(22,2,6,4,46,46,0) [ 9.994600000000002 ]
723:(23,2,6,4,46,46,0) [ 10.079 ]
724:(24,2,3,5,45,45,0) [ 9.9344 ]
725:(25,2,3,5,45,45,0) [ 10.018799999999999 ]
726:(24,2,3,6,44,44,0) [ 9.8674 ]
727:(25,2,3,6,44,44,0) [ 9.9518 ]
728:(24,2,4,7,43,43,0) [ 9.8874 ]
729:(25,2,4,7,43,43,0) [ 9.971799999999998 ]
730:(25,2,3,8,42,42,0) [ 9.8178 ]
731:(26,2,3,8,42,42,0) [ 9.9022 ]
732:(26,2,3,9,41,41,0) [ 9.8352 ]
733:(27,2,3,9,41,41,0) [ 9.9196 ]
734:(26,2,3,10,40,40,0) [ 9.7682 ]
735:(27,2,3,10,40,40,0) [ 9.8526 ]
736:(26,2,4,11,39,39,0) [ 9.8322 ]
737:(27,2,4,11,39,39,0) [ 9.9166 ]
738:(27,2,3,12,38,38,0) [ 9.7186 ]
739:(28,2,3,12,38,38,0) [ 9.803 ]
740:(28,2,3,13,37,37,0) [ 9.736 ]
741:(29,2,3,13,37,37,0) [ 9.8204 ]
742:(29,2,3,14,36,36,0) [ 9.7534 ]
743:(30,2,3,14,36,36,0) [ 9.8378 ]
744:(29,2,4,15,35,35,0) [ 9.8614 ]
745:(30,2,4,15,35,35,0) [ 9.9458 ]
746:(29,2,5,16,34,34,0) [ 9.9914 ]
747:(30,2,5,16,34,34,0) [ 10.075800000000001 ]
748:(30,2,4,17,33,33,0) [ 9.8338 ]
749:(31,2,4,17,33,33,0) [ 9.9182 ]
750:(30,2,5,18,32,32,0) [ 9.985800000000001 ]
751:(31,2,5,18,32,32,0) [ 10.0702 ]
752:(32,2,4,19,31,31,0) [ 9.8906 ]
753:(33,2,4,19,31,31,0) [ 9.975 ]
754:(32,2,5,20,30,30,0) [ 10.064599999999999 ]
755:(33,2,5,20,30,30,0) [ 10.149000000000001 ]
756:(32,2,5,21,29,29,0) [ 10.0196 ]
757:(33,2,5,21,29,29,0) [ 10.104 ]
758:(33,2,5,22,28,28,0) [ 10.059 ]
759:(34,2,5,22,28,28,0) [ 10.1434 ]
760:(34,2,3,23,27,27,0) [ 9.5724 ]
761:(35,2,3,23,27,27,0) [ 9.6568 ]
762:(34,2,4,24,26,26,0) [ 9.7794 ]
763:(35,2,4,24,26,26,0) [ 9.863800000000001 ]
764:(35,2,3,25,25,25,0) [ 9.5228 ]
765:(36,2,3,25,25,25,0) [ 9.6072 ]
766:(35,2,4,26,24,24,0) [ 9.7518 ]
767:(36,2,4,26,24,24,0) [ 9.836200000000002 ]
768:(36,2,4,27,23,23,0) [ 9.7802 ]
769:(37,2,4,27,23,23,0) [ 9.864600000000001 ]
770:(37,2,3,28,22,22,0) [ 9.4906 ]
771:(38,2,3,28,22,22,0) [ 9.575 ]
772:(37,2,4,29,21,21,0) [ 9.752600000000001 ]
773:(38,2,4,29,21,21,0) [ 9.837 ]
774:(37,2,5,30,20,20,0) [ 10.0366 ]
775:(38,2,5,30,20,20,0) [ 10.120999999999999 ]
776:(38,2,5,31,19,19,0) [ 10.076 ]
777:(39,2,5,31,19,19,0) [ 10.160400000000001 ]
778:(38,2,6,32,18,18,0) [ 10.393 ]
779:(39,2,6,32,18,18,0) [ 10.477400000000001 ]
780:(38,2,7,33,17,17,0) [ 10.732 ]
781:(39,2,7,33,17,17,0) [ 10.816399999999998 ]
782:(38,2,8,34,16,16,0) [ 11.093 ]
783:(39,2,8,34,16,16,0) [ 11.1774 ]
784:(39,2,6,35,15,15,0) [ 10.375399999999999 ]
785:(40,2,6,35,15,15,0) [ 10.459800000000001 ]
786:(42,2,3,36,14,14,0) [ 9.3766 ]
787:(43,2,3,36,14,14,0) [ 9.461 ]
788:(42,2,4,37,13,13,0) [ 9.726600000000001 ]
789:(43,2,4,37,13,13,0) [ 9.811 ]
790:(42,2,5,38,12,12,0) [ 10.098599999999998 ]
791:(43,2,5,38,12,12,0) [ 10.183 ]
792:(43,2,3,39,11,11,0) [ 9.26 ]
793:(44,2,3,39,11,11,0) [ 9.344399999999998 ]
794:(43,2,4,40,10,10,0) [ 9.643 ]
795:(44,2,4,40,10,10,0) [ 9.7274 ]
796:(43,2,5,41,9,9,0) [ 10.048 ]
797:(44,2,5,41,9,9,0) [ 10.132399999999999 ]
798:(43,2,6,42,8,8,0) [ 10.475000000000001 ]
799:(44,2,6,42,8,8,0) [ 10.5594 ]
800:(43,2,7,43,7,7,0) [ 10.924 ]
801:(44,2,7,43,7,7,0) [ 11.008399999999998 ]
802:(44,2,7,44,6,6,0) [ 10.9854 ]
803:(45,2,7,44,6,6,0) [ 11.069799999999999 ]
804:(45,2,5,45,5,5,0) [ 10.0368 ]
805:(46,2,5,45,5,5,0) [ 10.1212 ]
806:(45,2,6,46,4,4,0) [ 10.507800000000001 ]
807:(46,2,6,46,4,4,0) [ 10.5922 ]
808:(46,2,5,47,3,3,0) [ 10.031200000000002 ]
809:(47,2,5,47,3,3,0) [ 10.1156 ]
810:(47,2,3,48,2,2,0) [ 8.994599999999998 ]
811:(48,2,3,48,2,2,0) [ 9.079 ]
812:(47,2,4,49,1,1,0) [ 9.4766 ]
813:(48,2,4,49,1,1,0) [ 9.560999999999998 ]
814:(48,2,3,50,0,0,0) [ 8.945 ]
815:(49,2,3,50,0,0,0) [ 9.0294 ]
816:(23,2,3,0,50,50,0) [ 10.185 TARGET ]
817:(23,2,4,1,49,49,0) [ 10.139 ]
818:(23,2,5,2,48,48,0) [ 10.115 ]
819:(24,2,5,3,47,47,0) [ 10.154399999999999 ]
820:(24,2,6,4,46,46,0) [ 10.1634 ]
821:(26,2,3,5,45,45,0) [ 10.103200000000001 ]
822:(26,2,3,6,44,44,0) [ 10.036200000000001 ]
823:(26,2,4,7,43,43,0) [ 10.0562 ]
824:(27,2,3,8,42,42,0) [ 9.9866 ]
825:(28,2,3,9,41,41,0) [ 10.004000000000001 ]
826:(28,2,3,10,40,40,0) [ 9.937000000000001 ]
827:(28,2,4,11,39,39,0) [ 10.001000000000001 ]
828:(29,2,3,12,38,38,0) [ 9.8874 ]
829:(30,2,3,13,37,37,0) [ 9.9048 ]
830:(31,2,3,14,36,36,0) [ 9.9222 ]
831:(31,2,4,15,35,35,0) [ 10.0302 ]
832:(31,2,5,16,34,34,0) [ 10.1602 ]
833:(32,2,4,17,33,33,0) [ 10.002600000000001 ]
834:(32,2,5,18,32,32,0) [ 10.154599999999999 ]
835:(34,2,4,19,31,31,0) [ 10.0594 ]
836:(34,2,5,20,30,30,0) [ 10.2334 ]
837:(34,2,5,21,29,29,0) [ 10.188400000000001 ]
838:(35,2,5,22,28,28,0) [ 10.2278 ]
839:(36,2,3,23,27,27,0) [ 9.7412 ]
840:(36,2,4,24,26,26,0) [ 9.9482 ]
841:(37,2,3,25,25,25,0) [ 9.691600000000001 ]
842:(37,2,4,26,24,24,0) [ 9.9206 ]
843:(38,2,4,27,23,23,0) [ 9.949 ]
844:(39,2,3,28,22,22,0) [ 9.659400000000002 ]
845:(39,2,4,29,21,21,0) [ 9.9214 ]
846:(39,2,5,30,20,20,0) [ 10.205400000000001 ]
847:(40,2,5,31,19,19,0) [ 10.2448 ]
848:(40,2,6,32,18,18,0) [ 10.561800000000002 ]
849:(40,2,7,33,17,17,0) [ 10.9008 ]
850:(40,2,8,34,16,16,0) [ 11.2618 ]
851:(41,2,6,35,15,15,0) [ 10.5442 ]
852:(44,2,3,36,14,14,0) [ 9.545399999999999 ]
853:(44,2,4,37,13,13,0) [ 9.8954 ]
854:(44,2,5,38,12,12,0) [ 10.267399999999999 ]
855:(45,2,3,39,11,11,0) [ 9.4288 ]
856:(45,2,4,40,10,10,0) [ 9.8118 ]
857:(45,2,5,41,9,9,0) [ 10.216800000000001 ]
858:(45,2,6,42,8,8,0) [ 10.643800000000002 ]
859:(45,2,7,43,7,7,0) [ 11.0928 ]
860:(46,2,7,44,6,6,0) [ 11.154200000000001 ]
861:(47,2,5,45,5,5,0) [ 10.2056 ]
862:(47,2,6,46,4,4,0) [ 10.676600000000002 ]
863:(48,2,5,47,3,3,0) [ 10.2 ]
864:(49,2,3,48,2,2,0) [ 9.1634 ]
865:(49,2,4,49,1,1,0) [ 9.6454 ]
866:(50,2,3,50,0,0,0) [ 9.113800000000001 ]
867:(20,2,1,0,50,50,0) [ 9.9118 TARGET ]
868:(20,2,2,0,50,50,0) [ 9.921800000000001 TARGET ]
869:(20,2,2,1,49,49,0) [ 9.843800000000002 ]
870:(20,2,3,1,49,49,0) [ 9.8648 ]
871:(20,2,3,2,48,48,0) [ 9.7978 ]
872:(20,2,4,2,48,48,0) [ 9.8298 ]
873:(21,2,2,2,48,48,0) [ 9.850200000000001 ]
874:(21,2,3,3,47,47,0) [ 9.8152 ]
875:(21,2,4,3,47,47,0) [ 9.8582 ]
876:(21,2,4,4,46,46,0) [ 9.8022 ]
877:(21,2,5,4,46,46,0) [ 9.856200000000001 ]
878:(21,2,3,4,46,46,0) [ 9.7482 ]
879:(22,2,2,4,46,46,0) [ 9.7786 ]
880:(22,2,1,4,46,46,0) [ 9.7246 ]
881:(23,2,0,4,46,46,0) [ 9.755 ]
882:(23,2,1,5,45,45,0) [ 9.72 ]
883:(23,2,2,5,45,45,0) [ 9.785 ]
884:(23,2,0,5,45,45,0) [ 9.655000000000001 ]
885:(23,2,1,6,44,44,0) [ 9.631 ]
886:(23,2,2,6,44,44,0) [ 9.707 ]
887:(23,2,2,7,43,43,0) [ 9.629000000000001 ]
888:(23,2,3,7,43,43,0) [ 9.716000000000001 ]
889:(24,2,1,7,43,43,0) [ 9.6264 ]
890:(24,2,0,7,43,43,0) [ 9.5394 ]
891:(24,2,1,8,42,42,0) [ 9.5374 ]
892:(24,2,2,8,42,42,0) [ 9.6354 ]
893:(25,2,0,8,42,42,0) [ 9.523800000000001 ]
894:(25,2,1,9,41,41,0) [ 9.532800000000002 ]
895:(25,2,2,9,41,41,0) [ 9.6418 ]
896:(25,2,0,9,41,41,0) [ 9.4238 ]
897:(25,2,1,10,40,40,0) [ 9.4438 ]
898:(25,2,2,10,40,40,0) [ 9.5638 ]
899:(25,2,2,11,39,39,0) [ 9.485800000000001 ]
900:(25,2,3,11,39,39,0) [ 9.6168 ]
901:(26,2,1,11,39,39,0) [ 9.4392 ]
902:(26,2,0,11,39,39,0) [ 9.308200000000001 ]
903:(26,2,1,12,38,38,0) [ 9.350200000000001 ]
904:(26,2,2,12,38,38,0) [ 9.4922 ]
905:(27,2,0,12,38,38,0) [ 9.2926 ]
906:(27,2,1,13,37,37,0) [ 9.345600000000001 ]
907:(27,2,2,13,37,37,0) [ 9.4986 ]
908:(28,2,0,13,37,37,0) [ 9.277000000000001 ]
909:(28,2,1,14,36,36,0) [ 9.341 ]
910:(28,2,2,14,36,36,0) [ 9.505 ]
911:(28,2,2,15,35,35,0) [ 9.427 ]
912:(28,2,3,15,35,35,0) [ 9.602 ]
913:(28,2,3,16,34,34,0) [ 9.535 ]
914:(28,2,4,16,34,34,0) [ 9.721 ]
915:(29,2,2,16,34,34,0) [ 9.4334 ]
916:(29,2,1,16,34,34,0) [ 9.2474 ]
917:(29,2,2,17,33,33,0) [ 9.355400000000001 ]
918:(29,2,3,17,33,33,0) [ 9.5524 ]
919:(29,2,3,18,32,32,0) [ 9.4854 ]
920:(29,2,4,18,32,32,0) [ 9.6934 ]
921:(30,2,2,18,32,32,0) [ 9.361799999999999 ]
922:(31,2,1,18,32,32,0) [ 9.238199999999999 ]
923:(31,2,2,19,31,31,0) [ 9.3682 ]
924:(31,2,3,19,31,31,0) [ 9.5872 ]
925:(31,2,3,20,30,30,0) [ 9.520199999999999 ]
926:(31,2,4,20,30,30,0) [ 9.7502 ]
927:(31,2,2,20,30,30,0) [ 9.2902 ]
928:(31,2,3,21,29,29,0) [ 9.4532 ]
929:(31,2,4,21,29,29,0) [ 9.6942 ]
930:(32,2,2,21,29,29,0) [ 9.296600000000002 ]
931:(32,2,3,22,28,28,0) [ 9.470600000000001 ]
932:(32,2,4,22,28,28,0) [ 9.7226 ]
933:(33,2,2,22,28,28,0) [ 9.303 ]
934:(33,2,1,22,28,28,0) [ 9.051 ]
935:(33,2,0,22,28,28,0) [ 8.799000000000001 ]
936:(33,2,1,23,27,27,0) [ 8.962 ]
937:(33,2,2,23,27,27,0) [ 9.225000000000001 ]
938:(33,2,2,24,26,26,0) [ 9.147 ]
939:(33,2,3,24,26,26,0) [ 9.421 ]
940:(34,2,1,24,26,26,0) [ 8.9574 ]
941:(34,2,0,24,26,26,0) [ 8.6834 ]
942:(34,2,1,25,25,25,0) [ 8.8684 ]
943:(34,2,2,25,25,25,0) [ 9.1534 ]
944:(34,2,2,26,24,24,0) [ 9.0754 ]
945:(34,2,3,26,24,24,0) [ 9.371400000000001 ]
946:(35,2,1,26,24,24,0) [ 8.863800000000001 ]
947:(35,2,2,27,23,23,0) [ 9.081800000000001 ]
948:(35,2,3,27,23,23,0) [ 9.3888 ]
949:(36,2,1,27,23,23,0) [ 8.859200000000001 ]
950:(36,2,0,27,23,23,0) [ 8.552200000000001 ]
951:(36,2,1,28,22,22,0) [ 8.770199999999999 ]
952:(36,2,2,28,22,22,0) [ 9.0882 ]
953:(36,2,2,29,21,21,0) [ 9.0102 ]
954:(36,2,3,29,21,21,0) [ 9.3392 ]
955:(36,2,3,30,20,20,0) [ 9.2722 ]
956:(36,2,4,30,20,20,0) [ 9.612200000000001 ]
957:(37,2,2,30,20,20,0) [ 9.0166 ]
958:(37,2,3,31,19,19,0) [ 9.2896 ]
959:(37,2,4,31,19,19,0) [ 9.6406 ]
960:(37,2,4,32,18,18,0) [ 9.5846 ]
961:(37,2,5,32,18,18,0) [ 9.9466 ]
962:(37,2,5,33,17,17,0) [ 9.901599999999998 ]
963:(37,2,6,33,17,17,0) [ 10.2746 ]
964:(37,2,6,34,16,16,0) [ 10.240599999999999 ]
965:(37,2,7,34,16,16,0) [ 10.6246 ]
966:(38,2,5,34,16,16,0) [ 9.941 ]
967:(38,2,4,34,16,16,0) [ 9.557 ]
968:(38,2,3,34,16,16,0) [ 9.173 ]
969:(38,2,4,35,15,15,0) [ 9.501000000000001 ]
970:(38,2,5,35,15,15,0) [ 9.896 ]
971:(39,2,3,35,15,15,0) [ 9.1904 ]
972:(39,2,2,35,15,15,0) [ 8.7954 ]
973:(40,2,1,35,15,15,0) [ 8.4848 ]
974:(41,2,0,35,15,15,0) [ 8.1742 ]
975:(41,2,1,36,14,14,0) [ 8.4802 ]
976:(41,2,2,36,14,14,0) [ 8.8862 ]
977:(41,2,2,37,13,13,0) [ 8.808200000000001 ]
978:(41,2,3,37,13,13,0) [ 9.225200000000001 ]
979:(41,2,3,38,12,12,0) [ 9.1582 ]
980:(41,2,4,38,12,12,0) [ 9.586200000000002 ]
981:(41,2,2,38,12,12,0) [ 8.7302 ]
982:(42,2,1,38,12,12,0) [ 8.386600000000001 ]
983:(42,2,0,38,12,12,0) [ 7.9586 ]
984:(42,2,1,39,11,11,0) [ 8.2976 ]
985:(42,2,2,39,11,11,0) [ 8.7366 ]
986:(42,2,2,40,10,10,0) [ 8.6586 ]
987:(42,2,3,40,10,10,0) [ 9.1086 ]
988:(42,2,3,41,9,9,0) [ 9.0416 ]
989:(42,2,4,41,9,9,0) [ 9.5026 ]
990:(42,2,4,42,8,8,0) [ 9.4466 ]
991:(42,2,5,42,8,8,0) [ 9.918600000000001 ]
992:(42,2,5,43,7,7,0) [ 9.8736 ]
993:(42,2,6,43,7,7,0) [ 10.3566 ]
994:(43,2,4,43,7,7,0) [ 9.474999999999998 ]
995:(43,2,5,44,6,6,0) [ 9.912999999999998 ]
996:(43,2,6,44,6,6,0) [ 10.406999999999998 ]
997:(43,2,4,44,6,6,0) [ 9.418999999999999 ]
998:(44,2,3,44,6,6,0) [ 9.0094 ]
999:(44,2,2,44,6,6,0) [ 8.5154 ]
1000:(44,2,3,45,5,5,0) [ 8.9424 ]
1001:(44,2,4,45,5,5,0) [ 9.4474 ]
1002:(44,2,4,46,4,4,0) [ 9.391399999999999 ]
1003:(44,2,5,46,4,4,0) [ 9.9074 ]
1004:(45,2,3,46,4,4,0) [ 8.9598 ]
1005:(45,2,2,46,4,4,0) [ 8.443800000000001 ]
1006:(45,2,3,47,3,3,0) [ 8.892800000000001 ]
1007:(45,2,4,47,3,3,0) [ 9.419800000000002 ]
1008:(46,2,2,47,3,3,0) [ 8.450200000000002 ]
1009:(46,2,1,47,3,3,0) [ 7.9232000000000005 ]
1010:(46,2,0,47,3,3,0) [ 7.3962 ]
1011:(46,2,1,48,2,2,0) [ 7.834200000000001 ]
1012:(46,2,2,48,2,2,0) [ 8.3722 ]
1013:(46,2,2,49,1,1,0) [ 8.2942 ]
1014:(46,2,3,49,1,1,0) [ 8.843200000000001 ]
1015:(47,2,1,49,1,1,0) [ 7.8296 ]
1016:(47,2,0,49,1,1,0) [ 7.2806 ]
1017:(47,2,1,50,0,0,0) [ 7.740600000000001 ]
1018:(47,2,2,50,0,0,0) [ 8.3006 ]
1019:(48,2,0,50,0,0,0) [ 7.265 ]
1020:(19,2,1,0,50,50,0) [ 9.8274 ]
1021:(19,2,2,0,50,50,0) [ 9.8374 ]
1022:(19,2,2,1,49,49,0) [ 9.7594 ]
1023:(19,2,3,1,49,49,0) [ 9.7804 ]
1024:(19,2,3,2,48,48,0) [ 9.7134 ]
1025:(19,2,4,2,48,48,0) [ 9.7454 ]
1026:(20,2,2,2,48,48,0) [ 9.7658 ]
1027:(20,2,3,3,47,47,0) [ 9.7308 ]
1028:(20,2,4,3,47,47,0) [ 9.773800000000001 ]
1029:(20,2,4,4,46,46,0) [ 9.7178 ]
1030:(20,2,5,4,46,46,0) [ 9.7718 ]
1031:(20,2,3,4,46,46,0) [ 9.663800000000002 ]
1032:(21,2,2,4,46,46,0) [ 9.6942 ]
1033:(21,2,1,4,46,46,0) [ 9.6402 ]
1034:(22,2,0,4,46,46,0) [ 9.6706 ]
1035:(22,2,1,5,45,45,0) [ 9.6356 ]
1036:(22,2,2,5,45,45,0) [ 9.7006 ]
1037:(22,2,0,5,45,45,0) [ 9.570599999999999 ]
1038:(22,2,1,6,44,44,0) [ 9.546600000000002 ]
1039:(22,2,2,6,44,44,0) [ 9.6226 ]
1040:(22,2,2,7,43,43,0) [ 9.544599999999999 ]
1041:(22,2,3,7,43,43,0) [ 9.631599999999999 ]
1042:(23,2,1,7,43,43,0) [ 9.542 ]
1043:(23,2,0,7,43,43,0) [ 9.455 ]
1044:(23,2,1,8,42,42,0) [ 9.453 ]
1045:(23,2,2,8,42,42,0) [ 9.551 ]
1046:(24,2,0,8,42,42,0) [ 9.4394 ]
1047:(24,2,1,9,41,41,0) [ 9.4484 ]
1048:(24,2,2,9,41,41,0) [ 9.557400000000001 ]
1049:(24,2,0,9,41,41,0) [ 9.339400000000001 ]
1050:(24,2,1,10,40,40,0) [ 9.359399999999999 ]
1051:(24,2,2,10,40,40,0) [ 9.4794 ]
1052:(24,2,2,11,39,39,0) [ 9.4014 ]
1053:(24,2,3,11,39,39,0) [ 9.532399999999999 ]
1054:(25,2,1,11,39,39,0) [ 9.354800000000001 ]
1055:(25,2,0,11,39,39,0) [ 9.2238 ]
1056:(25,2,1,12,38,38,0) [ 9.2658 ]
1057:(25,2,2,12,38,38,0) [ 9.4078 ]
1058:(26,2,0,12,38,38,0) [ 9.208200000000001 ]
1059:(26,2,1,13,37,37,0) [ 9.261199999999999 ]
1060:(26,2,2,13,37,37,0) [ 9.414200000000001 ]
1061:(27,2,0,13,37,37,0) [ 9.1926 ]
1062:(27,2,1,14,36,36,0) [ 9.2566 ]
1063:(27,2,2,14,36,36,0) [ 9.4206 ]
1064:(27,2,2,15,35,35,0) [ 9.342600000000001 ]
1065:(27,2,3,15,35,35,0) [ 9.5176 ]
1066:(27,2,3,16,34,34,0) [ 9.450600000000001 ]
1067:(27,2,4,16,34,34,0) [ 9.636600000000001 ]
1068:(28,2,2,16,34,34,0) [ 9.349 ]
1069:(28,2,1,16,34,34,0) [ 9.163 ]
1070:(28,2,2,17,33,33,0) [ 9.271 ]
1071:(28,2,3,17,33,33,0) [ 9.468 ]
1072:(28,2,3,18,32,32,0) [ 9.401 ]
1073:(28,2,4,18,32,32,0) [ 9.609000000000002 ]
1074:(29,2,2,18,32,32,0) [ 9.2774 ]
1075:(30,2,1,18,32,32,0) [ 9.1538 ]
1076:(30,2,2,19,31,31,0) [ 9.2838 ]
1077:(30,2,3,19,31,31,0) [ 9.5028 ]
1078:(30,2,3,20,30,30,0) [ 9.4358 ]
1079:(30,2,4,20,30,30,0) [ 9.6658 ]
1080:(30,2,2,20,30,30,0) [ 9.2058 ]
1081:(30,2,3,21,29,29,0) [ 9.3688 ]
1082:(30,2,4,21,29,29,0) [ 9.6098 ]
1083:(31,2,2,21,29,29,0) [ 9.2122 ]
1084:(31,2,3,22,28,28,0) [ 9.3862 ]
1085:(31,2,4,22,28,28,0) [ 9.638200000000001 ]
1086:(32,2,2,22,28,28,0) [ 9.2186 ]
1087:(32,2,1,22,28,28,0) [ 8.9666 ]
1088:(32,2,0,22,28,28,0) [ 8.7146 ]
1089:(32,2,1,23,27,27,0) [ 8.877600000000001 ]
1090:(32,2,2,23,27,27,0) [ 9.1406 ]
1091:(32,2,2,24,26,26,0) [ 9.0626 ]
1092:(32,2,3,24,26,26,0) [ 9.3366 ]
1093:(33,2,1,24,26,26,0) [ 8.873 ]
1094:(33,2,0,24,26,26,0) [ 8.599 ]
1095:(33,2,1,25,25,25,0) [ 8.783999999999999 ]
1096:(33,2,2,25,25,25,0) [ 9.068999999999999 ]
1097:(33,2,2,26,24,24,0) [ 8.991 ]
1098:(33,2,3,26,24,24,0) [ 9.287 ]
1099:(34,2,1,26,24,24,0) [ 8.7794 ]
1100:(34,2,2,27,23,23,0) [ 8.9974 ]
1101:(34,2,3,27,23,23,0) [ 9.304400000000001 ]
1102:(35,2,1,27,23,23,0) [ 8.7748 ]
1103:(35,2,0,27,23,23,0) [ 8.4678 ]
1104:(35,2,1,28,22,22,0) [ 8.6858 ]
1105:(35,2,2,28,22,22,0) [ 9.003800000000002 ]
1106:(35,2,2,29,21,21,0) [ 8.9258 ]
1107:(35,2,3,29,21,21,0) [ 9.2548 ]
1108:(35,2,3,30,20,20,0) [ 9.1878 ]
1109:(35,2,4,30,20,20,0) [ 9.5278 ]
1110:(36,2,2,30,20,20,0) [ 8.9322 ]
1111:(36,2,3,31,19,19,0) [ 9.2052 ]
1112:(36,2,4,31,19,19,0) [ 9.5562 ]
1113:(36,2,4,32,18,18,0) [ 9.5002 ]
1114:(36,2,5,32,18,18,0) [ 9.862200000000001 ]
1115:(36,2,5,33,17,17,0) [ 9.8172 ]
1116:(36,2,6,33,17,17,0) [ 10.1902 ]
1117:(36,2,6,34,16,16,0) [ 10.1562 ]
1118:(36,2,7,34,16,16,0) [ 10.5402 ]
1119:(37,2,5,34,16,16,0) [ 9.856599999999998 ]
1120:(37,2,4,34,16,16,0) [ 9.4726 ]
1121:(37,2,3,34,16,16,0) [ 9.0886 ]
1122:(37,2,4,35,15,15,0) [ 9.416599999999999 ]
1123:(37,2,5,35,15,15,0) [ 9.811599999999999 ]
1124:(38,2,3,35,15,15,0) [ 9.106 ]
1125:(38,2,2,35,15,15,0) [ 8.711 ]
1126:(39,2,1,35,15,15,0) [ 8.4004 ]
1127:(40,2,0,35,15,15,0) [ 8.0898 ]
1128:(40,2,1,36,14,14,0) [ 8.3958 ]
1129:(40,2,2,36,14,14,0) [ 8.8018 ]
1130:(40,2,2,37,13,13,0) [ 8.7238 ]
1131:(40,2,3,37,13,13,0) [ 9.1408 ]
1132:(40,2,3,38,12,12,0) [ 9.0738 ]
1133:(40,2,4,38,12,12,0) [ 9.5018 ]
1134:(40,2,2,38,12,12,0) [ 8.645800000000001 ]
1135:(41,2,1,38,12,12,0) [ 8.3022 ]
1136:(41,2,0,38,12,12,0) [ 7.874200000000001 ]
1137:(41,2,1,39,11,11,0) [ 8.2132 ]
1138:(41,2,2,39,11,11,0) [ 8.6522 ]
1139:(41,2,2,40,10,10,0) [ 8.574200000000001 ]
1140:(41,2,3,40,10,10,0) [ 9.0242 ]
1141:(41,2,3,41,9,9,0) [ 8.9572 ]
1142:(41,2,4,41,9,9,0) [ 9.4182 ]
1143:(41,2,4,42,8,8,0) [ 9.362200000000001 ]
1144:(41,2,5,42,8,8,0) [ 9.8342 ]
1145:(41,2,5,43,7,7,0) [ 9.7892 ]
1146:(41,2,6,43,7,7,0) [ 10.2722 ]
1147:(42,2,4,43,7,7,0) [ 9.3906 ]
1148:(42,2,5,44,6,6,0) [ 9.8286 ]
1149:(42,2,6,44,6,6,0) [ 10.3226 ]
1150:(42,2,4,44,6,6,0) [ 9.3346 ]
1151:(43,2,3,44,6,6,0) [ 8.924999999999999 ]
1152:(43,2,2,44,6,6,0) [ 8.431000000000001 ]
1153:(43,2,3,45,5,5,0) [ 8.858 ]
1154:(43,2,4,45,5,5,0) [ 9.363 ]
1155:(43,2,4,46,4,4,0) [ 9.307 ]
1156:(43,2,5,46,4,4,0) [ 9.822999999999999 ]
1157:(44,2,3,46,4,4,0) [ 8.8754 ]
1158:(44,2,2,46,4,4,0) [ 8.359399999999999 ]
1159:(44,2,3,47,3,3,0) [ 8.8084 ]
1160:(44,2,4,47,3,3,0) [ 9.3354 ]
1161:(45,2,2,47,3,3,0) [ 8.3658 ]
1162:(45,2,1,47,3,3,0) [ 7.8388 ]
1163:(45,2,0,47,3,3,0) [ 7.3118 ]
1164:(45,2,1,48,2,2,0) [ 7.7498000000000005 ]
1165:(45,2,2,48,2,2,0) [ 8.2878 ]
1166:(45,2,2,49,1,1,0) [ 8.2098 ]
1167:(45,2,3,49,1,1,0) [ 8.758799999999999 ]
1168:(46,2,1,49,1,1,0) [ 7.7452 ]
1169:(46,2,0,49,1,1,0) [ 7.1962 ]
1170:(46,2,1,50,0,0,0) [ 7.6562 ]
1171:(46,2,2,50,0,0,0) [ 8.2162 ]
1172:(47,2,0,50,0,0,0) [ 7.1806 ]
1173:(19,2,3,0,50,50,0) [ 9.8474 TARGET ]
1174:(20,2,3,0,50,50,0) [ 9.931799999999999 TARGET ]
1175:(19,2,4,1,49,49,0) [ 9.801400000000001 ]
1176:(20,2,4,1,49,49,0) [ 9.8858 ]
1177:(19,2,5,2,48,48,0) [ 9.7774 ]
1178:(20,2,5,2,48,48,0) [ 9.8618 ]
1179:(20,2,5,3,47,47,0) [ 9.8168 ]
1180:(21,2,5,3,47,47,0) [ 9.9012 ]
1181:(20,2,6,4,46,46,0) [ 9.825800000000001 ]
1182:(21,2,6,4,46,46,0) [ 9.9102 ]
1183:(22,2,3,5,45,45,0) [ 9.7656 ]
1184:(23,2,3,5,45,45,0) [ 9.85 ]
1185:(22,2,3,6,44,44,0) [ 9.6986 ]
1186:(23,2,3,6,44,44,0) [ 9.783000000000001 ]
1187:(22,2,4,7,43,43,0) [ 9.718599999999999 ]
1188:(23,2,4,7,43,43,0) [ 9.803 ]
1189:(23,2,3,8,42,42,0) [ 9.649000000000001 ]
1190:(24,2,3,8,42,42,0) [ 9.7334 ]
1191:(24,2,3,9,41,41,0) [ 9.6664 ]
1192:(25,2,3,9,41,41,0) [ 9.750800000000002 ]
1193:(24,2,3,10,40,40,0) [ 9.5994 ]
1194:(25,2,3,10,40,40,0) [ 9.6838 ]
1195:(24,2,4,11,39,39,0) [ 9.6634 ]
1196:(25,2,4,11,39,39,0) [ 9.7478 ]
1197:(25,2,3,12,38,38,0) [ 9.5498 ]
1198:(26,2,3,12,38,38,0) [ 9.6342 ]
1199:(26,2,3,13,37,37,0) [ 9.5672 ]
1200:(27,2,3,13,37,37,0) [ 9.6516 ]
1201:(27,2,3,14,36,36,0) [ 9.5846 ]
1202:(28,2,3,14,36,36,0) [ 9.669 ]
1203:(27,2,4,15,35,35,0) [ 9.6926 ]
1204:(28,2,4,15,35,35,0) [ 9.777000000000001 ]
1205:(27,2,5,16,34,34,0) [ 9.822600000000001 ]
1206:(28,2,5,16,34,34,0) [ 9.907 ]
1207:(28,2,4,17,33,33,0) [ 9.665000000000001 ]
1208:(29,2,4,17,33,33,0) [ 9.7494 ]
1209:(28,2,5,18,32,32,0) [ 9.817 ]
1210:(29,2,5,18,32,32,0) [ 9.901399999999999 ]
1211:(30,2,4,19,31,31,0) [ 9.7218 ]
1212:(31,2,4,19,31,31,0) [ 9.8062 ]
1213:(30,2,5,20,30,30,0) [ 9.8958 ]
1214:(31,2,5,20,30,30,0) [ 9.9802 ]
1215:(30,2,5,21,29,29,0) [ 9.8508 ]
1216:(31,2,5,21,29,29,0) [ 9.9352 ]
1217:(31,2,5,22,28,28,0) [ 9.8902 ]
1218:(32,2,5,22,28,28,0) [ 9.9746 ]
1219:(32,2,3,23,27,27,0) [ 9.4036 ]
1220:(33,2,3,23,27,27,0) [ 9.488 ]
1221:(32,2,4,24,26,26,0) [ 9.6106 ]
1222:(33,2,4,24,26,26,0) [ 9.695 ]
1223:(33,2,3,25,25,25,0) [ 9.354 ]
1224:(34,2,3,25,25,25,0) [ 9.4384 ]
1225:(33,2,4,26,24,24,0) [ 9.583 ]
1226:(34,2,4,26,24,24,0) [ 9.6674 ]
1227:(34,2,4,27,23,23,0) [ 9.6114 ]
1228:(35,2,4,27,23,23,0) [ 9.6958 ]
1229:(35,2,3,28,22,22,0) [ 9.3218 ]
1230:(36,2,3,28,22,22,0) [ 9.4062 ]
1231:(35,2,4,29,21,21,0) [ 9.5838 ]
1232:(36,2,4,29,21,21,0) [ 9.6682 ]
1233:(35,2,5,30,20,20,0) [ 9.867799999999999 ]
1234:(36,2,5,30,20,20,0) [ 9.952200000000001 ]
1235:(36,2,5,31,19,19,0) [ 9.907200000000001 ]
1236:(37,2,5,31,19,19,0) [ 9.9916 ]
1237:(36,2,6,32,18,18,0) [ 10.2242 ]
1238:(37,2,6,32,18,18,0) [ 10.308600000000002 ]
1239:(36,2,7,33,17,17,0) [ 10.563199999999998 ]
1240:(37,2,7,33,17,17,0) [ 10.6476 ]
1241:(36,2,8,34,16,16,0) [ 10.9242 ]
1242:(37,2,8,34,16,16,0) [ 11.0086 ]
1243:(37,2,6,35,15,15,0) [ 10.206600000000002 ]
1244:(38,2,6,35,15,15,0) [ 10.291 ]
1245:(40,2,3,36,14,14,0) [ 9.2078 ]
1246:(41,2,3,36,14,14,0) [ 9.2922 ]
1247:(40,2,4,37,13,13,0) [ 9.5578 ]
1248:(41,2,4,37,13,13,0) [ 9.6422 ]
1249:(40,2,5,38,12,12,0) [ 9.9298 ]
1250:(41,2,5,38,12,12,0) [ 10.014199999999999 ]
1251:(41,2,3,39,11,11,0) [ 9.0912 ]
1252:(42,2,3,39,11,11,0) [ 9.1756 ]
1253:(41,2,4,40,10,10,0) [ 9.4742 ]
1254:(42,2,4,40,10,10,0) [ 9.558599999999998 ]
1255:(41,2,5,41,9,9,0) [ 9.879199999999999 ]
1256:(42,2,5,41,9,9,0) [ 9.963600000000001 ]
1257:(41,2,6,42,8,8,0) [ 10.3062 ]
1258:(42,2,6,42,8,8,0) [ 10.390600000000001 ]
1259:(41,2,7,43,7,7,0) [ 10.755199999999999 ]
1260:(42,2,7,43,7,7,0) [ 10.839599999999999 ]
1261:(42,2,7,44,6,6,0) [ 10.8166 ]
1262:(43,2,7,44,6,6,0) [ 10.900999999999998 ]
1263:(43,2,5,45,5,5,0) [ 9.867999999999999 ]
1264:(44,2,5,45,5,5,0) [ 9.9524 ]
1265:(43,2,6,46,4,4,0) [ 10.339 ]
1266:(44,2,6,46,4,4,0) [ 10.423399999999999 ]
1267:(44,2,5,47,3,3,0) [ 9.862400000000001 ]
1268:(45,2,5,47,3,3,0) [ 9.9468 ]
1269:(45,2,3,48,2,2,0) [ 8.8258 ]
1270:(46,2,3,48,2,2,0) [ 8.9102 ]
1271:(45,2,4,49,1,1,0) [ 9.307799999999999 ]
1272:(46,2,4,49,1,1,0) [ 9.3922 ]
1273:(46,2,3,50,0,0,0) [ 8.7762 ]
1274:(47,2,3,50,0,0,0) [ 8.860600000000002 ]
1275:(48,2,4,48,2,2,0) [ 9.616999999999999 ]
1276:(45,2,7,46,4,4,0) [ 11.0238 ]
1277:(45,2,6,45,5,5,0) [ 10.5418 ]
1278:(43,2,4,39,11,11,0) [ 9.699 ]
1279:(41,2,2,33,17,17,0) [ 9.1202 ]
1280:(41,2,3,33,17,17,0) [ 9.4932 ]
1281:(40,2,4,33,17,17,0) [ 9.7818 ]
1282:(40,2,3,32,18,18,0) [ 9.4758 ]
1283:(40,2,2,31,19,19,0) [ 9.1918 ]
1284:(38,2,6,31,19,19,0) [ 10.427000000000001 ]
1285:(37,2,6,30,20,20,0) [ 10.3766 ]
1286:(37,2,5,29,21,21,0) [ 10.0816 ]
1287:(36,2,6,29,21,21,0) [ 10.3262 ]
1288:(36,2,5,28,22,22,0) [ 10.042200000000001 ]
1289:(35,2,6,28,22,22,0) [ 10.2758 ]
1290:(35,2,7,28,22,22,0) [ 10.593799999999998 ]
1291:(35,2,8,28,22,22,0) [ 10.9118 ]
1292:(35,2,7,27,23,23,0) [ 10.616800000000001 ]
1293:(34,2,8,27,23,23,0) [ 10.839400000000001 ]
1294:(34,2,7,26,24,24,0) [ 10.5554 ]
1295:(33,2,8,26,24,24,0) [ 10.767000000000001 ]
1296:(33,2,7,25,25,25,0) [ 10.494 ]
1297:(33,2,6,24,26,26,0) [ 10.243 ]
1298:(33,2,5,23,27,27,0) [ 10.014 ]
1299:(33,2,6,23,27,27,0) [ 10.277000000000001 ]
1300:(32,2,7,23,27,27,0) [ 10.4556 ]
1301:(31,2,8,23,27,27,0) [ 10.6342 ]
1302:(30,2,9,23,27,27,0) [ 10.8128 ]
1303:(30,2,10,23,27,27,0) [ 11.075800000000001 ]
1304:(30,2,9,22,28,28,0) [ 10.8138 ]
1305:(29,2,10,22,28,28,0) [ 10.9814 ]
1306:(29,2,9,21,29,29,0) [ 10.7304 ]
1307:(29,2,10,21,29,29,0) [ 10.971400000000001 ]
1308:(29,2,11,21,29,29,0) [ 11.2124 ]
1309:(28,2,12,21,29,29,0) [ 11.369000000000002 ]
1310:(28,2,11,20,30,30,0) [ 11.107 ]
1311:(27,2,12,20,30,30,0) [ 11.252600000000001 ]
1312:(27,2,11,19,31,31,0) [ 11.0016 ]
1313:(27,2,10,18,32,32,0) [ 10.7726 ]
1314:(27,2,9,17,33,33,0) [ 10.5656 ]
1315:(27,2,10,17,33,33,0) [ 10.7626 ]
1316:(27,2,9,16,34,34,0) [ 10.566600000000001 ]
1317:(27,2,10,16,34,34,0) [ 10.752600000000001 ]
1318:(27,2,9,15,35,35,0) [ 10.5676 ]
1319:(27,2,8,14,36,36,0) [ 10.4046 ]
1320:(26,2,9,14,36,36,0) [ 10.4842 ]
1321:(26,2,10,14,36,36,0) [ 10.648200000000001 ]
1322:(26,2,9,13,37,37,0) [ 10.485199999999999 ]
1323:(25,2,10,13,37,37,0) [ 10.553799999999999 ]
1324:(25,2,9,12,38,38,0) [ 10.4018 ]
1325:(24,2,10,12,38,38,0) [ 10.4594 ]
1326:(23,2,11,12,38,38,0) [ 10.517000000000001 ]
1327:(23,2,10,11,39,39,0) [ 10.365 ]
1328:(22,2,11,11,39,39,0) [ 10.4116 ]
1329:(22,2,10,10,40,40,0) [ 10.2706 ]
1330:(21,2,11,10,40,40,0) [ 10.3062 ]
1331:(21,2,10,9,41,41,0) [ 10.176200000000001 ]
1332:(21,2,9,8,42,42,0) [ 10.068200000000001 ]
1333:(21,2,8,7,43,43,0) [ 9.982199999999999 ]
1334:(21,2,7,6,44,44,0) [ 9.9182 ]
1335:(21,2,6,5,45,45,0) [ 9.8762 ]
1336:(22,2,6,5,45,45,0) [ 9.9606 ]
1337:(20,2,6,5,45,45,0) [ 9.7918 ]
1338:(20,2,7,5,45,45,0) [ 9.8568 ]
1339:(21,2,7,5,45,45,0) [ 9.9412 ]
1340:(22,2,7,6,44,44,0) [ 10.002600000000001 ]
1341:(20,2,7,6,44,44,0) [ 9.8338 ]
1342:(20,2,8,6,44,44,0) [ 9.9098 ]
1343:(21,2,8,6,44,44,0) [ 9.9942 ]
1344:(22,2,8,7,43,43,0) [ 10.066600000000001 ]
1345:(20,2,8,7,43,43,0) [ 9.8978 ]
1346:(20,2,9,7,43,43,0) [ 9.9848 ]
1347:(21,2,9,7,43,43,0) [ 10.069199999999999 ]
1348:(22,2,9,8,42,42,0) [ 10.1526 ]
1349:(20,2,9,8,42,42,0) [ 9.9838 ]
1350:(20,2,10,8,42,42,0) [ 10.081800000000001 ]
1351:(21,2,10,8,42,42,0) [ 10.1662 ]
1352:(22,2,10,9,41,41,0) [ 10.2606 ]
1353:(20,2,10,9,41,41,0) [ 10.0918 ]
1354:(20,2,11,9,41,41,0) [ 10.200800000000001 ]
1355:(21,2,11,9,41,41,0) [ 10.2852 ]
1356:(22,2,11,10,40,40,0) [ 10.3906 ]
1357:(20,2,11,10,40,40,0) [ 10.2218 ]
1358:(20,2,12,10,40,40,0) [ 10.3418 ]
1359:(21,2,12,10,40,40,0) [ 10.4262 ]
1360:(23,2,10,10,40,40,0) [ 10.355 ]
1361:(21,2,10,10,40,40,0) [ 10.1862 ]
1362:(23,2,11,11,39,39,0) [ 10.496 ]
1363:(21,2,11,11,39,39,0) [ 10.327200000000001 ]
1364:(21,2,12,11,39,39,0) [ 10.4582 ]
1365:(22,2,12,11,39,39,0) [ 10.5426 ]
1366:(24,2,10,11,39,39,0) [ 10.4494 ]
1367:(22,2,10,11,39,39,0) [ 10.2806 ]
1368:(24,2,11,12,38,38,0) [ 10.6014 ]
1369:(22,2,11,12,38,38,0) [ 10.4326 ]
1370:(22,2,12,12,38,38,0) [ 10.5746 ]
1371:(23,2,12,12,38,38,0) [ 10.659 ]
1372:(25,2,10,12,38,38,0) [ 10.543800000000001 ]
1373:(23,2,10,12,38,38,0) [ 10.375 ]
1374:(26,2,9,12,38,38,0) [ 10.4862 ]
1375:(24,2,9,12,38,38,0) [ 10.3174 ]
1376:(26,2,10,13,37,37,0) [ 10.638200000000001 ]
1377:(24,2,10,13,37,37,0) [ 10.4694 ]
1378:(24,2,11,13,37,37,0) [ 10.622399999999999 ]
1379:(25,2,11,13,37,37,0) [ 10.706800000000001 ]
1380:(27,2,9,13,37,37,0) [ 10.569600000000001 ]
1381:(25,2,9,13,37,37,0) [ 10.4008 ]
1382:(27,2,10,14,36,36,0) [ 10.7326 ]
1383:(25,2,10,14,36,36,0) [ 10.5638 ]
1384:(25,2,11,14,36,36,0) [ 10.7278 ]
1385:(26,2,11,14,36,36,0) [ 10.8122 ]
1386:(27,2,9,14,36,36,0) [ 10.5686 ]
1387:(25,2,9,14,36,36,0) [ 10.399799999999999 ]
1388:(28,2,8,14,36,36,0) [ 10.489 ]
1389:(26,2,8,14,36,36,0) [ 10.3202 ]
1390:(28,2,9,15,35,35,0) [ 10.652000000000001 ]
1391:(26,2,9,15,35,35,0) [ 10.4832 ]
1392:(26,2,10,15,35,35,0) [ 10.6582 ]
1393:(27,2,10,15,35,35,0) [ 10.7426 ]
1394:(28,2,10,16,34,34,0) [ 10.837 ]
1395:(26,2,10,16,34,34,0) [ 10.6682 ]
1396:(26,2,11,16,34,34,0) [ 10.8542 ]
1397:(27,2,11,16,34,34,0) [ 10.938600000000001 ]
1398:(28,2,9,16,34,34,0) [ 10.651 ]
1399:(26,2,9,16,34,34,0) [ 10.4822 ]
1400:(28,2,10,17,33,33,0) [ 10.847 ]
1401:(26,2,10,17,33,33,0) [ 10.6782 ]
1402:(26,2,11,17,33,33,0) [ 10.8752 ]
1403:(27,2,11,17,33,33,0) [ 10.9596 ]
1404:(28,2,9,17,33,33,0) [ 10.65 ]
1405:(26,2,9,17,33,33,0) [ 10.481200000000001 ]
1406:(28,2,10,18,32,32,0) [ 10.857 ]
1407:(26,2,10,18,32,32,0) [ 10.6882 ]
1408:(26,2,11,18,32,32,0) [ 10.8962 ]
1409:(27,2,11,18,32,32,0) [ 10.9806 ]
1410:(28,2,11,19,31,31,0) [ 11.086 ]
1411:(26,2,11,19,31,31,0) [ 10.917200000000001 ]
1412:(26,2,12,19,31,31,0) [ 11.1362 ]
1413:(27,2,12,19,31,31,0) [ 11.2206 ]
1414:(28,2,12,20,30,30,0) [ 11.337 ]
1415:(26,2,12,20,30,30,0) [ 11.1682 ]
1416:(26,2,13,20,30,30,0) [ 11.3982 ]
1417:(27,2,13,20,30,30,0) [ 11.482600000000001 ]
1418:(29,2,11,20,30,30,0) [ 11.1914 ]
1419:(27,2,11,20,30,30,0) [ 11.0226 ]
1420:(29,2,12,21,29,29,0) [ 11.4534 ]
1421:(27,2,12,21,29,29,0) [ 11.284600000000001 ]
1422:(27,2,13,21,29,29,0) [ 11.525599999999999 ]
1423:(28,2,13,21,29,29,0) [ 11.610000000000001 ]
1424:(30,2,11,21,29,29,0) [ 11.2968 ]
1425:(28,2,11,21,29,29,0) [ 11.128000000000002 ]
1426:(30,2,10,21,29,29,0) [ 11.0558 ]
1427:(28,2,10,21,29,29,0) [ 10.887 ]
1428:(30,2,9,21,29,29,0) [ 10.8148 ]
1429:(28,2,9,21,29,29,0) [ 10.646 ]
1430:(30,2,10,22,28,28,0) [ 11.0658 ]
1431:(28,2,10,22,28,28,0) [ 10.897000000000002 ]
1432:(28,2,11,22,28,28,0) [ 11.149000000000001 ]
1433:(29,2,11,22,28,28,0) [ 11.2334 ]
1434:(31,2,9,22,28,28,0) [ 10.8982 ]
1435:(29,2,9,22,28,28,0) [ 10.7294 ]
1436:(31,2,10,23,27,27,0) [ 11.1602 ]
1437:(29,2,10,23,27,27,0) [ 10.991399999999999 ]
1438:(29,2,11,23,27,27,0) [ 11.2544 ]
1439:(30,2,11,23,27,27,0) [ 11.338799999999999 ]
1440:(31,2,9,23,27,27,0) [ 10.897199999999998 ]
1441:(29,2,9,23,27,27,0) [ 10.7284 ]
1442:(32,2,8,23,27,27,0) [ 10.718599999999999 ]
1443:(30,2,8,23,27,27,0) [ 10.549800000000001 ]
1444:(33,2,7,23,27,27,0) [ 10.54 ]
1445:(31,2,7,23,27,27,0) [ 10.3712 ]
1446:(34,2,6,23,27,27,0) [ 10.3614 ]
1447:(32,2,6,23,27,27,0) [ 10.1926 ]
1448:(34,2,5,23,27,27,0) [ 10.0984 ]
1449:(32,2,5,23,27,27,0) [ 9.9296 ]
1450:(34,2,6,24,26,26,0) [ 10.3274 ]
1451:(32,2,6,24,26,26,0) [ 10.1586 ]
1452:(32,2,7,24,26,26,0) [ 10.4326 ]
1453:(33,2,7,24,26,26,0) [ 10.517 ]
1454:(34,2,7,25,25,25,0) [ 10.5784 ]
1455:(32,2,7,25,25,25,0) [ 10.409600000000001 ]
1456:(32,2,8,25,25,25,0) [ 10.694600000000001 ]
1457:(33,2,8,25,25,25,0) [ 10.779 ]
1458:(34,2,8,26,24,24,0) [ 10.8514 ]
1459:(32,2,8,26,24,24,0) [ 10.682599999999999 ]
1460:(32,2,9,26,24,24,0) [ 10.9786 ]
1461:(33,2,9,26,24,24,0) [ 11.063 ]
1462:(35,2,7,26,24,24,0) [ 10.6398 ]
1463:(33,2,7,26,24,24,0) [ 10.471 ]
1464:(35,2,8,27,23,23,0) [ 10.9238 ]
1465:(33,2,8,27,23,23,0) [ 10.755 ]
1466:(33,2,9,27,23,23,0) [ 11.062000000000001 ]
1467:(34,2,9,27,23,23,0) [ 11.1464 ]
1468:(36,2,7,27,23,23,0) [ 10.7012 ]
1469:(34,2,7,27,23,23,0) [ 10.5324 ]
1470:(36,2,8,28,22,22,0) [ 10.996199999999998 ]
1471:(34,2,8,28,22,22,0) [ 10.8274 ]
1472:(34,2,9,28,22,22,0) [ 11.145399999999999 ]
1473:(35,2,9,28,22,22,0) [ 11.229800000000001 ]
1474:(36,2,7,28,22,22,0) [ 10.6782 ]
1475:(34,2,7,28,22,22,0) [ 10.5094 ]
1476:(36,2,6,28,22,22,0) [ 10.360199999999999 ]
1477:(34,2,6,28,22,22,0) [ 10.191400000000002 ]
1478:(37,2,5,28,22,22,0) [ 10.1266 ]
1479:(35,2,5,28,22,22,0) [ 9.957799999999999 ]
1480:(37,2,6,29,21,21,0) [ 10.4106 ]
1481:(35,2,6,29,21,21,0) [ 10.2418 ]
1482:(35,2,7,29,21,21,0) [ 10.5708 ]
1483:(36,2,7,29,21,21,0) [ 10.655199999999999 ]
1484:(38,2,5,29,21,21,0) [ 10.165999999999999 ]
1485:(36,2,5,29,21,21,0) [ 9.9972 ]
1486:(38,2,6,30,20,20,0) [ 10.461 ]
1487:(36,2,6,30,20,20,0) [ 10.292200000000001 ]
1488:(36,2,7,30,20,20,0) [ 10.632200000000001 ]
1489:(37,2,7,30,20,20,0) [ 10.7166 ]
1490:(39,2,6,31,19,19,0) [ 10.5114 ]
1491:(37,2,6,31,19,19,0) [ 10.342600000000001 ]
1492:(37,2,7,31,19,19,0) [ 10.693600000000002 ]
1493:(38,2,7,31,19,19,0) [ 10.778 ]
1494:(41,2,2,31,19,19,0) [ 9.2762 ]
1495:(39,2,2,31,19,19,0) [ 9.1074 ]
1496:(41,2,3,32,18,18,0) [ 9.5602 ]
1497:(39,2,3,32,18,18,0) [ 9.3914 ]
1498:(41,2,4,33,17,17,0) [ 9.8662 ]
1499:(39,2,4,33,17,17,0) [ 9.6974 ]
1500:(42,2,3,33,17,17,0) [ 9.5776 ]
1501:(40,2,3,33,17,17,0) [ 9.4088 ]
1502:(42,2,2,33,17,17,0) [ 9.2046 ]
1503:(40,2,2,33,17,17,0) [ 9.0358 ]
1504:(41,2,4,36,14,14,0) [ 9.698200000000002 ]
1505:(42,2,4,36,14,14,0) [ 9.7826 ]
1506:(44,2,4,39,11,11,0) [ 9.783399999999999 ]
1507:(42,2,4,39,11,11,0) [ 9.6146 ]
1508:(42,2,5,39,11,11,0) [ 10.053599999999998 ]
1509:(43,2,5,39,11,11,0) [ 10.138 ]
1510:(43,2,5,40,10,10,0) [ 10.093 ]
1511:(44,2,5,40,10,10,0) [ 10.177399999999999 ]
1512:(43,2,8,44,6,6,0) [ 11.395 ]
1513:(44,2,8,44,6,6,0) [ 11.4794 ]
1514:(46,2,6,45,5,5,0) [ 10.6262 ]
1515:(44,2,6,45,5,5,0) [ 10.4574 ]
1516:(44,2,7,45,5,5,0) [ 10.962399999999999 ]
1517:(45,2,7,45,5,5,0) [ 11.046800000000001 ]
1518:(46,2,7,46,4,4,0) [ 11.108200000000002 ]
1519:(44,2,7,46,4,4,0) [ 10.939400000000001 ]
1520:(44,2,8,46,4,4,0) [ 11.4554 ]
1521:(45,2,8,46,4,4,0) [ 11.539800000000001 ]
1522:(49,2,4,48,2,2,0) [ 9.7014 ]
1523:(47,2,4,48,2,2,0) [ 9.532599999999999 ]
1524:(47,2,5,48,2,2,0) [ 10.070599999999999 ]
1525:(48,2,5,48,2,2,0) [ 10.154999999999998 ]
1526:(26,2,1,0,50,50,0) [ 10.4182 TARGET ]
1527:(25,2,2,0,50,50,0) [ 10.3438 TARGET ]
1528:(26,2,2,1,49,49,0) [ 10.350200000000001 ]
1529:(25,2,3,1,49,49,0) [ 10.2868 ]
1530:(26,2,3,2,48,48,0) [ 10.304200000000002 ]
1531:(25,2,4,2,48,48,0) [ 10.251800000000001 ]
1532:(27,2,2,2,48,48,0) [ 10.3566 ]
1533:(27,2,3,3,47,47,0) [ 10.3216 ]
1534:(26,2,4,3,47,47,0) [ 10.2802 ]
1535:(27,2,4,4,46,46,0) [ 10.308600000000002 ]
1536:(26,2,5,4,46,46,0) [ 10.278200000000002 ]
1537:(27,2,3,4,46,46,0) [ 10.2546 ]
1538:(28,2,2,4,46,46,0) [ 10.285 ]
1539:(28,2,1,4,46,46,0) [ 10.231000000000002 ]
1540:(29,2,0,4,46,46,0) [ 10.261400000000002 ]
1541:(29,2,1,5,45,45,0) [ 10.2264 ]
1542:(28,2,2,5,45,45,0) [ 10.207 ]
1543:(29,2,0,5,45,45,0) [ 10.1614 ]
1544:(29,2,1,6,44,44,0) [ 10.1374 ]
1545:(28,2,2,6,44,44,0) [ 10.129000000000001 ]
1546:(29,2,2,7,43,43,0) [ 10.1354 ]
1547:(28,2,3,7,43,43,0) [ 10.138 ]
1548:(30,2,1,7,43,43,0) [ 10.1328 ]
1549:(30,2,0,7,43,43,0) [ 10.0458 ]
1550:(30,2,1,8,42,42,0) [ 10.043800000000001 ]
1551:(29,2,2,8,42,42,0) [ 10.057400000000001 ]
1552:(31,2,0,8,42,42,0) [ 10.0302 ]
1553:(31,2,1,9,41,41,0) [ 10.039200000000001 ]
1554:(30,2,2,9,41,41,0) [ 10.0638 ]
1555:(31,2,0,9,41,41,0) [ 9.9302 ]
1556:(31,2,1,10,40,40,0) [ 9.950199999999999 ]
1557:(30,2,2,10,40,40,0) [ 9.985800000000001 ]
1558:(31,2,2,11,39,39,0) [ 9.9922 ]
1559:(30,2,3,11,39,39,0) [ 10.0388 ]
1560:(32,2,1,11,39,39,0) [ 9.9456 ]
1561:(32,2,0,11,39,39,0) [ 9.8146 ]
1562:(32,2,1,12,38,38,0) [ 9.8566 ]
1563:(31,2,2,12,38,38,0) [ 9.914200000000001 ]
1564:(33,2,0,12,38,38,0) [ 9.799000000000001 ]
1565:(33,2,1,13,37,37,0) [ 9.852 ]
1566:(32,2,2,13,37,37,0) [ 9.9206 ]
1567:(34,2,0,13,37,37,0) [ 9.7834 ]
1568:(34,2,1,14,36,36,0) [ 9.8474 ]
1569:(33,2,2,14,36,36,0) [ 9.927 ]
1570:(34,2,2,15,35,35,0) [ 9.9334 ]
1571:(33,2,3,15,35,35,0) [ 10.024000000000001 ]
1572:(34,2,3,16,34,34,0) [ 10.0414 ]
1573:(33,2,4,16,34,34,0) [ 10.143 ]
1574:(35,2,2,16,34,34,0) [ 9.9398 ]
1575:(35,2,1,16,34,34,0) [ 9.7538 ]
1576:(35,2,2,17,33,33,0) [ 9.8618 ]
1577:(34,2,3,17,33,33,0) [ 9.974400000000001 ]
1578:(35,2,3,18,32,32,0) [ 9.991800000000001 ]
1579:(34,2,4,18,32,32,0) [ 10.115400000000001 ]
1580:(36,2,2,18,32,32,0) [ 9.868200000000002 ]
1581:(37,2,1,18,32,32,0) [ 9.7446 ]
1582:(37,2,2,19,31,31,0) [ 9.874600000000001 ]
1583:(36,2,3,19,31,31,0) [ 10.0092 ]
1584:(37,2,3,20,30,30,0) [ 10.0266 ]
1585:(36,2,4,20,30,30,0) [ 10.1722 ]
1586:(37,2,2,20,30,30,0) [ 9.7966 ]
1587:(37,2,3,21,29,29,0) [ 9.9596 ]
1588:(36,2,4,21,29,29,0) [ 10.1162 ]
1589:(38,2,2,21,29,29,0) [ 9.803 ]
1590:(38,2,3,22,28,28,0) [ 9.977 ]
1591:(37,2,4,22,28,28,0) [ 10.1446 ]
1592:(39,2,2,22,28,28,0) [ 9.8094 ]
1593:(39,2,1,22,28,28,0) [ 9.557400000000001 ]
1594:(39,2,0,22,28,28,0) [ 9.3054 ]
1595:(39,2,1,23,27,27,0) [ 9.468399999999999 ]
1596:(38,2,2,23,27,27,0) [ 9.647 ]
1597:(39,2,2,24,26,26,0) [ 9.6534 ]
1598:(38,2,3,24,26,26,0) [ 9.843 ]
1599:(40,2,1,24,26,26,0) [ 9.4638 ]
1600:(40,2,0,24,26,26,0) [ 9.1898 ]
1601:(40,2,1,25,25,25,0) [ 9.3748 ]
1602:(39,2,2,25,25,25,0) [ 9.5754 ]
1603:(40,2,2,26,24,24,0) [ 9.581800000000001 ]
1604:(39,2,3,26,24,24,0) [ 9.793400000000002 ]
1605:(41,2,1,26,24,24,0) [ 9.3702 ]
1606:(41,2,2,27,23,23,0) [ 9.5882 ]
1607:(40,2,3,27,23,23,0) [ 9.8108 ]
1608:(42,2,1,27,23,23,0) [ 9.3656 ]
1609:(42,2,0,27,23,23,0) [ 9.0586 ]
1610:(42,2,1,28,22,22,0) [ 9.276599999999998 ]
1611:(41,2,2,28,22,22,0) [ 9.510200000000001 ]
1612:(42,2,2,29,21,21,0) [ 9.5166 ]
1613:(41,2,3,29,21,21,0) [ 9.7612 ]
1614:(42,2,3,30,20,20,0) [ 9.7786 ]
1615:(41,2,4,30,20,20,0) [ 10.0342 ]
1616:(43,2,2,30,20,20,0) [ 9.523 ]
1617:(43,2,3,31,19,19,0) [ 9.796 ]
1618:(42,2,4,31,19,19,0) [ 10.062600000000002 ]
1619:(43,2,4,32,18,18,0) [ 10.091000000000001 ]
1620:(42,2,5,32,18,18,0) [ 10.3686 ]
1621:(43,2,5,33,17,17,0) [ 10.407999999999998 ]
1622:(42,2,6,33,17,17,0) [ 10.6966 ]
1623:(43,2,6,34,16,16,0) [ 10.747 ]
1624:(42,2,7,34,16,16,0) [ 11.0466 ]
1625:(44,2,5,34,16,16,0) [ 10.4474 ]
1626:(44,2,4,34,16,16,0) [ 10.0634 ]
1627:(44,2,3,34,16,16,0) [ 9.6794 ]
1628:(44,2,4,35,15,15,0) [ 10.0074 ]
1629:(43,2,5,35,15,15,0) [ 10.318 ]
1630:(45,2,3,35,15,15,0) [ 9.6968 ]
1631:(45,2,2,35,15,15,0) [ 9.3018 ]
1632:(46,2,1,35,15,15,0) [ 8.9912 ]
1633:(47,2,0,35,15,15,0) [ 8.6806 ]
1634:(47,2,1,36,14,14,0) [ 8.986600000000001 ]
1635:(46,2,2,36,14,14,0) [ 9.308200000000001 ]
1636:(47,2,2,37,13,13,0) [ 9.314600000000002 ]
1637:(46,2,3,37,13,13,0) [ 9.647200000000002 ]
1638:(47,2,3,38,12,12,0) [ 9.6646 ]
1639:(46,2,4,38,12,12,0) [ 10.008199999999999 ]
1640:(47,2,2,38,12,12,0) [ 9.2366 ]
1641:(48,2,1,38,12,12,0) [ 8.893 ]
1642:(48,2,0,38,12,12,0) [ 8.465 ]
1643:(48,2,1,39,11,11,0) [ 8.804 ]
1644:(47,2,2,39,11,11,0) [ 9.1586 ]
1645:(48,2,2,40,10,10,0) [ 9.165 ]
1646:(47,2,3,40,10,10,0) [ 9.5306 ]
1647:(48,2,3,41,9,9,0) [ 9.548 ]
1648:(47,2,4,41,9,9,0) [ 9.9246 ]
1649:(48,2,4,42,8,8,0) [ 9.953 ]
1650:(47,2,5,42,8,8,0) [ 10.340600000000002 ]
1651:(48,2,5,43,7,7,0) [ 10.379999999999999 ]
1652:(47,2,6,43,7,7,0) [ 10.7786 ]
1653:(49,2,4,43,7,7,0) [ 9.9814 ]
1654:(49,2,5,44,6,6,0) [ 10.4194 ]
1655:(48,2,6,44,6,6,0) [ 10.828999999999999 ]
1656:(49,2,4,44,6,6,0) [ 9.9254 ]
1657:(50,2,3,44,6,6,0) [ 9.5158 ]
1658:(50,2,2,44,6,6,0) [ 9.021799999999999 ]
1659:(50,2,3,45,5,5,0) [ 9.4488 ]
1660:(49,2,4,45,5,5,0) [ 9.869399999999999 ]
1661:(50,2,4,46,4,4,0) [ 9.8978 ]
1662:(49,2,5,46,4,4,0) [ 10.329400000000001 ]
1663:(51,2,3,46,4,4,0) [ 9.466200000000002 ]
1664:(51,2,2,46,4,4,0) [ 8.9502 ]
1665:(51,2,3,47,3,3,0) [ 9.399200000000002 ]
1666:(50,2,4,47,3,3,0) [ 9.8418 ]
1667:(52,2,2,47,3,3,0) [ 8.956600000000002 ]
1668:(52,2,1,47,3,3,0) [ 8.4296 ]
1669:(52,2,0,47,3,3,0) [ 7.9026000000000005 ]
1670:(52,2,1,48,2,2,0) [ 8.340599999999998 ]
1671:(51,2,2,48,2,2,0) [ 8.7942 ]
1672:(52,2,2,49,1,1,0) [ 8.800600000000001 ]
1673:(51,2,3,49,1,1,0) [ 9.265200000000002 ]
1674:(53,2,1,49,1,1,0) [ 8.336 ]
1675:(53,2,0,49,1,1,0) [ 7.787 ]
1676:(53,2,1,50,0,0,0) [ 8.247 ]
1677:(52,2,2,50,0,0,0) [ 8.7226 ]
1678:(54,2,0,50,0,0,0) [ 7.771400000000001 ]
1679:(24,2,3,0,50,50,0) [ 10.2694 TARGET ]
1680:(24,2,4,1,49,49,0) [ 10.2234 ]
1681:(24,2,5,2,48,48,0) [ 10.1994 ]
1682:(25,2,5,3,47,47,0) [ 10.238800000000001 ]
1683:(25,2,6,4,46,46,0) [ 10.247800000000002 ]
1684:(27,2,3,5,45,45,0) [ 10.1876 ]
1685:(27,2,3,6,44,44,0) [ 10.1206 ]
1686:(27,2,4,7,43,43,0) [ 10.1406 ]
1687:(28,2,3,8,42,42,0) [ 10.071000000000002 ]
1688:(29,2,3,9,41,41,0) [ 10.0884 ]
1689:(29,2,3,10,40,40,0) [ 10.0214 ]
1690:(29,2,4,11,39,39,0) [ 10.0854 ]
1691:(30,2,3,12,38,38,0) [ 9.9718 ]
1692:(31,2,3,13,37,37,0) [ 9.9892 ]
1693:(32,2,3,14,36,36,0) [ 10.0066 ]
1694:(32,2,4,15,35,35,0) [ 10.1146 ]
1695:(32,2,5,16,34,34,0) [ 10.2446 ]
1696:(33,2,4,17,33,33,0) [ 10.087 ]
1697:(33,2,5,18,32,32,0) [ 10.239 ]
1698:(35,2,4,19,31,31,0) [ 10.1438 ]
1699:(35,2,5,20,30,30,0) [ 10.3178 ]
1700:(35,2,5,21,29,29,0) [ 10.2728 ]
1701:(36,2,5,22,28,28,0) [ 10.3122 ]
1702:(37,2,3,23,27,27,0) [ 9.825600000000001 ]
1703:(37,2,4,24,26,26,0) [ 10.0326 ]
1704:(38,2,3,25,25,25,0) [ 9.776 ]
1705:(38,2,4,26,24,24,0) [ 10.005 ]
1706:(39,2,4,27,23,23,0) [ 10.0334 ]
1707:(40,2,3,28,22,22,0) [ 9.7438 ]
1708:(40,2,4,29,21,21,0) [ 10.0058 ]
1709:(40,2,5,30,20,20,0) [ 10.2898 ]
1710:(41,2,5,31,19,19,0) [ 10.3292 ]
1711:(41,2,6,32,18,18,0) [ 10.6462 ]
1712:(41,2,7,33,17,17,0) [ 10.985199999999999 ]
1713:(41,2,8,34,16,16,0) [ 11.346200000000001 ]
1714:(42,2,6,35,15,15,0) [ 10.628599999999999 ]
1715:(45,2,3,36,14,14,0) [ 9.629800000000001 ]
1716:(45,2,4,37,13,13,0) [ 9.979800000000001 ]
1717:(45,2,5,38,12,12,0) [ 10.3518 ]
1718:(46,2,3,39,11,11,0) [ 9.5132 ]
1719:(46,2,4,40,10,10,0) [ 9.8962 ]
1720:(46,2,5,41,9,9,0) [ 10.3012 ]
1721:(46,2,6,42,8,8,0) [ 10.728200000000001 ]
1722:(46,2,7,43,7,7,0) [ 11.1772 ]
1723:(47,2,7,44,6,6,0) [ 11.2386 ]
1724:(48,2,5,45,5,5,0) [ 10.29 ]
1725:(48,2,6,46,4,4,0) [ 10.761000000000001 ]
1726:(49,2,5,47,3,3,0) [ 10.284400000000002 ]
1727:(50,2,3,48,2,2,0) [ 9.247799999999998 ]
1728:(50,2,4,49,1,1,0) [ 9.7298 ]
1729:(51,2,3,50,0,0,0) [ 9.198200000000002 ]
1730:(23,2,6,5,45,45,0) [ 10.045 ]
1731:(22,2,7,5,45,45,0) [ 10.0256 ]
1732:(23,2,7,6,44,44,0) [ 10.087 ]
1733:(22,2,8,6,44,44,0) [ 10.078600000000002 ]
1734:(23,2,8,7,43,43,0) [ 10.151 ]
1735:(22,2,9,7,43,43,0) [ 10.1536 ]
1736:(23,2,9,8,42,42,0) [ 10.237 ]
1737:(22,2,10,8,42,42,0) [ 10.2506 ]
1738:(23,2,10,9,41,41,0) [ 10.344999999999999 ]
1739:(22,2,11,9,41,41,0) [ 10.369600000000002 ]
1740:(23,2,11,10,40,40,0) [ 10.475 ]
1741:(22,2,12,10,40,40,0) [ 10.5106 ]
1742:(24,2,10,10,40,40,0) [ 10.4394 ]
1743:(24,2,11,11,39,39,0) [ 10.580400000000001 ]
1744:(23,2,12,11,39,39,0) [ 10.627 ]
1745:(25,2,10,11,39,39,0) [ 10.5338 ]
1746:(25,2,11,12,38,38,0) [ 10.6858 ]
1747:(24,2,12,12,38,38,0) [ 10.743400000000001 ]
1748:(26,2,10,12,38,38,0) [ 10.628200000000001 ]
1749:(27,2,9,12,38,38,0) [ 10.5706 ]
1750:(27,2,10,13,37,37,0) [ 10.7226 ]
1751:(26,2,11,13,37,37,0) [ 10.7912 ]
1752:(28,2,9,13,37,37,0) [ 10.654 ]
1753:(28,2,10,14,36,36,0) [ 10.817 ]
1754:(27,2,11,14,36,36,0) [ 10.896600000000001 ]
1755:(28,2,9,14,36,36,0) [ 10.653 ]
1756:(29,2,8,14,36,36,0) [ 10.5734 ]
1757:(29,2,9,15,35,35,0) [ 10.7364 ]
1758:(28,2,10,15,35,35,0) [ 10.827000000000002 ]
1759:(29,2,10,16,34,34,0) [ 10.9214 ]
1760:(28,2,11,16,34,34,0) [ 11.023 ]
1761:(29,2,9,16,34,34,0) [ 10.7354 ]
1762:(29,2,10,17,33,33,0) [ 10.9314 ]
1763:(28,2,11,17,33,33,0) [ 11.044 ]
1764:(29,2,9,17,33,33,0) [ 10.734399999999999 ]
1765:(29,2,10,18,32,32,0) [ 10.9414 ]
1766:(28,2,11,18,32,32,0) [ 11.065000000000001 ]
1767:(29,2,11,19,31,31,0) [ 11.170399999999999 ]
1768:(28,2,12,19,31,31,0) [ 11.305000000000001 ]
1769:(29,2,12,20,30,30,0) [ 11.4214 ]
1770:(28,2,13,20,30,30,0) [ 11.567 ]
1771:(30,2,11,20,30,30,0) [ 11.2758 ]
1772:(30,2,12,21,29,29,0) [ 11.5378 ]
1773:(29,2,13,21,29,29,0) [ 11.6944 ]
1774:(31,2,11,21,29,29,0) [ 11.381200000000002 ]
1775:(31,2,10,21,29,29,0) [ 11.1402 ]
1776:(31,2,9,21,29,29,0) [ 10.8992 ]
1777:(31,2,10,22,28,28,0) [ 11.150200000000002 ]
1778:(30,2,11,22,28,28,0) [ 11.317800000000002 ]
1779:(32,2,9,22,28,28,0) [ 10.982600000000001 ]
1780:(32,2,10,23,27,27,0) [ 11.244599999999998 ]
1781:(31,2,11,23,27,27,0) [ 11.423199999999998 ]
1782:(32,2,9,23,27,27,0) [ 10.9816 ]
1783:(33,2,8,23,27,27,0) [ 10.803 ]
1784:(34,2,7,23,27,27,0) [ 10.6244 ]
1785:(35,2,6,23,27,27,0) [ 10.4458 ]
1786:(35,2,5,23,27,27,0) [ 10.1828 ]
1787:(35,2,6,24,26,26,0) [ 10.411800000000001 ]
1788:(34,2,7,24,26,26,0) [ 10.6014 ]
1789:(35,2,7,25,25,25,0) [ 10.6628 ]
1790:(34,2,8,25,25,25,0) [ 10.863399999999999 ]
1791:(35,2,8,26,24,24,0) [ 10.9358 ]
1792:(34,2,9,26,24,24,0) [ 11.1474 ]
1793:(36,2,7,26,24,24,0) [ 10.724200000000002 ]
1794:(36,2,8,27,23,23,0) [ 11.008200000000002 ]
1795:(35,2,9,27,23,23,0) [ 11.2308 ]
1796:(37,2,7,27,23,23,0) [ 10.785600000000002 ]
1797:(37,2,8,28,22,22,0) [ 11.0806 ]
1798:(36,2,9,28,22,22,0) [ 11.3142 ]
1799:(37,2,7,28,22,22,0) [ 10.762599999999999 ]
1800:(37,2,6,28,22,22,0) [ 10.444600000000001 ]
1801:(38,2,5,28,22,22,0) [ 10.210999999999999 ]
1802:(38,2,6,29,21,21,0) [ 10.495 ]
1803:(37,2,7,29,21,21,0) [ 10.739600000000001 ]
1804:(39,2,5,29,21,21,0) [ 10.2504 ]
1805:(39,2,6,30,20,20,0) [ 10.5454 ]
1806:(38,2,7,30,20,20,0) [ 10.801 ]
1807:(40,2,6,31,19,19,0) [ 10.595800000000002 ]
1808:(39,2,7,31,19,19,0) [ 10.8624 ]
1809:(42,2,2,31,19,19,0) [ 9.3606 ]
1810:(42,2,3,32,18,18,0) [ 9.6446 ]
1811:(42,2,4,33,17,17,0) [ 9.950599999999998 ]
1812:(43,2,3,33,17,17,0) [ 9.661999999999999 ]
1813:(43,2,2,33,17,17,0) [ 9.289 ]
1814:(43,2,4,36,14,14,0) [ 9.866999999999999 ]
1815:(45,2,4,39,11,11,0) [ 9.8678 ]
1816:(44,2,5,39,11,11,0) [ 10.222399999999999 ]
1817:(45,2,5,40,10,10,0) [ 10.261800000000001 ]
1818:(45,2,8,44,6,6,0) [ 11.563799999999999 ]
1819:(47,2,6,45,5,5,0) [ 10.7106 ]
1820:(46,2,7,45,5,5,0) [ 11.1312 ]
1821:(47,2,7,46,4,4,0) [ 11.1926 ]
1822:(46,2,8,46,4,4,0) [ 11.6242 ]
1823:(50,2,4,48,2,2,0) [ 9.785799999999998 ]
1824:(49,2,5,48,2,2,0) [ 10.2394 ]
1825:(-1,-1,-1,-1,-1,-1,-1) [ 0.0 ]