(R_,L,RL,G_,G_a,G_bg,G_d)
0:(50,2,0,50,0,0,0) [ 7.4338 ]
1:(49,2,1,50,0,0,0) [ 7.9094 ]
2:(49,2,0,49,1,1,0) [ 7.4494 ]
3:(49,2,1,49,1,1,0) [ 7.998399999999999 ]
4:(50,2,0,49,1,1,0) [ 7.533799999999999 ]
5:(50,2,1,49,1,1,0) [ 8.082799999999999 ]
6:(50,2,2,49,1,1,0) [ 8.6318 ]
7:(50,2,2,49,0,1,1) [ 1058.5318 ]
8:(50,2,2,50,0,0,0) [ 8.553799999999999 ]
9:(49,2,2,49,1,1,0) [ 8.547399999999998 ]
10:(48,2,2,49,1,1,0) [ 8.463 ]
11:(47,2,3,49,1,1,0) [ 8.9276 ]
12:(47,2,4,49,1,1,0) [ 9.4766 ]
13:(47,2,5,49,1,1,0) [ 10.025599999999999 ]
14:(47,2,6,49,1,1,0) [ 10.5746 ]
15:(47,2,5,48,2,2,0) [ 10.070599999999999 ]
16:(47,2,4,47,3,3,0) [ 9.5886 ]
17:(47,2,5,47,3,3,0) [ 10.1156 ]
18:(47,2,4,46,4,4,0) [ 9.6446 ]
19:(47,2,5,46,4,4,0) [ 10.1606 ]
20:(47,2,4,45,5,5,0) [ 9.700600000000001 ]
21:(46,2,5,45,5,5,0) [ 10.1212 ]
22:(46,2,4,44,6,6,0) [ 9.6722 ]
23:(45,2,5,44,6,6,0) [ 10.0818 ]
24:(45,2,4,43,7,7,0) [ 9.643799999999999 ]
25:(45,2,5,43,7,7,0) [ 10.1268 ]
26:(44,2,6,43,7,7,0) [ 10.5254 ]
27:(44,2,7,43,7,7,0) [ 11.008399999999998 ]
28:(44,2,6,42,8,8,0) [ 10.5594 ]
29:(44,2,5,41,9,9,0) [ 10.132399999999999 ]
30:(44,2,4,40,10,10,0) [ 9.7274 ]
31:(43,2,5,40,10,10,0) [ 10.093 ]
32:(43,2,4,39,11,11,0) [ 9.699 ]
33:(43,2,5,39,11,11,0) [ 10.138 ]
34:(43,2,6,39,11,11,0) [ 10.577 ]
35:(42,2,7,39,11,11,0) [ 10.9316 ]
36:(43,2,7,39,11,11,0) [ 11.016 ]
37:(43,2,6,38,12,12,0) [ 10.611 ]
38:(43,2,7,38,12,12,0) [ 11.038999999999998 ]
39:(43,2,6,37,13,13,0) [ 10.645 ]
40:(43,2,5,36,14,14,0) [ 10.273 ]
41:(42,2,6,36,14,14,0) [ 10.594600000000002 ]
42:(42,2,5,35,15,15,0) [ 10.2336 ]
43:(42,2,4,34,16,16,0) [ 9.894599999999999 ]
44:(42,2,5,34,16,16,0) [ 10.278599999999999 ]
45:(42,2,4,33,17,17,0) [ 9.950599999999998 ]
46:(41,2,5,33,17,17,0) [ 10.2392 ]
47:(41,2,4,32,18,18,0) [ 9.9222 ]
48:(40,2,5,32,18,18,0) [ 10.1998 ]
49:(40,2,4,31,19,19,0) [ 9.8938 ]
50:(40,2,5,31,19,19,0) [ 10.2448 ]
51:(40,2,4,30,20,20,0) [ 9.9498 ]
52:(40,2,3,29,21,21,0) [ 9.6768 ]
53:(40,2,2,28,22,22,0) [ 9.4258 ]
54:(40,2,3,28,22,22,0) [ 9.7438 ]
55:(39,2,4,28,22,22,0) [ 9.9774 ]
56:(38,2,5,28,22,22,0) [ 10.210999999999999 ]
57:(38,2,5,28,21,22,1) [ 23110.110999999997 ]
58:(38,2,6,28,21,22,1) [ 23110.429 ]
59:(38,2,7,28,21,22,1) [ 23110.747 ]
60:(37,2,8,28,21,22,1) [ 23110.9806 ]
61:(37,2,7,27,22,23,1) [ 24160.6856 ]
62:(37,2,8,27,22,23,1) [ 24160.9926 ]
63:(37,2,7,26,23,24,1) [ 25210.708599999998 ]
64:(37,2,8,26,23,24,1) [ 25211.0046 ]
65:(37,2,7,25,24,25,1) [ 26260.731600000003 ]
66:(37,2,8,25,24,25,1) [ 26261.016600000003 ]
67:(37,2,9,25,24,25,1) [ 26261.301600000003 ]
68:(37,2,8,24,25,26,1) [ 27311.0286 ]
69:(37,2,7,23,26,27,1) [ 28360.777599999998 ]
70:(37,2,8,23,26,27,1) [ 28361.0406 ]
71:(38,2,7,23,26,27,1) [ 28360.861999999997 ]
72:(38,2,8,23,26,27,1) [ 28361.125 ]
73:(38,2,7,22,27,28,1) [ 29410.885000000002 ]
74:(38,2,6,21,28,29,1) [ 30460.666999999998 ]
75:(38,2,7,21,28,29,1) [ 30460.908 ]
76:(38,2,6,20,29,30,1) [ 31510.701 ]
77:(37,2,7,20,29,30,1) [ 31510.8466 ]
78:(36,2,7,20,29,30,1) [ 31510.7622 ]
79:(36,2,6,19,30,31,1) [ 32560.5662 ]
80:(36,2,5,18,31,32,1) [ 33610.3922 ]
81:(35,2,6,18,31,32,1) [ 33610.5158 ]
82:(35,2,7,18,31,32,1) [ 33610.7238 ]
83:(35,2,6,17,32,33,1) [ 34660.5498 ]
84:(34,2,7,17,32,33,1) [ 34660.662399999994 ]
85:(34,2,8,17,32,33,1) [ 34660.859399999994 ]
86:(34,2,7,16,33,34,1) [ 35710.6854 ]
87:(34,2,6,15,34,35,1) [ 36760.5334 ]
88:(33,2,7,15,34,35,1) [ 36760.624 ]
89:(32,2,8,15,34,35,1) [ 36760.7146 ]
90:(33,2,8,15,34,35,1) [ 36760.799 ]
91:(33,2,9,15,34,35,1) [ 36760.974 ]
92:(33,2,8,14,35,36,1) [ 37810.811 ]
93:(33,2,7,13,36,37,1) [ 38860.67 ]
94:(33,2,8,13,36,37,1) [ 38860.823 ]
95:(32,2,9,13,36,37,1) [ 38860.891599999995 ]
96:(31,2,10,13,36,37,1) [ 38860.9602 ]
97:(31,2,9,12,37,38,1) [ 39910.8082 ]
98:(31,2,10,12,37,38,1) [ 39910.9502 ]
99:(31,2,11,12,37,38,1) [ 39911.0922 ]
100:(31,2,10,11,38,39,1) [ 40960.940200000005 ]
101:(31,2,9,10,39,40,1) [ 42010.8102 ]
102:(31,2,8,9,40,41,1) [ 43060.7022 ]
103:(31,2,7,8,41,42,1) [ 44110.6162 ]
104:(31,2,6,7,42,43,1) [ 45160.5522 ]
105:(31,2,5,6,43,44,1) [ 46210.510200000004 ]
106:(30,2,6,6,43,44,1) [ 46210.501800000005 ]
107:(30,2,7,6,43,44,1) [ 46210.57780000001 ]
108:(30,2,6,5,44,45,1) [ 47260.5358 ]
109:(29,2,7,5,44,45,1) [ 47260.5164 ]
110:(29,2,7,6,44,44,0) [ 10.593399999999999 ]
111:(29,2,6,5,45,45,0) [ 10.551400000000001 ]
112:(28,2,7,5,45,45,0) [ 10.532 ]
113:(28,2,8,5,45,45,0) [ 10.597000000000001 ]
114:(28,2,8,5,44,45,1) [ 47260.497 ]
115:(28,2,7,4,45,46,1) [ 48310.455 ]
116:(28,2,6,3,46,47,1) [ 49360.435 ]
117:(27,2,7,3,46,47,1) [ 49360.393599999996 ]
118:(27,2,6,2,47,48,1) [ 50410.3846 ]
119:(27,2,5,1,48,49,1) [ 51460.397600000004 ]
120:(26,2,6,1,48,49,1) [ 51460.334200000005 ]
121:(26,2,7,1,48,49,1) [ 51460.355200000005 ]
122:(26,2,6,0,49,50,1) [ 52510.368200000004 TARGET ]
123:(27,2,6,0,49,50,1) [ 52510.452600000004 TARGET ]
124:(25,2,6,0,49,50,1) [ 52510.283800000005 TARGET ]
125:(25,2,7,0,49,50,1) [ 52510.2938 TARGET ]
126:(26,2,7,0,49,50,1) [ 52510.3782 TARGET ]
127:(27,2,7,1,48,49,1) [ 51460.439600000005 ]
128:(25,2,7,1,48,49,1) [ 51460.270800000006 ]
129:(25,2,8,1,48,49,1) [ 51460.291800000006 ]
130:(26,2,8,1,48,49,1) [ 51460.376200000006 ]
131:(27,2,6,1,48,49,1) [ 51460.418600000005 ]
132:(25,2,6,1,48,49,1) [ 51460.249800000005 ]
133:(28,2,5,1,48,49,1) [ 51460.482 ]
134:(26,2,5,1,48,49,1) [ 51460.313200000004 ]
135:(28,2,6,2,47,48,1) [ 50410.469 ]
136:(26,2,6,2,47,48,1) [ 50410.3002 ]
137:(26,2,7,2,47,48,1) [ 50410.3322 ]
138:(27,2,7,2,47,48,1) [ 50410.4166 ]
139:(28,2,7,3,46,47,1) [ 49360.477999999996 ]
140:(26,2,7,3,46,47,1) [ 49360.309199999996 ]
141:(26,2,8,3,46,47,1) [ 49360.3522 ]
142:(27,2,8,3,46,47,1) [ 49360.4366 ]
143:(29,2,6,3,46,47,1) [ 49360.5194 ]
144:(27,2,6,3,46,47,1) [ 49360.3506 ]
145:(29,2,7,4,45,46,1) [ 48310.5394 ]
146:(27,2,7,4,45,46,1) [ 48310.3706 ]
147:(27,2,8,4,45,46,1) [ 48310.4246 ]
148:(28,2,8,4,45,46,1) [ 48310.509 ]
149:(29,2,8,5,44,45,1) [ 47260.5814 ]
150:(27,2,8,5,44,45,1) [ 47260.4126 ]
151:(27,2,9,5,44,45,1) [ 47260.4776 ]
152:(28,2,9,5,44,45,1) [ 47260.562 ]
153:(29,2,8,5,45,45,0) [ 10.6814 ]
154:(27,2,8,5,45,45,0) [ 10.5126 ]
155:(27,2,9,5,45,45,0) [ 10.5776 ]
156:(28,2,9,5,45,45,0) [ 10.662 ]
157:(29,2,7,5,45,45,0) [ 10.616399999999999 ]
158:(27,2,7,5,45,45,0) [ 10.447600000000001 ]
159:(30,2,6,5,45,45,0) [ 10.6358 ]
160:(28,2,6,5,45,45,0) [ 10.467 ]
161:(30,2,7,6,44,44,0) [ 10.677800000000001 ]
162:(28,2,7,6,44,44,0) [ 10.509 ]
163:(28,2,8,6,44,44,0) [ 10.585 ]
164:(29,2,8,6,44,44,0) [ 10.6694 ]
165:(30,2,7,5,44,45,1) [ 47260.6008 ]
166:(28,2,7,5,44,45,1) [ 47260.432 ]
167:(31,2,6,5,44,45,1) [ 47260.620200000005 ]
168:(29,2,6,5,44,45,1) [ 47260.4514 ]
169:(31,2,7,6,43,44,1) [ 46210.662200000006 ]
170:(29,2,7,6,43,44,1) [ 46210.4934 ]
171:(29,2,8,6,43,44,1) [ 46210.5694 ]
172:(30,2,8,6,43,44,1) [ 46210.6538 ]
173:(31,2,6,6,43,44,1) [ 46210.586200000005 ]
174:(29,2,6,6,43,44,1) [ 46210.417400000006 ]
175:(32,2,5,6,43,44,1) [ 46210.594600000004 ]
176:(30,2,5,6,43,44,1) [ 46210.425800000005 ]
177:(32,2,6,7,42,43,1) [ 45160.6366 ]
178:(30,2,6,7,42,43,1) [ 45160.4678 ]
179:(30,2,7,7,42,43,1) [ 45160.5548 ]
180:(31,2,7,7,42,43,1) [ 45160.6392 ]
181:(32,2,7,8,41,42,1) [ 44110.7006 ]
182:(30,2,7,8,41,42,1) [ 44110.5318 ]
183:(30,2,8,8,41,42,1) [ 44110.629799999995 ]
184:(31,2,8,8,41,42,1) [ 44110.7142 ]
185:(32,2,8,9,40,41,1) [ 43060.7866 ]
186:(30,2,8,9,40,41,1) [ 43060.6178 ]
187:(30,2,9,9,40,41,1) [ 43060.7268 ]
188:(31,2,9,9,40,41,1) [ 43060.8112 ]
189:(32,2,9,10,39,40,1) [ 42010.8946 ]
190:(30,2,9,10,39,40,1) [ 42010.7258 ]
191:(30,2,10,10,39,40,1) [ 42010.8458 ]
192:(31,2,10,10,39,40,1) [ 42010.9302 ]
193:(32,2,10,11,38,39,1) [ 40961.024600000004 ]
194:(30,2,10,11,38,39,1) [ 40960.855800000005 ]
195:(30,2,11,11,38,39,1) [ 40960.986800000006 ]
196:(31,2,11,11,38,39,1) [ 40961.071200000006 ]
197:(32,2,11,12,37,38,1) [ 39911.1766 ]
198:(30,2,11,12,37,38,1) [ 39911.0078 ]
199:(30,2,12,12,37,38,1) [ 39911.1498 ]
200:(31,2,12,12,37,38,1) [ 39911.2342 ]
201:(32,2,10,12,37,38,1) [ 39911.0346 ]
202:(30,2,10,12,37,38,1) [ 39910.8658 ]
203:(32,2,9,12,37,38,1) [ 39910.8926 ]
204:(30,2,9,12,37,38,1) [ 39910.7238 ]
205:(32,2,10,13,36,37,1) [ 38861.0446 ]
206:(30,2,10,13,36,37,1) [ 38860.8758 ]
207:(30,2,11,13,36,37,1) [ 38861.0288 ]
208:(31,2,11,13,36,37,1) [ 38861.1132 ]
209:(33,2,9,13,36,37,1) [ 38860.975999999995 ]
210:(31,2,9,13,36,37,1) [ 38860.807199999996 ]
211:(34,2,8,13,36,37,1) [ 38860.9074 ]
212:(32,2,8,13,36,37,1) [ 38860.7386 ]
213:(34,2,7,13,36,37,1) [ 38860.7544 ]
214:(32,2,7,13,36,37,1) [ 38860.5856 ]
215:(34,2,8,14,35,36,1) [ 37810.8954 ]
216:(32,2,8,14,35,36,1) [ 37810.7266 ]
217:(32,2,9,14,35,36,1) [ 37810.8906 ]
218:(33,2,9,14,35,36,1) [ 37810.975 ]
219:(34,2,9,15,34,35,1) [ 36761.0584 ]
220:(32,2,9,15,34,35,1) [ 36760.8896 ]
221:(32,2,10,15,34,35,1) [ 36761.0646 ]
222:(33,2,10,15,34,35,1) [ 36761.149000000005 ]
223:(34,2,8,15,34,35,1) [ 36760.8834 ]
224:(31,2,8,15,34,35,1) [ 36760.6302 ]
225:(31,2,9,15,34,35,1) [ 36760.8052 ]
226:(34,2,7,15,34,35,1) [ 36760.7084 ]
227:(32,2,7,15,34,35,1) [ 36760.539600000004 ]
228:(35,2,6,15,34,35,1) [ 36760.6178 ]
229:(33,2,6,15,34,35,1) [ 36760.449 ]
230:(35,2,7,16,33,34,1) [ 35710.7698 ]
231:(33,2,7,16,33,34,1) [ 35710.601 ]
232:(33,2,8,16,33,34,1) [ 35710.787000000004 ]
233:(34,2,8,16,33,34,1) [ 35710.8714 ]
234:(35,2,8,17,32,33,1) [ 34660.943799999994 ]
235:(33,2,8,17,32,33,1) [ 34660.774999999994 ]
236:(33,2,9,17,32,33,1) [ 34660.971999999994 ]
237:(34,2,9,17,32,33,1) [ 34661.056399999994 ]
238:(35,2,7,17,32,33,1) [ 34660.74679999999 ]
239:(33,2,7,17,32,33,1) [ 34660.577999999994 ]
240:(36,2,6,17,32,33,1) [ 34660.6342 ]
241:(34,2,6,17,32,33,1) [ 34660.465399999994 ]
242:(36,2,7,18,31,32,1) [ 33610.8082 ]
243:(34,2,7,18,31,32,1) [ 33610.6394 ]
244:(34,2,8,18,31,32,1) [ 33610.8474 ]
245:(35,2,8,18,31,32,1) [ 33610.9318 ]
246:(36,2,6,18,31,32,1) [ 33610.6002 ]
247:(34,2,6,18,31,32,1) [ 33610.4314 ]
248:(37,2,5,18,31,32,1) [ 33610.4766 ]
249:(35,2,5,18,31,32,1) [ 33610.307799999995 ]
250:(37,2,6,19,30,31,1) [ 32560.6506 ]
251:(35,2,6,19,30,31,1) [ 32560.4818 ]
252:(35,2,7,19,30,31,1) [ 32560.7008 ]
253:(36,2,7,19,30,31,1) [ 32560.7852 ]
254:(35,2,7,20,29,30,1) [ 31510.6778 ]
255:(35,2,8,20,29,30,1) [ 31510.9078 ]
256:(36,2,8,20,29,30,1) [ 31510.9922 ]
257:(38,2,7,20,29,30,1) [ 31510.931 ]
258:(37,2,8,20,29,30,1) [ 31511.0766 ]
259:(39,2,6,20,29,30,1) [ 31510.7854 ]
260:(37,2,6,20,29,30,1) [ 31510.6166 ]
261:(39,2,7,21,28,29,1) [ 30460.9924 ]
262:(37,2,7,21,28,29,1) [ 30460.8236 ]
263:(37,2,8,21,28,29,1) [ 30461.064599999998 ]
264:(38,2,8,21,28,29,1) [ 30461.148999999998 ]
265:(39,2,6,21,28,29,1) [ 30460.7514 ]
266:(37,2,6,21,28,29,1) [ 30460.582599999998 ]
267:(39,2,7,22,27,28,1) [ 29410.9694 ]
268:(37,2,7,22,27,28,1) [ 29410.800600000002 ]
269:(37,2,8,22,27,28,1) [ 29411.0526 ]
270:(38,2,8,22,27,28,1) [ 29411.137000000002 ]
271:(39,2,8,23,26,27,1) [ 28361.2094 ]
272:(37,2,9,23,26,27,1) [ 28361.3036 ]
273:(38,2,9,23,26,27,1) [ 28361.388 ]
274:(39,2,7,23,26,27,1) [ 28360.946399999997 ]
275:(36,2,8,23,26,27,1) [ 28360.956199999997 ]
276:(36,2,9,23,26,27,1) [ 28361.2192 ]
277:(36,2,7,23,26,27,1) [ 28360.693199999998 ]
278:(38,2,8,24,25,26,1) [ 27311.113 ]
279:(36,2,8,24,25,26,1) [ 27310.9442 ]
280:(36,2,9,24,25,26,1) [ 27311.2182 ]
281:(37,2,9,24,25,26,1) [ 27311.3026 ]
282:(38,2,9,25,24,25,1) [ 26261.386000000002 ]
283:(36,2,9,25,24,25,1) [ 26261.217200000003 ]
284:(36,2,10,25,24,25,1) [ 26261.502200000003 ]
285:(37,2,10,25,24,25,1) [ 26261.586600000002 ]
286:(38,2,8,25,24,25,1) [ 26261.101000000002 ]
287:(36,2,8,25,24,25,1) [ 26260.932200000003 ]
288:(38,2,7,25,24,25,1) [ 26260.816000000003 ]
289:(36,2,7,25,24,25,1) [ 26260.647200000003 ]
290:(38,2,8,26,23,24,1) [ 25211.089 ]
291:(36,2,8,26,23,24,1) [ 25210.9202 ]
292:(36,2,9,26,23,24,1) [ 25211.2162 ]
293:(37,2,9,26,23,24,1) [ 25211.3006 ]
294:(38,2,7,26,23,24,1) [ 25210.792999999998 ]
295:(36,2,7,26,23,24,1) [ 25210.6242 ]
296:(38,2,8,27,22,23,1) [ 24161.077 ]
297:(36,2,8,27,22,23,1) [ 24160.9082 ]
298:(36,2,9,27,22,23,1) [ 24161.215200000002 ]
299:(37,2,9,27,22,23,1) [ 24161.299600000002 ]
300:(38,2,7,27,22,23,1) [ 24160.77 ]
301:(36,2,7,27,22,23,1) [ 24160.6012 ]
302:(38,2,8,28,21,22,1) [ 23111.065 ]
303:(36,2,8,28,21,22,1) [ 23110.8962 ]
304:(36,2,9,28,21,22,1) [ 23111.2142 ]
305:(37,2,9,28,21,22,1) [ 23111.2986 ]
306:(39,2,7,28,21,22,1) [ 23110.8314 ]
307:(37,2,7,28,21,22,1) [ 23110.6626 ]
308:(39,2,6,28,21,22,1) [ 23110.5134 ]
309:(37,2,6,28,21,22,1) [ 23110.3446 ]
310:(39,2,5,28,21,22,1) [ 23110.195399999997 ]
311:(37,2,5,28,21,22,1) [ 23110.026599999997 ]
312:(39,2,5,28,22,22,0) [ 10.2954 ]
313:(37,2,5,28,22,22,0) [ 10.1266 ]
314:(37,2,6,28,22,22,0) [ 10.444600000000001 ]
315:(38,2,6,28,22,22,0) [ 10.529 ]
316:(40,2,4,28,22,22,0) [ 10.061800000000002 ]
317:(38,2,4,28,22,22,0) [ 9.893 ]
318:(41,2,3,28,22,22,0) [ 9.8282 ]
319:(39,2,3,28,22,22,0) [ 9.659400000000002 ]
320:(41,2,2,28,22,22,0) [ 9.510200000000001 ]
321:(39,2,2,28,22,22,0) [ 9.3414 ]
322:(41,2,3,29,21,21,0) [ 9.7612 ]
323:(39,2,3,29,21,21,0) [ 9.5924 ]
324:(39,2,4,29,21,21,0) [ 9.9214 ]
325:(40,2,4,29,21,21,0) [ 10.0058 ]
326:(41,2,4,30,20,20,0) [ 10.0342 ]
327:(39,2,4,30,20,20,0) [ 9.865400000000001 ]
328:(39,2,5,30,20,20,0) [ 10.205400000000001 ]
329:(40,2,5,30,20,20,0) [ 10.2898 ]
330:(41,2,5,31,19,19,0) [ 10.3292 ]
331:(39,2,5,31,19,19,0) [ 10.160400000000001 ]
332:(39,2,6,31,19,19,0) [ 10.5114 ]
333:(40,2,6,31,19,19,0) [ 10.595800000000002 ]
334:(41,2,4,31,19,19,0) [ 9.9782 ]
335:(39,2,4,31,19,19,0) [ 9.8094 ]
336:(41,2,5,32,18,18,0) [ 10.284200000000002 ]
337:(39,2,5,32,18,18,0) [ 10.115400000000001 ]
338:(39,2,6,32,18,18,0) [ 10.477400000000001 ]
339:(40,2,6,32,18,18,0) [ 10.561800000000002 ]
340:(42,2,4,32,18,18,0) [ 10.0066 ]
341:(40,2,4,32,18,18,0) [ 9.837800000000001 ]
342:(42,2,5,33,17,17,0) [ 10.323599999999999 ]
343:(40,2,5,33,17,17,0) [ 10.154799999999998 ]
344:(40,2,6,33,17,17,0) [ 10.5278 ]
345:(41,2,6,33,17,17,0) [ 10.612200000000001 ]
346:(43,2,4,33,17,17,0) [ 10.035 ]
347:(41,2,4,33,17,17,0) [ 9.8662 ]
348:(43,2,5,34,16,16,0) [ 10.362999999999998 ]
349:(41,2,5,34,16,16,0) [ 10.1942 ]
350:(41,2,6,34,16,16,0) [ 10.5782 ]
351:(42,2,6,34,16,16,0) [ 10.6626 ]
352:(43,2,4,34,16,16,0) [ 9.979000000000001 ]
353:(41,2,4,34,16,16,0) [ 9.8102 ]
354:(43,2,5,35,15,15,0) [ 10.318 ]
355:(41,2,5,35,15,15,0) [ 10.1492 ]
356:(41,2,6,35,15,15,0) [ 10.5442 ]
357:(42,2,6,35,15,15,0) [ 10.628599999999999 ]
358:(43,2,6,36,14,14,0) [ 10.679 ]
359:(41,2,6,36,14,14,0) [ 10.510200000000001 ]
360:(41,2,7,36,14,14,0) [ 10.916200000000002 ]
361:(42,2,7,36,14,14,0) [ 11.0006 ]
362:(44,2,5,36,14,14,0) [ 10.3574 ]
363:(42,2,5,36,14,14,0) [ 10.1886 ]
364:(44,2,6,37,13,13,0) [ 10.729400000000002 ]
365:(42,2,6,37,13,13,0) [ 10.5606 ]
366:(42,2,7,37,13,13,0) [ 10.977599999999999 ]
367:(43,2,7,37,13,13,0) [ 11.062000000000001 ]
368:(44,2,7,38,12,12,0) [ 11.1234 ]
369:(42,2,7,38,12,12,0) [ 10.9546 ]
370:(42,2,8,38,12,12,0) [ 11.3826 ]
371:(43,2,8,38,12,12,0) [ 11.466999999999999 ]
372:(44,2,6,38,12,12,0) [ 10.6954 ]
373:(42,2,6,38,12,12,0) [ 10.526599999999998 ]
374:(44,2,7,39,11,11,0) [ 11.100399999999999 ]
375:(42,2,8,39,11,11,0) [ 11.3706 ]
376:(43,2,8,39,11,11,0) [ 11.455 ]
377:(41,2,7,39,11,11,0) [ 10.847199999999999 ]
378:(41,2,8,39,11,11,0) [ 11.2862 ]
379:(44,2,6,39,11,11,0) [ 10.661399999999999 ]
380:(42,2,6,39,11,11,0) [ 10.492600000000001 ]
381:(44,2,5,39,11,11,0) [ 10.222399999999999 ]
382:(42,2,5,39,11,11,0) [ 10.053599999999998 ]
383:(44,2,4,39,11,11,0) [ 9.783399999999999 ]
384:(42,2,4,39,11,11,0) [ 9.6146 ]
385:(44,2,5,40,10,10,0) [ 10.177399999999999 ]
386:(42,2,5,40,10,10,0) [ 10.0086 ]
387:(42,2,6,40,10,10,0) [ 10.4586 ]
388:(43,2,6,40,10,10,0) [ 10.543 ]
389:(45,2,4,40,10,10,0) [ 9.8118 ]
390:(43,2,4,40,10,10,0) [ 9.643 ]
391:(45,2,5,41,9,9,0) [ 10.216800000000001 ]
392:(43,2,5,41,9,9,0) [ 10.048 ]
393:(43,2,6,41,9,9,0) [ 10.509 ]
394:(44,2,6,41,9,9,0) [ 10.5934 ]
395:(45,2,6,42,8,8,0) [ 10.643800000000002 ]
396:(43,2,6,42,8,8,0) [ 10.475000000000001 ]
397:(43,2,7,42,8,8,0) [ 10.947 ]
398:(44,2,7,42,8,8,0) [ 11.031400000000001 ]
399:(45,2,7,43,7,7,0) [ 11.0928 ]
400:(43,2,7,43,7,7,0) [ 10.924 ]
401:(43,2,8,43,7,7,0) [ 11.407 ]
402:(44,2,8,43,7,7,0) [ 11.491399999999999 ]
403:(45,2,6,43,7,7,0) [ 10.6098 ]
404:(43,2,6,43,7,7,0) [ 10.440999999999999 ]
405:(46,2,5,43,7,7,0) [ 10.211199999999998 ]
406:(44,2,5,43,7,7,0) [ 10.042399999999999 ]
407:(46,2,4,43,7,7,0) [ 9.728200000000001 ]
408:(44,2,4,43,7,7,0) [ 9.5594 ]
409:(46,2,5,44,6,6,0) [ 10.1662 ]
410:(44,2,5,44,6,6,0) [ 9.9974 ]
411:(44,2,6,44,6,6,0) [ 10.4914 ]
412:(45,2,6,44,6,6,0) [ 10.5758 ]
413:(47,2,4,44,6,6,0) [ 9.7566 ]
414:(45,2,4,44,6,6,0) [ 9.5878 ]
415:(47,2,5,45,5,5,0) [ 10.2056 ]
416:(45,2,5,45,5,5,0) [ 10.0368 ]
417:(45,2,6,45,5,5,0) [ 10.5418 ]
418:(46,2,6,45,5,5,0) [ 10.6262 ]
419:(48,2,4,45,5,5,0) [ 9.785 ]
420:(46,2,4,45,5,5,0) [ 9.6162 ]
421:(48,2,5,46,4,4,0) [ 10.245 ]
422:(46,2,5,46,4,4,0) [ 10.076200000000002 ]
423:(46,2,6,46,4,4,0) [ 10.5922 ]
424:(47,2,6,46,4,4,0) [ 10.676600000000002 ]
425:(48,2,4,46,4,4,0) [ 9.729000000000001 ]
426:(46,2,4,46,4,4,0) [ 9.5602 ]
427:(48,2,5,47,3,3,0) [ 10.2 ]
428:(46,2,5,47,3,3,0) [ 10.031200000000002 ]
429:(46,2,6,47,3,3,0) [ 10.558200000000003 ]
430:(47,2,6,47,3,3,0) [ 10.642600000000002 ]
431:(48,2,4,47,3,3,0) [ 9.673000000000002 ]
432:(46,2,4,47,3,3,0) [ 9.5042 ]
433:(48,2,5,48,2,2,0) [ 10.154999999999998 ]
434:(46,2,5,48,2,2,0) [ 9.9862 ]
435:(46,2,6,48,2,2,0) [ 10.5242 ]
436:(47,2,6,48,2,2,0) [ 10.6086 ]
437:(48,2,6,49,1,1,0) [ 10.658999999999999 ]
438:(46,2,6,49,1,1,0) [ 10.4902 ]
439:(46,2,7,49,1,1,0) [ 11.0392 ]
440:(47,2,7,49,1,1,0) [ 11.123600000000001 ]
441:(48,2,5,49,1,1,0) [ 10.109999999999998 ]
442:(46,2,5,49,1,1,0) [ 9.9412 ]
443:(48,2,4,49,1,1,0) [ 9.560999999999998 ]
444:(46,2,4,49,1,1,0) [ 9.3922 ]
445:(48,2,3,49,1,1,0) [ 9.011999999999999 ]
446:(46,2,3,49,1,1,0) [ 8.843200000000001 ]
447:(47,2,2,49,1,1,0) [ 8.3786 ]
448:(49,2,3,49,1,1,0) [ 9.096400000000001 ]
449:(51,2,1,49,1,1,0) [ 8.1672 ]
450:(51,2,2,50,0,0,0) [ 8.638200000000001 ]
451:(49,2,2,50,0,0,0) [ 8.4694 ]
452:(49,2,3,50,0,0,0) [ 9.0294 ]
453:(50,2,3,50,0,0,0) [ 9.113800000000001 ]
454:(51,2,2,49,0,1,1) [ 1058.6162 ]
455:(49,2,2,49,0,1,1) [ 1058.4474 ]
456:(49,2,3,49,0,1,1) [ 1058.9964 ]
457:(50,2,3,49,0,1,1) [ 1059.0808 ]
458:(51,2,2,49,1,1,0) [ 8.716199999999999 ]
459:(50,2,3,49,1,1,0) [ 9.1808 ]
460:(48,2,1,49,1,1,0) [ 7.913999999999999 ]
461:(51,2,0,49,1,1,0) [ 7.618200000000001 ]
462:(48,2,0,49,1,1,0) [ 7.364999999999999 ]
463:(50,2,1,50,0,0,0) [ 7.993799999999999 ]
464:(48,2,1,50,0,0,0) [ 7.824999999999999 ]
465:(48,2,2,50,0,0,0) [ 8.384999999999998 ]
466:(51,2,0,50,0,0,0) [ 7.518200000000001 ]
467:(49,2,0,50,0,0,0) [ 7.3494 ]
468:(28,2,6,0,49,50,1) [ 52510.537000000004 TARGET ]
469:(27,2,7,0,49,50,1) [ 52510.4626 TARGET ]
470:(28,2,7,1,48,49,1) [ 51460.524000000005 ]
471:(27,2,8,1,48,49,1) [ 51460.460600000006 ]
472:(28,2,6,1,48,49,1) [ 51460.503000000004 ]
473:(29,2,5,1,48,49,1) [ 51460.5664 ]
474:(29,2,6,2,47,48,1) [ 50410.5534 ]
475:(28,2,7,2,47,48,1) [ 50410.501 ]
476:(29,2,7,3,46,47,1) [ 49360.562399999995 ]
477:(28,2,8,3,46,47,1) [ 49360.521 ]
478:(30,2,6,3,46,47,1) [ 49360.6038 ]
479:(30,2,7,4,45,46,1) [ 48310.6238 ]
480:(29,2,8,4,45,46,1) [ 48310.5934 ]
481:(30,2,8,5,44,45,1) [ 47260.6658 ]
482:(29,2,9,5,44,45,1) [ 47260.646400000005 ]
483:(30,2,8,5,45,45,0) [ 10.7658 ]
484:(29,2,9,5,45,45,0) [ 10.7464 ]
485:(30,2,7,5,45,45,0) [ 10.700800000000001 ]
486:(31,2,6,5,45,45,0) [ 10.7202 ]
487:(31,2,7,6,44,44,0) [ 10.7622 ]
488:(30,2,8,6,44,44,0) [ 10.7538 ]
489:(31,2,7,5,44,45,1) [ 47260.6852 ]
490:(32,2,6,5,44,45,1) [ 47260.704600000005 ]
491:(32,2,7,6,43,44,1) [ 46210.746600000006 ]
492:(31,2,8,6,43,44,1) [ 46210.7382 ]
493:(32,2,6,6,43,44,1) [ 46210.670600000005 ]
494:(33,2,5,6,43,44,1) [ 46210.679000000004 ]
495:(33,2,6,7,42,43,1) [ 45160.721 ]
496:(32,2,7,7,42,43,1) [ 45160.7236 ]
497:(33,2,7,8,41,42,1) [ 44110.784999999996 ]
498:(32,2,8,8,41,42,1) [ 44110.7986 ]
499:(33,2,8,9,40,41,1) [ 43060.871 ]
500:(32,2,9,9,40,41,1) [ 43060.8956 ]
501:(33,2,9,10,39,40,1) [ 42010.979 ]
502:(32,2,10,10,39,40,1) [ 42011.0146 ]
503:(33,2,10,11,38,39,1) [ 40961.109000000004 ]
504:(32,2,11,11,38,39,1) [ 40961.155600000006 ]
505:(33,2,11,12,37,38,1) [ 39911.261 ]
506:(32,2,12,12,37,38,1) [ 39911.3186 ]
507:(33,2,10,12,37,38,1) [ 39911.119 ]
508:(33,2,9,12,37,38,1) [ 39910.977 ]
509:(33,2,10,13,36,37,1) [ 38861.129 ]
510:(32,2,11,13,36,37,1) [ 38861.1976 ]
511:(34,2,9,13,36,37,1) [ 38861.0604 ]
512:(35,2,8,13,36,37,1) [ 38860.991799999996 ]
513:(35,2,7,13,36,37,1) [ 38860.8388 ]
514:(35,2,8,14,35,36,1) [ 37810.9798 ]
515:(34,2,9,14,35,36,1) [ 37811.0594 ]
516:(35,2,9,15,34,35,1) [ 36761.1428 ]
517:(34,2,10,15,34,35,1) [ 36761.233400000005 ]
518:(35,2,8,15,34,35,1) [ 36760.9678 ]
519:(35,2,7,15,34,35,1) [ 36760.7928 ]
520:(36,2,6,15,34,35,1) [ 36760.7022 ]
521:(36,2,7,16,33,34,1) [ 35710.8542 ]
522:(35,2,8,16,33,34,1) [ 35710.9558 ]
523:(36,2,8,17,32,33,1) [ 34661.0282 ]
524:(35,2,9,17,32,33,1) [ 34661.140799999994 ]
525:(36,2,7,17,32,33,1) [ 34660.8312 ]
526:(37,2,6,17,32,33,1) [ 34660.7186 ]
527:(37,2,7,18,31,32,1) [ 33610.8926 ]
528:(36,2,8,18,31,32,1) [ 33611.0162 ]
529:(37,2,6,18,31,32,1) [ 33610.6846 ]
530:(38,2,5,18,31,32,1) [ 33610.561 ]
531:(38,2,6,19,30,31,1) [ 32560.735 ]
532:(37,2,7,19,30,31,1) [ 32560.8696 ]
533:(39,2,7,20,29,30,1) [ 31511.0154 ]
534:(38,2,8,20,29,30,1) [ 31511.161 ]
535:(40,2,6,20,29,30,1) [ 31510.8698 ]
536:(40,2,7,21,28,29,1) [ 30461.0768 ]
537:(39,2,8,21,28,29,1) [ 30461.2334 ]
538:(40,2,6,21,28,29,1) [ 30460.8358 ]
539:(40,2,7,22,27,28,1) [ 29411.0538 ]
540:(39,2,8,22,27,28,1) [ 29411.221400000002 ]
541:(40,2,8,23,26,27,1) [ 28361.2938 ]
542:(39,2,9,23,26,27,1) [ 28361.4724 ]
543:(40,2,7,23,26,27,1) [ 28361.030799999997 ]
544:(39,2,8,24,25,26,1) [ 27311.1974 ]
545:(38,2,9,24,25,26,1) [ 27311.387 ]
546:(39,2,9,25,24,25,1) [ 26261.470400000002 ]
547:(38,2,10,25,24,25,1) [ 26261.671000000002 ]
548:(39,2,8,25,24,25,1) [ 26261.185400000002 ]
549:(39,2,7,25,24,25,1) [ 26260.900400000002 ]
550:(39,2,8,26,23,24,1) [ 25211.1734 ]
551:(38,2,9,26,23,24,1) [ 25211.385 ]
552:(39,2,7,26,23,24,1) [ 25210.877399999998 ]
553:(39,2,8,27,22,23,1) [ 24161.1614 ]
554:(38,2,9,27,22,23,1) [ 24161.384000000002 ]
555:(39,2,7,27,22,23,1) [ 24160.8544 ]
556:(39,2,8,28,21,22,1) [ 23111.1494 ]
557:(38,2,9,28,21,22,1) [ 23111.382999999998 ]
558:(40,2,7,28,21,22,1) [ 23110.9158 ]
559:(40,2,6,28,21,22,1) [ 23110.5978 ]
560:(40,2,5,28,21,22,1) [ 23110.2798 ]
561:(40,2,5,28,22,22,0) [ 10.3798 ]
562:(39,2,6,28,22,22,0) [ 10.613399999999999 ]
563:(41,2,4,28,22,22,0) [ 10.1462 ]
564:(42,2,3,28,22,22,0) [ 9.912600000000001 ]
565:(42,2,2,28,22,22,0) [ 9.5946 ]
566:(42,2,3,29,21,21,0) [ 9.8456 ]
567:(41,2,4,29,21,21,0) [ 10.090200000000001 ]
568:(42,2,4,30,20,20,0) [ 10.1186 ]
569:(41,2,5,30,20,20,0) [ 10.3742 ]
570:(42,2,5,31,19,19,0) [ 10.4136 ]
571:(41,2,6,31,19,19,0) [ 10.680200000000001 ]
572:(42,2,4,31,19,19,0) [ 10.062600000000002 ]
573:(42,2,5,32,18,18,0) [ 10.3686 ]
574:(41,2,6,32,18,18,0) [ 10.6462 ]
575:(43,2,4,32,18,18,0) [ 10.091000000000001 ]
576:(43,2,5,33,17,17,0) [ 10.407999999999998 ]
577:(42,2,6,33,17,17,0) [ 10.6966 ]
578:(44,2,4,33,17,17,0) [ 10.119399999999999 ]
579:(44,2,5,34,16,16,0) [ 10.4474 ]
580:(43,2,6,34,16,16,0) [ 10.747 ]
581:(44,2,4,34,16,16,0) [ 10.0634 ]
582:(44,2,5,35,15,15,0) [ 10.4024 ]
583:(43,2,6,35,15,15,0) [ 10.713000000000001 ]
584:(44,2,6,36,14,14,0) [ 10.7634 ]
585:(43,2,7,36,14,14,0) [ 11.084999999999999 ]
586:(45,2,5,36,14,14,0) [ 10.441799999999999 ]
587:(45,2,6,37,13,13,0) [ 10.8138 ]
588:(44,2,7,37,13,13,0) [ 11.1464 ]
589:(45,2,7,38,12,12,0) [ 11.207799999999999 ]
590:(44,2,8,38,12,12,0) [ 11.551400000000001 ]
591:(45,2,6,38,12,12,0) [ 10.779799999999998 ]
592:(45,2,7,39,11,11,0) [ 11.184800000000001 ]
593:(44,2,8,39,11,11,0) [ 11.539399999999999 ]
594:(45,2,6,39,11,11,0) [ 10.745800000000001 ]
595:(45,2,5,39,11,11,0) [ 10.306799999999999 ]
596:(45,2,4,39,11,11,0) [ 9.8678 ]
597:(45,2,5,40,10,10,0) [ 10.261800000000001 ]
598:(44,2,6,40,10,10,0) [ 10.627400000000002 ]
599:(46,2,4,40,10,10,0) [ 9.8962 ]
600:(46,2,5,41,9,9,0) [ 10.3012 ]
601:(45,2,6,41,9,9,0) [ 10.6778 ]
602:(46,2,6,42,8,8,0) [ 10.728200000000001 ]
603:(45,2,7,42,8,8,0) [ 11.1158 ]
604:(46,2,7,43,7,7,0) [ 11.1772 ]
605:(45,2,8,43,7,7,0) [ 11.5758 ]
606:(46,2,6,43,7,7,0) [ 10.694199999999999 ]
607:(47,2,5,43,7,7,0) [ 10.2956 ]
608:(47,2,4,43,7,7,0) [ 9.8126 ]
609:(47,2,5,44,6,6,0) [ 10.2506 ]
610:(46,2,6,44,6,6,0) [ 10.660200000000001 ]
611:(48,2,4,44,6,6,0) [ 9.841 ]
612:(48,2,5,45,5,5,0) [ 10.29 ]
613:(47,2,6,45,5,5,0) [ 10.7106 ]
614:(49,2,4,45,5,5,0) [ 9.869399999999999 ]
615:(49,2,5,46,4,4,0) [ 10.329400000000001 ]
616:(48,2,6,46,4,4,0) [ 10.761000000000001 ]
617:(49,2,4,46,4,4,0) [ 9.8134 ]
618:(49,2,5,47,3,3,0) [ 10.284400000000002 ]
619:(48,2,6,47,3,3,0) [ 10.727 ]
620:(49,2,4,47,3,3,0) [ 9.7574 ]
621:(49,2,5,48,2,2,0) [ 10.2394 ]
622:(48,2,6,48,2,2,0) [ 10.692999999999998 ]
623:(49,2,6,49,1,1,0) [ 10.7434 ]
624:(48,2,7,49,1,1,0) [ 11.208 ]
625:(49,2,5,49,1,1,0) [ 10.1944 ]
626:(49,2,4,49,1,1,0) [ 9.6454 ]
627:(52,2,1,49,1,1,0) [ 8.2516 ]
628:(52,2,2,50,0,0,0) [ 8.7226 ]
629:(51,2,3,50,0,0,0) [ 9.198200000000002 ]
630:(52,2,2,49,0,1,1) [ 1058.7006 ]
631:(51,2,3,49,0,1,1) [ 1059.1652 ]
632:(52,2,2,49,1,1,0) [ 8.800600000000001 ]
633:(51,2,3,49,1,1,0) [ 9.265200000000002 ]
634:(52,2,0,49,1,1,0) [ 7.7026 ]
635:(51,2,1,50,0,0,0) [ 8.0782 ]
636:(52,2,0,50,0,0,0) [ 7.602600000000001 ]
637:(29,2,6,0,49,50,1) [ 52510.6214 TARGET ]
638:(28,2,7,0,49,50,1) [ 52510.547 TARGET ]
639:(29,2,7,1,48,49,1) [ 51460.608400000005 ]
640:(28,2,8,1,48,49,1) [ 51460.545000000006 ]
641:(29,2,6,1,48,49,1) [ 51460.587400000004 ]
642:(30,2,5,1,48,49,1) [ 51460.6508 ]
643:(30,2,6,2,47,48,1) [ 50410.6378 ]
644:(29,2,7,2,47,48,1) [ 50410.585399999996 ]
645:(30,2,7,3,46,47,1) [ 49360.646799999995 ]
646:(29,2,8,3,46,47,1) [ 49360.6054 ]
647:(31,2,6,3,46,47,1) [ 49360.6882 ]
648:(31,2,7,4,45,46,1) [ 48310.7082 ]
649:(30,2,8,4,45,46,1) [ 48310.6778 ]
650:(31,2,8,5,44,45,1) [ 47260.7502 ]
651:(30,2,9,5,44,45,1) [ 47260.730800000005 ]
652:(31,2,8,5,45,45,0) [ 10.850200000000001 ]
653:(30,2,9,5,45,45,0) [ 10.8308 ]
654:(31,2,7,5,45,45,0) [ 10.7852 ]
655:(32,2,6,5,45,45,0) [ 10.8046 ]
656:(32,2,7,6,44,44,0) [ 10.8466 ]
657:(31,2,8,6,44,44,0) [ 10.8382 ]
658:(32,2,7,5,44,45,1) [ 47260.7696 ]
659:(33,2,6,5,44,45,1) [ 47260.789000000004 ]
660:(33,2,7,6,43,44,1) [ 46210.831000000006 ]
661:(32,2,8,6,43,44,1) [ 46210.8226 ]
662:(33,2,6,6,43,44,1) [ 46210.755000000005 ]
663:(34,2,5,6,43,44,1) [ 46210.7634 ]
664:(34,2,6,7,42,43,1) [ 45160.8054 ]
665:(33,2,7,7,42,43,1) [ 45160.808 ]
666:(34,2,7,8,41,42,1) [ 44110.869399999996 ]
667:(33,2,8,8,41,42,1) [ 44110.883 ]
668:(34,2,8,9,40,41,1) [ 43060.9554 ]
669:(33,2,9,9,40,41,1) [ 43060.98 ]
670:(34,2,9,10,39,40,1) [ 42011.0634 ]
671:(33,2,10,10,39,40,1) [ 42011.099 ]
672:(34,2,10,11,38,39,1) [ 40961.193400000004 ]
673:(33,2,11,11,38,39,1) [ 40961.240000000005 ]
674:(34,2,11,12,37,38,1) [ 39911.3454 ]
675:(33,2,12,12,37,38,1) [ 39911.403 ]
676:(34,2,10,12,37,38,1) [ 39911.2034 ]
677:(34,2,9,12,37,38,1) [ 39911.0614 ]
678:(34,2,10,13,36,37,1) [ 38861.2134 ]
679:(33,2,11,13,36,37,1) [ 38861.282 ]
680:(35,2,9,13,36,37,1) [ 38861.1448 ]
681:(36,2,8,13,36,37,1) [ 38861.076199999996 ]
682:(36,2,7,13,36,37,1) [ 38860.9232 ]
683:(36,2,8,14,35,36,1) [ 37811.0642 ]
684:(35,2,9,14,35,36,1) [ 37811.1438 ]
685:(36,2,9,15,34,35,1) [ 36761.2272 ]
686:(35,2,10,15,34,35,1) [ 36761.317800000004 ]
687:(36,2,8,15,34,35,1) [ 36761.0522 ]
688:(36,2,7,15,34,35,1) [ 36760.8772 ]
689:(37,2,6,15,34,35,1) [ 36760.7866 ]
690:(37,2,7,16,33,34,1) [ 35710.9386 ]
691:(36,2,8,16,33,34,1) [ 35711.0402 ]
692:(37,2,8,17,32,33,1) [ 34661.1126 ]
693:(36,2,9,17,32,33,1) [ 34661.22519999999 ]
694:(37,2,7,17,32,33,1) [ 34660.9156 ]
695:(38,2,6,17,32,33,1) [ 34660.803 ]
696:(38,2,7,18,31,32,1) [ 33610.977 ]
697:(37,2,8,18,31,32,1) [ 33611.1006 ]
698:(38,2,6,18,31,32,1) [ 33610.769 ]
699:(39,2,5,18,31,32,1) [ 33610.6454 ]
700:(39,2,6,19,30,31,1) [ 32560.8194 ]
701:(38,2,7,19,30,31,1) [ 32560.954 ]
702:(40,2,7,20,29,30,1) [ 31511.0998 ]
703:(39,2,8,20,29,30,1) [ 31511.2454 ]
704:(41,2,6,20,29,30,1) [ 31510.9542 ]
705:(41,2,7,21,28,29,1) [ 30461.1612 ]
706:(40,2,8,21,28,29,1) [ 30461.3178 ]
707:(41,2,6,21,28,29,1) [ 30460.9202 ]
708:(41,2,7,22,27,28,1) [ 29411.1382 ]
709:(40,2,8,22,27,28,1) [ 29411.305800000002 ]
710:(41,2,8,23,26,27,1) [ 28361.3782 ]
711:(40,2,9,23,26,27,1) [ 28361.5568 ]
712:(41,2,7,23,26,27,1) [ 28361.1152 ]
713:(40,2,8,24,25,26,1) [ 27311.2818 ]
714:(39,2,9,24,25,26,1) [ 27311.4714 ]
715:(40,2,9,25,24,25,1) [ 26261.5548 ]
716:(39,2,10,25,24,25,1) [ 26261.755400000002 ]
717:(40,2,8,25,24,25,1) [ 26261.269800000002 ]
718:(40,2,7,25,24,25,1) [ 26260.984800000002 ]
719:(40,2,8,26,23,24,1) [ 25211.2578 ]
720:(39,2,9,26,23,24,1) [ 25211.469399999998 ]
721:(40,2,7,26,23,24,1) [ 25210.9618 ]
722:(40,2,8,27,22,23,1) [ 24161.2458 ]
723:(39,2,9,27,22,23,1) [ 24161.4684 ]
724:(40,2,7,27,22,23,1) [ 24160.9388 ]
725:(40,2,8,28,21,22,1) [ 23111.233799999998 ]
726:(39,2,9,28,21,22,1) [ 23111.467399999998 ]
727:(41,2,7,28,21,22,1) [ 23111.0002 ]
728:(41,2,6,28,21,22,1) [ 23110.6822 ]
729:(41,2,5,28,21,22,1) [ 23110.3642 ]
730:(41,2,5,28,22,22,0) [ 10.464199999999998 ]
731:(40,2,6,28,22,22,0) [ 10.6978 ]
732:(42,2,4,28,22,22,0) [ 10.230599999999999 ]
733:(43,2,3,28,22,22,0) [ 9.997 ]
734:(43,2,2,28,22,22,0) [ 9.679 ]
735:(43,2,3,29,21,21,0) [ 9.93 ]
736:(42,2,4,29,21,21,0) [ 10.1746 ]
737:(43,2,4,30,20,20,0) [ 10.203 ]
738:(42,2,5,30,20,20,0) [ 10.4586 ]
739:(43,2,5,31,19,19,0) [ 10.498 ]
740:(42,2,6,31,19,19,0) [ 10.7646 ]
741:(43,2,4,31,19,19,0) [ 10.147 ]
742:(43,2,5,32,18,18,0) [ 10.453 ]
743:(42,2,6,32,18,18,0) [ 10.7306 ]
744:(44,2,4,32,18,18,0) [ 10.1754 ]
745:(44,2,5,33,17,17,0) [ 10.4924 ]
746:(43,2,6,33,17,17,0) [ 10.780999999999999 ]
747:(45,2,4,33,17,17,0) [ 10.203800000000001 ]
748:(45,2,5,34,16,16,0) [ 10.531799999999999 ]
749:(44,2,6,34,16,16,0) [ 10.8314 ]
750:(45,2,4,34,16,16,0) [ 10.147799999999998 ]
751:(45,2,5,35,15,15,0) [ 10.486799999999999 ]
752:(44,2,6,35,15,15,0) [ 10.7974 ]
753:(45,2,6,36,14,14,0) [ 10.847800000000001 ]
754:(44,2,7,36,14,14,0) [ 11.169400000000001 ]
755:(46,2,5,36,14,14,0) [ 10.526200000000001 ]
756:(46,2,6,37,13,13,0) [ 10.898200000000003 ]
757:(45,2,7,37,13,13,0) [ 11.2308 ]
758:(46,2,7,38,12,12,0) [ 11.292200000000001 ]
759:(45,2,8,38,12,12,0) [ 11.6358 ]
760:(46,2,6,38,12,12,0) [ 10.8642 ]
761:(46,2,7,39,11,11,0) [ 11.2692 ]
762:(45,2,8,39,11,11,0) [ 11.623800000000001 ]
763:(46,2,6,39,11,11,0) [ 10.8302 ]
764:(46,2,5,39,11,11,0) [ 10.3912 ]
765:(46,2,4,39,11,11,0) [ 9.9522 ]
766:(46,2,5,40,10,10,0) [ 10.3462 ]
767:(45,2,6,40,10,10,0) [ 10.7118 ]
768:(47,2,4,40,10,10,0) [ 9.980599999999999 ]
769:(47,2,5,41,9,9,0) [ 10.385600000000002 ]
770:(46,2,6,41,9,9,0) [ 10.762200000000002 ]
771:(47,2,6,42,8,8,0) [ 10.812600000000002 ]
772:(46,2,7,42,8,8,0) [ 11.200200000000002 ]
773:(47,2,7,43,7,7,0) [ 11.2616 ]
774:(46,2,8,43,7,7,0) [ 11.6602 ]
775:(47,2,6,43,7,7,0) [ 10.7786 ]
776:(48,2,5,43,7,7,0) [ 10.379999999999999 ]
777:(48,2,4,43,7,7,0) [ 9.896999999999998 ]
778:(48,2,5,44,6,6,0) [ 10.334999999999999 ]
779:(47,2,6,44,6,6,0) [ 10.7446 ]
780:(49,2,4,44,6,6,0) [ 9.9254 ]
781:(49,2,5,45,5,5,0) [ 10.3744 ]
782:(48,2,6,45,5,5,0) [ 10.794999999999998 ]
783:(50,2,4,45,5,5,0) [ 9.953800000000001 ]
784:(50,2,5,46,4,4,0) [ 10.4138 ]
785:(49,2,6,46,4,4,0) [ 10.8454 ]
786:(50,2,4,46,4,4,0) [ 9.8978 ]
787:(50,2,5,47,3,3,0) [ 10.3688 ]
788:(49,2,6,47,3,3,0) [ 10.8114 ]
789:(50,2,4,47,3,3,0) [ 9.8418 ]
790:(50,2,5,48,2,2,0) [ 10.323799999999999 ]
791:(49,2,6,48,2,2,0) [ 10.7774 ]
792:(50,2,6,49,1,1,0) [ 10.827799999999998 ]
793:(49,2,7,49,1,1,0) [ 11.292399999999999 ]
794:(50,2,5,49,1,1,0) [ 10.278799999999999 ]
795:(50,2,4,49,1,1,0) [ 9.7298 ]
796:(53,2,1,49,1,1,0) [ 8.336 ]
797:(53,2,2,50,0,0,0) [ 8.806999999999999 ]
798:(52,2,3,50,0,0,0) [ 9.282600000000002 ]
799:(53,2,2,49,0,1,1) [ 1058.785 ]
800:(52,2,3,49,0,1,1) [ 1059.2496 ]
801:(53,2,2,49,1,1,0) [ 8.885 ]
802:(52,2,3,49,1,1,0) [ 9.3496 ]
803:(53,2,0,49,1,1,0) [ 7.787 ]
804:(52,2,1,50,0,0,0) [ 8.162600000000001 ]
805:(53,2,0,50,0,0,0) [ 7.687 ]
806:(25,2,8,0,49,50,1) [ 52510.3038 TARGET ]
807:(26,2,8,0,49,50,1) [ 52510.3882 TARGET ]
808:(25,2,9,1,48,49,1) [ 51460.3128 ]
809:(26,2,9,1,48,49,1) [ 51460.3972 ]
810:(26,2,8,2,47,48,1) [ 50410.364199999996 ]
811:(27,2,8,2,47,48,1) [ 50410.448599999996 ]
812:(26,2,9,3,46,47,1) [ 49360.3952 ]
813:(27,2,9,3,46,47,1) [ 49360.4796 ]
814:(27,2,9,4,45,46,1) [ 48310.4786 ]
815:(28,2,9,4,45,46,1) [ 48310.563 ]
816:(27,2,10,5,44,45,1) [ 47260.5426 ]
817:(28,2,10,5,44,45,1) [ 47260.627 ]
818:(27,2,10,5,45,45,0) [ 10.6426 ]
819:(28,2,10,5,45,45,0) [ 10.727 ]
820:(28,2,9,6,44,44,0) [ 10.661000000000001 ]
821:(29,2,9,6,44,44,0) [ 10.7454 ]
822:(29,2,9,6,43,44,1) [ 46210.6454 ]
823:(30,2,9,6,43,44,1) [ 46210.7298 ]
824:(30,2,8,7,42,43,1) [ 45160.6418 ]
825:(31,2,8,7,42,43,1) [ 45160.7262 ]
826:(30,2,9,8,41,42,1) [ 44110.7278 ]
827:(31,2,9,8,41,42,1) [ 44110.8122 ]
828:(30,2,10,9,40,41,1) [ 43060.8358 ]
829:(31,2,10,9,40,41,1) [ 43060.9202 ]
830:(30,2,11,10,39,40,1) [ 42010.9658 ]
831:(31,2,11,10,39,40,1) [ 42011.0502 ]
832:(30,2,12,11,38,39,1) [ 40961.1178 ]
833:(31,2,12,11,38,39,1) [ 40961.2022 ]
834:(30,2,13,12,37,38,1) [ 39911.2918 ]
835:(31,2,13,12,37,38,1) [ 39911.3762 ]
836:(30,2,12,13,36,37,1) [ 38861.1818 ]
837:(31,2,12,13,36,37,1) [ 38861.2662 ]
838:(32,2,10,14,35,36,1) [ 37811.0546 ]
839:(33,2,10,14,35,36,1) [ 37811.139 ]
840:(32,2,11,15,34,35,1) [ 36761.2396 ]
841:(33,2,11,15,34,35,1) [ 36761.324 ]
842:(31,2,10,15,34,35,1) [ 36760.9802 ]
843:(33,2,9,16,33,34,1) [ 35710.973000000005 ]
844:(34,2,9,16,33,34,1) [ 35711.057400000005 ]
845:(33,2,10,17,32,33,1) [ 34661.168999999994 ]
846:(34,2,10,17,32,33,1) [ 34661.253399999994 ]
847:(34,2,9,18,31,32,1) [ 33611.0554 ]
848:(35,2,9,18,31,32,1) [ 33611.1398 ]
849:(35,2,8,19,30,31,1) [ 32560.9198 ]
850:(36,2,8,19,30,31,1) [ 32561.0042 ]
851:(35,2,9,20,29,30,1) [ 31511.1378 ]
852:(36,2,9,20,29,30,1) [ 31511.2222 ]
853:(37,2,9,20,29,30,1) [ 31511.3066 ]
854:(37,2,9,21,28,29,1) [ 30461.3056 ]
855:(38,2,9,21,28,29,1) [ 30461.39 ]
856:(37,2,9,22,27,28,1) [ 29411.3046 ]
857:(38,2,9,22,27,28,1) [ 29411.389 ]
858:(37,2,10,23,26,27,1) [ 28361.5666 ]
859:(38,2,10,23,26,27,1) [ 28361.650999999998 ]
860:(36,2,10,23,26,27,1) [ 28361.4822 ]
861:(36,2,10,24,25,26,1) [ 27311.4922 ]
862:(37,2,10,24,25,26,1) [ 27311.5766 ]
863:(36,2,11,25,24,25,1) [ 26261.787200000002 ]
864:(37,2,11,25,24,25,1) [ 26261.871600000002 ]
865:(36,2,10,26,23,24,1) [ 25211.5122 ]
866:(37,2,10,26,23,24,1) [ 25211.5966 ]
867:(36,2,10,27,22,23,1) [ 24161.5222 ]
868:(37,2,10,27,22,23,1) [ 24161.6066 ]
869:(36,2,10,28,21,22,1) [ 23111.532199999998 ]
870:(37,2,10,28,21,22,1) [ 23111.616599999998 ]
871:(37,2,7,28,22,22,0) [ 10.762599999999999 ]
872:(38,2,7,28,22,22,0) [ 10.847000000000001 ]
873:(39,2,5,29,21,21,0) [ 10.2504 ]
874:(40,2,5,29,21,21,0) [ 10.3348 ]
875:(39,2,6,30,20,20,0) [ 10.5454 ]
876:(40,2,6,30,20,20,0) [ 10.6298 ]
877:(39,2,7,31,19,19,0) [ 10.8624 ]
878:(40,2,7,31,19,19,0) [ 10.946800000000001 ]
879:(39,2,7,32,18,18,0) [ 10.839400000000001 ]
880:(40,2,7,32,18,18,0) [ 10.9238 ]
881:(40,2,7,33,17,17,0) [ 10.9008 ]
882:(41,2,7,33,17,17,0) [ 10.985199999999999 ]
883:(41,2,7,34,16,16,0) [ 10.962200000000001 ]
884:(42,2,7,34,16,16,0) [ 11.0466 ]
885:(41,2,7,35,15,15,0) [ 10.9392 ]
886:(42,2,7,35,15,15,0) [ 11.023599999999998 ]
887:(41,2,8,36,14,14,0) [ 11.3222 ]
888:(42,2,8,36,14,14,0) [ 11.4066 ]
889:(42,2,8,37,13,13,0) [ 11.3946 ]
890:(43,2,8,37,13,13,0) [ 11.479 ]
891:(42,2,9,38,12,12,0) [ 11.810599999999997 ]
892:(43,2,9,38,12,12,0) [ 11.895 ]
893:(42,2,9,39,11,11,0) [ 11.809599999999998 ]
894:(43,2,9,39,11,11,0) [ 11.894 ]
895:(41,2,9,39,11,11,0) [ 11.7252 ]
896:(42,2,7,40,10,10,0) [ 10.9086 ]
897:(43,2,7,40,10,10,0) [ 10.992999999999999 ]
898:(43,2,7,41,9,9,0) [ 10.97 ]
899:(44,2,7,41,9,9,0) [ 11.0544 ]
900:(43,2,8,42,8,8,0) [ 11.419 ]
901:(44,2,8,42,8,8,0) [ 11.5034 ]
902:(43,2,9,43,7,7,0) [ 11.889999999999999 ]
903:(44,2,9,43,7,7,0) [ 11.9744 ]
904:(44,2,7,44,6,6,0) [ 10.9854 ]
905:(45,2,7,44,6,6,0) [ 11.069799999999999 ]
906:(45,2,7,45,5,5,0) [ 11.046800000000001 ]
907:(46,2,7,45,5,5,0) [ 11.1312 ]
908:(46,2,7,46,4,4,0) [ 11.108200000000002 ]
909:(47,2,7,46,4,4,0) [ 11.1926 ]
910:(46,2,7,47,3,3,0) [ 11.0852 ]
911:(47,2,7,47,3,3,0) [ 11.1696 ]
912:(46,2,7,48,2,2,0) [ 11.0622 ]
913:(47,2,7,48,2,2,0) [ 11.1466 ]
914:(46,2,8,49,1,1,0) [ 11.588199999999999 ]
915:(47,2,8,49,1,1,0) [ 11.672600000000001 ]
916:(49,2,4,50,0,0,0) [ 9.589400000000001 ]
917:(50,2,4,50,0,0,0) [ 9.6738 ]
918:(49,2,4,49,0,1,1) [ 1059.5454 ]
919:(50,2,4,49,0,1,1) [ 1059.6298 ]
920:(48,2,3,50,0,0,0) [ 8.945 ]
921:(27,2,8,0,49,50,1) [ 52510.4726 TARGET ]
922:(27,2,9,1,48,49,1) [ 51460.48160000001 ]
923:(28,2,8,2,47,48,1) [ 50410.532999999996 ]
924:(28,2,9,3,46,47,1) [ 49360.564 ]
925:(29,2,9,4,45,46,1) [ 48310.6474 ]
926:(29,2,10,5,44,45,1) [ 47260.7114 ]
927:(29,2,10,5,45,45,0) [ 10.811399999999999 ]
928:(30,2,9,6,44,44,0) [ 10.8298 ]
929:(31,2,9,6,43,44,1) [ 46210.8142 ]
930:(32,2,8,7,42,43,1) [ 45160.8106 ]
931:(32,2,9,8,41,42,1) [ 44110.8966 ]
932:(32,2,10,9,40,41,1) [ 43061.0046 ]
933:(32,2,11,10,39,40,1) [ 42011.134600000005 ]
934:(32,2,12,11,38,39,1) [ 40961.2866 ]
935:(32,2,13,12,37,38,1) [ 39911.4606 ]
936:(32,2,12,13,36,37,1) [ 38861.3506 ]
937:(34,2,10,14,35,36,1) [ 37811.2234 ]
938:(34,2,11,15,34,35,1) [ 36761.4084 ]
939:(35,2,9,16,33,34,1) [ 35711.141800000005 ]
940:(35,2,10,17,32,33,1) [ 34661.337799999994 ]
941:(36,2,9,18,31,32,1) [ 33611.2242 ]
942:(37,2,8,19,30,31,1) [ 32561.0886 ]
943:(38,2,9,20,29,30,1) [ 31511.391000000003 ]
944:(39,2,9,21,28,29,1) [ 30461.4744 ]
945:(39,2,9,22,27,28,1) [ 29411.4734 ]
946:(39,2,10,23,26,27,1) [ 28361.735399999998 ]
947:(38,2,10,24,25,26,1) [ 27311.661 ]
948:(38,2,11,25,24,25,1) [ 26261.956000000002 ]
949:(38,2,10,26,23,24,1) [ 25211.681 ]
950:(38,2,10,27,22,23,1) [ 24161.691000000003 ]
951:(38,2,10,28,21,22,1) [ 23111.700999999997 ]
952:(39,2,7,28,22,22,0) [ 10.9314 ]
953:(41,2,5,29,21,21,0) [ 10.419199999999998 ]
954:(41,2,6,30,20,20,0) [ 10.714200000000002 ]
955:(41,2,7,31,19,19,0) [ 11.0312 ]
956:(41,2,7,32,18,18,0) [ 11.008200000000002 ]
957:(42,2,7,33,17,17,0) [ 11.069599999999998 ]
958:(43,2,7,34,16,16,0) [ 11.130999999999998 ]
959:(43,2,7,35,15,15,0) [ 11.108 ]
960:(43,2,8,36,14,14,0) [ 11.491000000000001 ]
961:(44,2,8,37,13,13,0) [ 11.563400000000001 ]
962:(44,2,9,38,12,12,0) [ 11.979399999999998 ]
963:(44,2,9,39,11,11,0) [ 11.978399999999999 ]
964:(44,2,7,40,10,10,0) [ 11.0774 ]
965:(45,2,7,41,9,9,0) [ 11.138800000000002 ]
966:(45,2,8,42,8,8,0) [ 11.587800000000001 ]
967:(45,2,9,43,7,7,0) [ 12.058799999999998 ]
968:(46,2,7,44,6,6,0) [ 11.154200000000001 ]
969:(47,2,7,45,5,5,0) [ 11.2156 ]
970:(48,2,7,46,4,4,0) [ 11.277 ]
971:(48,2,7,47,3,3,0) [ 11.254000000000001 ]
972:(48,2,7,48,2,2,0) [ 11.230999999999998 ]
973:(48,2,8,49,1,1,0) [ 11.757 ]
974:(51,2,4,50,0,0,0) [ 9.758200000000002 ]
975:(51,2,4,49,0,1,1) [ 1059.7142 ]
976:(51,2,4,49,1,1,0) [ 9.814200000000001 ]
977:(24,2,6,0,49,50,1) [ 52510.199400000005 TARGET ]
978:(24,2,7,0,49,50,1) [ 52510.2094 TARGET ]
979:(24,2,7,1,48,49,1) [ 51460.186400000006 ]
980:(24,2,8,1,48,49,1) [ 51460.2074 ]
981:(24,2,6,1,48,49,1) [ 51460.165400000005 ]
982:(25,2,5,1,48,49,1) [ 51460.228800000004 ]
983:(25,2,6,2,47,48,1) [ 50410.2158 ]
984:(25,2,7,2,47,48,1) [ 50410.2478 ]
985:(25,2,7,3,46,47,1) [ 49360.224799999996 ]
986:(25,2,8,3,46,47,1) [ 49360.2678 ]
987:(26,2,6,3,46,47,1) [ 49360.2662 ]
988:(26,2,7,4,45,46,1) [ 48310.2862 ]
989:(26,2,8,4,45,46,1) [ 48310.3402 ]
990:(26,2,8,5,44,45,1) [ 47260.3282 ]
991:(26,2,9,5,44,45,1) [ 47260.3932 ]
992:(26,2,8,5,45,45,0) [ 10.4282 ]
993:(26,2,9,5,45,45,0) [ 10.4932 ]
994:(26,2,7,5,45,45,0) [ 10.363199999999999 ]
995:(27,2,6,5,45,45,0) [ 10.3826 ]
996:(27,2,7,6,44,44,0) [ 10.424600000000002 ]
997:(27,2,8,6,44,44,0) [ 10.5006 ]
998:(27,2,7,5,44,45,1) [ 47260.3476 ]
999:(28,2,6,5,44,45,1) [ 47260.367 ]
1000:(28,2,7,6,43,44,1) [ 46210.409 ]
1001:(28,2,8,6,43,44,1) [ 46210.485 ]
1002:(28,2,6,6,43,44,1) [ 46210.333000000006 ]
1003:(29,2,5,6,43,44,1) [ 46210.341400000005 ]
1004:(29,2,6,7,42,43,1) [ 45160.3834 ]
1005:(29,2,7,7,42,43,1) [ 45160.4704 ]
1006:(29,2,7,8,41,42,1) [ 44110.4474 ]
1007:(29,2,8,8,41,42,1) [ 44110.545399999995 ]
1008:(29,2,8,9,40,41,1) [ 43060.5334 ]
1009:(29,2,9,9,40,41,1) [ 43060.6424 ]
1010:(29,2,9,10,39,40,1) [ 42010.6414 ]
1011:(29,2,10,10,39,40,1) [ 42010.7614 ]
1012:(29,2,10,11,38,39,1) [ 40960.771400000005 ]
1013:(29,2,11,11,38,39,1) [ 40960.902400000006 ]
1014:(29,2,11,12,37,38,1) [ 39910.9234 ]
1015:(29,2,12,12,37,38,1) [ 39911.0654 ]
1016:(29,2,10,12,37,38,1) [ 39910.7814 ]
1017:(29,2,9,12,37,38,1) [ 39910.6394 ]
1018:(29,2,10,13,36,37,1) [ 38860.7914 ]
1019:(29,2,11,13,36,37,1) [ 38860.9444 ]
1020:(30,2,9,13,36,37,1) [ 38860.722799999996 ]
1021:(31,2,8,13,36,37,1) [ 38860.6542 ]
1022:(31,2,7,13,36,37,1) [ 38860.5012 ]
1023:(31,2,8,14,35,36,1) [ 37810.6422 ]
1024:(31,2,9,14,35,36,1) [ 37810.8062 ]
1025:(30,2,8,15,34,35,1) [ 36760.5458 ]
1026:(30,2,9,15,34,35,1) [ 36760.7208 ]
1027:(31,2,7,15,34,35,1) [ 36760.455200000004 ]
1028:(32,2,6,15,34,35,1) [ 36760.3646 ]
1029:(32,2,7,16,33,34,1) [ 35710.5166 ]
1030:(32,2,8,16,33,34,1) [ 35710.702600000004 ]
1031:(32,2,8,17,32,33,1) [ 34660.690599999994 ]
1032:(32,2,9,17,32,33,1) [ 34660.887599999995 ]
1033:(32,2,7,17,32,33,1) [ 34660.493599999994 ]
1034:(33,2,6,17,32,33,1) [ 34660.380999999994 ]
1035:(33,2,7,18,31,32,1) [ 33610.555 ]
1036:(33,2,8,18,31,32,1) [ 33610.763 ]
1037:(33,2,6,18,31,32,1) [ 33610.347 ]
1038:(34,2,5,18,31,32,1) [ 33610.223399999995 ]
1039:(34,2,6,19,30,31,1) [ 32560.3974 ]
1040:(34,2,7,19,30,31,1) [ 32560.6164 ]
1041:(34,2,7,20,29,30,1) [ 31510.5934 ]
1042:(34,2,8,20,29,30,1) [ 31510.8234 ]
1043:(36,2,6,20,29,30,1) [ 31510.5322 ]
1044:(36,2,7,21,28,29,1) [ 30460.7392 ]
1045:(36,2,8,21,28,29,1) [ 30460.980199999998 ]
1046:(36,2,6,21,28,29,1) [ 30460.498199999998 ]
1047:(36,2,7,22,27,28,1) [ 29410.7162 ]
1048:(36,2,8,22,27,28,1) [ 29410.9682 ]
1049:(35,2,8,23,26,27,1) [ 28360.871799999997 ]
1050:(35,2,9,23,26,27,1) [ 28361.1348 ]
1051:(35,2,7,23,26,27,1) [ 28360.608799999998 ]
1052:(35,2,8,24,25,26,1) [ 27310.8598 ]
1053:(35,2,9,24,25,26,1) [ 27311.1338 ]
1054:(35,2,9,25,24,25,1) [ 26261.132800000003 ]
1055:(35,2,10,25,24,25,1) [ 26261.417800000003 ]
1056:(35,2,8,25,24,25,1) [ 26260.847800000003 ]
1057:(35,2,7,25,24,25,1) [ 26260.5628 ]
1058:(35,2,8,26,23,24,1) [ 25210.8358 ]
1059:(35,2,9,26,23,24,1) [ 25211.1318 ]
1060:(35,2,7,26,23,24,1) [ 25210.5398 ]
1061:(35,2,8,27,22,23,1) [ 24160.823800000002 ]
1062:(35,2,9,27,22,23,1) [ 24161.1308 ]
1063:(35,2,7,27,22,23,1) [ 24160.5168 ]
1064:(35,2,8,28,21,22,1) [ 23110.8118 ]
1065:(35,2,9,28,21,22,1) [ 23111.1298 ]
1066:(36,2,7,28,21,22,1) [ 23110.5782 ]
1067:(36,2,6,28,21,22,1) [ 23110.260199999997 ]
1068:(36,2,5,28,21,22,1) [ 23109.942199999998 ]
1069:(36,2,5,28,22,22,0) [ 10.042200000000001 ]
1070:(36,2,6,28,22,22,0) [ 10.360199999999999 ]
1071:(37,2,4,28,22,22,0) [ 9.8086 ]
1072:(38,2,3,28,22,22,0) [ 9.575 ]
1073:(38,2,2,28,22,22,0) [ 9.257000000000001 ]
1074:(38,2,3,29,21,21,0) [ 9.508000000000001 ]
1075:(38,2,4,29,21,21,0) [ 9.837 ]
1076:(38,2,4,30,20,20,0) [ 9.780999999999999 ]
1077:(38,2,5,30,20,20,0) [ 10.120999999999999 ]
1078:(38,2,5,31,19,19,0) [ 10.076 ]
1079:(38,2,6,31,19,19,0) [ 10.427000000000001 ]
1080:(38,2,4,31,19,19,0) [ 9.725 ]
1081:(38,2,5,32,18,18,0) [ 10.031 ]
1082:(38,2,6,32,18,18,0) [ 10.393 ]
1083:(39,2,4,32,18,18,0) [ 9.753400000000001 ]
1084:(39,2,5,33,17,17,0) [ 10.0704 ]
1085:(39,2,6,33,17,17,0) [ 10.4434 ]
1086:(40,2,4,33,17,17,0) [ 9.7818 ]
1087:(40,2,5,34,16,16,0) [ 10.109799999999998 ]
1088:(40,2,6,34,16,16,0) [ 10.4938 ]
1089:(40,2,4,34,16,16,0) [ 9.725800000000001 ]
1090:(40,2,5,35,15,15,0) [ 10.0648 ]
1091:(40,2,6,35,15,15,0) [ 10.459800000000001 ]
1092:(40,2,6,36,14,14,0) [ 10.4258 ]
1093:(40,2,7,36,14,14,0) [ 10.8318 ]
1094:(41,2,5,36,14,14,0) [ 10.1042 ]
1095:(41,2,6,37,13,13,0) [ 10.476200000000002 ]
1096:(41,2,7,37,13,13,0) [ 10.8932 ]
1097:(41,2,7,38,12,12,0) [ 10.8702 ]
1098:(41,2,8,38,12,12,0) [ 11.298200000000001 ]
1099:(41,2,6,38,12,12,0) [ 10.4422 ]
1100:(40,2,7,39,11,11,0) [ 10.7628 ]
1101:(40,2,8,39,11,11,0) [ 11.2018 ]
1102:(41,2,6,39,11,11,0) [ 10.408199999999999 ]
1103:(41,2,5,39,11,11,0) [ 9.969199999999999 ]
1104:(41,2,4,39,11,11,0) [ 9.530199999999999 ]
1105:(41,2,5,40,10,10,0) [ 9.924199999999999 ]
1106:(41,2,6,40,10,10,0) [ 10.374200000000002 ]
1107:(42,2,4,40,10,10,0) [ 9.558599999999998 ]
1108:(42,2,5,41,9,9,0) [ 9.963600000000001 ]
1109:(42,2,6,41,9,9,0) [ 10.4246 ]
1110:(42,2,6,42,8,8,0) [ 10.390600000000001 ]
1111:(42,2,7,42,8,8,0) [ 10.8626 ]
1112:(42,2,7,43,7,7,0) [ 10.839599999999999 ]
1113:(42,2,8,43,7,7,0) [ 11.322599999999998 ]
1114:(42,2,6,43,7,7,0) [ 10.3566 ]
1115:(43,2,5,43,7,7,0) [ 9.957999999999998 ]
1116:(43,2,4,43,7,7,0) [ 9.474999999999998 ]
1117:(43,2,5,44,6,6,0) [ 9.912999999999998 ]
1118:(43,2,6,44,6,6,0) [ 10.406999999999998 ]
1119:(44,2,4,44,6,6,0) [ 9.503400000000001 ]
1120:(44,2,5,45,5,5,0) [ 9.9524 ]
1121:(44,2,6,45,5,5,0) [ 10.4574 ]
1122:(45,2,4,45,5,5,0) [ 9.5318 ]
1123:(45,2,5,46,4,4,0) [ 9.9918 ]
1124:(45,2,6,46,4,4,0) [ 10.507800000000001 ]
1125:(45,2,4,46,4,4,0) [ 9.475800000000001 ]
1126:(45,2,5,47,3,3,0) [ 9.9468 ]
1127:(45,2,6,47,3,3,0) [ 10.4738 ]
1128:(45,2,4,47,3,3,0) [ 9.419800000000002 ]
1129:(45,2,5,48,2,2,0) [ 9.901799999999998 ]
1130:(45,2,6,48,2,2,0) [ 10.439799999999998 ]
1131:(45,2,6,49,1,1,0) [ 10.405800000000001 ]
1132:(45,2,7,49,1,1,0) [ 10.9548 ]
1133:(45,2,5,49,1,1,0) [ 9.856799999999998 ]
1134:(45,2,4,49,1,1,0) [ 9.307799999999999 ]
1135:(45,2,3,49,1,1,0) [ 8.758799999999999 ]
1136:(46,2,2,49,1,1,0) [ 8.2942 ]
1137:(48,2,2,49,0,1,1) [ 1058.363 ]
1138:(48,2,3,49,0,1,1) [ 1058.912 ]
1139:(47,2,1,49,1,1,0) [ 7.8296 ]
1140:(47,2,0,49,1,1,0) [ 7.2806 ]
1141:(47,2,1,50,0,0,0) [ 7.740600000000001 ]
1142:(47,2,2,50,0,0,0) [ 8.3006 ]
1143:(48,2,0,50,0,0,0) [ 7.265 ]
1144:(23,2,6,0,49,50,1) [ 52510.115 ]
1145:(23,2,7,0,49,50,1) [ 52510.125 ]
1146:(23,2,7,1,48,49,1) [ 51460.102000000006 ]
1147:(23,2,8,1,48,49,1) [ 51460.123 ]
1148:(23,2,6,1,48,49,1) [ 51460.081000000006 ]
1149:(24,2,5,1,48,49,1) [ 51460.144400000005 ]
1150:(24,2,6,2,47,48,1) [ 50410.1314 ]
1151:(24,2,7,2,47,48,1) [ 50410.1634 ]
1152:(24,2,7,3,46,47,1) [ 49360.1404 ]
1153:(24,2,8,3,46,47,1) [ 49360.1834 ]
1154:(25,2,6,3,46,47,1) [ 49360.1818 ]
1155:(25,2,7,4,45,46,1) [ 48310.2018 ]
1156:(25,2,8,4,45,46,1) [ 48310.2558 ]
1157:(25,2,8,5,44,45,1) [ 47260.243800000004 ]
1158:(25,2,9,5,44,45,1) [ 47260.3088 ]
1159:(25,2,8,5,45,45,0) [ 10.3438 ]
1160:(25,2,9,5,45,45,0) [ 10.4088 ]
1161:(25,2,7,5,45,45,0) [ 10.2788 ]
1162:(26,2,6,5,45,45,0) [ 10.298200000000001 ]
1163:(26,2,7,6,44,44,0) [ 10.3402 ]
1164:(26,2,8,6,44,44,0) [ 10.4162 ]
1165:(26,2,7,5,44,45,1) [ 47260.2632 ]
1166:(27,2,6,5,44,45,1) [ 47260.2826 ]
1167:(27,2,7,6,43,44,1) [ 46210.3246 ]
1168:(27,2,8,6,43,44,1) [ 46210.4006 ]
1169:(27,2,6,6,43,44,1) [ 46210.248600000006 ]
1170:(28,2,5,6,43,44,1) [ 46210.257000000005 ]
1171:(28,2,6,7,42,43,1) [ 45160.299 ]
1172:(28,2,7,7,42,43,1) [ 45160.386 ]
1173:(28,2,7,8,41,42,1) [ 44110.363 ]
1174:(28,2,8,8,41,42,1) [ 44110.460999999996 ]
1175:(28,2,8,9,40,41,1) [ 43060.449 ]
1176:(28,2,9,9,40,41,1) [ 43060.558 ]
1177:(28,2,9,10,39,40,1) [ 42010.557 ]
1178:(28,2,10,10,39,40,1) [ 42010.677 ]
1179:(28,2,10,11,38,39,1) [ 40960.687000000005 ]
1180:(28,2,11,11,38,39,1) [ 40960.818 ]
1181:(28,2,11,12,37,38,1) [ 39910.839 ]
1182:(28,2,12,12,37,38,1) [ 39910.981 ]
1183:(28,2,10,12,37,38,1) [ 39910.697 ]
1184:(28,2,9,12,37,38,1) [ 39910.555 ]
1185:(28,2,10,13,36,37,1) [ 38860.707 ]
1186:(28,2,11,13,36,37,1) [ 38860.86 ]
1187:(29,2,9,13,36,37,1) [ 38860.638399999996 ]
1188:(30,2,8,13,36,37,1) [ 38860.5698 ]
1189:(30,2,7,13,36,37,1) [ 38860.4168 ]
1190:(30,2,8,14,35,36,1) [ 37810.5578 ]
1191:(30,2,9,14,35,36,1) [ 37810.7218 ]
1192:(30,2,10,15,34,35,1) [ 36760.8958 ]
1193:(29,2,8,15,34,35,1) [ 36760.4614 ]
1194:(29,2,9,15,34,35,1) [ 36760.6364 ]
1195:(30,2,7,15,34,35,1) [ 36760.370800000004 ]
1196:(31,2,6,15,34,35,1) [ 36760.2802 ]
1197:(31,2,7,16,33,34,1) [ 35710.4322 ]
1198:(31,2,8,16,33,34,1) [ 35710.618200000004 ]
1199:(31,2,8,17,32,33,1) [ 34660.606199999995 ]
1200:(31,2,9,17,32,33,1) [ 34660.803199999995 ]
1201:(31,2,7,17,32,33,1) [ 34660.409199999995 ]
1202:(32,2,6,17,32,33,1) [ 34660.296599999994 ]
1203:(32,2,7,18,31,32,1) [ 33610.4706 ]
1204:(32,2,8,18,31,32,1) [ 33610.6786 ]
1205:(32,2,6,18,31,32,1) [ 33610.2626 ]
1206:(33,2,5,18,31,32,1) [ 33610.138999999996 ]
1207:(33,2,6,19,30,31,1) [ 32560.313 ]
1208:(33,2,7,19,30,31,1) [ 32560.532 ]
1209:(33,2,7,20,29,30,1) [ 31510.509000000002 ]
1210:(33,2,8,20,29,30,1) [ 31510.739 ]
1211:(35,2,6,20,29,30,1) [ 31510.4478 ]
1212:(35,2,7,21,28,29,1) [ 30460.6548 ]
1213:(35,2,8,21,28,29,1) [ 30460.8958 ]
1214:(35,2,6,21,28,29,1) [ 30460.4138 ]
1215:(35,2,7,22,27,28,1) [ 29410.6318 ]
1216:(35,2,8,22,27,28,1) [ 29410.8838 ]
1217:(34,2,8,23,26,27,1) [ 28360.787399999997 ]
1218:(34,2,9,23,26,27,1) [ 28361.0504 ]
1219:(34,2,7,23,26,27,1) [ 28360.5244 ]
1220:(34,2,8,24,25,26,1) [ 27310.7754 ]
1221:(34,2,9,24,25,26,1) [ 27311.0494 ]
1222:(34,2,9,25,24,25,1) [ 26261.0484 ]
1223:(34,2,10,25,24,25,1) [ 26261.333400000003 ]
1224:(34,2,8,25,24,25,1) [ 26260.7634 ]
1225:(34,2,7,25,24,25,1) [ 26260.4784 ]
1226:(34,2,8,26,23,24,1) [ 25210.7514 ]
1227:(34,2,9,26,23,24,1) [ 25211.0474 ]
1228:(34,2,7,26,23,24,1) [ 25210.4554 ]
1229:(34,2,8,27,22,23,1) [ 24160.739400000002 ]
1230:(34,2,9,27,22,23,1) [ 24161.0464 ]
1231:(34,2,7,27,22,23,1) [ 24160.4324 ]
1232:(34,2,8,28,21,22,1) [ 23110.7274 ]
1233:(34,2,9,28,21,22,1) [ 23111.0454 ]
1234:(35,2,7,28,21,22,1) [ 23110.4938 ]
1235:(35,2,6,28,21,22,1) [ 23110.175799999997 ]
1236:(35,2,5,28,21,22,1) [ 23109.857799999998 ]
1237:(35,2,5,28,22,22,0) [ 9.957799999999999 ]
1238:(35,2,6,28,22,22,0) [ 10.2758 ]
1239:(36,2,4,28,22,22,0) [ 9.7242 ]
1240:(37,2,3,28,22,22,0) [ 9.4906 ]
1241:(37,2,2,28,22,22,0) [ 9.1726 ]
1242:(37,2,3,29,21,21,0) [ 9.4236 ]
1243:(37,2,4,29,21,21,0) [ 9.752600000000001 ]
1244:(37,2,4,30,20,20,0) [ 9.6966 ]
1245:(37,2,5,30,20,20,0) [ 10.0366 ]
1246:(37,2,5,31,19,19,0) [ 9.9916 ]
1247:(37,2,6,31,19,19,0) [ 10.342600000000001 ]
1248:(37,2,4,31,19,19,0) [ 9.6406 ]
1249:(37,2,5,32,18,18,0) [ 9.9466 ]
1250:(37,2,6,32,18,18,0) [ 10.308600000000002 ]
1251:(38,2,4,32,18,18,0) [ 9.669 ]
1252:(38,2,5,33,17,17,0) [ 9.986 ]
1253:(38,2,6,33,17,17,0) [ 10.358999999999998 ]
1254:(39,2,4,33,17,17,0) [ 9.6974 ]
1255:(39,2,5,34,16,16,0) [ 10.0254 ]
1256:(39,2,6,34,16,16,0) [ 10.4094 ]
1257:(39,2,4,34,16,16,0) [ 9.641399999999999 ]
1258:(39,2,5,35,15,15,0) [ 9.9804 ]
1259:(39,2,6,35,15,15,0) [ 10.375399999999999 ]
1260:(39,2,6,36,14,14,0) [ 10.341400000000002 ]
1261:(39,2,7,36,14,14,0) [ 10.7474 ]
1262:(40,2,5,36,14,14,0) [ 10.0198 ]
1263:(40,2,6,37,13,13,0) [ 10.3918 ]
1264:(40,2,7,37,13,13,0) [ 10.808800000000002 ]
1265:(40,2,7,38,12,12,0) [ 10.785799999999998 ]
1266:(40,2,8,38,12,12,0) [ 11.213799999999999 ]
1267:(40,2,6,38,12,12,0) [ 10.357800000000001 ]
1268:(39,2,7,39,11,11,0) [ 10.6784 ]
1269:(39,2,8,39,11,11,0) [ 11.1174 ]
1270:(40,2,6,39,11,11,0) [ 10.3238 ]
1271:(40,2,5,39,11,11,0) [ 9.8848 ]
1272:(40,2,4,39,11,11,0) [ 9.4458 ]
1273:(40,2,5,40,10,10,0) [ 9.8398 ]
1274:(40,2,6,40,10,10,0) [ 10.2898 ]
1275:(41,2,4,40,10,10,0) [ 9.4742 ]
1276:(41,2,5,41,9,9,0) [ 9.879199999999999 ]
1277:(41,2,6,41,9,9,0) [ 10.340200000000001 ]
1278:(41,2,6,42,8,8,0) [ 10.3062 ]
1279:(41,2,7,42,8,8,0) [ 10.778200000000002 ]
1280:(41,2,7,43,7,7,0) [ 10.755199999999999 ]
1281:(41,2,8,43,7,7,0) [ 11.238199999999999 ]
1282:(41,2,6,43,7,7,0) [ 10.2722 ]
1283:(42,2,5,43,7,7,0) [ 9.8736 ]
1284:(42,2,4,43,7,7,0) [ 9.3906 ]
1285:(42,2,5,44,6,6,0) [ 9.8286 ]
1286:(42,2,6,44,6,6,0) [ 10.3226 ]
1287:(43,2,4,44,6,6,0) [ 9.418999999999999 ]
1288:(43,2,5,45,5,5,0) [ 9.867999999999999 ]
1289:(43,2,6,45,5,5,0) [ 10.373000000000001 ]
1290:(44,2,4,45,5,5,0) [ 9.4474 ]
1291:(44,2,5,46,4,4,0) [ 9.9074 ]
1292:(44,2,6,46,4,4,0) [ 10.423399999999999 ]
1293:(44,2,4,46,4,4,0) [ 9.391399999999999 ]
1294:(44,2,5,47,3,3,0) [ 9.862400000000001 ]
1295:(44,2,6,47,3,3,0) [ 10.389400000000002 ]
1296:(44,2,4,47,3,3,0) [ 9.3354 ]
1297:(44,2,5,48,2,2,0) [ 9.8174 ]
1298:(44,2,6,48,2,2,0) [ 10.3554 ]
1299:(44,2,6,49,1,1,0) [ 10.321399999999999 ]
1300:(44,2,7,49,1,1,0) [ 10.870399999999998 ]
1301:(44,2,5,49,1,1,0) [ 9.7724 ]
1302:(44,2,4,49,1,1,0) [ 9.2234 ]
1303:(44,2,3,49,1,1,0) [ 8.6744 ]
1304:(45,2,2,49,1,1,0) [ 8.2098 ]
1305:(47,2,3,50,0,0,0) [ 8.860600000000002 ]
1306:(47,2,2,49,0,1,1) [ 1058.2786 ]
1307:(47,2,3,49,0,1,1) [ 1058.8276 ]
1308:(46,2,1,49,1,1,0) [ 7.7452 ]
1309:(46,2,0,49,1,1,0) [ 7.1962 ]
1310:(46,2,1,50,0,0,0) [ 7.6562 ]
1311:(46,2,2,50,0,0,0) [ 8.2162 ]
1312:(47,2,0,50,0,0,0) [ 7.1806 ]
1313:(23,2,8,0,49,50,1) [ 52510.135 TARGET ]
1314:(24,2,8,0,49,50,1) [ 52510.2194 TARGET ]
1315:(23,2,9,1,48,49,1) [ 51460.144 ]
1316:(24,2,9,1,48,49,1) [ 51460.2284 ]
1317:(24,2,8,2,47,48,1) [ 50410.1954 ]
1318:(25,2,8,2,47,48,1) [ 50410.2798 ]
1319:(24,2,9,3,46,47,1) [ 49360.2264 ]
1320:(25,2,9,3,46,47,1) [ 49360.3108 ]
1321:(25,2,9,4,45,46,1) [ 48310.3098 ]
1322:(26,2,9,4,45,46,1) [ 48310.3942 ]
1323:(25,2,10,5,44,45,1) [ 47260.3738 ]
1324:(26,2,10,5,44,45,1) [ 47260.4582 ]
1325:(25,2,10,5,45,45,0) [ 10.4738 ]
1326:(26,2,10,5,45,45,0) [ 10.5582 ]
1327:(26,2,9,6,44,44,0) [ 10.4922 ]
1328:(27,2,9,6,44,44,0) [ 10.576600000000001 ]
1329:(27,2,9,6,43,44,1) [ 46210.4766 ]
1330:(28,2,9,6,43,44,1) [ 46210.561 ]
1331:(28,2,8,7,42,43,1) [ 45160.473 ]
1332:(29,2,8,7,42,43,1) [ 45160.5574 ]
1333:(28,2,9,8,41,42,1) [ 44110.559 ]
1334:(29,2,9,8,41,42,1) [ 44110.6434 ]
1335:(28,2,10,9,40,41,1) [ 43060.667 ]
1336:(29,2,10,9,40,41,1) [ 43060.7514 ]
1337:(28,2,11,10,39,40,1) [ 42010.797 ]
1338:(29,2,11,10,39,40,1) [ 42010.8814 ]
1339:(28,2,12,11,38,39,1) [ 40960.949 ]
1340:(29,2,12,11,38,39,1) [ 40961.0334 ]
1341:(28,2,13,12,37,38,1) [ 39911.123 ]
1342:(29,2,13,12,37,38,1) [ 39911.2074 ]
1343:(28,2,12,13,36,37,1) [ 38861.013 ]
1344:(29,2,12,13,36,37,1) [ 38861.0974 ]
1345:(30,2,10,14,35,36,1) [ 37810.8858 ]
1346:(31,2,10,14,35,36,1) [ 37810.9702 ]
1347:(30,2,11,15,34,35,1) [ 36761.0708 ]
1348:(31,2,11,15,34,35,1) [ 36761.1552 ]
1349:(29,2,10,15,34,35,1) [ 36760.8114 ]
1350:(31,2,9,16,33,34,1) [ 35710.804200000006 ]
1351:(32,2,9,16,33,34,1) [ 35710.888600000006 ]
1352:(31,2,10,17,32,33,1) [ 34661.000199999995 ]
1353:(32,2,10,17,32,33,1) [ 34661.084599999995 ]
1354:(32,2,9,18,31,32,1) [ 33610.8866 ]
1355:(33,2,9,18,31,32,1) [ 33610.971 ]
1356:(33,2,8,19,30,31,1) [ 32560.751 ]
1357:(34,2,8,19,30,31,1) [ 32560.8354 ]
1358:(33,2,9,20,29,30,1) [ 31510.969 ]
1359:(34,2,9,20,29,30,1) [ 31511.0534 ]
1360:(35,2,9,21,28,29,1) [ 30461.1368 ]
1361:(36,2,9,21,28,29,1) [ 30461.2212 ]
1362:(35,2,9,22,27,28,1) [ 29411.1358 ]
1363:(36,2,9,22,27,28,1) [ 29411.2202 ]
1364:(35,2,10,23,26,27,1) [ 28361.3978 ]
1365:(34,2,10,23,26,27,1) [ 28361.3134 ]
1366:(34,2,10,24,25,26,1) [ 27311.3234 ]
1367:(35,2,10,24,25,26,1) [ 27311.4078 ]
1368:(34,2,11,25,24,25,1) [ 26261.618400000003 ]
1369:(35,2,11,25,24,25,1) [ 26261.702800000003 ]
1370:(34,2,10,26,23,24,1) [ 25211.343399999998 ]
1371:(35,2,10,26,23,24,1) [ 25211.427799999998 ]
1372:(34,2,10,27,22,23,1) [ 24161.3534 ]
1373:(35,2,10,27,22,23,1) [ 24161.4378 ]
1374:(34,2,10,28,21,22,1) [ 23111.3634 ]
1375:(35,2,10,28,21,22,1) [ 23111.447799999998 ]
1376:(35,2,7,28,22,22,0) [ 10.593799999999998 ]
1377:(36,2,7,28,22,22,0) [ 10.6782 ]
1378:(37,2,5,29,21,21,0) [ 10.0816 ]
1379:(38,2,5,29,21,21,0) [ 10.165999999999999 ]
1380:(37,2,6,30,20,20,0) [ 10.3766 ]
1381:(38,2,6,30,20,20,0) [ 10.461 ]
1382:(37,2,7,31,19,19,0) [ 10.693600000000002 ]
1383:(38,2,7,31,19,19,0) [ 10.778 ]
1384:(37,2,7,32,18,18,0) [ 10.6706 ]
1385:(38,2,7,32,18,18,0) [ 10.755 ]
1386:(38,2,7,33,17,17,0) [ 10.732 ]
1387:(39,2,7,33,17,17,0) [ 10.816399999999998 ]
1388:(39,2,7,34,16,16,0) [ 10.7934 ]
1389:(40,2,7,34,16,16,0) [ 10.877799999999999 ]
1390:(39,2,7,35,15,15,0) [ 10.770399999999999 ]
1391:(40,2,7,35,15,15,0) [ 10.854800000000001 ]
1392:(39,2,8,36,14,14,0) [ 11.1534 ]
1393:(40,2,8,36,14,14,0) [ 11.237800000000002 ]
1394:(40,2,8,37,13,13,0) [ 11.2258 ]
1395:(41,2,8,37,13,13,0) [ 11.310200000000002 ]
1396:(40,2,9,38,12,12,0) [ 11.6418 ]
1397:(41,2,9,38,12,12,0) [ 11.726199999999999 ]
1398:(40,2,9,39,11,11,0) [ 11.6408 ]
1399:(39,2,9,39,11,11,0) [ 11.556399999999998 ]
1400:(40,2,7,40,10,10,0) [ 10.739799999999999 ]
1401:(41,2,7,40,10,10,0) [ 10.824200000000001 ]
1402:(41,2,7,41,9,9,0) [ 10.8012 ]
1403:(42,2,7,41,9,9,0) [ 10.8856 ]
1404:(41,2,8,42,8,8,0) [ 11.2502 ]
1405:(42,2,8,42,8,8,0) [ 11.334600000000002 ]
1406:(41,2,9,43,7,7,0) [ 11.7212 ]
1407:(42,2,9,43,7,7,0) [ 11.805599999999998 ]
1408:(42,2,7,44,6,6,0) [ 10.8166 ]
1409:(43,2,7,44,6,6,0) [ 10.900999999999998 ]
1410:(43,2,7,45,5,5,0) [ 10.878 ]
1411:(44,2,7,45,5,5,0) [ 10.962399999999999 ]
1412:(44,2,7,46,4,4,0) [ 10.939400000000001 ]
1413:(45,2,7,46,4,4,0) [ 11.0238 ]
1414:(44,2,7,47,3,3,0) [ 10.9164 ]
1415:(45,2,7,47,3,3,0) [ 11.000800000000002 ]
1416:(44,2,7,48,2,2,0) [ 10.8934 ]
1417:(45,2,7,48,2,2,0) [ 10.977799999999998 ]
1418:(44,2,8,49,1,1,0) [ 11.419399999999998 ]
1419:(45,2,8,49,1,1,0) [ 11.5038 ]
1420:(47,2,4,50,0,0,0) [ 9.4206 ]
1421:(48,2,4,50,0,0,0) [ 9.504999999999999 ]
1422:(47,2,4,49,0,1,1) [ 1059.3766 ]
1423:(48,2,4,49,0,1,1) [ 1059.461 ]
1424:(46,2,3,50,0,0,0) [ 8.7762 ]
1425:(50,2,0,48,2,2,0) [ 7.6338 ]
1426:(50,2,0,48,1,2,1) [ 2107.5337999999997 ]
1427:(51,2,0,48,1,2,1) [ 2107.6182 ]
1428:(49,2,1,48,2,2,0) [ 8.0874 ]
1429:(49,2,2,48,2,2,0) [ 8.625399999999999 ]
1430:(49,2,1,47,3,3,0) [ 8.176400000000001 ]
1431:(49,2,0,46,4,4,0) [ 7.7494000000000005 ]
1432:(48,2,1,46,4,4,0) [ 8.181 ]
1433:(48,2,2,46,4,4,0) [ 8.697000000000001 ]
1434:(48,2,1,45,5,5,0) [ 8.27 ]
1435:(48,2,2,45,5,5,0) [ 8.774999999999999 ]
1436:(47,2,3,45,5,5,0) [ 9.1956 ]
1437:(47,2,3,44,6,6,0) [ 9.2626 ]
1438:(47,2,2,43,7,7,0) [ 8.846599999999999 ]
1439:(47,2,1,42,8,8,0) [ 8.4526 ]
1440:(46,2,2,42,8,8,0) [ 8.840200000000001 ]
1441:(46,2,1,41,9,9,0) [ 8.4572 ]
1442:(46,2,2,41,9,9,0) [ 8.9182 ]
1443:(46,2,1,40,10,10,0) [ 8.546199999999999 ]
1444:(46,2,2,40,10,10,0) [ 8.996200000000002 ]
1445:(46,2,1,39,11,11,0) [ 8.635200000000001 ]
1446:(46,2,0,38,12,12,0) [ 8.2962 ]
1447:(45,2,1,38,12,12,0) [ 8.639800000000001 ]
1448:(44,2,2,38,12,12,0) [ 8.9834 ]
1449:(44,2,3,38,12,12,0) [ 9.4114 ]
1450:(43,2,4,38,12,12,0) [ 9.754999999999999 ]
1451:(43,2,5,38,12,12,0) [ 10.183 ]
1452:(42,2,5,37,13,13,0) [ 10.1436 ]
1453:(42,2,5,35,14,15,1) [ 15760.1336 ]
1454:(42,2,4,34,15,16,1) [ 16809.7946 ]
1455:(42,2,5,34,15,16,1) [ 16810.1786 ]
1456:(43,2,5,34,15,16,1) [ 16810.263 ]
1457:(43,2,4,33,16,17,1) [ 17859.934999999998 ]
1458:(42,2,5,33,16,17,1) [ 17860.223599999998 ]
1459:(42,2,4,32,17,18,1) [ 18909.906600000002 ]
1460:(42,2,3,31,18,19,1) [ 19959.6116 ]
1461:(42,2,4,31,18,19,1) [ 19959.9626 ]
1462:(42,2,3,30,19,20,1) [ 21009.678600000003 ]
1463:(41,2,4,30,19,20,1) [ 21009.9342 ]
1464:(41,2,5,30,19,20,1) [ 21010.2742 ]
1465:(41,2,4,29,20,21,1) [ 22059.9902 ]
1466:(41,2,3,28,21,22,1) [ 23109.728199999998 ]
1467:(41,2,4,28,21,22,1) [ 23110.046199999997 ]
1468:(33,2,9,23,26,27,1) [ 28360.966 ]
1469:(33,2,10,23,26,27,1) [ 28361.229 ]
1470:(33,2,9,22,27,28,1) [ 29410.967 ]
1471:(33,2,8,21,28,29,1) [ 30460.727 ]
1472:(33,2,5,17,32,33,1) [ 34660.183999999994 ]
1473:(32,2,6,16,33,34,1) [ 35710.3306 ]
1474:(32,2,5,15,34,35,1) [ 36760.1896 ]
1475:(32,2,4,14,35,36,1) [ 37810.0706 ]
1476:(31,2,5,14,35,36,1) [ 37810.1502 ]
1477:(31,2,4,13,36,37,1) [ 38860.042199999996 ]
1478:(31,2,3,12,37,38,1) [ 39909.9562 ]
1479:(31,2,2,11,38,39,1) [ 40959.8922 ]
1480:(30,2,3,11,38,39,1) [ 40959.9388 ]
1481:(30,2,2,10,39,40,1) [ 42009.885800000004 ]
1482:(31,2,1,10,39,40,1) [ 42009.8502 ]
1483:(31,2,0,9,40,41,1) [ 43059.8302 ]
1484:(31,2,1,9,40,41,1) [ 43059.9392 ]
1485:(30,2,2,9,40,41,1) [ 43059.9638 ]
1486:(30,2,1,8,41,42,1) [ 44109.9438 ]
1487:(29,2,2,8,41,42,1) [ 44109.9574 ]
1488:(29,2,1,7,42,43,1) [ 45159.948399999994 ]
1489:(28,2,2,7,42,43,1) [ 45159.950999999994 ]
1490:(28,2,3,7,42,43,1) [ 45160.038 ]
1491:(27,2,4,7,42,43,1) [ 45160.0406 ]
1492:(27,2,5,7,42,43,1) [ 45160.1276 ]
1493:(27,2,4,6,43,44,1) [ 46210.096600000004 ]
1494:(28,2,4,6,43,44,1) [ 46210.181000000004 ]
1495:(28,2,4,5,44,45,1) [ 47260.237 ]
1496:(28,2,5,5,44,45,1) [ 47260.302 ]
1497:(27,2,5,4,45,46,1) [ 48310.2626 ]
1498:(27,2,5,5,45,45,0) [ 10.3176 ]
1499:(27,2,4,4,46,46,0) [ 10.308600000000002 ]
1500:(26,2,5,4,46,46,0) [ 10.278200000000002 ]
1501:(25,2,5,4,46,46,0) [ 10.1938 ]
1502:(25,2,4,3,47,47,0) [ 10.1958 ]
1503:(25,2,4,3,46,47,1) [ 49360.095799999996 ]
1504:(24,2,5,3,46,47,1) [ 49360.0544 ]
1505:(24,2,4,2,47,48,1) [ 50410.0674 ]
1506:(24,2,5,2,47,48,1) [ 50410.0994 ]
1507:(24,2,4,1,48,49,1) [ 51460.123400000004 ]
1508:(24,2,3,0,49,50,1) [ 52510.1694 TARGET ]
1509:(25,2,3,0,49,50,1) [ 52510.2538 TARGET ]
1510:(23,2,3,0,49,50,1) [ 52510.085 ]
1511:(23,2,4,0,49,50,1) [ 52510.095 TARGET ]
1512:(24,2,4,0,49,50,1) [ 52510.1794 TARGET ]
1513:(25,2,4,1,48,49,1) [ 51460.207800000004 ]
1514:(23,2,4,1,48,49,1) [ 51460.039000000004 ]
1515:(23,2,5,1,48,49,1) [ 51460.060000000005 ]
1516:(25,2,5,2,47,48,1) [ 50410.1838 ]
1517:(23,2,5,2,47,48,1) [ 50410.015 ]
1518:(23,2,6,2,47,48,1) [ 50410.047 ]
1519:(25,2,4,2,47,48,1) [ 50410.1518 ]
1520:(23,2,4,2,47,48,1) [ 50409.983 ]
1521:(25,2,5,3,46,47,1) [ 49360.1388 ]
1522:(23,2,5,3,46,47,1) [ 49359.97 ]
1523:(23,2,6,3,46,47,1) [ 49360.013 ]
1524:(24,2,6,3,46,47,1) [ 49360.0974 ]
1525:(26,2,4,3,46,47,1) [ 49360.180199999995 ]
1526:(24,2,4,3,46,47,1) [ 49360.011399999996 ]
1527:(26,2,4,3,47,47,0) [ 10.2802 ]
1528:(24,2,4,3,47,47,0) [ 10.1114 ]
1529:(24,2,5,3,47,47,0) [ 10.154399999999999 ]
1530:(25,2,5,3,47,47,0) [ 10.238800000000001 ]
1531:(24,2,5,4,46,46,0) [ 10.1094 ]
1532:(24,2,6,4,46,46,0) [ 10.1634 ]
1533:(25,2,6,4,46,46,0) [ 10.247800000000002 ]
1534:(27,2,5,4,46,46,0) [ 10.3626 ]
1535:(26,2,6,4,46,46,0) [ 10.3322 ]
1536:(28,2,4,4,46,46,0) [ 10.393 ]
1537:(26,2,4,4,46,46,0) [ 10.2242 ]
1538:(28,2,5,5,45,45,0) [ 10.402000000000001 ]
1539:(26,2,5,5,45,45,0) [ 10.2332 ]
1540:(28,2,5,4,45,46,1) [ 48310.347 ]
1541:(26,2,5,4,45,46,1) [ 48310.1782 ]
1542:(26,2,6,4,45,46,1) [ 48310.2322 ]
1543:(27,2,6,4,45,46,1) [ 48310.3166 ]
1544:(26,2,6,5,44,45,1) [ 47260.1982 ]
1545:(29,2,5,5,44,45,1) [ 47260.3864 ]
1546:(27,2,5,5,44,45,1) [ 47260.2176 ]
1547:(29,2,4,5,44,45,1) [ 47260.3214 ]
1548:(27,2,4,5,44,45,1) [ 47260.1526 ]
1549:(27,2,5,6,43,44,1) [ 46210.172600000005 ]
1550:(29,2,4,6,43,44,1) [ 46210.265400000004 ]
1551:(26,2,4,6,43,44,1) [ 46210.012200000005 ]
1552:(26,2,5,6,43,44,1) [ 46210.088200000006 ]
1553:(28,2,5,7,42,43,1) [ 45160.212 ]
1554:(26,2,5,7,42,43,1) [ 45160.0432 ]
1555:(26,2,6,7,42,43,1) [ 45160.1302 ]
1556:(27,2,6,7,42,43,1) [ 45160.2146 ]
1557:(28,2,4,7,42,43,1) [ 45160.125 ]
1558:(26,2,4,7,42,43,1) [ 45159.9562 ]
1559:(29,2,3,7,42,43,1) [ 45160.1224 ]
1560:(27,2,3,7,42,43,1) [ 45159.95359999999 ]
1561:(29,2,2,7,42,43,1) [ 45160.0354 ]
1562:(27,2,2,7,42,43,1) [ 45159.866599999994 ]
1563:(30,2,1,7,42,43,1) [ 45160.03279999999 ]
1564:(28,2,1,7,42,43,1) [ 45159.863999999994 ]
1565:(30,2,2,8,41,42,1) [ 44110.0418 ]
1566:(28,2,2,8,41,42,1) [ 44109.873 ]
1567:(28,2,3,8,41,42,1) [ 44109.971 ]
1568:(29,2,3,8,41,42,1) [ 44110.0554 ]
1569:(31,2,1,8,41,42,1) [ 44110.0282 ]
1570:(29,2,1,8,41,42,1) [ 44109.8594 ]
1571:(31,2,2,9,40,41,1) [ 43060.0482 ]
1572:(29,2,2,9,40,41,1) [ 43059.8794 ]
1573:(29,2,3,9,40,41,1) [ 43059.9884 ]
1574:(30,2,3,9,40,41,1) [ 43060.0728 ]
1575:(32,2,1,9,40,41,1) [ 43060.0236 ]
1576:(30,2,1,9,40,41,1) [ 43059.8548 ]
1577:(32,2,0,9,40,41,1) [ 43059.9146 ]
1578:(30,2,0,9,40,41,1) [ 43059.7458 ]
1579:(32,2,1,10,39,40,1) [ 42009.9346 ]
1580:(30,2,1,10,39,40,1) [ 42009.7658 ]
1581:(31,2,2,10,39,40,1) [ 42009.9702 ]
1582:(29,2,2,10,39,40,1) [ 42009.801400000004 ]
1583:(29,2,3,10,39,40,1) [ 42009.9214 ]
1584:(30,2,3,10,39,40,1) [ 42010.0058 ]
1585:(31,2,3,11,38,39,1) [ 40960.0232 ]
1586:(29,2,3,11,38,39,1) [ 40959.854400000004 ]
1587:(29,2,4,11,38,39,1) [ 40959.985400000005 ]
1588:(30,2,4,11,38,39,1) [ 40960.069800000005 ]
1589:(32,2,2,11,38,39,1) [ 40959.9766 ]
1590:(30,2,2,11,38,39,1) [ 40959.8078 ]
1591:(32,2,3,12,37,38,1) [ 39910.0406 ]
1592:(30,2,3,12,37,38,1) [ 39909.87179999999 ]
1593:(30,2,4,12,37,38,1) [ 39910.0138 ]
1594:(31,2,4,12,37,38,1) [ 39910.0982 ]
1595:(32,2,4,13,36,37,1) [ 38860.126599999996 ]
1596:(30,2,4,13,36,37,1) [ 38859.9578 ]
1597:(30,2,5,13,36,37,1) [ 38860.110799999995 ]
1598:(31,2,5,13,36,37,1) [ 38860.1952 ]
1599:(32,2,5,14,35,36,1) [ 37810.2346 ]
1600:(30,2,5,14,35,36,1) [ 37810.0658 ]
1601:(30,2,6,14,35,36,1) [ 37810.2298 ]
1602:(31,2,6,14,35,36,1) [ 37810.3142 ]
1603:(33,2,4,14,35,36,1) [ 37810.155 ]
1604:(31,2,4,14,35,36,1) [ 37809.9862 ]
1605:(33,2,5,15,34,35,1) [ 36760.274000000005 ]
1606:(31,2,5,15,34,35,1) [ 36760.1052 ]
1607:(33,2,6,16,33,34,1) [ 35710.415 ]
1608:(31,2,6,16,33,34,1) [ 35710.2462 ]
1609:(31,2,6,17,32,33,1) [ 34660.212199999994 ]
1610:(34,2,5,17,32,33,1) [ 34660.26839999999 ]
1611:(32,2,5,17,32,33,1) [ 34660.099599999994 ]
1612:(32,2,5,18,31,32,1) [ 33610.054599999996 ]
1613:(32,2,6,19,30,31,1) [ 32560.2286 ]
1614:(32,2,7,19,30,31,1) [ 32560.4476 ]
1615:(32,2,7,20,29,30,1) [ 31510.424600000002 ]
1616:(32,2,8,20,29,30,1) [ 31510.6546 ]
1617:(34,2,8,21,28,29,1) [ 30460.8114 ]
1618:(32,2,8,21,28,29,1) [ 30460.6426 ]
1619:(32,2,9,21,28,29,1) [ 30460.8836 ]
1620:(33,2,9,21,28,29,1) [ 30460.968 ]
1621:(34,2,9,22,27,28,1) [ 29411.0514 ]
1622:(32,2,9,22,27,28,1) [ 29410.8826 ]
1623:(32,2,10,22,27,28,1) [ 29411.1346 ]
1624:(33,2,10,22,27,28,1) [ 29411.219 ]
1625:(32,2,10,23,26,27,1) [ 28361.1446 ]
1626:(32,2,11,23,26,27,1) [ 28361.4076 ]
1627:(33,2,11,23,26,27,1) [ 28361.492 ]
1628:(32,2,9,23,26,27,1) [ 28360.881599999997 ]
1629:(33,2,8,23,26,27,1) [ 28360.702999999998 ]
1630:(33,2,9,24,25,26,1) [ 27310.965 ]
1631:(33,2,10,24,25,26,1) [ 27311.239 ]
1632:(33,2,10,25,24,25,1) [ 26261.249 ]
1633:(33,2,11,25,24,25,1) [ 26261.534 ]
1634:(35,2,11,27,22,23,1) [ 24161.7448 ]
1635:(36,2,11,27,22,23,1) [ 24161.8292 ]
1636:(40,2,9,28,21,22,1) [ 23111.551799999997 ]
1637:(39,2,10,28,21,22,1) [ 23111.785399999997 ]
1638:(41,2,8,28,21,22,1) [ 23111.318199999998 ]
1639:(42,2,4,28,21,22,1) [ 23110.130599999997 ]
1640:(40,2,4,28,21,22,1) [ 23109.961799999997 ]
1641:(42,2,3,28,21,22,1) [ 23109.812599999997 ]
1642:(40,2,3,28,21,22,1) [ 23109.643799999998 ]
1643:(42,2,4,29,20,21,1) [ 22060.0746 ]
1644:(40,2,4,29,20,21,1) [ 22059.9058 ]
1645:(40,2,5,29,20,21,1) [ 22060.2348 ]
1646:(41,2,5,29,20,21,1) [ 22060.3192 ]
1647:(42,2,5,30,19,20,1) [ 21010.358600000003 ]
1648:(40,2,5,30,19,20,1) [ 21010.1898 ]
1649:(40,2,6,30,19,20,1) [ 21010.5298 ]
1650:(41,2,6,30,19,20,1) [ 21010.6142 ]
1651:(42,2,4,30,19,20,1) [ 21010.018600000003 ]
1652:(40,2,4,30,19,20,1) [ 21009.8498 ]
1653:(43,2,3,30,19,20,1) [ 21009.763000000003 ]
1654:(41,2,3,30,19,20,1) [ 21009.594200000003 ]
1655:(43,2,4,31,18,19,1) [ 19960.047 ]
1656:(41,2,4,31,18,19,1) [ 19959.8782 ]
1657:(41,2,5,31,18,19,1) [ 19960.229199999998 ]
1658:(42,2,5,31,18,19,1) [ 19960.313599999998 ]
1659:(43,2,3,31,18,19,1) [ 19959.696 ]
1660:(41,2,3,31,18,19,1) [ 19959.5272 ]
1661:(43,2,4,32,17,18,1) [ 18909.991 ]
1662:(41,2,4,32,17,18,1) [ 18909.822200000002 ]
1663:(41,2,5,32,17,18,1) [ 18910.1842 ]
1664:(42,2,5,32,17,18,1) [ 18910.2686 ]
1665:(43,2,5,33,16,17,1) [ 17860.307999999997 ]
1666:(41,2,5,33,16,17,1) [ 17860.139199999998 ]
1667:(41,2,6,33,16,17,1) [ 17860.512199999997 ]
1668:(42,2,6,33,16,17,1) [ 17860.596599999997 ]
1669:(44,2,4,33,16,17,1) [ 17860.019399999997 ]
1670:(42,2,4,33,16,17,1) [ 17859.850599999998 ]
1671:(44,2,5,34,15,16,1) [ 16810.3474 ]
1672:(42,2,6,34,15,16,1) [ 16810.5626 ]
1673:(43,2,6,34,15,16,1) [ 16810.647 ]
1674:(41,2,5,34,15,16,1) [ 16810.0942 ]
1675:(41,2,6,34,15,16,1) [ 16810.4782 ]
1676:(43,2,4,34,15,16,1) [ 16809.879 ]
1677:(41,2,4,34,15,16,1) [ 16809.7102 ]
1678:(43,2,5,35,14,15,1) [ 15760.217999999999 ]
1679:(41,2,5,35,14,15,1) [ 15760.0492 ]
1680:(41,2,6,35,14,15,1) [ 15760.4442 ]
1681:(42,2,6,35,14,15,1) [ 15760.5286 ]
1682:(43,2,5,37,13,13,0) [ 10.228000000000002 ]
1683:(41,2,5,37,13,13,0) [ 10.0592 ]
1684:(44,2,5,38,12,12,0) [ 10.267399999999999 ]
1685:(42,2,5,38,12,12,0) [ 10.098599999999998 ]
1686:(44,2,4,38,12,12,0) [ 9.839400000000001 ]
1687:(42,2,4,38,12,12,0) [ 9.6706 ]
1688:(45,2,3,38,12,12,0) [ 9.4958 ]
1689:(43,2,3,38,12,12,0) [ 9.326999999999998 ]
1690:(45,2,2,38,12,12,0) [ 9.0678 ]
1691:(43,2,2,38,12,12,0) [ 8.899000000000001 ]
1692:(46,2,1,38,12,12,0) [ 8.7242 ]
1693:(44,2,1,38,12,12,0) [ 8.555399999999999 ]
1694:(47,2,0,38,12,12,0) [ 8.380600000000001 ]
1695:(45,2,0,38,12,12,0) [ 8.2118 ]
1696:(47,2,1,39,11,11,0) [ 8.7196 ]
1697:(45,2,1,39,11,11,0) [ 8.5508 ]
1698:(45,2,2,39,11,11,0) [ 8.9898 ]
1699:(46,2,2,39,11,11,0) [ 9.074200000000001 ]
1700:(47,2,2,40,10,10,0) [ 9.0806 ]
1701:(45,2,2,40,10,10,0) [ 8.9118 ]
1702:(45,2,3,40,10,10,0) [ 9.361799999999999 ]
1703:(46,2,3,40,10,10,0) [ 9.446200000000001 ]
1704:(47,2,1,40,10,10,0) [ 8.630600000000001 ]
1705:(45,2,1,40,10,10,0) [ 8.4618 ]
1706:(47,2,2,41,9,9,0) [ 9.002600000000001 ]
1707:(45,2,2,41,9,9,0) [ 8.8338 ]
1708:(45,2,3,41,9,9,0) [ 9.2948 ]
1709:(46,2,3,41,9,9,0) [ 9.3792 ]
1710:(47,2,1,41,9,9,0) [ 8.5416 ]
1711:(45,2,1,41,9,9,0) [ 8.3728 ]
1712:(47,2,2,42,8,8,0) [ 8.924600000000002 ]
1713:(45,2,2,42,8,8,0) [ 8.7558 ]
1714:(45,2,3,42,8,8,0) [ 9.227800000000002 ]
1715:(46,2,3,42,8,8,0) [ 9.3122 ]
1716:(48,2,1,42,8,8,0) [ 8.536999999999999 ]
1717:(46,2,1,42,8,8,0) [ 8.3682 ]
1718:(48,2,2,43,7,7,0) [ 8.930999999999997 ]
1719:(46,2,2,43,7,7,0) [ 8.7622 ]
1720:(46,2,3,43,7,7,0) [ 9.2452 ]
1721:(47,2,3,43,7,7,0) [ 9.3296 ]
1722:(48,2,3,44,6,6,0) [ 9.347 ]
1723:(46,2,3,44,6,6,0) [ 9.178199999999999 ]
1724:(48,2,3,45,5,5,0) [ 9.280000000000001 ]
1725:(46,2,3,45,5,5,0) [ 9.1112 ]
1726:(49,2,2,45,5,5,0) [ 8.8594 ]
1727:(47,2,2,45,5,5,0) [ 8.6906 ]
1728:(49,2,1,45,5,5,0) [ 8.3544 ]
1729:(47,2,1,45,5,5,0) [ 8.1856 ]
1730:(49,2,2,46,4,4,0) [ 8.7814 ]
1731:(47,2,2,46,4,4,0) [ 8.612600000000002 ]
1732:(47,2,3,46,4,4,0) [ 9.1286 ]
1733:(48,2,3,46,4,4,0) [ 9.213 ]
1734:(49,2,1,46,4,4,0) [ 8.2654 ]
1735:(47,2,1,46,4,4,0) [ 8.0966 ]
1736:(50,2,0,46,4,4,0) [ 7.8338 ]
1737:(48,2,0,46,4,4,0) [ 7.665 ]
1738:(50,2,1,47,3,3,0) [ 8.2608 ]
1739:(48,2,1,47,3,3,0) [ 8.092 ]
1740:(48,2,2,47,3,3,0) [ 8.619 ]
1741:(49,2,2,47,3,3,0) [ 8.7034 ]
1742:(50,2,2,48,2,2,0) [ 8.709799999999998 ]
1743:(48,2,2,48,2,2,0) [ 8.540999999999999 ]
1744:(48,2,3,48,2,2,0) [ 9.079 ]
1745:(49,2,3,48,2,2,0) [ 9.1634 ]
1746:(50,2,1,48,2,2,0) [ 8.1718 ]
1747:(48,2,1,48,2,2,0) [ 8.003 ]
1748:(51,2,0,48,2,2,0) [ 7.718200000000001 ]
1749:(49,2,0,48,2,2,0) [ 7.5494 ]
1750:(49,2,0,48,1,2,1) [ 2107.4494 ]
1751:(49,2,1,48,1,2,1) [ 2107.9874 ]
1752:(50,2,1,48,1,2,1) [ 2108.0717999999997 ]
1753:(52,2,0,48,1,2,1) [ 2107.7026 ]
1754:(51,2,1,48,1,2,1) [ 2108.1562 ]
1755:(30,2,6,0,49,50,1) [ 52510.7058 TARGET ]
1756:(29,2,7,0,49,50,1) [ 52510.6314 TARGET ]
1757:(30,2,7,1,48,49,1) [ 51460.692800000004 ]
1758:(29,2,8,1,48,49,1) [ 51460.629400000005 ]
1759:(30,2,6,1,48,49,1) [ 51460.671800000004 ]
1760:(31,2,5,1,48,49,1) [ 51460.7352 ]
1761:(31,2,6,2,47,48,1) [ 50410.7222 ]
1762:(30,2,7,2,47,48,1) [ 50410.669799999996 ]
1763:(31,2,7,3,46,47,1) [ 49360.7312 ]
1764:(30,2,8,3,46,47,1) [ 49360.6898 ]
1765:(32,2,6,3,46,47,1) [ 49360.7726 ]
1766:(32,2,7,4,45,46,1) [ 48310.7926 ]
1767:(31,2,8,4,45,46,1) [ 48310.7622 ]
1768:(32,2,8,5,44,45,1) [ 47260.8346 ]
1769:(31,2,9,5,44,45,1) [ 47260.815200000005 ]
1770:(32,2,8,5,45,45,0) [ 10.9346 ]
1771:(31,2,9,5,45,45,0) [ 10.9152 ]
1772:(32,2,7,5,45,45,0) [ 10.8696 ]
1773:(33,2,6,5,45,45,0) [ 10.889 ]
1774:(33,2,7,6,44,44,0) [ 10.931000000000001 ]
1775:(32,2,8,6,44,44,0) [ 10.922600000000001 ]
1776:(33,2,7,5,44,45,1) [ 47260.854 ]
1777:(34,2,6,5,44,45,1) [ 47260.873400000004 ]
1778:(34,2,7,6,43,44,1) [ 46210.915400000005 ]
1779:(33,2,8,6,43,44,1) [ 46210.90700000001 ]
1780:(34,2,6,6,43,44,1) [ 46210.839400000004 ]
1781:(35,2,5,6,43,44,1) [ 46210.8478 ]
1782:(35,2,6,7,42,43,1) [ 45160.8898 ]
1783:(34,2,7,7,42,43,1) [ 45160.8924 ]
1784:(35,2,7,8,41,42,1) [ 44110.953799999996 ]
1785:(34,2,8,8,41,42,1) [ 44110.9674 ]
1786:(35,2,8,9,40,41,1) [ 43061.0398 ]
1787:(34,2,9,9,40,41,1) [ 43061.0644 ]
1788:(35,2,9,10,39,40,1) [ 42011.1478 ]
1789:(34,2,10,10,39,40,1) [ 42011.1834 ]
1790:(35,2,10,11,38,39,1) [ 40961.2778 ]
1791:(34,2,11,11,38,39,1) [ 40961.324400000005 ]
1792:(35,2,11,12,37,38,1) [ 39911.4298 ]
1793:(34,2,12,12,37,38,1) [ 39911.4874 ]
1794:(35,2,10,12,37,38,1) [ 39911.2878 ]
1795:(35,2,9,12,37,38,1) [ 39911.1458 ]
1796:(35,2,10,13,36,37,1) [ 38861.2978 ]
1797:(34,2,11,13,36,37,1) [ 38861.3664 ]
1798:(36,2,9,13,36,37,1) [ 38861.2292 ]
1799:(37,2,8,13,36,37,1) [ 38861.160599999996 ]
1800:(37,2,7,13,36,37,1) [ 38861.0076 ]
1801:(37,2,8,14,35,36,1) [ 37811.1486 ]
1802:(36,2,9,14,35,36,1) [ 37811.2282 ]
1803:(37,2,9,15,34,35,1) [ 36761.3116 ]
1804:(36,2,10,15,34,35,1) [ 36761.402200000004 ]
1805:(37,2,8,15,34,35,1) [ 36761.1366 ]
1806:(37,2,7,15,34,35,1) [ 36760.9616 ]
1807:(38,2,6,15,34,35,1) [ 36760.871 ]
1808:(38,2,7,16,33,34,1) [ 35711.023 ]
1809:(37,2,8,16,33,34,1) [ 35711.1246 ]
1810:(38,2,8,17,32,33,1) [ 34661.197 ]
1811:(37,2,9,17,32,33,1) [ 34661.3096 ]
1812:(38,2,7,17,32,33,1) [ 34661.0 ]
1813:(39,2,6,17,32,33,1) [ 34660.8874 ]
1814:(39,2,7,18,31,32,1) [ 33611.0614 ]
1815:(38,2,8,18,31,32,1) [ 33611.185 ]
1816:(39,2,6,18,31,32,1) [ 33610.8534 ]
1817:(40,2,5,18,31,32,1) [ 33610.7298 ]
1818:(40,2,6,19,30,31,1) [ 32560.9038 ]
1819:(39,2,7,19,30,31,1) [ 32561.0384 ]
1820:(41,2,7,20,29,30,1) [ 31511.1842 ]
1821:(40,2,8,20,29,30,1) [ 31511.329800000003 ]
1822:(42,2,6,20,29,30,1) [ 31511.0386 ]
1823:(42,2,7,21,28,29,1) [ 30461.2456 ]
1824:(41,2,8,21,28,29,1) [ 30461.4022 ]
1825:(42,2,6,21,28,29,1) [ 30461.0046 ]
1826:(42,2,7,22,27,28,1) [ 29411.2226 ]
1827:(41,2,8,22,27,28,1) [ 29411.3902 ]
1828:(42,2,8,23,26,27,1) [ 28361.4626 ]
1829:(41,2,9,23,26,27,1) [ 28361.6412 ]
1830:(42,2,7,23,26,27,1) [ 28361.1996 ]
1831:(41,2,8,24,25,26,1) [ 27311.3662 ]
1832:(40,2,9,24,25,26,1) [ 27311.5558 ]
1833:(41,2,9,25,24,25,1) [ 26261.6392 ]
1834:(40,2,10,25,24,25,1) [ 26261.8398 ]
1835:(41,2,8,25,24,25,1) [ 26261.3542 ]
1836:(41,2,7,25,24,25,1) [ 26261.0692 ]
1837:(41,2,8,26,23,24,1) [ 25211.3422 ]
1838:(40,2,9,26,23,24,1) [ 25211.553799999998 ]
1839:(41,2,7,26,23,24,1) [ 25211.0462 ]
1840:(41,2,8,27,22,23,1) [ 24161.3302 ]
1841:(40,2,9,27,22,23,1) [ 24161.5528 ]
1842:(41,2,7,27,22,23,1) [ 24161.0232 ]
1843:(42,2,7,28,21,22,1) [ 23111.0846 ]
1844:(42,2,6,28,21,22,1) [ 23110.7666 ]
1845:(42,2,5,28,21,22,1) [ 23110.4486 ]
1846:(42,2,5,28,22,22,0) [ 10.5486 ]
1847:(41,2,6,28,22,22,0) [ 10.7822 ]
1848:(43,2,4,28,22,22,0) [ 10.315000000000001 ]
1849:(44,2,3,28,22,22,0) [ 10.0814 ]
1850:(44,2,2,28,22,22,0) [ 9.7634 ]
1851:(44,2,3,29,21,21,0) [ 10.0144 ]
1852:(43,2,4,29,21,21,0) [ 10.258999999999999 ]
1853:(44,2,4,30,20,20,0) [ 10.2874 ]
1854:(43,2,5,30,20,20,0) [ 10.543 ]
1855:(44,2,5,31,19,19,0) [ 10.5824 ]
1856:(43,2,6,31,19,19,0) [ 10.849000000000002 ]
1857:(44,2,4,31,19,19,0) [ 10.231399999999999 ]
1858:(44,2,5,32,18,18,0) [ 10.537400000000002 ]
1859:(43,2,6,32,18,18,0) [ 10.815000000000001 ]
1860:(45,2,4,32,18,18,0) [ 10.259800000000002 ]
1861:(45,2,5,33,17,17,0) [ 10.576799999999999 ]
1862:(44,2,6,33,17,17,0) [ 10.865400000000001 ]
1863:(46,2,4,33,17,17,0) [ 10.2882 ]
1864:(46,2,5,34,16,16,0) [ 10.616200000000001 ]
1865:(45,2,6,34,16,16,0) [ 10.915799999999999 ]
1866:(46,2,4,34,16,16,0) [ 10.2322 ]
1867:(46,2,5,35,15,15,0) [ 10.571200000000001 ]
1868:(45,2,6,35,15,15,0) [ 10.8818 ]
1869:(46,2,6,36,14,14,0) [ 10.9322 ]
1870:(45,2,7,36,14,14,0) [ 11.2538 ]
1871:(47,2,5,36,14,14,0) [ 10.6106 ]
1872:(47,2,6,37,13,13,0) [ 10.982600000000001 ]
1873:(46,2,7,37,13,13,0) [ 11.3152 ]
1874:(47,2,7,38,12,12,0) [ 11.3766 ]
1875:(46,2,8,38,12,12,0) [ 11.720199999999998 ]
1876:(47,2,6,38,12,12,0) [ 10.948599999999999 ]
1877:(47,2,7,39,11,11,0) [ 11.3536 ]
1878:(46,2,8,39,11,11,0) [ 11.7082 ]
1879:(47,2,6,39,11,11,0) [ 10.914600000000002 ]
1880:(47,2,5,39,11,11,0) [ 10.4756 ]
1881:(47,2,4,39,11,11,0) [ 10.0366 ]
1882:(47,2,5,40,10,10,0) [ 10.430600000000002 ]
1883:(46,2,6,40,10,10,0) [ 10.7962 ]
1884:(48,2,4,40,10,10,0) [ 10.065 ]
1885:(48,2,5,41,9,9,0) [ 10.47 ]
1886:(47,2,6,41,9,9,0) [ 10.8466 ]
1887:(48,2,6,42,8,8,0) [ 10.897 ]
1888:(47,2,7,42,8,8,0) [ 11.284600000000001 ]
1889:(48,2,7,43,7,7,0) [ 11.346 ]
1890:(47,2,8,43,7,7,0) [ 11.744599999999998 ]
1891:(48,2,6,43,7,7,0) [ 10.863 ]
1892:(49,2,5,43,7,7,0) [ 10.464399999999998 ]
1893:(49,2,4,43,7,7,0) [ 9.9814 ]
1894:(49,2,5,44,6,6,0) [ 10.4194 ]
1895:(48,2,6,44,6,6,0) [ 10.828999999999999 ]
1896:(50,2,4,44,6,6,0) [ 10.0098 ]
1897:(50,2,5,45,5,5,0) [ 10.4588 ]
1898:(49,2,6,45,5,5,0) [ 10.8794 ]
1899:(51,2,4,45,5,5,0) [ 10.0382 ]
1900:(51,2,5,46,4,4,0) [ 10.498200000000002 ]
1901:(50,2,6,46,4,4,0) [ 10.929799999999998 ]
1902:(51,2,4,46,4,4,0) [ 9.9822 ]
1903:(51,2,5,47,3,3,0) [ 10.453200000000002 ]
1904:(50,2,6,47,3,3,0) [ 10.895800000000001 ]
1905:(51,2,4,47,3,3,0) [ 9.926200000000001 ]
1906:(51,2,5,48,2,2,0) [ 10.4082 ]
1907:(50,2,6,48,2,2,0) [ 10.861799999999999 ]
1908:(51,2,6,49,1,1,0) [ 10.9122 ]
1909:(50,2,7,49,1,1,0) [ 11.376800000000001 ]
1910:(51,2,5,49,1,1,0) [ 10.3632 ]
1911:(54,2,1,49,1,1,0) [ 8.420399999999999 ]
1912:(54,2,2,50,0,0,0) [ 8.8914 ]
1913:(53,2,3,50,0,0,0) [ 9.367 ]
1914:(54,2,2,49,0,1,1) [ 1058.8694 ]
1915:(53,2,3,49,0,1,1) [ 1059.334 ]
1916:(54,2,2,49,1,1,0) [ 8.969399999999998 ]
1917:(53,2,3,49,1,1,0) [ 9.434 ]
1918:(54,2,0,49,1,1,0) [ 7.8714 ]
1919:(53,2,1,50,0,0,0) [ 8.247 ]
1920:(54,2,0,50,0,0,0) [ 7.771400000000001 ]
1921:(28,2,8,0,49,50,1) [ 52510.557 TARGET ]
1922:(28,2,9,1,48,49,1) [ 51460.566000000006 ]
1923:(29,2,8,2,47,48,1) [ 50410.617399999996 ]
1924:(29,2,9,3,46,47,1) [ 49360.6484 ]
1925:(30,2,9,4,45,46,1) [ 48310.7318 ]
1926:(30,2,10,5,44,45,1) [ 47260.7958 ]
1927:(30,2,10,5,45,45,0) [ 10.8958 ]
1928:(31,2,9,6,44,44,0) [ 10.914200000000001 ]
1929:(32,2,9,6,43,44,1) [ 46210.8986 ]
1930:(33,2,8,7,42,43,1) [ 45160.895 ]
1931:(33,2,9,8,41,42,1) [ 44110.981 ]
1932:(33,2,10,9,40,41,1) [ 43061.089 ]
1933:(33,2,11,10,39,40,1) [ 42011.219000000005 ]
1934:(33,2,12,11,38,39,1) [ 40961.37100000001 ]
1935:(33,2,13,12,37,38,1) [ 39911.545 ]
1936:(33,2,12,13,36,37,1) [ 38861.435 ]
1937:(35,2,10,14,35,36,1) [ 37811.3078 ]
1938:(35,2,11,15,34,35,1) [ 36761.4928 ]
1939:(36,2,9,16,33,34,1) [ 35711.226200000005 ]
1940:(36,2,10,17,32,33,1) [ 34661.42219999999 ]
1941:(37,2,9,18,31,32,1) [ 33611.3086 ]
1942:(38,2,8,19,30,31,1) [ 32561.173 ]
1943:(39,2,9,20,29,30,1) [ 31511.475400000003 ]
1944:(40,2,9,21,28,29,1) [ 30461.5588 ]
1945:(40,2,9,22,27,28,1) [ 29411.557800000002 ]
1946:(40,2,10,23,26,27,1) [ 28361.819799999997 ]
1947:(39,2,10,24,25,26,1) [ 27311.7454 ]
1948:(39,2,11,25,24,25,1) [ 26262.0404 ]
1949:(39,2,10,26,23,24,1) [ 25211.7654 ]
1950:(39,2,10,27,22,23,1) [ 24161.775400000002 ]
1951:(40,2,7,28,22,22,0) [ 11.015799999999999 ]
1952:(42,2,5,29,21,21,0) [ 10.5036 ]
1953:(42,2,6,30,20,20,0) [ 10.7986 ]
1954:(42,2,7,31,19,19,0) [ 11.115599999999999 ]
1955:(42,2,7,32,18,18,0) [ 11.092600000000001 ]
1956:(43,2,7,33,17,17,0) [ 11.154 ]
1957:(44,2,7,34,16,16,0) [ 11.2154 ]
1958:(44,2,7,35,15,15,0) [ 11.1924 ]
1959:(44,2,8,36,14,14,0) [ 11.5754 ]
1960:(45,2,8,37,13,13,0) [ 11.6478 ]
1961:(45,2,9,38,12,12,0) [ 12.0638 ]
1962:(45,2,9,39,11,11,0) [ 12.0628 ]
1963:(45,2,7,40,10,10,0) [ 11.1618 ]
1964:(46,2,7,41,9,9,0) [ 11.2232 ]
1965:(46,2,8,42,8,8,0) [ 11.6722 ]
1966:(46,2,9,43,7,7,0) [ 12.1432 ]
1967:(47,2,7,44,6,6,0) [ 11.2386 ]
1968:(48,2,7,45,5,5,0) [ 11.3 ]
1969:(49,2,7,46,4,4,0) [ 11.361400000000001 ]
1970:(49,2,7,47,3,3,0) [ 11.3384 ]
1971:(49,2,7,48,2,2,0) [ 11.3154 ]
1972:(49,2,8,49,1,1,0) [ 11.841399999999998 ]
1973:(52,2,4,50,0,0,0) [ 9.842600000000001 ]
1974:(52,2,4,49,0,1,1) [ 1059.7986 ]
1975:(52,2,4,49,1,1,0) [ 9.8986 ]
1976:(26,2,3,0,49,50,1) [ 52510.3382 TARGET ]
1977:(25,2,4,0,49,50,1) [ 52510.2638 TARGET ]
1978:(26,2,4,1,48,49,1) [ 51460.2922 ]
1979:(26,2,5,2,47,48,1) [ 50410.2682 ]
1980:(26,2,4,2,47,48,1) [ 50410.2362 ]
1981:(26,2,5,3,46,47,1) [ 49360.2232 ]
1982:(27,2,4,3,46,47,1) [ 49360.264599999995 ]
1983:(27,2,4,3,47,47,0) [ 10.3646 ]
1984:(26,2,5,3,47,47,0) [ 10.3232 ]
1985:(28,2,5,4,46,46,0) [ 10.447000000000001 ]
1986:(27,2,6,4,46,46,0) [ 10.4166 ]
1987:(29,2,4,4,46,46,0) [ 10.4774 ]
1988:(29,2,5,5,45,45,0) [ 10.4864 ]
1989:(29,2,5,4,45,46,1) [ 48310.4314 ]
1990:(28,2,6,4,45,46,1) [ 48310.401 ]
1991:(30,2,5,5,44,45,1) [ 47260.4708 ]
1992:(30,2,4,5,44,45,1) [ 47260.4058 ]
1993:(30,2,4,6,43,44,1) [ 46210.3498 ]
1994:(29,2,5,7,42,43,1) [ 45160.2964 ]
1995:(29,2,4,7,42,43,1) [ 45160.2094 ]
1996:(30,2,3,7,42,43,1) [ 45160.2068 ]
1997:(30,2,2,7,42,43,1) [ 45160.1198 ]
1998:(31,2,1,7,42,43,1) [ 45160.1172 ]
1999:(31,2,2,8,41,42,1) [ 44110.1262 ]
2000:(30,2,3,8,41,42,1) [ 44110.1398 ]
2001:(32,2,1,8,41,42,1) [ 44110.1126 ]
2002:(32,2,2,9,40,41,1) [ 43060.1326 ]
2003:(31,2,3,9,40,41,1) [ 43060.1572 ]
2004:(33,2,1,9,40,41,1) [ 43060.108 ]
2005:(33,2,0,9,40,41,1) [ 43059.999 ]
2006:(33,2,1,10,39,40,1) [ 42010.019 ]
2007:(32,2,2,10,39,40,1) [ 42010.0546 ]
2008:(31,2,3,10,39,40,1) [ 42010.0902 ]
2009:(32,2,3,11,38,39,1) [ 40960.1076 ]
2010:(31,2,4,11,38,39,1) [ 40960.154200000004 ]
2011:(33,2,2,11,38,39,1) [ 40960.061 ]
2012:(33,2,3,12,37,38,1) [ 39910.125 ]
2013:(32,2,4,12,37,38,1) [ 39910.1826 ]
2014:(33,2,4,13,36,37,1) [ 38860.210999999996 ]
2015:(32,2,5,13,36,37,1) [ 38860.2796 ]
2016:(33,2,5,14,35,36,1) [ 37810.319 ]
2017:(32,2,6,14,35,36,1) [ 37810.3986 ]
2018:(34,2,4,14,35,36,1) [ 37810.2394 ]
2019:(34,2,5,15,34,35,1) [ 36760.358400000005 ]
2020:(34,2,6,16,33,34,1) [ 35710.4994 ]
2021:(35,2,5,17,32,33,1) [ 34660.3528 ]
2022:(34,2,9,21,28,29,1) [ 30461.0524 ]
2023:(34,2,10,22,27,28,1) [ 29411.3034 ]
2024:(34,2,11,23,26,27,1) [ 28361.576399999998 ]
2025:(37,2,11,27,22,23,1) [ 24161.9136 ]
2026:(41,2,9,28,21,22,1) [ 23111.636199999997 ]
2027:(40,2,10,28,21,22,1) [ 23111.869799999997 ]
2028:(42,2,8,28,21,22,1) [ 23111.402599999998 ]
2029:(43,2,4,28,21,22,1) [ 23110.215 ]
2030:(43,2,3,28,21,22,1) [ 23109.896999999997 ]
2031:(43,2,4,29,20,21,1) [ 22060.159 ]
2032:(42,2,5,29,20,21,1) [ 22060.4036 ]
2033:(43,2,5,30,19,20,1) [ 21010.443000000003 ]
2034:(42,2,6,30,19,20,1) [ 21010.6986 ]
2035:(43,2,4,30,19,20,1) [ 21010.103000000003 ]
2036:(44,2,3,30,19,20,1) [ 21009.847400000002 ]
2037:(44,2,4,31,18,19,1) [ 19960.1314 ]
2038:(43,2,5,31,18,19,1) [ 19960.398 ]
2039:(44,2,3,31,18,19,1) [ 19959.7804 ]
2040:(44,2,4,32,17,18,1) [ 18910.0754 ]
2041:(43,2,5,32,17,18,1) [ 18910.353 ]
2042:(44,2,5,33,16,17,1) [ 17860.392399999997 ]
2043:(43,2,6,33,16,17,1) [ 17860.680999999997 ]
2044:(45,2,4,33,16,17,1) [ 17860.103799999997 ]
2045:(45,2,5,34,15,16,1) [ 16810.4318 ]
2046:(44,2,6,34,15,16,1) [ 16810.7314 ]
2047:(44,2,4,34,15,16,1) [ 16809.9634 ]
2048:(44,2,5,35,14,15,1) [ 15760.3024 ]
2049:(43,2,6,35,14,15,1) [ 15760.613 ]
2050:(44,2,5,37,13,13,0) [ 10.3124 ]
2051:(45,2,5,38,12,12,0) [ 10.3518 ]
2052:(45,2,4,38,12,12,0) [ 9.9238 ]
2053:(46,2,3,38,12,12,0) [ 9.580200000000001 ]
2054:(46,2,2,38,12,12,0) [ 9.1522 ]
2055:(47,2,1,38,12,12,0) [ 8.8086 ]
2056:(48,2,0,38,12,12,0) [ 8.465 ]
2057:(48,2,1,39,11,11,0) [ 8.804 ]
2058:(47,2,2,39,11,11,0) [ 9.1586 ]
2059:(48,2,2,40,10,10,0) [ 9.165 ]
2060:(47,2,3,40,10,10,0) [ 9.5306 ]
2061:(48,2,1,40,10,10,0) [ 8.715 ]
2062:(48,2,2,41,9,9,0) [ 9.087 ]
2063:(47,2,3,41,9,9,0) [ 9.463600000000001 ]
2064:(48,2,1,41,9,9,0) [ 8.626 ]
2065:(48,2,2,42,8,8,0) [ 9.009 ]
2066:(47,2,3,42,8,8,0) [ 9.396600000000001 ]
2067:(49,2,1,42,8,8,0) [ 8.6214 ]
2068:(49,2,2,43,7,7,0) [ 9.0154 ]
2069:(48,2,3,43,7,7,0) [ 9.413999999999998 ]
2070:(49,2,3,44,6,6,0) [ 9.4314 ]
2071:(49,2,3,45,5,5,0) [ 9.3644 ]
2072:(50,2,2,45,5,5,0) [ 8.9438 ]
2073:(50,2,1,45,5,5,0) [ 8.4388 ]
2074:(50,2,2,46,4,4,0) [ 8.865799999999998 ]
2075:(49,2,3,46,4,4,0) [ 9.297400000000001 ]
2076:(50,2,1,46,4,4,0) [ 8.3498 ]
2077:(51,2,0,46,4,4,0) [ 7.9182000000000015 ]
2078:(51,2,1,47,3,3,0) [ 8.345200000000002 ]
2079:(50,2,2,47,3,3,0) [ 8.7878 ]
2080:(51,2,2,48,2,2,0) [ 8.7942 ]
2081:(50,2,3,48,2,2,0) [ 9.247799999999998 ]
2082:(51,2,1,48,2,2,0) [ 8.2562 ]
2083:(52,2,0,48,2,2,0) [ 7.802600000000001 ]
2084:(53,2,0,48,1,2,1) [ 2107.787 ]
2085:(52,2,1,48,1,2,1) [ 2108.2406 ]
2086:(-1,-1,-1,-1,-1,-1,-1) [ 0.0 ]