(R_,L,RL,G_,G_a,G_bg,G_d)
0:(50,2,0,50,0,0,0) [ 7.4338 ]
1:(49,2,1,50,0,0,0) [ 7.9094 ]
2:(49,2,0,49,1,1,0) [ 7.4494 ]
3:(48,2,1,49,1,1,0) [ 7.913999999999999 ]
4:(49,2,1,49,1,1,0) [ 7.998399999999999 ]
5:(50,2,0,49,1,1,0) [ 7.533799999999999 ]
6:(47,2,2,49,1,1,0) [ 8.3786 ]
7:(47,2,2,49,0,1,1) [ 1058.2786 ]
8:(47,2,3,49,0,1,1) [ 1058.8276 ]
9:(46,2,4,49,0,1,1) [ 1059.2922 ]
10:(45,2,5,49,0,1,1) [ 1059.7568 ]
11:(45,2,5,50,0,0,0) [ 9.811799999999998 ]
12:(45,2,4,49,1,1,0) [ 9.307799999999999 ]
13:(45,2,5,49,1,1,0) [ 9.856799999999998 ]
14:(44,2,6,49,1,1,0) [ 10.321399999999999 ]
15:(43,2,7,49,1,1,0) [ 10.786 ]
16:(43,2,8,49,1,1,0) [ 11.334999999999999 ]
17:(42,2,9,49,1,1,0) [ 11.7996 ]
18:(42,2,10,49,1,1,0) [ 12.3486 ]
19:(42,2,11,49,1,1,0) [ 12.897599999999999 ]
20:(42,2,12,49,1,1,0) [ 13.446599999999998 ]
21:(42,2,13,49,1,1,0) [ 13.995599999999998 ]
22:(42,2,12,48,2,2,0) [ 13.4146 ]
23:(41,2,13,48,2,2,0) [ 13.868199999999998 ]
24:(41,2,12,47,3,3,0) [ 13.298200000000001 ]
25:(40,2,13,47,3,3,0) [ 13.7408 ]
26:(40,2,14,47,3,3,0) [ 14.267800000000001 ]
27:(40,2,15,47,3,3,0) [ 14.794799999999999 ]
28:(40,2,14,46,4,4,0) [ 14.2138 ]
29:(39,2,15,46,4,4,0) [ 14.6454 ]
30:(39,2,14,45,5,5,0) [ 14.075400000000002 ]
31:(39,2,13,44,6,6,0) [ 13.527399999999998 ]
32:(39,2,14,44,6,6,0) [ 14.021400000000002 ]
33:(39,2,13,43,7,7,0) [ 13.484399999999997 ]
34:(38,2,14,43,7,7,0) [ 13.883 ]
35:(38,2,15,43,7,7,0) [ 14.366 ]
36:(37,2,16,43,7,7,0) [ 14.764599999999998 ]
37:(37,2,17,43,7,7,0) [ 15.247599999999998 ]
38:(37,2,16,42,8,8,0) [ 14.688600000000001 ]
39:(36,2,17,42,8,8,0) [ 15.0762 ]
40:(36,2,16,41,9,9,0) [ 14.5282 ]
41:(35,2,17,41,9,9,0) [ 14.9048 ]
42:(35,2,16,40,10,10,0) [ 14.367799999999999 ]
43:(34,2,17,40,10,10,0) [ 14.7334 ]
44:(34,2,18,40,10,10,0) [ 15.183399999999999 ]
45:(34,2,17,39,11,11,0) [ 14.646400000000002 ]
46:(34,2,18,39,11,11,0) [ 15.085399999999998 ]
47:(34,2,19,39,11,11,0) [ 15.524399999999998 ]
48:(33,2,20,39,11,11,0) [ 15.879 ]
49:(33,2,19,38,12,12,0) [ 15.331 ]
50:(33,2,18,37,13,13,0) [ 14.805 ]
51:(33,2,19,37,13,13,0) [ 15.222000000000001 ]
52:(32,2,20,37,13,13,0) [ 15.5546 ]
53:(31,2,20,37,13,13,0) [ 15.470199999999998 ]
54:(31,2,21,37,13,13,0) [ 15.8872 ]
55:(31,2,22,37,13,13,0) [ 16.3042 ]
56:(31,2,23,37,13,13,0) [ 16.721200000000003 ]
57:(30,2,24,37,13,13,0) [ 17.053800000000003 ]
58:(30,2,23,36,14,14,0) [ 16.4838 ]
59:(30,2,22,35,15,15,0) [ 15.9358 ]
60:(30,2,21,34,16,16,0) [ 15.409799999999999 ]
61:(30,2,20,33,17,17,0) [ 14.9058 ]
62:(30,2,21,33,17,17,0) [ 15.2788 ]
63:(29,2,22,33,17,17,0) [ 15.5674 ]
64:(29,2,21,32,18,18,0) [ 15.063400000000001 ]
65:(30,2,20,32,18,18,0) [ 14.785800000000002 ]
66:(30,2,20,32,17,18,1) [ 18914.6858 ]
67:(29,2,21,32,17,18,1) [ 18914.9634 ]
68:(28,2,22,32,17,18,1) [ 18915.241 ]
69:(28,2,21,31,18,19,1) [ 19964.748 ]
70:(28,2,20,30,19,20,1) [ 21014.277000000002 ]
71:(28,2,21,30,19,20,1) [ 21014.617000000002 ]
72:(28,2,20,29,20,21,1) [ 22064.157 ]
73:(27,2,21,29,20,21,1) [ 22064.4016 ]
74:(27,2,22,29,20,21,1) [ 22064.7306 ]
75:(28,2,22,29,20,21,1) [ 22064.815 ]
76:(27,2,23,29,20,21,1) [ 22065.0596 ]
77:(27,2,22,28,21,22,1) [ 23114.5886 ]
78:(27,2,23,28,21,22,1) [ 23114.9066 ]
79:(27,2,22,27,22,23,1) [ 24164.4466 ]
80:(26,2,23,27,22,23,1) [ 24164.6692 ]
81:(26,2,22,26,23,24,1) [ 25214.2202 ]
82:(25,2,23,26,23,24,1) [ 25214.4318 ]
83:(25,2,24,26,23,24,1) [ 25214.7278 ]
84:(24,2,25,26,23,24,1) [ 25214.9394 ]
85:(24,2,26,26,23,24,1) [ 25215.235399999998 ]
86:(23,2,27,26,23,24,1) [ 25215.447 ]
87:(23,2,26,25,24,25,1) [ 26264.965 ]
88:(23,2,25,24,25,26,1) [ 27314.505 ]
89:(22,2,26,24,25,26,1) [ 27314.6946 ]
90:(22,2,25,23,26,27,1) [ 28364.2456 ]
91:(22,2,24,22,27,28,1) [ 29413.818600000002 ]
92:(22,2,25,22,27,28,1) [ 29414.0706 ]
93:(21,2,26,22,27,28,1) [ 29414.2382 ]
94:(21,2,25,21,28,29,1) [ 30463.8112 ]
95:(21,2,26,21,28,29,1) [ 30464.0522 ]
96:(21,2,25,20,29,30,1) [ 31513.6362 ]
97:(21,2,24,19,30,31,1) [ 32563.2422 ]
98:(21,2,23,18,31,32,1) [ 33612.8702 ]
99:(20,2,24,18,31,32,1) [ 33612.9938 ]
100:(20,2,23,17,32,33,1) [ 34662.6328 ]
101:(20,2,22,16,33,34,1) [ 35712.2938 ]
102:(20,2,21,15,34,35,1) [ 36761.976800000004 ]
103:(19,2,22,15,34,35,1) [ 36762.0674 ]
104:(19,2,23,15,34,35,1) [ 36762.2424 ]
105:(19,2,24,15,34,35,1) [ 36762.4174 ]
106:(18,2,25,15,34,35,1) [ 36762.508 ]
107:(18,2,24,14,35,36,1) [ 37812.169 ]
108:(18,2,23,13,36,37,1) [ 38861.852 ]
109:(18,2,24,13,36,37,1) [ 38862.005 ]
110:(17,2,24,13,36,37,1) [ 38861.9206 ]
111:(17,2,23,12,37,38,1) [ 39911.61459999999 ]
112:(17,2,22,11,38,39,1) [ 40961.3306 ]
113:(17,2,21,10,39,40,1) [ 42011.0686 ]
114:(16,2,22,10,39,40,1) [ 42011.1042 ]
115:(16,2,23,10,39,40,1) [ 42011.224200000004 ]
116:(16,2,24,10,39,40,1) [ 42011.3442 ]
117:(17,2,24,10,39,40,1) [ 42011.4286 ]
118:(17,2,25,10,39,40,1) [ 42011.5486 ]
119:(17,2,24,9,40,41,1) [ 43061.2646 ]
120:(17,2,24,9,39,41,2) [ 86111.16459999999 ]
121:(17,2,23,9,40,41,1) [ 43061.1556 ]
122:(16,2,24,9,40,41,1) [ 43061.1802 ]
123:(17,2,22,8,41,42,1) [ 44110.9046 ]
124:(16,2,23,8,41,42,1) [ 44110.9182 ]
125:(16,2,22,7,42,43,1) [ 45160.678199999995 ]
126:(16,2,21,6,43,44,1) [ 46210.4602 ]
127:(16,2,20,5,44,45,1) [ 47260.264200000005 ]
128:(16,2,19,4,45,46,1) [ 48310.0902 ]
129:(16,2,20,4,45,46,1) [ 48310.1442 ]
130:(15,2,21,4,45,46,1) [ 48310.1138 ]
131:(14,2,22,4,45,46,1) [ 48310.0834 ]
132:(14,2,23,4,45,46,1) [ 48310.1374 ]
133:(14,2,24,4,45,46,1) [ 48310.1914 ]
134:(14,2,23,3,46,47,1) [ 49359.9844 ]
135:(14,2,22,2,47,48,1) [ 50409.799399999996 ]
136:(15,2,22,2,47,48,1) [ 50409.883799999996 ]
137:(13,2,22,2,47,48,1) [ 50409.715 ]
138:(13,2,23,2,47,48,1) [ 50409.746999999996 ]
139:(14,2,23,2,47,48,1) [ 50409.831399999995 ]
140:(15,2,23,3,46,47,1) [ 49360.0688 ]
141:(13,2,23,3,46,47,1) [ 49359.9 ]
142:(13,2,24,3,46,47,1) [ 49359.943 ]
143:(14,2,24,3,46,47,1) [ 49360.0274 ]
144:(15,2,24,4,45,46,1) [ 48310.2758 ]
145:(13,2,24,4,45,46,1) [ 48310.107 ]
146:(13,2,25,4,45,46,1) [ 48310.161 ]
147:(14,2,25,4,45,46,1) [ 48310.2454 ]
148:(15,2,23,4,45,46,1) [ 48310.2218 ]
149:(13,2,23,4,45,46,1) [ 48310.053 ]
150:(15,2,22,4,45,46,1) [ 48310.1678 ]
151:(13,2,22,4,45,46,1) [ 48309.999 ]
152:(16,2,21,4,45,46,1) [ 48310.1982 ]
153:(14,2,21,4,45,46,1) [ 48310.0294 ]
154:(17,2,20,4,45,46,1) [ 48310.2286 ]
155:(15,2,20,4,45,46,1) [ 48310.0598 ]
156:(17,2,19,4,45,46,1) [ 48310.1746 ]
157:(15,2,19,4,45,46,1) [ 48310.0058 ]
158:(17,2,20,5,44,45,1) [ 47260.348600000005 ]
159:(15,2,20,5,44,45,1) [ 47260.1798 ]
160:(15,2,21,5,44,45,1) [ 47260.2448 ]
161:(16,2,21,5,44,45,1) [ 47260.3292 ]
162:(17,2,21,6,43,44,1) [ 46210.5446 ]
163:(15,2,21,6,43,44,1) [ 46210.3758 ]
164:(15,2,22,6,43,44,1) [ 46210.4518 ]
165:(16,2,22,6,43,44,1) [ 46210.5362 ]
166:(17,2,22,7,42,43,1) [ 45160.762599999995 ]
167:(15,2,22,7,42,43,1) [ 45160.593799999995 ]
168:(15,2,23,7,42,43,1) [ 45160.680799999995 ]
169:(16,2,23,7,42,43,1) [ 45160.765199999994 ]
170:(17,2,23,8,41,42,1) [ 44111.0026 ]
171:(15,2,23,8,41,42,1) [ 44110.8338 ]
172:(15,2,24,8,41,42,1) [ 44110.9318 ]
173:(16,2,24,8,41,42,1) [ 44111.0162 ]
174:(18,2,22,8,41,42,1) [ 44110.989 ]
175:(16,2,22,8,41,42,1) [ 44110.8202 ]
176:(18,2,23,9,40,41,1) [ 43061.24 ]
177:(16,2,23,9,40,41,1) [ 43061.0712 ]
178:(15,2,24,9,40,41,1) [ 43061.0958 ]
179:(15,2,25,9,40,41,1) [ 43061.2048 ]
180:(16,2,25,9,40,41,1) [ 43061.2892 ]
181:(18,2,24,10,39,40,1) [ 42011.513 ]
182:(16,2,25,10,39,40,1) [ 42011.4642 ]
183:(18,2,24,9,39,41,2) [ 86111.249 ]
184:(16,2,24,9,39,41,2) [ 86111.0802 ]
185:(16,2,25,9,39,41,2) [ 86111.1892 ]
186:(17,2,25,9,39,41,2) [ 86111.2736 ]
187:(18,2,24,9,40,41,1) [ 43061.349 ]
188:(17,2,25,9,40,41,1) [ 43061.3736 ]
189:(18,2,25,10,39,40,1) [ 42011.633 ]
190:(16,2,26,10,39,40,1) [ 42011.584200000005 ]
191:(17,2,26,10,39,40,1) [ 42011.668600000005 ]
192:(15,2,24,10,39,40,1) [ 42011.2598 ]
193:(15,2,25,10,39,40,1) [ 42011.3798 ]
194:(17,2,23,10,39,40,1) [ 42011.308600000004 ]
195:(15,2,23,10,39,40,1) [ 42011.139800000004 ]
196:(17,2,22,10,39,40,1) [ 42011.1886 ]
197:(15,2,22,10,39,40,1) [ 42011.0198 ]
198:(18,2,21,10,39,40,1) [ 42011.153 ]
199:(16,2,21,10,39,40,1) [ 42010.9842 ]
200:(18,2,22,11,38,39,1) [ 40961.415 ]
201:(16,2,22,11,38,39,1) [ 40961.2462 ]
202:(16,2,23,11,38,39,1) [ 40961.3772 ]
203:(17,2,23,11,38,39,1) [ 40961.4616 ]
204:(18,2,23,12,37,38,1) [ 39911.699 ]
205:(16,2,23,12,37,38,1) [ 39911.530199999994 ]
206:(16,2,24,12,37,38,1) [ 39911.67219999999 ]
207:(17,2,24,12,37,38,1) [ 39911.7566 ]
208:(16,2,24,13,36,37,1) [ 38861.8362 ]
209:(16,2,25,13,36,37,1) [ 38861.989199999996 ]
210:(17,2,25,13,36,37,1) [ 38862.073599999996 ]
211:(19,2,24,13,36,37,1) [ 38862.0894 ]
212:(18,2,25,13,36,37,1) [ 38862.157999999996 ]
213:(19,2,23,13,36,37,1) [ 38861.9364 ]
214:(17,2,23,13,36,37,1) [ 38861.7676 ]
215:(19,2,24,14,35,36,1) [ 37812.2534 ]
216:(17,2,24,14,35,36,1) [ 37812.0846 ]
217:(17,2,25,14,35,36,1) [ 37812.2486 ]
218:(18,2,25,14,35,36,1) [ 37812.333 ]
219:(19,2,25,15,34,35,1) [ 36762.5924 ]
220:(17,2,25,15,34,35,1) [ 36762.4236 ]
221:(17,2,26,15,34,35,1) [ 36762.598600000005 ]
222:(18,2,26,15,34,35,1) [ 36762.683000000005 ]
223:(20,2,24,15,34,35,1) [ 36762.5018 ]
224:(18,2,24,15,34,35,1) [ 36762.333 ]
225:(20,2,23,15,34,35,1) [ 36762.3268 ]
226:(18,2,23,15,34,35,1) [ 36762.158 ]
227:(20,2,22,15,34,35,1) [ 36762.1518 ]
228:(18,2,22,15,34,35,1) [ 36761.983 ]
229:(21,2,21,15,34,35,1) [ 36762.061200000004 ]
230:(19,2,21,15,34,35,1) [ 36761.892400000004 ]
231:(21,2,22,16,33,34,1) [ 35712.37820000001 ]
232:(19,2,22,16,33,34,1) [ 35712.2094 ]
233:(19,2,23,16,33,34,1) [ 35712.3954 ]
234:(20,2,23,16,33,34,1) [ 35712.4798 ]
235:(21,2,23,17,32,33,1) [ 34662.7172 ]
236:(19,2,23,17,32,33,1) [ 34662.5484 ]
237:(19,2,24,17,32,33,1) [ 34662.7454 ]
238:(20,2,24,17,32,33,1) [ 34662.8298 ]
239:(21,2,24,18,31,32,1) [ 33613.078199999996 ]
240:(19,2,24,18,31,32,1) [ 33612.9094 ]
241:(19,2,25,18,31,32,1) [ 33613.117399999996 ]
242:(20,2,25,18,31,32,1) [ 33613.201799999995 ]
243:(22,2,23,18,31,32,1) [ 33612.9546 ]
244:(20,2,23,18,31,32,1) [ 33612.7858 ]
245:(22,2,24,19,30,31,1) [ 32563.3266 ]
246:(20,2,24,19,30,31,1) [ 32563.1578 ]
247:(20,2,25,19,30,31,1) [ 32563.3768 ]
248:(21,2,25,19,30,31,1) [ 32563.4612 ]
249:(22,2,25,20,29,30,1) [ 31513.7206 ]
250:(20,2,25,20,29,30,1) [ 31513.5518 ]
251:(20,2,26,20,29,30,1) [ 31513.7818 ]
252:(21,2,26,20,29,30,1) [ 31513.8662 ]
253:(22,2,26,21,28,29,1) [ 30464.136599999998 ]
254:(20,2,26,21,28,29,1) [ 30463.9678 ]
255:(20,2,27,21,28,29,1) [ 30464.2088 ]
256:(21,2,27,21,28,29,1) [ 30464.2932 ]
257:(22,2,25,21,28,29,1) [ 30463.8956 ]
258:(20,2,25,21,28,29,1) [ 30463.7268 ]
259:(22,2,26,22,27,28,1) [ 29414.3226 ]
260:(20,2,26,22,27,28,1) [ 29414.1538 ]
261:(20,2,27,22,27,28,1) [ 29414.4058 ]
262:(21,2,27,22,27,28,1) [ 29414.4902 ]
263:(23,2,25,22,27,28,1) [ 29414.155000000002 ]
264:(21,2,25,22,27,28,1) [ 29413.9862 ]
265:(23,2,24,22,27,28,1) [ 29413.903000000002 ]
266:(21,2,24,22,27,28,1) [ 29413.7342 ]
267:(23,2,25,23,26,27,1) [ 28364.329999999998 ]
268:(21,2,25,23,26,27,1) [ 28364.1612 ]
269:(21,2,26,23,26,27,1) [ 28364.424199999998 ]
270:(22,2,26,23,26,27,1) [ 28364.508599999997 ]
271:(23,2,26,24,25,26,1) [ 27314.779 ]
272:(21,2,26,24,25,26,1) [ 27314.6102 ]
273:(21,2,27,24,25,26,1) [ 27314.8842 ]
274:(22,2,27,24,25,26,1) [ 27314.9686 ]
275:(24,2,25,24,25,26,1) [ 27314.5894 ]
276:(22,2,25,24,25,26,1) [ 27314.4206 ]
277:(24,2,26,25,24,25,1) [ 26265.0494 ]
278:(22,2,26,25,24,25,1) [ 26264.8806 ]
279:(22,2,27,25,24,25,1) [ 26265.1656 ]
280:(23,2,27,25,24,25,1) [ 26265.25 ]
281:(24,2,27,26,23,24,1) [ 25215.5314 ]
282:(22,2,27,26,23,24,1) [ 25215.3626 ]
283:(22,2,28,26,23,24,1) [ 25215.6586 ]
284:(23,2,28,26,23,24,1) [ 25215.743 ]
285:(25,2,26,26,23,24,1) [ 25215.319799999997 ]
286:(23,2,26,26,23,24,1) [ 25215.150999999998 ]
287:(25,2,25,26,23,24,1) [ 25215.0238 ]
288:(23,2,25,26,23,24,1) [ 25214.855 ]
289:(26,2,24,26,23,24,1) [ 25214.8122 ]
290:(24,2,24,26,23,24,1) [ 25214.6434 ]
291:(26,2,23,26,23,24,1) [ 25214.5162 ]
292:(24,2,23,26,23,24,1) [ 25214.3474 ]
293:(27,2,22,26,23,24,1) [ 25214.3046 ]
294:(25,2,22,26,23,24,1) [ 25214.1358 ]
295:(27,2,23,27,22,23,1) [ 24164.7536 ]
296:(25,2,23,27,22,23,1) [ 24164.5848 ]
297:(25,2,24,27,22,23,1) [ 24164.8918 ]
298:(26,2,24,27,22,23,1) [ 24164.9762 ]
299:(28,2,22,27,22,23,1) [ 24164.531 ]
300:(26,2,22,27,22,23,1) [ 24164.3622 ]
301:(28,2,23,28,21,22,1) [ 23114.990999999998 ]
302:(26,2,23,28,21,22,1) [ 23114.8222 ]
303:(26,2,24,28,21,22,1) [ 23115.140199999998 ]
304:(27,2,24,28,21,22,1) [ 23115.224599999998 ]
305:(28,2,22,28,21,22,1) [ 23114.673 ]
306:(26,2,22,28,21,22,1) [ 23114.5042 ]
307:(28,2,23,29,20,21,1) [ 22065.144 ]
308:(26,2,23,29,20,21,1) [ 22064.9752 ]
309:(26,2,24,29,20,21,1) [ 22065.3042 ]
310:(27,2,24,29,20,21,1) [ 22065.3886 ]
311:(29,2,22,29,20,21,1) [ 22064.8994 ]
312:(26,2,22,29,20,21,1) [ 22064.6462 ]
313:(28,2,21,29,20,21,1) [ 22064.486 ]
314:(26,2,21,29,20,21,1) [ 22064.3172 ]
315:(29,2,20,29,20,21,1) [ 22064.2414 ]
316:(27,2,20,29,20,21,1) [ 22064.0726 ]
317:(29,2,21,30,19,20,1) [ 21014.7014 ]
318:(27,2,21,30,19,20,1) [ 21014.532600000002 ]
319:(27,2,22,30,19,20,1) [ 21014.872600000002 ]
320:(28,2,22,30,19,20,1) [ 21014.957000000002 ]
321:(29,2,20,30,19,20,1) [ 21014.3614 ]
322:(27,2,20,30,19,20,1) [ 21014.192600000002 ]
323:(29,2,21,31,18,19,1) [ 19964.8324 ]
324:(27,2,21,31,18,19,1) [ 19964.6636 ]
325:(27,2,22,31,18,19,1) [ 19965.0146 ]
326:(28,2,22,31,18,19,1) [ 19965.099 ]
327:(29,2,22,32,17,18,1) [ 18915.3254 ]
328:(27,2,22,32,17,18,1) [ 18915.156600000002 ]
329:(27,2,23,32,17,18,1) [ 18915.5186 ]
330:(28,2,23,32,17,18,1) [ 18915.603 ]
331:(30,2,21,32,17,18,1) [ 18915.0478 ]
332:(28,2,21,32,17,18,1) [ 18914.879 ]
333:(31,2,20,32,17,18,1) [ 18914.7702 ]
334:(29,2,20,32,17,18,1) [ 18914.6014 ]
335:(31,2,20,32,18,18,0) [ 14.8702 ]
336:(29,2,20,32,18,18,0) [ 14.7014 ]
337:(30,2,21,32,18,18,0) [ 15.1478 ]
338:(28,2,21,32,18,18,0) [ 14.979 ]
339:(28,2,22,32,18,18,0) [ 15.341000000000001 ]
340:(29,2,22,32,18,18,0) [ 15.4254 ]
341:(30,2,22,33,17,17,0) [ 15.651799999999998 ]
342:(28,2,22,33,17,17,0) [ 15.483 ]
343:(28,2,23,33,17,17,0) [ 15.856000000000002 ]
344:(29,2,23,33,17,17,0) [ 15.9404 ]
345:(31,2,21,33,17,17,0) [ 15.363199999999999 ]
346:(29,2,21,33,17,17,0) [ 15.194399999999998 ]
347:(31,2,20,33,17,17,0) [ 14.990199999999998 ]
348:(29,2,20,33,17,17,0) [ 14.821399999999997 ]
349:(31,2,21,34,16,16,0) [ 15.494199999999998 ]
350:(29,2,21,34,16,16,0) [ 15.3254 ]
351:(29,2,22,34,16,16,0) [ 15.7094 ]
352:(30,2,22,34,16,16,0) [ 15.7938 ]
353:(31,2,22,35,15,15,0) [ 16.0202 ]
354:(29,2,22,35,15,15,0) [ 15.851399999999998 ]
355:(29,2,23,35,15,15,0) [ 16.2464 ]
356:(30,2,23,35,15,15,0) [ 16.3308 ]
357:(31,2,23,36,14,14,0) [ 16.5682 ]
358:(29,2,23,36,14,14,0) [ 16.3994 ]
359:(29,2,24,36,14,14,0) [ 16.8054 ]
360:(30,2,24,36,14,14,0) [ 16.8898 ]
361:(31,2,24,37,13,13,0) [ 17.1382 ]
362:(29,2,24,37,13,13,0) [ 16.9694 ]
363:(29,2,25,37,13,13,0) [ 17.3864 ]
364:(30,2,25,37,13,13,0) [ 17.4708 ]
365:(32,2,23,37,13,13,0) [ 16.805600000000002 ]
366:(30,2,23,37,13,13,0) [ 16.6368 ]
367:(32,2,22,37,13,13,0) [ 16.3886 ]
368:(30,2,22,37,13,13,0) [ 16.219800000000003 ]
369:(32,2,21,37,13,13,0) [ 15.971599999999999 ]
370:(30,2,21,37,13,13,0) [ 15.802800000000001 ]
371:(30,2,20,37,13,13,0) [ 15.3858 ]
372:(33,2,20,37,13,13,0) [ 15.639 ]
373:(34,2,19,37,13,13,0) [ 15.3064 ]
374:(32,2,19,37,13,13,0) [ 15.137599999999999 ]
375:(34,2,18,37,13,13,0) [ 14.889400000000002 ]
376:(32,2,18,37,13,13,0) [ 14.720600000000001 ]
377:(34,2,19,38,12,12,0) [ 15.415399999999998 ]
378:(32,2,19,38,12,12,0) [ 15.246599999999997 ]
379:(32,2,20,38,12,12,0) [ 15.674599999999998 ]
380:(33,2,20,38,12,12,0) [ 15.759 ]
381:(34,2,20,39,11,11,0) [ 15.963399999999998 ]
382:(32,2,20,39,11,11,0) [ 15.794599999999997 ]
383:(32,2,21,39,11,11,0) [ 16.2336 ]
384:(33,2,21,39,11,11,0) [ 16.318 ]
385:(35,2,19,39,11,11,0) [ 15.6088 ]
386:(33,2,19,39,11,11,0) [ 15.44 ]
387:(35,2,18,39,11,11,0) [ 15.1698 ]
388:(33,2,18,39,11,11,0) [ 15.001 ]
389:(35,2,17,39,11,11,0) [ 14.7308 ]
390:(33,2,17,39,11,11,0) [ 14.562 ]
391:(35,2,18,40,10,10,0) [ 15.267800000000001 ]
392:(33,2,18,40,10,10,0) [ 15.099 ]
393:(33,2,19,40,10,10,0) [ 15.549 ]
394:(34,2,19,40,10,10,0) [ 15.633399999999998 ]
395:(35,2,17,40,10,10,0) [ 14.817800000000002 ]
396:(33,2,17,40,10,10,0) [ 14.649000000000001 ]
397:(36,2,16,40,10,10,0) [ 14.452200000000001 ]
398:(34,2,16,40,10,10,0) [ 14.2834 ]
399:(36,2,17,41,9,9,0) [ 14.989200000000002 ]
400:(34,2,17,41,9,9,0) [ 14.820400000000001 ]
401:(34,2,18,41,9,9,0) [ 15.2814 ]
402:(35,2,18,41,9,9,0) [ 15.365799999999998 ]
403:(37,2,16,41,9,9,0) [ 14.612599999999999 ]
404:(35,2,16,41,9,9,0) [ 14.443800000000001 ]
405:(37,2,17,42,8,8,0) [ 15.160600000000002 ]
406:(35,2,17,42,8,8,0) [ 14.991800000000001 ]
407:(35,2,18,42,8,8,0) [ 15.463799999999999 ]
408:(36,2,18,42,8,8,0) [ 15.548200000000001 ]
409:(38,2,16,42,8,8,0) [ 14.773 ]
410:(36,2,16,42,8,8,0) [ 14.604200000000002 ]
411:(38,2,17,43,7,7,0) [ 15.332 ]
412:(36,2,17,43,7,7,0) [ 15.1632 ]
413:(36,2,18,43,7,7,0) [ 15.6462 ]
414:(37,2,18,43,7,7,0) [ 15.730599999999999 ]
415:(38,2,16,43,7,7,0) [ 14.849 ]
416:(36,2,16,43,7,7,0) [ 14.6802 ]
417:(39,2,15,43,7,7,0) [ 14.450399999999998 ]
418:(37,2,15,43,7,7,0) [ 14.281599999999997 ]
419:(39,2,14,43,7,7,0) [ 13.967400000000001 ]
420:(37,2,14,43,7,7,0) [ 13.7986 ]
421:(40,2,13,43,7,7,0) [ 13.5688 ]
422:(38,2,13,43,7,7,0) [ 13.399999999999999 ]
423:(40,2,14,44,6,6,0) [ 14.1058 ]
424:(38,2,14,44,6,6,0) [ 13.937 ]
425:(38,2,15,44,6,6,0) [ 14.431 ]
426:(39,2,15,44,6,6,0) [ 14.515399999999998 ]
427:(40,2,13,44,6,6,0) [ 13.6118 ]
428:(38,2,13,44,6,6,0) [ 13.443 ]
429:(40,2,14,45,5,5,0) [ 14.1598 ]
430:(38,2,14,45,5,5,0) [ 13.991 ]
431:(38,2,15,45,5,5,0) [ 14.495999999999999 ]
432:(39,2,15,45,5,5,0) [ 14.580400000000001 ]
433:(40,2,15,46,4,4,0) [ 14.7298 ]
434:(38,2,15,46,4,4,0) [ 14.560999999999998 ]
435:(38,2,16,46,4,4,0) [ 15.077 ]
436:(39,2,16,46,4,4,0) [ 15.161400000000002 ]
437:(41,2,14,46,4,4,0) [ 14.2982 ]
438:(39,2,14,46,4,4,0) [ 14.129400000000002 ]
439:(41,2,15,47,3,3,0) [ 14.8792 ]
440:(39,2,15,47,3,3,0) [ 14.7104 ]
441:(39,2,16,47,3,3,0) [ 15.237400000000001 ]
442:(40,2,16,47,3,3,0) [ 15.321800000000003 ]
443:(41,2,14,47,3,3,0) [ 14.3522 ]
444:(39,2,14,47,3,3,0) [ 14.183400000000002 ]
445:(41,2,13,47,3,3,0) [ 13.825199999999999 ]
446:(39,2,13,47,3,3,0) [ 13.656400000000001 ]
447:(42,2,12,47,3,3,0) [ 13.3826 ]
448:(40,2,12,47,3,3,0) [ 13.213800000000003 ]
449:(42,2,13,48,2,2,0) [ 13.952599999999997 ]
450:(40,2,13,48,2,2,0) [ 13.7838 ]
451:(40,2,14,48,2,2,0) [ 14.3218 ]
452:(41,2,14,48,2,2,0) [ 14.406199999999998 ]
453:(43,2,12,48,2,2,0) [ 13.498999999999999 ]
454:(41,2,12,48,2,2,0) [ 13.330200000000001 ]
455:(43,2,13,49,1,1,0) [ 14.08 ]
456:(41,2,13,49,1,1,0) [ 13.9112 ]
457:(41,2,14,49,1,1,0) [ 14.460200000000002 ]
458:(42,2,14,49,1,1,0) [ 14.5446 ]
459:(43,2,12,49,1,1,0) [ 13.531 ]
460:(41,2,12,49,1,1,0) [ 13.3622 ]
461:(43,2,11,49,1,1,0) [ 12.982000000000001 ]
462:(41,2,11,49,1,1,0) [ 12.8132 ]
463:(43,2,10,49,1,1,0) [ 12.432999999999998 ]
464:(41,2,10,49,1,1,0) [ 12.2642 ]
465:(43,2,9,49,1,1,0) [ 11.883999999999999 ]
466:(41,2,9,49,1,1,0) [ 11.715200000000001 ]
467:(44,2,8,49,1,1,0) [ 11.419399999999998 ]
468:(42,2,8,49,1,1,0) [ 11.2506 ]
469:(44,2,7,49,1,1,0) [ 10.870399999999998 ]
470:(42,2,7,49,1,1,0) [ 10.701600000000001 ]
471:(45,2,6,49,1,1,0) [ 10.405800000000001 ]
472:(43,2,6,49,1,1,0) [ 10.237 ]
473:(46,2,5,49,1,1,0) [ 9.9412 ]
474:(44,2,5,49,1,1,0) [ 9.7724 ]
475:(46,2,4,49,1,1,0) [ 9.3922 ]
476:(44,2,4,49,1,1,0) [ 9.2234 ]
477:(46,2,5,50,0,0,0) [ 9.8962 ]
478:(44,2,5,50,0,0,0) [ 9.7274 ]
479:(44,2,6,50,0,0,0) [ 10.287400000000002 ]
480:(45,2,6,50,0,0,0) [ 10.3718 ]
481:(46,2,5,49,0,1,1) [ 1059.8412 ]
482:(44,2,5,49,0,1,1) [ 1059.6724 ]
483:(44,2,6,49,0,1,1) [ 1060.2214 ]
484:(45,2,6,49,0,1,1) [ 1060.3058 ]
485:(47,2,4,49,0,1,1) [ 1059.3766 ]
486:(45,2,4,49,0,1,1) [ 1059.2078 ]
487:(48,2,3,49,0,1,1) [ 1058.912 ]
488:(46,2,3,49,0,1,1) [ 1058.7432 ]
489:(48,2,2,49,0,1,1) [ 1058.363 ]
490:(46,2,2,49,0,1,1) [ 1058.1942 ]
491:(48,2,2,49,1,1,0) [ 8.463 ]
492:(46,2,2,49,1,1,0) [ 8.2942 ]
493:(46,2,3,49,1,1,0) [ 8.843200000000001 ]
494:(47,2,3,49,1,1,0) [ 8.9276 ]
495:(47,2,1,49,1,1,0) [ 7.8296 ]
496:(50,2,1,49,1,1,0) [ 8.082799999999999 ]
497:(49,2,2,49,1,1,0) [ 8.547399999999998 ]
498:(51,2,0,49,1,1,0) [ 7.618200000000001 ]
499:(48,2,0,49,1,1,0) [ 7.364999999999999 ]
500:(50,2,1,50,0,0,0) [ 7.993799999999999 ]
501:(48,2,1,50,0,0,0) [ 7.824999999999999 ]
502:(48,2,2,50,0,0,0) [ 8.384999999999998 ]
503:(49,2,2,50,0,0,0) [ 8.4694 ]
504:(51,2,0,50,0,0,0) [ 7.518200000000001 ]
505:(49,2,0,50,0,0,0) [ 7.3494 ]
506:(16,2,22,2,47,48,1) [ 50409.968199999996 ]
507:(15,2,23,2,47,48,1) [ 50409.915799999995 ]
508:(16,2,23,3,46,47,1) [ 49360.1532 ]
509:(15,2,24,3,46,47,1) [ 49360.1118 ]
510:(16,2,24,4,45,46,1) [ 48310.3602 ]
511:(15,2,25,4,45,46,1) [ 48310.3298 ]
512:(16,2,23,4,45,46,1) [ 48310.3062 ]
513:(16,2,22,4,45,46,1) [ 48310.2522 ]
514:(17,2,21,4,45,46,1) [ 48310.2826 ]
515:(18,2,20,4,45,46,1) [ 48310.313 ]
516:(18,2,19,4,45,46,1) [ 48310.259 ]
517:(18,2,20,5,44,45,1) [ 47260.433000000005 ]
518:(17,2,21,5,44,45,1) [ 47260.4136 ]
519:(18,2,21,6,43,44,1) [ 46210.629 ]
520:(17,2,22,6,43,44,1) [ 46210.6206 ]
521:(18,2,22,7,42,43,1) [ 45160.846999999994 ]
522:(17,2,23,7,42,43,1) [ 45160.849599999994 ]
523:(18,2,23,8,41,42,1) [ 44111.087 ]
524:(17,2,24,8,41,42,1) [ 44111.1006 ]
525:(19,2,22,8,41,42,1) [ 44111.0734 ]
526:(19,2,23,9,40,41,1) [ 43061.3244 ]
527:(19,2,24,10,39,40,1) [ 42011.5974 ]
528:(19,2,24,9,39,41,2) [ 86111.33339999999 ]
529:(18,2,25,9,39,41,2) [ 86111.358 ]
530:(19,2,24,9,40,41,1) [ 43061.4334 ]
531:(18,2,25,9,40,41,1) [ 43061.458 ]
532:(19,2,25,10,39,40,1) [ 42011.7174 ]
533:(18,2,26,10,39,40,1) [ 42011.753000000004 ]
534:(18,2,23,10,39,40,1) [ 42011.393000000004 ]
535:(18,2,22,10,39,40,1) [ 42011.273 ]
536:(19,2,21,10,39,40,1) [ 42011.2374 ]
537:(19,2,22,11,38,39,1) [ 40961.4994 ]
538:(18,2,23,11,38,39,1) [ 40961.546 ]
539:(19,2,23,12,37,38,1) [ 39911.7834 ]
540:(18,2,24,12,37,38,1) [ 39911.841 ]
541:(20,2,24,13,36,37,1) [ 38862.1738 ]
542:(19,2,25,13,36,37,1) [ 38862.242399999996 ]
543:(20,2,23,13,36,37,1) [ 38862.0208 ]
544:(20,2,24,14,35,36,1) [ 37812.3378 ]
545:(19,2,25,14,35,36,1) [ 37812.4174 ]
546:(20,2,25,15,34,35,1) [ 36762.6768 ]
547:(19,2,26,15,34,35,1) [ 36762.767400000004 ]
548:(21,2,24,15,34,35,1) [ 36762.5862 ]
549:(21,2,23,15,34,35,1) [ 36762.4112 ]
550:(21,2,22,15,34,35,1) [ 36762.2362 ]
551:(22,2,21,15,34,35,1) [ 36762.1456 ]
552:(22,2,22,16,33,34,1) [ 35712.462600000006 ]
553:(21,2,23,16,33,34,1) [ 35712.5642 ]
554:(22,2,23,17,32,33,1) [ 34662.8016 ]
555:(21,2,24,17,32,33,1) [ 34662.9142 ]
556:(22,2,24,18,31,32,1) [ 33613.162599999996 ]
557:(21,2,25,18,31,32,1) [ 33613.286199999995 ]
558:(23,2,23,18,31,32,1) [ 33613.039 ]
559:(23,2,24,19,30,31,1) [ 32563.411 ]
560:(22,2,25,19,30,31,1) [ 32563.5456 ]
561:(23,2,25,20,29,30,1) [ 31513.805 ]
562:(22,2,26,20,29,30,1) [ 31513.9506 ]
563:(23,2,26,21,28,29,1) [ 30464.220999999998 ]
564:(22,2,27,21,28,29,1) [ 30464.3776 ]
565:(23,2,25,21,28,29,1) [ 30463.98 ]
566:(23,2,26,22,27,28,1) [ 29414.407 ]
567:(22,2,27,22,27,28,1) [ 29414.5746 ]
568:(24,2,25,22,27,28,1) [ 29414.239400000002 ]
569:(24,2,24,22,27,28,1) [ 29413.9874 ]
570:(24,2,25,23,26,27,1) [ 28364.414399999998 ]
571:(23,2,26,23,26,27,1) [ 28364.592999999997 ]
572:(24,2,26,24,25,26,1) [ 27314.8634 ]
573:(23,2,27,24,25,26,1) [ 27315.053 ]
574:(25,2,25,24,25,26,1) [ 27314.6738 ]
575:(25,2,26,25,24,25,1) [ 26265.133800000003 ]
576:(24,2,27,25,24,25,1) [ 26265.3344 ]
577:(25,2,27,26,23,24,1) [ 25215.6158 ]
578:(24,2,28,26,23,24,1) [ 25215.8274 ]
579:(26,2,26,26,23,24,1) [ 25215.4042 ]
580:(26,2,25,26,23,24,1) [ 25215.1082 ]
581:(27,2,24,26,23,24,1) [ 25214.8966 ]
582:(27,2,23,26,23,24,1) [ 25214.600599999998 ]
583:(28,2,22,26,23,24,1) [ 25214.389 ]
584:(28,2,23,27,22,23,1) [ 24164.838 ]
585:(27,2,24,27,22,23,1) [ 24165.0606 ]
586:(29,2,22,27,22,23,1) [ 24164.615400000002 ]
587:(29,2,23,28,21,22,1) [ 23115.075399999998 ]
588:(28,2,24,28,21,22,1) [ 23115.308999999997 ]
589:(29,2,22,28,21,22,1) [ 23114.7574 ]
590:(29,2,23,29,20,21,1) [ 22065.2284 ]
591:(28,2,24,29,20,21,1) [ 22065.473 ]
592:(30,2,22,29,20,21,1) [ 22064.9838 ]
593:(29,2,21,29,20,21,1) [ 22064.5704 ]
594:(30,2,20,29,20,21,1) [ 22064.3258 ]
595:(30,2,21,30,19,20,1) [ 21014.7858 ]
596:(29,2,22,30,19,20,1) [ 21015.041400000002 ]
597:(30,2,20,30,19,20,1) [ 21014.4458 ]
598:(30,2,21,31,18,19,1) [ 19964.9168 ]
599:(29,2,22,31,18,19,1) [ 19965.183399999998 ]
600:(30,2,22,32,17,18,1) [ 18915.4098 ]
601:(29,2,23,32,17,18,1) [ 18915.687400000003 ]
602:(31,2,21,32,17,18,1) [ 18915.1322 ]
603:(32,2,20,32,17,18,1) [ 18914.854600000002 ]
604:(32,2,20,32,18,18,0) [ 14.9546 ]
605:(31,2,21,32,18,18,0) [ 15.232199999999999 ]
606:(30,2,22,32,18,18,0) [ 15.509800000000002 ]
607:(31,2,22,33,17,17,0) [ 15.7362 ]
608:(30,2,23,33,17,17,0) [ 16.0248 ]
609:(32,2,21,33,17,17,0) [ 15.447599999999998 ]
610:(32,2,20,33,17,17,0) [ 15.0746 ]
611:(32,2,21,34,16,16,0) [ 15.5786 ]
612:(31,2,22,34,16,16,0) [ 15.878200000000001 ]
613:(32,2,22,35,15,15,0) [ 16.104599999999998 ]
614:(31,2,23,35,15,15,0) [ 16.415200000000002 ]
615:(32,2,23,36,14,14,0) [ 16.6526 ]
616:(31,2,24,36,14,14,0) [ 16.9742 ]
617:(32,2,24,37,13,13,0) [ 17.222600000000003 ]
618:(31,2,25,37,13,13,0) [ 17.5552 ]
619:(33,2,23,37,13,13,0) [ 16.89 ]
620:(33,2,22,37,13,13,0) [ 16.473000000000003 ]
621:(33,2,21,37,13,13,0) [ 16.056 ]
622:(34,2,20,37,13,13,0) [ 15.723400000000002 ]
623:(35,2,19,37,13,13,0) [ 15.390800000000002 ]
624:(35,2,18,37,13,13,0) [ 14.9738 ]
625:(35,2,19,38,12,12,0) [ 15.4998 ]
626:(34,2,20,38,12,12,0) [ 15.843399999999999 ]
627:(35,2,20,39,11,11,0) [ 16.0478 ]
628:(34,2,21,39,11,11,0) [ 16.4024 ]
629:(36,2,19,39,11,11,0) [ 15.6932 ]
630:(36,2,18,39,11,11,0) [ 15.254199999999999 ]
631:(36,2,17,39,11,11,0) [ 14.815199999999999 ]
632:(36,2,18,40,10,10,0) [ 15.3522 ]
633:(35,2,19,40,10,10,0) [ 15.7178 ]
634:(36,2,17,40,10,10,0) [ 14.9022 ]
635:(37,2,16,40,10,10,0) [ 14.5366 ]
636:(37,2,17,41,9,9,0) [ 15.0736 ]
637:(36,2,18,41,9,9,0) [ 15.4502 ]
638:(38,2,16,41,9,9,0) [ 14.697000000000001 ]
639:(38,2,17,42,8,8,0) [ 15.245000000000001 ]
640:(37,2,18,42,8,8,0) [ 15.6326 ]
641:(39,2,16,42,8,8,0) [ 14.857400000000002 ]
642:(39,2,17,43,7,7,0) [ 15.4164 ]
643:(38,2,18,43,7,7,0) [ 15.814999999999998 ]
644:(39,2,16,43,7,7,0) [ 14.933399999999999 ]
645:(40,2,15,43,7,7,0) [ 14.534799999999997 ]
646:(40,2,14,43,7,7,0) [ 14.0518 ]
647:(41,2,13,43,7,7,0) [ 13.653199999999998 ]
648:(41,2,14,44,6,6,0) [ 14.190199999999999 ]
649:(40,2,15,44,6,6,0) [ 14.5998 ]
650:(41,2,13,44,6,6,0) [ 13.6962 ]
651:(41,2,14,45,5,5,0) [ 14.2442 ]
652:(40,2,15,45,5,5,0) [ 14.6648 ]
653:(41,2,15,46,4,4,0) [ 14.814200000000001 ]
654:(40,2,16,46,4,4,0) [ 15.245800000000001 ]
655:(42,2,14,46,4,4,0) [ 14.382600000000002 ]
656:(42,2,15,47,3,3,0) [ 14.9636 ]
657:(41,2,16,47,3,3,0) [ 15.406200000000002 ]
658:(42,2,14,47,3,3,0) [ 14.436600000000002 ]
659:(42,2,13,47,3,3,0) [ 13.909600000000001 ]
660:(43,2,12,47,3,3,0) [ 13.467000000000002 ]
661:(43,2,13,48,2,2,0) [ 14.036999999999999 ]
662:(42,2,14,48,2,2,0) [ 14.4906 ]
663:(44,2,12,48,2,2,0) [ 13.583400000000001 ]
664:(44,2,13,49,1,1,0) [ 14.164399999999999 ]
665:(43,2,14,49,1,1,0) [ 14.629 ]
666:(44,2,12,49,1,1,0) [ 13.6154 ]
667:(44,2,11,49,1,1,0) [ 13.0664 ]
668:(44,2,10,49,1,1,0) [ 12.5174 ]
669:(44,2,9,49,1,1,0) [ 11.9684 ]
670:(45,2,8,49,1,1,0) [ 11.5038 ]
671:(45,2,7,49,1,1,0) [ 10.9548 ]
672:(46,2,6,49,1,1,0) [ 10.4902 ]
673:(47,2,5,49,1,1,0) [ 10.025599999999999 ]
674:(47,2,4,49,1,1,0) [ 9.4766 ]
675:(47,2,5,50,0,0,0) [ 9.980599999999999 ]
676:(46,2,6,50,0,0,0) [ 10.4562 ]
677:(47,2,5,49,0,1,1) [ 1059.9256 ]
678:(46,2,6,49,0,1,1) [ 1060.3902 ]
679:(48,2,4,49,0,1,1) [ 1059.461 ]
680:(49,2,3,49,0,1,1) [ 1058.9964 ]
681:(49,2,2,49,0,1,1) [ 1058.4474 ]
682:(48,2,3,49,1,1,0) [ 9.011999999999999 ]
683:(51,2,1,49,1,1,0) [ 8.1672 ]
684:(50,2,2,49,1,1,0) [ 8.6318 ]
685:(52,2,0,49,1,1,0) [ 7.7026 ]
686:(51,2,1,50,0,0,0) [ 8.0782 ]
687:(50,2,2,50,0,0,0) [ 8.553799999999999 ]
688:(52,2,0,50,0,0,0) [ 7.602600000000001 ]
689:(15,2,26,10,39,40,1) [ 42011.499800000005 ]
690:(12,2,22,2,47,48,1) [ 50409.6306 ]
691:(12,2,23,2,47,48,1) [ 50409.662599999996 ]
692:(12,2,23,3,46,47,1) [ 49359.8156 ]
693:(12,2,24,3,46,47,1) [ 49359.8586 ]
694:(12,2,24,4,45,46,1) [ 48310.0226 ]
695:(12,2,25,4,45,46,1) [ 48310.0766 ]
696:(12,2,23,4,45,46,1) [ 48309.9686 ]
697:(12,2,22,4,45,46,1) [ 48309.9146 ]
698:(13,2,21,4,45,46,1) [ 48309.945 ]
699:(14,2,20,4,45,46,1) [ 48309.9754 ]
700:(14,2,19,4,45,46,1) [ 48309.9214 ]
701:(14,2,20,5,44,45,1) [ 47260.0954 ]
702:(14,2,21,5,44,45,1) [ 47260.1604 ]
703:(14,2,21,6,43,44,1) [ 46210.2914 ]
704:(14,2,22,6,43,44,1) [ 46210.3674 ]
705:(14,2,22,7,42,43,1) [ 45160.509399999995 ]
706:(14,2,23,7,42,43,1) [ 45160.596399999995 ]
707:(14,2,23,8,41,42,1) [ 44110.7494 ]
708:(14,2,24,8,41,42,1) [ 44110.8474 ]
709:(15,2,22,8,41,42,1) [ 44110.735799999995 ]
710:(15,2,23,9,40,41,1) [ 43060.9868 ]
711:(14,2,24,9,40,41,1) [ 43061.0114 ]
712:(14,2,25,9,40,41,1) [ 43061.1204 ]
713:(15,2,24,9,39,41,2) [ 86110.99579999999 ]
714:(15,2,25,9,39,41,2) [ 86111.1048 ]
715:(14,2,24,10,39,40,1) [ 42011.1754 ]
716:(14,2,25,10,39,40,1) [ 42011.2954 ]
717:(14,2,23,10,39,40,1) [ 42011.055400000005 ]
718:(14,2,22,10,39,40,1) [ 42010.9354 ]
719:(15,2,21,10,39,40,1) [ 42010.8998 ]
720:(15,2,22,11,38,39,1) [ 40961.1618 ]
721:(15,2,23,11,38,39,1) [ 40961.2928 ]
722:(15,2,23,12,37,38,1) [ 39911.445799999994 ]
723:(15,2,24,12,37,38,1) [ 39911.587799999994 ]
724:(15,2,24,13,36,37,1) [ 38861.7518 ]
725:(15,2,25,13,36,37,1) [ 38861.9048 ]
726:(16,2,23,13,36,37,1) [ 38861.6832 ]
727:(16,2,24,14,35,36,1) [ 37812.0002 ]
728:(16,2,25,14,35,36,1) [ 37812.1642 ]
729:(16,2,25,15,34,35,1) [ 36762.3392 ]
730:(16,2,26,15,34,35,1) [ 36762.514200000005 ]
731:(17,2,24,15,34,35,1) [ 36762.2486 ]
732:(17,2,23,15,34,35,1) [ 36762.0736 ]
733:(17,2,22,15,34,35,1) [ 36761.8986 ]
734:(18,2,21,15,34,35,1) [ 36761.808000000005 ]
735:(18,2,22,16,33,34,1) [ 35712.125 ]
736:(18,2,23,16,33,34,1) [ 35712.311 ]
737:(18,2,23,17,32,33,1) [ 34662.464 ]
738:(18,2,24,17,32,33,1) [ 34662.661 ]
739:(18,2,24,18,31,32,1) [ 33612.825 ]
740:(18,2,25,18,31,32,1) [ 33613.032999999996 ]
741:(19,2,23,18,31,32,1) [ 33612.7014 ]
742:(19,2,24,19,30,31,1) [ 32563.0734 ]
743:(19,2,25,19,30,31,1) [ 32563.2924 ]
744:(19,2,25,20,29,30,1) [ 31513.4674 ]
745:(19,2,26,20,29,30,1) [ 31513.6974 ]
746:(19,2,26,21,28,29,1) [ 30463.8834 ]
747:(19,2,27,21,28,29,1) [ 30464.1244 ]
748:(19,2,25,21,28,29,1) [ 30463.6424 ]
749:(19,2,26,22,27,28,1) [ 29414.0694 ]
750:(19,2,27,22,27,28,1) [ 29414.3214 ]
751:(20,2,25,22,27,28,1) [ 29413.9018 ]
752:(20,2,24,22,27,28,1) [ 29413.6498 ]
753:(20,2,25,23,26,27,1) [ 28364.0768 ]
754:(20,2,26,23,26,27,1) [ 28364.339799999998 ]
755:(20,2,26,24,25,26,1) [ 27314.5258 ]
756:(20,2,27,24,25,26,1) [ 27314.7998 ]
757:(21,2,25,24,25,26,1) [ 27314.3362 ]
758:(21,2,26,25,24,25,1) [ 26264.7962 ]
759:(21,2,27,25,24,25,1) [ 26265.0812 ]
760:(21,2,27,26,23,24,1) [ 25215.2782 ]
761:(21,2,28,26,23,24,1) [ 25215.5742 ]
762:(22,2,26,26,23,24,1) [ 25215.0666 ]
763:(22,2,25,26,23,24,1) [ 25214.7706 ]
764:(23,2,24,26,23,24,1) [ 25214.558999999997 ]
765:(23,2,23,26,23,24,1) [ 25214.263 ]
766:(24,2,22,26,23,24,1) [ 25214.0514 ]
767:(24,2,23,27,22,23,1) [ 24164.5004 ]
768:(24,2,24,27,22,23,1) [ 24164.8074 ]
769:(25,2,22,27,22,23,1) [ 24164.2778 ]
770:(25,2,23,28,21,22,1) [ 23114.7378 ]
771:(25,2,24,28,21,22,1) [ 23115.0558 ]
772:(25,2,22,28,21,22,1) [ 23114.4198 ]
773:(25,2,23,29,20,21,1) [ 22064.8908 ]
774:(25,2,24,29,20,21,1) [ 22065.2198 ]
775:(25,2,22,29,20,21,1) [ 22064.5618 ]
776:(25,2,21,29,20,21,1) [ 22064.2328 ]
777:(26,2,20,29,20,21,1) [ 22063.9882 ]
778:(26,2,21,30,19,20,1) [ 21014.448200000003 ]
779:(26,2,22,30,19,20,1) [ 21014.788200000003 ]
780:(26,2,20,30,19,20,1) [ 21014.108200000002 ]
781:(26,2,21,31,18,19,1) [ 19964.5792 ]
782:(26,2,22,31,18,19,1) [ 19964.9302 ]
783:(26,2,22,32,17,18,1) [ 18915.072200000002 ]
784:(26,2,23,32,17,18,1) [ 18915.4342 ]
785:(27,2,21,32,17,18,1) [ 18914.7946 ]
786:(28,2,20,32,17,18,1) [ 18914.517 ]
787:(28,2,20,32,18,18,0) [ 14.617 ]
788:(27,2,21,32,18,18,0) [ 14.8946 ]
789:(27,2,22,32,18,18,0) [ 15.256600000000002 ]
790:(27,2,22,33,17,17,0) [ 15.398599999999998 ]
791:(27,2,23,33,17,17,0) [ 15.7716 ]
792:(28,2,21,33,17,17,0) [ 15.11 ]
793:(28,2,20,33,17,17,0) [ 14.736999999999998 ]
794:(28,2,21,34,16,16,0) [ 15.240999999999998 ]
795:(28,2,22,34,16,16,0) [ 15.625000000000002 ]
796:(28,2,22,35,15,15,0) [ 15.767 ]
797:(28,2,23,35,15,15,0) [ 16.162000000000003 ]
798:(28,2,23,36,14,14,0) [ 16.315 ]
799:(28,2,24,36,14,14,0) [ 16.721 ]
800:(28,2,24,37,13,13,0) [ 16.885 ]
801:(28,2,25,37,13,13,0) [ 17.302 ]
802:(29,2,23,37,13,13,0) [ 16.552400000000002 ]
803:(29,2,22,37,13,13,0) [ 16.1354 ]
804:(29,2,21,37,13,13,0) [ 15.718399999999999 ]
805:(29,2,20,37,13,13,0) [ 15.301400000000001 ]
806:(31,2,19,37,13,13,0) [ 15.0532 ]
807:(31,2,18,37,13,13,0) [ 14.636200000000002 ]
808:(31,2,19,38,12,12,0) [ 15.162199999999999 ]
809:(31,2,20,38,12,12,0) [ 15.5902 ]
810:(31,2,20,39,11,11,0) [ 15.710199999999999 ]
811:(31,2,21,39,11,11,0) [ 16.1492 ]
812:(32,2,19,39,11,11,0) [ 15.3556 ]
813:(32,2,18,39,11,11,0) [ 14.9166 ]
814:(32,2,17,39,11,11,0) [ 14.4776 ]
815:(32,2,18,40,10,10,0) [ 15.014599999999998 ]
816:(32,2,19,40,10,10,0) [ 15.4646 ]
817:(32,2,17,40,10,10,0) [ 14.564600000000002 ]
818:(33,2,16,40,10,10,0) [ 14.198999999999998 ]
819:(33,2,17,41,9,9,0) [ 14.735999999999999 ]
820:(33,2,18,41,9,9,0) [ 15.197000000000001 ]
821:(34,2,16,41,9,9,0) [ 14.359399999999999 ]
822:(34,2,17,42,8,8,0) [ 14.907400000000003 ]
823:(34,2,18,42,8,8,0) [ 15.3794 ]
824:(35,2,16,42,8,8,0) [ 14.5198 ]
825:(35,2,17,43,7,7,0) [ 15.078800000000001 ]
826:(35,2,18,43,7,7,0) [ 15.561799999999998 ]
827:(35,2,16,43,7,7,0) [ 14.5958 ]
828:(36,2,15,43,7,7,0) [ 14.197199999999999 ]
829:(36,2,14,43,7,7,0) [ 13.714199999999998 ]
830:(37,2,13,43,7,7,0) [ 13.3156 ]
831:(37,2,14,44,6,6,0) [ 13.8526 ]
832:(37,2,15,44,6,6,0) [ 14.3466 ]
833:(37,2,13,44,6,6,0) [ 13.358600000000001 ]
834:(37,2,14,45,5,5,0) [ 13.906600000000001 ]
835:(37,2,15,45,5,5,0) [ 14.4116 ]
836:(37,2,15,46,4,4,0) [ 14.4766 ]
837:(37,2,16,46,4,4,0) [ 14.992600000000001 ]
838:(38,2,14,46,4,4,0) [ 14.045 ]
839:(38,2,15,47,3,3,0) [ 14.626000000000001 ]
840:(38,2,16,47,3,3,0) [ 15.153000000000002 ]
841:(38,2,14,47,3,3,0) [ 14.099 ]
842:(38,2,13,47,3,3,0) [ 13.572 ]
843:(39,2,12,47,3,3,0) [ 13.1294 ]
844:(39,2,13,48,2,2,0) [ 13.699399999999997 ]
845:(39,2,14,48,2,2,0) [ 14.237400000000001 ]
846:(40,2,12,48,2,2,0) [ 13.2458 ]
847:(40,2,13,49,1,1,0) [ 13.8268 ]
848:(40,2,14,49,1,1,0) [ 14.3758 ]
849:(40,2,12,49,1,1,0) [ 13.277800000000001 ]
850:(40,2,11,49,1,1,0) [ 12.728800000000001 ]
851:(40,2,10,49,1,1,0) [ 12.179799999999998 ]
852:(40,2,9,49,1,1,0) [ 11.630799999999999 ]
853:(41,2,8,49,1,1,0) [ 11.166199999999998 ]
854:(41,2,7,49,1,1,0) [ 10.617199999999999 ]
855:(42,2,6,49,1,1,0) [ 10.1526 ]
856:(43,2,5,49,1,1,0) [ 9.688 ]
857:(43,2,4,49,1,1,0) [ 9.139 ]
858:(43,2,5,50,0,0,0) [ 9.643 ]
859:(43,2,6,50,0,0,0) [ 10.203 ]
860:(43,2,5,49,0,1,1) [ 1059.588 ]
861:(43,2,6,49,0,1,1) [ 1060.137 ]
862:(44,2,4,49,0,1,1) [ 1059.1234 ]
863:(45,2,3,49,0,1,1) [ 1058.6588 ]
864:(45,2,2,49,0,1,1) [ 1058.1098 ]
865:(45,2,2,49,1,1,0) [ 8.2098 ]
866:(45,2,3,49,1,1,0) [ 8.758799999999999 ]
867:(46,2,1,49,1,1,0) [ 7.7452 ]
868:(47,2,0,49,1,1,0) [ 7.2806 ]
869:(47,2,1,50,0,0,0) [ 7.740600000000001 ]
870:(47,2,2,50,0,0,0) [ 8.3006 ]
871:(48,2,0,50,0,0,0) [ 7.265 ]
872:(47,2,1,48,2,2,0) [ 7.9186000000000005 ]
873:(48,2,1,49,0,1,1) [ 1057.814 ]
874:(47,2,0,47,3,3,0) [ 7.4806 ]
875:(47,2,1,47,3,3,0) [ 8.0076 ]
876:(47,2,2,47,3,3,0) [ 8.534600000000001 ]
877:(46,2,3,47,3,3,0) [ 8.9772 ]
878:(46,2,2,46,4,4,0) [ 8.5282 ]
879:(46,2,3,46,4,4,0) [ 9.044200000000002 ]
880:(46,2,2,45,5,5,0) [ 8.606200000000001 ]
881:(46,2,1,44,6,6,0) [ 8.1902 ]
882:(46,2,0,43,7,7,0) [ 7.796200000000001 ]
883:(46,2,1,43,7,7,0) [ 8.2792 ]
884:(45,2,2,43,7,7,0) [ 8.6778 ]
885:(44,2,3,43,7,7,0) [ 9.0764 ]
886:(43,2,4,43,7,7,0) [ 9.474999999999998 ]
887:(42,2,5,43,7,7,0) [ 9.8736 ]
888:(42,2,4,42,8,8,0) [ 9.4466 ]
889:(41,2,5,42,8,8,0) [ 9.8342 ]
890:(41,2,4,41,9,9,0) [ 9.4182 ]
891:(41,2,5,41,9,9,0) [ 9.879199999999999 ]
892:(41,2,4,40,10,10,0) [ 9.4742 ]
893:(40,2,5,40,10,10,0) [ 9.8398 ]
894:(40,2,6,40,10,10,0) [ 10.2898 ]
895:(39,2,7,40,10,10,0) [ 10.6554 ]
896:(39,2,8,40,10,10,0) [ 11.1054 ]
897:(39,2,7,39,11,11,0) [ 10.6784 ]
898:(38,2,7,39,11,11,0) [ 10.594 ]
899:(38,2,6,38,12,12,0) [ 10.189 ]
900:(38,2,5,37,13,13,0) [ 9.806000000000001 ]
901:(38,2,4,36,14,14,0) [ 9.445 ]
902:(38,2,3,35,15,15,0) [ 9.106 ]
903:(38,2,2,34,16,16,0) [ 8.789 ]
904:(37,2,3,34,16,16,0) [ 9.0886 ]
905:(37,2,2,33,17,17,0) [ 8.7826 ]
906:(37,2,1,32,18,18,0) [ 8.4986 ]
907:(37,2,0,31,19,19,0) [ 8.236600000000001 ]
908:(37,2,1,31,19,19,0) [ 8.5876 ]
909:(37,2,0,30,20,20,0) [ 8.3366 ]
910:(36,2,1,30,20,20,0) [ 8.5922 ]
911:(36,2,0,29,21,21,0) [ 8.3522 ]
912:(35,2,1,29,21,21,0) [ 8.5968 ]
913:(34,2,2,29,21,21,0) [ 8.8414 ]
914:(34,2,1,28,22,22,0) [ 8.6014 ]
915:(34,2,2,28,22,22,0) [ 8.9194 ]
916:(33,2,3,28,22,22,0) [ 9.152999999999999 ]
917:(33,2,2,27,23,23,0) [ 8.913 ]
918:(33,2,1,26,24,24,0) [ 8.695 ]
919:(33,2,2,26,24,24,0) [ 8.991 ]
920:(33,2,1,25,25,25,0) [ 8.783999999999999 ]
921:(33,2,1,25,24,25,1) [ 26258.684 ]
922:(32,2,2,25,24,25,1) [ 26258.8846 ]
923:(32,2,3,25,24,25,1) [ 26259.1696 ]
924:(31,2,4,25,24,25,1) [ 26259.3702 ]
925:(31,2,5,25,24,25,1) [ 26259.6552 ]
926:(31,2,4,24,25,26,1) [ 27309.4262 ]
927:(32,2,3,24,25,26,1) [ 27309.2366 ]
928:(31,2,5,24,25,26,1) [ 27309.7002 ]
929:(32,2,5,24,25,26,1) [ 27309.7846 ]
930:(32,2,6,24,25,26,1) [ 27310.0586 ]
931:(32,2,7,24,25,26,1) [ 27310.3326 ]
932:(32,2,8,24,25,26,1) [ 27310.6066 ]
933:(32,2,7,23,26,27,1) [ 28360.3556 ]
934:(31,2,8,23,26,27,1) [ 28360.5342 ]
935:(31,2,7,22,27,28,1) [ 29410.2942 ]
936:(31,2,6,21,28,29,1) [ 30460.0762 ]
937:(31,2,5,20,29,30,1) [ 31509.880200000003 ]
938:(31,2,4,19,30,31,1) [ 32559.7062 ]
939:(31,2,3,18,31,32,1) [ 33609.5542 ]
940:(30,2,4,18,31,32,1) [ 33609.6778 ]
941:(29,2,5,18,31,32,1) [ 33609.8014 ]
942:(29,2,6,18,31,32,1) [ 33610.009399999995 ]
943:(29,2,5,17,32,33,1) [ 34659.846399999995 ]
944:(29,2,6,17,32,33,1) [ 34660.043399999995 ]
945:(28,2,7,17,32,33,1) [ 34660.155999999995 ]
946:(28,2,6,16,33,34,1) [ 35709.993 ]
947:(28,2,5,15,34,35,1) [ 36759.852 ]
948:(27,2,6,15,34,35,1) [ 36759.9426 ]
949:(27,2,7,15,34,35,1) [ 36760.117600000005 ]
950:(26,2,8,15,34,35,1) [ 36760.2082 ]
951:(26,2,7,14,35,36,1) [ 37810.0562 ]
952:(25,2,7,14,35,36,1) [ 37809.9718 ]
953:(25,2,8,14,35,36,1) [ 37810.1358 ]
954:(24,2,9,14,35,36,1) [ 37810.2154 ]
955:(23,2,10,14,35,36,1) [ 37810.295 ]
956:(23,2,9,13,36,37,1) [ 38860.132 ]
957:(23,2,8,12,37,38,1) [ 39909.990999999995 ]
958:(23,2,9,12,37,38,1) [ 39910.132999999994 ]
959:(22,2,10,12,37,38,1) [ 39910.190599999994 ]
960:(22,2,9,11,38,39,1) [ 40960.049600000006 ]
961:(22,2,8,10,39,40,1) [ 42009.9306 ]
962:(22,2,9,10,39,40,1) [ 42010.0506 ]
963:(22,2,8,9,40,41,1) [ 43059.9426 ]
964:(22,2,7,8,41,42,1) [ 44109.8566 ]
965:(22,2,7,9,41,41,0) [ 9.933600000000002 ]
966:(22,2,8,9,41,41,0) [ 10.0426 ]
967:(22,2,7,8,42,42,0) [ 9.956600000000002 ]
968:(21,2,8,8,42,42,0) [ 9.9702 ]
969:(21,2,7,7,43,43,0) [ 9.895199999999999 ]
970:(21,2,6,6,44,44,0) [ 9.8422 ]
971:(21,2,5,5,45,45,0) [ 9.8112 ]
972:(21,2,6,5,45,45,0) [ 9.8762 ]
973:(21,2,5,4,46,46,0) [ 9.856200000000001 ]
974:(21,2,4,3,47,47,0) [ 9.8582 ]
975:(20,2,5,3,47,47,0) [ 9.8168 ]
976:(20,2,4,2,48,48,0) [ 9.8298 ]
977:(20,2,3,1,49,49,0) [ 9.8648 ]
978:(21,2,2,1,49,49,0) [ 9.9282 ]
979:(21,2,1,0,50,50,0) [ 9.9962 TARGET ]
980:(-1,-1,-1,-1,-1,-1,-1) [ 0.0 ]