(s1,s2,s3,s4,s5,s6)
0:(1,50,0,1,50,0) [ 100.0 TARGET ]
1:(1,50,0,0,49,1) [ 51.1 TARGET ]
2:(1,51,0,1,49,0) [ 100.0 TARGET ]
3:(1,51,0,0,48,1) [ 52.1 TARGET ]
4:(0,50,1,0,48,1) [ 2.2 TARGET ]
5:(1,52,0,1,48,0) [ 100.0 TARGET ]
6:(1,52,0,0,47,1) [ 53.1 TARGET ]
7:(1,53,0,1,47,0) [ 100.0 TARGET ]
8:(1,53,0,0,46,1) [ 54.1 TARGET ]
9:(1,54,0,1,46,0) [ 100.0 TARGET ]
10:(1,54,0,0,45,1) [ 55.1 TARGET ]
11:(1,55,0,1,45,0) [ 100.0 TARGET ]
12:(1,55,0,0,44,1) [ 56.1 TARGET ]
13:(1,56,0,1,44,0) [ 100.0 TARGET ]
14:(1,56,0,0,43,1) [ 57.1 TARGET ]
15:(1,57,0,1,43,0) [ 100.0 TARGET ]
16:(1,57,0,0,42,1) [ 58.1 TARGET ]
17:(1,58,0,1,42,0) [ 100.0 TARGET ]
18:(1,58,0,0,41,1) [ 59.1 TARGET ]
19:(1,59,0,1,41,0) [ 100.0 TARGET ]
20:(1,59,0,0,40,1) [ 60.1 TARGET ]
21:(1,60,0,1,40,0) [ 100.0 TARGET ]
22:(1,60,0,0,39,1) [ 61.1 TARGET ]
23:(1,61,0,1,39,0) [ 100.0 TARGET ]
24:(1,61,0,0,38,1) [ 62.1 TARGET ]
25:(1,62,0,1,38,0) [ 100.0 TARGET ]
26:(1,62,0,0,37,1) [ 63.1 TARGET ]
27:(1,63,0,1,37,0) [ 100.0 TARGET ]
28:(1,63,0,0,36,1) [ 64.1 TARGET ]
29:(1,64,0,1,36,0) [ 100.0 TARGET ]
30:(1,64,0,0,35,1) [ 65.1 TARGET ]
31:(1,65,0,1,35,0) [ 100.0 TARGET ]
32:(1,65,0,0,34,1) [ 66.1 TARGET ]
33:(0,64,1,0,34,1) [ 2.2 TARGET ]
34:(0,65,1,1,34,0) [ 35.1 TARGET ]
35:(0,65,1,0,33,1) [ 2.2 TARGET ]
36:(0,66,1,1,33,0) [ 34.1 TARGET ]
37:(0,66,1,0,32,1) [ 2.2 TARGET ]
38:(0,67,1,1,32,0) [ 33.1 TARGET ]
39:(0,67,1,0,31,1) [ 2.2 TARGET ]
40:(0,68,1,1,31,0) [ 32.1 TARGET ]
41:(1,69,0,1,31,0) [ 100.0 TARGET ]
42:(1,69,0,0,30,1) [ 70.1 TARGET ]
43:(1,70,0,1,30,0) [ 100.0 TARGET ]
44:(1,70,0,0,29,1) [ 71.1 TARGET ]
45:(1,71,0,1,29,0) [ 100.0 TARGET ]
46:(1,71,0,0,28,1) [ 72.1 TARGET ]
47:(1,72,0,1,28,0) [ 100.0 TARGET ]
48:(1,72,0,0,27,1) [ 73.1 TARGET ]
49:(1,73,0,1,27,0) [ 100.0 TARGET ]
50:(1,73,0,0,26,1) [ 74.1 TARGET ]
51:(1,74,0,1,26,0) [ 100.0 TARGET ]
52:(1,74,0,0,25,1) [ 0.0 TARGET ]
53:(-1,-1,-1,-1,-1,-1) [ 0.0 ]