(R_,L,RL,G_,G_a,G_bg,G_d)
0:(50,2,0,50,0,0,0) [ 7.4338 ]
1:(49,2,1,50,0,0,0) [ 7.9094 ]
2:(49,2,0,49,1,1,0) [ 7.4494 ]
3:(49,2,1,49,1,1,0) [ 7.998399999999999 ]
4:(49,2,0,48,2,2,0) [ 7.5494 ]
5:(48,2,1,48,2,2,0) [ 8.003 ]
6:(48,2,0,47,3,3,0) [ 7.5649999999999995 ]
7:(48,2,1,47,3,3,0) [ 8.092 ]
8:(48,2,2,47,3,3,0) [ 8.619 ]
9:(47,2,3,47,3,3,0) [ 9.061600000000002 ]
10:(47,2,4,47,3,3,0) [ 9.5886 ]
11:(47,2,3,46,4,4,0) [ 9.1286 ]
12:(47,2,4,46,4,4,0) [ 9.6446 ]
13:(47,2,3,45,5,5,0) [ 9.1956 ]
14:(47,2,4,45,5,5,0) [ 9.700600000000001 ]
15:(47,2,3,44,6,6,0) [ 9.2626 ]
16:(47,2,4,44,6,6,0) [ 9.7566 ]
17:(46,2,5,44,6,6,0) [ 10.1662 ]
18:(46,2,4,43,7,7,0) [ 9.728200000000001 ]
19:(46,2,3,42,8,8,0) [ 9.3122 ]
20:(46,2,2,41,9,9,0) [ 8.9182 ]
21:(46,2,1,40,10,10,0) [ 8.546199999999999 ]
22:(46,2,2,40,10,10,0) [ 8.996200000000002 ]
23:(45,2,3,40,10,10,0) [ 9.361799999999999 ]
24:(45,2,2,39,11,11,0) [ 8.9898 ]
25:(45,2,3,39,11,11,0) [ 9.4288 ]
26:(45,2,4,39,11,11,0) [ 9.8678 ]
27:(44,2,5,39,11,11,0) [ 10.222399999999999 ]
28:(44,2,4,38,12,12,0) [ 9.839400000000001 ]
29:(43,2,5,38,12,12,0) [ 10.183 ]
30:(43,2,6,38,12,12,0) [ 10.611 ]
31:(43,2,7,38,12,12,0) [ 11.038999999999998 ]
32:(43,2,8,38,12,12,0) [ 11.466999999999999 ]
33:(43,2,7,37,13,13,0) [ 11.062000000000001 ]
34:(43,2,6,36,14,14,0) [ 10.679 ]
35:(43,2,7,36,14,14,0) [ 11.084999999999999 ]
36:(43,2,6,35,15,15,0) [ 10.713000000000001 ]
37:(42,2,7,35,15,15,0) [ 11.023599999999998 ]
38:(42,2,6,34,16,16,0) [ 10.6626 ]
39:(41,2,7,34,16,16,0) [ 10.962200000000001 ]
40:(41,2,6,33,17,17,0) [ 10.612200000000001 ]
41:(40,2,7,33,17,17,0) [ 10.9008 ]
42:(40,2,8,33,17,17,0) [ 11.273800000000001 ]
43:(39,2,9,33,17,17,0) [ 11.5624 ]
44:(39,2,8,32,18,18,0) [ 11.2014 ]
45:(39,2,9,32,18,18,0) [ 11.563400000000001 ]
46:(39,2,8,31,19,19,0) [ 11.213400000000002 ]
47:(38,2,9,31,19,19,0) [ 11.479999999999999 ]
48:(38,2,10,31,19,19,0) [ 11.831000000000001 ]
49:(38,2,9,30,20,20,0) [ 11.481 ]
50:(37,2,10,30,20,20,0) [ 11.7366 ]
51:(36,2,11,30,20,20,0) [ 11.9922 ]
52:(36,2,10,29,21,21,0) [ 11.6422 ]
53:(36,2,11,29,21,21,0) [ 11.9712 ]
54:(35,2,12,29,21,21,0) [ 12.2158 ]
55:(34,2,13,29,21,21,0) [ 12.460399999999998 ]
56:(34,2,14,29,21,21,0) [ 12.789399999999999 ]
57:(34,2,13,28,22,22,0) [ 12.4174 ]
58:(34,2,14,28,22,22,0) [ 12.735399999999998 ]
59:(34,2,13,27,23,23,0) [ 12.374400000000001 ]
60:(33,2,14,27,23,23,0) [ 12.597000000000001 ]
61:(33,2,13,26,24,24,0) [ 12.247 ]
62:(33,2,14,26,24,24,0) [ 12.543000000000001 ]
63:(33,2,13,25,25,25,0) [ 12.204 ]
64:(33,2,12,24,26,26,0) [ 11.886999999999999 ]
65:(33,2,11,23,27,27,0) [ 11.591999999999999 ]
66:(33,2,10,22,28,28,0) [ 11.319 ]
67:(33,2,11,22,28,28,0) [ 11.571000000000002 ]
68:(32,2,12,22,28,28,0) [ 11.738600000000002 ]
69:(32,2,13,22,28,28,0) [ 11.9906 ]
70:(32,2,12,21,29,29,0) [ 11.7066 ]
71:(31,2,13,21,29,29,0) [ 11.8632 ]
72:(31,2,12,20,30,30,0) [ 11.5902 ]
73:(31,2,11,19,31,31,0) [ 11.3392 ]
74:(30,2,12,19,31,31,0) [ 11.473799999999999 ]
75:(29,2,13,19,31,31,0) [ 11.608399999999998 ]
76:(29,2,12,18,32,32,0) [ 11.357399999999998 ]
77:(29,2,11,17,33,33,0) [ 11.1284 ]
78:(29,2,10,16,34,34,0) [ 10.9214 ]
79:(29,2,11,16,34,34,0) [ 11.1074 ]
80:(29,2,10,15,35,35,0) [ 10.9114 ]
81:(29,2,9,14,36,36,0) [ 10.7374 ]
82:(28,2,10,14,36,36,0) [ 10.817 ]
83:(27,2,11,14,36,36,0) [ 10.896600000000001 ]
84:(27,2,12,14,36,36,0) [ 11.0606 ]
85:(26,2,13,14,36,36,0) [ 11.1402 ]
86:(26,2,12,13,37,37,0) [ 10.9442 ]
87:(26,2,13,13,37,37,0) [ 11.0972 ]
88:(26,2,12,12,38,38,0) [ 10.9122 ]
89:(26,2,11,11,39,39,0) [ 10.7492 ]
90:(26,2,10,10,40,40,0) [ 10.6082 ]
91:(26,2,9,9,41,41,0) [ 10.4892 ]
92:(26,2,8,8,42,42,0) [ 10.3922 ]
93:(25,2,9,8,42,42,0) [ 10.4058 ]
94:(25,2,8,7,43,43,0) [ 10.3198 ]
95:(25,2,7,6,44,44,0) [ 10.2558 ]
96:(25,2,6,5,45,45,0) [ 10.213799999999999 ]
97:(25,2,5,4,46,46,0) [ 10.1938 ]
98:(25,2,4,3,47,47,0) [ 10.1958 ]
99:(25,2,3,2,48,48,0) [ 10.2198 ]
100:(25,2,2,1,49,49,0) [ 10.2658 ]
101:(25,2,1,0,50,50,0) [ 10.3338 TARGET ]
102:(26,2,1,0,50,50,0) [ 10.4182 TARGET ]
103:(24,2,1,0,50,50,0) [ 10.2494 TARGET ]
104:(24,2,2,0,50,50,0) [ 10.2594 TARGET ]
105:(25,2,2,0,50,50,0) [ 10.3438 TARGET ]
106:(26,2,2,1,49,49,0) [ 10.350200000000001 ]
107:(24,2,2,1,49,49,0) [ 10.1814 ]
108:(24,2,3,1,49,49,0) [ 10.2024 ]
109:(25,2,3,1,49,49,0) [ 10.2868 ]
110:(26,2,3,2,48,48,0) [ 10.304200000000002 ]
111:(24,2,3,2,48,48,0) [ 10.1354 ]
112:(24,2,4,2,48,48,0) [ 10.1674 ]
113:(25,2,4,2,48,48,0) [ 10.251800000000001 ]
114:(26,2,4,3,47,47,0) [ 10.2802 ]
115:(24,2,4,3,47,47,0) [ 10.1114 ]
116:(24,2,5,3,47,47,0) [ 10.154399999999999 ]
117:(25,2,5,3,47,47,0) [ 10.238800000000001 ]
118:(26,2,5,4,46,46,0) [ 10.278200000000002 ]
119:(24,2,5,4,46,46,0) [ 10.1094 ]
120:(24,2,6,4,46,46,0) [ 10.1634 ]
121:(25,2,6,4,46,46,0) [ 10.247800000000002 ]
122:(26,2,6,5,45,45,0) [ 10.298200000000001 ]
123:(24,2,6,5,45,45,0) [ 10.1294 ]
124:(24,2,7,5,45,45,0) [ 10.1944 ]
125:(25,2,7,5,45,45,0) [ 10.2788 ]
126:(26,2,7,6,44,44,0) [ 10.3402 ]
127:(24,2,7,6,44,44,0) [ 10.1714 ]
128:(24,2,8,6,44,44,0) [ 10.2474 ]
129:(25,2,8,6,44,44,0) [ 10.331800000000001 ]
130:(26,2,8,7,43,43,0) [ 10.4042 ]
131:(24,2,8,7,43,43,0) [ 10.235399999999998 ]
132:(24,2,9,7,43,43,0) [ 10.322399999999998 ]
133:(25,2,9,7,43,43,0) [ 10.4068 ]
134:(26,2,9,8,42,42,0) [ 10.490200000000002 ]
135:(24,2,9,8,42,42,0) [ 10.3214 ]
136:(24,2,10,8,42,42,0) [ 10.4194 ]
137:(25,2,10,8,42,42,0) [ 10.5038 ]
138:(27,2,8,8,42,42,0) [ 10.476600000000001 ]
139:(25,2,8,8,42,42,0) [ 10.3078 ]
140:(27,2,9,9,41,41,0) [ 10.5736 ]
141:(25,2,9,9,41,41,0) [ 10.404800000000002 ]
142:(25,2,10,9,41,41,0) [ 10.5138 ]
143:(26,2,10,9,41,41,0) [ 10.598200000000002 ]
144:(27,2,10,10,40,40,0) [ 10.6926 ]
145:(25,2,10,10,40,40,0) [ 10.5238 ]
146:(25,2,11,10,40,40,0) [ 10.643799999999999 ]
147:(26,2,11,10,40,40,0) [ 10.728200000000001 ]
148:(27,2,11,11,39,39,0) [ 10.8336 ]
149:(25,2,11,11,39,39,0) [ 10.6648 ]
150:(25,2,12,11,39,39,0) [ 10.7958 ]
151:(26,2,12,11,39,39,0) [ 10.8802 ]
152:(27,2,12,12,38,38,0) [ 10.9966 ]
153:(25,2,12,12,38,38,0) [ 10.8278 ]
154:(25,2,13,12,38,38,0) [ 10.9698 ]
155:(26,2,13,12,38,38,0) [ 11.0542 ]
156:(27,2,13,13,37,37,0) [ 11.1816 ]
157:(25,2,13,13,37,37,0) [ 11.012799999999999 ]
158:(25,2,14,13,37,37,0) [ 11.1658 ]
159:(26,2,14,13,37,37,0) [ 11.2502 ]
160:(27,2,12,13,37,37,0) [ 11.0286 ]
161:(25,2,12,13,37,37,0) [ 10.8598 ]
162:(27,2,13,14,36,36,0) [ 11.2246 ]
163:(25,2,13,14,36,36,0) [ 11.0558 ]
164:(25,2,14,14,36,36,0) [ 11.219800000000001 ]
165:(26,2,14,14,36,36,0) [ 11.304200000000002 ]
166:(28,2,12,14,36,36,0) [ 11.145000000000001 ]
167:(26,2,12,14,36,36,0) [ 10.9762 ]
168:(28,2,11,14,36,36,0) [ 10.981 ]
169:(26,2,11,14,36,36,0) [ 10.8122 ]
170:(29,2,10,14,36,36,0) [ 10.9014 ]
171:(27,2,10,14,36,36,0) [ 10.7326 ]
172:(30,2,9,14,36,36,0) [ 10.8218 ]
173:(28,2,9,14,36,36,0) [ 10.653 ]
174:(30,2,10,15,35,35,0) [ 10.9958 ]
175:(28,2,10,15,35,35,0) [ 10.827000000000002 ]
176:(28,2,11,15,35,35,0) [ 11.001999999999999 ]
177:(29,2,11,15,35,35,0) [ 11.086400000000001 ]
178:(30,2,11,16,34,34,0) [ 11.1918 ]
179:(28,2,11,16,34,34,0) [ 11.023 ]
180:(28,2,12,16,34,34,0) [ 11.209 ]
181:(29,2,12,16,34,34,0) [ 11.293400000000002 ]
182:(30,2,10,16,34,34,0) [ 11.0058 ]
183:(28,2,10,16,34,34,0) [ 10.837 ]
184:(30,2,11,17,33,33,0) [ 11.2128 ]
185:(28,2,11,17,33,33,0) [ 11.044 ]
186:(28,2,12,17,33,33,0) [ 11.241000000000001 ]
187:(29,2,12,17,33,33,0) [ 11.325400000000002 ]
188:(30,2,12,18,32,32,0) [ 11.4418 ]
189:(28,2,12,18,32,32,0) [ 11.273 ]
190:(28,2,13,18,32,32,0) [ 11.480999999999998 ]
191:(29,2,13,18,32,32,0) [ 11.5654 ]
192:(30,2,13,19,31,31,0) [ 11.6928 ]
193:(28,2,13,19,31,31,0) [ 11.524 ]
194:(28,2,14,19,31,31,0) [ 11.743 ]
195:(29,2,14,19,31,31,0) [ 11.827399999999999 ]
196:(31,2,12,19,31,31,0) [ 11.558200000000001 ]
197:(29,2,12,19,31,31,0) [ 11.3894 ]
198:(32,2,11,19,31,31,0) [ 11.423599999999999 ]
199:(30,2,11,19,31,31,0) [ 11.2548 ]
200:(32,2,12,20,30,30,0) [ 11.674600000000002 ]
201:(30,2,12,20,30,30,0) [ 11.5058 ]
202:(30,2,13,20,30,30,0) [ 11.735800000000001 ]
203:(31,2,13,20,30,30,0) [ 11.8202 ]
204:(32,2,13,21,29,29,0) [ 11.9476 ]
205:(30,2,13,21,29,29,0) [ 11.778799999999999 ]
206:(30,2,14,21,29,29,0) [ 12.019800000000002 ]
207:(31,2,14,21,29,29,0) [ 12.1042 ]
208:(33,2,12,21,29,29,0) [ 11.791000000000002 ]
209:(31,2,12,21,29,29,0) [ 11.622200000000001 ]
210:(33,2,13,22,28,28,0) [ 12.075 ]
211:(31,2,13,22,28,28,0) [ 11.906200000000002 ]
212:(31,2,14,22,28,28,0) [ 12.1582 ]
213:(32,2,14,22,28,28,0) [ 12.2426 ]
214:(33,2,12,22,28,28,0) [ 11.823 ]
215:(31,2,12,22,28,28,0) [ 11.6542 ]
216:(34,2,11,22,28,28,0) [ 11.6554 ]
217:(32,2,11,22,28,28,0) [ 11.4866 ]
218:(34,2,10,22,28,28,0) [ 11.403400000000001 ]
219:(32,2,10,22,28,28,0) [ 11.2346 ]
220:(34,2,11,23,27,27,0) [ 11.676400000000001 ]
221:(32,2,11,23,27,27,0) [ 11.5076 ]
222:(32,2,12,23,27,27,0) [ 11.770599999999998 ]
223:(33,2,12,23,27,27,0) [ 11.855 ]
224:(34,2,12,24,26,26,0) [ 11.971400000000001 ]
225:(32,2,12,24,26,26,0) [ 11.8026 ]
226:(32,2,13,24,26,26,0) [ 12.0766 ]
227:(33,2,13,24,26,26,0) [ 12.161 ]
228:(34,2,13,25,25,25,0) [ 12.2884 ]
229:(32,2,13,25,25,25,0) [ 12.119599999999998 ]
230:(32,2,14,25,25,25,0) [ 12.4046 ]
231:(33,2,14,25,25,25,0) [ 12.489 ]
232:(34,2,14,26,24,24,0) [ 12.6274 ]
233:(32,2,14,26,24,24,0) [ 12.458599999999999 ]
234:(32,2,15,26,24,24,0) [ 12.754599999999998 ]
235:(33,2,15,26,24,24,0) [ 12.839 ]
236:(34,2,13,26,24,24,0) [ 12.3314 ]
237:(32,2,13,26,24,24,0) [ 12.1626 ]
238:(34,2,14,27,23,23,0) [ 12.6814 ]
239:(32,2,14,27,23,23,0) [ 12.512600000000003 ]
240:(32,2,15,27,23,23,0) [ 12.819600000000001 ]
241:(33,2,15,27,23,23,0) [ 12.904 ]
242:(35,2,13,27,23,23,0) [ 12.4588 ]
243:(33,2,13,27,23,23,0) [ 12.29 ]
244:(35,2,14,28,22,22,0) [ 12.8198 ]
245:(33,2,14,28,22,22,0) [ 12.651 ]
246:(33,2,15,28,22,22,0) [ 12.968999999999998 ]
247:(34,2,15,28,22,22,0) [ 13.0534 ]
248:(35,2,13,28,22,22,0) [ 12.5018 ]
249:(33,2,13,28,22,22,0) [ 12.332999999999998 ]
250:(35,2,14,29,21,21,0) [ 12.873800000000001 ]
251:(33,2,14,29,21,21,0) [ 12.705 ]
252:(33,2,15,29,21,21,0) [ 13.033999999999999 ]
253:(34,2,15,29,21,21,0) [ 13.1184 ]
254:(35,2,13,29,21,21,0) [ 12.5448 ]
255:(33,2,13,29,21,21,0) [ 12.376 ]
256:(36,2,12,29,21,21,0) [ 12.3002 ]
257:(34,2,12,29,21,21,0) [ 12.131400000000001 ]
258:(37,2,11,29,21,21,0) [ 12.0556 ]
259:(35,2,11,29,21,21,0) [ 11.8868 ]
260:(37,2,10,29,21,21,0) [ 11.7266 ]
261:(35,2,10,29,21,21,0) [ 11.557799999999999 ]
262:(37,2,11,30,20,20,0) [ 12.0766 ]
263:(35,2,11,30,20,20,0) [ 11.9078 ]
264:(35,2,12,30,20,20,0) [ 12.247800000000002 ]
265:(36,2,12,30,20,20,0) [ 12.3322 ]
266:(38,2,10,30,20,20,0) [ 11.821000000000002 ]
267:(36,2,10,30,20,20,0) [ 11.6522 ]
268:(39,2,9,30,20,20,0) [ 11.5654 ]
269:(37,2,9,30,20,20,0) [ 11.3966 ]
270:(39,2,10,31,19,19,0) [ 11.9154 ]
271:(37,2,10,31,19,19,0) [ 11.746599999999999 ]
272:(37,2,11,31,19,19,0) [ 12.097600000000002 ]
273:(38,2,11,31,19,19,0) [ 12.182 ]
274:(39,2,9,31,19,19,0) [ 11.564400000000001 ]
275:(37,2,9,31,19,19,0) [ 11.3956 ]
276:(40,2,8,31,19,19,0) [ 11.2978 ]
277:(38,2,8,31,19,19,0) [ 11.129 ]
278:(40,2,9,32,18,18,0) [ 11.6478 ]
279:(38,2,9,32,18,18,0) [ 11.479 ]
280:(38,2,10,32,18,18,0) [ 11.841000000000001 ]
281:(39,2,10,32,18,18,0) [ 11.9254 ]
282:(40,2,8,32,18,18,0) [ 11.285800000000002 ]
283:(38,2,8,32,18,18,0) [ 11.117 ]
284:(40,2,9,33,17,17,0) [ 11.646799999999999 ]
285:(38,2,9,33,17,17,0) [ 11.477999999999998 ]
286:(38,2,10,33,17,17,0) [ 11.850999999999999 ]
287:(39,2,10,33,17,17,0) [ 11.935399999999998 ]
288:(41,2,8,33,17,17,0) [ 11.3582 ]
289:(39,2,8,33,17,17,0) [ 11.1894 ]
290:(41,2,7,33,17,17,0) [ 10.985199999999999 ]
291:(39,2,7,33,17,17,0) [ 10.816399999999998 ]
292:(42,2,6,33,17,17,0) [ 10.6966 ]
293:(40,2,6,33,17,17,0) [ 10.5278 ]
294:(42,2,7,34,16,16,0) [ 11.0466 ]
295:(40,2,7,34,16,16,0) [ 10.877799999999999 ]
296:(40,2,8,34,16,16,0) [ 11.2618 ]
297:(41,2,8,34,16,16,0) [ 11.346200000000001 ]
298:(43,2,6,34,16,16,0) [ 10.747 ]
299:(41,2,6,34,16,16,0) [ 10.5782 ]
300:(43,2,7,35,15,15,0) [ 11.108 ]
301:(41,2,7,35,15,15,0) [ 10.9392 ]
302:(41,2,8,35,15,15,0) [ 11.3342 ]
303:(42,2,8,35,15,15,0) [ 11.4186 ]
304:(44,2,6,35,15,15,0) [ 10.7974 ]
305:(42,2,6,35,15,15,0) [ 10.628599999999999 ]
306:(44,2,7,36,14,14,0) [ 11.169400000000001 ]
307:(42,2,7,36,14,14,0) [ 11.0006 ]
308:(42,2,8,36,14,14,0) [ 11.4066 ]
309:(43,2,8,36,14,14,0) [ 11.491000000000001 ]
310:(44,2,6,36,14,14,0) [ 10.7634 ]
311:(42,2,6,36,14,14,0) [ 10.594600000000002 ]
312:(44,2,7,37,13,13,0) [ 11.1464 ]
313:(42,2,7,37,13,13,0) [ 10.977599999999999 ]
314:(42,2,8,37,13,13,0) [ 11.3946 ]
315:(43,2,8,37,13,13,0) [ 11.479 ]
316:(44,2,8,38,12,12,0) [ 11.551400000000001 ]
317:(42,2,8,38,12,12,0) [ 11.3826 ]
318:(42,2,9,38,12,12,0) [ 11.810599999999997 ]
319:(43,2,9,38,12,12,0) [ 11.895 ]
320:(44,2,7,38,12,12,0) [ 11.1234 ]
321:(42,2,7,38,12,12,0) [ 10.9546 ]
322:(44,2,6,38,12,12,0) [ 10.6954 ]
323:(42,2,6,38,12,12,0) [ 10.526599999999998 ]
324:(44,2,5,38,12,12,0) [ 10.267399999999999 ]
325:(42,2,5,38,12,12,0) [ 10.098599999999998 ]
326:(45,2,4,38,12,12,0) [ 9.9238 ]
327:(43,2,4,38,12,12,0) [ 9.754999999999999 ]
328:(45,2,5,39,11,11,0) [ 10.306799999999999 ]
329:(43,2,5,39,11,11,0) [ 10.138 ]
330:(43,2,6,39,11,11,0) [ 10.577 ]
331:(44,2,6,39,11,11,0) [ 10.661399999999999 ]
332:(46,2,4,39,11,11,0) [ 9.9522 ]
333:(44,2,4,39,11,11,0) [ 9.783399999999999 ]
334:(46,2,3,39,11,11,0) [ 9.5132 ]
335:(44,2,3,39,11,11,0) [ 9.344399999999998 ]
336:(46,2,2,39,11,11,0) [ 9.074200000000001 ]
337:(44,2,2,39,11,11,0) [ 8.9054 ]
338:(46,2,3,40,10,10,0) [ 9.446200000000001 ]
339:(44,2,3,40,10,10,0) [ 9.2774 ]
340:(44,2,4,40,10,10,0) [ 9.7274 ]
341:(45,2,4,40,10,10,0) [ 9.8118 ]
342:(47,2,2,40,10,10,0) [ 9.0806 ]
343:(45,2,2,40,10,10,0) [ 8.9118 ]
344:(47,2,1,40,10,10,0) [ 8.630600000000001 ]
345:(45,2,1,40,10,10,0) [ 8.4618 ]
346:(47,2,2,41,9,9,0) [ 9.002600000000001 ]
347:(45,2,2,41,9,9,0) [ 8.8338 ]
348:(45,2,3,41,9,9,0) [ 9.2948 ]
349:(46,2,3,41,9,9,0) [ 9.3792 ]
350:(47,2,3,42,8,8,0) [ 9.396600000000001 ]
351:(45,2,3,42,8,8,0) [ 9.227800000000002 ]
352:(45,2,4,42,8,8,0) [ 9.6998 ]
353:(46,2,4,42,8,8,0) [ 9.784200000000002 ]
354:(47,2,4,43,7,7,0) [ 9.8126 ]
355:(45,2,4,43,7,7,0) [ 9.643799999999999 ]
356:(45,2,5,43,7,7,0) [ 10.1268 ]
357:(46,2,5,43,7,7,0) [ 10.211199999999998 ]
358:(47,2,5,44,6,6,0) [ 10.2506 ]
359:(45,2,5,44,6,6,0) [ 10.0818 ]
360:(45,2,6,44,6,6,0) [ 10.5758 ]
361:(46,2,6,44,6,6,0) [ 10.660200000000001 ]
362:(48,2,4,44,6,6,0) [ 9.841 ]
363:(46,2,4,44,6,6,0) [ 9.6722 ]
364:(48,2,3,44,6,6,0) [ 9.347 ]
365:(46,2,3,44,6,6,0) [ 9.178199999999999 ]
366:(48,2,4,45,5,5,0) [ 9.785 ]
367:(46,2,4,45,5,5,0) [ 9.6162 ]
368:(46,2,5,45,5,5,0) [ 10.1212 ]
369:(47,2,5,45,5,5,0) [ 10.2056 ]
370:(48,2,3,45,5,5,0) [ 9.280000000000001 ]
371:(46,2,3,45,5,5,0) [ 9.1112 ]
372:(48,2,4,46,4,4,0) [ 9.729000000000001 ]
373:(46,2,4,46,4,4,0) [ 9.5602 ]
374:(46,2,5,46,4,4,0) [ 10.076200000000002 ]
375:(47,2,5,46,4,4,0) [ 10.1606 ]
376:(48,2,3,46,4,4,0) [ 9.213 ]
377:(46,2,3,46,4,4,0) [ 9.044200000000002 ]
378:(48,2,4,47,3,3,0) [ 9.673000000000002 ]
379:(46,2,4,47,3,3,0) [ 9.5042 ]
380:(46,2,5,47,3,3,0) [ 10.031200000000002 ]
381:(47,2,5,47,3,3,0) [ 10.1156 ]
382:(48,2,3,47,3,3,0) [ 9.146 ]
383:(46,2,3,47,3,3,0) [ 8.9772 ]
384:(49,2,2,47,3,3,0) [ 8.7034 ]
385:(47,2,2,47,3,3,0) [ 8.534600000000001 ]
386:(49,2,1,47,3,3,0) [ 8.176400000000001 ]
387:(47,2,1,47,3,3,0) [ 8.0076 ]
388:(49,2,0,47,3,3,0) [ 7.6494 ]
389:(47,2,0,47,3,3,0) [ 7.4806 ]
390:(49,2,1,48,2,2,0) [ 8.0874 ]
391:(47,2,1,48,2,2,0) [ 7.9186000000000005 ]
392:(47,2,2,48,2,2,0) [ 8.4566 ]
393:(48,2,2,48,2,2,0) [ 8.540999999999999 ]
394:(50,2,0,48,2,2,0) [ 7.6338 ]
395:(48,2,0,48,2,2,0) [ 7.465 ]
396:(50,2,1,49,1,1,0) [ 8.082799999999999 ]
397:(48,2,1,49,1,1,0) [ 7.913999999999999 ]
398:(48,2,2,49,1,1,0) [ 8.463 ]
399:(49,2,2,49,1,1,0) [ 8.547399999999998 ]
400:(50,2,0,49,1,1,0) [ 7.533799999999999 ]
401:(48,2,0,49,1,1,0) [ 7.364999999999999 ]
402:(50,2,1,50,0,0,0) [ 7.993799999999999 ]
403:(48,2,1,50,0,0,0) [ 7.824999999999999 ]
404:(48,2,2,50,0,0,0) [ 8.384999999999998 ]
405:(49,2,2,50,0,0,0) [ 8.4694 ]
406:(51,2,0,50,0,0,0) [ 7.518200000000001 ]
407:(49,2,0,50,0,0,0) [ 7.3494 ]
408:(27,2,1,0,50,50,0) [ 10.502600000000001 TARGET ]
409:(26,2,2,0,50,50,0) [ 10.4282 TARGET ]
410:(27,2,2,1,49,49,0) [ 10.4346 ]
411:(26,2,3,1,49,49,0) [ 10.3712 ]
412:(27,2,3,2,48,48,0) [ 10.3886 ]
413:(26,2,4,2,48,48,0) [ 10.336200000000002 ]
414:(27,2,4,3,47,47,0) [ 10.3646 ]
415:(26,2,5,3,47,47,0) [ 10.3232 ]
416:(27,2,5,4,46,46,0) [ 10.3626 ]
417:(26,2,6,4,46,46,0) [ 10.3322 ]
418:(27,2,6,5,45,45,0) [ 10.3826 ]
419:(26,2,7,5,45,45,0) [ 10.363199999999999 ]
420:(27,2,7,6,44,44,0) [ 10.424600000000002 ]
421:(26,2,8,6,44,44,0) [ 10.4162 ]
422:(27,2,8,7,43,43,0) [ 10.488600000000002 ]
423:(26,2,9,7,43,43,0) [ 10.4912 ]
424:(27,2,9,8,42,42,0) [ 10.5746 ]
425:(26,2,10,8,42,42,0) [ 10.5882 ]
426:(28,2,8,8,42,42,0) [ 10.561 ]
427:(28,2,9,9,41,41,0) [ 10.658000000000001 ]
428:(27,2,10,9,41,41,0) [ 10.6826 ]
429:(28,2,10,10,40,40,0) [ 10.777000000000001 ]
430:(27,2,11,10,40,40,0) [ 10.8126 ]
431:(28,2,11,11,39,39,0) [ 10.918000000000001 ]
432:(27,2,12,11,39,39,0) [ 10.9646 ]
433:(28,2,12,12,38,38,0) [ 11.081000000000001 ]
434:(27,2,13,12,38,38,0) [ 11.1386 ]
435:(28,2,13,13,37,37,0) [ 11.266 ]
436:(27,2,14,13,37,37,0) [ 11.3346 ]
437:(28,2,12,13,37,37,0) [ 11.113000000000001 ]
438:(28,2,13,14,36,36,0) [ 11.309000000000001 ]
439:(27,2,14,14,36,36,0) [ 11.3886 ]
440:(29,2,12,14,36,36,0) [ 11.2294 ]
441:(29,2,11,14,36,36,0) [ 11.0654 ]
442:(30,2,10,14,36,36,0) [ 10.9858 ]
443:(31,2,9,14,36,36,0) [ 10.9062 ]
444:(31,2,10,15,35,35,0) [ 11.080200000000001 ]
445:(30,2,11,15,35,35,0) [ 11.1708 ]
446:(31,2,11,16,34,34,0) [ 11.2762 ]
447:(30,2,12,16,34,34,0) [ 11.3778 ]
448:(31,2,10,16,34,34,0) [ 11.0902 ]
449:(31,2,11,17,33,33,0) [ 11.2972 ]
450:(30,2,12,17,33,33,0) [ 11.4098 ]
451:(31,2,12,18,32,32,0) [ 11.5262 ]
452:(30,2,13,18,32,32,0) [ 11.649799999999999 ]
453:(31,2,13,19,31,31,0) [ 11.777199999999999 ]
454:(30,2,14,19,31,31,0) [ 11.911800000000001 ]
455:(32,2,12,19,31,31,0) [ 11.6426 ]
456:(33,2,11,19,31,31,0) [ 11.508000000000001 ]
457:(33,2,12,20,30,30,0) [ 11.759 ]
458:(32,2,13,20,30,30,0) [ 11.904599999999999 ]
459:(33,2,13,21,29,29,0) [ 12.032 ]
460:(32,2,14,21,29,29,0) [ 12.1886 ]
461:(34,2,12,21,29,29,0) [ 11.8754 ]
462:(34,2,13,22,28,28,0) [ 12.159400000000002 ]
463:(33,2,14,22,28,28,0) [ 12.327000000000002 ]
464:(34,2,12,22,28,28,0) [ 11.9074 ]
465:(35,2,11,22,28,28,0) [ 11.7398 ]
466:(35,2,10,22,28,28,0) [ 11.4878 ]
467:(35,2,11,23,27,27,0) [ 11.7608 ]
468:(34,2,12,23,27,27,0) [ 11.9394 ]
469:(35,2,12,24,26,26,0) [ 12.0558 ]
470:(34,2,13,24,26,26,0) [ 12.245399999999998 ]
471:(35,2,13,25,25,25,0) [ 12.3728 ]
472:(34,2,14,25,25,25,0) [ 12.5734 ]
473:(35,2,14,26,24,24,0) [ 12.7118 ]
474:(34,2,15,26,24,24,0) [ 12.923399999999999 ]
475:(35,2,13,26,24,24,0) [ 12.415799999999999 ]
476:(35,2,14,27,23,23,0) [ 12.765800000000002 ]
477:(34,2,15,27,23,23,0) [ 12.988399999999999 ]
478:(36,2,13,27,23,23,0) [ 12.5432 ]
479:(36,2,14,28,22,22,0) [ 12.9042 ]
480:(35,2,15,28,22,22,0) [ 13.137799999999999 ]
481:(36,2,13,28,22,22,0) [ 12.586199999999998 ]
482:(36,2,14,29,21,21,0) [ 12.9582 ]
483:(35,2,15,29,21,21,0) [ 13.202799999999998 ]
484:(36,2,13,29,21,21,0) [ 12.629199999999999 ]
485:(37,2,12,29,21,21,0) [ 12.3846 ]
486:(38,2,11,29,21,21,0) [ 12.139999999999999 ]
487:(38,2,10,29,21,21,0) [ 11.810999999999998 ]
488:(38,2,11,30,20,20,0) [ 12.161000000000001 ]
489:(37,2,12,30,20,20,0) [ 12.416599999999999 ]
490:(39,2,10,30,20,20,0) [ 11.9054 ]
491:(40,2,9,30,20,20,0) [ 11.649799999999999 ]
492:(40,2,10,31,19,19,0) [ 11.9998 ]
493:(39,2,11,31,19,19,0) [ 12.266399999999999 ]
494:(40,2,9,31,19,19,0) [ 11.6488 ]
495:(41,2,8,31,19,19,0) [ 11.3822 ]
496:(41,2,9,32,18,18,0) [ 11.7322 ]
497:(40,2,10,32,18,18,0) [ 12.009800000000002 ]
498:(41,2,8,32,18,18,0) [ 11.3702 ]
499:(41,2,9,33,17,17,0) [ 11.731200000000001 ]
500:(40,2,10,33,17,17,0) [ 12.0198 ]
501:(42,2,8,33,17,17,0) [ 11.442599999999999 ]
502:(42,2,7,33,17,17,0) [ 11.069599999999998 ]
503:(43,2,6,33,17,17,0) [ 10.780999999999999 ]
504:(43,2,7,34,16,16,0) [ 11.130999999999998 ]
505:(42,2,8,34,16,16,0) [ 11.4306 ]
506:(44,2,6,34,16,16,0) [ 10.8314 ]
507:(44,2,7,35,15,15,0) [ 11.1924 ]
508:(43,2,8,35,15,15,0) [ 11.503 ]
509:(45,2,6,35,15,15,0) [ 10.8818 ]
510:(45,2,7,36,14,14,0) [ 11.2538 ]
511:(44,2,8,36,14,14,0) [ 11.5754 ]
512:(45,2,6,36,14,14,0) [ 10.847800000000001 ]
513:(45,2,7,37,13,13,0) [ 11.2308 ]
514:(44,2,8,37,13,13,0) [ 11.563400000000001 ]
515:(45,2,8,38,12,12,0) [ 11.6358 ]
516:(44,2,9,38,12,12,0) [ 11.979399999999998 ]
517:(45,2,7,38,12,12,0) [ 11.207799999999999 ]
518:(45,2,6,38,12,12,0) [ 10.779799999999998 ]
519:(45,2,5,38,12,12,0) [ 10.3518 ]
520:(46,2,4,38,12,12,0) [ 10.008199999999999 ]
521:(46,2,5,39,11,11,0) [ 10.3912 ]
522:(45,2,6,39,11,11,0) [ 10.745800000000001 ]
523:(47,2,4,39,11,11,0) [ 10.0366 ]
524:(47,2,3,39,11,11,0) [ 9.5976 ]
525:(47,2,2,39,11,11,0) [ 9.1586 ]
526:(47,2,3,40,10,10,0) [ 9.5306 ]
527:(46,2,4,40,10,10,0) [ 9.8962 ]
528:(48,2,2,40,10,10,0) [ 9.165 ]
529:(48,2,1,40,10,10,0) [ 8.715 ]
530:(48,2,2,41,9,9,0) [ 9.087 ]
531:(47,2,3,41,9,9,0) [ 9.463600000000001 ]
532:(48,2,3,42,8,8,0) [ 9.481000000000002 ]
533:(47,2,4,42,8,8,0) [ 9.8686 ]
534:(48,2,4,43,7,7,0) [ 9.896999999999998 ]
535:(47,2,5,43,7,7,0) [ 10.2956 ]
536:(48,2,5,44,6,6,0) [ 10.334999999999999 ]
537:(47,2,6,44,6,6,0) [ 10.7446 ]
538:(49,2,4,44,6,6,0) [ 9.9254 ]
539:(49,2,3,44,6,6,0) [ 9.4314 ]
540:(49,2,4,45,5,5,0) [ 9.869399999999999 ]
541:(48,2,5,45,5,5,0) [ 10.29 ]
542:(49,2,3,45,5,5,0) [ 9.3644 ]
543:(49,2,4,46,4,4,0) [ 9.8134 ]
544:(48,2,5,46,4,4,0) [ 10.245 ]
545:(49,2,3,46,4,4,0) [ 9.297400000000001 ]
546:(49,2,4,47,3,3,0) [ 9.7574 ]
547:(48,2,5,47,3,3,0) [ 10.2 ]
548:(49,2,3,47,3,3,0) [ 9.230400000000001 ]
549:(50,2,2,47,3,3,0) [ 8.7878 ]
550:(50,2,1,47,3,3,0) [ 8.2608 ]
551:(50,2,0,47,3,3,0) [ 7.7338 ]
552:(50,2,1,48,2,2,0) [ 8.1718 ]
553:(49,2,2,48,2,2,0) [ 8.625399999999999 ]
554:(51,2,0,48,2,2,0) [ 7.718200000000001 ]
555:(51,2,1,49,1,1,0) [ 8.1672 ]
556:(50,2,2,49,1,1,0) [ 8.6318 ]
557:(51,2,0,49,1,1,0) [ 7.618200000000001 ]
558:(51,2,1,50,0,0,0) [ 8.0782 ]
559:(50,2,2,50,0,0,0) [ 8.553799999999999 ]
560:(52,2,0,50,0,0,0) [ 7.602600000000001 ]
561:(32,2,13,23,27,27,0) [ 12.0336 ]
562:(45,2,6,43,7,7,0) [ 10.6098 ]
563:(45,2,7,44,6,6,0) [ 11.069799999999999 ]
564:(49,2,3,48,2,2,0) [ 9.1634 ]
565:(23,2,1,0,50,50,0) [ 10.165 TARGET ]
566:(23,2,2,0,50,50,0) [ 10.175 TARGET ]
567:(23,2,2,1,49,49,0) [ 10.097000000000001 ]
568:(23,2,3,1,49,49,0) [ 10.118 ]
569:(23,2,3,2,48,48,0) [ 10.051 ]
570:(23,2,4,2,48,48,0) [ 10.083 ]
571:(23,2,4,3,47,47,0) [ 10.027000000000001 ]
572:(23,2,5,3,47,47,0) [ 10.07 ]
573:(23,2,5,4,46,46,0) [ 10.025 ]
574:(23,2,6,4,46,46,0) [ 10.079 ]
575:(23,2,6,5,45,45,0) [ 10.045 ]
576:(23,2,7,5,45,45,0) [ 10.11 ]
577:(23,2,7,6,44,44,0) [ 10.087 ]
578:(23,2,8,6,44,44,0) [ 10.163 ]
579:(23,2,8,7,43,43,0) [ 10.151 ]
580:(23,2,9,7,43,43,0) [ 10.238 ]
581:(23,2,9,8,42,42,0) [ 10.237 ]
582:(23,2,10,8,42,42,0) [ 10.335 ]
583:(24,2,8,8,42,42,0) [ 10.2234 ]
584:(24,2,9,9,41,41,0) [ 10.3204 ]
585:(24,2,10,9,41,41,0) [ 10.429400000000001 ]
586:(24,2,10,10,40,40,0) [ 10.4394 ]
587:(24,2,11,10,40,40,0) [ 10.5594 ]
588:(24,2,11,11,39,39,0) [ 10.580400000000001 ]
589:(24,2,12,11,39,39,0) [ 10.711400000000001 ]
590:(24,2,12,12,38,38,0) [ 10.743400000000001 ]
591:(24,2,13,12,38,38,0) [ 10.8854 ]
592:(24,2,13,13,37,37,0) [ 10.9284 ]
593:(24,2,14,13,37,37,0) [ 11.0814 ]
594:(24,2,12,13,37,37,0) [ 10.775400000000001 ]
595:(24,2,13,14,36,36,0) [ 10.9714 ]
596:(24,2,14,14,36,36,0) [ 11.1354 ]
597:(25,2,12,14,36,36,0) [ 10.8918 ]
598:(25,2,11,14,36,36,0) [ 10.7278 ]
599:(26,2,10,14,36,36,0) [ 10.648200000000001 ]
600:(27,2,9,14,36,36,0) [ 10.5686 ]
601:(27,2,10,15,35,35,0) [ 10.7426 ]
602:(27,2,11,15,35,35,0) [ 10.9176 ]
603:(27,2,11,16,34,34,0) [ 10.938600000000001 ]
604:(27,2,12,16,34,34,0) [ 11.124600000000001 ]
605:(27,2,10,16,34,34,0) [ 10.752600000000001 ]
606:(27,2,11,17,33,33,0) [ 10.9596 ]
607:(27,2,12,17,33,33,0) [ 11.156600000000001 ]
608:(27,2,12,18,32,32,0) [ 11.188600000000001 ]
609:(27,2,13,18,32,32,0) [ 11.3966 ]
610:(27,2,13,19,31,31,0) [ 11.4396 ]
611:(27,2,14,19,31,31,0) [ 11.658600000000002 ]
612:(28,2,12,19,31,31,0) [ 11.305000000000001 ]
613:(29,2,11,19,31,31,0) [ 11.170399999999999 ]
614:(29,2,12,20,30,30,0) [ 11.4214 ]
615:(29,2,13,20,30,30,0) [ 11.651399999999999 ]
616:(29,2,13,21,29,29,0) [ 11.6944 ]
617:(29,2,14,21,29,29,0) [ 11.9354 ]
618:(30,2,12,21,29,29,0) [ 11.5378 ]
619:(30,2,13,22,28,28,0) [ 11.8218 ]
620:(30,2,14,22,28,28,0) [ 12.073800000000002 ]
621:(30,2,12,22,28,28,0) [ 11.5698 ]
622:(31,2,11,22,28,28,0) [ 11.4022 ]
623:(31,2,10,22,28,28,0) [ 11.150200000000002 ]
624:(31,2,11,23,27,27,0) [ 11.423199999999998 ]
625:(31,2,12,23,27,27,0) [ 11.6862 ]
626:(31,2,12,24,26,26,0) [ 11.718200000000001 ]
627:(31,2,13,24,26,26,0) [ 11.992199999999999 ]
628:(31,2,13,25,25,25,0) [ 12.0352 ]
629:(31,2,14,25,25,25,0) [ 12.3202 ]
630:(31,2,14,26,24,24,0) [ 12.3742 ]
631:(31,2,15,26,24,24,0) [ 12.6702 ]
632:(31,2,13,26,24,24,0) [ 12.0782 ]
633:(31,2,14,27,23,23,0) [ 12.4282 ]
634:(31,2,15,27,23,23,0) [ 12.735199999999999 ]
635:(32,2,13,27,23,23,0) [ 12.2056 ]
636:(32,2,14,28,22,22,0) [ 12.566600000000001 ]
637:(32,2,15,28,22,22,0) [ 12.884599999999999 ]
638:(32,2,13,28,22,22,0) [ 12.2486 ]
639:(32,2,14,29,21,21,0) [ 12.620600000000001 ]
640:(32,2,15,29,21,21,0) [ 12.949599999999998 ]
641:(32,2,13,29,21,21,0) [ 12.291599999999999 ]
642:(33,2,12,29,21,21,0) [ 12.046999999999999 ]
643:(34,2,11,29,21,21,0) [ 11.8024 ]
644:(34,2,10,29,21,21,0) [ 11.4734 ]
645:(34,2,11,30,20,20,0) [ 11.8234 ]
646:(34,2,12,30,20,20,0) [ 12.1634 ]
647:(35,2,10,30,20,20,0) [ 11.5678 ]
648:(36,2,9,30,20,20,0) [ 11.3122 ]
649:(36,2,10,31,19,19,0) [ 11.6622 ]
650:(36,2,11,31,19,19,0) [ 12.0132 ]
651:(36,2,9,31,19,19,0) [ 11.311200000000001 ]
652:(37,2,8,31,19,19,0) [ 11.0446 ]
653:(37,2,9,32,18,18,0) [ 11.3946 ]
654:(37,2,10,32,18,18,0) [ 11.7566 ]
655:(37,2,8,32,18,18,0) [ 11.032600000000002 ]
656:(37,2,9,33,17,17,0) [ 11.3936 ]
657:(37,2,10,33,17,17,0) [ 11.7666 ]
658:(38,2,8,33,17,17,0) [ 11.105 ]
659:(38,2,7,33,17,17,0) [ 10.732 ]
660:(39,2,6,33,17,17,0) [ 10.4434 ]
661:(39,2,7,34,16,16,0) [ 10.7934 ]
662:(39,2,8,34,16,16,0) [ 11.1774 ]
663:(40,2,6,34,16,16,0) [ 10.4938 ]
664:(40,2,7,35,15,15,0) [ 10.854800000000001 ]
665:(40,2,8,35,15,15,0) [ 11.2498 ]
666:(41,2,6,35,15,15,0) [ 10.5442 ]
667:(41,2,7,36,14,14,0) [ 10.916200000000002 ]
668:(41,2,8,36,14,14,0) [ 11.3222 ]
669:(41,2,6,36,14,14,0) [ 10.510200000000001 ]
670:(41,2,7,37,13,13,0) [ 10.8932 ]
671:(41,2,8,37,13,13,0) [ 11.310200000000002 ]
672:(41,2,8,38,12,12,0) [ 11.298200000000001 ]
673:(41,2,9,38,12,12,0) [ 11.726199999999999 ]
674:(41,2,7,38,12,12,0) [ 10.8702 ]
675:(41,2,6,38,12,12,0) [ 10.4422 ]
676:(41,2,5,38,12,12,0) [ 10.014199999999999 ]
677:(42,2,4,38,12,12,0) [ 9.6706 ]
678:(42,2,5,39,11,11,0) [ 10.053599999999998 ]
679:(42,2,6,39,11,11,0) [ 10.492600000000001 ]
680:(43,2,4,39,11,11,0) [ 9.699 ]
681:(43,2,3,39,11,11,0) [ 9.26 ]
682:(43,2,2,39,11,11,0) [ 8.821 ]
683:(43,2,3,40,10,10,0) [ 9.193 ]
684:(43,2,4,40,10,10,0) [ 9.643 ]
685:(44,2,2,40,10,10,0) [ 8.8274 ]
686:(44,2,1,40,10,10,0) [ 8.3774 ]
687:(44,2,2,41,9,9,0) [ 8.7494 ]
688:(44,2,3,41,9,9,0) [ 9.2104 ]
689:(44,2,3,42,8,8,0) [ 9.1434 ]
690:(44,2,4,42,8,8,0) [ 9.615400000000001 ]
691:(44,2,4,43,7,7,0) [ 9.5594 ]
692:(44,2,5,43,7,7,0) [ 10.042399999999999 ]
693:(44,2,5,44,6,6,0) [ 9.9974 ]
694:(44,2,6,44,6,6,0) [ 10.4914 ]
695:(45,2,4,44,6,6,0) [ 9.5878 ]
696:(45,2,3,44,6,6,0) [ 9.0938 ]
697:(45,2,4,45,5,5,0) [ 9.5318 ]
698:(45,2,5,45,5,5,0) [ 10.0368 ]
699:(45,2,3,45,5,5,0) [ 9.0268 ]
700:(45,2,4,46,4,4,0) [ 9.475800000000001 ]
701:(45,2,5,46,4,4,0) [ 9.9918 ]
702:(45,2,3,46,4,4,0) [ 8.9598 ]
703:(45,2,4,47,3,3,0) [ 9.419800000000002 ]
704:(45,2,5,47,3,3,0) [ 9.9468 ]
705:(45,2,3,47,3,3,0) [ 8.892800000000001 ]
706:(46,2,2,47,3,3,0) [ 8.450200000000002 ]
707:(46,2,1,47,3,3,0) [ 7.9232000000000005 ]
708:(46,2,0,47,3,3,0) [ 7.3962 ]
709:(46,2,1,48,2,2,0) [ 7.834200000000001 ]
710:(46,2,2,48,2,2,0) [ 8.3722 ]
711:(47,2,0,48,2,2,0) [ 7.3806 ]
712:(47,2,1,49,1,1,0) [ 7.8296 ]
713:(47,2,2,49,1,1,0) [ 8.3786 ]
714:(47,2,0,49,1,1,0) [ 7.2806 ]
715:(47,2,1,50,0,0,0) [ 7.740600000000001 ]
716:(47,2,2,50,0,0,0) [ 8.3006 ]
717:(48,2,0,50,0,0,0) [ 7.265 ]
718:(40,2,9,38,12,12,0) [ 11.6418 ]
719:(24,2,15,14,36,36,0) [ 11.2994 ]
720:(30,2,15,22,28,28,0) [ 12.325800000000001 ]
721:(34,2,13,30,20,20,0) [ 12.5034 ]
722:(36,2,11,32,18,18,0) [ 12.034200000000002 ]
723:(40,2,10,38,12,12,0) [ 12.0698 ]
724:(48,2,4,48,2,2,0) [ 9.616999999999999 ]
725:(48,2,2,46,4,4,0) [ 8.697000000000001 ]
726:(45,2,7,43,7,7,0) [ 11.0928 ]
727:(44,2,8,43,7,7,0) [ 11.491399999999999 ]
728:(44,2,7,42,8,8,0) [ 11.031400000000001 ]
729:(43,2,8,42,8,8,0) [ 11.419 ]
730:(43,2,7,41,9,9,0) [ 10.97 ]
731:(43,2,8,41,9,9,0) [ 11.431 ]
732:(42,2,9,41,9,9,0) [ 11.807599999999999 ]
733:(42,2,10,41,9,9,0) [ 12.268600000000001 ]
734:(42,2,9,40,10,10,0) [ 11.808599999999998 ]
735:(41,2,10,40,10,10,0) [ 12.174199999999999 ]
736:(41,2,9,39,11,11,0) [ 11.7252 ]
737:(40,2,10,39,11,11,0) [ 12.0798 ]
738:(39,2,11,38,12,12,0) [ 12.4134 ]
739:(39,2,10,37,13,13,0) [ 11.9754 ]
740:(39,2,11,37,13,13,0) [ 12.392400000000002 ]
741:(38,2,12,37,13,13,0) [ 12.725000000000001 ]
742:(38,2,11,36,14,14,0) [ 12.287 ]
743:(37,2,12,36,14,14,0) [ 12.608600000000001 ]
744:(37,2,11,35,15,15,0) [ 12.1816 ]
745:(37,2,12,35,15,15,0) [ 12.5766 ]
746:(37,2,13,35,15,15,0) [ 12.971599999999999 ]
747:(36,2,14,35,15,15,0) [ 13.2822 ]
748:(36,2,13,34,16,16,0) [ 12.844199999999999 ]
749:(36,2,12,33,17,17,0) [ 12.4282 ]
750:(35,2,12,32,18,18,0) [ 12.311800000000002 ]
751:(35,2,13,32,18,18,0) [ 12.6738 ]
752:(35,2,14,32,18,18,0) [ 13.035800000000002 ]
753:(35,2,13,31,19,19,0) [ 12.630799999999999 ]
754:(34,2,14,31,19,19,0) [ 12.8974 ]
755:(34,2,14,30,20,20,0) [ 12.843399999999999 ]
756:(34,2,12,27,23,23,0) [ 12.067400000000001 ]
757:(34,2,11,26,24,24,0) [ 11.739400000000002 ]
758:(34,2,10,25,25,25,0) [ 11.433399999999999 ]
759:(34,2,9,24,26,26,0) [ 11.149399999999998 ]
760:(33,2,10,24,26,26,0) [ 11.339 ]
761:(33,2,11,24,26,26,0) [ 11.613 ]
762:(33,2,10,23,27,27,0) [ 11.329 ]
763:(30,2,16,22,28,28,0) [ 12.5778 ]
764:(29,2,17,22,28,28,0) [ 12.7454 ]
765:(29,2,16,21,29,29,0) [ 12.417399999999999 ]
766:(28,2,17,21,29,29,0) [ 12.574 ]
767:(27,2,18,21,29,29,0) [ 12.7306 ]
768:(26,2,19,21,29,29,0) [ 12.887200000000002 ]
769:(26,2,18,20,30,30,0) [ 12.548200000000001 ]
770:(26,2,17,19,31,31,0) [ 12.2312 ]
771:(26,2,16,18,32,32,0) [ 11.9362 ]
772:(25,2,17,18,32,32,0) [ 12.0598 ]
773:(25,2,16,17,33,33,0) [ 11.7758 ]
774:(25,2,17,17,33,33,0) [ 11.9728 ]
775:(24,2,18,17,33,33,0) [ 12.0854 ]
776:(24,2,17,16,34,34,0) [ 11.8014 ]
777:(24,2,16,15,35,35,0) [ 11.5394 ]
778:(-1,-1,-1,-1,-1,-1,-1) [ 0.0 ]