(R_,L,RL,G_,G_a,G_bg,G_d)
0:(50,2,0,50,0,0,0) [ 7.4338 ]
1:(49,2,1,50,0,0,0) [ 7.9094 ]
2:(49,2,0,49,1,1,0) [ 7.4494 ]
3:(48,2,1,49,1,1,0) [ 7.913999999999999 ]
4:(48,2,2,49,1,1,0) [ 8.463 ]
5:(47,2,3,49,1,1,0) [ 8.9276 ]
6:(47,2,4,49,1,1,0) [ 9.4766 ]
7:(46,2,5,49,1,1,0) [ 9.9412 ]
8:(45,2,6,49,1,1,0) [ 10.405800000000001 ]
9:(45,2,5,48,2,2,0) [ 9.901799999999998 ]
10:(45,2,6,48,2,2,0) [ 10.439799999999998 ]
11:(45,2,5,47,3,3,0) [ 9.9468 ]
12:(44,2,6,47,3,3,0) [ 10.389400000000002 ]
13:(44,2,5,46,4,4,0) [ 9.9074 ]
14:(44,2,6,46,4,4,0) [ 10.423399999999999 ]
15:(43,2,7,46,4,4,0) [ 10.854999999999999 ]
16:(43,2,6,45,5,5,0) [ 10.373000000000001 ]
17:(42,2,7,45,5,5,0) [ 10.7936 ]
18:(42,2,8,45,5,5,0) [ 11.2986 ]
19:(42,2,7,44,6,6,0) [ 10.8166 ]
20:(42,2,6,43,7,7,0) [ 10.3566 ]
21:(41,2,7,43,7,7,0) [ 10.755199999999999 ]
22:(41,2,8,43,7,7,0) [ 11.238199999999999 ]
23:(41,2,9,43,7,7,0) [ 11.7212 ]
24:(41,2,8,42,8,8,0) [ 11.2502 ]
25:(40,2,9,42,8,8,0) [ 11.6378 ]
26:(40,2,8,41,9,9,0) [ 11.1778 ]
27:(40,2,7,40,10,10,0) [ 10.739799999999999 ]
28:(40,2,8,40,10,10,0) [ 11.1898 ]
29:(40,2,7,39,11,11,0) [ 10.7628 ]
30:(39,2,8,39,11,11,0) [ 11.1174 ]
31:(39,2,9,39,11,11,0) [ 11.556399999999998 ]
32:(38,2,10,39,11,11,0) [ 11.911 ]
33:(38,2,11,39,11,11,0) [ 12.35 ]
34:(38,2,10,38,12,12,0) [ 11.901 ]
35:(38,2,11,38,12,12,0) [ 12.329 ]
36:(37,2,12,38,12,12,0) [ 12.6726 ]
37:(36,2,13,38,12,12,0) [ 13.016199999999998 ]
38:(36,2,14,38,12,12,0) [ 13.444199999999999 ]
39:(36,2,15,38,12,12,0) [ 13.8722 ]
40:(35,2,16,38,12,12,0) [ 14.215799999999998 ]
41:(35,2,17,38,12,12,0) [ 14.643799999999999 ]
42:(34,2,18,38,12,12,0) [ 14.987399999999997 ]
43:(34,2,17,37,13,13,0) [ 14.4724 ]
44:(34,2,18,37,13,13,0) [ 14.889400000000002 ]
45:(34,2,17,36,14,14,0) [ 14.385400000000002 ]
46:(33,2,18,36,14,14,0) [ 14.706999999999999 ]
47:(33,2,19,36,14,14,0) [ 15.113000000000001 ]
48:(33,2,18,35,15,15,0) [ 14.609000000000002 ]
49:(32,2,19,35,15,15,0) [ 14.919599999999999 ]
50:(32,2,18,34,16,16,0) [ 14.426599999999999 ]
51:(32,2,19,34,16,16,0) [ 14.810599999999999 ]
52:(32,2,18,33,17,17,0) [ 14.328599999999998 ]
53:(32,2,17,32,18,18,0) [ 13.8686 ]
54:(32,2,18,32,18,18,0) [ 14.230599999999999 ]
55:(31,2,19,32,18,18,0) [ 14.508200000000002 ]
56:(31,2,18,31,19,19,0) [ 14.0482 ]
57:(31,2,17,30,20,20,0) [ 13.610199999999999 ]
58:(31,2,16,29,21,21,0) [ 13.1942 ]
59:(31,2,17,29,21,21,0) [ 13.523200000000001 ]
60:(31,2,16,28,22,22,0) [ 13.118199999999998 ]
61:(31,2,15,27,23,23,0) [ 12.735199999999999 ]
62:(31,2,16,27,23,23,0) [ 13.042200000000001 ]
63:(31,2,15,26,24,24,0) [ 12.6702 ]
64:(31,2,14,25,25,25,0) [ 12.3202 ]
65:(31,2,15,25,25,25,0) [ 12.6052 ]
66:(30,2,16,25,25,25,0) [ 12.8058 ]
67:(30,2,17,25,25,25,0) [ 13.0908 ]
68:(30,2,18,25,25,25,0) [ 13.375799999999998 ]
69:(29,2,19,25,25,25,0) [ 13.5764 ]
70:(29,2,18,24,26,26,0) [ 13.193399999999999 ]
71:(28,2,19,24,26,26,0) [ 13.383000000000001 ]
72:(28,2,18,23,27,27,0) [ 13.011 ]
73:(28,2,17,22,28,28,0) [ 12.661000000000001 ]
74:(28,2,16,21,29,29,0) [ 12.333 ]
75:(28,2,15,20,30,30,0) [ 12.027000000000001 ]
76:(28,2,14,19,31,31,0) [ 11.743 ]
77:(27,2,15,19,31,31,0) [ 11.8776 ]
78:(27,2,16,19,31,31,0) [ 12.0966 ]
79:(26,2,17,19,31,31,0) [ 12.2312 ]
80:(26,2,16,18,32,32,0) [ 11.9362 ]
81:(26,2,15,17,33,33,0) [ 11.6632 ]
82:(26,2,14,16,34,34,0) [ 11.4122 ]
83:(26,2,15,16,34,34,0) [ 11.5982 ]
84:(25,2,16,16,34,34,0) [ 11.699800000000002 ]
85:(25,2,17,16,34,34,0) [ 11.885800000000001 ]
86:(25,2,16,15,35,35,0) [ 11.6238 ]
87:(25,2,15,14,36,36,0) [ 11.383799999999999 ]
88:(25,2,14,13,37,37,0) [ 11.1658 ]
89:(25,2,13,12,38,38,0) [ 10.9698 ]
90:(25,2,12,11,39,39,0) [ 10.7958 ]
91:(25,2,11,10,40,40,0) [ 10.643799999999999 ]
92:(25,2,10,9,41,41,0) [ 10.5138 ]
93:(25,2,9,8,42,42,0) [ 10.4058 ]
94:(25,2,8,7,43,43,0) [ 10.3198 ]
95:(25,2,7,6,44,44,0) [ 10.2558 ]
96:(25,2,6,5,45,45,0) [ 10.213799999999999 ]
97:(25,2,5,4,46,46,0) [ 10.1938 ]
98:(25,2,4,3,47,47,0) [ 10.1958 ]
99:(25,2,3,2,48,48,0) [ 10.2198 ]
100:(25,2,2,1,49,49,0) [ 10.2658 ]
101:(25,2,1,0,50,50,0) [ 10.3338 TARGET ]
102:(26,2,1,0,50,50,0) [ 10.4182 TARGET ]
103:(24,2,1,0,50,50,0) [ 10.2494 TARGET ]
104:(24,2,2,0,50,50,0) [ 10.2594 TARGET ]
105:(25,2,2,0,50,50,0) [ 10.3438 TARGET ]
106:(26,2,2,1,49,49,0) [ 10.350200000000001 ]
107:(24,2,2,1,49,49,0) [ 10.1814 ]
108:(24,2,3,1,49,49,0) [ 10.2024 ]
109:(25,2,3,1,49,49,0) [ 10.2868 ]
110:(26,2,3,2,48,48,0) [ 10.304200000000002 ]
111:(24,2,3,2,48,48,0) [ 10.1354 ]
112:(24,2,4,2,48,48,0) [ 10.1674 ]
113:(25,2,4,2,48,48,0) [ 10.251800000000001 ]
114:(26,2,4,3,47,47,0) [ 10.2802 ]
115:(24,2,4,3,47,47,0) [ 10.1114 ]
116:(24,2,5,3,47,47,0) [ 10.154399999999999 ]
117:(25,2,5,3,47,47,0) [ 10.238800000000001 ]
118:(26,2,5,4,46,46,0) [ 10.278200000000002 ]
119:(24,2,5,4,46,46,0) [ 10.1094 ]
120:(24,2,6,4,46,46,0) [ 10.1634 ]
121:(25,2,6,4,46,46,0) [ 10.247800000000002 ]
122:(26,2,6,5,45,45,0) [ 10.298200000000001 ]
123:(24,2,6,5,45,45,0) [ 10.1294 ]
124:(24,2,7,5,45,45,0) [ 10.1944 ]
125:(25,2,7,5,45,45,0) [ 10.2788 ]
126:(26,2,7,6,44,44,0) [ 10.3402 ]
127:(24,2,7,6,44,44,0) [ 10.1714 ]
128:(24,2,8,6,44,44,0) [ 10.2474 ]
129:(25,2,8,6,44,44,0) [ 10.331800000000001 ]
130:(26,2,8,7,43,43,0) [ 10.4042 ]
131:(24,2,8,7,43,43,0) [ 10.235399999999998 ]
132:(24,2,9,7,43,43,0) [ 10.322399999999998 ]
133:(25,2,9,7,43,43,0) [ 10.4068 ]
134:(26,2,9,8,42,42,0) [ 10.490200000000002 ]
135:(24,2,9,8,42,42,0) [ 10.3214 ]
136:(24,2,10,8,42,42,0) [ 10.4194 ]
137:(25,2,10,8,42,42,0) [ 10.5038 ]
138:(26,2,10,9,41,41,0) [ 10.598200000000002 ]
139:(24,2,10,9,41,41,0) [ 10.429400000000001 ]
140:(24,2,11,9,41,41,0) [ 10.5384 ]
141:(25,2,11,9,41,41,0) [ 10.622800000000002 ]
142:(26,2,11,10,40,40,0) [ 10.728200000000001 ]
143:(24,2,11,10,40,40,0) [ 10.5594 ]
144:(24,2,12,10,40,40,0) [ 10.679400000000001 ]
145:(25,2,12,10,40,40,0) [ 10.7638 ]
146:(26,2,12,11,39,39,0) [ 10.8802 ]
147:(24,2,12,11,39,39,0) [ 10.711400000000001 ]
148:(24,2,13,11,39,39,0) [ 10.8424 ]
149:(25,2,13,11,39,39,0) [ 10.9268 ]
150:(26,2,13,12,38,38,0) [ 11.0542 ]
151:(24,2,13,12,38,38,0) [ 10.8854 ]
152:(24,2,14,12,38,38,0) [ 11.0274 ]
153:(25,2,14,12,38,38,0) [ 11.1118 ]
154:(26,2,14,13,37,37,0) [ 11.2502 ]
155:(24,2,14,13,37,37,0) [ 11.0814 ]
156:(24,2,15,13,37,37,0) [ 11.234399999999999 ]
157:(25,2,15,13,37,37,0) [ 11.3188 ]
158:(26,2,15,14,36,36,0) [ 11.4682 ]
159:(24,2,15,14,36,36,0) [ 11.2994 ]
160:(24,2,16,14,36,36,0) [ 11.4634 ]
161:(25,2,16,14,36,36,0) [ 11.5478 ]
162:(26,2,16,15,35,35,0) [ 11.708200000000001 ]
163:(24,2,16,15,35,35,0) [ 11.5394 ]
164:(24,2,17,15,35,35,0) [ 11.714400000000001 ]
165:(25,2,17,15,35,35,0) [ 11.7988 ]
166:(26,2,17,16,34,34,0) [ 11.9702 ]
167:(24,2,17,16,34,34,0) [ 11.8014 ]
168:(24,2,18,16,34,34,0) [ 11.9874 ]
169:(25,2,18,16,34,34,0) [ 12.071800000000001 ]
170:(26,2,16,16,34,34,0) [ 11.7842 ]
171:(24,2,16,16,34,34,0) [ 11.6154 ]
172:(27,2,15,16,34,34,0) [ 11.682599999999999 ]
173:(25,2,15,16,34,34,0) [ 11.5138 ]
174:(27,2,14,16,34,34,0) [ 11.4966 ]
175:(25,2,14,16,34,34,0) [ 11.3278 ]
176:(27,2,15,17,33,33,0) [ 11.747600000000002 ]
177:(25,2,15,17,33,33,0) [ 11.578800000000001 ]
178:(25,2,16,17,33,33,0) [ 11.7758 ]
179:(26,2,16,17,33,33,0) [ 11.860200000000003 ]
180:(27,2,16,18,32,32,0) [ 12.020599999999998 ]
181:(25,2,16,18,32,32,0) [ 11.8518 ]
182:(25,2,17,18,32,32,0) [ 12.0598 ]
183:(26,2,17,18,32,32,0) [ 12.144200000000001 ]
184:(27,2,17,19,31,31,0) [ 12.3156 ]
185:(25,2,17,19,31,31,0) [ 12.1468 ]
186:(25,2,18,19,31,31,0) [ 12.365799999999998 ]
187:(26,2,18,19,31,31,0) [ 12.4502 ]
188:(28,2,16,19,31,31,0) [ 12.181 ]
189:(26,2,16,19,31,31,0) [ 12.0122 ]
190:(28,2,15,19,31,31,0) [ 11.962 ]
191:(26,2,15,19,31,31,0) [ 11.7932 ]
192:(29,2,14,19,31,31,0) [ 11.827399999999999 ]
193:(27,2,14,19,31,31,0) [ 11.658600000000002 ]
194:(29,2,15,20,30,30,0) [ 12.1114 ]
195:(27,2,15,20,30,30,0) [ 11.942599999999999 ]
196:(27,2,16,20,30,30,0) [ 12.1726 ]
197:(28,2,16,20,30,30,0) [ 12.257000000000001 ]
198:(29,2,16,21,29,29,0) [ 12.417399999999999 ]
199:(27,2,16,21,29,29,0) [ 12.248600000000001 ]
200:(27,2,17,21,29,29,0) [ 12.489600000000001 ]
201:(28,2,17,21,29,29,0) [ 12.574 ]
202:(29,2,17,22,28,28,0) [ 12.7454 ]
203:(27,2,17,22,28,28,0) [ 12.576600000000001 ]
204:(27,2,18,22,28,28,0) [ 12.828600000000002 ]
205:(28,2,18,22,28,28,0) [ 12.913 ]
206:(29,2,18,23,27,27,0) [ 13.095399999999998 ]
207:(27,2,18,23,27,27,0) [ 12.9266 ]
208:(27,2,19,23,27,27,0) [ 13.189599999999999 ]
209:(28,2,19,23,27,27,0) [ 13.274000000000001 ]
210:(29,2,19,24,26,26,0) [ 13.4674 ]
211:(27,2,19,24,26,26,0) [ 13.298599999999999 ]
212:(27,2,20,24,26,26,0) [ 13.5726 ]
213:(28,2,20,24,26,26,0) [ 13.656999999999998 ]
214:(30,2,18,24,26,26,0) [ 13.277800000000001 ]
215:(28,2,18,24,26,26,0) [ 13.109 ]
216:(30,2,19,25,25,25,0) [ 13.660799999999998 ]
217:(28,2,19,25,25,25,0) [ 13.492 ]
218:(28,2,20,25,25,25,0) [ 13.777000000000001 ]
219:(29,2,20,25,25,25,0) [ 13.8614 ]
220:(31,2,18,25,25,25,0) [ 13.4602 ]
221:(29,2,18,25,25,25,0) [ 13.2914 ]
222:(31,2,17,25,25,25,0) [ 13.1752 ]
223:(29,2,17,25,25,25,0) [ 13.0064 ]
224:(31,2,16,25,25,25,0) [ 12.8902 ]
225:(29,2,16,25,25,25,0) [ 12.7214 ]
226:(32,2,15,25,25,25,0) [ 12.689599999999999 ]
227:(30,2,15,25,25,25,0) [ 12.520799999999998 ]
228:(32,2,14,25,25,25,0) [ 12.4046 ]
229:(30,2,14,25,25,25,0) [ 12.235800000000001 ]
230:(32,2,15,26,24,24,0) [ 12.754599999999998 ]
231:(30,2,15,26,24,24,0) [ 12.5858 ]
232:(30,2,16,26,24,24,0) [ 12.8818 ]
233:(31,2,16,26,24,24,0) [ 12.966199999999999 ]
234:(32,2,16,27,23,23,0) [ 13.1266 ]
235:(30,2,16,27,23,23,0) [ 12.9578 ]
236:(30,2,17,27,23,23,0) [ 13.264800000000001 ]
237:(31,2,17,27,23,23,0) [ 13.3492 ]
238:(32,2,15,27,23,23,0) [ 12.819600000000001 ]
239:(30,2,15,27,23,23,0) [ 12.6508 ]
240:(32,2,16,28,22,22,0) [ 13.2026 ]
241:(30,2,16,28,22,22,0) [ 13.0338 ]
242:(30,2,17,28,22,22,0) [ 13.3518 ]
243:(31,2,17,28,22,22,0) [ 13.4362 ]
244:(32,2,17,29,21,21,0) [ 13.6076 ]
245:(30,2,17,29,21,21,0) [ 13.438799999999999 ]
246:(30,2,18,29,21,21,0) [ 13.7678 ]
247:(31,2,18,29,21,21,0) [ 13.852199999999998 ]
248:(32,2,16,29,21,21,0) [ 13.278599999999999 ]
249:(30,2,16,29,21,21,0) [ 13.1098 ]
250:(32,2,17,30,20,20,0) [ 13.694600000000001 ]
251:(30,2,17,30,20,20,0) [ 13.5258 ]
252:(30,2,18,30,20,20,0) [ 13.8658 ]
253:(31,2,18,30,20,20,0) [ 13.950199999999999 ]
254:(32,2,18,31,19,19,0) [ 14.132599999999998 ]
255:(30,2,18,31,19,19,0) [ 13.9638 ]
256:(30,2,19,31,19,19,0) [ 14.3148 ]
257:(31,2,19,31,19,19,0) [ 14.399200000000002 ]
258:(32,2,19,32,18,18,0) [ 14.592600000000001 ]
259:(30,2,19,32,18,18,0) [ 14.4238 ]
260:(30,2,20,32,18,18,0) [ 14.785800000000002 ]
261:(31,2,20,32,18,18,0) [ 14.8702 ]
262:(33,2,18,32,18,18,0) [ 14.315000000000001 ]
263:(31,2,18,32,18,18,0) [ 14.1462 ]
264:(33,2,17,32,18,18,0) [ 13.953 ]
265:(31,2,17,32,18,18,0) [ 13.784200000000002 ]
266:(33,2,18,33,17,17,0) [ 14.413 ]
267:(31,2,18,33,17,17,0) [ 14.2442 ]
268:(31,2,19,33,17,17,0) [ 14.6172 ]
269:(32,2,19,33,17,17,0) [ 14.7016 ]
270:(33,2,19,34,16,16,0) [ 14.895000000000001 ]
271:(31,2,19,34,16,16,0) [ 14.7262 ]
272:(31,2,20,34,16,16,0) [ 15.110199999999997 ]
273:(32,2,20,34,16,16,0) [ 15.1946 ]
274:(33,2,18,34,16,16,0) [ 14.511000000000001 ]
275:(31,2,18,34,16,16,0) [ 14.3422 ]
276:(33,2,19,35,15,15,0) [ 15.004000000000001 ]
277:(31,2,19,35,15,15,0) [ 14.8352 ]
278:(31,2,20,35,15,15,0) [ 15.2302 ]
279:(32,2,20,35,15,15,0) [ 15.314599999999999 ]
280:(34,2,18,35,15,15,0) [ 14.6934 ]
281:(32,2,18,35,15,15,0) [ 14.5246 ]
282:(34,2,19,36,14,14,0) [ 15.1974 ]
283:(32,2,19,36,14,14,0) [ 15.028599999999999 ]
284:(32,2,20,36,14,14,0) [ 15.434600000000001 ]
285:(33,2,20,36,14,14,0) [ 15.519 ]
286:(34,2,18,36,14,14,0) [ 14.791400000000001 ]
287:(32,2,18,36,14,14,0) [ 14.6226 ]
288:(35,2,17,36,14,14,0) [ 14.469800000000001 ]
289:(33,2,17,36,14,14,0) [ 14.301 ]
290:(35,2,18,37,13,13,0) [ 14.9738 ]
291:(33,2,18,37,13,13,0) [ 14.805 ]
292:(33,2,19,37,13,13,0) [ 15.222000000000001 ]
293:(34,2,19,37,13,13,0) [ 15.3064 ]
294:(35,2,17,37,13,13,0) [ 14.556799999999999 ]
295:(33,2,17,37,13,13,0) [ 14.388000000000002 ]
296:(35,2,18,38,12,12,0) [ 15.0718 ]
297:(33,2,18,38,12,12,0) [ 14.902999999999999 ]
298:(33,2,19,38,12,12,0) [ 15.331 ]
299:(34,2,19,38,12,12,0) [ 15.415399999999998 ]
300:(36,2,17,38,12,12,0) [ 14.728200000000001 ]
301:(34,2,17,38,12,12,0) [ 14.5594 ]
302:(36,2,16,38,12,12,0) [ 14.3002 ]
303:(34,2,16,38,12,12,0) [ 14.1314 ]
304:(37,2,15,38,12,12,0) [ 13.956599999999998 ]
305:(35,2,15,38,12,12,0) [ 13.7878 ]
306:(37,2,14,38,12,12,0) [ 13.5286 ]
307:(35,2,14,38,12,12,0) [ 13.3598 ]
308:(37,2,13,38,12,12,0) [ 13.1006 ]
309:(35,2,13,38,12,12,0) [ 12.931799999999999 ]
310:(38,2,12,38,12,12,0) [ 12.757000000000001 ]
311:(36,2,12,38,12,12,0) [ 12.5882 ]
312:(39,2,11,38,12,12,0) [ 12.4134 ]
313:(37,2,11,38,12,12,0) [ 12.244599999999998 ]
314:(39,2,10,38,12,12,0) [ 11.985399999999998 ]
315:(37,2,10,38,12,12,0) [ 11.816600000000001 ]
316:(39,2,11,39,11,11,0) [ 12.434399999999998 ]
317:(37,2,11,39,11,11,0) [ 12.2656 ]
318:(37,2,12,39,11,11,0) [ 12.704600000000001 ]
319:(38,2,12,39,11,11,0) [ 12.789 ]
320:(39,2,10,39,11,11,0) [ 11.995399999999998 ]
321:(37,2,10,39,11,11,0) [ 11.8266 ]
322:(40,2,9,39,11,11,0) [ 11.6408 ]
323:(38,2,9,39,11,11,0) [ 11.472 ]
324:(40,2,8,39,11,11,0) [ 11.2018 ]
325:(38,2,8,39,11,11,0) [ 11.033 ]
326:(41,2,7,39,11,11,0) [ 10.847199999999999 ]
327:(39,2,7,39,11,11,0) [ 10.6784 ]
328:(41,2,8,40,10,10,0) [ 11.2742 ]
329:(39,2,8,40,10,10,0) [ 11.1054 ]
330:(39,2,9,40,10,10,0) [ 11.555399999999999 ]
331:(40,2,9,40,10,10,0) [ 11.639800000000001 ]
332:(41,2,7,40,10,10,0) [ 10.824200000000001 ]
333:(39,2,7,40,10,10,0) [ 10.6554 ]
334:(41,2,8,41,9,9,0) [ 11.262200000000002 ]
335:(39,2,8,41,9,9,0) [ 11.0934 ]
336:(39,2,9,41,9,9,0) [ 11.5544 ]
337:(40,2,9,41,9,9,0) [ 11.6388 ]
338:(41,2,9,42,8,8,0) [ 11.7222 ]
339:(39,2,9,42,8,8,0) [ 11.5534 ]
340:(39,2,10,42,8,8,0) [ 12.025400000000001 ]
341:(40,2,10,42,8,8,0) [ 12.1098 ]
342:(42,2,8,42,8,8,0) [ 11.334600000000002 ]
343:(40,2,8,42,8,8,0) [ 11.1658 ]
344:(42,2,9,43,7,7,0) [ 11.805599999999998 ]
345:(40,2,9,43,7,7,0) [ 11.6368 ]
346:(40,2,10,43,7,7,0) [ 12.119799999999998 ]
347:(41,2,10,43,7,7,0) [ 12.2042 ]
348:(42,2,8,43,7,7,0) [ 11.322599999999998 ]
349:(40,2,8,43,7,7,0) [ 11.1538 ]
350:(42,2,7,43,7,7,0) [ 10.839599999999999 ]
351:(40,2,7,43,7,7,0) [ 10.6708 ]
352:(43,2,6,43,7,7,0) [ 10.440999999999999 ]
353:(41,2,6,43,7,7,0) [ 10.2722 ]
354:(43,2,7,44,6,6,0) [ 10.900999999999998 ]
355:(41,2,7,44,6,6,0) [ 10.7322 ]
356:(41,2,8,44,6,6,0) [ 11.2262 ]
357:(42,2,8,44,6,6,0) [ 11.310599999999999 ]
358:(43,2,8,45,5,5,0) [ 11.383 ]
359:(41,2,8,45,5,5,0) [ 11.214200000000002 ]
360:(41,2,9,45,5,5,0) [ 11.7192 ]
361:(42,2,9,45,5,5,0) [ 11.8036 ]
362:(43,2,7,45,5,5,0) [ 10.878 ]
363:(41,2,7,45,5,5,0) [ 10.7092 ]
364:(44,2,6,45,5,5,0) [ 10.4574 ]
365:(42,2,6,45,5,5,0) [ 10.288599999999999 ]
366:(44,2,7,46,4,4,0) [ 10.939400000000001 ]
367:(42,2,7,46,4,4,0) [ 10.7706 ]
368:(42,2,8,46,4,4,0) [ 11.286600000000002 ]
369:(43,2,8,46,4,4,0) [ 11.371 ]
370:(45,2,6,46,4,4,0) [ 10.507800000000001 ]
371:(43,2,6,46,4,4,0) [ 10.339 ]
372:(45,2,5,46,4,4,0) [ 9.9918 ]
373:(43,2,5,46,4,4,0) [ 9.822999999999999 ]
374:(45,2,6,47,3,3,0) [ 10.4738 ]
375:(43,2,6,47,3,3,0) [ 10.305 ]
376:(43,2,7,47,3,3,0) [ 10.832 ]
377:(44,2,7,47,3,3,0) [ 10.9164 ]
378:(46,2,5,47,3,3,0) [ 10.031200000000002 ]
379:(44,2,5,47,3,3,0) [ 9.862400000000001 ]
380:(46,2,6,48,2,2,0) [ 10.5242 ]
381:(44,2,6,48,2,2,0) [ 10.3554 ]
382:(44,2,7,48,2,2,0) [ 10.8934 ]
383:(45,2,7,48,2,2,0) [ 10.977799999999998 ]
384:(46,2,5,48,2,2,0) [ 9.9862 ]
385:(44,2,5,48,2,2,0) [ 9.8174 ]
386:(46,2,6,49,1,1,0) [ 10.4902 ]
387:(44,2,6,49,1,1,0) [ 10.321399999999999 ]
388:(44,2,7,49,1,1,0) [ 10.870399999999998 ]
389:(45,2,7,49,1,1,0) [ 10.9548 ]
390:(47,2,5,49,1,1,0) [ 10.025599999999999 ]
391:(45,2,5,49,1,1,0) [ 9.856799999999998 ]
392:(48,2,4,49,1,1,0) [ 9.560999999999998 ]
393:(46,2,4,49,1,1,0) [ 9.3922 ]
394:(48,2,3,49,1,1,0) [ 9.011999999999999 ]
395:(46,2,3,49,1,1,0) [ 8.843200000000001 ]
396:(49,2,2,49,1,1,0) [ 8.547399999999998 ]
397:(47,2,2,49,1,1,0) [ 8.3786 ]
398:(49,2,1,49,1,1,0) [ 7.998399999999999 ]
399:(47,2,1,49,1,1,0) [ 7.8296 ]
400:(50,2,0,49,1,1,0) [ 7.533799999999999 ]
401:(48,2,0,49,1,1,0) [ 7.364999999999999 ]
402:(50,2,1,50,0,0,0) [ 7.993799999999999 ]
403:(48,2,1,50,0,0,0) [ 7.824999999999999 ]
404:(48,2,2,50,0,0,0) [ 8.384999999999998 ]
405:(49,2,2,50,0,0,0) [ 8.4694 ]
406:(51,2,0,50,0,0,0) [ 7.518200000000001 ]
407:(49,2,0,50,0,0,0) [ 7.3494 ]
408:(27,2,1,0,50,50,0) [ 10.502600000000001 TARGET ]
409:(26,2,2,0,50,50,0) [ 10.4282 TARGET ]
410:(27,2,2,1,49,49,0) [ 10.4346 ]
411:(26,2,3,1,49,49,0) [ 10.3712 ]
412:(27,2,3,2,48,48,0) [ 10.3886 ]
413:(26,2,4,2,48,48,0) [ 10.336200000000002 ]
414:(27,2,4,3,47,47,0) [ 10.3646 ]
415:(26,2,5,3,47,47,0) [ 10.3232 ]
416:(27,2,5,4,46,46,0) [ 10.3626 ]
417:(26,2,6,4,46,46,0) [ 10.3322 ]
418:(27,2,6,5,45,45,0) [ 10.3826 ]
419:(26,2,7,5,45,45,0) [ 10.363199999999999 ]
420:(27,2,7,6,44,44,0) [ 10.424600000000002 ]
421:(26,2,8,6,44,44,0) [ 10.4162 ]
422:(27,2,8,7,43,43,0) [ 10.488600000000002 ]
423:(26,2,9,7,43,43,0) [ 10.4912 ]
424:(27,2,9,8,42,42,0) [ 10.5746 ]
425:(26,2,10,8,42,42,0) [ 10.5882 ]
426:(27,2,10,9,41,41,0) [ 10.6826 ]
427:(26,2,11,9,41,41,0) [ 10.7072 ]
428:(27,2,11,10,40,40,0) [ 10.8126 ]
429:(26,2,12,10,40,40,0) [ 10.8482 ]
430:(27,2,12,11,39,39,0) [ 10.9646 ]
431:(26,2,13,11,39,39,0) [ 11.0112 ]
432:(27,2,13,12,38,38,0) [ 11.1386 ]
433:(26,2,14,12,38,38,0) [ 11.196200000000001 ]
434:(27,2,14,13,37,37,0) [ 11.3346 ]
435:(26,2,15,13,37,37,0) [ 11.4032 ]
436:(27,2,15,14,36,36,0) [ 11.5526 ]
437:(26,2,16,14,36,36,0) [ 11.6322 ]
438:(27,2,16,15,35,35,0) [ 11.7926 ]
439:(26,2,17,15,35,35,0) [ 11.8832 ]
440:(27,2,17,16,34,34,0) [ 12.0546 ]
441:(26,2,18,16,34,34,0) [ 12.1562 ]
442:(27,2,16,16,34,34,0) [ 11.8686 ]
443:(28,2,15,16,34,34,0) [ 11.767000000000001 ]
444:(28,2,14,16,34,34,0) [ 11.581000000000001 ]
445:(28,2,15,17,33,33,0) [ 11.832 ]
446:(27,2,16,17,33,33,0) [ 11.944600000000001 ]
447:(28,2,16,18,32,32,0) [ 12.105 ]
448:(27,2,17,18,32,32,0) [ 12.2286 ]
449:(28,2,17,19,31,31,0) [ 12.4 ]
450:(27,2,18,19,31,31,0) [ 12.5346 ]
451:(29,2,16,19,31,31,0) [ 12.2654 ]
452:(29,2,15,19,31,31,0) [ 12.0464 ]
453:(30,2,14,19,31,31,0) [ 11.911800000000001 ]
454:(30,2,15,20,30,30,0) [ 12.195799999999998 ]
455:(29,2,16,20,30,30,0) [ 12.3414 ]
456:(30,2,16,21,29,29,0) [ 12.501800000000001 ]
457:(29,2,17,21,29,29,0) [ 12.6584 ]
458:(30,2,17,22,28,28,0) [ 12.8298 ]
459:(29,2,18,22,28,28,0) [ 12.9974 ]
460:(30,2,18,23,27,27,0) [ 13.1798 ]
461:(29,2,19,23,27,27,0) [ 13.3584 ]
462:(30,2,19,24,26,26,0) [ 13.551799999999998 ]
463:(29,2,20,24,26,26,0) [ 13.7414 ]
464:(31,2,18,24,26,26,0) [ 13.3622 ]
465:(31,2,19,25,25,25,0) [ 13.7452 ]
466:(30,2,20,25,25,25,0) [ 13.945799999999998 ]
467:(32,2,18,25,25,25,0) [ 13.544599999999999 ]
468:(32,2,17,25,25,25,0) [ 13.259599999999999 ]
469:(32,2,16,25,25,25,0) [ 12.974599999999999 ]
470:(33,2,15,25,25,25,0) [ 12.774 ]
471:(33,2,14,25,25,25,0) [ 12.489 ]
472:(33,2,15,26,24,24,0) [ 12.839 ]
473:(32,2,16,26,24,24,0) [ 13.050600000000001 ]
474:(33,2,16,27,23,23,0) [ 13.211000000000002 ]
475:(32,2,17,27,23,23,0) [ 13.433600000000002 ]
476:(33,2,15,27,23,23,0) [ 12.904 ]
477:(33,2,16,28,22,22,0) [ 13.286999999999999 ]
478:(32,2,17,28,22,22,0) [ 13.520599999999998 ]
479:(33,2,17,29,21,21,0) [ 13.691999999999998 ]
480:(32,2,18,29,21,21,0) [ 13.9366 ]
481:(33,2,16,29,21,21,0) [ 13.363000000000001 ]
482:(33,2,17,30,20,20,0) [ 13.779 ]
483:(32,2,18,30,20,20,0) [ 14.034600000000001 ]
484:(33,2,18,31,19,19,0) [ 14.217 ]
485:(32,2,19,31,19,19,0) [ 14.483600000000001 ]
486:(33,2,19,32,18,18,0) [ 14.677 ]
487:(32,2,20,32,18,18,0) [ 14.9546 ]
488:(34,2,18,32,18,18,0) [ 14.3994 ]
489:(34,2,17,32,18,18,0) [ 14.037400000000002 ]
490:(34,2,18,33,17,17,0) [ 14.497399999999999 ]
491:(33,2,19,33,17,17,0) [ 14.785999999999998 ]
492:(34,2,19,34,16,16,0) [ 14.9794 ]
493:(33,2,20,34,16,16,0) [ 15.278999999999998 ]
494:(34,2,18,34,16,16,0) [ 14.5954 ]
495:(34,2,19,35,15,15,0) [ 15.0884 ]
496:(33,2,20,35,15,15,0) [ 15.399000000000001 ]
497:(35,2,18,35,15,15,0) [ 14.7778 ]
498:(35,2,19,36,14,14,0) [ 15.281800000000002 ]
499:(34,2,20,36,14,14,0) [ 15.603399999999999 ]
500:(35,2,18,36,14,14,0) [ 14.8758 ]
501:(36,2,17,36,14,14,0) [ 14.5542 ]
502:(36,2,18,37,13,13,0) [ 15.0582 ]
503:(35,2,19,37,13,13,0) [ 15.390800000000002 ]
504:(36,2,17,37,13,13,0) [ 14.641200000000001 ]
505:(36,2,18,38,12,12,0) [ 15.156199999999998 ]
506:(35,2,19,38,12,12,0) [ 15.4998 ]
507:(37,2,17,38,12,12,0) [ 14.8126 ]
508:(37,2,16,38,12,12,0) [ 14.384599999999999 ]
509:(38,2,15,38,12,12,0) [ 14.041 ]
510:(38,2,14,38,12,12,0) [ 13.613 ]
511:(38,2,13,38,12,12,0) [ 13.184999999999999 ]
512:(39,2,12,38,12,12,0) [ 12.8414 ]
513:(40,2,11,38,12,12,0) [ 12.497799999999998 ]
514:(40,2,10,38,12,12,0) [ 12.0698 ]
515:(40,2,11,39,11,11,0) [ 12.5188 ]
516:(39,2,12,39,11,11,0) [ 12.873400000000002 ]
517:(40,2,10,39,11,11,0) [ 12.0798 ]
518:(41,2,9,39,11,11,0) [ 11.7252 ]
519:(41,2,8,39,11,11,0) [ 11.2862 ]
520:(42,2,7,39,11,11,0) [ 10.9316 ]
521:(42,2,8,40,10,10,0) [ 11.3586 ]
522:(41,2,9,40,10,10,0) [ 11.7242 ]
523:(42,2,7,40,10,10,0) [ 10.9086 ]
524:(42,2,8,41,9,9,0) [ 11.3466 ]
525:(41,2,9,41,9,9,0) [ 11.7232 ]
526:(42,2,9,42,8,8,0) [ 11.8066 ]
527:(41,2,10,42,8,8,0) [ 12.194200000000002 ]
528:(43,2,8,42,8,8,0) [ 11.419 ]
529:(43,2,9,43,7,7,0) [ 11.889999999999999 ]
530:(42,2,10,43,7,7,0) [ 12.288599999999999 ]
531:(43,2,8,43,7,7,0) [ 11.407 ]
532:(43,2,7,43,7,7,0) [ 10.924 ]
533:(44,2,6,43,7,7,0) [ 10.5254 ]
534:(44,2,7,44,6,6,0) [ 10.9854 ]
535:(43,2,8,44,6,6,0) [ 11.395 ]
536:(44,2,8,45,5,5,0) [ 11.467400000000001 ]
537:(43,2,9,45,5,5,0) [ 11.887999999999998 ]
538:(44,2,7,45,5,5,0) [ 10.962399999999999 ]
539:(45,2,6,45,5,5,0) [ 10.5418 ]
540:(45,2,7,46,4,4,0) [ 11.0238 ]
541:(44,2,8,46,4,4,0) [ 11.4554 ]
542:(46,2,6,46,4,4,0) [ 10.5922 ]
543:(46,2,5,46,4,4,0) [ 10.076200000000002 ]
544:(46,2,6,47,3,3,0) [ 10.558200000000003 ]
545:(45,2,7,47,3,3,0) [ 11.000800000000002 ]
546:(47,2,5,47,3,3,0) [ 10.1156 ]
547:(47,2,6,48,2,2,0) [ 10.6086 ]
548:(46,2,7,48,2,2,0) [ 11.0622 ]
549:(47,2,5,48,2,2,0) [ 10.070599999999999 ]
550:(47,2,6,49,1,1,0) [ 10.5746 ]
551:(46,2,7,49,1,1,0) [ 11.0392 ]
552:(48,2,5,49,1,1,0) [ 10.109999999999998 ]
553:(49,2,4,49,1,1,0) [ 9.6454 ]
554:(49,2,3,49,1,1,0) [ 9.096400000000001 ]
555:(50,2,2,49,1,1,0) [ 8.6318 ]
556:(50,2,1,49,1,1,0) [ 8.082799999999999 ]
557:(51,2,0,49,1,1,0) [ 7.618200000000001 ]
558:(51,2,1,50,0,0,0) [ 8.0782 ]
559:(50,2,2,50,0,0,0) [ 8.553799999999999 ]
560:(52,2,0,50,0,0,0) [ 7.602600000000001 ]
561:(23,2,1,0,50,50,0) [ 10.165 TARGET ]
562:(23,2,2,0,50,50,0) [ 10.175 TARGET ]
563:(23,2,2,1,49,49,0) [ 10.097000000000001 ]
564:(23,2,3,1,49,49,0) [ 10.118 ]
565:(23,2,3,2,48,48,0) [ 10.051 ]
566:(23,2,4,2,48,48,0) [ 10.083 ]
567:(23,2,4,3,47,47,0) [ 10.027000000000001 ]
568:(23,2,5,3,47,47,0) [ 10.07 ]
569:(23,2,5,4,46,46,0) [ 10.025 ]
570:(23,2,6,4,46,46,0) [ 10.079 ]
571:(23,2,6,5,45,45,0) [ 10.045 ]
572:(23,2,7,5,45,45,0) [ 10.11 ]
573:(23,2,7,6,44,44,0) [ 10.087 ]
574:(23,2,8,6,44,44,0) [ 10.163 ]
575:(23,2,8,7,43,43,0) [ 10.151 ]
576:(23,2,9,7,43,43,0) [ 10.238 ]
577:(23,2,9,8,42,42,0) [ 10.237 ]
578:(23,2,10,8,42,42,0) [ 10.335 ]
579:(23,2,10,9,41,41,0) [ 10.344999999999999 ]
580:(23,2,11,9,41,41,0) [ 10.454 ]
581:(23,2,11,10,40,40,0) [ 10.475 ]
582:(23,2,12,10,40,40,0) [ 10.594999999999999 ]
583:(23,2,12,11,39,39,0) [ 10.627 ]
584:(23,2,13,11,39,39,0) [ 10.758000000000001 ]
585:(23,2,13,12,38,38,0) [ 10.801 ]
586:(23,2,14,12,38,38,0) [ 10.943 ]
587:(23,2,14,13,37,37,0) [ 10.997 ]
588:(23,2,15,13,37,37,0) [ 11.15 ]
589:(23,2,15,14,36,36,0) [ 11.215 ]
590:(23,2,16,14,36,36,0) [ 11.379 ]
591:(23,2,16,15,35,35,0) [ 11.454999999999998 ]
592:(23,2,17,15,35,35,0) [ 11.629999999999999 ]
593:(23,2,17,16,34,34,0) [ 11.717 ]
594:(23,2,18,16,34,34,0) [ 11.903 ]
595:(23,2,16,16,34,34,0) [ 11.531 ]
596:(24,2,15,16,34,34,0) [ 11.4294 ]
597:(24,2,14,16,34,34,0) [ 11.243400000000001 ]
598:(24,2,15,17,33,33,0) [ 11.494399999999999 ]
599:(24,2,16,17,33,33,0) [ 11.691400000000002 ]
600:(24,2,16,18,32,32,0) [ 11.767399999999999 ]
601:(24,2,17,18,32,32,0) [ 11.9754 ]
602:(24,2,17,19,31,31,0) [ 12.062399999999998 ]
603:(24,2,18,19,31,31,0) [ 12.2814 ]
604:(25,2,16,19,31,31,0) [ 11.9278 ]
605:(25,2,15,19,31,31,0) [ 11.708799999999998 ]
606:(26,2,14,19,31,31,0) [ 11.5742 ]
607:(26,2,15,20,30,30,0) [ 11.8582 ]
608:(26,2,16,20,30,30,0) [ 12.0882 ]
609:(26,2,16,21,29,29,0) [ 12.1642 ]
610:(26,2,17,21,29,29,0) [ 12.4052 ]
611:(26,2,17,22,28,28,0) [ 12.4922 ]
612:(26,2,18,22,28,28,0) [ 12.744200000000001 ]
613:(26,2,18,23,27,27,0) [ 12.842199999999998 ]
614:(26,2,19,23,27,27,0) [ 13.1052 ]
615:(26,2,19,24,26,26,0) [ 13.2142 ]
616:(26,2,20,24,26,26,0) [ 13.4882 ]
617:(27,2,18,24,26,26,0) [ 13.024600000000001 ]
618:(27,2,19,25,25,25,0) [ 13.407599999999999 ]
619:(27,2,20,25,25,25,0) [ 13.692599999999999 ]
620:(28,2,18,25,25,25,0) [ 13.207 ]
621:(28,2,17,25,25,25,0) [ 12.922 ]
622:(28,2,16,25,25,25,0) [ 12.637 ]
623:(29,2,15,25,25,25,0) [ 12.436399999999999 ]
624:(29,2,14,25,25,25,0) [ 12.151399999999999 ]
625:(29,2,15,26,24,24,0) [ 12.501399999999999 ]
626:(29,2,16,26,24,24,0) [ 12.797400000000001 ]
627:(29,2,16,27,23,23,0) [ 12.8734 ]
628:(29,2,17,27,23,23,0) [ 13.180400000000002 ]
629:(29,2,15,27,23,23,0) [ 12.5664 ]
630:(29,2,16,28,22,22,0) [ 12.9494 ]
631:(29,2,17,28,22,22,0) [ 13.267399999999999 ]
632:(29,2,17,29,21,21,0) [ 13.3544 ]
633:(29,2,18,29,21,21,0) [ 13.6834 ]
634:(29,2,16,29,21,21,0) [ 13.0254 ]
635:(29,2,17,30,20,20,0) [ 13.441400000000002 ]
636:(29,2,18,30,20,20,0) [ 13.781400000000001 ]
637:(29,2,18,31,19,19,0) [ 13.879399999999999 ]
638:(29,2,19,31,19,19,0) [ 14.230400000000001 ]
639:(29,2,19,32,18,18,0) [ 14.339400000000001 ]
640:(29,2,20,32,18,18,0) [ 14.7014 ]
641:(30,2,18,32,18,18,0) [ 14.061800000000002 ]
642:(30,2,17,32,18,18,0) [ 13.6998 ]
643:(30,2,18,33,17,17,0) [ 14.1598 ]
644:(30,2,19,33,17,17,0) [ 14.532799999999998 ]
645:(30,2,19,34,16,16,0) [ 14.641799999999998 ]
646:(30,2,20,34,16,16,0) [ 15.025799999999998 ]
647:(30,2,18,34,16,16,0) [ 14.257799999999998 ]
648:(30,2,19,35,15,15,0) [ 14.750799999999998 ]
649:(30,2,20,35,15,15,0) [ 15.145800000000001 ]
650:(31,2,18,35,15,15,0) [ 14.4402 ]
651:(31,2,19,36,14,14,0) [ 14.9442 ]
652:(31,2,20,36,14,14,0) [ 15.3502 ]
653:(31,2,18,36,14,14,0) [ 14.538200000000002 ]
654:(32,2,17,36,14,14,0) [ 14.216600000000001 ]
655:(32,2,18,37,13,13,0) [ 14.720600000000001 ]
656:(32,2,19,37,13,13,0) [ 15.137599999999999 ]
657:(32,2,17,37,13,13,0) [ 14.3036 ]
658:(32,2,18,38,12,12,0) [ 14.8186 ]
659:(32,2,19,38,12,12,0) [ 15.246599999999997 ]
660:(33,2,17,38,12,12,0) [ 14.474999999999998 ]
661:(33,2,16,38,12,12,0) [ 14.047 ]
662:(34,2,15,38,12,12,0) [ 13.703399999999998 ]
663:(34,2,14,38,12,12,0) [ 13.275400000000001 ]
664:(34,2,13,38,12,12,0) [ 12.8474 ]
665:(35,2,12,38,12,12,0) [ 12.503799999999998 ]
666:(36,2,11,38,12,12,0) [ 12.1602 ]
667:(36,2,10,38,12,12,0) [ 11.732199999999999 ]
668:(36,2,11,39,11,11,0) [ 12.181199999999999 ]
669:(36,2,12,39,11,11,0) [ 12.620200000000002 ]
670:(36,2,10,39,11,11,0) [ 11.742199999999999 ]
671:(37,2,9,39,11,11,0) [ 11.3876 ]
672:(37,2,8,39,11,11,0) [ 10.9486 ]
673:(38,2,7,39,11,11,0) [ 10.594 ]
674:(38,2,8,40,10,10,0) [ 11.021 ]
675:(38,2,9,40,10,10,0) [ 11.471 ]
676:(38,2,7,40,10,10,0) [ 10.571000000000002 ]
677:(38,2,8,41,9,9,0) [ 11.009 ]
678:(38,2,9,41,9,9,0) [ 11.47 ]
679:(38,2,9,42,8,8,0) [ 11.469000000000001 ]
680:(38,2,10,42,8,8,0) [ 11.940999999999999 ]
681:(39,2,8,42,8,8,0) [ 11.081400000000002 ]
682:(39,2,9,43,7,7,0) [ 11.552399999999999 ]
683:(39,2,10,43,7,7,0) [ 12.0354 ]
684:(39,2,8,43,7,7,0) [ 11.069399999999998 ]
685:(39,2,7,43,7,7,0) [ 10.5864 ]
686:(40,2,6,43,7,7,0) [ 10.1878 ]
687:(40,2,7,44,6,6,0) [ 10.647799999999998 ]
688:(40,2,8,44,6,6,0) [ 11.1418 ]
689:(40,2,8,45,5,5,0) [ 11.1298 ]
690:(40,2,9,45,5,5,0) [ 11.634799999999998 ]
691:(40,2,7,45,5,5,0) [ 10.6248 ]
692:(41,2,6,45,5,5,0) [ 10.2042 ]
693:(41,2,7,46,4,4,0) [ 10.686200000000001 ]
694:(41,2,8,46,4,4,0) [ 11.2022 ]
695:(42,2,6,46,4,4,0) [ 10.254600000000002 ]
696:(42,2,5,46,4,4,0) [ 9.7386 ]
697:(42,2,6,47,3,3,0) [ 10.220600000000001 ]
698:(42,2,7,47,3,3,0) [ 10.7476 ]
699:(43,2,5,47,3,3,0) [ 9.777999999999999 ]
700:(43,2,6,48,2,2,0) [ 10.271 ]
701:(43,2,7,48,2,2,0) [ 10.808999999999997 ]
702:(43,2,5,48,2,2,0) [ 9.732999999999999 ]
703:(43,2,6,49,1,1,0) [ 10.237 ]
704:(43,2,7,49,1,1,0) [ 10.786 ]
705:(44,2,5,49,1,1,0) [ 9.7724 ]
706:(45,2,4,49,1,1,0) [ 9.307799999999999 ]
707:(45,2,3,49,1,1,0) [ 8.758799999999999 ]
708:(46,2,2,49,1,1,0) [ 8.2942 ]
709:(46,2,1,49,1,1,0) [ 7.7452 ]
710:(47,2,0,49,1,1,0) [ 7.2806 ]
711:(47,2,1,50,0,0,0) [ 7.740600000000001 ]
712:(47,2,2,50,0,0,0) [ 8.3006 ]
713:(48,2,0,50,0,0,0) [ 7.265 ]
714:(22,2,1,0,50,50,0) [ 10.0806 TARGET ]
715:(22,2,2,1,49,49,0) [ 10.0126 ]
716:(22,2,3,2,48,48,0) [ 9.9666 ]
717:(48,2,1,48,2,2,0) [ 8.003 ]
718:(47,2,2,48,2,2,0) [ 8.4566 ]
719:(47,2,1,47,3,3,0) [ 8.0076 ]
720:(47,2,2,47,3,3,0) [ 8.534600000000001 ]
721:(46,2,3,47,3,3,0) [ 8.9772 ]
722:(46,2,2,46,4,4,0) [ 8.5282 ]
723:(46,2,1,45,5,5,0) [ 8.1012 ]
724:(45,2,2,45,5,5,0) [ 8.521799999999999 ]
725:(44,2,3,45,5,5,0) [ 8.9424 ]
726:(44,2,4,45,5,5,0) [ 9.4474 ]
727:(44,2,5,45,5,5,0) [ 9.9524 ]
728:(43,2,6,44,6,6,0) [ 10.406999999999998 ]
729:(43,2,5,43,7,7,0) [ 9.957999999999998 ]
730:(42,2,5,42,8,8,0) [ 9.918600000000001 ]
731:(42,2,6,42,8,8,0) [ 10.390600000000001 ]
732:(42,2,5,41,9,9,0) [ 9.963600000000001 ]
733:(41,2,6,41,9,9,0) [ 10.340200000000001 ]
734:(41,2,7,41,9,9,0) [ 10.8012 ]
735:(41,2,6,40,10,10,0) [ 10.374200000000002 ]
736:(40,2,6,39,11,11,0) [ 10.3238 ]
737:(40,2,5,38,12,12,0) [ 9.9298 ]
738:(40,2,4,37,13,13,0) [ 9.5578 ]
739:(39,2,5,37,13,13,0) [ 9.8904 ]
740:(39,2,6,37,13,13,0) [ 10.307400000000001 ]
741:(39,2,5,36,14,14,0) [ 9.9354 ]
742:(39,2,4,35,15,15,0) [ 9.5854 ]
743:(39,2,3,34,16,16,0) [ 9.2574 ]
744:(39,2,2,33,17,17,0) [ 8.9514 ]
745:(38,2,3,33,17,17,0) [ 9.24 ]
746:(37,2,4,33,17,17,0) [ 9.5286 ]
747:(37,2,5,33,17,17,0) [ 9.901599999999998 ]
748:(37,2,6,33,17,17,0) [ 10.2746 ]
749:(37,2,5,32,18,18,0) [ 9.9466 ]
750:(37,2,4,31,19,19,0) [ 9.6406 ]
751:(36,2,5,31,19,19,0) [ 9.907200000000001 ]
752:(36,2,4,30,20,20,0) [ 9.612200000000001 ]
753:(36,2,3,29,21,21,0) [ 9.3392 ]
754:(36,2,2,28,22,22,0) [ 9.0882 ]
755:(36,2,3,28,22,22,0) [ 9.4062 ]
756:(36,2,4,28,22,22,0) [ 9.7242 ]
757:(36,2,5,28,22,22,0) [ 10.042200000000001 ]
758:(35,2,6,28,22,22,0) [ 10.2758 ]
759:(35,2,7,28,22,22,0) [ 10.593799999999998 ]
760:(35,2,6,27,23,23,0) [ 10.309800000000001 ]
761:(35,2,7,27,23,23,0) [ 10.616800000000001 ]
762:(34,2,8,27,23,23,0) [ 10.839400000000001 ]
763:(34,2,7,26,24,24,0) [ 10.5554 ]
764:(34,2,6,25,25,25,0) [ 10.2934 ]
765:(34,2,5,24,26,26,0) [ 10.0534 ]
766:(33,2,6,24,26,26,0) [ 10.243 ]
767:(32,2,7,24,26,26,0) [ 10.4326 ]
768:(31,2,8,24,26,26,0) [ 10.622200000000001 ]
769:(31,2,7,23,27,27,0) [ 10.3712 ]
770:(31,2,6,22,28,28,0) [ 10.1422 ]
771:(31,2,7,22,28,28,0) [ 10.3942 ]
772:(31,2,8,22,28,28,0) [ 10.6462 ]
773:(31,2,7,21,29,29,0) [ 10.417200000000001 ]
774:(31,2,6,20,30,30,0) [ 10.2102 ]
775:(31,2,5,19,31,31,0) [ 10.0252 ]
776:(30,2,6,19,31,31,0) [ 10.1598 ]
777:(30,2,5,18,32,32,0) [ 9.985800000000001 ]
778:(30,2,6,18,32,32,0) [ 10.1938 ]
779:(30,2,5,17,33,33,0) [ 10.0308 ]
780:(30,2,4,16,34,34,0) [ 9.889800000000001 ]
781:(30,2,3,15,35,35,0) [ 9.7708 ]
782:(29,2,4,15,35,35,0) [ 9.8614 ]
783:(29,2,3,14,36,36,0) [ 9.7534 ]
784:(29,2,4,14,36,36,0) [ 9.9174 ]
785:(29,2,3,13,37,37,0) [ 9.8204 ]
786:(29,2,2,12,38,38,0) [ 9.7454 ]
787:(29,2,1,11,39,39,0) [ 9.6924 ]
788:(29,2,0,10,40,40,0) [ 9.6614 ]
789:(28,2,1,10,40,40,0) [ 9.697 ]
790:(28,2,2,10,40,40,0) [ 9.817 ]
791:(28,2,1,9,41,41,0) [ 9.786000000000001 ]
792:(27,2,2,9,41,41,0) [ 9.8106 ]
793:(27,2,1,8,42,42,0) [ 9.790600000000001 ]
794:(27,2,2,8,42,42,0) [ 9.8886 ]
795:(27,2,1,7,43,43,0) [ 9.8796 ]
796:(26,2,2,7,43,43,0) [ 9.882200000000001 ]
797:(25,2,3,7,43,43,0) [ 9.884799999999998 ]
798:(25,2,2,6,44,44,0) [ 9.8758 ]
799:(25,2,3,6,44,44,0) [ 9.9518 ]
800:(25,2,2,5,45,45,0) [ 9.9538 ]
801:(24,2,3,5,45,45,0) [ 9.9344 ]
802:(23,2,4,5,45,45,0) [ 9.915 ]
803:(23,2,3,4,46,46,0) [ 9.917000000000002 ]
804:(23,2,2,3,47,47,0) [ 9.940999999999999 ]
805:(23,2,1,2,48,48,0) [ 9.987000000000002 ]
806:(22,2,2,2,48,48,0) [ 9.9346 ]
807:(-1,-1,-1,-1,-1,-1,-1) [ 0.0 ]