(R_,L,RL,G_,G_a,G_bg,G_d)
0:(50,2,0,50,0,0,0) [ 7.4338 ]
1:(49,2,1,50,0,0,0) [ 7.9094 ]
2:(49,2,0,49,1,1,0) [ 7.4494 ]
3:(48,2,1,49,1,1,0) [ 7.913999999999999 ]
4:(48,2,0,48,2,2,0) [ 7.465 ]
5:(48,2,1,48,2,2,0) [ 8.003 ]
6:(48,2,0,47,3,3,0) [ 7.5649999999999995 ]
7:(48,2,1,47,3,3,0) [ 8.092 ]
8:(47,2,2,47,3,3,0) [ 8.534600000000001 ]
9:(46,2,3,47,3,3,0) [ 8.9772 ]
10:(46,2,2,46,4,4,0) [ 8.5282 ]
11:(46,2,1,45,5,5,0) [ 8.1012 ]
12:(45,2,2,45,5,5,0) [ 8.521799999999999 ]
13:(45,2,3,45,5,5,0) [ 9.0268 ]
14:(45,2,2,44,6,6,0) [ 8.5998 ]
15:(44,2,3,44,6,6,0) [ 9.0094 ]
16:(44,2,4,44,6,6,0) [ 9.503400000000001 ]
17:(44,2,3,43,7,7,0) [ 9.0764 ]
18:(44,2,4,43,7,7,0) [ 9.5594 ]
19:(43,2,5,43,7,7,0) [ 9.957999999999998 ]
20:(43,2,4,42,8,8,0) [ 9.531 ]
21:(43,2,3,41,9,9,0) [ 9.126 ]
22:(42,2,4,41,9,9,0) [ 9.5026 ]
23:(42,2,3,40,10,10,0) [ 9.1086 ]
24:(42,2,4,40,10,10,0) [ 9.558599999999998 ]
25:(41,2,5,40,10,10,0) [ 9.924199999999999 ]
26:(41,2,6,40,10,10,0) [ 10.374200000000002 ]
27:(41,2,5,39,11,11,0) [ 9.969199999999999 ]
28:(40,2,6,39,11,11,0) [ 10.3238 ]
29:(40,2,7,39,11,11,0) [ 10.7628 ]
30:(40,2,6,38,12,12,0) [ 10.357800000000001 ]
31:(40,2,7,38,12,12,0) [ 10.785799999999998 ]
32:(40,2,6,37,13,13,0) [ 10.3918 ]
33:(40,2,5,36,14,14,0) [ 10.0198 ]
34:(40,2,6,36,14,14,0) [ 10.4258 ]
35:(39,2,7,36,14,14,0) [ 10.7474 ]
36:(39,2,6,35,15,15,0) [ 10.375399999999999 ]
37:(39,2,5,34,16,16,0) [ 10.0254 ]
38:(39,2,4,33,17,17,0) [ 9.6974 ]
39:(38,2,5,33,17,17,0) [ 9.986 ]
40:(38,2,4,32,18,18,0) [ 9.669 ]
41:(38,2,3,31,19,19,0) [ 9.374 ]
42:(38,2,2,30,20,20,0) [ 9.100999999999999 ]
43:(38,2,1,29,21,21,0) [ 8.85 ]
44:(37,2,2,29,21,21,0) [ 9.0946 ]
45:(36,2,3,29,21,21,0) [ 9.3392 ]
46:(36,2,2,28,22,22,0) [ 9.0882 ]
47:(36,2,1,27,23,23,0) [ 8.859200000000001 ]
48:(36,2,0,26,24,24,0) [ 8.6522 ]
49:(35,2,1,26,24,24,0) [ 8.863800000000001 ]
50:(35,2,0,25,25,25,0) [ 8.6678 ]
51:(35,2,1,25,25,25,0) [ 8.9528 ]
52:(35,2,0,24,26,26,0) [ 8.7678 ]
53:(34,2,1,24,26,26,0) [ 8.9574 ]
54:(34,2,0,23,27,27,0) [ 8.7834 ]
55:(34,2,1,23,27,27,0) [ 9.0464 ]
56:(34,2,0,22,28,28,0) [ 8.8834 ]
57:(33,2,1,22,28,28,0) [ 9.051 ]
58:(33,2,0,21,29,29,0) [ 8.899000000000001 ]
59:(32,2,1,21,29,29,0) [ 9.0556 ]
60:(31,2,2,21,29,29,0) [ 9.2122 ]
61:(30,2,3,21,29,29,0) [ 9.3688 ]
62:(30,2,4,21,29,29,0) [ 9.6098 ]
63:(30,2,5,21,29,29,0) [ 9.8508 ]
64:(29,2,6,21,29,29,0) [ 10.0074 ]
65:(28,2,7,21,29,29,0) [ 10.164000000000001 ]
66:(28,2,6,20,30,30,0) [ 9.957 ]
67:(28,2,5,19,31,31,0) [ 9.772 ]
68:(28,2,4,18,32,32,0) [ 9.609000000000002 ]
69:(28,2,3,17,33,33,0) [ 9.468 ]
70:(28,2,2,16,34,34,0) [ 9.349 ]
71:(28,2,1,15,35,35,0) [ 9.252 ]
72:(27,2,2,15,35,35,0) [ 9.342600000000001 ]
73:(27,2,3,15,35,35,0) [ 9.5176 ]
74:(27,2,2,14,36,36,0) [ 9.4206 ]
75:(27,2,1,13,37,37,0) [ 9.345600000000001 ]
76:(27,2,0,12,38,38,0) [ 9.2926 ]
77:(26,2,1,12,38,38,0) [ 9.350200000000001 ]
78:(25,2,2,12,38,38,0) [ 9.4078 ]
79:(24,2,3,12,38,38,0) [ 9.4654 ]
80:(23,2,4,12,38,38,0) [ 9.523 ]
81:(22,2,5,12,38,38,0) [ 9.5806 ]
82:(21,2,6,12,38,38,0) [ 9.638200000000001 ]
83:(21,2,7,12,38,38,0) [ 9.7802 ]
84:(21,2,6,11,39,39,0) [ 9.6722 ]
85:(20,2,7,11,39,39,0) [ 9.718800000000002 ]
86:(20,2,8,11,39,39,0) [ 9.8498 ]
87:(19,2,9,11,39,39,0) [ 9.8964 ]
88:(19,2,8,10,40,40,0) [ 9.7774 ]
89:(19,2,9,10,40,40,0) [ 9.897400000000001 ]
90:(19,2,8,9,41,41,0) [ 9.7894 ]
91:(19,2,7,8,42,42,0) [ 9.7034 ]
92:(18,2,8,8,42,42,0) [ 9.716999999999999 ]
93:(18,2,7,7,43,43,0) [ 9.642 ]
94:(18,2,8,7,43,43,0) [ 9.729 ]
95:(18,2,7,6,44,44,0) [ 9.665 ]
96:(18,2,6,5,45,45,0) [ 9.623000000000001 ]
97:(18,2,5,4,46,46,0) [ 9.603000000000002 ]
98:(18,2,4,3,47,47,0) [ 9.605 ]
99:(18,2,3,2,48,48,0) [ 9.629000000000001 ]
100:(18,2,2,1,49,49,0) [ 9.675 ]
101:(18,2,1,0,50,50,0) [ 9.743 TARGET ]
102:(19,2,1,0,50,50,0) [ 9.8274 TARGET ]
103:(17,2,1,0,50,50,0) [ 9.6586 TARGET ]
104:(17,2,2,0,50,50,0) [ 9.6686 TARGET ]
105:(18,2,2,0,50,50,0) [ 9.753 TARGET ]
106:(19,2,2,1,49,49,0) [ 9.7594 ]
107:(17,2,2,1,49,49,0) [ 9.5906 ]
108:(17,2,3,1,49,49,0) [ 9.6116 ]
109:(18,2,3,1,49,49,0) [ 9.696 ]
110:(19,2,3,2,48,48,0) [ 9.7134 ]
111:(17,2,3,2,48,48,0) [ 9.5446 ]
112:(17,2,4,2,48,48,0) [ 9.576600000000001 ]
113:(18,2,4,2,48,48,0) [ 9.661000000000001 ]
114:(19,2,4,3,47,47,0) [ 9.6894 ]
115:(17,2,4,3,47,47,0) [ 9.520600000000002 ]
116:(17,2,5,3,47,47,0) [ 9.563600000000001 ]
117:(18,2,5,3,47,47,0) [ 9.648 ]
118:(19,2,5,4,46,46,0) [ 9.6874 ]
119:(17,2,5,4,46,46,0) [ 9.5186 ]
120:(17,2,6,4,46,46,0) [ 9.572600000000001 ]
121:(18,2,6,4,46,46,0) [ 9.657 ]
122:(19,2,6,5,45,45,0) [ 9.7074 ]
123:(17,2,6,5,45,45,0) [ 9.5386 ]
124:(17,2,7,5,45,45,0) [ 9.6036 ]
125:(18,2,7,5,45,45,0) [ 9.687999999999999 ]
126:(19,2,7,6,44,44,0) [ 9.749400000000001 ]
127:(17,2,7,6,44,44,0) [ 9.5806 ]
128:(17,2,8,6,44,44,0) [ 9.656600000000001 ]
129:(18,2,8,6,44,44,0) [ 9.741 ]
130:(19,2,8,7,43,43,0) [ 9.813400000000001 ]
131:(17,2,8,7,43,43,0) [ 9.6446 ]
132:(17,2,9,7,43,43,0) [ 9.7316 ]
133:(18,2,9,7,43,43,0) [ 9.815999999999999 ]
134:(19,2,7,7,43,43,0) [ 9.7264 ]
135:(17,2,7,7,43,43,0) [ 9.5576 ]
136:(19,2,8,8,42,42,0) [ 9.801400000000001 ]
137:(17,2,8,8,42,42,0) [ 9.6326 ]
138:(17,2,9,8,42,42,0) [ 9.730599999999999 ]
139:(18,2,9,8,42,42,0) [ 9.815000000000001 ]
140:(20,2,7,8,42,42,0) [ 9.7878 ]
141:(18,2,7,8,42,42,0) [ 9.619 ]
142:(20,2,8,9,41,41,0) [ 9.8738 ]
143:(18,2,8,9,41,41,0) [ 9.705000000000002 ]
144:(18,2,9,9,41,41,0) [ 9.814 ]
145:(19,2,9,9,41,41,0) [ 9.8984 ]
146:(20,2,9,10,40,40,0) [ 9.9818 ]
147:(18,2,9,10,40,40,0) [ 9.812999999999999 ]
148:(18,2,10,10,40,40,0) [ 9.933 ]
149:(19,2,10,10,40,40,0) [ 10.0174 ]
150:(20,2,8,10,40,40,0) [ 9.8618 ]
151:(18,2,8,10,40,40,0) [ 9.693 ]
152:(20,2,9,11,39,39,0) [ 9.9808 ]
153:(18,2,9,11,39,39,0) [ 9.812000000000001 ]
154:(18,2,10,11,39,39,0) [ 9.943000000000001 ]
155:(19,2,10,11,39,39,0) [ 10.0274 ]
156:(21,2,8,11,39,39,0) [ 9.9342 ]
157:(19,2,8,11,39,39,0) [ 9.7654 ]
158:(21,2,7,11,39,39,0) [ 9.8032 ]
159:(19,2,7,11,39,39,0) [ 9.6344 ]
160:(22,2,6,11,39,39,0) [ 9.7566 ]
161:(20,2,6,11,39,39,0) [ 9.587800000000001 ]
162:(22,2,7,12,38,38,0) [ 9.864600000000001 ]
163:(20,2,7,12,38,38,0) [ 9.6958 ]
164:(20,2,8,12,38,38,0) [ 9.837800000000001 ]
165:(21,2,8,12,38,38,0) [ 9.9222 ]
166:(22,2,6,12,38,38,0) [ 9.7226 ]
167:(20,2,6,12,38,38,0) [ 9.5538 ]
168:(23,2,5,12,38,38,0) [ 9.665000000000001 ]
169:(21,2,5,12,38,38,0) [ 9.4962 ]
170:(24,2,4,12,38,38,0) [ 9.6074 ]
171:(22,2,4,12,38,38,0) [ 9.438600000000001 ]
172:(25,2,3,12,38,38,0) [ 9.5498 ]
173:(23,2,3,12,38,38,0) [ 9.381 ]
174:(26,2,2,12,38,38,0) [ 9.4922 ]
175:(24,2,2,12,38,38,0) [ 9.3234 ]
176:(27,2,1,12,38,38,0) [ 9.434600000000001 ]
177:(25,2,1,12,38,38,0) [ 9.2658 ]
178:(28,2,0,12,38,38,0) [ 9.377 ]
179:(26,2,0,12,38,38,0) [ 9.208200000000001 ]
180:(28,2,1,13,37,37,0) [ 9.43 ]
181:(26,2,1,13,37,37,0) [ 9.261199999999999 ]
182:(26,2,2,13,37,37,0) [ 9.414200000000001 ]
183:(27,2,2,13,37,37,0) [ 9.4986 ]
184:(28,2,2,14,36,36,0) [ 9.505 ]
185:(26,2,2,14,36,36,0) [ 9.3362 ]
186:(26,2,3,14,36,36,0) [ 9.5002 ]
187:(27,2,3,14,36,36,0) [ 9.5846 ]
188:(28,2,3,15,35,35,0) [ 9.602 ]
189:(26,2,3,15,35,35,0) [ 9.4332 ]
190:(26,2,4,15,35,35,0) [ 9.6082 ]
191:(27,2,4,15,35,35,0) [ 9.6926 ]
192:(28,2,2,15,35,35,0) [ 9.427 ]
193:(26,2,2,15,35,35,0) [ 9.2582 ]
194:(29,2,1,15,35,35,0) [ 9.3364 ]
195:(27,2,1,15,35,35,0) [ 9.1676 ]
196:(29,2,2,16,34,34,0) [ 9.4334 ]
197:(27,2,2,16,34,34,0) [ 9.264600000000002 ]
198:(27,2,3,16,34,34,0) [ 9.450600000000001 ]
199:(28,2,3,16,34,34,0) [ 9.535 ]
200:(29,2,3,17,33,33,0) [ 9.5524 ]
201:(27,2,3,17,33,33,0) [ 9.383600000000001 ]
202:(27,2,4,17,33,33,0) [ 9.5806 ]
203:(28,2,4,17,33,33,0) [ 9.665000000000001 ]
204:(29,2,4,18,32,32,0) [ 9.6934 ]
205:(27,2,4,18,32,32,0) [ 9.5246 ]
206:(27,2,5,18,32,32,0) [ 9.732600000000001 ]
207:(28,2,5,18,32,32,0) [ 9.817 ]
208:(29,2,5,19,31,31,0) [ 9.856399999999999 ]
209:(27,2,5,19,31,31,0) [ 9.6876 ]
210:(27,2,6,19,31,31,0) [ 9.906600000000001 ]
211:(28,2,6,19,31,31,0) [ 9.991 ]
212:(29,2,6,20,30,30,0) [ 10.0414 ]
213:(27,2,6,20,30,30,0) [ 9.8726 ]
214:(27,2,7,20,30,30,0) [ 10.1026 ]
215:(28,2,7,20,30,30,0) [ 10.187000000000001 ]
216:(29,2,7,21,29,29,0) [ 10.2484 ]
217:(27,2,7,21,29,29,0) [ 10.079600000000001 ]
218:(27,2,8,21,29,29,0) [ 10.3206 ]
219:(28,2,8,21,29,29,0) [ 10.405000000000001 ]
220:(30,2,6,21,29,29,0) [ 10.091800000000001 ]
221:(28,2,6,21,29,29,0) [ 9.923000000000002 ]
222:(31,2,5,21,29,29,0) [ 9.9352 ]
223:(29,2,5,21,29,29,0) [ 9.7664 ]
224:(31,2,4,21,29,29,0) [ 9.6942 ]
225:(29,2,4,21,29,29,0) [ 9.525400000000001 ]
226:(31,2,3,21,29,29,0) [ 9.4532 ]
227:(29,2,3,21,29,29,0) [ 9.2844 ]
228:(32,2,2,21,29,29,0) [ 9.296600000000002 ]
229:(30,2,2,21,29,29,0) [ 9.1278 ]
230:(33,2,1,21,29,29,0) [ 9.14 ]
231:(31,2,1,21,29,29,0) [ 8.9712 ]
232:(34,2,0,21,29,29,0) [ 8.9834 ]
233:(32,2,0,21,29,29,0) [ 8.8146 ]
234:(34,2,1,22,28,28,0) [ 9.1354 ]
235:(32,2,1,22,28,28,0) [ 8.9666 ]
236:(32,2,2,22,28,28,0) [ 9.2186 ]
237:(33,2,2,22,28,28,0) [ 9.303 ]
238:(35,2,0,22,28,28,0) [ 8.9678 ]
239:(33,2,0,22,28,28,0) [ 8.799000000000001 ]
240:(35,2,1,23,27,27,0) [ 9.1308 ]
241:(33,2,1,23,27,27,0) [ 8.962 ]
242:(33,2,2,23,27,27,0) [ 9.225000000000001 ]
243:(34,2,2,23,27,27,0) [ 9.3094 ]
244:(35,2,0,23,27,27,0) [ 8.867799999999999 ]
245:(33,2,0,23,27,27,0) [ 8.699000000000002 ]
246:(35,2,1,24,26,26,0) [ 9.0418 ]
247:(33,2,1,24,26,26,0) [ 8.873 ]
248:(33,2,2,24,26,26,0) [ 9.147 ]
249:(34,2,2,24,26,26,0) [ 9.2314 ]
250:(36,2,0,24,26,26,0) [ 8.8522 ]
251:(34,2,0,24,26,26,0) [ 8.6834 ]
252:(36,2,1,25,25,25,0) [ 9.0372 ]
253:(34,2,1,25,25,25,0) [ 8.8684 ]
254:(34,2,2,25,25,25,0) [ 9.1534 ]
255:(35,2,2,25,25,25,0) [ 9.2378 ]
256:(36,2,0,25,25,25,0) [ 8.7522 ]
257:(34,2,0,25,25,25,0) [ 8.583400000000001 ]
258:(36,2,1,26,24,24,0) [ 8.9482 ]
259:(34,2,1,26,24,24,0) [ 8.7794 ]
260:(34,2,2,26,24,24,0) [ 9.0754 ]
261:(35,2,2,26,24,24,0) [ 9.1598 ]
262:(37,2,0,26,24,24,0) [ 8.736600000000001 ]
263:(35,2,0,26,24,24,0) [ 8.5678 ]
264:(37,2,1,27,23,23,0) [ 8.9436 ]
265:(35,2,1,27,23,23,0) [ 8.7748 ]
266:(35,2,2,27,23,23,0) [ 9.081800000000001 ]
267:(36,2,2,27,23,23,0) [ 9.1662 ]
268:(37,2,2,28,22,22,0) [ 9.1726 ]
269:(35,2,2,28,22,22,0) [ 9.003800000000002 ]
270:(35,2,3,28,22,22,0) [ 9.3218 ]
271:(36,2,3,28,22,22,0) [ 9.4062 ]
272:(37,2,3,29,21,21,0) [ 9.4236 ]
273:(35,2,3,29,21,21,0) [ 9.2548 ]
274:(35,2,4,29,21,21,0) [ 9.5838 ]
275:(36,2,4,29,21,21,0) [ 9.6682 ]
276:(38,2,2,29,21,21,0) [ 9.179 ]
277:(36,2,2,29,21,21,0) [ 9.0102 ]
278:(39,2,1,29,21,21,0) [ 8.9344 ]
279:(37,2,1,29,21,21,0) [ 8.7656 ]
280:(39,2,2,30,20,20,0) [ 9.185400000000001 ]
281:(37,2,2,30,20,20,0) [ 9.0166 ]
282:(37,2,3,30,20,20,0) [ 9.3566 ]
283:(38,2,3,30,20,20,0) [ 9.440999999999999 ]
284:(39,2,3,31,19,19,0) [ 9.4584 ]
285:(37,2,3,31,19,19,0) [ 9.2896 ]
286:(37,2,4,31,19,19,0) [ 9.6406 ]
287:(38,2,4,31,19,19,0) [ 9.725 ]
288:(39,2,4,32,18,18,0) [ 9.753400000000001 ]
289:(37,2,4,32,18,18,0) [ 9.5846 ]
290:(37,2,5,32,18,18,0) [ 9.9466 ]
291:(38,2,5,32,18,18,0) [ 10.031 ]
292:(39,2,5,33,17,17,0) [ 10.0704 ]
293:(37,2,5,33,17,17,0) [ 9.901599999999998 ]
294:(37,2,6,33,17,17,0) [ 10.2746 ]
295:(38,2,6,33,17,17,0) [ 10.358999999999998 ]
296:(40,2,4,33,17,17,0) [ 9.7818 ]
297:(38,2,4,33,17,17,0) [ 9.613 ]
298:(40,2,5,34,16,16,0) [ 10.109799999999998 ]
299:(38,2,5,34,16,16,0) [ 9.941 ]
300:(38,2,6,34,16,16,0) [ 10.325000000000001 ]
301:(39,2,6,34,16,16,0) [ 10.4094 ]
302:(40,2,6,35,15,15,0) [ 10.459800000000001 ]
303:(38,2,6,35,15,15,0) [ 10.291 ]
304:(38,2,7,35,15,15,0) [ 10.686 ]
305:(39,2,7,35,15,15,0) [ 10.770399999999999 ]
306:(40,2,7,36,14,14,0) [ 10.8318 ]
307:(38,2,7,36,14,14,0) [ 10.663 ]
308:(38,2,8,36,14,14,0) [ 11.069 ]
309:(39,2,8,36,14,14,0) [ 11.1534 ]
310:(41,2,6,36,14,14,0) [ 10.510200000000001 ]
311:(39,2,6,36,14,14,0) [ 10.341400000000002 ]
312:(41,2,5,36,14,14,0) [ 10.1042 ]
313:(39,2,5,36,14,14,0) [ 9.9354 ]
314:(41,2,6,37,13,13,0) [ 10.476200000000002 ]
315:(39,2,6,37,13,13,0) [ 10.307400000000001 ]
316:(39,2,7,37,13,13,0) [ 10.7244 ]
317:(40,2,7,37,13,13,0) [ 10.808800000000002 ]
318:(41,2,7,38,12,12,0) [ 10.8702 ]
319:(39,2,7,38,12,12,0) [ 10.7014 ]
320:(39,2,8,38,12,12,0) [ 11.1294 ]
321:(40,2,8,38,12,12,0) [ 11.213799999999999 ]
322:(41,2,6,38,12,12,0) [ 10.4422 ]
323:(39,2,6,38,12,12,0) [ 10.273399999999999 ]
324:(41,2,7,39,11,11,0) [ 10.847199999999999 ]
325:(39,2,7,39,11,11,0) [ 10.6784 ]
326:(39,2,8,39,11,11,0) [ 11.1174 ]
327:(40,2,8,39,11,11,0) [ 11.2018 ]
328:(41,2,6,39,11,11,0) [ 10.408199999999999 ]
329:(39,2,6,39,11,11,0) [ 10.239400000000002 ]
330:(42,2,5,39,11,11,0) [ 10.053599999999998 ]
331:(40,2,5,39,11,11,0) [ 9.8848 ]
332:(42,2,6,40,10,10,0) [ 10.4586 ]
333:(40,2,6,40,10,10,0) [ 10.2898 ]
334:(40,2,7,40,10,10,0) [ 10.739799999999999 ]
335:(41,2,7,40,10,10,0) [ 10.824200000000001 ]
336:(42,2,5,40,10,10,0) [ 10.0086 ]
337:(40,2,5,40,10,10,0) [ 9.8398 ]
338:(43,2,4,40,10,10,0) [ 9.643 ]
339:(41,2,4,40,10,10,0) [ 9.4742 ]
340:(43,2,3,40,10,10,0) [ 9.193 ]
341:(41,2,3,40,10,10,0) [ 9.0242 ]
342:(43,2,4,41,9,9,0) [ 9.587000000000002 ]
343:(41,2,4,41,9,9,0) [ 9.4182 ]
344:(41,2,5,41,9,9,0) [ 9.879199999999999 ]
345:(42,2,5,41,9,9,0) [ 9.963600000000001 ]
346:(44,2,3,41,9,9,0) [ 9.2104 ]
347:(42,2,3,41,9,9,0) [ 9.0416 ]
348:(44,2,4,42,8,8,0) [ 9.615400000000001 ]
349:(42,2,4,42,8,8,0) [ 9.4466 ]
350:(42,2,5,42,8,8,0) [ 9.918600000000001 ]
351:(43,2,5,42,8,8,0) [ 10.003 ]
352:(44,2,5,43,7,7,0) [ 10.042399999999999 ]
353:(42,2,5,43,7,7,0) [ 9.8736 ]
354:(42,2,6,43,7,7,0) [ 10.3566 ]
355:(43,2,6,43,7,7,0) [ 10.440999999999999 ]
356:(45,2,4,43,7,7,0) [ 9.643799999999999 ]
357:(43,2,4,43,7,7,0) [ 9.474999999999998 ]
358:(45,2,3,43,7,7,0) [ 9.160799999999998 ]
359:(43,2,3,43,7,7,0) [ 8.991999999999999 ]
360:(45,2,4,44,6,6,0) [ 9.5878 ]
361:(43,2,4,44,6,6,0) [ 9.418999999999999 ]
362:(43,2,5,44,6,6,0) [ 9.912999999999998 ]
363:(44,2,5,44,6,6,0) [ 9.9974 ]
364:(45,2,3,44,6,6,0) [ 9.0938 ]
365:(43,2,3,44,6,6,0) [ 8.924999999999999 ]
366:(46,2,2,44,6,6,0) [ 8.684199999999999 ]
367:(44,2,2,44,6,6,0) [ 8.5154 ]
368:(46,2,3,45,5,5,0) [ 9.1112 ]
369:(44,2,3,45,5,5,0) [ 8.9424 ]
370:(44,2,4,45,5,5,0) [ 9.4474 ]
371:(45,2,4,45,5,5,0) [ 9.5318 ]
372:(46,2,2,45,5,5,0) [ 8.606200000000001 ]
373:(44,2,2,45,5,5,0) [ 8.4374 ]
374:(47,2,1,45,5,5,0) [ 8.1856 ]
375:(45,2,1,45,5,5,0) [ 8.0168 ]
376:(47,2,2,46,4,4,0) [ 8.612600000000002 ]
377:(45,2,2,46,4,4,0) [ 8.443800000000001 ]
378:(45,2,3,46,4,4,0) [ 8.9598 ]
379:(46,2,3,46,4,4,0) [ 9.044200000000002 ]
380:(47,2,3,47,3,3,0) [ 9.061600000000002 ]
381:(45,2,3,47,3,3,0) [ 8.892800000000001 ]
382:(45,2,4,47,3,3,0) [ 9.419800000000002 ]
383:(46,2,4,47,3,3,0) [ 9.5042 ]
384:(48,2,2,47,3,3,0) [ 8.619 ]
385:(46,2,2,47,3,3,0) [ 8.450200000000002 ]
386:(49,2,1,47,3,3,0) [ 8.176400000000001 ]
387:(47,2,1,47,3,3,0) [ 8.0076 ]
388:(49,2,0,47,3,3,0) [ 7.6494 ]
389:(47,2,0,47,3,3,0) [ 7.4806 ]
390:(49,2,1,48,2,2,0) [ 8.0874 ]
391:(47,2,1,48,2,2,0) [ 7.9186000000000005 ]
392:(47,2,2,48,2,2,0) [ 8.4566 ]
393:(48,2,2,48,2,2,0) [ 8.540999999999999 ]
394:(49,2,0,48,2,2,0) [ 7.5494 ]
395:(47,2,0,48,2,2,0) [ 7.3806 ]
396:(49,2,1,49,1,1,0) [ 7.998399999999999 ]
397:(47,2,1,49,1,1,0) [ 7.8296 ]
398:(47,2,2,49,1,1,0) [ 8.3786 ]
399:(48,2,2,49,1,1,0) [ 8.463 ]
400:(50,2,0,49,1,1,0) [ 7.533799999999999 ]
401:(48,2,0,49,1,1,0) [ 7.364999999999999 ]
402:(50,2,1,50,0,0,0) [ 7.993799999999999 ]
403:(48,2,1,50,0,0,0) [ 7.824999999999999 ]
404:(48,2,2,50,0,0,0) [ 8.384999999999998 ]
405:(49,2,2,50,0,0,0) [ 8.4694 ]
406:(51,2,0,50,0,0,0) [ 7.518200000000001 ]
407:(49,2,0,50,0,0,0) [ 7.3494 ]
408:(20,2,1,0,50,50,0) [ 9.9118 TARGET ]
409:(19,2,2,0,50,50,0) [ 9.8374 TARGET ]
410:(20,2,2,1,49,49,0) [ 9.843800000000002 ]
411:(19,2,3,1,49,49,0) [ 9.7804 ]
412:(20,2,3,2,48,48,0) [ 9.7978 ]
413:(19,2,4,2,48,48,0) [ 9.7454 ]
414:(20,2,4,3,47,47,0) [ 9.773800000000001 ]
415:(19,2,5,3,47,47,0) [ 9.7324 ]
416:(20,2,5,4,46,46,0) [ 9.7718 ]
417:(19,2,6,4,46,46,0) [ 9.7414 ]
418:(20,2,6,5,45,45,0) [ 9.7918 ]
419:(19,2,7,5,45,45,0) [ 9.772400000000001 ]
420:(20,2,7,6,44,44,0) [ 9.8338 ]
421:(19,2,8,6,44,44,0) [ 9.8254 ]
422:(20,2,8,7,43,43,0) [ 9.8978 ]
423:(19,2,9,7,43,43,0) [ 9.900400000000001 ]
424:(20,2,7,7,43,43,0) [ 9.8108 ]
425:(20,2,8,8,42,42,0) [ 9.8858 ]
426:(19,2,9,8,42,42,0) [ 9.8994 ]
427:(21,2,7,8,42,42,0) [ 9.8722 ]
428:(21,2,8,9,41,41,0) [ 9.958200000000001 ]
429:(20,2,9,9,41,41,0) [ 9.982800000000001 ]
430:(21,2,9,10,40,40,0) [ 10.0662 ]
431:(20,2,10,10,40,40,0) [ 10.1018 ]
432:(21,2,8,10,40,40,0) [ 9.946200000000001 ]
433:(21,2,9,11,39,39,0) [ 10.0652 ]
434:(20,2,10,11,39,39,0) [ 10.1118 ]
435:(22,2,8,11,39,39,0) [ 10.0186 ]
436:(22,2,7,11,39,39,0) [ 9.8876 ]
437:(23,2,6,11,39,39,0) [ 9.841000000000001 ]
438:(23,2,7,12,38,38,0) [ 9.949 ]
439:(22,2,8,12,38,38,0) [ 10.0066 ]
440:(23,2,6,12,38,38,0) [ 9.807 ]
441:(24,2,5,12,38,38,0) [ 9.7494 ]
442:(25,2,4,12,38,38,0) [ 9.6918 ]
443:(26,2,3,12,38,38,0) [ 9.6342 ]
444:(27,2,2,12,38,38,0) [ 9.576600000000001 ]
445:(28,2,1,12,38,38,0) [ 9.519 ]
446:(29,2,0,12,38,38,0) [ 9.461400000000001 ]
447:(29,2,1,13,37,37,0) [ 9.514399999999998 ]
448:(28,2,2,13,37,37,0) [ 9.583000000000002 ]
449:(29,2,2,14,36,36,0) [ 9.5894 ]
450:(28,2,3,14,36,36,0) [ 9.669 ]
451:(29,2,3,15,35,35,0) [ 9.686399999999999 ]
452:(28,2,4,15,35,35,0) [ 9.777000000000001 ]
453:(29,2,2,15,35,35,0) [ 9.5114 ]
454:(30,2,1,15,35,35,0) [ 9.4208 ]
455:(30,2,2,16,34,34,0) [ 9.517800000000001 ]
456:(29,2,3,16,34,34,0) [ 9.6194 ]
457:(30,2,3,17,33,33,0) [ 9.636800000000001 ]
458:(29,2,4,17,33,33,0) [ 9.7494 ]
459:(30,2,4,18,32,32,0) [ 9.7778 ]
460:(29,2,5,18,32,32,0) [ 9.901399999999999 ]
461:(30,2,5,19,31,31,0) [ 9.9408 ]
462:(29,2,6,19,31,31,0) [ 10.0754 ]
463:(30,2,6,20,30,30,0) [ 10.1258 ]
464:(29,2,7,20,30,30,0) [ 10.2714 ]
465:(30,2,7,21,29,29,0) [ 10.332799999999999 ]
466:(29,2,8,21,29,29,0) [ 10.4894 ]
467:(31,2,6,21,29,29,0) [ 10.176200000000001 ]
468:(32,2,5,21,29,29,0) [ 10.0196 ]
469:(32,2,4,21,29,29,0) [ 9.7786 ]
470:(32,2,3,21,29,29,0) [ 9.537600000000001 ]
471:(33,2,2,21,29,29,0) [ 9.381 ]
472:(34,2,1,21,29,29,0) [ 9.2244 ]
473:(35,2,0,21,29,29,0) [ 9.0678 ]
474:(35,2,1,22,28,28,0) [ 9.219800000000001 ]
475:(34,2,2,22,28,28,0) [ 9.387400000000001 ]
476:(36,2,0,22,28,28,0) [ 9.052200000000001 ]
477:(36,2,1,23,27,27,0) [ 9.2152 ]
478:(35,2,2,23,27,27,0) [ 9.3938 ]
479:(36,2,0,23,27,27,0) [ 8.952200000000001 ]
480:(36,2,1,24,26,26,0) [ 9.1262 ]
481:(35,2,2,24,26,26,0) [ 9.3158 ]
482:(37,2,0,24,26,26,0) [ 8.9366 ]
483:(37,2,1,25,25,25,0) [ 9.1216 ]
484:(36,2,2,25,25,25,0) [ 9.3222 ]
485:(37,2,0,25,25,25,0) [ 8.8366 ]
486:(37,2,1,26,24,24,0) [ 9.0326 ]
487:(36,2,2,26,24,24,0) [ 9.244200000000001 ]
488:(38,2,0,26,24,24,0) [ 8.821000000000002 ]
489:(38,2,1,27,23,23,0) [ 9.028 ]
490:(37,2,2,27,23,23,0) [ 9.2506 ]
491:(38,2,2,28,22,22,0) [ 9.257000000000001 ]
492:(37,2,3,28,22,22,0) [ 9.4906 ]
493:(38,2,3,29,21,21,0) [ 9.508000000000001 ]
494:(37,2,4,29,21,21,0) [ 9.752600000000001 ]
495:(39,2,2,29,21,21,0) [ 9.2634 ]
496:(40,2,1,29,21,21,0) [ 9.0188 ]
497:(40,2,2,30,20,20,0) [ 9.2698 ]
498:(39,2,3,30,20,20,0) [ 9.525400000000001 ]
499:(40,2,3,31,19,19,0) [ 9.5428 ]
500:(39,2,4,31,19,19,0) [ 9.8094 ]
501:(40,2,4,32,18,18,0) [ 9.837800000000001 ]
502:(39,2,5,32,18,18,0) [ 10.115400000000001 ]
503:(40,2,5,33,17,17,0) [ 10.154799999999998 ]
504:(39,2,6,33,17,17,0) [ 10.4434 ]
505:(41,2,4,33,17,17,0) [ 9.8662 ]
506:(41,2,5,34,16,16,0) [ 10.1942 ]
507:(40,2,6,34,16,16,0) [ 10.4938 ]
508:(41,2,6,35,15,15,0) [ 10.5442 ]
509:(40,2,7,35,15,15,0) [ 10.854800000000001 ]
510:(41,2,7,36,14,14,0) [ 10.916200000000002 ]
511:(40,2,8,36,14,14,0) [ 11.237800000000002 ]
512:(42,2,6,36,14,14,0) [ 10.594600000000002 ]
513:(42,2,5,36,14,14,0) [ 10.1886 ]
514:(42,2,6,37,13,13,0) [ 10.5606 ]
515:(41,2,7,37,13,13,0) [ 10.8932 ]
516:(42,2,7,38,12,12,0) [ 10.9546 ]
517:(41,2,8,38,12,12,0) [ 11.298200000000001 ]
518:(42,2,6,38,12,12,0) [ 10.526599999999998 ]
519:(42,2,7,39,11,11,0) [ 10.9316 ]
520:(41,2,8,39,11,11,0) [ 11.2862 ]
521:(42,2,6,39,11,11,0) [ 10.492600000000001 ]
522:(43,2,5,39,11,11,0) [ 10.138 ]
523:(43,2,6,40,10,10,0) [ 10.543 ]
524:(42,2,7,40,10,10,0) [ 10.9086 ]
525:(43,2,5,40,10,10,0) [ 10.093 ]
526:(44,2,4,40,10,10,0) [ 9.7274 ]
527:(44,2,3,40,10,10,0) [ 9.2774 ]
528:(44,2,4,41,9,9,0) [ 9.6714 ]
529:(43,2,5,41,9,9,0) [ 10.048 ]
530:(45,2,3,41,9,9,0) [ 9.2948 ]
531:(45,2,4,42,8,8,0) [ 9.6998 ]
532:(44,2,5,42,8,8,0) [ 10.087399999999999 ]
533:(45,2,5,43,7,7,0) [ 10.1268 ]
534:(44,2,6,43,7,7,0) [ 10.5254 ]
535:(46,2,4,43,7,7,0) [ 9.728200000000001 ]
536:(46,2,3,43,7,7,0) [ 9.2452 ]
537:(46,2,4,44,6,6,0) [ 9.6722 ]
538:(45,2,5,44,6,6,0) [ 10.0818 ]
539:(46,2,3,44,6,6,0) [ 9.178199999999999 ]
540:(47,2,2,44,6,6,0) [ 8.768600000000001 ]
541:(47,2,3,45,5,5,0) [ 9.1956 ]
542:(46,2,4,45,5,5,0) [ 9.6162 ]
543:(47,2,2,45,5,5,0) [ 8.6906 ]
544:(48,2,1,45,5,5,0) [ 8.27 ]
545:(48,2,2,46,4,4,0) [ 8.697000000000001 ]
546:(47,2,3,46,4,4,0) [ 9.1286 ]
547:(48,2,3,47,3,3,0) [ 9.146 ]
548:(47,2,4,47,3,3,0) [ 9.5886 ]
549:(49,2,2,47,3,3,0) [ 8.7034 ]
550:(50,2,1,47,3,3,0) [ 8.2608 ]
551:(50,2,0,47,3,3,0) [ 7.7338 ]
552:(50,2,1,48,2,2,0) [ 8.1718 ]
553:(49,2,2,48,2,2,0) [ 8.625399999999999 ]
554:(50,2,0,48,2,2,0) [ 7.6338 ]
555:(50,2,1,49,1,1,0) [ 8.082799999999999 ]
556:(49,2,2,49,1,1,0) [ 8.547399999999998 ]
557:(51,2,0,49,1,1,0) [ 7.618200000000001 ]
558:(51,2,1,50,0,0,0) [ 8.0782 ]
559:(50,2,2,50,0,0,0) [ 8.553799999999999 ]
560:(52,2,0,50,0,0,0) [ 7.602600000000001 ]
561:(30,2,1,13,37,37,0) [ 9.5988 ]
562:(31,2,1,15,35,35,0) [ 9.5052 ]
563:(31,2,5,19,31,31,0) [ 10.0252 ]
564:(30,2,6,19,31,31,0) [ 10.1598 ]
565:(31,2,6,20,30,30,0) [ 10.2102 ]
566:(30,2,7,20,30,30,0) [ 10.355799999999999 ]
567:(31,2,7,21,29,29,0) [ 10.417200000000001 ]
568:(30,2,8,21,29,29,0) [ 10.5738 ]
569:(41,2,4,32,18,18,0) [ 9.9222 ]
570:(40,2,5,32,18,18,0) [ 10.1998 ]
571:(41,2,5,33,17,17,0) [ 10.2392 ]
572:(42,2,4,33,17,17,0) [ 9.950599999999998 ]
573:(42,2,5,34,16,16,0) [ 10.278599999999999 ]
574:(41,2,6,34,16,16,0) [ 10.5782 ]
575:(44,2,6,40,10,10,0) [ 10.627400000000002 ]
576:(45,2,4,40,10,10,0) [ 9.8118 ]
577:(45,2,4,41,9,9,0) [ 9.755799999999999 ]
578:(46,2,5,44,6,6,0) [ 10.1662 ]
579:(34,2,3,24,26,26,0) [ 9.5054 ]
580:(36,2,3,27,23,23,0) [ 9.4732 ]
581:(37,2,4,30,20,20,0) [ 9.6966 ]
582:(37,2,5,31,19,19,0) [ 9.9916 ]
583:(38,2,6,32,18,18,0) [ 10.393 ]
584:(38,2,7,34,16,16,0) [ 10.709 ]
585:(39,2,7,34,16,16,0) [ 10.7934 ]
586:(40,2,8,37,13,13,0) [ 11.2258 ]
587:(39,2,9,38,12,12,0) [ 11.557399999999998 ]
588:(40,2,9,38,12,12,0) [ 11.6418 ]
589:(40,2,9,39,11,11,0) [ 11.6408 ]
590:(41,2,8,40,10,10,0) [ 11.2742 ]
591:(42,2,6,41,9,9,0) [ 10.4246 ]
592:(43,2,6,42,8,8,0) [ 10.475000000000001 ]
593:(35,2,3,23,27,27,0) [ 9.6568 ]
594:(36,2,3,26,24,24,0) [ 9.5402 ]
595:(39,2,5,31,19,19,0) [ 10.160400000000001 ]
596:(39,2,6,32,18,18,0) [ 10.477400000000001 ]
597:(44,2,6,42,8,8,0) [ 10.5594 ]
598:(44,2,7,43,7,7,0) [ 11.008399999999998 ]
599:(45,2,6,44,6,6,0) [ 10.5758 ]
600:(46,2,5,45,5,5,0) [ 10.1212 ]
601:(49,2,3,48,2,2,0) [ 9.1634 ]
602:(49,2,3,49,1,1,0) [ 9.096400000000001 ]
603:(16,2,1,0,50,50,0) [ 9.574200000000001 TARGET ]
604:(16,2,2,0,50,50,0) [ 9.5842 TARGET ]
605:(16,2,2,1,49,49,0) [ 9.5062 ]
606:(16,2,3,1,49,49,0) [ 9.5272 ]
607:(16,2,3,2,48,48,0) [ 9.4602 ]
608:(16,2,4,2,48,48,0) [ 9.4922 ]
609:(16,2,4,3,47,47,0) [ 9.4362 ]
610:(16,2,5,3,47,47,0) [ 9.4792 ]
611:(16,2,5,4,46,46,0) [ 9.4342 ]
612:(16,2,6,4,46,46,0) [ 9.4882 ]
613:(16,2,6,5,45,45,0) [ 9.4542 ]
614:(16,2,7,5,45,45,0) [ 9.5192 ]
615:(16,2,7,6,44,44,0) [ 9.4962 ]
616:(16,2,8,6,44,44,0) [ 9.5722 ]
617:(16,2,8,7,43,43,0) [ 9.5602 ]
618:(16,2,9,7,43,43,0) [ 9.6472 ]
619:(16,2,7,7,43,43,0) [ 9.473199999999999 ]
620:(16,2,8,8,42,42,0) [ 9.548200000000001 ]
621:(16,2,9,8,42,42,0) [ 9.6462 ]
622:(17,2,7,8,42,42,0) [ 9.534600000000001 ]
623:(17,2,8,9,41,41,0) [ 9.6206 ]
624:(17,2,9,9,41,41,0) [ 9.729600000000001 ]
625:(17,2,9,10,40,40,0) [ 9.7286 ]
626:(17,2,10,10,40,40,0) [ 9.848600000000001 ]
627:(17,2,8,10,40,40,0) [ 9.6086 ]
628:(17,2,9,11,39,39,0) [ 9.7276 ]
629:(17,2,10,11,39,39,0) [ 9.858600000000001 ]
630:(18,2,8,11,39,39,0) [ 9.681000000000001 ]
631:(18,2,7,11,39,39,0) [ 9.55 ]
632:(19,2,6,11,39,39,0) [ 9.503400000000001 ]
633:(19,2,7,12,38,38,0) [ 9.6114 ]
634:(19,2,8,12,38,38,0) [ 9.753400000000001 ]
635:(19,2,6,12,38,38,0) [ 9.4694 ]
636:(20,2,5,12,38,38,0) [ 9.411800000000001 ]
637:(21,2,4,12,38,38,0) [ 9.3542 ]
638:(22,2,3,12,38,38,0) [ 9.2966 ]
639:(23,2,2,12,38,38,0) [ 9.239 ]
640:(24,2,1,12,38,38,0) [ 9.1814 ]
641:(25,2,0,12,38,38,0) [ 9.123800000000001 ]
642:(25,2,1,13,37,37,0) [ 9.1768 ]
643:(25,2,2,13,37,37,0) [ 9.329799999999999 ]
644:(25,2,2,14,36,36,0) [ 9.2518 ]
645:(25,2,3,14,36,36,0) [ 9.415799999999999 ]
646:(25,2,3,15,35,35,0) [ 9.3488 ]
647:(25,2,4,15,35,35,0) [ 9.5238 ]
648:(25,2,2,15,35,35,0) [ 9.1738 ]
649:(26,2,1,15,35,35,0) [ 9.0832 ]
650:(26,2,2,16,34,34,0) [ 9.180200000000001 ]
651:(26,2,3,16,34,34,0) [ 9.366200000000001 ]
652:(26,2,3,17,33,33,0) [ 9.2992 ]
653:(26,2,4,17,33,33,0) [ 9.4962 ]
654:(26,2,4,18,32,32,0) [ 9.4402 ]
655:(26,2,5,18,32,32,0) [ 9.6482 ]
656:(26,2,5,19,31,31,0) [ 9.6032 ]
657:(26,2,6,19,31,31,0) [ 9.8222 ]
658:(26,2,6,20,30,30,0) [ 9.7882 ]
659:(26,2,7,20,30,30,0) [ 10.0182 ]
660:(26,2,7,21,29,29,0) [ 9.9952 ]
661:(26,2,8,21,29,29,0) [ 10.2362 ]
662:(27,2,6,21,29,29,0) [ 9.838600000000001 ]
663:(28,2,5,21,29,29,0) [ 9.682 ]
664:(28,2,4,21,29,29,0) [ 9.441 ]
665:(28,2,3,21,29,29,0) [ 9.200000000000001 ]
666:(29,2,2,21,29,29,0) [ 9.0434 ]
667:(30,2,1,21,29,29,0) [ 8.886800000000001 ]
668:(31,2,0,21,29,29,0) [ 8.7302 ]
669:(31,2,1,22,28,28,0) [ 8.882200000000001 ]
670:(31,2,2,22,28,28,0) [ 9.1342 ]
671:(32,2,0,22,28,28,0) [ 8.7146 ]
672:(32,2,1,23,27,27,0) [ 8.877600000000001 ]
673:(32,2,2,23,27,27,0) [ 9.1406 ]
674:(32,2,0,23,27,27,0) [ 8.6146 ]
675:(32,2,1,24,26,26,0) [ 8.7886 ]
676:(32,2,2,24,26,26,0) [ 9.0626 ]
677:(33,2,0,24,26,26,0) [ 8.599 ]
678:(33,2,1,25,25,25,0) [ 8.783999999999999 ]
679:(33,2,2,25,25,25,0) [ 9.068999999999999 ]
680:(33,2,0,25,25,25,0) [ 8.499 ]
681:(33,2,1,26,24,24,0) [ 8.695 ]
682:(33,2,2,26,24,24,0) [ 8.991 ]
683:(34,2,0,26,24,24,0) [ 8.4834 ]
684:(34,2,1,27,23,23,0) [ 8.6904 ]
685:(34,2,2,27,23,23,0) [ 8.9974 ]
686:(34,2,2,28,22,22,0) [ 8.9194 ]
687:(34,2,3,28,22,22,0) [ 9.237400000000001 ]
688:(34,2,3,29,21,21,0) [ 9.1704 ]
689:(34,2,4,29,21,21,0) [ 9.4994 ]
690:(35,2,2,29,21,21,0) [ 8.9258 ]
691:(36,2,1,29,21,21,0) [ 8.6812 ]
692:(36,2,2,30,20,20,0) [ 8.9322 ]
693:(36,2,3,30,20,20,0) [ 9.2722 ]
694:(36,2,3,31,19,19,0) [ 9.2052 ]
695:(36,2,4,31,19,19,0) [ 9.5562 ]
696:(36,2,4,32,18,18,0) [ 9.5002 ]
697:(36,2,5,32,18,18,0) [ 9.862200000000001 ]
698:(36,2,5,33,17,17,0) [ 9.8172 ]
699:(36,2,6,33,17,17,0) [ 10.1902 ]
700:(37,2,4,33,17,17,0) [ 9.5286 ]
701:(37,2,5,34,16,16,0) [ 9.856599999999998 ]
702:(37,2,6,34,16,16,0) [ 10.240599999999999 ]
703:(37,2,6,35,15,15,0) [ 10.206600000000002 ]
704:(37,2,7,35,15,15,0) [ 10.601600000000001 ]
705:(37,2,7,36,14,14,0) [ 10.5786 ]
706:(37,2,8,36,14,14,0) [ 10.9846 ]
707:(38,2,6,36,14,14,0) [ 10.257 ]
708:(38,2,5,36,14,14,0) [ 9.851 ]
709:(38,2,6,37,13,13,0) [ 10.223000000000003 ]
710:(38,2,7,37,13,13,0) [ 10.64 ]
711:(38,2,7,38,12,12,0) [ 10.617 ]
712:(38,2,8,38,12,12,0) [ 11.044999999999998 ]
713:(38,2,6,38,12,12,0) [ 10.189 ]
714:(38,2,7,39,11,11,0) [ 10.594 ]
715:(38,2,8,39,11,11,0) [ 11.033 ]
716:(38,2,6,39,11,11,0) [ 10.155 ]
717:(39,2,5,39,11,11,0) [ 9.800399999999998 ]
718:(39,2,6,40,10,10,0) [ 10.205400000000001 ]
719:(39,2,7,40,10,10,0) [ 10.6554 ]
720:(39,2,5,40,10,10,0) [ 9.7554 ]
721:(40,2,4,40,10,10,0) [ 9.389800000000001 ]
722:(40,2,3,40,10,10,0) [ 8.9398 ]
723:(40,2,4,41,9,9,0) [ 9.333800000000002 ]
724:(40,2,5,41,9,9,0) [ 9.7948 ]
725:(41,2,3,41,9,9,0) [ 8.9572 ]
726:(41,2,4,42,8,8,0) [ 9.362200000000001 ]
727:(41,2,5,42,8,8,0) [ 9.8342 ]
728:(41,2,5,43,7,7,0) [ 9.7892 ]
729:(41,2,6,43,7,7,0) [ 10.2722 ]
730:(42,2,4,43,7,7,0) [ 9.3906 ]
731:(42,2,3,43,7,7,0) [ 8.907599999999999 ]
732:(42,2,4,44,6,6,0) [ 9.3346 ]
733:(42,2,5,44,6,6,0) [ 9.8286 ]
734:(42,2,3,44,6,6,0) [ 8.8406 ]
735:(43,2,2,44,6,6,0) [ 8.431000000000001 ]
736:(43,2,3,45,5,5,0) [ 8.858 ]
737:(43,2,4,45,5,5,0) [ 9.363 ]
738:(43,2,2,45,5,5,0) [ 8.353 ]
739:(44,2,1,45,5,5,0) [ 7.9323999999999995 ]
740:(44,2,2,46,4,4,0) [ 8.359399999999999 ]
741:(44,2,3,46,4,4,0) [ 8.8754 ]
742:(44,2,3,47,3,3,0) [ 8.8084 ]
743:(44,2,4,47,3,3,0) [ 9.3354 ]
744:(45,2,2,47,3,3,0) [ 8.3658 ]
745:(46,2,1,47,3,3,0) [ 7.9232000000000005 ]
746:(46,2,0,47,3,3,0) [ 7.3962 ]
747:(46,2,1,48,2,2,0) [ 7.834200000000001 ]
748:(46,2,2,48,2,2,0) [ 8.3722 ]
749:(46,2,0,48,2,2,0) [ 7.296200000000001 ]
750:(46,2,1,49,1,1,0) [ 7.7452 ]
751:(46,2,2,49,1,1,0) [ 8.2942 ]
752:(47,2,0,49,1,1,0) [ 7.2806 ]
753:(47,2,1,50,0,0,0) [ 7.740600000000001 ]
754:(47,2,2,50,0,0,0) [ 8.3006 ]
755:(48,2,0,50,0,0,0) [ 7.265 ]
756:(35,2,3,30,20,20,0) [ 9.1878 ]
757:(35,2,3,31,19,19,0) [ 9.1208 ]
758:(35,2,4,31,19,19,0) [ 9.4718 ]
759:(24,2,4,14,36,36,0) [ 9.4954 ]
760:(24,2,5,15,35,35,0) [ 9.6144 ]
761:(26,2,4,16,34,34,0) [ 9.552200000000001 ]
762:(26,2,5,17,33,33,0) [ 9.693200000000001 ]
763:(32,2,3,23,27,27,0) [ 9.4036 ]
764:(32,2,3,24,26,26,0) [ 9.3366 ]
765:(48,2,0,46,4,4,0) [ 7.665 ]
766:(47,2,1,46,4,4,0) [ 8.0966 ]
767:(45,2,2,43,7,7,0) [ 8.6778 ]
768:(43,2,2,40,10,10,0) [ 8.742999999999999 ]
769:(43,2,1,39,11,11,0) [ 8.382 ]
770:(42,2,2,39,11,11,0) [ 8.7366 ]
771:(42,2,1,38,12,12,0) [ 8.386600000000001 ]
772:(42,2,0,37,13,13,0) [ 8.0586 ]
773:(41,2,1,37,13,13,0) [ 8.391200000000001 ]
774:(41,2,0,36,14,14,0) [ 8.074200000000001 ]
775:(41,2,1,36,14,14,0) [ 8.4802 ]
776:(40,2,2,36,14,14,0) [ 8.8018 ]
777:(40,2,1,35,15,15,0) [ 8.4848 ]
778:(40,2,0,34,16,16,0) [ 8.1898 ]
779:(39,2,1,34,16,16,0) [ 8.4894 ]
780:(39,2,0,33,17,17,0) [ 8.205400000000001 ]
781:(39,2,1,33,17,17,0) [ 8.5784 ]
782:(39,2,0,32,18,18,0) [ 8.3054 ]
783:(38,2,1,32,18,18,0) [ 8.583 ]
784:(38,2,2,32,18,18,0) [ 8.945 ]
785:(37,2,3,32,18,18,0) [ 9.2226 ]
786:(37,2,0,28,22,22,0) [ 8.5366 ]
787:(36,2,1,28,22,22,0) [ 8.770199999999999 ]
788:(36,2,0,27,23,23,0) [ 8.552200000000001 ]
789:(33,2,4,24,26,26,0) [ 9.695 ]
790:(33,2,5,24,26,26,0) [ 9.969 ]
791:(32,2,6,24,26,26,0) [ 10.1586 ]
792:(31,2,7,24,26,26,0) [ 10.3482 ]
793:(31,2,6,23,27,27,0) [ 10.1082 ]
794:(31,2,5,22,28,28,0) [ 9.8902 ]
795:(30,2,6,22,28,28,0) [ 10.0578 ]
796:(30,2,7,22,28,28,0) [ 10.3098 ]
797:(30,2,8,22,28,28,0) [ 10.5618 ]
798:(30,2,8,20,30,30,0) [ 10.585799999999999 ]
799:(29,2,9,20,30,30,0) [ 10.7314 ]
800:(28,2,10,20,30,30,0) [ 10.876999999999999 ]
801:(28,2,9,19,31,31,0) [ 10.648 ]
802:(27,2,10,19,31,31,0) [ 10.7826 ]
803:(27,2,9,18,32,32,0) [ 10.5646 ]
804:(27,2,8,17,33,33,0) [ 10.3686 ]
805:(27,2,7,16,34,34,0) [ 10.194600000000001 ]
806:(27,2,6,15,35,35,0) [ 10.0426 ]
807:(27,2,7,15,35,35,0) [ 10.217600000000001 ]
808:(26,2,8,15,35,35,0) [ 10.3082 ]
809:(26,2,9,15,35,35,0) [ 10.4832 ]
810:(26,2,8,14,36,36,0) [ 10.3202 ]
811:(26,2,9,14,36,36,0) [ 10.4842 ]
812:(25,2,10,14,36,36,0) [ 10.5638 ]
813:(25,2,9,13,37,37,0) [ 10.4008 ]
814:(25,2,10,13,37,37,0) [ 10.553799999999999 ]
815:(25,2,11,13,37,37,0) [ 10.706800000000001 ]
816:(25,2,10,12,38,38,0) [ 10.543800000000001 ]
817:(25,2,9,11,39,39,0) [ 10.4028 ]
818:(25,2,10,11,39,39,0) [ 10.5338 ]
819:(25,2,9,10,40,40,0) [ 10.4038 ]
820:(24,2,10,10,40,40,0) [ 10.4394 ]
821:(24,2,9,9,41,41,0) [ 10.3204 ]
822:(24,2,10,9,41,41,0) [ 10.429400000000001 ]
823:(24,2,9,8,42,42,0) [ 10.3214 ]
824:(24,2,8,7,43,43,0) [ 10.235399999999998 ]
825:(24,2,7,6,44,44,0) [ 10.1714 ]
826:(24,2,6,5,45,45,0) [ 10.1294 ]
827:(24,2,5,4,46,46,0) [ 10.1094 ]
828:(24,2,4,3,47,47,0) [ 10.1114 ]
829:(24,2,3,2,48,48,0) [ 10.1354 ]
830:(24,2,2,1,49,49,0) [ 10.1814 ]
831:(24,2,1,0,50,50,0) [ 10.2494 TARGET ]
832:(25,2,1,0,50,50,0) [ 10.3338 TARGET ]
833:(23,2,1,0,50,50,0) [ 10.165 TARGET ]
834:(25,2,2,1,49,49,0) [ 10.2658 ]
835:(23,2,2,1,49,49,0) [ 10.097000000000001 ]
836:(25,2,3,2,48,48,0) [ 10.2198 ]
837:(23,2,3,2,48,48,0) [ 10.051 ]
838:(25,2,4,3,47,47,0) [ 10.1958 ]
839:(23,2,4,3,47,47,0) [ 10.027000000000001 ]
840:(25,2,5,4,46,46,0) [ 10.1938 ]
841:(23,2,5,4,46,46,0) [ 10.025 ]
842:(25,2,6,5,45,45,0) [ 10.213799999999999 ]
843:(25,2,7,6,44,44,0) [ 10.2558 ]
844:(25,2,8,7,43,43,0) [ 10.3198 ]
845:(25,2,9,8,42,42,0) [ 10.4058 ]
846:(25,2,10,9,41,41,0) [ 10.5138 ]
847:(24,2,11,10,40,40,0) [ 10.5594 ]
848:(26,2,10,11,39,39,0) [ 10.618200000000002 ]
849:(25,2,11,11,39,39,0) [ 10.6648 ]
850:(26,2,9,11,39,39,0) [ 10.487200000000001 ]
851:(26,2,10,13,37,37,0) [ 10.638200000000001 ]
852:(28,2,6,15,35,35,0) [ 10.127 ]
853:(28,2,7,16,34,34,0) [ 10.279 ]
854:(28,2,8,17,33,33,0) [ 10.453000000000001 ]
855:(28,2,9,18,32,32,0) [ 10.649000000000001 ]
856:(29,2,9,19,31,31,0) [ 10.7324 ]
857:(31,2,7,20,30,30,0) [ 10.4402 ]
858:(31,2,8,21,29,29,0) [ 10.6582 ]
859:(31,2,8,22,28,28,0) [ 10.6462 ]
860:(34,2,5,24,26,26,0) [ 10.0534 ]
861:(36,2,3,32,18,18,0) [ 9.1382 ]
862:(37,2,2,32,18,18,0) [ 8.8606 ]
863:(37,2,1,32,18,18,0) [ 8.4986 ]
864:(38,2,1,33,17,17,0) [ 8.494 ]
865:(38,2,0,33,17,17,0) [ 8.121 ]
866:(38,2,1,34,16,16,0) [ 8.405 ]
867:(39,2,1,35,15,15,0) [ 8.4004 ]
868:(39,2,2,36,14,14,0) [ 8.7174 ]
869:(40,2,0,36,14,14,0) [ 7.989800000000001 ]
870:(40,2,1,37,13,13,0) [ 8.3068 ]
871:(44,2,1,39,11,11,0) [ 8.4664 ]
872:(46,2,2,43,7,7,0) [ 8.7622 ]
873:(44,2,2,43,7,7,0) [ 8.593399999999999 ]
874:(48,2,1,46,4,4,0) [ 8.181 ]
875:(46,2,1,46,4,4,0) [ 8.0122 ]
876:(49,2,0,46,4,4,0) [ 7.7494000000000005 ]
877:(44,2,1,44,6,6,0) [ 8.0214 ]
878:(44,2,1,43,7,7,0) [ 8.1104 ]
879:(43,2,2,43,7,7,0) [ 8.509 ]
880:(43,2,1,42,8,8,0) [ 8.115 ]
881:(42,2,2,42,8,8,0) [ 8.5026 ]
882:(42,2,1,41,9,9,0) [ 8.1196 ]
883:(42,2,0,40,10,10,0) [ 7.7585999999999995 ]
884:(42,2,1,40,10,10,0) [ 8.2086 ]
885:(42,2,0,39,11,11,0) [ 7.858599999999999 ]
886:(41,2,1,39,11,11,0) [ 8.2132 ]
887:(41,2,0,38,12,12,0) [ 7.874200000000001 ]
888:(40,2,1,38,12,12,0) [ 8.2178 ]
889:(40,2,0,37,13,13,0) [ 7.8898 ]
890:(39,2,1,36,14,14,0) [ 8.3114 ]
891:(38,2,2,35,15,15,0) [ 8.711 ]
892:(37,2,2,33,17,17,0) [ 8.7826 ]
893:(36,2,2,31,19,19,0) [ 8.8542 ]
894:(34,2,4,30,20,20,0) [ 9.4434 ]
895:(33,2,5,30,20,20,0) [ 9.699 ]
896:(33,2,6,30,20,20,0) [ 10.039000000000001 ]
897:(33,2,7,30,20,20,0) [ 10.379000000000001 ]
898:(33,2,6,29,21,21,0) [ 10.073 ]
899:(33,2,5,28,22,22,0) [ 9.789 ]
900:(32,2,6,28,22,22,0) [ 10.0226 ]
901:(32,2,5,27,23,23,0) [ 9.7496 ]
902:(32,2,6,27,23,23,0) [ 10.0566 ]
903:(32,2,5,26,24,24,0) [ 9.794599999999999 ]
904:(32,2,4,25,25,25,0) [ 9.5546 ]
905:(32,2,0,20,30,30,0) [ 8.9146 ]
906:(31,2,1,20,30,30,0) [ 9.0602 ]
907:(31,2,0,19,31,31,0) [ 8.9302 ]
908:(30,2,1,19,31,31,0) [ 9.0648 ]
909:(30,2,0,18,32,32,0) [ 8.9458 ]
910:(30,2,1,18,32,32,0) [ 9.1538 ]
911:(29,2,2,18,32,32,0) [ 9.2774 ]
912:(28,2,3,18,32,32,0) [ 9.401 ]
913:(28,2,2,17,33,33,0) [ 9.271 ]
914:(23,2,5,14,36,36,0) [ 9.575 ]
915:(23,2,4,13,37,37,0) [ 9.466999999999999 ]
916:(23,2,5,13,37,37,0) [ 9.620000000000001 ]
917:(23,2,3,11,39,39,0) [ 9.448 ]
918:(23,2,2,10,40,40,0) [ 9.395 ]
919:(23,2,1,9,41,41,0) [ 9.364 ]
920:(23,2,2,9,41,41,0) [ 9.473 ]
921:(23,2,1,8,42,42,0) [ 9.453 ]
922:(23,2,2,8,42,42,0) [ 9.551 ]
923:(22,2,3,8,42,42,0) [ 9.5646 ]
924:(21,2,4,8,42,42,0) [ 9.578199999999999 ]
925:(21,2,3,7,43,43,0) [ 9.5472 ]
926:(20,2,4,7,43,43,0) [ 9.549800000000001 ]
927:(20,2,3,6,44,44,0) [ 9.529800000000002 ]
928:(19,2,4,6,44,44,0) [ 9.5214 ]
929:(19,2,5,6,44,44,0) [ 9.5974 ]
930:(18,2,6,6,44,44,0) [ 9.589 ]
931:(32,2,1,20,30,30,0) [ 9.1446 ]
932:(33,2,0,20,30,30,0) [ 8.999 ]
933:(37,2,2,31,19,19,0) [ 8.938600000000001 ]
934:(45,2,1,43,7,7,0) [ 8.194799999999999 ]
935:(48,2,0,45,5,5,0) [ 7.765 ]
936:(47,2,0,44,6,6,0) [ 7.7806 ]
937:(46,2,1,44,6,6,0) [ 8.1902 ]
938:(46,2,0,43,7,7,0) [ 7.796200000000001 ]
939:(46,2,1,43,7,7,0) [ 8.2792 ]
940:(45,2,1,42,8,8,0) [ 8.2838 ]
941:(45,2,0,41,9,9,0) [ 7.9118 ]
942:(44,2,1,41,9,9,0) [ 8.2884 ]
943:(44,2,0,40,10,10,0) [ 7.9274000000000004 ]
944:(44,2,1,40,10,10,0) [ 8.3774 ]
945:(44,2,0,39,11,11,0) [ 8.0274 ]
946:(44,2,2,39,11,11,0) [ 8.9054 ]
947:(44,2,1,38,12,12,0) [ 8.555399999999999 ]
948:(43,2,2,38,12,12,0) [ 8.899000000000001 ]
949:(43,2,3,38,12,12,0) [ 9.326999999999998 ]
950:(43,2,2,37,13,13,0) [ 8.977 ]
951:(42,2,3,37,13,13,0) [ 9.3096 ]
952:(41,2,4,37,13,13,0) [ 9.6422 ]
953:(41,2,5,37,13,13,0) [ 10.0592 ]
954:(41,2,4,36,14,14,0) [ 9.698200000000002 ]
955:(40,2,4,35,15,15,0) [ 9.6698 ]
956:(39,2,5,35,15,15,0) [ 9.9804 ]
957:(38,2,7,32,18,18,0) [ 10.755 ]
958:(37,2,8,32,18,18,0) [ 11.032600000000002 ]
959:(36,2,9,32,18,18,0) [ 11.310200000000002 ]
960:(36,2,10,32,18,18,0) [ 11.6722 ]
961:(36,2,9,31,19,19,0) [ 11.311200000000001 ]
962:(36,2,10,31,19,19,0) [ 11.6622 ]
963:(36,2,11,31,19,19,0) [ 12.0132 ]
964:(36,2,10,30,20,20,0) [ 11.6522 ]
965:(36,2,9,29,21,21,0) [ 11.3132 ]
966:(36,2,10,29,21,21,0) [ 11.6422 ]
967:(36,2,9,28,22,22,0) [ 11.3142 ]
968:(36,2,8,27,23,23,0) [ 11.008200000000002 ]
969:(36,2,7,26,24,24,0) [ 10.724200000000002 ]
970:(36,2,8,26,24,24,0) [ 11.0202 ]
971:(36,2,7,25,25,25,0) [ 10.7472 ]
972:(36,2,6,24,26,26,0) [ 10.4962 ]
973:(35,2,7,24,26,26,0) [ 10.685799999999999 ]
974:(35,2,8,24,26,26,0) [ 10.9598 ]
975:(35,2,7,23,27,27,0) [ 10.7088 ]
976:(35,2,6,22,28,28,0) [ 10.479800000000001 ]
977:(35,2,7,22,28,28,0) [ 10.7318 ]
978:(35,2,6,21,29,29,0) [ 10.5138 ]
979:(35,2,7,21,29,29,0) [ 10.7548 ]
980:(35,2,6,20,30,30,0) [ 10.5478 ]
981:(35,2,5,19,31,31,0) [ 10.3628 ]
982:(35,2,4,18,32,32,0) [ 10.1998 ]
983:(34,2,5,18,32,32,0) [ 10.3234 ]
984:(34,2,4,17,33,33,0) [ 10.1714 ]
985:(33,2,5,17,33,33,0) [ 10.284 ]
986:(33,2,6,17,33,33,0) [ 10.481 ]
987:(33,2,5,16,34,34,0) [ 10.329 ]
988:(32,2,6,16,34,34,0) [ 10.4306 ]
989:(32,2,5,15,35,35,0) [ 10.2896 ]
990:(32,2,6,15,35,35,0) [ 10.4646 ]
991:(32,2,5,14,36,36,0) [ 10.3346 ]
992:(31,2,6,14,36,36,0) [ 10.4142 ]
993:(31,2,7,14,36,36,0) [ 10.5782 ]
994:(31,2,6,13,37,37,0) [ 10.4482 ]
995:(31,2,5,12,38,38,0) [ 10.3402 ]
996:(30,2,6,12,38,38,0) [ 10.3978 ]
997:(30,2,5,11,39,39,0) [ 10.3008 ]
998:(30,2,6,11,39,39,0) [ 10.4318 ]
999:(30,2,5,10,40,40,0) [ 10.3458 ]
1000:(30,2,6,10,40,40,0) [ 10.4658 ]
1001:(30,2,5,9,41,41,0) [ 10.3908 ]
1002:(30,2,4,8,42,42,0) [ 10.337800000000001 ]
1003:(29,2,5,8,42,42,0) [ 10.3514 ]
1004:(29,2,6,8,42,42,0) [ 10.4494 ]
1005:(28,2,7,8,42,42,0) [ 10.463000000000001 ]
1006:(28,2,8,8,42,42,0) [ 10.561 ]
1007:(27,2,9,8,42,42,0) [ 10.5746 ]
1008:(27,2,8,7,43,43,0) [ 10.488600000000002 ]
1009:(27,2,7,6,44,44,0) [ 10.424600000000002 ]
1010:(27,2,6,5,45,45,0) [ 10.3826 ]
1011:(27,2,5,4,46,46,0) [ 10.3626 ]
1012:(27,2,4,3,47,47,0) [ 10.3646 ]
1013:(27,2,3,2,48,48,0) [ 10.3886 ]
1014:(27,2,2,1,49,49,0) [ 10.4346 ]
1015:(27,2,1,0,50,50,0) [ 10.502600000000001 TARGET ]
1016:(34,2,8,21,29,29,0) [ 10.9114 ]
1017:(34,2,6,21,29,29,0) [ 10.429400000000001 ]
1018:(35,2,8,22,28,28,0) [ 10.983800000000002 ]
1019:(36,2,6,22,28,28,0) [ 10.5642 ]
1020:(36,2,7,24,26,26,0) [ 10.7702 ]
1021:(37,2,6,24,26,26,0) [ 10.5806 ]
1022:(37,2,7,25,25,25,0) [ 10.8316 ]
1023:(37,2,8,26,24,24,0) [ 11.1046 ]
1024:(35,2,9,26,24,24,0) [ 11.231800000000002 ]
1025:(37,2,7,26,24,24,0) [ 10.8086 ]
1026:(37,2,8,27,23,23,0) [ 11.092600000000001 ]
1027:(35,2,9,28,22,22,0) [ 11.229800000000001 ]
1028:(35,2,10,28,22,22,0) [ 11.547799999999999 ]
1029:(35,2,10,29,21,21,0) [ 11.557799999999999 ]
1030:(35,2,9,29,21,21,0) [ 11.228799999999998 ]
1031:(35,2,10,30,20,20,0) [ 11.5678 ]
1032:(38,2,8,32,18,18,0) [ 11.117 ]
1033:(36,2,8,32,18,18,0) [ 10.9482 ]
1034:(39,2,4,35,15,15,0) [ 9.5854 ]
1035:(43,2,3,37,13,13,0) [ 9.394000000000002 ]
1036:(44,2,2,37,13,13,0) [ 9.0614 ]
1037:(44,2,2,38,12,12,0) [ 8.9834 ]
1038:(45,2,1,38,12,12,0) [ 8.639800000000001 ]
1039:(45,2,2,39,11,11,0) [ 8.9898 ]
1040:(45,2,1,39,11,11,0) [ 8.5508 ]
1041:(45,2,0,39,11,11,0) [ 8.1118 ]
1042:(45,2,1,40,10,10,0) [ 8.4618 ]
1043:(45,2,0,40,10,10,0) [ 8.011800000000001 ]
1044:(45,2,1,41,9,9,0) [ 8.3728 ]
1045:(44,2,2,41,9,9,0) [ 8.7494 ]
1046:(46,2,0,41,9,9,0) [ 7.996200000000001 ]
1047:(46,2,1,42,8,8,0) [ 8.3682 ]
1048:(45,2,2,42,8,8,0) [ 8.7558 ]
1049:(47,2,1,43,7,7,0) [ 8.3636 ]
1050:(47,2,0,43,7,7,0) [ 7.8806 ]
1051:(47,2,1,44,6,6,0) [ 8.274600000000001 ]
1052:(41,2,7,41,9,9,0) [ 10.8012 ]
1053:(41,2,8,41,9,9,0) [ 11.262200000000002 ]
1054:(40,2,9,40,10,10,0) [ 11.639800000000001 ]
1055:(40,2,10,40,10,10,0) [ 12.0898 ]
1056:(40,2,11,40,10,10,0) [ 12.5398 ]
1057:(40,2,10,39,11,11,0) [ 12.0798 ]
1058:(36,2,4,26,24,24,0) [ 9.836200000000002 ]
1059:(35,2,5,26,24,24,0) [ 10.047799999999999 ]
1060:(35,2,6,26,24,24,0) [ 10.343800000000002 ]
1061:(35,2,5,25,25,25,0) [ 10.0928 ]
1062:(35,2,4,24,26,26,0) [ 9.863800000000001 ]
1063:(35,2,4,23,27,27,0) [ 9.9198 ]
1064:(34,2,5,23,27,27,0) [ 10.0984 ]
1065:(33,2,6,23,27,27,0) [ 10.277000000000001 ]
1066:(33,2,5,22,28,28,0) [ 10.059 ]
1067:(32,2,6,22,28,28,0) [ 10.2266 ]
1068:(30,2,7,19,31,31,0) [ 10.3788 ]
1069:(29,2,8,19,31,31,0) [ 10.5134 ]
1070:(29,2,7,18,32,32,0) [ 10.3174 ]
1071:(29,2,8,18,32,32,0) [ 10.525400000000001 ]
1072:(28,2,5,14,36,36,0) [ 9.997 ]
1073:(28,2,4,13,37,37,0) [ 9.889 ]
1074:(27,2,5,13,37,37,0) [ 9.9576 ]
1075:(27,2,4,12,38,38,0) [ 9.860600000000002 ]
1076:(27,2,5,12,38,38,0) [ 10.002600000000001 ]
1077:(26,2,6,12,38,38,0) [ 10.0602 ]
1078:(26,2,5,11,39,39,0) [ 9.9632 ]
1079:(26,2,6,11,39,39,0) [ 10.0942 ]
1080:(26,2,5,10,40,40,0) [ 10.0082 ]
1081:(26,2,6,10,40,40,0) [ 10.1282 ]
1082:(25,2,7,10,40,40,0) [ 10.1638 ]
1083:(25,2,6,9,41,41,0) [ 10.0778 ]
1084:(25,2,5,8,42,42,0) [ 10.0138 ]
1085:(25,2,6,8,42,42,0) [ 10.111799999999999 ]
1086:(24,2,7,8,42,42,0) [ 10.125399999999999 ]
1087:(24,2,6,7,43,43,0) [ 10.061399999999999 ]
1088:(24,2,5,6,44,44,0) [ 10.019400000000001 ]
1089:(23,2,6,6,44,44,0) [ 10.011 ]
1090:(23,2,5,5,45,45,0) [ 9.98 ]
1091:(23,2,4,4,46,46,0) [ 9.971 ]
1092:(28,2,5,12,38,38,0) [ 10.087 ]
1093:(29,2,9,18,32,32,0) [ 10.7334 ]
1094:(28,2,10,18,32,32,0) [ 10.857 ]
1095:(30,2,8,18,32,32,0) [ 10.6098 ]
1096:(30,2,8,19,31,31,0) [ 10.5978 ]
1097:(36,2,4,23,27,27,0) [ 10.0042 ]
1098:(34,2,6,25,25,25,0) [ 10.2934 ]
1099:(34,2,7,26,24,24,0) [ 10.5554 ]
1100:(39,2,10,38,12,12,0) [ 11.985399999999998 ]
1101:(41,2,9,40,10,10,0) [ 11.7242 ]
1102:(41,2,9,41,9,9,0) [ 11.7232 ]
1103:(42,2,7,41,9,9,0) [ 10.8856 ]
1104:(43,2,7,42,8,8,0) [ 10.947 ]
1105:(42,2,4,39,11,11,0) [ 9.6146 ]
1106:(40,2,5,38,12,12,0) [ 9.9298 ]
1107:(39,2,3,34,16,16,0) [ 9.2574 ]
1108:(38,2,4,34,16,16,0) [ 9.557 ]
1109:(38,2,3,33,17,17,0) [ 9.24 ]
1110:(38,2,1,31,19,19,0) [ 8.672 ]
1111:(32,2,2,20,30,30,0) [ 9.374600000000001 ]
1112:(32,2,1,19,31,31,0) [ 9.2336 ]
1113:(32,2,0,18,32,32,0) [ 9.1146 ]
1114:(32,2,1,18,32,32,0) [ 9.322600000000001 ]
1115:(32,2,0,17,33,33,0) [ 9.2146 ]
1116:(32,2,1,17,33,33,0) [ 9.4116 ]
1117:(32,2,0,16,34,34,0) [ 9.3146 ]
1118:(32,2,1,16,34,34,0) [ 9.5006 ]
1119:(32,2,0,15,35,35,0) [ 9.4146 ]
1120:(31,2,0,14,36,36,0) [ 9.4302 ]
1121:(30,2,1,14,36,36,0) [ 9.5098 ]
1122:(30,2,0,13,37,37,0) [ 9.4458 ]
1123:(30,2,2,13,37,37,0) [ 9.7518 ]
1124:(30,2,1,12,38,38,0) [ 9.687800000000001 ]
1125:(30,2,2,12,38,38,0) [ 9.8298 ]
1126:(30,2,1,11,39,39,0) [ 9.7768 ]
1127:(29,2,2,11,39,39,0) [ 9.8234 ]
1128:(29,2,1,10,40,40,0) [ 9.7814 ]
1129:(29,2,0,9,41,41,0) [ 9.761400000000002 ]
1130:(28,2,1,9,41,41,0) [ 9.786000000000001 ]
1131:(28,2,0,8,42,42,0) [ 9.777000000000001 ]
1132:(28,2,1,8,42,42,0) [ 9.875 ]
1133:(27,2,2,8,42,42,0) [ 9.8886 ]
1134:(27,2,1,7,43,43,0) [ 9.8796 ]
1135:(27,2,2,7,43,43,0) [ 9.9666 ]
1136:(27,2,1,6,44,44,0) [ 9.9686 ]
1137:(27,2,0,5,45,45,0) [ 9.9926 ]
1138:(27,2,1,5,45,45,0) [ 10.0576 ]
1139:(27,2,0,4,46,46,0) [ 10.092600000000001 ]
1140:(26,2,1,4,46,46,0) [ 10.0622 ]
1141:(26,2,0,3,47,47,0) [ 10.1082 ]
1142:(25,2,1,3,47,47,0) [ 10.0668 ]
1143:(25,2,2,3,47,47,0) [ 10.1098 ]
1144:(25,2,1,2,48,48,0) [ 10.1558 ]
1145:(24,2,2,2,48,48,0) [ 10.1034 ]
1146:(25,2,2,4,46,46,0) [ 10.0318 ]
1147:(26,2,3,7,43,43,0) [ 9.9692 ]
1148:(28,2,2,9,41,41,0) [ 9.895 ]
1149:(45,2,2,41,9,9,0) [ 8.8338 ]
1150:(46,2,1,41,9,9,0) [ 8.4572 ]
1151:(48,2,4,48,2,2,0) [ 9.616999999999999 ]
1152:(44,2,1,37,13,13,0) [ 8.6444 ]
1153:(43,2,2,36,14,14,0) [ 9.055 ]
1154:(43,2,1,35,15,15,0) [ 8.738 ]
1155:(43,2,2,35,15,15,0) [ 9.133 ]
1156:(43,2,3,35,15,15,0) [ 9.527999999999999 ]
1157:(43,2,4,35,15,15,0) [ 9.923 ]
1158:(43,2,3,34,16,16,0) [ 9.595 ]
1159:(42,2,4,34,16,16,0) [ 9.894599999999999 ]
1160:(42,2,3,33,17,17,0) [ 9.5776 ]
1161:(42,2,3,32,18,18,0) [ 9.6446 ]
1162:(42,2,2,31,19,19,0) [ 9.3606 ]
1163:(42,2,3,31,19,19,0) [ 9.711599999999999 ]
1164:(41,2,4,31,19,19,0) [ 9.9782 ]
1165:(41,2,5,31,19,19,0) [ 10.3292 ]
1166:(40,2,6,31,19,19,0) [ 10.595800000000002 ]
1167:(40,2,7,31,19,19,0) [ 10.946800000000001 ]
1168:(40,2,6,30,20,20,0) [ 10.6298 ]
1169:(40,2,7,30,20,20,0) [ 10.9698 ]
1170:(39,2,8,30,20,20,0) [ 11.2254 ]
1171:(39,2,9,30,20,20,0) [ 11.5654 ]
1172:(39,2,8,29,21,21,0) [ 11.2374 ]
1173:(39,2,7,28,22,22,0) [ 10.9314 ]
1174:(38,2,8,28,22,22,0) [ 11.165 ]
1175:(38,2,7,27,23,23,0) [ 10.870000000000001 ]
1176:(36,2,6,23,27,27,0) [ 10.5302 ]
1177:(36,2,5,22,28,28,0) [ 10.3122 ]
1178:(34,2,9,22,28,28,0) [ 11.1514 ]
1179:(33,2,9,21,29,29,0) [ 11.068 ]
1180:(33,2,10,21,29,29,0) [ 11.309 ]
1181:(33,2,9,20,30,30,0) [ 11.068999999999999 ]
1182:(33,2,8,19,31,31,0) [ 10.851 ]
1183:(32,2,9,19,31,31,0) [ 10.9856 ]
1184:(32,2,10,19,31,31,0) [ 11.204600000000001 ]
1185:(32,2,9,18,32,32,0) [ 10.9866 ]
1186:(31,2,10,18,32,32,0) [ 11.110199999999999 ]
1187:(30,2,11,18,32,32,0) [ 11.233799999999999 ]
1188:(30,2,12,18,32,32,0) [ 11.4418 ]
1189:(29,2,13,18,32,32,0) [ 11.5654 ]
1190:(29,2,12,17,33,33,0) [ 11.325400000000002 ]
1191:(29,2,11,16,34,34,0) [ 11.1074 ]
1192:(28,2,12,16,34,34,0) [ 11.209 ]
1193:(28,2,13,16,34,34,0) [ 11.395 ]
1194:(27,2,14,16,34,34,0) [ 11.4966 ]
1195:(27,2,13,15,35,35,0) [ 11.267600000000002 ]
1196:(27,2,14,15,35,35,0) [ 11.4426 ]
1197:(27,2,13,14,36,36,0) [ 11.2246 ]
1198:(27,2,14,14,36,36,0) [ 11.3886 ]
1199:(27,2,13,13,37,37,0) [ 11.1816 ]
1200:(27,2,14,13,37,37,0) [ 11.3346 ]
1201:(27,2,13,12,38,38,0) [ 11.1386 ]
1202:(27,2,12,11,39,39,0) [ 10.9646 ]
1203:(27,2,11,10,40,40,0) [ 10.8126 ]
1204:(27,2,10,9,41,41,0) [ 10.6826 ]
1205:(27,2,12,16,34,34,0) [ 11.124600000000001 ]
1206:(28,2,12,17,33,33,0) [ 11.241000000000001 ]
1207:(29,2,12,18,32,32,0) [ 11.357399999999998 ]
1208:(35,2,5,22,28,28,0) [ 10.2278 ]
1209:(35,2,6,23,27,27,0) [ 10.4458 ]
1210:(39,2,6,31,19,19,0) [ 10.5114 ]
1211:(43,2,4,34,16,16,0) [ 9.979000000000001 ]
1212:(44,2,3,34,16,16,0) [ 9.6794 ]
1213:(44,2,4,35,15,15,0) [ 10.0074 ]
1214:(44,2,3,35,15,15,0) [ 9.612400000000001 ]
1215:(48,2,4,49,1,1,0) [ 9.560999999999998 ]
1216:(49,2,4,49,1,1,0) [ 9.6454 ]
1217:(47,2,0,42,8,8,0) [ 7.9806 ]
1218:(45,2,5,41,9,9,0) [ 10.216800000000001 ]
1219:(45,2,5,40,10,10,0) [ 10.261800000000001 ]
1220:(44,2,7,40,10,10,0) [ 11.0774 ]
1221:(44,2,6,39,11,11,0) [ 10.661399999999999 ]
1222:(44,2,7,39,11,11,0) [ 11.100399999999999 ]
1223:(44,2,6,38,12,12,0) [ 10.6954 ]
1224:(44,2,5,37,13,13,0) [ 10.3124 ]
1225:(44,2,4,36,14,14,0) [ 9.951400000000001 ]
1226:(39,2,5,30,20,20,0) [ 10.205400000000001 ]
1227:(39,2,4,29,21,21,0) [ 9.9214 ]
1228:(38,2,5,29,21,21,0) [ 10.165999999999999 ]
1229:(38,2,4,28,22,22,0) [ 9.893 ]
1230:(38,2,3,27,23,23,0) [ 9.642 ]
1231:(38,2,2,26,24,24,0) [ 9.413 ]
1232:(38,2,3,26,24,24,0) [ 9.709 ]
1233:(38,2,4,26,24,24,0) [ 10.005 ]
1234:(37,2,5,26,24,24,0) [ 10.2166 ]
1235:(37,2,6,26,24,24,0) [ 10.5126 ]
1236:(37,2,5,25,25,25,0) [ 10.2616 ]
1237:(37,2,4,24,26,26,0) [ 10.0326 ]
1238:(37,2,3,23,27,27,0) [ 9.825600000000001 ]
1239:(36,2,5,23,27,27,0) [ 10.267199999999999 ]
1240:(35,2,4,21,29,29,0) [ 10.0318 ]
1241:(34,2,5,21,29,29,0) [ 10.188400000000001 ]
1242:(33,2,7,21,29,29,0) [ 10.586 ]
1243:(33,2,6,20,30,30,0) [ 10.379000000000001 ]
1244:(33,2,7,20,30,30,0) [ 10.609 ]
1245:(32,2,8,20,30,30,0) [ 10.7546 ]
1246:(32,2,7,19,31,31,0) [ 10.547600000000001 ]
1247:(31,2,8,19,31,31,0) [ 10.6822 ]
1248:(31,2,7,18,32,32,0) [ 10.4862 ]
1249:(30,2,7,17,33,33,0) [ 10.4248 ]
1250:(30,2,6,16,34,34,0) [ 10.261800000000001 ]
1251:(30,2,5,15,35,35,0) [ 10.1208 ]
1252:(30,2,6,15,35,35,0) [ 10.2958 ]
1253:(30,2,5,14,36,36,0) [ 10.165799999999999 ]
1254:(29,2,6,14,36,36,0) [ 10.2454 ]
1255:(28,2,7,14,36,36,0) [ 10.325000000000001 ]
1256:(28,2,6,13,37,37,0) [ 10.195 ]
1257:(28,2,4,11,39,39,0) [ 10.001000000000001 ]
1258:(28,2,3,10,40,40,0) [ 9.937000000000001 ]
1259:(27,2,3,9,41,41,0) [ 9.9196 ]
1260:(27,2,4,9,41,41,0) [ 10.0286 ]
1261:(26,2,5,9,41,41,0) [ 10.0532 ]
1262:(26,2,4,8,42,42,0) [ 10.0002 ]
1263:(26,2,4,7,43,43,0) [ 10.0562 ]
1264:(26,2,3,6,44,44,0) [ 10.036200000000001 ]
1265:(25,2,4,6,44,44,0) [ 10.0278 ]
1266:(25,2,3,5,45,45,0) [ 10.018799999999999 ]
1267:(25,2,3,4,46,46,0) [ 10.085799999999999 ]
1268:(25,2,4,4,46,46,0) [ 10.139800000000001 ]
1269:(37,2,6,29,21,21,0) [ 10.4106 ]
1270:(38,2,7,31,19,19,0) [ 10.778 ]
1271:(48,2,5,49,1,1,0) [ 10.109999999999998 ]
1272:(48,2,6,49,1,1,0) [ 10.658999999999999 ]
1273:(48,2,7,49,1,1,0) [ 11.208 ]
1274:(47,2,8,49,1,1,0) [ 11.672600000000001 ]
1275:(47,2,9,49,1,1,0) [ 12.2216 ]
1276:(47,2,8,48,2,2,0) [ 11.6846 ]
1277:(47,2,7,47,3,3,0) [ 11.1696 ]
1278:(47,2,6,46,4,4,0) [ 10.676600000000002 ]
1279:(47,2,5,45,5,5,0) [ 10.2056 ]
1280:(46,2,6,45,5,5,0) [ 10.6262 ]
1281:(43,2,8,43,7,7,0) [ 11.407 ]
1282:(42,2,8,42,8,8,0) [ 11.334600000000002 ]
1283:(39,2,11,38,12,12,0) [ 12.4134 ]
1284:(39,2,10,37,13,13,0) [ 11.9754 ]
1285:(38,2,11,37,13,13,0) [ 12.308 ]
1286:(38,2,10,36,14,14,0) [ 11.881 ]
1287:(38,2,9,35,15,15,0) [ 11.475999999999999 ]
1288:(37,2,10,35,15,15,0) [ 11.7866 ]
1289:(37,2,9,34,16,16,0) [ 11.3926 ]
1290:(37,2,8,33,17,17,0) [ 11.020599999999998 ]
1291:(36,2,9,33,17,17,0) [ 11.3092 ]
1292:(36,2,7,31,19,19,0) [ 10.6092 ]
1293:(36,2,8,31,19,19,0) [ 10.9602 ]
1294:(36,2,7,30,20,20,0) [ 10.632200000000001 ]
1295:(36,2,8,30,20,20,0) [ 10.9722 ]
1296:(35,2,9,30,20,20,0) [ 11.227799999999998 ]
1297:(35,2,11,28,22,22,0) [ 11.8658 ]
1298:(35,2,10,27,23,23,0) [ 11.5378 ]
1299:(34,2,10,26,24,24,0) [ 11.443399999999999 ]
1300:(34,2,11,26,24,24,0) [ 11.739400000000002 ]
1301:(34,2,10,25,25,25,0) [ 11.433399999999999 ]
1302:(34,2,11,25,25,25,0) [ 11.718399999999999 ]
1303:(33,2,12,25,25,25,0) [ 11.919 ]
1304:(33,2,11,24,26,26,0) [ 11.613 ]
1305:(33,2,12,24,26,26,0) [ 11.886999999999999 ]
1306:(33,2,13,24,26,26,0) [ 12.161 ]
1307:(32,2,14,24,26,26,0) [ 12.350599999999998 ]
1308:(31,2,15,24,26,26,0) [ 12.5402 ]
1309:(31,2,14,23,27,27,0) [ 12.2122 ]
1310:(31,2,15,23,27,27,0) [ 12.475199999999997 ]
1311:(31,2,14,22,28,28,0) [ 12.1582 ]
1312:(31,2,13,21,29,29,0) [ 11.8632 ]
1313:(31,2,12,20,30,30,0) [ 11.5902 ]
1314:(30,2,13,20,30,30,0) [ 11.735800000000001 ]
1315:(30,2,12,19,31,31,0) [ 11.473799999999999 ]
1316:(29,2,11,17,33,33,0) [ 11.1284 ]
1317:(27,2,13,17,33,33,0) [ 11.3536 ]
1318:(26,2,14,17,33,33,0) [ 11.4662 ]
1319:(26,2,13,16,34,34,0) [ 11.2262 ]
1320:(26,2,12,15,35,35,0) [ 11.0082 ]
1321:(26,2,11,14,36,36,0) [ 10.8122 ]
1322:(26,2,9,12,38,38,0) [ 10.4862 ]
1323:(25,2,11,10,40,40,0) [ 10.643799999999999 ]
1324:(27,2,9,12,38,38,0) [ 10.5706 ]
1325:(27,2,10,13,37,37,0) [ 10.7226 ]
1326:(28,2,12,18,32,32,0) [ 11.273 ]
1327:(37,2,7,30,20,20,0) [ 10.7166 ]
1328:(37,2,8,31,19,19,0) [ 11.0446 ]
1329:(38,2,8,33,17,17,0) [ 11.105 ]
1330:(38,2,9,34,16,16,0) [ 11.476999999999999 ]
1331:(45,2,6,45,5,5,0) [ 10.5418 ]
1332:(39,2,8,34,16,16,0) [ 11.1774 ]
1333:(36,2,7,29,21,21,0) [ 10.655199999999999 ]
1334:(36,2,8,29,21,21,0) [ 10.9842 ]
1335:(35,2,8,28,22,22,0) [ 10.9118 ]
1336:(35,2,7,27,23,23,0) [ 10.616800000000001 ]
1337:(34,2,8,27,23,23,0) [ 10.839400000000001 ]
1338:(34,2,6,24,26,26,0) [ 10.3274 ]
1339:(33,2,7,24,26,26,0) [ 10.517 ]
1340:(32,2,8,24,26,26,0) [ 10.7066 ]
1341:(31,2,9,24,26,26,0) [ 10.896199999999999 ]
1342:(31,2,8,23,27,27,0) [ 10.6342 ]
1343:(31,2,9,23,27,27,0) [ 10.897199999999998 ]
1344:(31,2,9,22,28,28,0) [ 10.8982 ]
1345:(28,2,11,18,32,32,0) [ 11.065000000000001 ]
1346:(27,2,13,18,32,32,0) [ 11.3966 ]
1347:(27,2,14,18,32,32,0) [ 11.604600000000001 ]
1348:(27,2,11,15,35,35,0) [ 10.9176 ]
1349:(27,2,10,14,36,36,0) [ 10.7326 ]
1350:(27,2,9,13,37,37,0) [ 10.569600000000001 ]
1351:(27,2,8,11,39,39,0) [ 10.4406 ]
1352:(25,2,12,11,39,39,0) [ 10.7958 ]
1353:(-1,-1,-1,-1,-1,-1,-1) [ 0.0 ]