(s1,s2,s3,s4,s5,s6)
0:(1,50,0,1,50,0) [ 100.0 ]
1:(1,50,0,0,49,1) [ 51.1 ]
2:(1,51,0,1,49,0) [ 100.0 ]
3:(1,51,0,0,48,1) [ 52.1 ]
4:(1,52,0,1,48,0) [ 100.0 ]
5:(1,52,0,0,47,1) [ 53.1 ]
6:(0,51,1,0,47,1) [ 2.2 ]
7:(0,52,1,1,47,0) [ 48.1 ]
8:(1,53,0,1,47,0) [ 100.0 ]
9:(1,53,0,0,46,1) [ 54.1 ]
10:(1,54,0,1,46,0) [ 100.0 ]
11:(1,54,0,0,45,1) [ 55.1 ]
12:(1,55,0,1,45,0) [ 100.0 ]
13:(1,55,0,0,44,1) [ 56.1 ]
14:(1,56,0,1,44,0) [ 100.0 ]
15:(1,56,0,0,43,1) [ 57.1 ]
16:(1,57,0,1,43,0) [ 100.0 ]
17:(1,57,0,0,42,1) [ 58.1 ]
18:(1,58,0,1,42,0) [ 100.0 ]
19:(1,58,0,0,41,1) [ 59.1 ]
20:(1,59,0,1,41,0) [ 100.0 ]
21:(1,59,0,0,40,1) [ 60.1 ]
22:(1,60,0,1,40,0) [ 100.0 ]
23:(1,60,0,0,39,1) [ 61.1 ]
24:(1,61,0,1,39,0) [ 100.0 ]
25:(1,61,0,0,38,1) [ 62.1 ]
26:(1,62,0,1,38,0) [ 100.0 ]
27:(1,62,0,0,37,1) [ 63.1 ]
28:(1,63,0,1,37,0) [ 100.0 ]
29:(0,62,1,1,37,0) [ 38.1 ]
30:(0,62,1,0,36,1) [ 2.2 ]
31:(1,63,0,0,36,1) [ 64.1 ]
32:(1,64,0,1,36,0) [ 100.0 ]
33:(1,64,0,0,35,1) [ 65.1 ]
34:(1,65,0,1,35,0) [ 100.0 ]
35:(1,65,0,0,34,1) [ 66.1 ]
36:(1,66,0,1,34,0) [ 100.0 ]
37:(1,66,0,0,33,1) [ 67.1 ]
38:(1,67,0,1,33,0) [ 100.0 ]
39:(1,67,0,0,32,1) [ 68.1 ]
40:(1,68,0,1,32,0) [ 100.0 ]
41:(1,68,0,0,31,1) [ 69.1 ]
42:(1,69,0,1,31,0) [ 100.0 ]
43:(1,69,0,0,30,1) [ 70.1 ]
44:(1,70,0,1,30,0) [ 100.0 ]
45:(1,70,0,0,29,1) [ 71.1 ]
46:(1,71,0,1,29,0) [ 100.0 ]
47:(1,71,0,0,28,1) [ 72.1 ]
48:(1,72,0,1,28,0) [ 100.0 ]
49:(1,72,0,0,27,1) [ 73.1 ]
50:(1,73,0,1,27,0) [ 100.0 ]
51:(1,73,0,0,26,1) [ 74.1 ]
52:(0,72,1,0,26,1) [ 2.2 ]
53:(0,73,1,1,26,0) [ 27.1 ]
54:(0,73,1,0,25,1) [ 0.0 TARGET ]
55:(-1,-1,-1,-1,-1,-1) [ 0.0 ]