(R_,L,RL,G_,G_a,G_bg,G_d)
0:(50,2,0,50,0,0,0) [ 7.4338 ]
1:(49,2,1,50,0,0,0) [ 7.9094 ]
2:(49,2,0,49,1,1,0) [ 7.4494 ]
3:(49,2,1,49,1,1,0) [ 7.998399999999999 ]
4:(48,2,2,49,1,1,0) [ 8.463 ]
5:(47,2,2,49,1,1,0) [ 8.3786 ]
6:(49,2,0,48,2,2,0) [ 7.5494 ]
7:(49,2,1,48,2,2,0) [ 8.0874 ]
8:(49,2,0,47,3,3,0) [ 7.6494 ]
9:(49,2,1,47,3,3,0) [ 8.176400000000001 ]
10:(49,2,0,46,4,4,0) [ 7.7494000000000005 ]
11:(48,2,1,46,4,4,0) [ 8.181 ]
12:(48,2,1,46,3,4,1) [ 4208.081 ]
13:(48,2,0,45,4,5,1) [ 5257.665 ]
14:(48,2,1,45,4,5,1) [ 5258.17 ]
15:(47,2,2,45,4,5,1) [ 5258.5905999999995 ]
16:(47,2,2,46,4,4,0) [ 8.612600000000002 ]
17:(47,2,1,45,5,5,0) [ 8.1856 ]
18:(47,2,0,44,6,6,0) [ 7.7806 ]
19:(46,2,1,44,6,6,0) [ 8.1902 ]
20:(46,2,0,43,7,7,0) [ 7.796200000000001 ]
21:(45,2,1,43,7,7,0) [ 8.194799999999999 ]
22:(45,2,0,42,8,8,0) [ 7.8118 ]
23:(45,2,1,42,8,8,0) [ 8.2838 ]
24:(44,2,2,42,8,8,0) [ 8.6714 ]
25:(44,2,1,41,9,9,0) [ 8.2884 ]
26:(44,2,0,40,10,10,0) [ 7.9274000000000004 ]
27:(44,2,1,40,10,10,0) [ 8.3774 ]
28:(44,2,0,39,11,11,0) [ 8.0274 ]
29:(44,2,1,39,11,11,0) [ 8.4664 ]
30:(43,2,2,39,11,11,0) [ 8.821 ]
31:(43,2,3,39,11,11,0) [ 9.26 ]
32:(43,2,2,38,12,12,0) [ 8.899000000000001 ]
33:(43,2,1,37,13,13,0) [ 8.56 ]
34:(42,2,2,37,13,13,0) [ 8.8926 ]
35:(42,2,3,37,13,13,0) [ 9.3096 ]
36:(42,2,2,36,14,14,0) [ 8.9706 ]
37:(42,2,1,35,15,15,0) [ 8.653599999999999 ]
38:(41,2,2,35,15,15,0) [ 8.9642 ]
39:(41,2,1,34,16,16,0) [ 8.6582 ]
40:(41,2,0,33,17,17,0) [ 8.374200000000002 ]
41:(40,2,1,33,17,17,0) [ 8.6628 ]
42:(40,2,2,33,17,17,0) [ 9.0358 ]
43:(40,2,3,33,17,17,0) [ 9.4088 ]
44:(40,2,2,32,18,18,0) [ 9.113800000000001 ]
45:(39,2,3,32,18,18,0) [ 9.3914 ]
46:(39,2,2,31,19,19,0) [ 9.1074 ]
47:(39,2,1,30,20,20,0) [ 8.8454 ]
48:(38,2,2,30,20,20,0) [ 9.100999999999999 ]
49:(38,2,1,29,21,21,0) [ 8.85 ]
50:(38,2,0,28,22,22,0) [ 8.621 ]
51:(38,2,1,28,22,22,0) [ 8.939 ]
52:(37,2,2,28,22,22,0) [ 9.1726 ]
53:(37,2,3,28,22,22,0) [ 9.4906 ]
54:(36,2,4,28,22,22,0) [ 9.7242 ]
55:(36,2,4,28,21,22,1) [ 23109.6242 ]
56:(36,2,3,27,22,23,1) [ 24159.3732 ]
57:(36,2,2,26,23,24,1) [ 25209.1442 ]
58:(35,2,2,26,23,24,1) [ 25209.0598 ]
59:(35,2,3,26,23,24,1) [ 25209.355799999998 ]
60:(34,2,4,26,23,24,1) [ 25209.5674 ]
61:(34,2,5,26,23,24,1) [ 25209.8634 ]
62:(35,2,4,26,23,24,1) [ 25209.6518 ]
63:(35,2,5,26,23,24,1) [ 25209.947799999998 ]
64:(34,2,6,26,23,24,1) [ 25210.1594 ]
65:(34,2,5,25,24,25,1) [ 26259.9084 ]
66:(33,2,6,25,24,25,1) [ 26260.109 ]
67:(32,2,7,25,24,25,1) [ 26260.3096 ]
68:(32,2,6,24,25,26,1) [ 27310.0586 ]
69:(32,2,7,24,25,26,1) [ 27310.3326 ]
70:(32,2,6,23,26,27,1) [ 28360.0926 ]
71:(32,2,5,22,27,28,1) [ 29409.8746 ]
72:(33,2,5,22,27,28,1) [ 29409.959 ]
73:(33,2,6,22,27,28,1) [ 29410.211 ]
74:(33,2,5,21,28,29,1) [ 30460.004 ]
75:(32,2,6,21,28,29,1) [ 30460.1606 ]
76:(32,2,5,20,29,30,1) [ 31509.964600000003 ]
77:(32,2,4,19,30,31,1) [ 32559.7906 ]
78:(32,2,3,18,31,32,1) [ 33609.6386 ]
79:(32,2,4,18,31,32,1) [ 33609.8466 ]
80:(32,2,3,17,32,33,1) [ 34659.705599999994 ]
81:(32,2,2,16,33,34,1) [ 35709.5866 ]
82:(31,2,3,16,33,34,1) [ 35709.688200000004 ]
83:(31,2,2,15,34,35,1) [ 36759.580200000004 ]
84:(30,2,3,15,34,35,1) [ 36759.6708 ]
85:(29,2,4,15,34,35,1) [ 36759.7614 ]
86:(28,2,5,15,34,35,1) [ 36759.852 ]
87:(28,2,4,14,35,36,1) [ 37809.733 ]
88:(28,2,3,13,36,37,1) [ 38859.636 ]
89:(28,2,4,13,36,37,1) [ 38859.789 ]
90:(28,2,3,12,37,38,1) [ 39909.702999999994 ]
91:(28,2,2,11,38,39,1) [ 40959.639 ]
92:(28,2,1,10,39,40,1) [ 42009.597 ]
93:(28,2,0,9,40,41,1) [ 43059.577 ]
94:(28,2,1,9,40,41,1) [ 43059.686 ]
95:(27,2,2,9,40,41,1) [ 43059.7106 ]
96:(27,2,3,9,40,41,1) [ 43059.8196 ]
97:(26,2,4,9,40,41,1) [ 43059.8442 ]
98:(26,2,3,8,41,42,1) [ 44109.8022 ]
99:(26,2,4,8,41,42,1) [ 44109.9002 ]
100:(25,2,5,8,41,42,1) [ 44109.9138 ]
101:(24,2,6,8,41,42,1) [ 44109.9274 ]
102:(23,2,7,8,41,42,1) [ 44109.941 ]
103:(23,2,8,8,41,42,1) [ 44110.039 ]
104:(22,2,8,8,41,42,1) [ 44109.9546 ]
105:(22,2,7,7,42,43,1) [ 45159.8796 ]
106:(22,2,6,6,43,44,1) [ 46209.8266 ]
107:(22,2,7,6,43,44,1) [ 46209.9026 ]
108:(22,2,6,5,44,45,1) [ 47259.8606 ]
109:(22,2,5,4,45,46,1) [ 48309.8406 ]
110:(22,2,4,3,46,47,1) [ 49359.842599999996 ]
111:(22,2,3,2,47,48,1) [ 50409.866599999994 ]
112:(21,2,4,2,47,48,1) [ 50409.8142 ]
113:(21,2,5,2,47,48,1) [ 50409.8462 ]
114:(21,2,4,1,48,49,1) [ 51459.870200000005 ]
115:(21,2,4,1,47,49,2) [ 102909.7702 ]
116:(21,2,5,1,47,49,2) [ 102909.79119999999 ]
117:(20,2,6,1,47,49,2) [ 102909.7278 ]
118:(20,2,5,0,48,50,2) [ 105009.7518 TARGET ]
119:(21,2,5,0,48,50,2) [ 105009.8362 TARGET ]
120:(19,2,5,0,48,50,2) [ 105009.6674 TARGET ]
121:(19,2,6,0,48,50,2) [ 105009.6774 TARGET ]
122:(20,2,6,0,48,50,2) [ 105009.76180000001 TARGET ]
123:(21,2,6,1,47,49,2) [ 102909.8122 ]
124:(19,2,6,1,47,49,2) [ 102909.6434 ]
125:(19,2,7,1,47,49,2) [ 102909.6644 ]
126:(20,2,7,1,47,49,2) [ 102909.7488 ]
127:(22,2,5,1,47,49,2) [ 102909.8756 ]
128:(20,2,5,1,47,49,2) [ 102909.7068 ]
129:(22,2,4,1,47,49,2) [ 102909.85459999999 ]
130:(20,2,4,1,47,49,2) [ 102909.68579999999 ]
131:(22,2,4,1,48,49,1) [ 51459.954600000005 ]
132:(20,2,4,1,48,49,1) [ 51459.785800000005 ]
133:(20,2,5,1,48,49,1) [ 51459.806800000006 ]
134:(21,2,5,1,48,49,1) [ 51459.891200000005 ]
135:(22,2,5,2,47,48,1) [ 50409.9306 ]
136:(20,2,5,2,47,48,1) [ 50409.7618 ]
137:(20,2,6,2,47,48,1) [ 50409.7938 ]
138:(21,2,6,2,47,48,1) [ 50409.8782 ]
139:(22,2,4,2,47,48,1) [ 50409.8986 ]
140:(20,2,4,2,47,48,1) [ 50409.729799999994 ]
141:(23,2,3,2,47,48,1) [ 50409.950999999994 ]
142:(21,2,3,2,47,48,1) [ 50409.782199999994 ]
143:(23,2,4,3,46,47,1) [ 49359.926999999996 ]
144:(21,2,4,3,46,47,1) [ 49359.7582 ]
145:(21,2,5,3,46,47,1) [ 49359.8012 ]
146:(22,2,5,3,46,47,1) [ 49359.8856 ]
147:(23,2,5,4,45,46,1) [ 48309.925 ]
148:(21,2,5,4,45,46,1) [ 48309.7562 ]
149:(21,2,6,4,45,46,1) [ 48309.8102 ]
150:(22,2,6,4,45,46,1) [ 48309.8946 ]
151:(23,2,6,5,44,45,1) [ 47259.945 ]
152:(21,2,6,5,44,45,1) [ 47259.7762 ]
153:(21,2,7,5,44,45,1) [ 47259.8412 ]
154:(22,2,7,5,44,45,1) [ 47259.9256 ]
155:(23,2,7,6,43,44,1) [ 46209.987 ]
156:(21,2,7,6,43,44,1) [ 46209.8182 ]
157:(21,2,8,6,43,44,1) [ 46209.8942 ]
158:(22,2,8,6,43,44,1) [ 46209.9786 ]
159:(23,2,6,6,43,44,1) [ 46209.911 ]
160:(21,2,6,6,43,44,1) [ 46209.7422 ]
161:(23,2,7,7,42,43,1) [ 45159.964 ]
162:(21,2,7,7,42,43,1) [ 45159.7952 ]
163:(21,2,8,7,42,43,1) [ 45159.8822 ]
164:(22,2,8,7,42,43,1) [ 45159.9666 ]
165:(21,2,8,8,41,42,1) [ 44109.8702 ]
166:(21,2,9,8,41,42,1) [ 44109.968199999996 ]
167:(22,2,9,8,41,42,1) [ 44110.052599999995 ]
168:(24,2,8,8,41,42,1) [ 44110.1234 ]
169:(23,2,9,8,41,42,1) [ 44110.136999999995 ]
170:(24,2,7,8,41,42,1) [ 44110.0254 ]
171:(22,2,7,8,41,42,1) [ 44109.8566 ]
172:(25,2,6,8,41,42,1) [ 44110.0118 ]
173:(23,2,6,8,41,42,1) [ 44109.843 ]
174:(26,2,5,8,41,42,1) [ 44109.9982 ]
175:(24,2,5,8,41,42,1) [ 44109.829399999995 ]
176:(27,2,4,8,41,42,1) [ 44109.984599999996 ]
177:(25,2,4,8,41,42,1) [ 44109.8158 ]
178:(27,2,3,8,41,42,1) [ 44109.8866 ]
179:(25,2,3,8,41,42,1) [ 44109.7178 ]
180:(27,2,4,9,40,41,1) [ 43059.9286 ]
181:(25,2,4,9,40,41,1) [ 43059.7598 ]
182:(25,2,5,9,40,41,1) [ 43059.8688 ]
183:(26,2,5,9,40,41,1) [ 43059.9532 ]
184:(28,2,3,9,40,41,1) [ 43059.904 ]
185:(26,2,3,9,40,41,1) [ 43059.7352 ]
186:(28,2,2,9,40,41,1) [ 43059.795 ]
187:(26,2,2,9,40,41,1) [ 43059.6262 ]
188:(29,2,1,9,40,41,1) [ 43059.7704 ]
189:(27,2,1,9,40,41,1) [ 43059.6016 ]
190:(29,2,0,9,40,41,1) [ 43059.6614 ]
191:(27,2,0,9,40,41,1) [ 43059.4926 ]
192:(29,2,1,10,39,40,1) [ 42009.6814 ]
193:(27,2,1,10,39,40,1) [ 42009.5126 ]
194:(27,2,2,10,39,40,1) [ 42009.632600000004 ]
195:(28,2,2,10,39,40,1) [ 42009.717000000004 ]
196:(29,2,2,11,38,39,1) [ 40959.7234 ]
197:(27,2,2,11,38,39,1) [ 40959.5546 ]
198:(27,2,3,11,38,39,1) [ 40959.685600000004 ]
199:(28,2,3,11,38,39,1) [ 40959.770000000004 ]
200:(29,2,3,12,37,38,1) [ 39909.787399999994 ]
201:(27,2,3,12,37,38,1) [ 39909.618599999994 ]
202:(27,2,4,12,37,38,1) [ 39909.760599999994 ]
203:(28,2,4,12,37,38,1) [ 39909.844999999994 ]
204:(29,2,4,13,36,37,1) [ 38859.8734 ]
205:(27,2,4,13,36,37,1) [ 38859.7046 ]
206:(27,2,5,13,36,37,1) [ 38859.857599999996 ]
207:(28,2,5,13,36,37,1) [ 38859.941999999995 ]
208:(29,2,3,13,36,37,1) [ 38859.7204 ]
209:(27,2,3,13,36,37,1) [ 38859.5516 ]
210:(29,2,4,14,35,36,1) [ 37809.8174 ]
211:(27,2,4,14,35,36,1) [ 37809.6486 ]
212:(27,2,5,14,35,36,1) [ 37809.8126 ]
213:(28,2,5,14,35,36,1) [ 37809.897 ]
214:(29,2,5,15,34,35,1) [ 36759.9364 ]
215:(27,2,5,15,34,35,1) [ 36759.7676 ]
216:(27,2,6,15,34,35,1) [ 36759.9426 ]
217:(28,2,6,15,34,35,1) [ 36760.027 ]
218:(30,2,4,15,34,35,1) [ 36759.8458 ]
219:(28,2,4,15,34,35,1) [ 36759.677 ]
220:(31,2,3,15,34,35,1) [ 36759.7552 ]
221:(29,2,3,15,34,35,1) [ 36759.5864 ]
222:(32,2,2,15,34,35,1) [ 36759.664600000004 ]
223:(30,2,2,15,34,35,1) [ 36759.495800000004 ]
224:(32,2,3,16,33,34,1) [ 35709.772600000004 ]
225:(30,2,3,16,33,34,1) [ 35709.603800000004 ]
226:(30,2,4,16,33,34,1) [ 35709.789800000006 ]
227:(31,2,4,16,33,34,1) [ 35709.874200000006 ]
228:(33,2,2,16,33,34,1) [ 35709.671 ]
229:(31,2,2,16,33,34,1) [ 35709.5022 ]
230:(33,2,3,17,32,33,1) [ 34659.78999999999 ]
231:(31,2,3,17,32,33,1) [ 34659.621199999994 ]
232:(31,2,4,17,32,33,1) [ 34659.818199999994 ]
233:(32,2,4,17,32,33,1) [ 34659.902599999994 ]
234:(33,2,4,18,31,32,1) [ 33609.931 ]
235:(31,2,4,18,31,32,1) [ 33609.7622 ]
236:(31,2,5,18,31,32,1) [ 33609.970199999996 ]
237:(32,2,5,18,31,32,1) [ 33610.054599999996 ]
238:(33,2,3,18,31,32,1) [ 33609.723 ]
239:(31,2,3,18,31,32,1) [ 33609.5542 ]
240:(33,2,4,19,30,31,1) [ 32559.875 ]
241:(31,2,4,19,30,31,1) [ 32559.7062 ]
242:(31,2,5,19,30,31,1) [ 32559.9252 ]
243:(32,2,5,19,30,31,1) [ 32560.0096 ]
244:(33,2,5,20,29,30,1) [ 31510.049000000003 ]
245:(31,2,5,20,29,30,1) [ 31509.880200000003 ]
246:(31,2,6,20,29,30,1) [ 31510.110200000003 ]
247:(32,2,6,20,29,30,1) [ 31510.194600000003 ]
248:(33,2,6,21,28,29,1) [ 30460.245 ]
249:(31,2,6,21,28,29,1) [ 30460.0762 ]
250:(31,2,7,21,28,29,1) [ 30460.317199999998 ]
251:(32,2,7,21,28,29,1) [ 30460.4016 ]
252:(34,2,5,21,28,29,1) [ 30460.0884 ]
253:(32,2,5,21,28,29,1) [ 30459.9196 ]
254:(34,2,6,22,27,28,1) [ 29410.2954 ]
255:(32,2,6,22,27,28,1) [ 29410.1266 ]
256:(32,2,7,22,27,28,1) [ 29410.3786 ]
257:(33,2,7,22,27,28,1) [ 29410.463 ]
258:(34,2,5,22,27,28,1) [ 29410.043400000002 ]
259:(31,2,5,22,27,28,1) [ 29409.7902 ]
260:(31,2,6,22,27,28,1) [ 29410.0422 ]
261:(33,2,6,23,26,27,1) [ 28360.177 ]
262:(31,2,6,23,26,27,1) [ 28360.0082 ]
263:(31,2,7,23,26,27,1) [ 28360.2712 ]
264:(32,2,7,23,26,27,1) [ 28360.3556 ]
265:(33,2,7,24,25,26,1) [ 27310.417 ]
266:(31,2,7,24,25,26,1) [ 27310.2482 ]
267:(31,2,8,24,25,26,1) [ 27310.5222 ]
268:(32,2,8,24,25,26,1) [ 27310.6066 ]
269:(33,2,6,24,25,26,1) [ 27310.143 ]
270:(31,2,6,24,25,26,1) [ 27309.9742 ]
271:(33,2,7,25,24,25,1) [ 26260.394 ]
272:(31,2,7,25,24,25,1) [ 26260.2252 ]
273:(31,2,8,25,24,25,1) [ 26260.5102 ]
274:(32,2,8,25,24,25,1) [ 26260.5946 ]
275:(34,2,6,25,24,25,1) [ 26260.1934 ]
276:(32,2,6,25,24,25,1) [ 26260.0246 ]
277:(35,2,5,25,24,25,1) [ 26259.9928 ]
278:(33,2,5,25,24,25,1) [ 26259.824 ]
279:(35,2,6,26,23,24,1) [ 25210.2438 ]
280:(33,2,6,26,23,24,1) [ 25210.075 ]
281:(33,2,7,26,23,24,1) [ 25210.371 ]
282:(34,2,7,26,23,24,1) [ 25210.4554 ]
283:(36,2,5,26,23,24,1) [ 25210.032199999998 ]
284:(36,2,4,26,23,24,1) [ 25209.7362 ]
285:(33,2,5,26,23,24,1) [ 25209.779 ]
286:(33,2,4,26,23,24,1) [ 25209.483 ]
287:(36,2,3,26,23,24,1) [ 25209.4402 ]
288:(34,2,3,26,23,24,1) [ 25209.271399999998 ]
289:(34,2,2,26,23,24,1) [ 25208.9754 ]
290:(37,2,2,26,23,24,1) [ 25209.2286 ]
291:(37,2,3,27,22,23,1) [ 24159.4576 ]
292:(35,2,3,27,22,23,1) [ 24159.288800000002 ]
293:(35,2,4,27,22,23,1) [ 24159.5958 ]
294:(36,2,4,27,22,23,1) [ 24159.680200000003 ]
295:(37,2,4,28,21,22,1) [ 23109.708599999998 ]
296:(35,2,4,28,21,22,1) [ 23109.5398 ]
297:(35,2,5,28,21,22,1) [ 23109.857799999998 ]
298:(36,2,5,28,21,22,1) [ 23109.942199999998 ]
299:(37,2,4,28,22,22,0) [ 9.8086 ]
300:(35,2,4,28,22,22,0) [ 9.639800000000001 ]
301:(35,2,5,28,22,22,0) [ 9.957799999999999 ]
302:(36,2,5,28,22,22,0) [ 10.042200000000001 ]
303:(38,2,3,28,22,22,0) [ 9.575 ]
304:(36,2,3,28,22,22,0) [ 9.4062 ]
305:(38,2,2,28,22,22,0) [ 9.257000000000001 ]
306:(36,2,2,28,22,22,0) [ 9.0882 ]
307:(39,2,1,28,22,22,0) [ 9.023399999999999 ]
308:(37,2,1,28,22,22,0) [ 8.854600000000001 ]
309:(39,2,0,28,22,22,0) [ 8.705400000000001 ]
310:(37,2,0,28,22,22,0) [ 8.5366 ]
311:(39,2,1,29,21,21,0) [ 8.9344 ]
312:(37,2,1,29,21,21,0) [ 8.7656 ]
313:(37,2,2,29,21,21,0) [ 9.0946 ]
314:(38,2,2,29,21,21,0) [ 9.179 ]
315:(39,2,2,30,20,20,0) [ 9.185400000000001 ]
316:(37,2,2,30,20,20,0) [ 9.0166 ]
317:(37,2,3,30,20,20,0) [ 9.3566 ]
318:(38,2,3,30,20,20,0) [ 9.440999999999999 ]
319:(40,2,1,30,20,20,0) [ 8.9298 ]
320:(38,2,1,30,20,20,0) [ 8.761 ]
321:(40,2,2,31,19,19,0) [ 9.1918 ]
322:(38,2,2,31,19,19,0) [ 9.023 ]
323:(38,2,3,31,19,19,0) [ 9.374 ]
324:(39,2,3,31,19,19,0) [ 9.4584 ]
325:(40,2,3,32,18,18,0) [ 9.4758 ]
326:(38,2,3,32,18,18,0) [ 9.307 ]
327:(38,2,4,32,18,18,0) [ 9.669 ]
328:(39,2,4,32,18,18,0) [ 9.753400000000001 ]
329:(41,2,2,32,18,18,0) [ 9.1982 ]
330:(39,2,2,32,18,18,0) [ 9.0294 ]
331:(41,2,3,33,17,17,0) [ 9.4932 ]
332:(39,2,3,33,17,17,0) [ 9.3244 ]
333:(39,2,4,33,17,17,0) [ 9.6974 ]
334:(40,2,4,33,17,17,0) [ 9.7818 ]
335:(41,2,2,33,17,17,0) [ 9.1202 ]
336:(39,2,2,33,17,17,0) [ 8.9514 ]
337:(41,2,1,33,17,17,0) [ 8.7472 ]
338:(39,2,1,33,17,17,0) [ 8.5784 ]
339:(42,2,0,33,17,17,0) [ 8.4586 ]
340:(40,2,0,33,17,17,0) [ 8.2898 ]
341:(42,2,1,34,16,16,0) [ 8.7426 ]
342:(40,2,1,34,16,16,0) [ 8.5738 ]
343:(40,2,2,34,16,16,0) [ 8.9578 ]
344:(41,2,2,34,16,16,0) [ 9.042200000000001 ]
345:(42,2,2,35,15,15,0) [ 9.0486 ]
346:(40,2,2,35,15,15,0) [ 8.8798 ]
347:(40,2,3,35,15,15,0) [ 9.274799999999999 ]
348:(41,2,3,35,15,15,0) [ 9.359200000000001 ]
349:(43,2,1,35,15,15,0) [ 8.738 ]
350:(41,2,1,35,15,15,0) [ 8.5692 ]
351:(43,2,2,36,14,14,0) [ 9.055 ]
352:(41,2,2,36,14,14,0) [ 8.8862 ]
353:(41,2,3,36,14,14,0) [ 9.2922 ]
354:(42,2,3,36,14,14,0) [ 9.3766 ]
355:(43,2,3,37,13,13,0) [ 9.394000000000002 ]
356:(41,2,3,37,13,13,0) [ 9.225200000000001 ]
357:(41,2,4,37,13,13,0) [ 9.6422 ]
358:(42,2,4,37,13,13,0) [ 9.726600000000001 ]
359:(43,2,2,37,13,13,0) [ 8.977 ]
360:(41,2,2,37,13,13,0) [ 8.808200000000001 ]
361:(44,2,1,37,13,13,0) [ 8.6444 ]
362:(42,2,1,37,13,13,0) [ 8.4756 ]
363:(44,2,2,38,12,12,0) [ 8.9834 ]
364:(42,2,2,38,12,12,0) [ 8.8146 ]
365:(42,2,3,38,12,12,0) [ 9.2426 ]
366:(43,2,3,38,12,12,0) [ 9.326999999999998 ]
367:(44,2,3,39,11,11,0) [ 9.344399999999998 ]
368:(42,2,3,39,11,11,0) [ 9.1756 ]
369:(42,2,4,39,11,11,0) [ 9.6146 ]
370:(43,2,4,39,11,11,0) [ 9.699 ]
371:(44,2,2,39,11,11,0) [ 8.9054 ]
372:(42,2,2,39,11,11,0) [ 8.7366 ]
373:(45,2,1,39,11,11,0) [ 8.5508 ]
374:(43,2,1,39,11,11,0) [ 8.382 ]
375:(45,2,0,39,11,11,0) [ 8.1118 ]
376:(43,2,0,39,11,11,0) [ 7.943 ]
377:(45,2,1,40,10,10,0) [ 8.4618 ]
378:(43,2,1,40,10,10,0) [ 8.293 ]
379:(43,2,2,40,10,10,0) [ 8.742999999999999 ]
380:(44,2,2,40,10,10,0) [ 8.8274 ]
381:(45,2,0,40,10,10,0) [ 8.011800000000001 ]
382:(43,2,0,40,10,10,0) [ 7.843 ]
383:(45,2,1,41,9,9,0) [ 8.3728 ]
384:(43,2,1,41,9,9,0) [ 8.203999999999999 ]
385:(43,2,2,41,9,9,0) [ 8.665 ]
386:(44,2,2,41,9,9,0) [ 8.7494 ]
387:(45,2,2,42,8,8,0) [ 8.7558 ]
388:(43,2,2,42,8,8,0) [ 8.587 ]
389:(43,2,3,42,8,8,0) [ 9.059000000000001 ]
390:(44,2,3,42,8,8,0) [ 9.1434 ]
391:(46,2,1,42,8,8,0) [ 8.3682 ]
392:(44,2,1,42,8,8,0) [ 8.1994 ]
393:(46,2,0,42,8,8,0) [ 7.8962 ]
394:(44,2,0,42,8,8,0) [ 7.7274 ]
395:(46,2,1,43,7,7,0) [ 8.2792 ]
396:(44,2,1,43,7,7,0) [ 8.1104 ]
397:(44,2,2,43,7,7,0) [ 8.593399999999999 ]
398:(45,2,2,43,7,7,0) [ 8.6778 ]
399:(47,2,0,43,7,7,0) [ 7.8806 ]
400:(45,2,0,43,7,7,0) [ 7.7118 ]
401:(47,2,1,44,6,6,0) [ 8.274600000000001 ]
402:(45,2,1,44,6,6,0) [ 8.1058 ]
403:(45,2,2,44,6,6,0) [ 8.5998 ]
404:(46,2,2,44,6,6,0) [ 8.684199999999999 ]
405:(48,2,0,44,6,6,0) [ 7.865 ]
406:(46,2,0,44,6,6,0) [ 7.696200000000001 ]
407:(48,2,1,45,5,5,0) [ 8.27 ]
408:(46,2,1,45,5,5,0) [ 8.1012 ]
409:(46,2,2,45,5,5,0) [ 8.606200000000001 ]
410:(47,2,2,45,5,5,0) [ 8.6906 ]
411:(48,2,2,46,4,4,0) [ 8.697000000000001 ]
412:(46,2,2,46,4,4,0) [ 8.5282 ]
413:(46,2,3,46,4,4,0) [ 9.044200000000002 ]
414:(47,2,3,46,4,4,0) [ 9.1286 ]
415:(48,2,2,45,4,5,1) [ 5258.674999999999 ]
416:(46,2,2,45,4,5,1) [ 5258.5062 ]
417:(46,2,3,45,4,5,1) [ 5259.0112 ]
418:(47,2,3,45,4,5,1) [ 5259.0956 ]
419:(49,2,1,45,4,5,1) [ 5258.2544 ]
420:(47,2,1,45,4,5,1) [ 5258.085599999999 ]
421:(49,2,0,45,4,5,1) [ 5257.7494 ]
422:(47,2,0,45,4,5,1) [ 5257.580599999999 ]
423:(49,2,1,46,3,4,1) [ 4208.1654 ]
424:(47,2,1,46,3,4,1) [ 4207.9966 ]
425:(47,2,2,46,3,4,1) [ 4208.5126 ]
426:(48,2,2,46,3,4,1) [ 4208.597 ]
427:(49,2,1,46,4,4,0) [ 8.2654 ]
428:(47,2,1,46,4,4,0) [ 8.0966 ]
429:(50,2,0,46,4,4,0) [ 7.8338 ]
430:(48,2,0,46,4,4,0) [ 7.665 ]
431:(50,2,1,47,3,3,0) [ 8.2608 ]
432:(48,2,1,47,3,3,0) [ 8.092 ]
433:(48,2,2,47,3,3,0) [ 8.619 ]
434:(49,2,2,47,3,3,0) [ 8.7034 ]
435:(50,2,0,47,3,3,0) [ 7.7338 ]
436:(48,2,0,47,3,3,0) [ 7.5649999999999995 ]
437:(50,2,1,48,2,2,0) [ 8.1718 ]
438:(48,2,1,48,2,2,0) [ 8.003 ]
439:(48,2,2,48,2,2,0) [ 8.540999999999999 ]
440:(49,2,2,48,2,2,0) [ 8.625399999999999 ]
441:(50,2,0,48,2,2,0) [ 7.6338 ]
442:(48,2,0,48,2,2,0) [ 7.465 ]
443:(50,2,1,49,1,1,0) [ 8.082799999999999 ]
444:(48,2,1,49,1,1,0) [ 7.913999999999999 ]
445:(49,2,2,49,1,1,0) [ 8.547399999999998 ]
446:(47,2,3,49,1,1,0) [ 8.9276 ]
447:(48,2,3,49,1,1,0) [ 9.011999999999999 ]
448:(46,2,2,49,1,1,0) [ 8.2942 ]
449:(46,2,3,49,1,1,0) [ 8.843200000000001 ]
450:(50,2,0,49,1,1,0) [ 7.533799999999999 ]
451:(48,2,0,49,1,1,0) [ 7.364999999999999 ]
452:(50,2,1,50,0,0,0) [ 7.993799999999999 ]
453:(48,2,1,50,0,0,0) [ 7.824999999999999 ]
454:(48,2,2,50,0,0,0) [ 8.384999999999998 ]
455:(49,2,2,50,0,0,0) [ 8.4694 ]
456:(51,2,0,50,0,0,0) [ 7.518200000000001 ]
457:(49,2,0,50,0,0,0) [ 7.3494 ]
458:(22,2,5,0,48,50,2) [ 105009.9206 TARGET ]
459:(21,2,6,0,48,50,2) [ 105009.8462 TARGET ]
460:(22,2,6,1,47,49,2) [ 102909.8966 ]
461:(21,2,7,1,47,49,2) [ 102909.8332 ]
462:(23,2,5,1,47,49,2) [ 102909.95999999999 ]
463:(23,2,4,1,47,49,2) [ 102909.939 ]
464:(23,2,4,1,48,49,1) [ 51460.039000000004 ]
465:(22,2,5,1,48,49,1) [ 51459.975600000005 ]
466:(23,2,5,2,47,48,1) [ 50410.015 ]
467:(22,2,6,2,47,48,1) [ 50409.9626 ]
468:(23,2,4,2,47,48,1) [ 50409.983 ]
469:(24,2,3,2,47,48,1) [ 50410.0354 ]
470:(24,2,4,3,46,47,1) [ 49360.011399999996 ]
471:(23,2,5,3,46,47,1) [ 49359.97 ]
472:(24,2,5,4,45,46,1) [ 48310.0094 ]
473:(23,2,6,4,45,46,1) [ 48309.979 ]
474:(24,2,6,5,44,45,1) [ 47260.0294 ]
475:(23,2,7,5,44,45,1) [ 47260.01 ]
476:(24,2,7,6,43,44,1) [ 46210.0714 ]
477:(23,2,8,6,43,44,1) [ 46210.063 ]
478:(24,2,6,6,43,44,1) [ 46209.9954 ]
479:(24,2,7,7,42,43,1) [ 45160.0484 ]
480:(23,2,8,7,42,43,1) [ 45160.051 ]
481:(25,2,8,8,41,42,1) [ 44110.2078 ]
482:(24,2,9,8,41,42,1) [ 44110.2214 ]
483:(25,2,7,8,41,42,1) [ 44110.1098 ]
484:(26,2,6,8,41,42,1) [ 44110.0962 ]
485:(27,2,5,8,41,42,1) [ 44110.0826 ]
486:(28,2,4,8,41,42,1) [ 44110.068999999996 ]
487:(28,2,3,8,41,42,1) [ 44109.971 ]
488:(28,2,4,9,40,41,1) [ 43060.013 ]
489:(27,2,5,9,40,41,1) [ 43060.0376 ]
490:(29,2,3,9,40,41,1) [ 43059.9884 ]
491:(29,2,2,9,40,41,1) [ 43059.8794 ]
492:(30,2,1,9,40,41,1) [ 43059.8548 ]
493:(30,2,0,9,40,41,1) [ 43059.7458 ]
494:(30,2,1,10,39,40,1) [ 42009.7658 ]
495:(29,2,2,10,39,40,1) [ 42009.801400000004 ]
496:(30,2,2,11,38,39,1) [ 40959.8078 ]
497:(29,2,3,11,38,39,1) [ 40959.854400000004 ]
498:(30,2,3,12,37,38,1) [ 39909.87179999999 ]
499:(29,2,4,12,37,38,1) [ 39909.92939999999 ]
500:(30,2,4,13,36,37,1) [ 38859.9578 ]
501:(29,2,5,13,36,37,1) [ 38860.026399999995 ]
502:(30,2,3,13,36,37,1) [ 38859.8048 ]
503:(30,2,4,14,35,36,1) [ 37809.9018 ]
504:(29,2,5,14,35,36,1) [ 37809.9814 ]
505:(30,2,5,15,34,35,1) [ 36760.0208 ]
506:(29,2,6,15,34,35,1) [ 36760.1114 ]
507:(31,2,4,15,34,35,1) [ 36759.9302 ]
508:(32,2,3,15,34,35,1) [ 36759.8396 ]
509:(33,2,2,15,34,35,1) [ 36759.749 ]
510:(33,2,3,16,33,34,1) [ 35709.857 ]
511:(32,2,4,16,33,34,1) [ 35709.958600000005 ]
512:(34,2,2,16,33,34,1) [ 35709.7554 ]
513:(34,2,3,17,32,33,1) [ 34659.8744 ]
514:(33,2,4,17,32,33,1) [ 34659.986999999994 ]
515:(34,2,4,18,31,32,1) [ 33610.0154 ]
516:(33,2,5,18,31,32,1) [ 33610.138999999996 ]
517:(34,2,3,18,31,32,1) [ 33609.8074 ]
518:(34,2,4,19,30,31,1) [ 32559.9594 ]
519:(33,2,5,19,30,31,1) [ 32560.094 ]
520:(34,2,5,20,29,30,1) [ 31510.133400000002 ]
521:(33,2,6,20,29,30,1) [ 31510.279000000002 ]
522:(34,2,6,21,28,29,1) [ 30460.3294 ]
523:(33,2,7,21,28,29,1) [ 30460.486 ]
524:(35,2,5,21,28,29,1) [ 30460.1728 ]
525:(35,2,6,22,27,28,1) [ 29410.379800000002 ]
526:(34,2,7,22,27,28,1) [ 29410.5474 ]
527:(35,2,5,22,27,28,1) [ 29410.127800000002 ]
528:(34,2,6,23,26,27,1) [ 28360.2614 ]
529:(33,2,7,23,26,27,1) [ 28360.44 ]
530:(34,2,7,24,25,26,1) [ 27310.5014 ]
531:(33,2,8,24,25,26,1) [ 27310.691 ]
532:(34,2,6,24,25,26,1) [ 27310.2274 ]
533:(34,2,7,25,24,25,1) [ 26260.4784 ]
534:(33,2,8,25,24,25,1) [ 26260.679 ]
535:(35,2,6,25,24,25,1) [ 26260.2778 ]
536:(36,2,5,25,24,25,1) [ 26260.0772 ]
537:(36,2,6,26,23,24,1) [ 25210.3282 ]
538:(35,2,7,26,23,24,1) [ 25210.5398 ]
539:(37,2,5,26,23,24,1) [ 25210.116599999998 ]
540:(37,2,4,26,23,24,1) [ 25209.8206 ]
541:(37,2,3,26,23,24,1) [ 25209.5246 ]
542:(38,2,2,26,23,24,1) [ 25209.313 ]
543:(38,2,3,27,22,23,1) [ 24159.542 ]
544:(37,2,4,27,22,23,1) [ 24159.764600000002 ]
545:(38,2,4,28,21,22,1) [ 23109.792999999998 ]
546:(37,2,5,28,21,22,1) [ 23110.026599999997 ]
547:(38,2,4,28,22,22,0) [ 9.893 ]
548:(37,2,5,28,22,22,0) [ 10.1266 ]
549:(39,2,3,28,22,22,0) [ 9.659400000000002 ]
550:(39,2,2,28,22,22,0) [ 9.3414 ]
551:(40,2,1,28,22,22,0) [ 9.107800000000001 ]
552:(40,2,0,28,22,22,0) [ 8.7898 ]
553:(40,2,1,29,21,21,0) [ 9.0188 ]
554:(39,2,2,29,21,21,0) [ 9.2634 ]
555:(40,2,2,30,20,20,0) [ 9.2698 ]
556:(39,2,3,30,20,20,0) [ 9.525400000000001 ]
557:(41,2,1,30,20,20,0) [ 9.0142 ]
558:(41,2,2,31,19,19,0) [ 9.2762 ]
559:(40,2,3,31,19,19,0) [ 9.5428 ]
560:(41,2,3,32,18,18,0) [ 9.5602 ]
561:(40,2,4,32,18,18,0) [ 9.837800000000001 ]
562:(42,2,2,32,18,18,0) [ 9.2826 ]
563:(42,2,3,33,17,17,0) [ 9.5776 ]
564:(41,2,4,33,17,17,0) [ 9.8662 ]
565:(42,2,2,33,17,17,0) [ 9.2046 ]
566:(42,2,1,33,17,17,0) [ 8.8316 ]
567:(43,2,0,33,17,17,0) [ 8.543 ]
568:(43,2,1,34,16,16,0) [ 8.827 ]
569:(42,2,2,34,16,16,0) [ 9.1266 ]
570:(43,2,2,35,15,15,0) [ 9.133 ]
571:(42,2,3,35,15,15,0) [ 9.4436 ]
572:(44,2,1,35,15,15,0) [ 8.8224 ]
573:(44,2,2,36,14,14,0) [ 9.1394 ]
574:(43,2,3,36,14,14,0) [ 9.461 ]
575:(44,2,3,37,13,13,0) [ 9.4784 ]
576:(43,2,4,37,13,13,0) [ 9.811 ]
577:(44,2,2,37,13,13,0) [ 9.0614 ]
578:(45,2,1,37,13,13,0) [ 8.7288 ]
579:(45,2,2,38,12,12,0) [ 9.0678 ]
580:(44,2,3,38,12,12,0) [ 9.4114 ]
581:(45,2,3,39,11,11,0) [ 9.4288 ]
582:(44,2,4,39,11,11,0) [ 9.783399999999999 ]
583:(45,2,2,39,11,11,0) [ 8.9898 ]
584:(46,2,1,39,11,11,0) [ 8.635200000000001 ]
585:(46,2,0,39,11,11,0) [ 8.196200000000001 ]
586:(46,2,1,40,10,10,0) [ 8.546199999999999 ]
587:(45,2,2,40,10,10,0) [ 8.9118 ]
588:(46,2,0,40,10,10,0) [ 8.0962 ]
589:(46,2,1,41,9,9,0) [ 8.4572 ]
590:(45,2,2,41,9,9,0) [ 8.8338 ]
591:(46,2,2,42,8,8,0) [ 8.840200000000001 ]
592:(45,2,3,42,8,8,0) [ 9.227800000000002 ]
593:(47,2,1,42,8,8,0) [ 8.4526 ]
594:(47,2,0,42,8,8,0) [ 7.9806 ]
595:(47,2,1,43,7,7,0) [ 8.3636 ]
596:(46,2,2,43,7,7,0) [ 8.7622 ]
597:(48,2,0,43,7,7,0) [ 7.965 ]
598:(48,2,1,44,6,6,0) [ 8.359 ]
599:(47,2,2,44,6,6,0) [ 8.768600000000001 ]
600:(49,2,0,44,6,6,0) [ 7.949400000000001 ]
601:(49,2,1,45,5,5,0) [ 8.3544 ]
602:(48,2,2,45,5,5,0) [ 8.774999999999999 ]
603:(49,2,2,46,4,4,0) [ 8.7814 ]
604:(48,2,3,46,4,4,0) [ 9.213 ]
605:(49,2,2,45,4,5,1) [ 5258.7594 ]
606:(48,2,3,45,4,5,1) [ 5259.179999999999 ]
607:(50,2,1,45,4,5,1) [ 5258.3387999999995 ]
608:(50,2,0,45,4,5,1) [ 5257.833799999999 ]
609:(50,2,1,46,3,4,1) [ 4208.2498000000005 ]
610:(49,2,2,46,3,4,1) [ 4208.6814 ]
611:(50,2,1,46,4,4,0) [ 8.3498 ]
612:(51,2,0,46,4,4,0) [ 7.9182000000000015 ]
613:(51,2,1,47,3,3,0) [ 8.345200000000002 ]
614:(50,2,2,47,3,3,0) [ 8.7878 ]
615:(51,2,0,47,3,3,0) [ 7.818200000000001 ]
616:(51,2,1,48,2,2,0) [ 8.2562 ]
617:(50,2,2,48,2,2,0) [ 8.709799999999998 ]
618:(51,2,0,48,2,2,0) [ 7.718200000000001 ]
619:(51,2,1,49,1,1,0) [ 8.1672 ]
620:(50,2,2,49,1,1,0) [ 8.6318 ]
621:(49,2,3,49,1,1,0) [ 9.096400000000001 ]
622:(51,2,0,49,1,1,0) [ 7.618200000000001 ]
623:(51,2,1,50,0,0,0) [ 8.0782 ]
624:(50,2,2,50,0,0,0) [ 8.553799999999999 ]
625:(52,2,0,50,0,0,0) [ 7.602600000000001 ]
626:(29,2,3,8,41,42,1) [ 44110.0554 ]
627:(29,2,4,9,40,41,1) [ 43060.0974 ]
628:(28,2,5,9,40,41,1) [ 43060.122 ]
629:(30,2,3,9,40,41,1) [ 43060.0728 ]
630:(30,2,2,9,40,41,1) [ 43059.9638 ]
631:(31,2,1,9,40,41,1) [ 43059.9392 ]
632:(30,2,5,14,35,36,1) [ 37810.0658 ]
633:(34,2,2,15,34,35,1) [ 36759.8334 ]
634:(34,2,8,24,25,26,1) [ 27310.7754 ]
635:(34,2,8,25,24,25,1) [ 26260.7634 ]
636:(38,2,3,26,23,24,1) [ 25209.609 ]
637:(42,2,1,30,20,20,0) [ 9.0986 ]
638:(43,2,2,32,18,18,0) [ 9.367 ]
639:(43,2,3,33,17,17,0) [ 9.661999999999999 ]
640:(45,2,4,39,11,11,0) [ 9.8678 ]
641:(46,2,2,40,10,10,0) [ 8.996200000000002 ]
642:(47,2,0,40,10,10,0) [ 8.1806 ]
643:(47,2,1,41,9,9,0) [ 8.5416 ]
644:(48,2,1,42,8,8,0) [ 8.536999999999999 ]
645:(48,2,1,43,7,7,0) [ 8.447999999999999 ]
646:(48,2,2,44,6,6,0) [ 8.853 ]
647:(27,2,3,10,39,40,1) [ 42009.7526 ]
648:(28,2,3,10,39,40,1) [ 42009.837 ]
649:(27,2,6,14,35,36,1) [ 37809.9766 ]
650:(28,2,6,14,35,36,1) [ 37810.061 ]
651:(27,2,7,15,34,35,1) [ 36760.117600000005 ]
652:(28,2,7,15,34,35,1) [ 36760.202000000005 ]
653:(30,2,5,16,33,34,1) [ 35709.9758 ]
654:(31,2,5,16,33,34,1) [ 35710.0602 ]
655:(32,2,5,17,32,33,1) [ 34660.099599999994 ]
656:(31,2,8,21,28,29,1) [ 30460.5582 ]
657:(31,2,7,22,27,28,1) [ 29410.2942 ]
658:(31,2,9,24,25,26,1) [ 27310.7962 ]
659:(32,2,9,25,24,25,1) [ 26260.8796 ]
660:(36,2,6,28,22,22,0) [ 10.360199999999999 ]
661:(38,2,3,29,21,21,0) [ 9.508000000000001 ]
662:(38,2,4,30,20,20,0) [ 9.780999999999999 ]
663:(39,2,5,33,17,17,0) [ 10.0704 ]
664:(41,2,4,35,15,15,0) [ 9.7542 ]
665:(41,2,4,36,14,14,0) [ 9.698200000000002 ]
666:(41,2,5,37,13,13,0) [ 10.0592 ]
667:(42,2,4,38,12,12,0) [ 9.6706 ]
668:(42,2,5,39,11,11,0) [ 10.053599999999998 ]
669:(43,2,3,40,10,10,0) [ 9.193 ]
670:(43,2,3,41,9,9,0) [ 9.126 ]
671:(44,2,3,41,9,9,0) [ 9.2104 ]
672:(43,2,4,42,8,8,0) [ 9.531 ]
673:(44,2,4,42,8,8,0) [ 9.615400000000001 ]
674:(45,2,3,43,7,7,0) [ 9.160799999999998 ]
675:(45,2,3,44,6,6,0) [ 9.0938 ]
676:(46,2,3,44,6,6,0) [ 9.178199999999999 ]
677:(47,2,3,45,5,5,0) [ 9.1956 ]
678:(47,2,4,46,4,4,0) [ 9.6446 ]
679:(48,2,3,47,3,3,0) [ 9.146 ]
680:(48,2,3,48,2,2,0) [ 9.079 ]
681:(49,2,3,48,2,2,0) [ 9.1634 ]
682:(49,2,3,50,0,0,0) [ 9.0294 ]
683:(29,2,5,12,37,38,1) [ 39910.0714 ]
684:(33,2,8,23,26,27,1) [ 28360.702999999998 ]
685:(33,2,9,24,25,26,1) [ 27310.965 ]
686:(39,2,4,30,20,20,0) [ 9.865400000000001 ]
687:(43,2,4,36,14,14,0) [ 9.866999999999999 ]
688:(43,2,5,37,13,13,0) [ 10.228000000000002 ]
689:(44,2,4,38,12,12,0) [ 9.839400000000001 ]
690:(44,2,5,39,11,11,0) [ 10.222399999999999 ]
691:(45,2,3,40,10,10,0) [ 9.361799999999999 ]
692:(18,2,5,0,48,50,2) [ 105009.583 TARGET ]
693:(18,2,6,0,48,50,2) [ 105009.59300000001 TARGET ]
694:(18,2,6,1,47,49,2) [ 102909.559 ]
695:(18,2,7,1,47,49,2) [ 102909.58 ]
696:(19,2,5,1,47,49,2) [ 102909.6224 ]
697:(19,2,4,1,47,49,2) [ 102909.6014 ]
698:(19,2,4,1,48,49,1) [ 51459.701400000005 ]
699:(19,2,5,1,48,49,1) [ 51459.722400000006 ]
700:(19,2,5,2,47,48,1) [ 50409.6774 ]
701:(19,2,6,2,47,48,1) [ 50409.7094 ]
702:(19,2,4,2,47,48,1) [ 50409.645399999994 ]
703:(20,2,3,2,47,48,1) [ 50409.697799999994 ]
704:(20,2,4,3,46,47,1) [ 49359.6738 ]
705:(20,2,5,3,46,47,1) [ 49359.7168 ]
706:(20,2,5,4,45,46,1) [ 48309.6718 ]
707:(20,2,6,4,45,46,1) [ 48309.7258 ]
708:(20,2,6,5,44,45,1) [ 47259.6918 ]
709:(20,2,7,5,44,45,1) [ 47259.7568 ]
710:(20,2,7,6,43,44,1) [ 46209.7338 ]
711:(20,2,8,6,43,44,1) [ 46209.8098 ]
712:(20,2,6,6,43,44,1) [ 46209.6578 ]
713:(20,2,7,7,42,43,1) [ 45159.71079999999 ]
714:(20,2,8,7,42,43,1) [ 45159.7978 ]
715:(20,2,8,8,41,42,1) [ 44109.7858 ]
716:(20,2,9,8,41,42,1) [ 44109.883799999996 ]
717:(21,2,7,8,41,42,1) [ 44109.7722 ]
718:(22,2,6,8,41,42,1) [ 44109.7586 ]
719:(23,2,5,8,41,42,1) [ 44109.744999999995 ]
720:(24,2,4,8,41,42,1) [ 44109.7314 ]
721:(24,2,3,8,41,42,1) [ 44109.6334 ]
722:(24,2,4,9,40,41,1) [ 43059.6754 ]
723:(24,2,5,9,40,41,1) [ 43059.7844 ]
724:(25,2,3,9,40,41,1) [ 43059.6508 ]
725:(25,2,2,9,40,41,1) [ 43059.5418 ]
726:(26,2,1,9,40,41,1) [ 43059.5172 ]
727:(26,2,0,9,40,41,1) [ 43059.4082 ]
728:(26,2,1,10,39,40,1) [ 42009.4282 ]
729:(26,2,2,10,39,40,1) [ 42009.548200000005 ]
730:(26,2,2,11,38,39,1) [ 40959.4702 ]
731:(26,2,3,11,38,39,1) [ 40959.601200000005 ]
732:(26,2,3,12,37,38,1) [ 39909.534199999995 ]
733:(26,2,4,12,37,38,1) [ 39909.676199999994 ]
734:(26,2,4,13,36,37,1) [ 38859.6202 ]
735:(26,2,5,13,36,37,1) [ 38859.773199999996 ]
736:(26,2,3,13,36,37,1) [ 38859.4672 ]
737:(26,2,4,14,35,36,1) [ 37809.5642 ]
738:(26,2,5,14,35,36,1) [ 37809.7282 ]
739:(26,2,5,15,34,35,1) [ 36759.6832 ]
740:(26,2,6,15,34,35,1) [ 36759.8582 ]
741:(27,2,4,15,34,35,1) [ 36759.5926 ]
742:(28,2,3,15,34,35,1) [ 36759.502 ]
743:(29,2,2,15,34,35,1) [ 36759.411400000005 ]
744:(29,2,3,16,33,34,1) [ 35709.519400000005 ]
745:(29,2,4,16,33,34,1) [ 35709.705400000006 ]
746:(30,2,2,16,33,34,1) [ 35709.4178 ]
747:(30,2,3,17,32,33,1) [ 34659.536799999994 ]
748:(30,2,4,17,32,33,1) [ 34659.733799999995 ]
749:(30,2,4,18,31,32,1) [ 33609.6778 ]
750:(30,2,5,18,31,32,1) [ 33609.8858 ]
751:(30,2,3,18,31,32,1) [ 33609.4698 ]
752:(30,2,4,19,30,31,1) [ 32559.6218 ]
753:(30,2,5,19,30,31,1) [ 32559.8408 ]
754:(30,2,5,20,29,30,1) [ 31509.7958 ]
755:(30,2,6,20,29,30,1) [ 31510.025800000003 ]
756:(30,2,6,21,28,29,1) [ 30459.9918 ]
757:(30,2,7,21,28,29,1) [ 30460.232799999998 ]
758:(31,2,5,21,28,29,1) [ 30459.835199999998 ]
759:(30,2,5,22,27,28,1) [ 29409.7058 ]
760:(30,2,6,22,27,28,1) [ 29409.9578 ]
761:(30,2,6,23,26,27,1) [ 28359.923799999997 ]
762:(30,2,7,23,26,27,1) [ 28360.1868 ]
763:(30,2,7,24,25,26,1) [ 27310.1638 ]
764:(30,2,8,24,25,26,1) [ 27310.4378 ]
765:(30,2,6,24,25,26,1) [ 27309.8898 ]
766:(30,2,7,25,24,25,1) [ 26260.1408 ]
767:(30,2,8,25,24,25,1) [ 26260.4258 ]
768:(31,2,6,25,24,25,1) [ 26259.9402 ]
769:(32,2,5,25,24,25,1) [ 26259.7396 ]
770:(32,2,6,26,23,24,1) [ 25209.9906 ]
771:(32,2,7,26,23,24,1) [ 25210.2866 ]
772:(32,2,5,26,23,24,1) [ 25209.6946 ]
773:(32,2,4,26,23,24,1) [ 25209.3986 ]
774:(33,2,3,26,23,24,1) [ 25209.186999999998 ]
775:(33,2,2,26,23,24,1) [ 25208.891 ]
776:(34,2,3,27,22,23,1) [ 24159.204400000002 ]
777:(34,2,4,27,22,23,1) [ 24159.5114 ]
778:(34,2,4,28,21,22,1) [ 23109.4554 ]
779:(34,2,5,28,21,22,1) [ 23109.7734 ]
780:(34,2,4,28,22,22,0) [ 9.5554 ]
781:(34,2,5,28,22,22,0) [ 9.8734 ]
782:(35,2,3,28,22,22,0) [ 9.3218 ]
783:(35,2,2,28,22,22,0) [ 9.003800000000002 ]
784:(36,2,1,28,22,22,0) [ 8.770199999999999 ]
785:(36,2,0,28,22,22,0) [ 8.452200000000001 ]
786:(36,2,1,29,21,21,0) [ 8.6812 ]
787:(36,2,2,29,21,21,0) [ 9.0102 ]
788:(36,2,2,30,20,20,0) [ 8.9322 ]
789:(36,2,3,30,20,20,0) [ 9.2722 ]
790:(37,2,1,30,20,20,0) [ 8.6766 ]
791:(37,2,2,31,19,19,0) [ 8.938600000000001 ]
792:(37,2,3,31,19,19,0) [ 9.2896 ]
793:(37,2,3,32,18,18,0) [ 9.2226 ]
794:(37,2,4,32,18,18,0) [ 9.5846 ]
795:(38,2,2,32,18,18,0) [ 8.945 ]
796:(38,2,3,33,17,17,0) [ 9.24 ]
797:(38,2,4,33,17,17,0) [ 9.613 ]
798:(38,2,2,33,17,17,0) [ 8.867 ]
799:(38,2,1,33,17,17,0) [ 8.494 ]
800:(39,2,0,33,17,17,0) [ 8.205400000000001 ]
801:(39,2,1,34,16,16,0) [ 8.4894 ]
802:(39,2,2,34,16,16,0) [ 8.8734 ]
803:(39,2,2,35,15,15,0) [ 8.7954 ]
804:(39,2,3,35,15,15,0) [ 9.1904 ]
805:(40,2,1,35,15,15,0) [ 8.4848 ]
806:(40,2,2,36,14,14,0) [ 8.8018 ]
807:(40,2,3,36,14,14,0) [ 9.2078 ]
808:(40,2,3,37,13,13,0) [ 9.1408 ]
809:(40,2,4,37,13,13,0) [ 9.5578 ]
810:(40,2,2,37,13,13,0) [ 8.7238 ]
811:(41,2,1,37,13,13,0) [ 8.391200000000001 ]
812:(41,2,2,38,12,12,0) [ 8.7302 ]
813:(41,2,3,38,12,12,0) [ 9.1582 ]
814:(41,2,3,39,11,11,0) [ 9.0912 ]
815:(41,2,4,39,11,11,0) [ 9.530199999999999 ]
816:(41,2,2,39,11,11,0) [ 8.6522 ]
817:(42,2,1,39,11,11,0) [ 8.2976 ]
818:(42,2,0,39,11,11,0) [ 7.858599999999999 ]
819:(42,2,1,40,10,10,0) [ 8.2086 ]
820:(42,2,2,40,10,10,0) [ 8.6586 ]
821:(42,2,0,40,10,10,0) [ 7.7585999999999995 ]
822:(42,2,1,41,9,9,0) [ 8.1196 ]
823:(42,2,2,41,9,9,0) [ 8.5806 ]
824:(42,2,2,42,8,8,0) [ 8.5026 ]
825:(42,2,3,42,8,8,0) [ 8.9746 ]
826:(43,2,1,42,8,8,0) [ 8.115 ]
827:(43,2,0,42,8,8,0) [ 7.643 ]
828:(43,2,1,43,7,7,0) [ 8.026 ]
829:(43,2,2,43,7,7,0) [ 8.509 ]
830:(44,2,0,43,7,7,0) [ 7.627400000000001 ]
831:(44,2,1,44,6,6,0) [ 8.0214 ]
832:(44,2,2,44,6,6,0) [ 8.5154 ]
833:(45,2,0,44,6,6,0) [ 7.611800000000001 ]
834:(45,2,1,45,5,5,0) [ 8.0168 ]
835:(45,2,2,45,5,5,0) [ 8.521799999999999 ]
836:(45,2,2,46,4,4,0) [ 8.443800000000001 ]
837:(45,2,3,46,4,4,0) [ 8.9598 ]
838:(45,2,2,45,4,5,1) [ 5258.4218 ]
839:(45,2,3,45,4,5,1) [ 5258.926799999999 ]
840:(46,2,1,45,4,5,1) [ 5258.0012 ]
841:(46,2,0,45,4,5,1) [ 5257.4962 ]
842:(46,2,1,46,3,4,1) [ 4207.9122 ]
843:(46,2,2,46,3,4,1) [ 4208.4282 ]
844:(46,2,1,46,4,4,0) [ 8.0122 ]
845:(47,2,0,46,4,4,0) [ 7.5806000000000004 ]
846:(47,2,1,47,3,3,0) [ 8.0076 ]
847:(47,2,2,47,3,3,0) [ 8.534600000000001 ]
848:(47,2,0,47,3,3,0) [ 7.4806 ]
849:(47,2,1,48,2,2,0) [ 7.9186000000000005 ]
850:(47,2,2,48,2,2,0) [ 8.4566 ]
851:(47,2,0,48,2,2,0) [ 7.3806 ]
852:(47,2,1,49,1,1,0) [ 7.8296 ]
853:(45,2,2,49,1,1,0) [ 8.2098 ]
854:(45,2,3,49,1,1,0) [ 8.758799999999999 ]
855:(47,2,0,49,1,1,0) [ 7.2806 ]
856:(47,2,1,50,0,0,0) [ 7.740600000000001 ]
857:(47,2,2,50,0,0,0) [ 8.3006 ]
858:(48,2,0,50,0,0,0) [ 7.265 ]
859:(29,2,5,19,30,31,1) [ 32559.7564 ]
860:(29,2,5,20,29,30,1) [ 31509.7114 ]
861:(29,2,6,20,29,30,1) [ 31509.9414 ]
862:(29,2,6,21,28,29,1) [ 30459.9074 ]
863:(36,2,3,32,18,18,0) [ 9.1382 ]
864:(36,2,4,32,18,18,0) [ 9.5002 ]
865:(37,2,2,32,18,18,0) [ 8.8606 ]
866:(37,2,3,33,17,17,0) [ 9.1556 ]
867:(37,2,2,33,17,17,0) [ 8.7826 ]
868:(38,2,3,35,15,15,0) [ 9.106 ]
869:(39,2,3,36,14,14,0) [ 9.1234 ]
870:(39,2,4,37,13,13,0) [ 9.473400000000002 ]
871:(44,2,2,45,5,5,0) [ 8.4374 ]
872:(46,2,2,47,3,3,0) [ 8.450200000000002 ]
873:(26,2,3,10,39,40,1) [ 42009.6682 ]
874:(26,2,4,11,38,39,1) [ 40959.732200000006 ]
875:(26,2,5,12,37,38,1) [ 39909.818199999994 ]
876:(26,2,6,13,36,37,1) [ 38859.9262 ]
877:(30,2,6,18,31,32,1) [ 33610.093799999995 ]
878:(31,2,8,22,27,28,1) [ 29410.5462 ]
879:(34,2,5,27,22,23,1) [ 24159.8184 ]
880:(35,2,4,30,20,20,0) [ 9.5278 ]
881:(37,2,5,32,18,18,0) [ 9.9466 ]
882:(37,2,5,33,17,17,0) [ 9.901599999999998 ]
883:(39,2,3,34,16,16,0) [ 9.2574 ]
884:(39,2,4,35,15,15,0) [ 9.5854 ]
885:(40,2,4,36,14,14,0) [ 9.6138 ]
886:(40,2,5,37,13,13,0) [ 9.974800000000002 ]
887:(40,2,4,38,12,12,0) [ 9.5018 ]
888:(41,2,4,38,12,12,0) [ 9.586200000000002 ]
889:(42,2,3,40,10,10,0) [ 9.1086 ]
890:(42,2,3,41,9,9,0) [ 9.0416 ]
891:(46,2,3,47,3,3,0) [ 8.9772 ]
892:(47,2,3,47,3,3,0) [ 9.061600000000002 ]
893:(47,2,3,48,2,2,0) [ 8.994599999999998 ]
894:(47,2,0,45,5,5,0) [ 7.6806 ]
895:(41,2,3,38,11,12,1) [ 12609.0582 ]
896:(39,2,5,35,15,15,0) [ 9.9804 ]
897:(38,2,6,35,15,15,0) [ 10.291 ]
898:(37,2,7,35,15,15,0) [ 10.601600000000001 ]
899:(37,2,6,34,16,16,0) [ 10.240599999999999 ]
900:(36,2,6,34,16,16,0) [ 10.1562 ]
901:(36,2,7,34,16,16,0) [ 10.5402 ]
902:(35,2,8,34,16,16,0) [ 10.839799999999999 ]
903:(34,2,9,34,16,16,0) [ 11.1394 ]
904:(34,2,8,33,17,17,0) [ 10.767399999999999 ]
905:(33,2,9,33,17,17,0) [ 11.056000000000001 ]
906:(33,2,10,33,17,17,0) [ 11.428999999999998 ]
907:(33,2,11,33,17,17,0) [ 11.802 ]
908:(33,2,10,32,18,18,0) [ 11.419 ]
909:(32,2,11,32,18,18,0) [ 11.6966 ]
910:(32,2,10,31,19,19,0) [ 11.3246 ]
911:(32,2,11,31,19,19,0) [ 11.675600000000001 ]
912:(32,2,10,30,20,20,0) [ 11.314599999999999 ]
913:(33,2,10,30,20,20,0) [ 11.399000000000001 ]
914:(32,2,11,30,20,20,0) [ 11.654599999999999 ]
915:(32,2,10,29,21,21,0) [ 11.304599999999999 ]
916:(32,2,11,29,21,21,0) [ 11.6336 ]
917:(32,2,10,28,22,22,0) [ 11.294599999999999 ]
918:(32,2,9,27,23,23,0) [ 10.977599999999999 ]
919:(33,2,8,27,23,23,0) [ 10.755 ]
920:(32,2,10,27,23,23,0) [ 11.284600000000001 ]
921:(32,2,9,26,24,24,0) [ 10.9786 ]
922:(32,2,9,26,23,24,1) [ 25210.8786 ]
923:(32,2,10,26,23,24,1) [ 25211.1746 ]
924:(31,2,10,25,24,25,1) [ 26261.0802 ]
925:(31,2,10,24,25,26,1) [ 27311.0702 ]
926:(31,2,9,23,26,27,1) [ 28360.797199999997 ]
927:(30,2,9,21,28,29,1) [ 30460.714799999998 ]
928:(30,2,8,20,29,30,1) [ 31510.485800000002 ]
929:(30,2,9,20,29,30,1) [ 31510.7158 ]
930:(30,2,8,19,30,31,1) [ 32560.4978 ]
931:(30,2,7,18,31,32,1) [ 33610.3018 ]
932:(30,2,6,17,32,33,1) [ 34660.127799999995 ]
933:(29,2,6,16,33,34,1) [ 35710.0774 ]
934:(29,2,7,16,33,34,1) [ 35710.2634 ]
935:(28,2,7,16,33,34,1) [ 35710.179000000004 ]
936:(28,2,4,10,39,40,1) [ 42009.957 ]
937:(28,2,2,8,41,42,1) [ 44109.873 ]
938:(28,2,1,7,42,43,1) [ 45159.863999999994 ]
939:(27,2,2,7,42,43,1) [ 45159.866599999994 ]
940:(27,2,1,6,43,44,1) [ 46209.8686 ]
941:(27,2,2,6,43,44,1) [ 46209.9446 ]
942:(27,2,3,6,43,44,1) [ 46210.0206 ]
943:(27,2,2,5,44,45,1) [ 47260.022600000004 ]
944:(27,2,3,5,44,45,1) [ 47260.0876 ]
945:(27,2,4,5,44,45,1) [ 47260.1526 ]
946:(26,2,5,5,44,45,1) [ 47260.133200000004 ]
947:(26,2,6,5,44,45,1) [ 47260.1982 ]
948:(26,2,5,4,45,46,1) [ 48310.1782 ]
949:(26,2,4,3,46,47,1) [ 49360.180199999995 ]
950:(26,2,3,2,47,48,1) [ 50410.2042 ]
951:(26,2,2,1,48,49,1) [ 51460.2502 ]
952:(25,2,3,1,48,49,1) [ 51460.1868 ]
953:(25,2,2,0,49,50,1) [ 52510.243800000004 TARGET ]
954:(27,2,2,1,48,49,1) [ 51460.3346 ]
955:(27,2,3,2,47,48,1) [ 50410.2886 ]
956:(25,2,4,2,47,48,1) [ 50410.1518 ]
957:(28,2,2,5,44,45,1) [ 47260.107 ]
958:(28,2,3,6,43,44,1) [ 46210.105 ]
959:(27,2,4,6,43,44,1) [ 46210.096600000004 ]
960:(28,2,2,6,43,44,1) [ 46210.029 ]
961:(26,2,1,6,43,44,1) [ 46209.7842 ]
962:(26,2,2,7,42,43,1) [ 45159.782199999994 ]
963:(29,2,1,7,42,43,1) [ 45159.948399999994 ]
964:(29,2,2,8,41,42,1) [ 44109.9574 ]
965:(29,2,4,10,39,40,1) [ 42010.0414 ]
966:(26,2,4,10,39,40,1) [ 42009.7882 ]
967:(27,2,8,16,33,34,1) [ 35710.280600000006 ]
968:(31,2,6,17,32,33,1) [ 34660.212199999994 ]
969:(29,2,7,18,31,32,1) [ 33610.2174 ]
970:(29,2,8,18,31,32,1) [ 33610.4254 ]
971:(31,2,8,20,29,30,1) [ 31510.570200000002 ]
972:(31,2,9,21,28,29,1) [ 30460.799199999998 ]
973:(32,2,9,23,26,27,1) [ 28360.881599999997 ]
974:(33,2,9,26,23,24,1) [ 25210.963 ]
975:(42,2,4,41,9,9,0) [ 9.5026 ]
976:(43,2,4,41,9,9,0) [ 9.587000000000002 ]
977:(48,2,0,45,5,5,0) [ 7.765 ]
978:(46,2,0,45,5,5,0) [ 7.5962000000000005 ]
979:(49,2,0,48,1,2,1) [ 2107.4494 ]
980:(45,2,4,44,6,6,0) [ 9.5878 ]
981:(45,2,4,43,7,7,0) [ 9.643799999999999 ]
982:(45,2,5,43,7,7,0) [ 10.1268 ]
983:(45,2,6,43,7,7,0) [ 10.6098 ]
984:(45,2,5,42,8,8,0) [ 10.171800000000001 ]
985:(45,2,6,42,8,8,0) [ 10.643800000000002 ]
986:(45,2,5,41,9,9,0) [ 10.216800000000001 ]
987:(45,2,6,41,9,9,0) [ 10.6778 ]
988:(45,2,5,40,10,10,0) [ 10.261800000000001 ]
989:(45,2,6,40,10,10,0) [ 10.7118 ]
990:(45,2,7,40,10,10,0) [ 11.1618 ]
991:(45,2,6,39,11,11,0) [ 10.745800000000001 ]
992:(44,2,7,39,11,11,0) [ 11.100399999999999 ]
993:(43,2,8,39,11,11,0) [ 11.455 ]
994:(43,2,7,38,12,12,0) [ 11.038999999999998 ]
995:(43,2,6,37,13,13,0) [ 10.645 ]
996:(43,2,5,36,14,14,0) [ 10.273 ]
997:(43,2,6,36,14,14,0) [ 10.679 ]
998:(43,2,5,35,15,15,0) [ 10.318 ]
999:(43,2,4,34,16,16,0) [ 9.979000000000001 ]
1000:(43,2,1,31,19,19,0) [ 9.094 ]
1001:(43,2,0,30,20,20,0) [ 8.843 ]
1002:(42,2,2,30,20,20,0) [ 9.438600000000001 ]
1003:(42,2,1,29,21,21,0) [ 9.1876 ]
1004:(42,2,0,28,22,22,0) [ 8.9586 ]
1005:(42,2,1,28,22,22,0) [ 9.276599999999998 ]
1006:(42,2,0,27,23,23,0) [ 9.0586 ]
1007:(42,2,1,27,23,23,0) [ 9.3656 ]
1008:(42,2,0,26,24,24,0) [ 9.1586 ]
1009:(41,2,1,26,24,24,0) [ 9.3702 ]
1010:(41,2,0,25,25,25,0) [ 9.1742 ]
1011:(40,2,0,25,25,25,0) [ 9.0898 ]
1012:(40,2,1,25,25,25,0) [ 9.3748 ]
1013:(40,2,0,24,26,26,0) [ 9.1898 ]
1014:(39,2,1,24,26,26,0) [ 9.3794 ]
1015:(39,2,0,23,27,27,0) [ 9.205400000000001 ]
1016:(39,2,1,23,27,27,0) [ 9.468399999999999 ]
1017:(39,2,0,22,28,28,0) [ 9.3054 ]
1018:(38,2,1,22,28,28,0) [ 9.473 ]
1019:(37,2,2,22,28,28,0) [ 9.640600000000001 ]
1020:(37,2,1,21,29,29,0) [ 9.4776 ]
1021:(36,2,2,21,29,29,0) [ 9.6342 ]
1022:(36,2,1,20,30,30,0) [ 9.482199999999999 ]
1023:(36,2,1,20,29,30,1) [ 31509.3822 ]
1024:(36,2,0,19,30,31,1) [ 32559.2522 ]
1025:(35,2,1,19,30,31,1) [ 32559.3868 ]
1026:(35,2,2,19,30,31,1) [ 32559.6058 ]
1027:(35,2,1,18,31,32,1) [ 33609.4758 ]
1028:(35,2,0,17,32,33,1) [ 34659.3678 ]
1029:(36,2,0,17,32,33,1) [ 34659.4522 ]
1030:(35,2,1,17,32,33,1) [ 34659.5648 ]
1031:(35,2,2,17,32,33,1) [ 34659.7618 ]
1032:(28,2,6,12,37,38,1) [ 39910.12899999999 ]
1033:(29,2,6,12,37,38,1) [ 39910.2134 ]
1034:(29,2,5,11,38,39,1) [ 40960.116400000006 ]
1035:(29,2,0,6,43,44,1) [ 46209.9614 ]
1036:(29,2,1,6,43,44,1) [ 46210.0374 ]
1037:(28,2,1,5,44,45,1) [ 47260.042 ]
1038:(28,2,1,4,45,46,1) [ 48310.131 ]
1039:(28,2,2,4,45,46,1) [ 48310.185 ]
1040:(27,2,3,4,45,46,1) [ 48310.1546 ]
1041:(26,2,4,4,45,46,1) [ 48310.1242 ]
1042:(26,2,3,3,46,47,1) [ 49360.1372 ]
1043:(27,2,3,3,46,47,1) [ 49360.2216 ]
1044:(27,2,2,4,45,46,1) [ 48310.1006 ]
1045:(27,2,1,5,44,45,1) [ 47259.9576 ]
1046:(27,2,6,12,37,38,1) [ 39910.044599999994 ]
1047:(34,2,1,18,31,32,1) [ 33609.3914 ]
1048:(34,2,2,19,30,31,1) [ 32559.5214 ]
1049:(35,2,3,21,29,29,0) [ 9.7908 ]
1050:(42,2,5,35,15,15,0) [ 10.2336 ]
1051:(42,2,6,36,14,14,0) [ 10.594600000000002 ]
1052:(44,2,5,43,7,7,0) [ 10.042399999999999 ]
1053:(44,2,4,43,7,7,0) [ 9.5594 ]
1054:(50,2,0,48,1,2,1) [ 2107.5337999999997 ]
1055:(48,2,0,48,1,2,1) [ 2107.365 ]
1056:(49,2,1,48,1,2,1) [ 2107.9874 ]
1057:(49,2,0,49,0,1,1) [ 1057.3494 ]
1058:(42,2,1,38,12,12,0) [ 8.386600000000001 ]
1059:(42,2,0,37,13,13,0) [ 8.0586 ]
1060:(37,2,4,35,15,15,0) [ 9.416599999999999 ]
1061:(37,2,5,35,15,15,0) [ 9.811599999999999 ]
1062:(37,2,4,34,16,16,0) [ 9.4726 ]
1063:(37,2,1,31,19,19,0) [ 8.5876 ]
1064:(37,2,0,30,20,20,0) [ 8.3366 ]
1065:(37,2,0,29,21,21,0) [ 8.4366 ]
1066:(36,2,0,27,23,23,0) [ 8.552200000000001 ]
1067:(37,2,0,27,23,23,0) [ 8.636600000000001 ]
1068:(37,2,0,27,22,23,1) [ 24158.5366 ]
1069:(36,2,1,27,22,23,1) [ 24158.7592 ]
1070:(36,2,2,27,22,23,1) [ 24159.0662 ]
1071:(33,2,4,25,24,25,1) [ 26259.539 ]
1072:(33,2,3,24,25,26,1) [ 27309.321 ]
1073:(33,2,4,24,25,26,1) [ 27309.595 ]
1074:(32,2,5,24,25,26,1) [ 27309.7846 ]
1075:(32,2,4,23,26,27,1) [ 28359.5666 ]
1076:(31,2,5,23,26,27,1) [ 28359.745199999998 ]
1077:(31,2,4,22,27,28,1) [ 29409.5382 ]
1078:(30,2,4,22,27,28,1) [ 29409.4538 ]
1079:(30,2,3,21,28,29,1) [ 30459.268799999998 ]
1080:(30,2,4,21,28,29,1) [ 30459.5098 ]
1081:(29,2,5,21,28,29,1) [ 30459.6664 ]
1082:(28,2,6,19,30,31,1) [ 32559.891 ]
1083:(28,2,7,19,30,31,1) [ 32560.11 ]
1084:(28,2,6,18,31,32,1) [ 33609.924999999996 ]
1085:(28,2,7,18,31,32,1) [ 33610.133 ]
1086:(27,2,8,18,31,32,1) [ 33610.2566 ]
1087:(27,2,7,17,32,33,1) [ 34660.071599999996 ]
1088:(27,2,8,17,32,33,1) [ 34660.268599999996 ]
1089:(27,2,9,17,32,33,1) [ 34660.465599999996 ]
1090:(26,2,10,17,32,33,1) [ 34660.578199999996 ]
1091:(26,2,8,15,34,35,1) [ 36760.2082 ]
1092:(26,2,7,14,35,36,1) [ 37810.0562 ]
1093:(26,2,7,13,36,37,1) [ 38860.0792 ]
1094:(26,2,6,12,37,38,1) [ 39909.960199999994 ]
1095:(27,2,5,11,38,39,1) [ 40959.9476 ]
1096:(26,2,6,11,38,39,1) [ 40959.9942 ]
1097:(26,2,7,11,38,39,1) [ 40960.1252 ]
1098:(25,2,8,11,38,39,1) [ 40960.171800000004 ]
1099:(25,2,9,11,38,39,1) [ 40960.302800000005 ]
1100:(25,2,9,12,38,38,0) [ 10.4018 ]
1101:(24,2,10,12,38,38,0) [ 10.4594 ]
1102:(23,2,11,12,38,38,0) [ 10.517000000000001 ]
1103:(22,2,11,12,38,38,0) [ 10.4326 ]
1104:(22,2,12,12,38,38,0) [ 10.5746 ]
1105:(22,2,11,11,39,39,0) [ 10.4116 ]
1106:(22,2,12,11,39,39,0) [ 10.5426 ]
1107:(21,2,13,11,39,39,0) [ 10.5892 ]
1108:(21,2,12,10,40,40,0) [ 10.4262 ]
1109:(21,2,12,10,39,40,1) [ 42010.3262 ]
1110:(20,2,13,10,39,40,1) [ 42010.3618 ]
1111:(20,2,12,9,40,41,1) [ 43060.2098 ]
1112:(20,2,11,8,41,42,1) [ 44110.0798 ]
1113:(20,2,12,8,41,42,1) [ 44110.1778 ]
1114:(20,2,13,8,41,42,1) [ 44110.275799999996 ]
1115:(19,2,14,8,41,42,1) [ 44110.2894 ]
1116:(19,2,13,7,42,43,1) [ 45160.1484 ]
1117:(19,2,12,6,43,44,1) [ 46210.0294 ]
1118:(19,2,11,5,44,45,1) [ 47259.9324 ]
1119:(19,2,12,5,44,45,1) [ 47259.9974 ]
1120:(19,2,11,4,45,46,1) [ 48309.9114 ]
1121:(18,2,12,4,45,46,1) [ 48309.881 ]
1122:(18,2,11,3,46,47,1) [ 49359.806 ]
1123:(17,2,12,3,46,47,1) [ 49359.764599999995 ]
1124:(17,2,11,2,47,48,1) [ 50409.7006 ]
1125:(17,2,10,1,48,49,1) [ 51459.6586 ]
1126:(17,2,11,1,48,49,1) [ 51459.6796 ]
1127:(17,2,10,0,49,50,1) [ 52509.6486 TARGET ]
1128:(25,2,6,11,38,39,1) [ 40959.9098 ]
1129:(26,2,5,11,38,39,1) [ 40959.8632 ]
1130:(28,2,8,17,32,33,1) [ 34660.352999999996 ]
1131:(27,2,7,18,31,32,1) [ 33610.0486 ]
1132:(27,2,7,19,30,31,1) [ 32560.0256 ]
1133:(27,2,8,19,30,31,1) [ 32560.2446 ]
1134:(36,2,3,33,17,17,0) [ 9.071200000000001 ]
1135:(36,2,4,33,17,17,0) [ 9.4442 ]
1136:(43,2,0,37,13,13,0) [ 8.143 ]
1137:(43,2,1,38,12,12,0) [ 8.471 ]
1138:(50,2,0,49,0,1,1) [ 1057.4338 ]
1139:(48,2,1,49,0,1,1) [ 1057.814 ]
1140:(49,2,1,49,0,1,1) [ 1057.8984 ]
1141:(47,2,0,48,1,2,1) [ 2107.2806 ]
1142:(47,2,1,48,1,2,1) [ 2107.8186 ]
1143:(47,2,0,47,2,3,1) [ 3157.3806 ]
1144:(46,2,1,47,2,3,1) [ 3157.8232 ]
1145:(46,2,0,46,3,4,1) [ 4207.3962 ]
1146:(47,2,0,46,3,4,1) [ 4207.4806 ]
1147:(43,2,3,45,5,5,0) [ 8.858 ]
1148:(43,2,4,45,5,5,0) [ 9.363 ]
1149:(42,2,5,45,5,5,0) [ 9.7836 ]
1150:(42,2,4,44,6,6,0) [ 9.3346 ]
1151:(42,2,5,44,6,6,0) [ 9.8286 ]
1152:(41,2,6,44,6,6,0) [ 10.2382 ]
1153:(41,2,5,43,7,7,0) [ 9.7892 ]
1154:(40,2,6,43,7,7,0) [ 10.1878 ]
1155:(40,2,7,43,7,7,0) [ 10.6708 ]
1156:(39,2,8,43,7,7,0) [ 11.069399999999998 ]
1157:(39,2,7,42,8,8,0) [ 10.6094 ]
1158:(39,2,6,41,9,9,0) [ 10.1714 ]
1159:(38,2,7,41,9,9,0) [ 10.548 ]
1160:(38,2,8,41,9,9,0) [ 11.009 ]
1161:(38,2,7,40,10,10,0) [ 10.571000000000002 ]
1162:(38,2,6,39,11,11,0) [ 10.155 ]
1163:(37,2,7,39,11,11,0) [ 10.5096 ]
1164:(37,2,8,39,11,11,0) [ 10.9486 ]
1165:(37,2,7,38,12,12,0) [ 10.532599999999999 ]
1166:(37,2,6,37,13,13,0) [ 10.1386 ]
1167:(37,2,5,36,14,14,0) [ 9.7666 ]
1168:(37,2,3,34,16,16,0) [ 9.0886 ]
1169:(35,2,5,32,18,18,0) [ 9.7778 ]
1170:(34,2,6,32,18,18,0) [ 10.055400000000002 ]
1171:(34,2,7,32,18,18,0) [ 10.4174 ]
1172:(34,2,6,31,19,19,0) [ 10.0894 ]
1173:(35,2,5,31,19,19,0) [ 9.822799999999999 ]
1174:(35,2,5,30,20,20,0) [ 9.867799999999999 ]
1175:(35,2,4,29,21,21,0) [ 9.5838 ]
1176:(35,2,2,27,23,23,0) [ 9.081800000000001 ]
1177:(35,2,1,26,24,24,0) [ 8.863800000000001 ]
1178:(35,2,0,25,25,25,0) [ 8.6678 ]
1179:(35,2,1,25,25,25,0) [ 8.9528 ]
1180:(35,2,0,24,26,26,0) [ 8.7678 ]
1181:(35,2,1,24,26,26,0) [ 9.0418 ]
1182:(35,2,0,23,27,27,0) [ 8.867799999999999 ]
1183:(35,2,1,23,27,27,0) [ 9.1308 ]
1184:(34,2,1,23,27,27,0) [ 9.0464 ]
1185:(33,2,2,23,27,27,0) [ 9.225000000000001 ]
1186:(33,2,1,22,28,28,0) [ 9.051 ]
1187:(32,2,2,22,28,28,0) [ 9.2186 ]
1188:(32,2,3,22,28,28,0) [ 9.470600000000001 ]
1189:(32,2,2,21,29,29,0) [ 9.296600000000002 ]
1190:(31,2,3,21,29,29,0) [ 9.4532 ]
1191:(31,2,2,20,30,30,0) [ 9.2902 ]
1192:(31,2,1,19,31,31,0) [ 9.1492 ]
1193:(31,2,0,18,32,32,0) [ 9.0302 ]
1194:(30,2,1,18,32,32,0) [ 9.1538 ]
1195:(30,2,0,17,33,33,0) [ 9.0458 ]
1196:(29,2,1,17,33,33,0) [ 9.1584 ]
1197:(29,2,2,17,33,33,0) [ 9.355400000000001 ]
1198:(29,2,1,16,34,34,0) [ 9.2474 ]
1199:(29,2,0,15,35,35,0) [ 9.1614 ]
1200:(29,2,1,15,35,35,0) [ 9.3364 ]
1201:(28,2,2,15,35,35,0) [ 9.427 ]
1202:(28,2,1,14,36,36,0) [ 9.341 ]
1203:(29,2,1,14,36,36,0) [ 9.4254 ]
1204:(29,2,2,14,36,36,0) [ 9.5894 ]
1205:(28,2,3,14,36,36,0) [ 9.669 ]
1206:(28,2,2,13,37,37,0) [ 9.583000000000002 ]
1207:(28,2,1,12,38,38,0) [ 9.519 ]
1208:(28,2,2,12,38,38,0) [ 9.661000000000001 ]
1209:(28,2,1,11,39,39,0) [ 9.608 ]
1210:(27,2,2,11,39,39,0) [ 9.6546 ]
1211:(27,2,1,10,40,40,0) [ 9.6126 ]
1212:(27,2,2,10,40,40,0) [ 9.732600000000001 ]
1213:(26,2,3,10,40,40,0) [ 9.7682 ]
1214:(25,2,2,7,42,43,1) [ 45159.697799999994 ]
1215:(25,2,1,6,43,44,1) [ 46209.6998 ]
1216:(25,2,0,5,44,45,1) [ 47259.7238 ]
1217:(25,2,1,5,44,45,1) [ 47259.7888 ]
1218:(25,2,0,4,45,46,1) [ 48309.8238 ]
1219:(24,2,1,4,45,46,1) [ 48309.7934 ]
1220:(24,2,0,3,46,47,1) [ 49359.8394 ]
1221:(23,2,1,3,46,47,1) [ 49359.797999999995 ]
1222:(23,2,2,3,46,47,1) [ 49359.841 ]
1223:(23,2,1,2,47,48,1) [ 50409.886999999995 ]
1224:(23,2,0,1,48,49,1) [ 51459.955 ]
1225:(23,2,1,1,48,49,1) [ 51459.976 ]
1226:(23,2,0,0,49,50,1) [ 52510.055 TARGET ]
1227:(24,2,0,0,49,50,1) [ 52510.1394 TARGET ]
1228:(23,2,1,0,49,50,1) [ 52510.065 TARGET ]
1229:(24,2,1,1,48,49,1) [ 51460.0604 ]
1230:(23,2,2,1,48,49,1) [ 51459.997 ]
1231:(24,2,0,1,48,49,1) [ 51460.0394 ]
1232:(24,2,1,2,47,48,1) [ 50409.971399999995 ]
1233:(23,2,2,2,47,48,1) [ 50409.918999999994 ]
1234:(24,2,1,3,46,47,1) [ 49359.882399999995 ]
1235:(25,2,0,3,46,47,1) [ 49359.9238 ]
1236:(25,2,1,4,45,46,1) [ 48309.8778 ]
1237:(24,2,2,4,45,46,1) [ 48309.8474 ]
1238:(26,2,0,4,45,46,1) [ 48309.9082 ]
1239:(24,2,2,5,44,45,1) [ 47259.769400000005 ]
1240:(25,2,2,6,43,44,1) [ 46209.7758 ]
1241:(25,2,3,7,42,43,1) [ 45159.784799999994 ]
1242:(25,2,5,10,39,40,1) [ 42009.8238 ]
1243:(26,2,5,10,39,40,1) [ 42009.9082 ]
1244:(35,2,2,23,27,27,0) [ 9.3938 ]
1245:(35,2,6,30,20,20,0) [ 10.207799999999999 ]
1246:(35,2,6,31,19,19,0) [ 10.173800000000002 ]
1247:(35,2,7,32,18,18,0) [ 10.5018 ]
1248:(48,2,0,46,3,4,1) [ 4207.5650000000005 ]
1249:(48,2,2,49,0,1,1) [ 1058.363 ]
1250:(50,2,1,49,0,1,1) [ 1057.9828 ]
1251:(50,2,1,48,1,2,1) [ 2108.0717999999997 ]
1252:(50,2,0,47,2,3,1) [ 3157.6337999999996 ]
1253:(50,2,1,47,2,3,1) [ 3158.1607999999997 ]
1254:(49,2,2,47,2,3,1) [ 3158.6034 ]
1255:(48,2,2,43,7,7,0) [ 8.930999999999997 ]
1256:(48,2,0,41,9,9,0) [ 8.165 ]
1257:(45,2,4,40,10,10,0) [ 9.8118 ]
1258:(44,2,5,38,12,12,0) [ 10.267399999999999 ]
1259:(43,2,6,38,12,12,0) [ 10.611 ]
1260:(41,2,6,35,15,15,0) [ 10.5442 ]
1261:(41,2,5,34,16,16,0) [ 10.1942 ]
1262:(40,2,6,34,16,16,0) [ 10.4938 ]
1263:(39,2,7,34,16,16,0) [ 10.7934 ]
1264:(38,2,8,34,16,16,0) [ 11.093 ]
1265:(38,2,7,33,17,17,0) [ 10.732 ]
1266:(38,2,6,32,18,18,0) [ 10.393 ]
1267:(38,2,5,31,19,19,0) [ 10.076 ]
1268:(39,2,5,31,19,19,0) [ 10.160400000000001 ]
1269:(39,2,5,30,20,20,0) [ 10.205400000000001 ]
1270:(39,2,4,29,21,21,0) [ 9.9214 ]
1271:(39,2,2,27,23,23,0) [ 9.419400000000001 ]
1272:(39,2,1,26,24,24,0) [ 9.2014 ]
1273:(39,2,2,26,24,24,0) [ 9.4974 ]
1274:(38,2,3,26,24,24,0) [ 9.709 ]
1275:(38,2,2,25,24,25,1) [ 26259.391000000003 ]
1276:(38,2,3,25,24,25,1) [ 26259.676000000003 ]
1277:(37,2,4,25,24,25,1) [ 26259.876600000003 ]
1278:(37,2,3,24,25,26,1) [ 27309.6586 ]
1279:(38,2,2,24,25,26,1) [ 27309.469 ]
1280:(38,2,1,23,26,27,1) [ 28359.284 ]
1281:(38,2,0,22,27,28,1) [ 29409.121 ]
1282:(37,2,1,22,27,28,1) [ 29409.2886 ]
1283:(37,2,0,21,28,29,1) [ 30459.136599999998 ]
1284:(36,2,0,21,28,29,1) [ 30459.0522 ]
1285:(36,2,1,21,28,29,1) [ 30459.2932 ]
1286:(35,2,2,21,28,29,1) [ 30459.4498 ]
1287:(34,2,3,21,28,29,1) [ 30459.6064 ]
1288:(34,2,2,20,29,30,1) [ 31509.4434 ]
1289:(34,2,3,20,29,30,1) [ 31509.6734 ]
1290:(33,2,2,18,31,32,1) [ 33609.515 ]
1291:(33,2,2,17,32,33,1) [ 34659.59299999999 ]
1292:(33,2,1,16,33,34,1) [ 35709.485 ]
1293:(33,2,0,15,34,35,1) [ 36759.399000000005 ]
1294:(32,2,1,15,34,35,1) [ 36759.4896 ]
1295:(32,2,0,14,35,36,1) [ 37809.4146 ]
1296:(32,2,1,14,35,36,1) [ 37809.5786 ]
1297:(32,2,0,13,36,37,1) [ 38859.514599999995 ]
1298:(32,2,1,13,36,37,1) [ 38859.6676 ]
1299:(32,2,2,13,36,37,1) [ 38859.8206 ]
1300:(32,2,1,12,37,38,1) [ 39909.7566 ]
1301:(32,2,2,12,37,38,1) [ 39909.8986 ]
1302:(32,2,1,11,38,39,1) [ 40959.8456 ]
1303:(32,2,0,10,39,40,1) [ 42009.8146 ]
1304:(32,2,1,10,39,40,1) [ 42009.9346 ]
1305:(31,2,2,10,39,40,1) [ 42009.9702 ]
1306:(30,2,3,10,39,40,1) [ 42010.0058 ]
1307:(28,2,3,7,42,43,1) [ 45160.038 ]
1308:(27,2,2,3,46,47,1) [ 49360.1786 ]
1309:(27,2,1,0,49,50,1) [ 52510.4026 TARGET ]
1310:(32,2,2,11,38,39,1) [ 40959.9766 ]
1311:(33,2,1,12,37,38,1) [ 39909.841 ]
1312:(31,2,1,12,37,38,1) [ 39909.67219999999 ]
1313:(33,2,1,13,36,37,1) [ 38859.752 ]
1314:(31,2,1,13,36,37,1) [ 38859.5832 ]
1315:(31,2,2,14,35,36,1) [ 37809.6582 ]
1316:(33,2,1,15,34,35,1) [ 36759.574 ]
1317:(38,2,5,30,20,20,0) [ 10.120999999999999 ]
1318:(38,2,6,31,19,19,0) [ 10.427000000000001 ]
1319:(39,2,6,32,18,18,0) [ 10.477400000000001 ]
1320:(39,2,7,33,17,17,0) [ 10.816399999999998 ]
1321:(40,2,5,34,16,16,0) [ 10.109799999999998 ]
1322:(40,2,6,35,15,15,0) [ 10.459800000000001 ]
1323:(41,2,5,35,15,15,0) [ 10.1492 ]
1324:(47,2,4,47,3,3,0) [ 9.5886 ]
1325:(49,2,1,47,2,3,1) [ 3158.0764 ]
1326:(49,2,2,49,0,1,1) [ 1058.4474 ]
1327:(50,2,2,49,0,1,1) [ 1058.5318 ]
1328:(49,2,0,46,3,4,1) [ 4207.6494 ]
1329:(44,2,4,41,9,9,0) [ 9.6714 ]
1330:(43,2,5,41,9,9,0) [ 10.048 ]
1331:(43,2,4,40,10,10,0) [ 9.643 ]
1332:(39,2,4,34,16,16,0) [ 9.641399999999999 ]
1333:(37,2,6,33,17,17,0) [ 10.2746 ]
1334:(36,2,6,32,18,18,0) [ 10.2242 ]
1335:(34,2,7,30,20,20,0) [ 10.4634 ]
1336:(34,2,7,30,19,20,1) [ 21010.363400000002 ]
1337:(33,2,8,30,19,20,1) [ 21010.619000000002 ]
1338:(33,2,9,30,19,20,1) [ 21010.959000000003 ]
1339:(33,2,8,29,20,21,1) [ 22060.631 ]
1340:(33,2,7,28,21,22,1) [ 23110.324999999997 ]
1341:(32,2,8,28,21,22,1) [ 23110.5586 ]
1342:(32,2,9,28,21,22,1) [ 23110.8766 ]
1343:(32,2,8,27,22,23,1) [ 24160.5706 ]
1344:(32,2,9,27,22,23,1) [ 24160.8776 ]
1345:(33,2,8,27,22,23,1) [ 24160.655000000002 ]
1346:(31,2,9,27,22,23,1) [ 24160.7932 ]
1347:(30,2,10,27,22,23,1) [ 24161.0158 ]
1348:(29,2,11,27,22,23,1) [ 24161.238400000002 ]
1349:(29,2,10,26,23,24,1) [ 25210.9214 ]
1350:(28,2,11,26,23,24,1) [ 25211.132999999998 ]
1351:(28,2,10,25,24,25,1) [ 26260.827 ]
1352:(27,2,11,25,24,25,1) [ 26261.0276 ]
1353:(27,2,10,24,25,26,1) [ 27310.7326 ]
1354:(27,2,9,23,26,27,1) [ 28360.4596 ]
1355:(27,2,8,22,27,28,1) [ 29410.2086 ]
1356:(27,2,9,22,27,28,1) [ 29410.460600000002 ]
1357:(27,2,8,21,28,29,1) [ 30460.2206 ]
1358:(27,2,7,20,29,30,1) [ 31510.0026 ]
1359:(26,2,8,20,29,30,1) [ 31510.148200000003 ]
1360:(26,2,7,19,30,31,1) [ 32559.9412 ]
1361:(27,2,6,17,32,33,1) [ 34659.874599999996 ]
1362:(27,2,5,16,33,34,1) [ 35709.7226 ]
1363:(25,2,2,4,45,46,1) [ 48309.9318 ]
1364:(25,2,1,3,46,47,1) [ 49359.9668 ]
1365:(25,2,0,2,47,48,1) [ 50410.023799999995 ]
1366:(24,2,2,2,47,48,1) [ 50410.003399999994 ]
1367:(25,2,1,2,47,48,1) [ 50410.055799999995 ]
1368:(26,2,0,2,47,48,1) [ 50410.108199999995 ]
1369:(24,2,0,2,47,48,1) [ 50409.939399999996 ]
1370:(33,2,9,27,22,23,1) [ 24160.962 ]
1371:(36,2,6,30,20,20,0) [ 10.292200000000001 ]
1372:(41,2,5,38,12,12,0) [ 10.014199999999999 ]
1373:(48,2,4,50,0,0,0) [ 9.504999999999999 ]
1374:(42,2,0,36,14,14,0) [ 8.1586 ]
1375:(42,2,1,36,14,14,0) [ 8.5646 ]
1376:(42,2,0,35,15,15,0) [ 8.2586 ]
1377:(37,2,2,27,23,23,0) [ 9.2506 ]
1378:(37,2,1,26,24,24,0) [ 9.0326 ]
1379:(37,2,2,26,24,24,0) [ 9.328600000000002 ]
1380:(36,2,3,26,24,24,0) [ 9.5402 ]
1381:(36,2,2,25,25,25,0) [ 9.3222 ]
1382:(36,2,3,25,25,25,0) [ 9.6072 ]
1383:(35,2,4,25,25,25,0) [ 9.8078 ]
1384:(35,2,3,24,26,26,0) [ 9.5898 ]
1385:(35,2,1,22,28,28,0) [ 9.219800000000001 ]
1386:(35,2,0,21,29,29,0) [ 9.0678 ]
1387:(34,2,0,21,29,29,0) [ 8.9834 ]
1388:(33,2,1,21,29,29,0) [ 9.14 ]
1389:(34,2,1,21,29,29,0) [ 9.2244 ]
1390:(34,2,2,21,29,29,0) [ 9.4654 ]
1391:(33,2,3,21,29,29,0) [ 9.622 ]
1392:(33,2,2,20,30,30,0) [ 9.459 ]
1393:(33,2,1,19,31,31,0) [ 9.318 ]
1394:(33,2,2,19,31,31,0) [ 9.537 ]
1395:(33,2,3,19,31,31,0) [ 9.756 ]
1396:(33,2,4,19,31,31,0) [ 9.975 ]
1397:(33,2,3,18,32,32,0) [ 9.823 ]
1398:(31,2,0,12,37,38,1) [ 39909.530199999994 ]
1399:(31,2,0,11,38,39,1) [ 40959.6302 ]
1400:(30,2,1,11,38,39,1) [ 40959.6768 ]
1401:(27,2,0,5,44,45,1) [ 47259.8926 ]
1402:(27,2,0,4,45,46,1) [ 48309.9926 ]
1403:(28,2,0,4,45,46,1) [ 48310.077 ]
1404:(34,2,1,15,34,35,1) [ 36759.6584 ]
1405:(37,2,5,30,20,20,0) [ 10.0366 ]
1406:(49,2,4,50,0,0,0) [ 9.589400000000001 ]
1407:(45,2,4,47,3,3,0) [ 9.419800000000002 ]
1408:(41,2,0,34,16,16,0) [ 8.2742 ]
1409:(39,2,6,33,17,17,0) [ 10.4434 ]
1410:(36,2,5,29,21,21,0) [ 9.9972 ]
1411:(35,2,7,28,22,22,0) [ 10.593799999999998 ]
1412:(35,2,6,27,23,23,0) [ 10.309800000000001 ]
1413:(35,2,7,27,23,23,0) [ 10.616800000000001 ]
1414:(36,2,7,27,23,23,0) [ 10.7012 ]
1415:(36,2,6,26,24,24,0) [ 10.428200000000002 ]
1416:(36,2,5,25,25,25,0) [ 10.1772 ]
1417:(36,2,4,24,26,26,0) [ 9.9482 ]
1418:(36,2,3,23,27,27,0) [ 9.7412 ]
1419:(35,2,4,23,27,27,0) [ 9.9198 ]
1420:(35,2,5,23,27,27,0) [ 10.1828 ]
1421:(35,2,4,22,28,28,0) [ 9.975800000000001 ]
1422:(35,2,4,21,29,29,0) [ 10.0318 ]
1423:(35,2,3,20,30,30,0) [ 9.857800000000001 ]
1424:(35,2,4,20,30,30,0) [ 10.0878 ]
1425:(35,2,3,19,31,31,0) [ 9.9248 ]
1426:(35,2,2,18,32,32,0) [ 9.7838 ]
1427:(35,2,1,17,33,33,0) [ 9.6648 ]
1428:(35,2,0,16,33,34,1) [ 35709.467800000006 ]
1429:(35,2,1,16,33,34,1) [ 35709.6538 ]
1430:(34,2,1,14,35,36,1) [ 37809.7474 ]
1431:(34,2,0,13,36,37,1) [ 38859.6834 ]
1432:(33,2,0,12,37,38,1) [ 39909.699 ]
1433:(33,2,0,11,38,39,1) [ 40959.799000000006 ]
1434:(28,2,0,3,46,47,1) [ 49360.176999999996 ]
1435:(27,2,1,3,46,47,1) [ 49360.1356 ]
1436:(27,2,0,2,47,48,1) [ 50410.192599999995 ]
1437:(41,2,5,36,14,14,0) [ 10.1042 ]
1438:(40,2,6,36,14,14,0) [ 10.4258 ]
1439:(40,2,7,36,14,14,0) [ 10.8318 ]
1440:(39,2,8,36,14,14,0) [ 11.1534 ]
1441:(38,2,9,36,14,14,0) [ 11.475 ]
1442:(37,2,10,36,14,14,0) [ 11.7966 ]
1443:(37,2,11,36,14,14,0) [ 12.2026 ]
1444:(38,2,10,36,14,14,0) [ 11.881 ]
1445:(37,2,10,35,15,15,0) [ 11.7866 ]
1446:(37,2,11,35,15,15,0) [ 12.1816 ]
1447:(36,2,12,35,15,15,0) [ 12.4922 ]
1448:(36,2,11,34,16,16,0) [ 12.076199999999998 ]
1449:(35,2,12,34,16,16,0) [ 12.3758 ]
1450:(35,2,13,34,16,16,0) [ 12.7598 ]
1451:(35,2,12,33,17,17,0) [ 12.343799999999998 ]
1452:(35,2,13,33,17,17,0) [ 12.7168 ]
1453:(35,2,12,32,18,18,0) [ 12.311800000000002 ]
1454:(34,2,13,32,18,18,0) [ 12.589400000000001 ]
1455:(34,2,13,32,17,18,1) [ 18912.489400000002 ]
1456:(34,2,12,31,18,19,1) [ 19962.0954 ]
1457:(34,2,11,30,19,20,1) [ 21011.723400000003 ]
1458:(33,2,12,30,19,20,1) [ 21011.979000000003 ]
1459:(33,2,11,29,20,21,1) [ 22061.618 ]
1460:(33,2,10,28,21,22,1) [ 23111.279 ]
1461:(33,2,10,27,22,23,1) [ 24161.269 ]
1462:(34,2,9,26,23,24,1) [ 25211.0474 ]
1463:(34,2,9,25,24,25,1) [ 26261.0484 ]
1464:(32,2,10,23,26,27,1) [ 28361.1446 ]
1465:(32,2,9,22,27,28,1) [ 29410.8826 ]
1466:(31,2,10,22,27,28,1) [ 29411.0502 ]
1467:(31,2,7,19,30,31,1) [ 32560.3632 ]
1468:(30,2,7,19,30,31,1) [ 32560.2788 ]
1469:(28,2,9,18,31,32,1) [ 33610.549 ]
1470:(23,2,3,4,45,46,1) [ 48309.817 ]
1471:(23,2,2,3,47,47,0) [ 9.940999999999999 ]
1472:(-1,-1,-1,-1,-1,-1,-1) [ 0.0 ]