(s1,s2)
0:(1,40) [ 2.0 ]
1:(1,41) [ 2.0250000000000004 ]
2:(1,42) [ 2.05 ]
3:(1,43) [ 2.075 ]
4:(1,44) [ 2.1 ]
5:(1,45) [ 2.125 ]
6:(1,46) [ 2.1500000000000004 ]
7:(1,47) [ 2.175 ]
8:(1,48) [ 2.2 ]
9:(1,49) [ 2.225 ]
10:(1,50) [ 2.25 ]
11:(1,51) [ 2.2750000000000004 ]
12:(1,52) [ 2.3 ]
13:(1,53) [ 2.325 ]
14:(1,54) [ 2.35 ]
15:(1,55) [ 2.375 ]
16:(1,56) [ 2.4000000000000004 ]
17:(1,57) [ 2.425 ]
18:(1,58) [ 2.45 ]
19:(1,59) [ 2.475 ]
20:(1,60) [ 2.5 ]
21:(1,61) [ 2.5250000000000004 ]
22:(1,62) [ 2.55 ]
23:(1,63) [ 2.575 ]
24:(1,64) [ 2.6 ]
25:(1,65) [ 2.625 ]
26:(1,66) [ 2.6500000000000004 ]
27:(1,67) [ 2.675 ]
28:(1,68) [ 2.7 ]
29:(1,69) [ 2.725 ]
30:(1,70) [ 2.75 ]
31:(1,71) [ 2.7750000000000004 ]
32:(1,72) [ 2.8 ]
33:(1,73) [ 2.825 ]
34:(1,39) [ 1.975 ]
35:(1,74) [ 2.85 ]
36:(1,75) [ 2.875 ]
37:(1,76) [ 2.9000000000000004 ]
38:(1,77) [ 2.925 ]
39:(1,78) [ 2.95 ]
40:(1,79) [ 2.975 ]
41:(1,80) [ 3.0 TARGET ]
42:(1,81) [ 3.025 ]
43:(1,82) [ 3.0500000000000003 TARGET ]
44:(1,83) [ 3.075 TARGET ]
45:(1,38) [ 1.9500000000000002 ]
46:(1,37) [ 1.925 ]
47:(1,36) [ 1.9 ]
48:(1,35) [ 1.875 ]
49:(1,34) [ 1.85 ]
50:(1,33) [ 1.8250000000000002 ]
51:(1,32) [ 1.8 ]
52:(1,31) [ 1.775 ]
53:(1,30) [ 1.75 ]
54:(1,29) [ 1.725 ]
55:(1,84) [ 3.1 TARGET ]
56:(1,85) [ 3.125 TARGET ]
57:(-1,-1) [ 0.0 ]