(s1,s2,s3,s4,s5,s6)
0:(1,50,0,1,50,0) [ 100.0 ]
1:(1,50,0,0,49,1) [ 51.1 ]
2:(1,51,0,1,49,0) [ 100.0 ]
3:(1,51,0,0,48,1) [ 52.1 ]
4:(0,50,1,0,48,1) [ 2.2 ]
5:(0,51,1,1,48,0) [ 49.1 ]
6:(1,52,0,1,48,0) [ 100.0 ]
7:(1,52,0,0,47,1) [ 53.1 ]
8:(1,53,0,1,47,0) [ 100.0 ]
9:(1,53,0,0,46,1) [ 54.1 ]
10:(1,54,0,1,46,0) [ 100.0 ]
11:(1,54,0,0,45,1) [ 55.1 ]
12:(1,55,0,1,45,0) [ 100.0 ]
13:(1,55,0,0,44,1) [ 56.1 ]
14:(1,56,0,1,44,0) [ 100.0 ]
15:(1,56,0,0,43,1) [ 57.1 ]
16:(1,57,0,1,43,0) [ 100.0 ]
17:(1,57,0,0,42,1) [ 58.1 ]
18:(1,58,0,1,42,0) [ 100.0 ]
19:(1,58,0,0,41,1) [ 59.1 ]
20:(1,59,0,1,41,0) [ 100.0 ]
21:(0,58,1,1,41,0) [ 42.1 ]
22:(0,58,1,0,40,1) [ 2.2 ]
23:(0,59,1,1,40,0) [ 41.1 ]
24:(0,59,1,0,39,1) [ 2.2 ]
25:(0,60,1,1,39,0) [ 40.1 ]
26:(0,60,1,0,38,1) [ 2.2 ]
27:(0,61,1,1,38,0) [ 39.1 ]
28:(1,61,0,1,39,0) [ 100.0 ]
29:(1,61,0,0,38,1) [ 62.1 ]
30:(1,62,0,1,38,0) [ 100.0 ]
31:(1,62,0,0,37,1) [ 63.1 ]
32:(1,63,0,1,37,0) [ 100.0 ]
33:(1,63,0,0,36,1) [ 64.1 ]
34:(1,64,0,1,36,0) [ 100.0 ]
35:(1,64,0,0,35,1) [ 65.1 ]
36:(1,65,0,1,35,0) [ 100.0 ]
37:(1,65,0,0,34,1) [ 66.1 ]
38:(1,66,0,1,34,0) [ 100.0 ]
39:(1,66,0,0,33,1) [ 67.1 ]
40:(1,67,0,1,33,0) [ 100.0 ]
41:(1,67,0,0,32,1) [ 68.1 ]
42:(1,68,0,1,32,0) [ 100.0 ]
43:(1,68,0,0,31,1) [ 69.1 ]
44:(1,69,0,1,31,0) [ 100.0 ]
45:(1,69,0,0,30,1) [ 70.1 ]
46:(0,68,1,0,30,1) [ 2.2 ]
47:(0,69,1,1,30,0) [ 31.1 ]
48:(0,69,1,0,29,1) [ 2.2 ]
49:(0,70,1,1,29,0) [ 30.1 ]
50:(0,70,1,0,28,1) [ 2.2 ]
51:(0,71,1,1,28,0) [ 29.1 ]
52:(0,71,1,0,27,1) [ 2.2 ]
53:(0,72,1,1,27,0) [ 28.1 ]
54:(0,72,1,0,26,1) [ 2.2 ]
55:(0,73,1,1,26,0) [ 27.1 ]
56:(0,73,1,0,25,1) [ 0.0 TARGET ]
57:(1,59,0,0,40,1) [ 60.1 ]
58:(1,60,0,1,40,0) [ 100.0 ]
59:(1,60,0,0,39,1) [ 61.1 ]
60:(0,62,1,1,37,0) [ 38.1 ]
61:(0,62,1,0,36,1) [ 2.2 ]
62:(0,63,1,1,36,0) [ 37.1 ]
63:(1,70,0,1,30,0) [ 100.0 ]
64:(1,70,0,0,29,1) [ 71.1 ]
65:(1,71,0,1,29,0) [ 100.0 ]
66:(1,71,0,0,28,1) [ 72.1 ]
67:(1,72,0,1,28,0) [ 100.0 ]
68:(1,72,0,0,27,1) [ 73.1 ]
69:(1,73,0,1,27,0) [ 100.0 ]
70:(1,73,0,0,26,1) [ 74.1 ]
71:(1,74,0,1,26,0) [ 100.0 ]
72:(1,74,0,0,25,1) [ 0.0 TARGET ]
73:(0,50,1,1,49,0) [ 50.1 ]
74:(0,54,1,1,45,0) [ 46.1 ]
75:(0,54,1,0,44,1) [ 2.2 ]
76:(0,55,1,1,44,0) [ 45.1 ]
77:(0,55,1,0,43,1) [ 2.2 ]
78:(0,68,1,1,31,0) [ 32.1 ]
79:(0,51,1,0,47,1) [ 2.2 ]
80:(0,56,1,0,42,1) [ 2.2 ]
81:(0,57,1,1,42,0) [ 43.1 ]
82:(0,57,1,0,41,1) [ 2.2 ]
83:(0,56,1,1,43,0) [ 44.1 ]
84:(0,63,1,0,35,1) [ 2.2 ]
85:(0,64,1,1,35,0) [ 36.1 ]
86:(0,64,1,0,34,1) [ 2.2 ]
87:(0,66,1,0,32,1) [ 2.2 ]
88:(0,67,1,1,32,0) [ 33.1 ]
89:(0,67,1,0,31,1) [ 2.2 ]
90:(0,65,1,1,34,0) [ 35.1 ]
91:(0,65,1,0,33,1) [ 2.2 ]
92:(0,66,1,1,33,0) [ 34.1 ]
93:(-1,-1,-1,-1,-1,-1) [ 0.0 ]