(R_,L,RL,G_,G_a,G_bg,G_d)
0:(50,2,0,50,0,0,0) [ 7.4338 ]
1:(49,2,1,50,0,0,0) [ 7.9094 ]
2:(49,2,0,49,1,1,0) [ 7.4494 ]
3:(48,2,1,49,1,1,0) [ 7.913999999999999 ]
4:(48,2,0,48,2,2,0) [ 7.465 ]
5:(48,2,1,48,2,2,0) [ 8.003 ]
6:(48,2,0,47,3,3,0) [ 7.5649999999999995 ]
7:(47,2,1,47,3,3,0) [ 8.0076 ]
8:(47,2,2,47,3,3,0) [ 8.534600000000001 ]
9:(47,2,1,46,4,4,0) [ 8.0966 ]
10:(46,2,2,46,4,4,0) [ 8.5282 ]
11:(46,2,1,45,5,5,0) [ 8.1012 ]
12:(45,2,2,45,5,5,0) [ 8.521799999999999 ]
13:(45,2,1,44,6,6,0) [ 8.1058 ]
14:(45,2,2,44,6,6,0) [ 8.5998 ]
15:(45,2,1,43,7,7,0) [ 8.194799999999999 ]
16:(44,2,2,43,7,7,0) [ 8.593399999999999 ]
17:(44,2,3,43,7,7,0) [ 9.0764 ]
18:(44,2,4,43,7,7,0) [ 9.5594 ]
19:(44,2,5,43,7,7,0) [ 10.042399999999999 ]
20:(44,2,4,42,8,8,0) [ 9.615400000000001 ]
21:(44,2,5,42,8,8,0) [ 10.087399999999999 ]
22:(44,2,6,42,8,8,0) [ 10.5594 ]
23:(43,2,7,42,8,8,0) [ 10.947 ]
24:(43,2,6,41,9,9,0) [ 10.509 ]
25:(43,2,7,41,9,9,0) [ 10.97 ]
26:(42,2,8,41,9,9,0) [ 11.3466 ]
27:(41,2,9,41,9,9,0) [ 11.7232 ]
28:(40,2,10,41,9,9,0) [ 12.0998 ]
29:(40,2,9,40,10,10,0) [ 11.639800000000001 ]
30:(40,2,8,39,11,11,0) [ 11.2018 ]
31:(40,2,7,38,12,12,0) [ 10.785799999999998 ]
32:(39,2,8,38,12,12,0) [ 11.1294 ]
33:(38,2,9,38,12,12,0) [ 11.472999999999999 ]
34:(38,2,8,37,13,13,0) [ 11.057000000000002 ]
35:(38,2,9,37,13,13,0) [ 11.474 ]
36:(37,2,10,37,13,13,0) [ 11.8066 ]
37:(36,2,11,37,13,13,0) [ 12.139200000000002 ]
38:(36,2,10,36,14,14,0) [ 11.712200000000001 ]
39:(36,2,11,36,14,14,0) [ 12.1182 ]
40:(36,2,10,35,15,15,0) [ 11.702200000000001 ]
41:(36,2,9,34,16,16,0) [ 11.3082 ]
42:(36,2,10,34,16,16,0) [ 11.692199999999998 ]
43:(35,2,11,34,16,16,0) [ 11.9918 ]
44:(35,2,12,34,16,16,0) [ 12.3758 ]
45:(35,2,11,33,17,17,0) [ 11.9708 ]
46:(35,2,10,32,18,18,0) [ 11.587800000000001 ]
47:(35,2,11,32,18,18,0) [ 11.9498 ]
48:(35,2,12,32,18,18,0) [ 12.311800000000002 ]
49:(35,2,13,32,18,18,0) [ 12.6738 ]
50:(34,2,14,32,18,18,0) [ 12.9514 ]
51:(33,2,15,32,18,18,0) [ 13.229 ]
52:(33,2,14,31,19,19,0) [ 12.813 ]
53:(33,2,13,30,20,20,0) [ 12.419 ]
54:(32,2,14,30,20,20,0) [ 12.674600000000002 ]
55:(32,2,13,29,21,21,0) [ 12.291599999999999 ]
56:(32,2,14,29,21,21,0) [ 12.620600000000001 ]
57:(31,2,15,29,21,21,0) [ 12.8652 ]
58:(31,2,16,29,21,21,0) [ 13.1942 ]
59:(31,2,15,28,22,22,0) [ 12.8002 ]
60:(30,2,16,28,22,22,0) [ 13.0338 ]
61:(29,2,17,28,22,22,0) [ 13.267399999999999 ]
62:(29,2,18,28,22,22,0) [ 13.5854 ]
63:(29,2,17,27,23,23,0) [ 13.180400000000002 ]
64:(29,2,16,26,24,24,0) [ 12.797400000000001 ]
65:(29,2,15,25,25,25,0) [ 12.436399999999999 ]
66:(28,2,16,25,25,25,0) [ 12.637 ]
67:(28,2,17,25,25,25,0) [ 12.922 ]
68:(27,2,18,25,25,25,0) [ 13.122599999999998 ]
69:(27,2,17,24,26,26,0) [ 12.7506 ]
70:(27,2,16,23,27,27,0) [ 12.4006 ]
71:(26,2,17,23,27,27,0) [ 12.5792 ]
72:(26,2,16,22,28,28,0) [ 12.240200000000002 ]
73:(25,2,17,22,28,28,0) [ 12.407800000000002 ]
74:(25,2,16,21,29,29,0) [ 12.0798 ]
75:(25,2,17,21,29,29,0) [ 12.3208 ]
76:(25,2,16,20,30,30,0) [ 12.003799999999998 ]
77:(25,2,15,19,31,31,0) [ 11.708799999999998 ]
78:(25,2,16,19,31,31,0) [ 11.9278 ]
79:(25,2,15,18,32,32,0) [ 11.643799999999999 ]
80:(25,2,14,17,33,33,0) [ 11.381800000000002 ]
81:(24,2,15,17,33,33,0) [ 11.494399999999999 ]
82:(24,2,14,16,34,34,0) [ 11.243400000000001 ]
83:(24,2,13,15,35,35,0) [ 11.014399999999998 ]
84:(23,2,14,15,35,35,0) [ 11.105 ]
85:(23,2,13,14,36,36,0) [ 10.887 ]
86:(23,2,12,13,37,37,0) [ 10.690999999999999 ]
87:(23,2,11,12,38,38,0) [ 10.517000000000001 ]
88:(23,2,10,11,39,39,0) [ 10.365 ]
89:(23,2,9,10,40,40,0) [ 10.235 ]
90:(22,2,10,10,40,40,0) [ 10.2706 ]
91:(22,2,9,9,41,41,0) [ 10.151600000000002 ]
92:(22,2,8,8,42,42,0) [ 10.0546 ]
93:(22,2,9,8,42,42,0) [ 10.1526 ]
94:(22,2,8,7,43,43,0) [ 10.066600000000001 ]
95:(22,2,7,6,44,44,0) [ 10.002600000000001 ]
96:(22,2,6,5,45,45,0) [ 9.9606 ]
97:(22,2,5,4,46,46,0) [ 9.9406 ]
98:(22,2,4,3,47,47,0) [ 9.942599999999999 ]
99:(22,2,3,2,48,48,0) [ 9.9666 ]
100:(22,2,2,1,49,49,0) [ 10.0126 ]
101:(22,2,1,0,50,50,0) [ 10.0806 TARGET ]
102:(23,2,1,0,50,50,0) [ 10.165 TARGET ]
103:(21,2,1,0,50,50,0) [ 9.9962 TARGET ]
104:(21,2,2,0,50,50,0) [ 10.0062 TARGET ]
105:(22,2,2,0,50,50,0) [ 10.0906 TARGET ]
106:(23,2,2,1,49,49,0) [ 10.097000000000001 ]
107:(21,2,2,1,49,49,0) [ 9.9282 ]
108:(21,2,3,1,49,49,0) [ 9.949200000000001 ]
109:(22,2,3,1,49,49,0) [ 10.0336 ]
110:(23,2,3,2,48,48,0) [ 10.051 ]
111:(21,2,3,2,48,48,0) [ 9.882200000000001 ]
112:(21,2,4,2,48,48,0) [ 9.914200000000001 ]
113:(22,2,4,2,48,48,0) [ 9.9986 ]
114:(23,2,4,3,47,47,0) [ 10.027000000000001 ]
115:(21,2,4,3,47,47,0) [ 9.8582 ]
116:(21,2,5,3,47,47,0) [ 9.9012 ]
117:(22,2,5,3,47,47,0) [ 9.985600000000002 ]
118:(23,2,5,4,46,46,0) [ 10.025 ]
119:(21,2,5,4,46,46,0) [ 9.856200000000001 ]
120:(21,2,6,4,46,46,0) [ 9.9102 ]
121:(22,2,6,4,46,46,0) [ 9.994600000000002 ]
122:(23,2,6,5,45,45,0) [ 10.045 ]
123:(21,2,6,5,45,45,0) [ 9.8762 ]
124:(21,2,7,5,45,45,0) [ 9.9412 ]
125:(22,2,7,5,45,45,0) [ 10.0256 ]
126:(23,2,7,6,44,44,0) [ 10.087 ]
127:(21,2,7,6,44,44,0) [ 9.9182 ]
128:(21,2,8,6,44,44,0) [ 9.9942 ]
129:(22,2,8,6,44,44,0) [ 10.078600000000002 ]
130:(23,2,8,7,43,43,0) [ 10.151 ]
131:(21,2,8,7,43,43,0) [ 9.982199999999999 ]
132:(21,2,9,7,43,43,0) [ 10.069199999999999 ]
133:(22,2,9,7,43,43,0) [ 10.1536 ]
134:(23,2,9,8,42,42,0) [ 10.237 ]
135:(21,2,9,8,42,42,0) [ 10.068200000000001 ]
136:(21,2,10,8,42,42,0) [ 10.1662 ]
137:(22,2,10,8,42,42,0) [ 10.2506 ]
138:(23,2,8,8,42,42,0) [ 10.139 ]
139:(21,2,8,8,42,42,0) [ 9.9702 ]
140:(23,2,9,9,41,41,0) [ 10.236 ]
141:(21,2,9,9,41,41,0) [ 10.0672 ]
142:(21,2,10,9,41,41,0) [ 10.176200000000001 ]
143:(22,2,10,9,41,41,0) [ 10.2606 ]
144:(23,2,10,10,40,40,0) [ 10.355 ]
145:(21,2,10,10,40,40,0) [ 10.1862 ]
146:(21,2,11,10,40,40,0) [ 10.3062 ]
147:(22,2,11,10,40,40,0) [ 10.3906 ]
148:(24,2,9,10,40,40,0) [ 10.3194 ]
149:(22,2,9,10,40,40,0) [ 10.1506 ]
150:(24,2,10,11,39,39,0) [ 10.4494 ]
151:(22,2,10,11,39,39,0) [ 10.2806 ]
152:(22,2,11,11,39,39,0) [ 10.4116 ]
153:(23,2,11,11,39,39,0) [ 10.496 ]
154:(24,2,11,12,38,38,0) [ 10.6014 ]
155:(22,2,11,12,38,38,0) [ 10.4326 ]
156:(22,2,12,12,38,38,0) [ 10.5746 ]
157:(23,2,12,12,38,38,0) [ 10.659 ]
158:(24,2,12,13,37,37,0) [ 10.775400000000001 ]
159:(22,2,12,13,37,37,0) [ 10.6066 ]
160:(22,2,13,13,37,37,0) [ 10.759599999999999 ]
161:(23,2,13,13,37,37,0) [ 10.844000000000001 ]
162:(24,2,13,14,36,36,0) [ 10.9714 ]
163:(22,2,13,14,36,36,0) [ 10.8026 ]
164:(22,2,14,14,36,36,0) [ 10.9666 ]
165:(23,2,14,14,36,36,0) [ 11.051 ]
166:(24,2,14,15,35,35,0) [ 11.1894 ]
167:(22,2,14,15,35,35,0) [ 11.0206 ]
168:(22,2,15,15,35,35,0) [ 11.195599999999999 ]
169:(23,2,15,15,35,35,0) [ 11.280000000000001 ]
170:(25,2,13,15,35,35,0) [ 11.0988 ]
171:(23,2,13,15,35,35,0) [ 10.93 ]
172:(25,2,14,16,34,34,0) [ 11.3278 ]
173:(23,2,14,16,34,34,0) [ 11.158999999999999 ]
174:(23,2,15,16,34,34,0) [ 11.344999999999999 ]
175:(24,2,15,16,34,34,0) [ 11.4294 ]
176:(25,2,15,17,33,33,0) [ 11.578800000000001 ]
177:(23,2,15,17,33,33,0) [ 11.41 ]
178:(23,2,16,17,33,33,0) [ 11.607 ]
179:(24,2,16,17,33,33,0) [ 11.691400000000002 ]
180:(26,2,14,17,33,33,0) [ 11.4662 ]
181:(24,2,14,17,33,33,0) [ 11.2974 ]
182:(26,2,15,18,32,32,0) [ 11.728200000000001 ]
183:(24,2,15,18,32,32,0) [ 11.5594 ]
184:(24,2,16,18,32,32,0) [ 11.767399999999999 ]
185:(25,2,16,18,32,32,0) [ 11.8518 ]
186:(26,2,16,19,31,31,0) [ 12.0122 ]
187:(24,2,16,19,31,31,0) [ 11.8434 ]
188:(24,2,17,19,31,31,0) [ 12.062399999999998 ]
189:(25,2,17,19,31,31,0) [ 12.1468 ]
190:(26,2,15,19,31,31,0) [ 11.7932 ]
191:(24,2,15,19,31,31,0) [ 11.6244 ]
192:(26,2,16,20,30,30,0) [ 12.0882 ]
193:(24,2,16,20,30,30,0) [ 11.9194 ]
194:(24,2,17,20,30,30,0) [ 12.1494 ]
195:(25,2,17,20,30,30,0) [ 12.233799999999999 ]
196:(26,2,17,21,29,29,0) [ 12.4052 ]
197:(24,2,17,21,29,29,0) [ 12.236400000000001 ]
198:(24,2,18,21,29,29,0) [ 12.477400000000001 ]
199:(25,2,18,21,29,29,0) [ 12.5618 ]
200:(26,2,16,21,29,29,0) [ 12.1642 ]
201:(24,2,16,21,29,29,0) [ 11.9954 ]
202:(26,2,17,22,28,28,0) [ 12.4922 ]
203:(24,2,17,22,28,28,0) [ 12.3234 ]
204:(24,2,18,22,28,28,0) [ 12.575400000000002 ]
205:(25,2,18,22,28,28,0) [ 12.6598 ]
206:(27,2,16,22,28,28,0) [ 12.3246 ]
207:(25,2,16,22,28,28,0) [ 12.1558 ]
208:(27,2,17,23,27,27,0) [ 12.663599999999999 ]
209:(25,2,17,23,27,27,0) [ 12.494799999999998 ]
210:(25,2,18,23,27,27,0) [ 12.7578 ]
211:(26,2,18,23,27,27,0) [ 12.842199999999998 ]
212:(28,2,16,23,27,27,0) [ 12.485 ]
213:(26,2,16,23,27,27,0) [ 12.316199999999998 ]
214:(28,2,17,24,26,26,0) [ 12.834999999999999 ]
215:(26,2,17,24,26,26,0) [ 12.666199999999998 ]
216:(26,2,18,24,26,26,0) [ 12.940199999999999 ]
217:(27,2,18,24,26,26,0) [ 13.024600000000001 ]
218:(28,2,18,25,25,25,0) [ 13.207 ]
219:(26,2,18,25,25,25,0) [ 13.0382 ]
220:(26,2,19,25,25,25,0) [ 13.3232 ]
221:(27,2,19,25,25,25,0) [ 13.407599999999999 ]
222:(29,2,17,25,25,25,0) [ 13.0064 ]
223:(27,2,17,25,25,25,0) [ 12.8376 ]
224:(29,2,16,25,25,25,0) [ 12.7214 ]
225:(27,2,16,25,25,25,0) [ 12.5526 ]
226:(30,2,15,25,25,25,0) [ 12.520799999999998 ]
227:(28,2,15,25,25,25,0) [ 12.352 ]
228:(30,2,16,26,24,24,0) [ 12.8818 ]
229:(28,2,16,26,24,24,0) [ 12.713 ]
230:(28,2,17,26,24,24,0) [ 13.009000000000002 ]
231:(29,2,17,26,24,24,0) [ 13.0934 ]
232:(30,2,17,27,23,23,0) [ 13.264800000000001 ]
233:(28,2,17,27,23,23,0) [ 13.096 ]
234:(28,2,18,27,23,23,0) [ 13.403 ]
235:(29,2,18,27,23,23,0) [ 13.487400000000001 ]
236:(30,2,18,28,22,22,0) [ 13.669799999999999 ]
237:(28,2,18,28,22,22,0) [ 13.501000000000001 ]
238:(28,2,19,28,22,22,0) [ 13.818999999999999 ]
239:(29,2,19,28,22,22,0) [ 13.903399999999998 ]
240:(30,2,17,28,22,22,0) [ 13.3518 ]
241:(28,2,17,28,22,22,0) [ 13.183 ]
242:(31,2,16,28,22,22,0) [ 13.118199999999998 ]
243:(29,2,16,28,22,22,0) [ 12.9494 ]
244:(32,2,15,28,22,22,0) [ 12.884599999999999 ]
245:(30,2,15,28,22,22,0) [ 12.715799999999998 ]
246:(32,2,16,29,21,21,0) [ 13.278599999999999 ]
247:(30,2,16,29,21,21,0) [ 13.1098 ]
248:(30,2,17,29,21,21,0) [ 13.438799999999999 ]
249:(31,2,17,29,21,21,0) [ 13.523200000000001 ]
250:(32,2,15,29,21,21,0) [ 12.949599999999998 ]
251:(30,2,15,29,21,21,0) [ 12.780799999999997 ]
252:(33,2,14,29,21,21,0) [ 12.705 ]
253:(31,2,14,29,21,21,0) [ 12.5362 ]
254:(33,2,13,29,21,21,0) [ 12.376 ]
255:(31,2,13,29,21,21,0) [ 12.207199999999998 ]
256:(33,2,14,30,20,20,0) [ 12.759 ]
257:(31,2,14,30,20,20,0) [ 12.5902 ]
258:(31,2,15,30,20,20,0) [ 12.9302 ]
259:(32,2,15,30,20,20,0) [ 13.014599999999998 ]
260:(34,2,13,30,20,20,0) [ 12.5034 ]
261:(32,2,13,30,20,20,0) [ 12.3346 ]
262:(34,2,14,31,19,19,0) [ 12.8974 ]
263:(32,2,14,31,19,19,0) [ 12.728600000000002 ]
264:(32,2,15,31,19,19,0) [ 13.079600000000001 ]
265:(33,2,15,31,19,19,0) [ 13.164 ]
266:(34,2,15,32,18,18,0) [ 13.313400000000001 ]
267:(32,2,15,32,18,18,0) [ 13.1446 ]
268:(32,2,16,32,18,18,0) [ 13.506600000000002 ]
269:(33,2,16,32,18,18,0) [ 13.591000000000001 ]
270:(35,2,14,32,18,18,0) [ 13.035800000000002 ]
271:(33,2,14,32,18,18,0) [ 12.867 ]
272:(36,2,13,32,18,18,0) [ 12.7582 ]
273:(34,2,13,32,18,18,0) [ 12.589400000000001 ]
274:(36,2,12,32,18,18,0) [ 12.3962 ]
275:(34,2,12,32,18,18,0) [ 12.227400000000001 ]
276:(36,2,11,32,18,18,0) [ 12.034200000000002 ]
277:(34,2,11,32,18,18,0) [ 11.865400000000001 ]
278:(36,2,10,32,18,18,0) [ 11.6722 ]
279:(34,2,10,32,18,18,0) [ 11.5034 ]
280:(36,2,11,33,17,17,0) [ 12.0552 ]
281:(34,2,11,33,17,17,0) [ 11.886399999999998 ]
282:(34,2,12,33,17,17,0) [ 12.2594 ]
283:(35,2,12,33,17,17,0) [ 12.343799999999998 ]
284:(36,2,12,34,16,16,0) [ 12.4602 ]
285:(34,2,12,34,16,16,0) [ 12.291400000000001 ]
286:(34,2,13,34,16,16,0) [ 12.675399999999998 ]
287:(35,2,13,34,16,16,0) [ 12.7598 ]
288:(36,2,11,34,16,16,0) [ 12.076199999999998 ]
289:(34,2,11,34,16,16,0) [ 11.9074 ]
290:(37,2,10,34,16,16,0) [ 11.7766 ]
291:(35,2,10,34,16,16,0) [ 11.6078 ]
292:(37,2,9,34,16,16,0) [ 11.3926 ]
293:(35,2,9,34,16,16,0) [ 11.223799999999999 ]
294:(37,2,10,35,15,15,0) [ 11.7866 ]
295:(35,2,10,35,15,15,0) [ 11.617799999999999 ]
296:(35,2,11,35,15,15,0) [ 12.012799999999999 ]
297:(36,2,11,35,15,15,0) [ 12.0972 ]
298:(37,2,11,36,14,14,0) [ 12.2026 ]
299:(35,2,11,36,14,14,0) [ 12.033800000000001 ]
300:(35,2,12,36,14,14,0) [ 12.4398 ]
301:(36,2,12,36,14,14,0) [ 12.524200000000002 ]
302:(37,2,10,36,14,14,0) [ 11.7966 ]
303:(35,2,10,36,14,14,0) [ 11.627799999999999 ]
304:(37,2,11,37,13,13,0) [ 12.223600000000001 ]
305:(35,2,11,37,13,13,0) [ 12.0548 ]
306:(35,2,12,37,13,13,0) [ 12.471800000000002 ]
307:(36,2,12,37,13,13,0) [ 12.5562 ]
308:(38,2,10,37,13,13,0) [ 11.891000000000002 ]
309:(36,2,10,37,13,13,0) [ 11.7222 ]
310:(39,2,9,37,13,13,0) [ 11.5584 ]
311:(37,2,9,37,13,13,0) [ 11.389600000000002 ]
312:(39,2,8,37,13,13,0) [ 11.1414 ]
313:(37,2,8,37,13,13,0) [ 10.9726 ]
314:(39,2,9,38,12,12,0) [ 11.557399999999998 ]
315:(37,2,9,38,12,12,0) [ 11.3886 ]
316:(37,2,10,38,12,12,0) [ 11.816600000000001 ]
317:(38,2,10,38,12,12,0) [ 11.901 ]
318:(40,2,8,38,12,12,0) [ 11.213799999999999 ]
319:(38,2,8,38,12,12,0) [ 11.044999999999998 ]
320:(41,2,7,38,12,12,0) [ 10.8702 ]
321:(39,2,7,38,12,12,0) [ 10.7014 ]
322:(41,2,8,39,11,11,0) [ 11.2862 ]
323:(39,2,8,39,11,11,0) [ 11.1174 ]
324:(39,2,9,39,11,11,0) [ 11.556399999999998 ]
325:(40,2,9,39,11,11,0) [ 11.6408 ]
326:(41,2,9,40,10,10,0) [ 11.7242 ]
327:(39,2,9,40,10,10,0) [ 11.555399999999999 ]
328:(39,2,10,40,10,10,0) [ 12.0054 ]
329:(40,2,10,40,10,10,0) [ 12.0898 ]
330:(41,2,10,41,9,9,0) [ 12.184200000000002 ]
331:(39,2,10,41,9,9,0) [ 12.015400000000001 ]
332:(39,2,11,41,9,9,0) [ 12.4764 ]
333:(40,2,11,41,9,9,0) [ 12.560800000000002 ]
334:(42,2,9,41,9,9,0) [ 11.807599999999999 ]
335:(40,2,9,41,9,9,0) [ 11.6388 ]
336:(43,2,8,41,9,9,0) [ 11.431 ]
337:(41,2,8,41,9,9,0) [ 11.262200000000002 ]
338:(44,2,7,41,9,9,0) [ 11.0544 ]
339:(42,2,7,41,9,9,0) [ 10.8856 ]
340:(44,2,6,41,9,9,0) [ 10.5934 ]
341:(42,2,6,41,9,9,0) [ 10.4246 ]
342:(44,2,7,42,8,8,0) [ 11.031400000000001 ]
343:(42,2,7,42,8,8,0) [ 10.8626 ]
344:(42,2,8,42,8,8,0) [ 11.334600000000002 ]
345:(43,2,8,42,8,8,0) [ 11.419 ]
346:(45,2,6,42,8,8,0) [ 10.643800000000002 ]
347:(43,2,6,42,8,8,0) [ 10.475000000000001 ]
348:(45,2,5,42,8,8,0) [ 10.171800000000001 ]
349:(43,2,5,42,8,8,0) [ 10.003 ]
350:(45,2,4,42,8,8,0) [ 9.6998 ]
351:(43,2,4,42,8,8,0) [ 9.531 ]
352:(45,2,5,43,7,7,0) [ 10.1268 ]
353:(43,2,5,43,7,7,0) [ 9.957999999999998 ]
354:(43,2,6,43,7,7,0) [ 10.440999999999999 ]
355:(44,2,6,43,7,7,0) [ 10.5254 ]
356:(45,2,4,43,7,7,0) [ 9.643799999999999 ]
357:(43,2,4,43,7,7,0) [ 9.474999999999998 ]
358:(45,2,3,43,7,7,0) [ 9.160799999999998 ]
359:(43,2,3,43,7,7,0) [ 8.991999999999999 ]
360:(45,2,2,43,7,7,0) [ 8.6778 ]
361:(43,2,2,43,7,7,0) [ 8.509 ]
362:(46,2,1,43,7,7,0) [ 8.2792 ]
363:(44,2,1,43,7,7,0) [ 8.1104 ]
364:(46,2,2,44,6,6,0) [ 8.684199999999999 ]
365:(44,2,2,44,6,6,0) [ 8.5154 ]
366:(44,2,3,44,6,6,0) [ 9.0094 ]
367:(45,2,3,44,6,6,0) [ 9.0938 ]
368:(46,2,1,44,6,6,0) [ 8.1902 ]
369:(44,2,1,44,6,6,0) [ 8.0214 ]
370:(46,2,2,45,5,5,0) [ 8.606200000000001 ]
371:(44,2,2,45,5,5,0) [ 8.4374 ]
372:(44,2,3,45,5,5,0) [ 8.9424 ]
373:(45,2,3,45,5,5,0) [ 9.0268 ]
374:(47,2,1,45,5,5,0) [ 8.1856 ]
375:(45,2,1,45,5,5,0) [ 8.0168 ]
376:(47,2,2,46,4,4,0) [ 8.612600000000002 ]
377:(45,2,2,46,4,4,0) [ 8.443800000000001 ]
378:(45,2,3,46,4,4,0) [ 8.9598 ]
379:(46,2,3,46,4,4,0) [ 9.044200000000002 ]
380:(48,2,1,46,4,4,0) [ 8.181 ]
381:(46,2,1,46,4,4,0) [ 8.0122 ]
382:(48,2,2,47,3,3,0) [ 8.619 ]
383:(46,2,2,47,3,3,0) [ 8.450200000000002 ]
384:(46,2,3,47,3,3,0) [ 8.9772 ]
385:(47,2,3,47,3,3,0) [ 9.061600000000002 ]
386:(48,2,1,47,3,3,0) [ 8.092 ]
387:(46,2,1,47,3,3,0) [ 7.9232000000000005 ]
388:(49,2,0,47,3,3,0) [ 7.6494 ]
389:(47,2,0,47,3,3,0) [ 7.4806 ]
390:(49,2,1,48,2,2,0) [ 8.0874 ]
391:(47,2,1,48,2,2,0) [ 7.9186000000000005 ]
392:(47,2,2,48,2,2,0) [ 8.4566 ]
393:(48,2,2,48,2,2,0) [ 8.540999999999999 ]
394:(49,2,0,48,2,2,0) [ 7.5494 ]
395:(47,2,0,48,2,2,0) [ 7.3806 ]
396:(49,2,1,49,1,1,0) [ 7.998399999999999 ]
397:(47,2,1,49,1,1,0) [ 7.8296 ]
398:(47,2,2,49,1,1,0) [ 8.3786 ]
399:(48,2,2,49,1,1,0) [ 8.463 ]
400:(50,2,0,49,1,1,0) [ 7.533799999999999 ]
401:(48,2,0,49,1,1,0) [ 7.364999999999999 ]
402:(50,2,1,50,0,0,0) [ 7.993799999999999 ]
403:(48,2,1,50,0,0,0) [ 7.824999999999999 ]
404:(48,2,2,50,0,0,0) [ 8.384999999999998 ]
405:(49,2,2,50,0,0,0) [ 8.4694 ]
406:(51,2,0,50,0,0,0) [ 7.518200000000001 ]
407:(49,2,0,50,0,0,0) [ 7.3494 ]
408:(24,2,1,0,50,50,0) [ 10.2494 TARGET ]
409:(23,2,2,0,50,50,0) [ 10.175 TARGET ]
410:(24,2,2,1,49,49,0) [ 10.1814 ]
411:(23,2,3,1,49,49,0) [ 10.118 ]
412:(24,2,3,2,48,48,0) [ 10.1354 ]
413:(23,2,4,2,48,48,0) [ 10.083 ]
414:(24,2,4,3,47,47,0) [ 10.1114 ]
415:(23,2,5,3,47,47,0) [ 10.07 ]
416:(24,2,5,4,46,46,0) [ 10.1094 ]
417:(23,2,6,4,46,46,0) [ 10.079 ]
418:(24,2,6,5,45,45,0) [ 10.1294 ]
419:(23,2,7,5,45,45,0) [ 10.11 ]
420:(24,2,7,6,44,44,0) [ 10.1714 ]
421:(23,2,8,6,44,44,0) [ 10.163 ]
422:(24,2,8,7,43,43,0) [ 10.235399999999998 ]
423:(23,2,9,7,43,43,0) [ 10.238 ]
424:(24,2,9,8,42,42,0) [ 10.3214 ]
425:(23,2,10,8,42,42,0) [ 10.335 ]
426:(24,2,8,8,42,42,0) [ 10.2234 ]
427:(24,2,9,9,41,41,0) [ 10.3204 ]
428:(23,2,10,9,41,41,0) [ 10.344999999999999 ]
429:(24,2,10,10,40,40,0) [ 10.4394 ]
430:(23,2,11,10,40,40,0) [ 10.475 ]
431:(25,2,9,10,40,40,0) [ 10.4038 ]
432:(25,2,10,11,39,39,0) [ 10.5338 ]
433:(24,2,11,11,39,39,0) [ 10.580400000000001 ]
434:(25,2,11,12,38,38,0) [ 10.6858 ]
435:(24,2,12,12,38,38,0) [ 10.743400000000001 ]
436:(25,2,12,13,37,37,0) [ 10.8598 ]
437:(24,2,13,13,37,37,0) [ 10.9284 ]
438:(25,2,13,14,36,36,0) [ 11.0558 ]
439:(24,2,14,14,36,36,0) [ 11.1354 ]
440:(25,2,14,15,35,35,0) [ 11.273800000000001 ]
441:(24,2,15,15,35,35,0) [ 11.3644 ]
442:(26,2,13,15,35,35,0) [ 11.1832 ]
443:(26,2,14,16,34,34,0) [ 11.4122 ]
444:(25,2,15,16,34,34,0) [ 11.5138 ]
445:(26,2,15,17,33,33,0) [ 11.6632 ]
446:(25,2,16,17,33,33,0) [ 11.7758 ]
447:(27,2,14,17,33,33,0) [ 11.550600000000001 ]
448:(27,2,15,18,32,32,0) [ 11.8126 ]
449:(26,2,16,18,32,32,0) [ 11.9362 ]
450:(27,2,16,19,31,31,0) [ 12.0966 ]
451:(26,2,17,19,31,31,0) [ 12.2312 ]
452:(27,2,15,19,31,31,0) [ 11.8776 ]
453:(27,2,16,20,30,30,0) [ 12.1726 ]
454:(26,2,17,20,30,30,0) [ 12.318200000000001 ]
455:(27,2,17,21,29,29,0) [ 12.489600000000001 ]
456:(26,2,18,21,29,29,0) [ 12.6462 ]
457:(27,2,16,21,29,29,0) [ 12.248600000000001 ]
458:(27,2,17,22,28,28,0) [ 12.576600000000001 ]
459:(26,2,18,22,28,28,0) [ 12.744200000000001 ]
460:(28,2,16,22,28,28,0) [ 12.409000000000002 ]
461:(28,2,17,23,27,27,0) [ 12.748000000000001 ]
462:(27,2,18,23,27,27,0) [ 12.9266 ]
463:(29,2,16,23,27,27,0) [ 12.569399999999998 ]
464:(29,2,17,24,26,26,0) [ 12.919399999999998 ]
465:(28,2,18,24,26,26,0) [ 13.109 ]
466:(29,2,18,25,25,25,0) [ 13.2914 ]
467:(28,2,19,25,25,25,0) [ 13.492 ]
468:(30,2,17,25,25,25,0) [ 13.0908 ]
469:(30,2,16,25,25,25,0) [ 12.8058 ]
470:(31,2,15,25,25,25,0) [ 12.6052 ]
471:(31,2,16,26,24,24,0) [ 12.966199999999999 ]
472:(30,2,17,26,24,24,0) [ 13.1778 ]
473:(31,2,17,27,23,23,0) [ 13.3492 ]
474:(30,2,18,27,23,23,0) [ 13.5718 ]
475:(31,2,18,28,22,22,0) [ 13.7542 ]
476:(30,2,19,28,22,22,0) [ 13.9878 ]
477:(31,2,17,28,22,22,0) [ 13.4362 ]
478:(32,2,16,28,22,22,0) [ 13.2026 ]
479:(33,2,15,28,22,22,0) [ 12.968999999999998 ]
480:(33,2,16,29,21,21,0) [ 13.363000000000001 ]
481:(32,2,17,29,21,21,0) [ 13.6076 ]
482:(33,2,15,29,21,21,0) [ 13.033999999999999 ]
483:(34,2,14,29,21,21,0) [ 12.789399999999999 ]
484:(34,2,13,29,21,21,0) [ 12.460399999999998 ]
485:(34,2,14,30,20,20,0) [ 12.843399999999999 ]
486:(33,2,15,30,20,20,0) [ 13.099 ]
487:(35,2,13,30,20,20,0) [ 12.587800000000001 ]
488:(35,2,14,31,19,19,0) [ 12.981800000000002 ]
489:(34,2,15,31,19,19,0) [ 13.248399999999998 ]
490:(35,2,15,32,18,18,0) [ 13.3978 ]
491:(34,2,16,32,18,18,0) [ 13.6754 ]
492:(36,2,14,32,18,18,0) [ 13.1202 ]
493:(37,2,13,32,18,18,0) [ 12.842600000000001 ]
494:(37,2,12,32,18,18,0) [ 12.480600000000003 ]
495:(37,2,11,32,18,18,0) [ 12.1186 ]
496:(37,2,10,32,18,18,0) [ 11.7566 ]
497:(37,2,11,33,17,17,0) [ 12.139599999999998 ]
498:(36,2,12,33,17,17,0) [ 12.4282 ]
499:(37,2,12,34,16,16,0) [ 12.5446 ]
500:(36,2,13,34,16,16,0) [ 12.844199999999999 ]
501:(37,2,11,34,16,16,0) [ 12.1606 ]
502:(38,2,10,34,16,16,0) [ 11.860999999999999 ]
503:(38,2,9,34,16,16,0) [ 11.476999999999999 ]
504:(38,2,10,35,15,15,0) [ 11.870999999999999 ]
505:(37,2,11,35,15,15,0) [ 12.1816 ]
506:(38,2,11,36,14,14,0) [ 12.287 ]
507:(37,2,12,36,14,14,0) [ 12.608600000000001 ]
508:(38,2,10,36,14,14,0) [ 11.881 ]
509:(38,2,11,37,13,13,0) [ 12.308 ]
510:(37,2,12,37,13,13,0) [ 12.640600000000003 ]
511:(39,2,10,37,13,13,0) [ 11.9754 ]
512:(40,2,9,37,13,13,0) [ 11.642800000000001 ]
513:(40,2,8,37,13,13,0) [ 11.2258 ]
514:(40,2,9,38,12,12,0) [ 11.6418 ]
515:(39,2,10,38,12,12,0) [ 11.985399999999998 ]
516:(41,2,8,38,12,12,0) [ 11.298200000000001 ]
517:(42,2,7,38,12,12,0) [ 10.9546 ]
518:(42,2,8,39,11,11,0) [ 11.3706 ]
519:(41,2,9,39,11,11,0) [ 11.7252 ]
520:(42,2,9,40,10,10,0) [ 11.808599999999998 ]
521:(41,2,10,40,10,10,0) [ 12.174199999999999 ]
522:(42,2,10,41,9,9,0) [ 12.268600000000001 ]
523:(41,2,11,41,9,9,0) [ 12.6452 ]
524:(43,2,9,41,9,9,0) [ 11.892 ]
525:(44,2,8,41,9,9,0) [ 11.515400000000001 ]
526:(45,2,7,41,9,9,0) [ 11.138800000000002 ]
527:(45,2,6,41,9,9,0) [ 10.6778 ]
528:(45,2,7,42,8,8,0) [ 11.1158 ]
529:(44,2,8,42,8,8,0) [ 11.5034 ]
530:(46,2,6,42,8,8,0) [ 10.728200000000001 ]
531:(46,2,5,42,8,8,0) [ 10.2562 ]
532:(46,2,4,42,8,8,0) [ 9.784200000000002 ]
533:(46,2,5,43,7,7,0) [ 10.211199999999998 ]
534:(45,2,6,43,7,7,0) [ 10.6098 ]
535:(46,2,4,43,7,7,0) [ 9.728200000000001 ]
536:(46,2,3,43,7,7,0) [ 9.2452 ]
537:(46,2,2,43,7,7,0) [ 8.7622 ]
538:(47,2,1,43,7,7,0) [ 8.3636 ]
539:(47,2,2,44,6,6,0) [ 8.768600000000001 ]
540:(46,2,3,44,6,6,0) [ 9.178199999999999 ]
541:(47,2,1,44,6,6,0) [ 8.274600000000001 ]
542:(47,2,2,45,5,5,0) [ 8.6906 ]
543:(46,2,3,45,5,5,0) [ 9.1112 ]
544:(48,2,1,45,5,5,0) [ 8.27 ]
545:(48,2,2,46,4,4,0) [ 8.697000000000001 ]
546:(47,2,3,46,4,4,0) [ 9.1286 ]
547:(49,2,1,46,4,4,0) [ 8.2654 ]
548:(49,2,2,47,3,3,0) [ 8.7034 ]
549:(48,2,3,47,3,3,0) [ 9.146 ]
550:(49,2,1,47,3,3,0) [ 8.176400000000001 ]
551:(50,2,0,47,3,3,0) [ 7.7338 ]
552:(50,2,1,48,2,2,0) [ 8.1718 ]
553:(49,2,2,48,2,2,0) [ 8.625399999999999 ]
554:(50,2,0,48,2,2,0) [ 7.6338 ]
555:(50,2,1,49,1,1,0) [ 8.082799999999999 ]
556:(49,2,2,49,1,1,0) [ 8.547399999999998 ]
557:(51,2,0,49,1,1,0) [ 7.618200000000001 ]
558:(51,2,1,50,0,0,0) [ 8.0782 ]
559:(50,2,2,50,0,0,0) [ 8.553799999999999 ]
560:(52,2,0,50,0,0,0) [ 7.602600000000001 ]
561:(25,2,1,0,50,50,0) [ 10.3338 TARGET ]
562:(24,2,2,0,50,50,0) [ 10.2594 TARGET ]
563:(25,2,2,1,49,49,0) [ 10.2658 ]
564:(24,2,3,1,49,49,0) [ 10.2024 ]
565:(25,2,3,2,48,48,0) [ 10.2198 ]
566:(24,2,4,2,48,48,0) [ 10.1674 ]
567:(25,2,4,3,47,47,0) [ 10.1958 ]
568:(24,2,5,3,47,47,0) [ 10.154399999999999 ]
569:(25,2,5,4,46,46,0) [ 10.1938 ]
570:(24,2,6,4,46,46,0) [ 10.1634 ]
571:(25,2,6,5,45,45,0) [ 10.213799999999999 ]
572:(24,2,7,5,45,45,0) [ 10.1944 ]
573:(25,2,7,6,44,44,0) [ 10.2558 ]
574:(24,2,8,6,44,44,0) [ 10.2474 ]
575:(25,2,8,7,43,43,0) [ 10.3198 ]
576:(24,2,9,7,43,43,0) [ 10.322399999999998 ]
577:(25,2,9,8,42,42,0) [ 10.4058 ]
578:(24,2,10,8,42,42,0) [ 10.4194 ]
579:(25,2,8,8,42,42,0) [ 10.3078 ]
580:(25,2,9,9,41,41,0) [ 10.404800000000002 ]
581:(24,2,10,9,41,41,0) [ 10.429400000000001 ]
582:(25,2,10,10,40,40,0) [ 10.5238 ]
583:(24,2,11,10,40,40,0) [ 10.5594 ]
584:(26,2,9,10,40,40,0) [ 10.488199999999999 ]
585:(26,2,10,11,39,39,0) [ 10.618200000000002 ]
586:(25,2,11,11,39,39,0) [ 10.6648 ]
587:(26,2,11,12,38,38,0) [ 10.7702 ]
588:(25,2,12,12,38,38,0) [ 10.8278 ]
589:(26,2,12,13,37,37,0) [ 10.9442 ]
590:(25,2,13,13,37,37,0) [ 11.012799999999999 ]
591:(26,2,13,14,36,36,0) [ 11.1402 ]
592:(25,2,14,14,36,36,0) [ 11.219800000000001 ]
593:(26,2,14,15,35,35,0) [ 11.3582 ]
594:(25,2,15,15,35,35,0) [ 11.448799999999999 ]
595:(27,2,13,15,35,35,0) [ 11.267600000000002 ]
596:(27,2,14,16,34,34,0) [ 11.4966 ]
597:(26,2,15,16,34,34,0) [ 11.5982 ]
598:(27,2,15,17,33,33,0) [ 11.747600000000002 ]
599:(26,2,16,17,33,33,0) [ 11.860200000000003 ]
600:(28,2,14,17,33,33,0) [ 11.635000000000002 ]
601:(28,2,15,18,32,32,0) [ 11.896999999999998 ]
602:(27,2,16,18,32,32,0) [ 12.020599999999998 ]
603:(28,2,16,19,31,31,0) [ 12.181 ]
604:(27,2,17,19,31,31,0) [ 12.3156 ]
605:(28,2,15,19,31,31,0) [ 11.962 ]
606:(28,2,16,20,30,30,0) [ 12.257000000000001 ]
607:(27,2,17,20,30,30,0) [ 12.4026 ]
608:(28,2,17,21,29,29,0) [ 12.574 ]
609:(27,2,18,21,29,29,0) [ 12.7306 ]
610:(28,2,16,21,29,29,0) [ 12.333 ]
611:(28,2,17,22,28,28,0) [ 12.661000000000001 ]
612:(27,2,18,22,28,28,0) [ 12.828600000000002 ]
613:(29,2,16,22,28,28,0) [ 12.493400000000001 ]
614:(29,2,17,23,27,27,0) [ 12.8324 ]
615:(28,2,18,23,27,27,0) [ 13.011 ]
616:(30,2,16,23,27,27,0) [ 12.6538 ]
617:(30,2,17,24,26,26,0) [ 13.0038 ]
618:(29,2,18,24,26,26,0) [ 13.193399999999999 ]
619:(30,2,18,25,25,25,0) [ 13.375799999999998 ]
620:(29,2,19,25,25,25,0) [ 13.5764 ]
621:(31,2,17,25,25,25,0) [ 13.1752 ]
622:(31,2,16,25,25,25,0) [ 12.8902 ]
623:(32,2,15,25,25,25,0) [ 12.689599999999999 ]
624:(32,2,16,26,24,24,0) [ 13.050600000000001 ]
625:(31,2,17,26,24,24,0) [ 13.262200000000002 ]
626:(32,2,17,27,23,23,0) [ 13.433600000000002 ]
627:(31,2,18,27,23,23,0) [ 13.656200000000002 ]
628:(32,2,18,28,22,22,0) [ 13.8386 ]
629:(31,2,19,28,22,22,0) [ 14.072199999999999 ]
630:(32,2,17,28,22,22,0) [ 13.520599999999998 ]
631:(33,2,16,28,22,22,0) [ 13.286999999999999 ]
632:(34,2,15,28,22,22,0) [ 13.0534 ]
633:(34,2,16,29,21,21,0) [ 13.4474 ]
634:(33,2,17,29,21,21,0) [ 13.691999999999998 ]
635:(34,2,15,29,21,21,0) [ 13.1184 ]
636:(35,2,14,29,21,21,0) [ 12.873800000000001 ]
637:(35,2,13,29,21,21,0) [ 12.5448 ]
638:(35,2,14,30,20,20,0) [ 12.927800000000001 ]
639:(34,2,15,30,20,20,0) [ 13.183399999999999 ]
640:(36,2,13,30,20,20,0) [ 12.6722 ]
641:(36,2,14,31,19,19,0) [ 13.0662 ]
642:(35,2,15,31,19,19,0) [ 13.3328 ]
643:(36,2,15,32,18,18,0) [ 13.482199999999999 ]
644:(35,2,16,32,18,18,0) [ 13.759800000000002 ]
645:(37,2,14,32,18,18,0) [ 13.204600000000003 ]
646:(38,2,13,32,18,18,0) [ 12.927 ]
647:(38,2,12,32,18,18,0) [ 12.565000000000001 ]
648:(38,2,11,32,18,18,0) [ 12.203 ]
649:(38,2,10,32,18,18,0) [ 11.841000000000001 ]
650:(38,2,11,33,17,17,0) [ 12.224 ]
651:(37,2,12,33,17,17,0) [ 12.512599999999999 ]
652:(38,2,12,34,16,16,0) [ 12.629 ]
653:(37,2,13,34,16,16,0) [ 12.928599999999998 ]
654:(38,2,11,34,16,16,0) [ 12.245 ]
655:(39,2,10,34,16,16,0) [ 11.9454 ]
656:(39,2,9,34,16,16,0) [ 11.5614 ]
657:(39,2,10,35,15,15,0) [ 11.955400000000001 ]
658:(38,2,11,35,15,15,0) [ 12.265999999999998 ]
659:(39,2,11,36,14,14,0) [ 12.3714 ]
660:(38,2,12,36,14,14,0) [ 12.693000000000003 ]
661:(39,2,10,36,14,14,0) [ 11.9654 ]
662:(39,2,11,37,13,13,0) [ 12.392400000000002 ]
663:(38,2,12,37,13,13,0) [ 12.725000000000001 ]
664:(40,2,10,37,13,13,0) [ 12.0598 ]
665:(41,2,9,37,13,13,0) [ 11.7272 ]
666:(41,2,8,37,13,13,0) [ 11.310200000000002 ]
667:(41,2,9,38,12,12,0) [ 11.726199999999999 ]
668:(40,2,10,38,12,12,0) [ 12.0698 ]
669:(42,2,8,38,12,12,0) [ 11.3826 ]
670:(43,2,7,38,12,12,0) [ 11.038999999999998 ]
671:(43,2,8,39,11,11,0) [ 11.455 ]
672:(42,2,9,39,11,11,0) [ 11.809599999999998 ]
673:(43,2,9,40,10,10,0) [ 11.893 ]
674:(42,2,10,40,10,10,0) [ 12.258600000000001 ]
675:(43,2,10,41,9,9,0) [ 12.353 ]
676:(42,2,11,41,9,9,0) [ 12.7296 ]
677:(44,2,9,41,9,9,0) [ 11.9764 ]
678:(45,2,8,41,9,9,0) [ 11.5998 ]
679:(46,2,7,41,9,9,0) [ 11.2232 ]
680:(46,2,6,41,9,9,0) [ 10.762200000000002 ]
681:(46,2,7,42,8,8,0) [ 11.200200000000002 ]
682:(45,2,8,42,8,8,0) [ 11.587800000000001 ]
683:(47,2,6,42,8,8,0) [ 10.812600000000002 ]
684:(47,2,5,42,8,8,0) [ 10.340600000000002 ]
685:(47,2,4,42,8,8,0) [ 9.8686 ]
686:(47,2,5,43,7,7,0) [ 10.2956 ]
687:(46,2,6,43,7,7,0) [ 10.694199999999999 ]
688:(47,2,4,43,7,7,0) [ 9.8126 ]
689:(47,2,3,43,7,7,0) [ 9.3296 ]
690:(47,2,2,43,7,7,0) [ 8.846599999999999 ]
691:(48,2,1,43,7,7,0) [ 8.447999999999999 ]
692:(48,2,2,44,6,6,0) [ 8.853 ]
693:(47,2,3,44,6,6,0) [ 9.2626 ]
694:(48,2,1,44,6,6,0) [ 8.359 ]
695:(48,2,2,45,5,5,0) [ 8.774999999999999 ]
696:(47,2,3,45,5,5,0) [ 9.1956 ]
697:(49,2,1,45,5,5,0) [ 8.3544 ]
698:(49,2,2,46,4,4,0) [ 8.7814 ]
699:(48,2,3,46,4,4,0) [ 9.213 ]
700:(50,2,1,46,4,4,0) [ 8.3498 ]
701:(50,2,2,47,3,3,0) [ 8.7878 ]
702:(49,2,3,47,3,3,0) [ 9.230400000000001 ]
703:(50,2,1,47,3,3,0) [ 8.2608 ]
704:(51,2,0,47,3,3,0) [ 7.818200000000001 ]
705:(51,2,1,48,2,2,0) [ 8.2562 ]
706:(50,2,2,48,2,2,0) [ 8.709799999999998 ]
707:(51,2,0,48,2,2,0) [ 7.718200000000001 ]
708:(51,2,1,49,1,1,0) [ 8.1672 ]
709:(50,2,2,49,1,1,0) [ 8.6318 ]
710:(52,2,0,49,1,1,0) [ 7.7026 ]
711:(52,2,1,50,0,0,0) [ 8.162600000000001 ]
712:(51,2,2,50,0,0,0) [ 8.638200000000001 ]
713:(53,2,0,50,0,0,0) [ 7.687 ]
714:(21,2,3,0,50,50,0) [ 10.0162 TARGET ]
715:(22,2,3,0,50,50,0) [ 10.1006 TARGET ]
716:(21,2,4,1,49,49,0) [ 9.9702 ]
717:(22,2,4,1,49,49,0) [ 10.0546 ]
718:(21,2,5,2,48,48,0) [ 9.946200000000001 ]
719:(22,2,5,2,48,48,0) [ 10.0306 ]
720:(21,2,6,3,47,47,0) [ 9.9442 ]
721:(22,2,6,3,47,47,0) [ 10.0286 ]
722:(21,2,7,4,46,46,0) [ 9.964200000000002 ]
723:(22,2,7,4,46,46,0) [ 10.0486 ]
724:(21,2,8,5,45,45,0) [ 10.0062 ]
725:(22,2,8,5,45,45,0) [ 10.0906 ]
726:(21,2,9,6,44,44,0) [ 10.0702 ]
727:(22,2,9,6,44,44,0) [ 10.1546 ]
728:(21,2,10,7,43,43,0) [ 10.156199999999998 ]
729:(22,2,10,7,43,43,0) [ 10.2406 ]
730:(21,2,11,8,42,42,0) [ 10.264199999999999 ]
731:(22,2,11,8,42,42,0) [ 10.348600000000001 ]
732:(21,2,11,9,41,41,0) [ 10.2852 ]
733:(22,2,11,9,41,41,0) [ 10.369600000000002 ]
734:(21,2,12,10,40,40,0) [ 10.4262 ]
735:(22,2,12,10,40,40,0) [ 10.5106 ]
736:(22,2,12,11,39,39,0) [ 10.5426 ]
737:(23,2,12,11,39,39,0) [ 10.627 ]
738:(22,2,13,12,38,38,0) [ 10.7166 ]
739:(23,2,13,12,38,38,0) [ 10.801 ]
740:(22,2,14,13,37,37,0) [ 10.9126 ]
741:(23,2,14,13,37,37,0) [ 10.997 ]
742:(22,2,15,14,36,36,0) [ 11.1306 ]
743:(23,2,15,14,36,36,0) [ 11.215 ]
744:(22,2,16,15,35,35,0) [ 11.3706 ]
745:(23,2,16,15,35,35,0) [ 11.454999999999998 ]
746:(23,2,16,16,34,34,0) [ 11.531 ]
747:(24,2,16,16,34,34,0) [ 11.6154 ]
748:(23,2,17,17,33,33,0) [ 11.804000000000002 ]
749:(24,2,17,17,33,33,0) [ 11.8884 ]
750:(24,2,17,18,32,32,0) [ 11.9754 ]
751:(25,2,17,18,32,32,0) [ 12.0598 ]
752:(24,2,18,19,31,31,0) [ 12.2814 ]
753:(25,2,18,19,31,31,0) [ 12.365799999999998 ]
754:(24,2,18,20,30,30,0) [ 12.3794 ]
755:(25,2,18,20,30,30,0) [ 12.463799999999999 ]
756:(24,2,19,21,29,29,0) [ 12.7184 ]
757:(25,2,19,21,29,29,0) [ 12.8028 ]
758:(24,2,19,22,28,28,0) [ 12.8274 ]
759:(25,2,19,22,28,28,0) [ 12.9118 ]
760:(25,2,19,23,27,27,0) [ 13.020799999999998 ]
761:(26,2,19,23,27,27,0) [ 13.1052 ]
762:(26,2,19,24,26,26,0) [ 13.2142 ]
763:(27,2,19,24,26,26,0) [ 13.298599999999999 ]
764:(26,2,20,25,25,25,0) [ 13.6082 ]
765:(27,2,20,25,25,25,0) [ 13.692599999999999 ]
766:(28,2,18,26,24,24,0) [ 13.305000000000001 ]
767:(29,2,18,26,24,24,0) [ 13.3894 ]
768:(28,2,19,27,23,23,0) [ 13.71 ]
769:(29,2,19,27,23,23,0) [ 13.7944 ]
770:(28,2,20,28,22,22,0) [ 14.137 ]
771:(29,2,20,28,22,22,0) [ 14.2214 ]
772:(30,2,18,29,21,21,0) [ 13.7678 ]
773:(31,2,18,29,21,21,0) [ 13.852199999999998 ]
774:(31,2,16,30,20,20,0) [ 13.270199999999999 ]
775:(32,2,16,30,20,20,0) [ 13.354600000000001 ]
776:(32,2,16,31,19,19,0) [ 13.4306 ]
777:(33,2,16,31,19,19,0) [ 13.514999999999999 ]
778:(32,2,17,32,18,18,0) [ 13.8686 ]
779:(33,2,17,32,18,18,0) [ 13.953 ]
780:(34,2,13,33,17,17,0) [ 12.6324 ]
781:(35,2,13,33,17,17,0) [ 12.7168 ]
782:(34,2,14,34,16,16,0) [ 13.059399999999998 ]
783:(35,2,14,34,16,16,0) [ 13.1438 ]
784:(35,2,12,35,15,15,0) [ 12.407800000000002 ]
785:(36,2,12,35,15,15,0) [ 12.4922 ]
786:(35,2,13,36,14,14,0) [ 12.845799999999999 ]
787:(36,2,13,36,14,14,0) [ 12.930200000000001 ]
788:(35,2,13,37,13,13,0) [ 12.8888 ]
789:(36,2,13,37,13,13,0) [ 12.973200000000002 ]
790:(37,2,11,38,12,12,0) [ 12.244599999999998 ]
791:(38,2,11,38,12,12,0) [ 12.329 ]
792:(39,2,10,39,11,11,0) [ 11.995399999999998 ]
793:(40,2,10,39,11,11,0) [ 12.0798 ]
794:(39,2,11,40,10,10,0) [ 12.455400000000001 ]
795:(40,2,11,40,10,10,0) [ 12.5398 ]
796:(39,2,12,41,9,9,0) [ 12.937400000000002 ]
797:(40,2,12,41,9,9,0) [ 13.0218 ]
798:(42,2,9,42,8,8,0) [ 11.8066 ]
799:(43,2,9,42,8,8,0) [ 11.891 ]
800:(43,2,7,43,7,7,0) [ 10.924 ]
801:(44,2,7,43,7,7,0) [ 11.008399999999998 ]
802:(44,2,4,44,6,6,0) [ 9.503400000000001 ]
803:(45,2,4,44,6,6,0) [ 9.5878 ]
804:(44,2,4,45,5,5,0) [ 9.4474 ]
805:(45,2,4,45,5,5,0) [ 9.5318 ]
806:(45,2,4,46,4,4,0) [ 9.475800000000001 ]
807:(46,2,4,46,4,4,0) [ 9.5602 ]
808:(46,2,4,47,3,3,0) [ 9.5042 ]
809:(47,2,4,47,3,3,0) [ 9.5886 ]
810:(47,2,3,48,2,2,0) [ 8.994599999999998 ]
811:(48,2,3,48,2,2,0) [ 9.079 ]
812:(47,2,3,49,1,1,0) [ 8.9276 ]
813:(48,2,3,49,1,1,0) [ 9.011999999999999 ]
814:(48,2,3,50,0,0,0) [ 8.945 ]
815:(49,2,3,50,0,0,0) [ 9.0294 ]
816:(23,2,3,0,50,50,0) [ 10.185 TARGET ]
817:(23,2,4,1,49,49,0) [ 10.139 ]
818:(23,2,5,2,48,48,0) [ 10.115 ]
819:(23,2,6,3,47,47,0) [ 10.113 ]
820:(23,2,7,4,46,46,0) [ 10.133 ]
821:(23,2,8,5,45,45,0) [ 10.175 ]
822:(23,2,9,6,44,44,0) [ 10.239 ]
823:(23,2,10,7,43,43,0) [ 10.325 ]
824:(23,2,11,8,42,42,0) [ 10.433 ]
825:(23,2,11,9,41,41,0) [ 10.454 ]
826:(23,2,12,10,40,40,0) [ 10.594999999999999 ]
827:(24,2,12,11,39,39,0) [ 10.711400000000001 ]
828:(24,2,13,12,38,38,0) [ 10.8854 ]
829:(24,2,14,13,37,37,0) [ 11.0814 ]
830:(24,2,15,14,36,36,0) [ 11.2994 ]
831:(24,2,16,15,35,35,0) [ 11.5394 ]
832:(25,2,16,16,34,34,0) [ 11.699800000000002 ]
833:(25,2,17,17,33,33,0) [ 11.9728 ]
834:(26,2,17,18,32,32,0) [ 12.144200000000001 ]
835:(26,2,18,19,31,31,0) [ 12.4502 ]
836:(26,2,18,20,30,30,0) [ 12.548200000000001 ]
837:(26,2,19,21,29,29,0) [ 12.887200000000002 ]
838:(26,2,19,22,28,28,0) [ 12.996200000000002 ]
839:(27,2,19,23,27,27,0) [ 13.189599999999999 ]
840:(28,2,19,24,26,26,0) [ 13.383000000000001 ]
841:(28,2,20,25,25,25,0) [ 13.777000000000001 ]
842:(30,2,18,26,24,24,0) [ 13.473799999999999 ]
843:(30,2,19,27,23,23,0) [ 13.878800000000002 ]
844:(30,2,20,28,22,22,0) [ 14.305799999999998 ]
845:(32,2,18,29,21,21,0) [ 13.9366 ]
846:(33,2,16,30,20,20,0) [ 13.439 ]
847:(34,2,16,31,19,19,0) [ 13.599400000000001 ]
848:(34,2,17,32,18,18,0) [ 14.037400000000002 ]
849:(36,2,13,33,17,17,0) [ 12.801199999999998 ]
850:(36,2,14,34,16,16,0) [ 13.2282 ]
851:(37,2,12,35,15,15,0) [ 12.5766 ]
852:(37,2,13,36,14,14,0) [ 13.0146 ]
853:(37,2,13,37,13,13,0) [ 13.0576 ]
854:(39,2,11,38,12,12,0) [ 12.4134 ]
855:(41,2,10,39,11,11,0) [ 12.1642 ]
856:(41,2,11,40,10,10,0) [ 12.624200000000002 ]
857:(41,2,12,41,9,9,0) [ 13.1062 ]
858:(44,2,9,42,8,8,0) [ 11.9754 ]
859:(45,2,7,43,7,7,0) [ 11.0928 ]
860:(46,2,4,44,6,6,0) [ 9.6722 ]
861:(46,2,4,45,5,5,0) [ 9.6162 ]
862:(47,2,4,46,4,4,0) [ 9.6446 ]
863:(48,2,4,47,3,3,0) [ 9.673000000000002 ]
864:(49,2,3,48,2,2,0) [ 9.1634 ]
865:(49,2,3,49,1,1,0) [ 9.096400000000001 ]
866:(50,2,3,50,0,0,0) [ 9.113800000000001 ]
867:(20,2,1,0,50,50,0) [ 9.9118 TARGET ]
868:(20,2,2,0,50,50,0) [ 9.921800000000001 TARGET ]
869:(20,2,2,1,49,49,0) [ 9.843800000000002 ]
870:(20,2,3,1,49,49,0) [ 9.8648 ]
871:(20,2,3,2,48,48,0) [ 9.7978 ]
872:(20,2,4,2,48,48,0) [ 9.8298 ]
873:(20,2,4,3,47,47,0) [ 9.773800000000001 ]
874:(20,2,5,3,47,47,0) [ 9.8168 ]
875:(20,2,5,4,46,46,0) [ 9.7718 ]
876:(20,2,6,4,46,46,0) [ 9.825800000000001 ]
877:(20,2,6,5,45,45,0) [ 9.7918 ]
878:(20,2,7,5,45,45,0) [ 9.8568 ]
879:(20,2,7,6,44,44,0) [ 9.8338 ]
880:(20,2,8,6,44,44,0) [ 9.9098 ]
881:(20,2,8,7,43,43,0) [ 9.8978 ]
882:(20,2,9,7,43,43,0) [ 9.9848 ]
883:(20,2,9,8,42,42,0) [ 9.9838 ]
884:(20,2,10,8,42,42,0) [ 10.081800000000001 ]
885:(20,2,8,8,42,42,0) [ 9.8858 ]
886:(20,2,9,9,41,41,0) [ 9.982800000000001 ]
887:(20,2,10,9,41,41,0) [ 10.0918 ]
888:(20,2,10,10,40,40,0) [ 10.1018 ]
889:(20,2,11,10,40,40,0) [ 10.2218 ]
890:(21,2,9,10,40,40,0) [ 10.0662 ]
891:(21,2,10,11,39,39,0) [ 10.196200000000001 ]
892:(21,2,11,11,39,39,0) [ 10.327200000000001 ]
893:(21,2,11,12,38,38,0) [ 10.3482 ]
894:(21,2,12,12,38,38,0) [ 10.4902 ]
895:(21,2,12,13,37,37,0) [ 10.522200000000002 ]
896:(21,2,13,13,37,37,0) [ 10.6752 ]
897:(21,2,13,14,36,36,0) [ 10.7182 ]
898:(21,2,14,14,36,36,0) [ 10.882200000000001 ]
899:(21,2,14,15,35,35,0) [ 10.9362 ]
900:(21,2,15,15,35,35,0) [ 11.1112 ]
901:(22,2,13,15,35,35,0) [ 10.845600000000001 ]
902:(22,2,14,16,34,34,0) [ 11.0746 ]
903:(22,2,15,16,34,34,0) [ 11.2606 ]
904:(22,2,15,17,33,33,0) [ 11.325600000000001 ]
905:(22,2,16,17,33,33,0) [ 11.5226 ]
906:(23,2,14,17,33,33,0) [ 11.213 ]
907:(23,2,15,18,32,32,0) [ 11.474999999999998 ]
908:(23,2,16,18,32,32,0) [ 11.683 ]
909:(23,2,16,19,31,31,0) [ 11.758999999999999 ]
910:(23,2,17,19,31,31,0) [ 11.978 ]
911:(23,2,15,19,31,31,0) [ 11.540000000000001 ]
912:(23,2,16,20,30,30,0) [ 11.835 ]
913:(23,2,17,20,30,30,0) [ 12.065000000000001 ]
914:(23,2,17,21,29,29,0) [ 12.152 ]
915:(23,2,18,21,29,29,0) [ 12.392999999999999 ]
916:(23,2,16,21,29,29,0) [ 11.911 ]
917:(23,2,17,22,28,28,0) [ 12.239 ]
918:(23,2,18,22,28,28,0) [ 12.491 ]
919:(24,2,16,22,28,28,0) [ 12.0714 ]
920:(24,2,17,23,27,27,0) [ 12.4104 ]
921:(24,2,18,23,27,27,0) [ 12.673399999999997 ]
922:(25,2,16,23,27,27,0) [ 12.2318 ]
923:(25,2,17,24,26,26,0) [ 12.5818 ]
924:(25,2,18,24,26,26,0) [ 12.8558 ]
925:(25,2,18,25,25,25,0) [ 12.9538 ]
926:(25,2,19,25,25,25,0) [ 13.2388 ]
927:(26,2,17,25,25,25,0) [ 12.7532 ]
928:(26,2,16,25,25,25,0) [ 12.4682 ]
929:(27,2,15,25,25,25,0) [ 12.267599999999998 ]
930:(27,2,16,26,24,24,0) [ 12.6286 ]
931:(27,2,17,26,24,24,0) [ 12.9246 ]
932:(27,2,17,27,23,23,0) [ 13.011600000000001 ]
933:(27,2,18,27,23,23,0) [ 13.3186 ]
934:(27,2,18,28,22,22,0) [ 13.416599999999999 ]
935:(27,2,19,28,22,22,0) [ 13.7346 ]
936:(27,2,17,28,22,22,0) [ 13.098600000000001 ]
937:(28,2,16,28,22,22,0) [ 12.864999999999998 ]
938:(29,2,15,28,22,22,0) [ 12.6314 ]
939:(29,2,16,29,21,21,0) [ 13.0254 ]
940:(29,2,17,29,21,21,0) [ 13.3544 ]
941:(29,2,15,29,21,21,0) [ 12.696399999999999 ]
942:(30,2,14,29,21,21,0) [ 12.4518 ]
943:(30,2,13,29,21,21,0) [ 12.1228 ]
944:(30,2,14,30,20,20,0) [ 12.5058 ]
945:(30,2,15,30,20,20,0) [ 12.8458 ]
946:(31,2,13,30,20,20,0) [ 12.2502 ]
947:(31,2,14,31,19,19,0) [ 12.6442 ]
948:(31,2,15,31,19,19,0) [ 12.995199999999999 ]
949:(31,2,15,32,18,18,0) [ 13.060200000000002 ]
950:(31,2,16,32,18,18,0) [ 13.4222 ]
951:(32,2,14,32,18,18,0) [ 12.782600000000002 ]
952:(33,2,13,32,18,18,0) [ 12.504999999999999 ]
953:(33,2,12,32,18,18,0) [ 12.143 ]
954:(33,2,11,32,18,18,0) [ 11.781 ]
955:(33,2,10,32,18,18,0) [ 11.419 ]
956:(33,2,11,33,17,17,0) [ 11.802 ]
957:(33,2,12,33,17,17,0) [ 12.175 ]
958:(33,2,12,34,16,16,0) [ 12.206999999999999 ]
959:(33,2,13,34,16,16,0) [ 12.591 ]
960:(33,2,11,34,16,16,0) [ 11.822999999999999 ]
961:(34,2,10,34,16,16,0) [ 11.5234 ]
962:(34,2,9,34,16,16,0) [ 11.1394 ]
963:(34,2,10,35,15,15,0) [ 11.5334 ]
964:(34,2,11,35,15,15,0) [ 11.9284 ]
965:(34,2,11,36,14,14,0) [ 11.949399999999999 ]
966:(34,2,12,36,14,14,0) [ 12.355400000000001 ]
967:(34,2,10,36,14,14,0) [ 11.5434 ]
968:(34,2,11,37,13,13,0) [ 11.970400000000001 ]
969:(34,2,12,37,13,13,0) [ 12.387400000000001 ]
970:(35,2,10,37,13,13,0) [ 11.6378 ]
971:(36,2,9,37,13,13,0) [ 11.3052 ]
972:(36,2,8,37,13,13,0) [ 10.888200000000001 ]
973:(36,2,9,38,12,12,0) [ 11.304199999999998 ]
974:(36,2,10,38,12,12,0) [ 11.732199999999999 ]
975:(37,2,8,38,12,12,0) [ 10.9606 ]
976:(38,2,7,38,12,12,0) [ 10.617 ]
977:(38,2,8,39,11,11,0) [ 11.033 ]
978:(38,2,9,39,11,11,0) [ 11.472 ]
979:(38,2,9,40,10,10,0) [ 11.471 ]
980:(38,2,10,40,10,10,0) [ 11.921 ]
981:(38,2,10,41,9,9,0) [ 11.931 ]
982:(38,2,11,41,9,9,0) [ 12.392000000000001 ]
983:(39,2,9,41,9,9,0) [ 11.5544 ]
984:(40,2,8,41,9,9,0) [ 11.1778 ]
985:(41,2,7,41,9,9,0) [ 10.8012 ]
986:(41,2,6,41,9,9,0) [ 10.340200000000001 ]
987:(41,2,7,42,8,8,0) [ 10.778200000000002 ]
988:(41,2,8,42,8,8,0) [ 11.2502 ]
989:(42,2,6,42,8,8,0) [ 10.390600000000001 ]
990:(42,2,5,42,8,8,0) [ 9.918600000000001 ]
991:(42,2,4,42,8,8,0) [ 9.4466 ]
992:(42,2,5,43,7,7,0) [ 9.8736 ]
993:(42,2,6,43,7,7,0) [ 10.3566 ]
994:(42,2,4,43,7,7,0) [ 9.3906 ]
995:(42,2,3,43,7,7,0) [ 8.907599999999999 ]
996:(42,2,2,43,7,7,0) [ 8.4246 ]
997:(43,2,1,43,7,7,0) [ 8.026 ]
998:(43,2,2,44,6,6,0) [ 8.431000000000001 ]
999:(43,2,3,44,6,6,0) [ 8.924999999999999 ]
1000:(43,2,1,44,6,6,0) [ 7.936999999999999 ]
1001:(43,2,2,45,5,5,0) [ 8.353 ]
1002:(43,2,3,45,5,5,0) [ 8.858 ]
1003:(44,2,1,45,5,5,0) [ 7.9323999999999995 ]
1004:(44,2,2,46,4,4,0) [ 8.359399999999999 ]
1005:(44,2,3,46,4,4,0) [ 8.8754 ]
1006:(45,2,1,46,4,4,0) [ 7.9278 ]
1007:(45,2,2,47,3,3,0) [ 8.3658 ]
1008:(45,2,3,47,3,3,0) [ 8.892800000000001 ]
1009:(45,2,1,47,3,3,0) [ 7.8388 ]
1010:(46,2,0,47,3,3,0) [ 7.3962 ]
1011:(46,2,1,48,2,2,0) [ 7.834200000000001 ]
1012:(46,2,2,48,2,2,0) [ 8.3722 ]
1013:(46,2,0,48,2,2,0) [ 7.296200000000001 ]
1014:(46,2,1,49,1,1,0) [ 7.7452 ]
1015:(46,2,2,49,1,1,0) [ 8.2942 ]
1016:(47,2,0,49,1,1,0) [ 7.2806 ]
1017:(47,2,1,50,0,0,0) [ 7.740600000000001 ]
1018:(47,2,2,50,0,0,0) [ 8.3006 ]
1019:(48,2,0,50,0,0,0) [ 7.265 ]
1020:(19,2,1,0,50,50,0) [ 9.8274 ]
1021:(19,2,2,0,50,50,0) [ 9.8374 ]
1022:(19,2,2,1,49,49,0) [ 9.7594 ]
1023:(19,2,3,1,49,49,0) [ 9.7804 ]
1024:(19,2,3,2,48,48,0) [ 9.7134 ]
1025:(19,2,4,2,48,48,0) [ 9.7454 ]
1026:(19,2,4,3,47,47,0) [ 9.6894 ]
1027:(19,2,5,3,47,47,0) [ 9.7324 ]
1028:(19,2,5,4,46,46,0) [ 9.6874 ]
1029:(19,2,6,4,46,46,0) [ 9.7414 ]
1030:(19,2,6,5,45,45,0) [ 9.7074 ]
1031:(19,2,7,5,45,45,0) [ 9.772400000000001 ]
1032:(19,2,7,6,44,44,0) [ 9.749400000000001 ]
1033:(19,2,8,6,44,44,0) [ 9.8254 ]
1034:(19,2,8,7,43,43,0) [ 9.813400000000001 ]
1035:(19,2,9,7,43,43,0) [ 9.900400000000001 ]
1036:(19,2,9,8,42,42,0) [ 9.8994 ]
1037:(19,2,10,8,42,42,0) [ 9.997399999999999 ]
1038:(19,2,8,8,42,42,0) [ 9.801400000000001 ]
1039:(19,2,9,9,41,41,0) [ 9.8984 ]
1040:(19,2,10,9,41,41,0) [ 10.0074 ]
1041:(19,2,10,10,40,40,0) [ 10.0174 ]
1042:(19,2,11,10,40,40,0) [ 10.1374 ]
1043:(20,2,9,10,40,40,0) [ 9.9818 ]
1044:(20,2,10,11,39,39,0) [ 10.1118 ]
1045:(20,2,11,11,39,39,0) [ 10.2428 ]
1046:(20,2,11,12,38,38,0) [ 10.2638 ]
1047:(20,2,12,12,38,38,0) [ 10.405800000000001 ]
1048:(20,2,12,13,37,37,0) [ 10.4378 ]
1049:(20,2,13,13,37,37,0) [ 10.5908 ]
1050:(20,2,13,14,36,36,0) [ 10.633799999999999 ]
1051:(20,2,14,14,36,36,0) [ 10.7978 ]
1052:(20,2,14,15,35,35,0) [ 10.8518 ]
1053:(20,2,15,15,35,35,0) [ 11.0268 ]
1054:(21,2,13,15,35,35,0) [ 10.761199999999999 ]
1055:(21,2,14,16,34,34,0) [ 10.990200000000002 ]
1056:(21,2,15,16,34,34,0) [ 11.1762 ]
1057:(21,2,15,17,33,33,0) [ 11.2412 ]
1058:(21,2,16,17,33,33,0) [ 11.438200000000002 ]
1059:(22,2,14,17,33,33,0) [ 11.1286 ]
1060:(22,2,15,18,32,32,0) [ 11.3906 ]
1061:(22,2,16,18,32,32,0) [ 11.598599999999998 ]
1062:(22,2,16,19,31,31,0) [ 11.6746 ]
1063:(22,2,17,19,31,31,0) [ 11.893600000000001 ]
1064:(22,2,15,19,31,31,0) [ 11.455599999999999 ]
1065:(22,2,16,20,30,30,0) [ 11.750599999999999 ]
1066:(22,2,17,20,30,30,0) [ 11.980599999999999 ]
1067:(22,2,17,21,29,29,0) [ 12.0676 ]
1068:(22,2,18,21,29,29,0) [ 12.3086 ]
1069:(22,2,16,21,29,29,0) [ 11.826600000000001 ]
1070:(22,2,17,22,28,28,0) [ 12.154600000000002 ]
1071:(22,2,18,22,28,28,0) [ 12.406600000000001 ]
1072:(23,2,16,22,28,28,0) [ 11.987000000000002 ]
1073:(23,2,17,23,27,27,0) [ 12.326 ]
1074:(23,2,18,23,27,27,0) [ 12.588999999999999 ]
1075:(24,2,16,23,27,27,0) [ 12.147400000000001 ]
1076:(24,2,17,24,26,26,0) [ 12.497399999999999 ]
1077:(24,2,18,24,26,26,0) [ 12.771399999999998 ]
1078:(24,2,18,25,25,25,0) [ 12.869399999999999 ]
1079:(24,2,19,25,25,25,0) [ 13.154399999999999 ]
1080:(25,2,17,25,25,25,0) [ 12.668800000000001 ]
1081:(25,2,16,25,25,25,0) [ 12.3838 ]
1082:(26,2,15,25,25,25,0) [ 12.1832 ]
1083:(26,2,16,26,24,24,0) [ 12.544200000000002 ]
1084:(26,2,17,26,24,24,0) [ 12.840200000000001 ]
1085:(26,2,17,27,23,23,0) [ 12.927200000000003 ]
1086:(26,2,18,27,23,23,0) [ 13.234200000000001 ]
1087:(26,2,18,28,22,22,0) [ 13.3322 ]
1088:(26,2,19,28,22,22,0) [ 13.650199999999998 ]
1089:(26,2,17,28,22,22,0) [ 13.014199999999999 ]
1090:(27,2,16,28,22,22,0) [ 12.7806 ]
1091:(28,2,15,28,22,22,0) [ 12.547 ]
1092:(28,2,16,29,21,21,0) [ 12.941 ]
1093:(28,2,17,29,21,21,0) [ 13.270000000000001 ]
1094:(28,2,15,29,21,21,0) [ 12.612 ]
1095:(29,2,14,29,21,21,0) [ 12.3674 ]
1096:(29,2,13,29,21,21,0) [ 12.038399999999998 ]
1097:(29,2,14,30,20,20,0) [ 12.4214 ]
1098:(29,2,15,30,20,20,0) [ 12.761399999999998 ]
1099:(30,2,13,30,20,20,0) [ 12.1658 ]
1100:(30,2,14,31,19,19,0) [ 12.559800000000001 ]
1101:(30,2,15,31,19,19,0) [ 12.9108 ]
1102:(30,2,15,32,18,18,0) [ 12.9758 ]
1103:(30,2,16,32,18,18,0) [ 13.337800000000001 ]
1104:(31,2,14,32,18,18,0) [ 12.6982 ]
1105:(32,2,13,32,18,18,0) [ 12.4206 ]
1106:(32,2,12,32,18,18,0) [ 12.058600000000002 ]
1107:(32,2,11,32,18,18,0) [ 11.6966 ]
1108:(32,2,10,32,18,18,0) [ 11.334600000000002 ]
1109:(32,2,11,33,17,17,0) [ 11.717600000000001 ]
1110:(32,2,12,33,17,17,0) [ 12.090599999999998 ]
1111:(32,2,12,34,16,16,0) [ 12.1226 ]
1112:(32,2,13,34,16,16,0) [ 12.506599999999999 ]
1113:(32,2,11,34,16,16,0) [ 11.7386 ]
1114:(33,2,10,34,16,16,0) [ 11.438999999999998 ]
1115:(33,2,9,34,16,16,0) [ 11.054999999999998 ]
1116:(33,2,10,35,15,15,0) [ 11.449 ]
1117:(33,2,11,35,15,15,0) [ 11.844 ]
1118:(33,2,11,36,14,14,0) [ 11.865 ]
1119:(33,2,12,36,14,14,0) [ 12.271000000000003 ]
1120:(33,2,10,36,14,14,0) [ 11.459000000000001 ]
1121:(33,2,11,37,13,13,0) [ 11.886000000000001 ]
1122:(33,2,12,37,13,13,0) [ 12.303 ]
1123:(34,2,10,37,13,13,0) [ 11.5534 ]
1124:(35,2,9,37,13,13,0) [ 11.2208 ]
1125:(35,2,8,37,13,13,0) [ 10.8038 ]
1126:(35,2,9,38,12,12,0) [ 11.2198 ]
1127:(35,2,10,38,12,12,0) [ 11.6478 ]
1128:(36,2,8,38,12,12,0) [ 10.8762 ]
1129:(37,2,7,38,12,12,0) [ 10.532599999999999 ]
1130:(37,2,8,39,11,11,0) [ 10.9486 ]
1131:(37,2,9,39,11,11,0) [ 11.3876 ]
1132:(37,2,9,40,10,10,0) [ 11.3866 ]
1133:(37,2,10,40,10,10,0) [ 11.8366 ]
1134:(37,2,10,41,9,9,0) [ 11.8466 ]
1135:(37,2,11,41,9,9,0) [ 12.307600000000003 ]
1136:(38,2,9,41,9,9,0) [ 11.47 ]
1137:(39,2,8,41,9,9,0) [ 11.0934 ]
1138:(40,2,7,41,9,9,0) [ 10.716800000000001 ]
1139:(40,2,6,41,9,9,0) [ 10.2558 ]
1140:(40,2,7,42,8,8,0) [ 10.6938 ]
1141:(40,2,8,42,8,8,0) [ 11.1658 ]
1142:(41,2,6,42,8,8,0) [ 10.3062 ]
1143:(41,2,5,42,8,8,0) [ 9.8342 ]
1144:(41,2,4,42,8,8,0) [ 9.362200000000001 ]
1145:(41,2,5,43,7,7,0) [ 9.7892 ]
1146:(41,2,6,43,7,7,0) [ 10.2722 ]
1147:(41,2,4,43,7,7,0) [ 9.3062 ]
1148:(41,2,3,43,7,7,0) [ 8.8232 ]
1149:(41,2,2,43,7,7,0) [ 8.3402 ]
1150:(42,2,1,43,7,7,0) [ 7.9416 ]
1151:(42,2,2,44,6,6,0) [ 8.3466 ]
1152:(42,2,3,44,6,6,0) [ 8.8406 ]
1153:(42,2,1,44,6,6,0) [ 7.852600000000001 ]
1154:(42,2,2,45,5,5,0) [ 8.2686 ]
1155:(42,2,3,45,5,5,0) [ 8.7736 ]
1156:(43,2,1,45,5,5,0) [ 7.848 ]
1157:(43,2,2,46,4,4,0) [ 8.275 ]
1158:(43,2,3,46,4,4,0) [ 8.791 ]
1159:(44,2,1,46,4,4,0) [ 7.8434 ]
1160:(44,2,2,47,3,3,0) [ 8.2814 ]
1161:(44,2,3,47,3,3,0) [ 8.8084 ]
1162:(44,2,1,47,3,3,0) [ 7.7543999999999995 ]
1163:(45,2,0,47,3,3,0) [ 7.3118 ]
1164:(45,2,1,48,2,2,0) [ 7.7498000000000005 ]
1165:(45,2,2,48,2,2,0) [ 8.2878 ]
1166:(45,2,0,48,2,2,0) [ 7.2118 ]
1167:(45,2,1,49,1,1,0) [ 7.660799999999999 ]
1168:(45,2,2,49,1,1,0) [ 8.2098 ]
1169:(46,2,0,49,1,1,0) [ 7.1962 ]
1170:(46,2,1,50,0,0,0) [ 7.6562 ]
1171:(46,2,2,50,0,0,0) [ 8.2162 ]
1172:(47,2,0,50,0,0,0) [ 7.1806 ]
1173:(19,2,3,0,50,50,0) [ 9.8474 TARGET ]
1174:(20,2,3,0,50,50,0) [ 9.931799999999999 TARGET ]
1175:(19,2,4,1,49,49,0) [ 9.801400000000001 ]
1176:(20,2,4,1,49,49,0) [ 9.8858 ]
1177:(19,2,5,2,48,48,0) [ 9.7774 ]
1178:(20,2,5,2,48,48,0) [ 9.8618 ]
1179:(19,2,6,3,47,47,0) [ 9.775400000000001 ]
1180:(20,2,6,3,47,47,0) [ 9.8598 ]
1181:(19,2,7,4,46,46,0) [ 9.7954 ]
1182:(20,2,7,4,46,46,0) [ 9.8798 ]
1183:(19,2,8,5,45,45,0) [ 9.8374 ]
1184:(20,2,8,5,45,45,0) [ 9.921800000000001 ]
1185:(19,2,9,6,44,44,0) [ 9.9014 ]
1186:(20,2,9,6,44,44,0) [ 9.985800000000001 ]
1187:(19,2,10,7,43,43,0) [ 9.987400000000001 ]
1188:(20,2,10,7,43,43,0) [ 10.0718 ]
1189:(19,2,11,8,42,42,0) [ 10.095400000000001 ]
1190:(20,2,11,8,42,42,0) [ 10.1798 ]
1191:(19,2,11,9,41,41,0) [ 10.1164 ]
1192:(20,2,11,9,41,41,0) [ 10.200800000000001 ]
1193:(19,2,12,10,40,40,0) [ 10.2574 ]
1194:(20,2,12,10,40,40,0) [ 10.3418 ]
1195:(20,2,12,11,39,39,0) [ 10.373800000000001 ]
1196:(21,2,12,11,39,39,0) [ 10.4582 ]
1197:(20,2,13,12,38,38,0) [ 10.5478 ]
1198:(21,2,13,12,38,38,0) [ 10.632200000000001 ]
1199:(20,2,14,13,37,37,0) [ 10.7438 ]
1200:(21,2,14,13,37,37,0) [ 10.828199999999999 ]
1201:(20,2,15,14,36,36,0) [ 10.9618 ]
1202:(21,2,15,14,36,36,0) [ 11.046199999999999 ]
1203:(20,2,16,15,35,35,0) [ 11.201799999999999 ]
1204:(21,2,16,15,35,35,0) [ 11.286200000000001 ]
1205:(21,2,16,16,34,34,0) [ 11.362200000000001 ]
1206:(22,2,16,16,34,34,0) [ 11.4466 ]
1207:(21,2,17,17,33,33,0) [ 11.635200000000001 ]
1208:(22,2,17,17,33,33,0) [ 11.7196 ]
1209:(22,2,17,18,32,32,0) [ 11.8066 ]
1210:(23,2,17,18,32,32,0) [ 11.890999999999998 ]
1211:(22,2,18,19,31,31,0) [ 12.112599999999999 ]
1212:(23,2,18,19,31,31,0) [ 12.197 ]
1213:(22,2,18,20,30,30,0) [ 12.2106 ]
1214:(23,2,18,20,30,30,0) [ 12.294999999999998 ]
1215:(22,2,19,21,29,29,0) [ 12.5496 ]
1216:(23,2,19,21,29,29,0) [ 12.634000000000002 ]
1217:(22,2,19,22,28,28,0) [ 12.6586 ]
1218:(23,2,19,22,28,28,0) [ 12.743000000000002 ]
1219:(23,2,19,23,27,27,0) [ 12.852 ]
1220:(24,2,19,23,27,27,0) [ 12.936399999999999 ]
1221:(24,2,19,24,26,26,0) [ 13.045399999999999 ]
1222:(25,2,19,24,26,26,0) [ 13.1298 ]
1223:(24,2,20,25,25,25,0) [ 13.4394 ]
1224:(25,2,20,25,25,25,0) [ 13.523799999999998 ]
1225:(26,2,18,26,24,24,0) [ 13.1362 ]
1226:(27,2,18,26,24,24,0) [ 13.2206 ]
1227:(26,2,19,27,23,23,0) [ 13.5412 ]
1228:(27,2,19,27,23,23,0) [ 13.625600000000002 ]
1229:(26,2,20,28,22,22,0) [ 13.9682 ]
1230:(27,2,20,28,22,22,0) [ 14.052599999999998 ]
1231:(28,2,18,29,21,21,0) [ 13.598999999999998 ]
1232:(29,2,18,29,21,21,0) [ 13.6834 ]
1233:(29,2,16,30,20,20,0) [ 13.101399999999998 ]
1234:(30,2,16,30,20,20,0) [ 13.1858 ]
1235:(30,2,16,31,19,19,0) [ 13.2618 ]
1236:(31,2,16,31,19,19,0) [ 13.346200000000001 ]
1237:(30,2,17,32,18,18,0) [ 13.6998 ]
1238:(31,2,17,32,18,18,0) [ 13.784200000000002 ]
1239:(32,2,13,33,17,17,0) [ 12.4636 ]
1240:(33,2,13,33,17,17,0) [ 12.547999999999998 ]
1241:(32,2,14,34,16,16,0) [ 12.890600000000001 ]
1242:(33,2,14,34,16,16,0) [ 12.975 ]
1243:(33,2,12,35,15,15,0) [ 12.239 ]
1244:(34,2,12,35,15,15,0) [ 12.3234 ]
1245:(33,2,13,36,14,14,0) [ 12.677000000000001 ]
1246:(34,2,13,36,14,14,0) [ 12.7614 ]
1247:(33,2,13,37,13,13,0) [ 12.719999999999999 ]
1248:(34,2,13,37,13,13,0) [ 12.804400000000001 ]
1249:(35,2,11,38,12,12,0) [ 12.075800000000001 ]
1250:(36,2,11,38,12,12,0) [ 12.1602 ]
1251:(37,2,10,39,11,11,0) [ 11.8266 ]
1252:(38,2,10,39,11,11,0) [ 11.911 ]
1253:(37,2,11,40,10,10,0) [ 12.2866 ]
1254:(38,2,11,40,10,10,0) [ 12.370999999999999 ]
1255:(37,2,12,41,9,9,0) [ 12.768600000000001 ]
1256:(38,2,12,41,9,9,0) [ 12.853 ]
1257:(40,2,9,42,8,8,0) [ 11.6378 ]
1258:(41,2,9,42,8,8,0) [ 11.7222 ]
1259:(41,2,7,43,7,7,0) [ 10.755199999999999 ]
1260:(42,2,7,43,7,7,0) [ 10.839599999999999 ]
1261:(42,2,4,44,6,6,0) [ 9.3346 ]
1262:(43,2,4,44,6,6,0) [ 9.418999999999999 ]
1263:(42,2,4,45,5,5,0) [ 9.2786 ]
1264:(43,2,4,45,5,5,0) [ 9.363 ]
1265:(43,2,4,46,4,4,0) [ 9.307 ]
1266:(44,2,4,46,4,4,0) [ 9.391399999999999 ]
1267:(44,2,4,47,3,3,0) [ 9.3354 ]
1268:(45,2,4,47,3,3,0) [ 9.419800000000002 ]
1269:(45,2,3,48,2,2,0) [ 8.8258 ]
1270:(46,2,3,48,2,2,0) [ 8.9102 ]
1271:(45,2,3,49,1,1,0) [ 8.758799999999999 ]
1272:(46,2,3,49,1,1,0) [ 8.843200000000001 ]
1273:(46,2,3,50,0,0,0) [ 8.7762 ]
1274:(47,2,3,50,0,0,0) [ 8.860600000000002 ]
1275:(47,2,0,44,6,6,0) [ 7.7806 ]
1276:(46,2,0,43,7,7,0) [ 7.796200000000001 ]
1277:(46,2,0,42,8,8,0) [ 7.8962 ]
1278:(46,2,1,42,8,8,0) [ 8.3682 ]
1279:(46,2,2,42,8,8,0) [ 8.840200000000001 ]
1280:(46,2,1,41,9,9,0) [ 8.4572 ]
1281:(45,2,2,41,9,9,0) [ 8.8338 ]
1282:(45,2,1,40,10,10,0) [ 8.4618 ]
1283:(44,2,2,40,10,10,0) [ 8.8274 ]
1284:(44,2,1,39,11,11,0) [ 8.4664 ]
1285:(44,2,2,39,11,11,0) [ 8.9054 ]
1286:(43,2,3,39,11,11,0) [ 9.26 ]
1287:(43,2,2,38,12,12,0) [ 8.899000000000001 ]
1288:(43,2,3,38,12,12,0) [ 9.326999999999998 ]
1289:(43,2,2,37,13,13,0) [ 8.977 ]
1290:(42,2,3,37,13,13,0) [ 9.3096 ]
1291:(42,2,2,36,14,14,0) [ 8.9706 ]
1292:(41,2,3,36,14,14,0) [ 9.2922 ]
1293:(41,2,4,36,14,14,0) [ 9.698200000000002 ]
1294:(41,2,3,35,15,15,0) [ 9.359200000000001 ]
1295:(40,2,4,35,15,15,0) [ 9.6698 ]
1296:(40,2,3,34,16,16,0) [ 9.341800000000001 ]
1297:(40,2,4,34,16,16,0) [ 9.725800000000001 ]
1298:(40,2,3,33,17,17,0) [ 9.4088 ]
1299:(40,2,2,32,18,18,0) [ 9.113800000000001 ]
1300:(40,2,1,31,19,19,0) [ 8.8408 ]
1301:(39,2,2,31,19,19,0) [ 9.1074 ]
1302:(39,2,1,30,20,20,0) [ 8.8454 ]
1303:(39,2,2,30,20,20,0) [ 9.185400000000001 ]
1304:(38,2,3,30,20,20,0) [ 9.440999999999999 ]
1305:(37,2,4,30,20,20,0) [ 9.6966 ]
1306:(37,2,3,29,21,21,0) [ 9.4236 ]
1307:(37,2,2,28,22,22,0) [ 9.1726 ]
1308:(37,2,1,27,23,23,0) [ 8.9436 ]
1309:(37,2,0,26,24,24,0) [ 8.736600000000001 ]
1310:(37,2,1,26,24,24,0) [ 9.0326 ]
1311:(37,2,0,25,25,25,0) [ 8.8366 ]
1312:(37,2,1,25,25,25,0) [ 9.1216 ]
1313:(36,2,2,25,25,25,0) [ 9.3222 ]
1314:(36,2,3,25,25,25,0) [ 9.6072 ]
1315:(36,2,2,24,26,26,0) [ 9.4002 ]
1316:(36,2,1,23,27,27,0) [ 9.2152 ]
1317:(35,2,2,23,27,27,0) [ 9.3938 ]
1318:(34,2,3,23,27,27,0) [ 9.5724 ]
1319:(34,2,2,22,28,28,0) [ 9.387400000000001 ]
1320:(33,2,3,22,28,28,0) [ 9.555 ]
1321:(33,2,2,21,29,29,0) [ 9.381 ]
1322:(32,2,3,21,29,29,0) [ 9.537600000000001 ]
1323:(32,2,4,21,29,29,0) [ 9.7786 ]
1324:(32,2,5,21,29,29,0) [ 10.0196 ]
1325:(32,2,6,21,29,29,0) [ 10.2606 ]
1326:(32,2,5,20,30,30,0) [ 10.064599999999999 ]
1327:(32,2,6,20,30,30,0) [ 10.294599999999999 ]
1328:(32,2,5,19,31,31,0) [ 10.1096 ]
1329:(32,2,4,18,32,32,0) [ 9.9466 ]
1330:(31,2,5,18,32,32,0) [ 10.0702 ]
1331:(31,2,6,18,32,32,0) [ 10.278200000000002 ]
1332:(31,2,5,17,33,33,0) [ 10.1152 ]
1333:(31,2,4,16,34,34,0) [ 9.9742 ]
1334:(30,2,5,16,34,34,0) [ 10.075800000000001 ]
1335:(30,2,4,15,35,35,0) [ 9.9458 ]
1336:(30,2,3,14,36,36,0) [ 9.8378 ]
1337:(29,2,4,14,36,36,0) [ 9.9174 ]
1338:(29,2,3,13,37,37,0) [ 9.8204 ]
1339:(28,2,4,13,37,37,0) [ 9.889 ]
1340:(28,2,3,12,38,38,0) [ 9.803 ]
1341:(27,2,4,12,38,38,0) [ 9.860600000000002 ]
1342:(26,2,5,12,38,38,0) [ 9.9182 ]
1343:(25,2,6,12,38,38,0) [ 9.9758 ]
1344:(24,2,7,12,38,38,0) [ 10.0334 ]
1345:(24,2,6,11,39,39,0) [ 9.9254 ]
1346:(24,2,7,11,39,39,0) [ 10.0564 ]
1347:(24,2,6,10,40,40,0) [ 9.9594 ]
1348:(23,2,7,10,40,40,0) [ 9.995000000000001 ]
1349:(23,2,6,9,41,41,0) [ 9.909 ]
1350:(23,2,5,8,42,42,0) [ 9.844999999999999 ]
1351:(23,2,4,7,43,43,0) [ 9.803 ]
1352:(23,2,3,6,44,44,0) [ 9.783000000000001 ]
1353:(23,2,2,5,45,45,0) [ 9.785 ]
1354:(23,2,1,4,46,46,0) [ 9.809000000000001 ]
1355:(23,2,2,4,46,46,0) [ 9.863 ]
1356:(23,2,1,3,47,47,0) [ 9.898 ]
1357:(23,2,0,2,48,48,0) [ 9.955000000000002 ]
1358:(22,2,1,2,48,48,0) [ 9.9026 ]
1359:(22,2,2,2,48,48,0) [ 9.9346 ]
1360:(23,2,2,2,48,48,0) [ 10.019 ]
1361:(21,2,2,2,48,48,0) [ 9.850200000000001 ]
1362:(23,2,1,2,48,48,0) [ 9.987000000000002 ]
1363:(21,2,1,2,48,48,0) [ 9.818200000000001 ]
1364:(24,2,0,2,48,48,0) [ 10.0394 ]
1365:(22,2,0,2,48,48,0) [ 9.8706 ]
1366:(24,2,1,3,47,47,0) [ 9.982399999999998 ]
1367:(22,2,1,3,47,47,0) [ 9.813600000000001 ]
1368:(22,2,2,3,47,47,0) [ 9.8566 ]
1369:(23,2,2,3,47,47,0) [ 9.940999999999999 ]
1370:(24,2,2,4,46,46,0) [ 9.947400000000002 ]
1371:(22,2,2,4,46,46,0) [ 9.7786 ]
1372:(22,2,3,4,46,46,0) [ 9.8326 ]
1373:(23,2,3,4,46,46,0) [ 9.917000000000002 ]
1374:(24,2,1,4,46,46,0) [ 9.8934 ]
1375:(22,2,1,4,46,46,0) [ 9.7246 ]
1376:(24,2,2,5,45,45,0) [ 9.869399999999999 ]
1377:(22,2,2,5,45,45,0) [ 9.7006 ]
1378:(22,2,3,5,45,45,0) [ 9.7656 ]
1379:(23,2,3,5,45,45,0) [ 9.85 ]
1380:(24,2,3,6,44,44,0) [ 9.8674 ]
1381:(22,2,3,6,44,44,0) [ 9.6986 ]
1382:(22,2,4,6,44,44,0) [ 9.7746 ]
1383:(23,2,4,6,44,44,0) [ 9.859 ]
1384:(24,2,4,7,43,43,0) [ 9.8874 ]
1385:(22,2,4,7,43,43,0) [ 9.718599999999999 ]
1386:(22,2,5,7,43,43,0) [ 9.805599999999998 ]
1387:(23,2,5,7,43,43,0) [ 9.89 ]
1388:(24,2,5,8,42,42,0) [ 9.929400000000001 ]
1389:(22,2,5,8,42,42,0) [ 9.7606 ]
1390:(22,2,6,8,42,42,0) [ 9.8586 ]
1391:(23,2,6,8,42,42,0) [ 9.943000000000001 ]
1392:(24,2,6,9,41,41,0) [ 9.993400000000001 ]
1393:(22,2,6,9,41,41,0) [ 9.8246 ]
1394:(22,2,7,9,41,41,0) [ 9.933600000000002 ]
1395:(23,2,7,9,41,41,0) [ 10.018 ]
1396:(24,2,7,10,40,40,0) [ 10.0794 ]
1397:(22,2,7,10,40,40,0) [ 9.9106 ]
1398:(22,2,8,10,40,40,0) [ 10.0306 ]
1399:(23,2,8,10,40,40,0) [ 10.115 ]
1400:(25,2,6,10,40,40,0) [ 10.043800000000001 ]
1401:(23,2,6,10,40,40,0) [ 9.875 ]
1402:(25,2,7,11,39,39,0) [ 10.1408 ]
1403:(23,2,7,11,39,39,0) [ 9.972000000000001 ]
1404:(23,2,8,11,39,39,0) [ 10.103 ]
1405:(24,2,8,11,39,39,0) [ 10.1874 ]
1406:(25,2,6,11,39,39,0) [ 10.0098 ]
1407:(23,2,6,11,39,39,0) [ 9.841000000000001 ]
1408:(25,2,7,12,38,38,0) [ 10.1178 ]
1409:(23,2,7,12,38,38,0) [ 9.949 ]
1410:(23,2,8,12,38,38,0) [ 10.091000000000001 ]
1411:(24,2,8,12,38,38,0) [ 10.1754 ]
1412:(26,2,6,12,38,38,0) [ 10.0602 ]
1413:(24,2,6,12,38,38,0) [ 9.8914 ]
1414:(27,2,5,12,38,38,0) [ 10.002600000000001 ]
1415:(25,2,5,12,38,38,0) [ 9.8338 ]
1416:(28,2,4,12,38,38,0) [ 9.945 ]
1417:(26,2,4,12,38,38,0) [ 9.776200000000001 ]
1418:(29,2,3,12,38,38,0) [ 9.8874 ]
1419:(27,2,3,12,38,38,0) [ 9.7186 ]
1420:(29,2,4,13,37,37,0) [ 9.973400000000002 ]
1421:(27,2,4,13,37,37,0) [ 9.8046 ]
1422:(27,2,5,13,37,37,0) [ 9.9576 ]
1423:(28,2,5,13,37,37,0) [ 10.042000000000002 ]
1424:(30,2,3,13,37,37,0) [ 9.9048 ]
1425:(28,2,3,13,37,37,0) [ 9.736 ]
1426:(30,2,4,14,36,36,0) [ 10.0018 ]
1427:(28,2,4,14,36,36,0) [ 9.833 ]
1428:(28,2,5,14,36,36,0) [ 9.997 ]
1429:(29,2,5,14,36,36,0) [ 10.0814 ]
1430:(31,2,3,14,36,36,0) [ 9.9222 ]
1431:(29,2,3,14,36,36,0) [ 9.7534 ]
1432:(31,2,4,15,35,35,0) [ 10.0302 ]
1433:(29,2,4,15,35,35,0) [ 9.8614 ]
1434:(29,2,5,15,35,35,0) [ 10.0364 ]
1435:(30,2,5,15,35,35,0) [ 10.1208 ]
1436:(31,2,5,16,34,34,0) [ 10.1602 ]
1437:(29,2,5,16,34,34,0) [ 9.9914 ]
1438:(29,2,6,16,34,34,0) [ 10.1774 ]
1439:(30,2,6,16,34,34,0) [ 10.261800000000001 ]
1440:(32,2,4,16,34,34,0) [ 10.0586 ]
1441:(30,2,4,16,34,34,0) [ 9.889800000000001 ]
1442:(32,2,5,17,33,33,0) [ 10.1996 ]
1443:(30,2,5,17,33,33,0) [ 10.0308 ]
1444:(30,2,6,17,33,33,0) [ 10.2278 ]
1445:(31,2,6,17,33,33,0) [ 10.3122 ]
1446:(32,2,6,18,32,32,0) [ 10.3626 ]
1447:(30,2,6,18,32,32,0) [ 10.1938 ]
1448:(30,2,7,18,32,32,0) [ 10.4018 ]
1449:(31,2,7,18,32,32,0) [ 10.4862 ]
1450:(32,2,5,18,32,32,0) [ 10.154599999999999 ]
1451:(30,2,5,18,32,32,0) [ 9.985800000000001 ]
1452:(33,2,4,18,32,32,0) [ 10.030999999999999 ]
1453:(31,2,4,18,32,32,0) [ 9.862200000000001 ]
1454:(33,2,5,19,31,31,0) [ 10.193999999999999 ]
1455:(31,2,5,19,31,31,0) [ 10.0252 ]
1456:(31,2,6,19,31,31,0) [ 10.2442 ]
1457:(32,2,6,19,31,31,0) [ 10.3286 ]
1458:(33,2,6,20,30,30,0) [ 10.379000000000001 ]
1459:(31,2,6,20,30,30,0) [ 10.2102 ]
1460:(31,2,7,20,30,30,0) [ 10.4402 ]
1461:(32,2,7,20,30,30,0) [ 10.5246 ]
1462:(33,2,5,20,30,30,0) [ 10.149000000000001 ]
1463:(31,2,5,20,30,30,0) [ 9.9802 ]
1464:(33,2,6,21,29,29,0) [ 10.345 ]
1465:(31,2,6,21,29,29,0) [ 10.176200000000001 ]
1466:(31,2,7,21,29,29,0) [ 10.417200000000001 ]
1467:(32,2,7,21,29,29,0) [ 10.5016 ]
1468:(33,2,5,21,29,29,0) [ 10.104 ]
1469:(31,2,5,21,29,29,0) [ 9.9352 ]
1470:(33,2,4,21,29,29,0) [ 9.863 ]
1471:(31,2,4,21,29,29,0) [ 9.6942 ]
1472:(33,2,3,21,29,29,0) [ 9.622 ]
1473:(31,2,3,21,29,29,0) [ 9.4532 ]
1474:(34,2,2,21,29,29,0) [ 9.4654 ]
1475:(32,2,2,21,29,29,0) [ 9.296600000000002 ]
1476:(34,2,3,22,28,28,0) [ 9.6394 ]
1477:(32,2,3,22,28,28,0) [ 9.470600000000001 ]
1478:(32,2,4,22,28,28,0) [ 9.7226 ]
1479:(33,2,4,22,28,28,0) [ 9.807 ]
1480:(35,2,2,22,28,28,0) [ 9.4718 ]
1481:(33,2,2,22,28,28,0) [ 9.303 ]
1482:(35,2,3,23,27,27,0) [ 9.6568 ]
1483:(33,2,3,23,27,27,0) [ 9.488 ]
1484:(33,2,4,23,27,27,0) [ 9.751000000000001 ]
1485:(34,2,4,23,27,27,0) [ 9.8354 ]
1486:(36,2,2,23,27,27,0) [ 9.478200000000001 ]
1487:(34,2,2,23,27,27,0) [ 9.3094 ]
1488:(37,2,1,23,27,27,0) [ 9.299600000000002 ]
1489:(35,2,1,23,27,27,0) [ 9.1308 ]
1490:(37,2,2,24,26,26,0) [ 9.4846 ]
1491:(35,2,2,24,26,26,0) [ 9.3158 ]
1492:(35,2,3,24,26,26,0) [ 9.5898 ]
1493:(36,2,3,24,26,26,0) [ 9.6742 ]
1494:(37,2,3,25,25,25,0) [ 9.691600000000001 ]
1495:(35,2,3,25,25,25,0) [ 9.5228 ]
1496:(35,2,4,25,25,25,0) [ 9.8078 ]
1497:(36,2,4,25,25,25,0) [ 9.892199999999999 ]
1498:(37,2,2,25,25,25,0) [ 9.406600000000001 ]
1499:(35,2,2,25,25,25,0) [ 9.2378 ]
1500:(38,2,1,25,25,25,0) [ 9.206 ]
1501:(36,2,1,25,25,25,0) [ 9.0372 ]
1502:(38,2,0,25,25,25,0) [ 8.921 ]
1503:(36,2,0,25,25,25,0) [ 8.7522 ]
1504:(38,2,1,26,24,24,0) [ 9.117 ]
1505:(36,2,1,26,24,24,0) [ 8.9482 ]
1506:(36,2,2,26,24,24,0) [ 9.244200000000001 ]
1507:(37,2,2,26,24,24,0) [ 9.328600000000002 ]
1508:(38,2,0,26,24,24,0) [ 8.821000000000002 ]
1509:(36,2,0,26,24,24,0) [ 8.6522 ]
1510:(38,2,1,27,23,23,0) [ 9.028 ]
1511:(36,2,1,27,23,23,0) [ 8.859200000000001 ]
1512:(36,2,2,27,23,23,0) [ 9.1662 ]
1513:(37,2,2,27,23,23,0) [ 9.2506 ]
1514:(38,2,2,28,22,22,0) [ 9.257000000000001 ]
1515:(36,2,2,28,22,22,0) [ 9.0882 ]
1516:(36,2,3,28,22,22,0) [ 9.4062 ]
1517:(37,2,3,28,22,22,0) [ 9.4906 ]
1518:(38,2,3,29,21,21,0) [ 9.508000000000001 ]
1519:(36,2,3,29,21,21,0) [ 9.3392 ]
1520:(36,2,4,29,21,21,0) [ 9.6682 ]
1521:(37,2,4,29,21,21,0) [ 9.752600000000001 ]
1522:(38,2,4,30,20,20,0) [ 9.780999999999999 ]
1523:(36,2,4,30,20,20,0) [ 9.612200000000001 ]
1524:(36,2,5,30,20,20,0) [ 9.952200000000001 ]
1525:(37,2,5,30,20,20,0) [ 10.0366 ]
1526:(39,2,3,30,20,20,0) [ 9.525400000000001 ]
1527:(37,2,3,30,20,20,0) [ 9.3566 ]
1528:(40,2,2,30,20,20,0) [ 9.2698 ]
1529:(38,2,2,30,20,20,0) [ 9.100999999999999 ]
1530:(40,2,1,30,20,20,0) [ 8.9298 ]
1531:(38,2,1,30,20,20,0) [ 8.761 ]
1532:(40,2,2,31,19,19,0) [ 9.1918 ]
1533:(38,2,2,31,19,19,0) [ 9.023 ]
1534:(38,2,3,31,19,19,0) [ 9.374 ]
1535:(39,2,3,31,19,19,0) [ 9.4584 ]
1536:(41,2,1,31,19,19,0) [ 8.9252 ]
1537:(39,2,1,31,19,19,0) [ 8.7564 ]
1538:(41,2,2,32,18,18,0) [ 9.1982 ]
1539:(39,2,2,32,18,18,0) [ 9.0294 ]
1540:(39,2,3,32,18,18,0) [ 9.3914 ]
1541:(40,2,3,32,18,18,0) [ 9.4758 ]
1542:(41,2,3,33,17,17,0) [ 9.4932 ]
1543:(39,2,3,33,17,17,0) [ 9.3244 ]
1544:(39,2,4,33,17,17,0) [ 9.6974 ]
1545:(40,2,4,33,17,17,0) [ 9.7818 ]
1546:(41,2,4,34,16,16,0) [ 9.8102 ]
1547:(39,2,4,34,16,16,0) [ 9.641399999999999 ]
1548:(39,2,5,34,16,16,0) [ 10.0254 ]
1549:(40,2,5,34,16,16,0) [ 10.109799999999998 ]
1550:(41,2,3,34,16,16,0) [ 9.4262 ]
1551:(39,2,3,34,16,16,0) [ 9.2574 ]
1552:(41,2,4,35,15,15,0) [ 9.7542 ]
1553:(39,2,4,35,15,15,0) [ 9.5854 ]
1554:(39,2,5,35,15,15,0) [ 9.9804 ]
1555:(40,2,5,35,15,15,0) [ 10.0648 ]
1556:(42,2,3,35,15,15,0) [ 9.4436 ]
1557:(40,2,3,35,15,15,0) [ 9.274799999999999 ]
1558:(42,2,4,36,14,14,0) [ 9.7826 ]
1559:(40,2,4,36,14,14,0) [ 9.6138 ]
1560:(40,2,5,36,14,14,0) [ 10.0198 ]
1561:(41,2,5,36,14,14,0) [ 10.1042 ]
1562:(42,2,3,36,14,14,0) [ 9.3766 ]
1563:(40,2,3,36,14,14,0) [ 9.2078 ]
1564:(43,2,2,36,14,14,0) [ 9.055 ]
1565:(41,2,2,36,14,14,0) [ 8.8862 ]
1566:(43,2,3,37,13,13,0) [ 9.394000000000002 ]
1567:(41,2,3,37,13,13,0) [ 9.225200000000001 ]
1568:(41,2,4,37,13,13,0) [ 9.6422 ]
1569:(42,2,4,37,13,13,0) [ 9.726600000000001 ]
1570:(44,2,2,37,13,13,0) [ 9.0614 ]
1571:(42,2,2,37,13,13,0) [ 8.8926 ]
1572:(44,2,3,38,12,12,0) [ 9.4114 ]
1573:(42,2,3,38,12,12,0) [ 9.2426 ]
1574:(42,2,4,38,12,12,0) [ 9.6706 ]
1575:(43,2,4,38,12,12,0) [ 9.754999999999999 ]
1576:(44,2,2,38,12,12,0) [ 8.9834 ]
1577:(42,2,2,38,12,12,0) [ 8.8146 ]
1578:(44,2,3,39,11,11,0) [ 9.344399999999998 ]
1579:(42,2,3,39,11,11,0) [ 9.1756 ]
1580:(42,2,4,39,11,11,0) [ 9.6146 ]
1581:(43,2,4,39,11,11,0) [ 9.699 ]
1582:(45,2,2,39,11,11,0) [ 8.9898 ]
1583:(43,2,2,39,11,11,0) [ 8.821 ]
1584:(45,2,1,39,11,11,0) [ 8.5508 ]
1585:(43,2,1,39,11,11,0) [ 8.382 ]
1586:(45,2,2,40,10,10,0) [ 8.9118 ]
1587:(43,2,2,40,10,10,0) [ 8.742999999999999 ]
1588:(43,2,3,40,10,10,0) [ 9.193 ]
1589:(44,2,3,40,10,10,0) [ 9.2774 ]
1590:(46,2,1,40,10,10,0) [ 8.546199999999999 ]
1591:(44,2,1,40,10,10,0) [ 8.3774 ]
1592:(46,2,2,41,9,9,0) [ 8.9182 ]
1593:(44,2,2,41,9,9,0) [ 8.7494 ]
1594:(44,2,3,41,9,9,0) [ 9.2104 ]
1595:(45,2,3,41,9,9,0) [ 9.2948 ]
1596:(47,2,1,41,9,9,0) [ 8.5416 ]
1597:(45,2,1,41,9,9,0) [ 8.3728 ]
1598:(47,2,2,42,8,8,0) [ 8.924600000000002 ]
1599:(45,2,2,42,8,8,0) [ 8.7558 ]
1600:(45,2,3,42,8,8,0) [ 9.227800000000002 ]
1601:(46,2,3,42,8,8,0) [ 9.3122 ]
1602:(47,2,1,42,8,8,0) [ 8.4526 ]
1603:(45,2,1,42,8,8,0) [ 8.2838 ]
1604:(47,2,0,42,8,8,0) [ 7.9806 ]
1605:(45,2,0,42,8,8,0) [ 7.8118 ]
1606:(47,2,0,43,7,7,0) [ 7.8806 ]
1607:(45,2,0,43,7,7,0) [ 7.7118 ]
1608:(48,2,0,44,6,6,0) [ 7.865 ]
1609:(46,2,0,44,6,6,0) [ 7.696200000000001 ]
1610:(46,2,4,48,2,2,0) [ 9.4482 ]
1611:(47,2,4,48,2,2,0) [ 9.532599999999999 ]
1612:(26,2,1,0,50,50,0) [ 10.4182 TARGET ]
1613:(25,2,2,0,50,50,0) [ 10.3438 TARGET ]
1614:(26,2,2,1,49,49,0) [ 10.350200000000001 ]
1615:(25,2,3,1,49,49,0) [ 10.2868 ]
1616:(26,2,3,2,48,48,0) [ 10.304200000000002 ]
1617:(25,2,4,2,48,48,0) [ 10.251800000000001 ]
1618:(26,2,4,3,47,47,0) [ 10.2802 ]
1619:(25,2,5,3,47,47,0) [ 10.238800000000001 ]
1620:(26,2,5,4,46,46,0) [ 10.278200000000002 ]
1621:(25,2,6,4,46,46,0) [ 10.247800000000002 ]
1622:(26,2,6,5,45,45,0) [ 10.298200000000001 ]
1623:(25,2,7,5,45,45,0) [ 10.2788 ]
1624:(26,2,7,6,44,44,0) [ 10.3402 ]
1625:(25,2,8,6,44,44,0) [ 10.331800000000001 ]
1626:(26,2,8,7,43,43,0) [ 10.4042 ]
1627:(25,2,9,7,43,43,0) [ 10.4068 ]
1628:(26,2,9,8,42,42,0) [ 10.490200000000002 ]
1629:(25,2,10,8,42,42,0) [ 10.5038 ]
1630:(26,2,8,8,42,42,0) [ 10.3922 ]
1631:(26,2,9,9,41,41,0) [ 10.4892 ]
1632:(25,2,10,9,41,41,0) [ 10.5138 ]
1633:(26,2,10,10,40,40,0) [ 10.6082 ]
1634:(25,2,11,10,40,40,0) [ 10.643799999999999 ]
1635:(27,2,9,10,40,40,0) [ 10.5726 ]
1636:(27,2,10,11,39,39,0) [ 10.7026 ]
1637:(26,2,11,11,39,39,0) [ 10.7492 ]
1638:(27,2,11,12,38,38,0) [ 10.854600000000001 ]
1639:(26,2,12,12,38,38,0) [ 10.9122 ]
1640:(27,2,12,13,37,37,0) [ 11.0286 ]
1641:(26,2,13,13,37,37,0) [ 11.0972 ]
1642:(27,2,13,14,36,36,0) [ 11.2246 ]
1643:(26,2,14,14,36,36,0) [ 11.304200000000002 ]
1644:(27,2,14,15,35,35,0) [ 11.4426 ]
1645:(26,2,15,15,35,35,0) [ 11.5332 ]
1646:(28,2,13,15,35,35,0) [ 11.352 ]
1647:(28,2,14,16,34,34,0) [ 11.581000000000001 ]
1648:(27,2,15,16,34,34,0) [ 11.682599999999999 ]
1649:(28,2,15,17,33,33,0) [ 11.832 ]
1650:(27,2,16,17,33,33,0) [ 11.944600000000001 ]
1651:(29,2,14,17,33,33,0) [ 11.7194 ]
1652:(29,2,15,18,32,32,0) [ 11.9814 ]
1653:(28,2,16,18,32,32,0) [ 12.105 ]
1654:(29,2,16,19,31,31,0) [ 12.2654 ]
1655:(28,2,17,19,31,31,0) [ 12.4 ]
1656:(29,2,15,19,31,31,0) [ 12.0464 ]
1657:(29,2,16,20,30,30,0) [ 12.3414 ]
1658:(28,2,17,20,30,30,0) [ 12.487000000000002 ]
1659:(29,2,17,21,29,29,0) [ 12.6584 ]
1660:(28,2,18,21,29,29,0) [ 12.815 ]
1661:(29,2,16,21,29,29,0) [ 12.417399999999999 ]
1662:(29,2,17,22,28,28,0) [ 12.7454 ]
1663:(28,2,18,22,28,28,0) [ 12.913 ]
1664:(30,2,16,22,28,28,0) [ 12.5778 ]
1665:(30,2,17,23,27,27,0) [ 12.916799999999999 ]
1666:(29,2,18,23,27,27,0) [ 13.095399999999998 ]
1667:(31,2,16,23,27,27,0) [ 12.738199999999999 ]
1668:(31,2,17,24,26,26,0) [ 13.088199999999999 ]
1669:(30,2,18,24,26,26,0) [ 13.277800000000001 ]
1670:(31,2,18,25,25,25,0) [ 13.4602 ]
1671:(30,2,19,25,25,25,0) [ 13.660799999999998 ]
1672:(32,2,17,25,25,25,0) [ 13.259599999999999 ]
1673:(32,2,16,25,25,25,0) [ 12.974599999999999 ]
1674:(33,2,15,25,25,25,0) [ 12.774 ]
1675:(33,2,16,26,24,24,0) [ 13.135 ]
1676:(32,2,17,26,24,24,0) [ 13.3466 ]
1677:(33,2,17,27,23,23,0) [ 13.518 ]
1678:(32,2,18,27,23,23,0) [ 13.7406 ]
1679:(33,2,18,28,22,22,0) [ 13.922999999999998 ]
1680:(32,2,19,28,22,22,0) [ 14.156599999999997 ]
1681:(33,2,17,28,22,22,0) [ 13.605 ]
1682:(34,2,16,28,22,22,0) [ 13.371400000000001 ]
1683:(35,2,15,28,22,22,0) [ 13.137799999999999 ]
1684:(35,2,16,29,21,21,0) [ 13.531799999999999 ]
1685:(34,2,17,29,21,21,0) [ 13.7764 ]
1686:(35,2,15,29,21,21,0) [ 13.202799999999998 ]
1687:(36,2,14,29,21,21,0) [ 12.9582 ]
1688:(36,2,13,29,21,21,0) [ 12.629199999999999 ]
1689:(36,2,14,30,20,20,0) [ 13.0122 ]
1690:(35,2,15,30,20,20,0) [ 13.267800000000001 ]
1691:(37,2,13,30,20,20,0) [ 12.756599999999999 ]
1692:(37,2,14,31,19,19,0) [ 13.150600000000003 ]
1693:(36,2,15,31,19,19,0) [ 13.4172 ]
1694:(37,2,15,32,18,18,0) [ 13.566600000000001 ]
1695:(36,2,16,32,18,18,0) [ 13.8442 ]
1696:(38,2,14,32,18,18,0) [ 13.289000000000001 ]
1697:(39,2,13,32,18,18,0) [ 13.011400000000002 ]
1698:(39,2,12,32,18,18,0) [ 12.6494 ]
1699:(39,2,11,32,18,18,0) [ 12.287400000000002 ]
1700:(39,2,10,32,18,18,0) [ 11.9254 ]
1701:(39,2,11,33,17,17,0) [ 12.308399999999999 ]
1702:(38,2,12,33,17,17,0) [ 12.597000000000001 ]
1703:(39,2,12,34,16,16,0) [ 12.713400000000002 ]
1704:(38,2,13,34,16,16,0) [ 13.013 ]
1705:(39,2,11,34,16,16,0) [ 12.3294 ]
1706:(40,2,10,34,16,16,0) [ 12.0298 ]
1707:(40,2,9,34,16,16,0) [ 11.6458 ]
1708:(40,2,10,35,15,15,0) [ 12.0398 ]
1709:(39,2,11,35,15,15,0) [ 12.3504 ]
1710:(40,2,11,36,14,14,0) [ 12.455800000000002 ]
1711:(39,2,12,36,14,14,0) [ 12.777400000000002 ]
1712:(40,2,10,36,14,14,0) [ 12.0498 ]
1713:(40,2,11,37,13,13,0) [ 12.4768 ]
1714:(39,2,12,37,13,13,0) [ 12.8094 ]
1715:(41,2,10,37,13,13,0) [ 12.144200000000001 ]
1716:(42,2,9,37,13,13,0) [ 11.8116 ]
1717:(42,2,8,37,13,13,0) [ 11.3946 ]
1718:(42,2,9,38,12,12,0) [ 11.810599999999997 ]
1719:(41,2,10,38,12,12,0) [ 12.1542 ]
1720:(43,2,8,38,12,12,0) [ 11.466999999999999 ]
1721:(44,2,7,38,12,12,0) [ 11.1234 ]
1722:(44,2,8,39,11,11,0) [ 11.539399999999999 ]
1723:(43,2,9,39,11,11,0) [ 11.894 ]
1724:(44,2,9,40,10,10,0) [ 11.9774 ]
1725:(43,2,10,40,10,10,0) [ 12.343 ]
1726:(44,2,10,41,9,9,0) [ 12.437400000000002 ]
1727:(43,2,11,41,9,9,0) [ 12.814000000000002 ]
1728:(45,2,9,41,9,9,0) [ 12.060799999999999 ]
1729:(46,2,8,41,9,9,0) [ 11.6842 ]
1730:(47,2,7,41,9,9,0) [ 11.3076 ]
1731:(47,2,6,41,9,9,0) [ 10.8466 ]
1732:(47,2,7,42,8,8,0) [ 11.284600000000001 ]
1733:(46,2,8,42,8,8,0) [ 11.6722 ]
1734:(48,2,6,42,8,8,0) [ 10.897 ]
1735:(48,2,5,42,8,8,0) [ 10.425 ]
1736:(48,2,4,42,8,8,0) [ 9.953 ]
1737:(48,2,5,43,7,7,0) [ 10.379999999999999 ]
1738:(47,2,6,43,7,7,0) [ 10.7786 ]
1739:(48,2,4,43,7,7,0) [ 9.896999999999998 ]
1740:(48,2,3,43,7,7,0) [ 9.413999999999998 ]
1741:(48,2,2,43,7,7,0) [ 8.930999999999997 ]
1742:(49,2,1,43,7,7,0) [ 8.532399999999999 ]
1743:(49,2,2,44,6,6,0) [ 8.937399999999998 ]
1744:(48,2,3,44,6,6,0) [ 9.347 ]
1745:(49,2,1,44,6,6,0) [ 8.4434 ]
1746:(49,2,2,45,5,5,0) [ 8.8594 ]
1747:(48,2,3,45,5,5,0) [ 9.280000000000001 ]
1748:(50,2,1,45,5,5,0) [ 8.4388 ]
1749:(50,2,2,46,4,4,0) [ 8.865799999999998 ]
1750:(49,2,3,46,4,4,0) [ 9.297400000000001 ]
1751:(51,2,1,46,4,4,0) [ 8.434200000000002 ]
1752:(51,2,2,47,3,3,0) [ 8.872200000000001 ]
1753:(50,2,3,47,3,3,0) [ 9.314800000000002 ]
1754:(51,2,1,47,3,3,0) [ 8.345200000000002 ]
1755:(52,2,0,47,3,3,0) [ 7.9026000000000005 ]
1756:(52,2,1,48,2,2,0) [ 8.340599999999998 ]
1757:(51,2,2,48,2,2,0) [ 8.7942 ]
1758:(52,2,0,48,2,2,0) [ 7.802600000000001 ]
1759:(52,2,1,49,1,1,0) [ 8.2516 ]
1760:(51,2,2,49,1,1,0) [ 8.716199999999999 ]
1761:(53,2,0,49,1,1,0) [ 7.787 ]
1762:(53,2,1,50,0,0,0) [ 8.247 ]
1763:(52,2,2,50,0,0,0) [ 8.7226 ]
1764:(54,2,0,50,0,0,0) [ 7.771400000000001 ]
1765:(27,2,1,0,50,50,0) [ 10.502600000000001 TARGET ]
1766:(26,2,2,0,50,50,0) [ 10.4282 TARGET ]
1767:(27,2,2,1,49,49,0) [ 10.4346 ]
1768:(26,2,3,1,49,49,0) [ 10.3712 ]
1769:(27,2,3,2,48,48,0) [ 10.3886 ]
1770:(26,2,4,2,48,48,0) [ 10.336200000000002 ]
1771:(27,2,4,3,47,47,0) [ 10.3646 ]
1772:(26,2,5,3,47,47,0) [ 10.3232 ]
1773:(27,2,5,4,46,46,0) [ 10.3626 ]
1774:(26,2,6,4,46,46,0) [ 10.3322 ]
1775:(27,2,6,5,45,45,0) [ 10.3826 ]
1776:(26,2,7,5,45,45,0) [ 10.363199999999999 ]
1777:(27,2,7,6,44,44,0) [ 10.424600000000002 ]
1778:(26,2,8,6,44,44,0) [ 10.4162 ]
1779:(27,2,8,7,43,43,0) [ 10.488600000000002 ]
1780:(26,2,9,7,43,43,0) [ 10.4912 ]
1781:(27,2,9,8,42,42,0) [ 10.5746 ]
1782:(26,2,10,8,42,42,0) [ 10.5882 ]
1783:(27,2,8,8,42,42,0) [ 10.476600000000001 ]
1784:(27,2,9,9,41,41,0) [ 10.5736 ]
1785:(26,2,10,9,41,41,0) [ 10.598200000000002 ]
1786:(27,2,10,10,40,40,0) [ 10.6926 ]
1787:(26,2,11,10,40,40,0) [ 10.728200000000001 ]
1788:(28,2,9,10,40,40,0) [ 10.657 ]
1789:(28,2,10,11,39,39,0) [ 10.787 ]
1790:(27,2,11,11,39,39,0) [ 10.8336 ]
1791:(28,2,11,12,38,38,0) [ 10.939 ]
1792:(27,2,12,12,38,38,0) [ 10.9966 ]
1793:(28,2,12,13,37,37,0) [ 11.113000000000001 ]
1794:(27,2,13,13,37,37,0) [ 11.1816 ]
1795:(28,2,13,14,36,36,0) [ 11.309000000000001 ]
1796:(27,2,14,14,36,36,0) [ 11.3886 ]
1797:(28,2,14,15,35,35,0) [ 11.527000000000001 ]
1798:(27,2,15,15,35,35,0) [ 11.6176 ]
1799:(29,2,13,15,35,35,0) [ 11.436399999999999 ]
1800:(29,2,14,16,34,34,0) [ 11.6654 ]
1801:(28,2,15,16,34,34,0) [ 11.767000000000001 ]
1802:(29,2,15,17,33,33,0) [ 11.9164 ]
1803:(28,2,16,17,33,33,0) [ 12.029 ]
1804:(30,2,14,17,33,33,0) [ 11.8038 ]
1805:(30,2,15,18,32,32,0) [ 12.0658 ]
1806:(29,2,16,18,32,32,0) [ 12.1894 ]
1807:(30,2,16,19,31,31,0) [ 12.3498 ]
1808:(29,2,17,19,31,31,0) [ 12.484399999999999 ]
1809:(30,2,15,19,31,31,0) [ 12.130799999999999 ]
1810:(30,2,16,20,30,30,0) [ 12.425799999999999 ]
1811:(29,2,17,20,30,30,0) [ 12.5714 ]
1812:(30,2,17,21,29,29,0) [ 12.7428 ]
1813:(29,2,18,21,29,29,0) [ 12.8994 ]
1814:(30,2,16,21,29,29,0) [ 12.501800000000001 ]
1815:(30,2,17,22,28,28,0) [ 12.8298 ]
1816:(29,2,18,22,28,28,0) [ 12.9974 ]
1817:(31,2,16,22,28,28,0) [ 12.662200000000002 ]
1818:(31,2,17,23,27,27,0) [ 13.0012 ]
1819:(30,2,18,23,27,27,0) [ 13.1798 ]
1820:(32,2,16,23,27,27,0) [ 12.822600000000001 ]
1821:(32,2,17,24,26,26,0) [ 13.1726 ]
1822:(31,2,18,24,26,26,0) [ 13.3622 ]
1823:(32,2,18,25,25,25,0) [ 13.544599999999999 ]
1824:(31,2,19,25,25,25,0) [ 13.7452 ]
1825:(33,2,17,25,25,25,0) [ 13.344000000000001 ]
1826:(33,2,16,25,25,25,0) [ 13.059000000000001 ]
1827:(34,2,15,25,25,25,0) [ 12.8584 ]
1828:(34,2,16,26,24,24,0) [ 13.2194 ]
1829:(33,2,17,26,24,24,0) [ 13.431 ]
1830:(34,2,17,27,23,23,0) [ 13.602400000000003 ]
1831:(33,2,18,27,23,23,0) [ 13.825 ]
1832:(34,2,18,28,22,22,0) [ 14.0074 ]
1833:(33,2,19,28,22,22,0) [ 14.241 ]
1834:(34,2,17,28,22,22,0) [ 13.6894 ]
1835:(35,2,16,28,22,22,0) [ 13.4558 ]
1836:(36,2,15,28,22,22,0) [ 13.222199999999997 ]
1837:(36,2,16,29,21,21,0) [ 13.616200000000001 ]
1838:(35,2,17,29,21,21,0) [ 13.8608 ]
1839:(36,2,15,29,21,21,0) [ 13.2872 ]
1840:(37,2,14,29,21,21,0) [ 13.0426 ]
1841:(37,2,13,29,21,21,0) [ 12.713599999999998 ]
1842:(37,2,14,30,20,20,0) [ 13.0966 ]
1843:(36,2,15,30,20,20,0) [ 13.3522 ]
1844:(38,2,13,30,20,20,0) [ 12.841000000000001 ]
1845:(38,2,14,31,19,19,0) [ 13.235000000000001 ]
1846:(37,2,15,31,19,19,0) [ 13.501600000000002 ]
1847:(38,2,15,32,18,18,0) [ 13.651 ]
1848:(37,2,16,32,18,18,0) [ 13.9286 ]
1849:(39,2,14,32,18,18,0) [ 13.3734 ]
1850:(40,2,13,32,18,18,0) [ 13.0958 ]
1851:(40,2,12,32,18,18,0) [ 12.733800000000002 ]
1852:(40,2,11,32,18,18,0) [ 12.3718 ]
1853:(40,2,10,32,18,18,0) [ 12.009800000000002 ]
1854:(40,2,11,33,17,17,0) [ 12.392800000000001 ]
1855:(39,2,12,33,17,17,0) [ 12.6814 ]
1856:(40,2,12,34,16,16,0) [ 12.7978 ]
1857:(39,2,13,34,16,16,0) [ 13.097399999999999 ]
1858:(40,2,11,34,16,16,0) [ 12.4138 ]
1859:(41,2,10,34,16,16,0) [ 12.114199999999999 ]
1860:(41,2,9,34,16,16,0) [ 11.730199999999998 ]
1861:(41,2,10,35,15,15,0) [ 12.1242 ]
1862:(40,2,11,35,15,15,0) [ 12.4348 ]
1863:(41,2,11,36,14,14,0) [ 12.5402 ]
1864:(40,2,12,36,14,14,0) [ 12.8618 ]
1865:(41,2,10,36,14,14,0) [ 12.134200000000002 ]
1866:(41,2,11,37,13,13,0) [ 12.561200000000003 ]
1867:(40,2,12,37,13,13,0) [ 12.893800000000002 ]
1868:(42,2,10,37,13,13,0) [ 12.2286 ]
1869:(43,2,9,37,13,13,0) [ 11.896 ]
1870:(43,2,8,37,13,13,0) [ 11.479 ]
1871:(43,2,9,38,12,12,0) [ 11.895 ]
1872:(42,2,10,38,12,12,0) [ 12.238599999999998 ]
1873:(44,2,8,38,12,12,0) [ 11.551400000000001 ]
1874:(45,2,7,38,12,12,0) [ 11.207799999999999 ]
1875:(45,2,8,39,11,11,0) [ 11.623800000000001 ]
1876:(44,2,9,39,11,11,0) [ 11.978399999999999 ]
1877:(45,2,9,40,10,10,0) [ 12.061799999999998 ]
1878:(44,2,10,40,10,10,0) [ 12.427399999999999 ]
1879:(45,2,10,41,9,9,0) [ 12.5218 ]
1880:(44,2,11,41,9,9,0) [ 12.8984 ]
1881:(46,2,9,41,9,9,0) [ 12.1452 ]
1882:(47,2,8,41,9,9,0) [ 11.768600000000001 ]
1883:(48,2,7,41,9,9,0) [ 11.392000000000001 ]
1884:(48,2,6,41,9,9,0) [ 10.931 ]
1885:(48,2,7,42,8,8,0) [ 11.369 ]
1886:(47,2,8,42,8,8,0) [ 11.7566 ]
1887:(49,2,6,42,8,8,0) [ 10.9814 ]
1888:(49,2,5,42,8,8,0) [ 10.5094 ]
1889:(49,2,4,42,8,8,0) [ 10.037400000000002 ]
1890:(49,2,5,43,7,7,0) [ 10.464399999999998 ]
1891:(48,2,6,43,7,7,0) [ 10.863 ]
1892:(49,2,4,43,7,7,0) [ 9.9814 ]
1893:(49,2,3,43,7,7,0) [ 9.4984 ]
1894:(49,2,2,43,7,7,0) [ 9.0154 ]
1895:(50,2,1,43,7,7,0) [ 8.6168 ]
1896:(50,2,2,44,6,6,0) [ 9.021799999999999 ]
1897:(49,2,3,44,6,6,0) [ 9.4314 ]
1898:(50,2,1,44,6,6,0) [ 8.5278 ]
1899:(50,2,2,45,5,5,0) [ 8.9438 ]
1900:(49,2,3,45,5,5,0) [ 9.3644 ]
1901:(51,2,1,45,5,5,0) [ 8.523200000000001 ]
1902:(51,2,2,46,4,4,0) [ 8.9502 ]
1903:(50,2,3,46,4,4,0) [ 9.3818 ]
1904:(52,2,1,46,4,4,0) [ 8.518600000000001 ]
1905:(52,2,2,47,3,3,0) [ 8.956600000000002 ]
1906:(51,2,3,47,3,3,0) [ 9.399200000000002 ]
1907:(52,2,1,47,3,3,0) [ 8.4296 ]
1908:(53,2,0,47,3,3,0) [ 7.987 ]
1909:(53,2,1,48,2,2,0) [ 8.425 ]
1910:(52,2,2,48,2,2,0) [ 8.878599999999999 ]
1911:(53,2,0,48,2,2,0) [ 7.8870000000000005 ]
1912:(53,2,1,49,1,1,0) [ 8.336 ]
1913:(52,2,2,49,1,1,0) [ 8.800600000000001 ]
1914:(54,2,0,49,1,1,0) [ 7.8714 ]
1915:(54,2,1,50,0,0,0) [ 8.3314 ]
1916:(53,2,2,50,0,0,0) [ 8.806999999999999 ]
1917:(55,2,0,50,0,0,0) [ 7.8558 ]
1918:(24,2,3,0,50,50,0) [ 10.2694 TARGET ]
1919:(24,2,4,1,49,49,0) [ 10.2234 ]
1920:(24,2,5,2,48,48,0) [ 10.1994 ]
1921:(24,2,6,3,47,47,0) [ 10.1974 ]
1922:(24,2,7,4,46,46,0) [ 10.217400000000001 ]
1923:(24,2,8,5,45,45,0) [ 10.2594 ]
1924:(24,2,9,6,44,44,0) [ 10.3234 ]
1925:(24,2,10,7,43,43,0) [ 10.4094 ]
1926:(24,2,11,8,42,42,0) [ 10.517399999999999 ]
1927:(24,2,11,9,41,41,0) [ 10.5384 ]
1928:(24,2,12,10,40,40,0) [ 10.679400000000001 ]
1929:(25,2,12,11,39,39,0) [ 10.7958 ]
1930:(25,2,13,12,38,38,0) [ 10.9698 ]
1931:(25,2,14,13,37,37,0) [ 11.1658 ]
1932:(25,2,15,14,36,36,0) [ 11.383799999999999 ]
1933:(25,2,16,15,35,35,0) [ 11.6238 ]
1934:(26,2,16,16,34,34,0) [ 11.7842 ]
1935:(26,2,17,17,33,33,0) [ 12.057200000000002 ]
1936:(27,2,17,18,32,32,0) [ 12.2286 ]
1937:(27,2,18,19,31,31,0) [ 12.5346 ]
1938:(27,2,18,20,30,30,0) [ 12.6326 ]
1939:(27,2,19,21,29,29,0) [ 12.9716 ]
1940:(27,2,19,22,28,28,0) [ 13.0806 ]
1941:(28,2,19,23,27,27,0) [ 13.274000000000001 ]
1942:(29,2,19,24,26,26,0) [ 13.4674 ]
1943:(29,2,20,25,25,25,0) [ 13.8614 ]
1944:(31,2,18,26,24,24,0) [ 13.558200000000001 ]
1945:(31,2,19,27,23,23,0) [ 13.9632 ]
1946:(31,2,20,28,22,22,0) [ 14.3902 ]
1947:(33,2,18,29,21,21,0) [ 14.020999999999999 ]
1948:(34,2,16,30,20,20,0) [ 13.523399999999999 ]
1949:(35,2,16,31,19,19,0) [ 13.6838 ]
1950:(35,2,17,32,18,18,0) [ 14.1218 ]
1951:(37,2,13,33,17,17,0) [ 12.8856 ]
1952:(37,2,14,34,16,16,0) [ 13.312600000000002 ]
1953:(38,2,12,35,15,15,0) [ 12.661000000000001 ]
1954:(38,2,13,36,14,14,0) [ 13.099000000000002 ]
1955:(38,2,13,37,13,13,0) [ 13.142 ]
1956:(40,2,11,38,12,12,0) [ 12.497799999999998 ]
1957:(42,2,10,39,11,11,0) [ 12.248599999999998 ]
1958:(42,2,11,40,10,10,0) [ 12.7086 ]
1959:(42,2,12,41,9,9,0) [ 13.190600000000002 ]
1960:(45,2,9,42,8,8,0) [ 12.0598 ]
1961:(46,2,7,43,7,7,0) [ 11.1772 ]
1962:(47,2,4,44,6,6,0) [ 9.7566 ]
1963:(47,2,4,45,5,5,0) [ 9.700600000000001 ]
1964:(48,2,4,46,4,4,0) [ 9.729000000000001 ]
1965:(49,2,4,47,3,3,0) [ 9.7574 ]
1966:(50,2,3,48,2,2,0) [ 9.247799999999998 ]
1967:(50,2,3,49,1,1,0) [ 9.1808 ]
1968:(51,2,3,50,0,0,0) [ 9.198200000000002 ]
1969:(25,2,3,0,50,50,0) [ 10.3538 TARGET ]
1970:(25,2,4,1,49,49,0) [ 10.3078 ]
1971:(25,2,5,2,48,48,0) [ 10.2838 ]
1972:(25,2,6,3,47,47,0) [ 10.2818 ]
1973:(25,2,7,4,46,46,0) [ 10.3018 ]
1974:(25,2,8,5,45,45,0) [ 10.3438 ]
1975:(25,2,9,6,44,44,0) [ 10.4078 ]
1976:(25,2,10,7,43,43,0) [ 10.4938 ]
1977:(25,2,11,8,42,42,0) [ 10.6018 ]
1978:(25,2,11,9,41,41,0) [ 10.622800000000002 ]
1979:(25,2,12,10,40,40,0) [ 10.7638 ]
1980:(26,2,12,11,39,39,0) [ 10.8802 ]
1981:(26,2,13,12,38,38,0) [ 11.0542 ]
1982:(26,2,14,13,37,37,0) [ 11.2502 ]
1983:(26,2,15,14,36,36,0) [ 11.4682 ]
1984:(26,2,16,15,35,35,0) [ 11.708200000000001 ]
1985:(27,2,16,16,34,34,0) [ 11.8686 ]
1986:(27,2,17,17,33,33,0) [ 12.1416 ]
1987:(28,2,17,18,32,32,0) [ 12.312999999999999 ]
1988:(28,2,18,19,31,31,0) [ 12.619 ]
1989:(28,2,18,20,30,30,0) [ 12.716999999999999 ]
1990:(28,2,19,21,29,29,0) [ 13.056000000000001 ]
1991:(28,2,19,22,28,28,0) [ 13.165000000000001 ]
1992:(29,2,19,23,27,27,0) [ 13.3584 ]
1993:(30,2,19,24,26,26,0) [ 13.551799999999998 ]
1994:(30,2,20,25,25,25,0) [ 13.945799999999998 ]
1995:(32,2,18,26,24,24,0) [ 13.6426 ]
1996:(32,2,19,27,23,23,0) [ 14.0476 ]
1997:(32,2,20,28,22,22,0) [ 14.474599999999999 ]
1998:(34,2,18,29,21,21,0) [ 14.105399999999998 ]
1999:(35,2,16,30,20,20,0) [ 13.607800000000001 ]
2000:(36,2,16,31,19,19,0) [ 13.768200000000002 ]
2001:(36,2,17,32,18,18,0) [ 14.206200000000003 ]
2002:(38,2,13,33,17,17,0) [ 12.969999999999999 ]
2003:(38,2,14,34,16,16,0) [ 13.397 ]
2004:(39,2,12,35,15,15,0) [ 12.7454 ]
2005:(39,2,13,36,14,14,0) [ 13.1834 ]
2006:(39,2,13,37,13,13,0) [ 13.226400000000002 ]
2007:(41,2,11,38,12,12,0) [ 12.5822 ]
2008:(43,2,10,39,11,11,0) [ 12.333 ]
2009:(43,2,11,40,10,10,0) [ 12.793 ]
2010:(43,2,12,41,9,9,0) [ 13.275 ]
2011:(46,2,9,42,8,8,0) [ 12.144200000000001 ]
2012:(47,2,7,43,7,7,0) [ 11.2616 ]
2013:(48,2,4,44,6,6,0) [ 9.841 ]
2014:(48,2,4,45,5,5,0) [ 9.785 ]
2015:(49,2,4,46,4,4,0) [ 9.8134 ]
2016:(50,2,4,47,3,3,0) [ 9.8418 ]
2017:(51,2,3,48,2,2,0) [ 9.3322 ]
2018:(51,2,3,49,1,1,0) [ 9.265200000000002 ]
2019:(52,2,3,50,0,0,0) [ 9.282600000000002 ]
2020:(49,2,0,44,6,6,0) [ 7.949400000000001 ]
2021:(48,2,0,43,7,7,0) [ 7.965 ]
2022:(48,2,0,42,8,8,0) [ 8.065 ]
2023:(48,2,1,42,8,8,0) [ 8.536999999999999 ]
2024:(48,2,2,42,8,8,0) [ 9.009 ]
2025:(48,2,1,41,9,9,0) [ 8.626 ]
2026:(47,2,2,41,9,9,0) [ 9.002600000000001 ]
2027:(47,2,1,40,10,10,0) [ 8.630600000000001 ]
2028:(46,2,2,40,10,10,0) [ 8.996200000000002 ]
2029:(46,2,1,39,11,11,0) [ 8.635200000000001 ]
2030:(46,2,2,39,11,11,0) [ 9.074200000000001 ]
2031:(45,2,3,39,11,11,0) [ 9.4288 ]
2032:(45,2,2,38,12,12,0) [ 9.0678 ]
2033:(45,2,3,38,12,12,0) [ 9.4958 ]
2034:(45,2,2,37,13,13,0) [ 9.1458 ]
2035:(44,2,3,37,13,13,0) [ 9.4784 ]
2036:(44,2,2,36,14,14,0) [ 9.1394 ]
2037:(43,2,3,36,14,14,0) [ 9.461 ]
2038:(43,2,4,36,14,14,0) [ 9.866999999999999 ]
2039:(43,2,3,35,15,15,0) [ 9.527999999999999 ]
2040:(42,2,4,35,15,15,0) [ 9.8386 ]
2041:(42,2,3,34,16,16,0) [ 9.5106 ]
2042:(42,2,4,34,16,16,0) [ 9.894599999999999 ]
2043:(42,2,3,33,17,17,0) [ 9.5776 ]
2044:(42,2,2,32,18,18,0) [ 9.2826 ]
2045:(42,2,1,31,19,19,0) [ 9.009599999999999 ]
2046:(41,2,2,31,19,19,0) [ 9.2762 ]
2047:(41,2,1,30,20,20,0) [ 9.0142 ]
2048:(41,2,2,30,20,20,0) [ 9.3542 ]
2049:(40,2,3,30,20,20,0) [ 9.6098 ]
2050:(39,2,4,30,20,20,0) [ 9.865400000000001 ]
2051:(39,2,3,29,21,21,0) [ 9.5924 ]
2052:(39,2,2,28,22,22,0) [ 9.3414 ]
2053:(39,2,1,27,23,23,0) [ 9.112400000000001 ]
2054:(39,2,0,26,24,24,0) [ 8.9054 ]
2055:(39,2,1,26,24,24,0) [ 9.2014 ]
2056:(39,2,0,25,25,25,0) [ 9.0054 ]
2057:(39,2,1,25,25,25,0) [ 9.2904 ]
2058:(38,2,2,25,25,25,0) [ 9.491 ]
2059:(38,2,3,25,25,25,0) [ 9.776 ]
2060:(38,2,2,24,26,26,0) [ 9.569 ]
2061:(38,2,1,23,27,27,0) [ 9.384 ]
2062:(37,2,2,23,27,27,0) [ 9.5626 ]
2063:(36,2,3,23,27,27,0) [ 9.7412 ]
2064:(36,2,2,22,28,28,0) [ 9.5562 ]
2065:(35,2,3,22,28,28,0) [ 9.7238 ]
2066:(35,2,2,21,29,29,0) [ 9.549800000000001 ]
2067:(34,2,3,21,29,29,0) [ 9.7064 ]
2068:(34,2,4,21,29,29,0) [ 9.9474 ]
2069:(34,2,5,21,29,29,0) [ 10.188400000000001 ]
2070:(34,2,6,21,29,29,0) [ 10.429400000000001 ]
2071:(34,2,5,20,30,30,0) [ 10.2334 ]
2072:(34,2,6,20,30,30,0) [ 10.4634 ]
2073:(34,2,5,19,31,31,0) [ 10.2784 ]
2074:(34,2,4,18,32,32,0) [ 10.115400000000001 ]
2075:(33,2,5,18,32,32,0) [ 10.239 ]
2076:(33,2,6,18,32,32,0) [ 10.447000000000001 ]
2077:(33,2,5,17,33,33,0) [ 10.284 ]
2078:(33,2,4,16,34,34,0) [ 10.143 ]
2079:(32,2,5,16,34,34,0) [ 10.2446 ]
2080:(32,2,4,15,35,35,0) [ 10.1146 ]
2081:(32,2,3,14,36,36,0) [ 10.0066 ]
2082:(31,2,4,14,36,36,0) [ 10.0862 ]
2083:(31,2,3,13,37,37,0) [ 9.9892 ]
2084:(30,2,4,13,37,37,0) [ 10.0578 ]
2085:(30,2,3,12,38,38,0) [ 9.9718 ]
2086:(29,2,4,12,38,38,0) [ 10.0294 ]
2087:(28,2,5,12,38,38,0) [ 10.087 ]
2088:(27,2,6,12,38,38,0) [ 10.1446 ]
2089:(26,2,7,12,38,38,0) [ 10.202200000000001 ]
2090:(26,2,6,11,39,39,0) [ 10.0942 ]
2091:(26,2,7,11,39,39,0) [ 10.225200000000001 ]
2092:(26,2,6,10,40,40,0) [ 10.1282 ]
2093:(25,2,7,10,40,40,0) [ 10.1638 ]
2094:(25,2,6,9,41,41,0) [ 10.0778 ]
2095:(25,2,5,8,42,42,0) [ 10.0138 ]
2096:(25,2,4,7,43,43,0) [ 9.971799999999998 ]
2097:(25,2,3,6,44,44,0) [ 9.9518 ]
2098:(25,2,2,5,45,45,0) [ 9.9538 ]
2099:(25,2,1,4,46,46,0) [ 9.9778 ]
2100:(25,2,2,4,46,46,0) [ 10.0318 ]
2101:(25,2,1,3,47,47,0) [ 10.0668 ]
2102:(25,2,0,2,48,48,0) [ 10.123800000000001 ]
2103:(24,2,1,2,48,48,0) [ 10.0714 ]
2104:(24,2,2,2,48,48,0) [ 10.1034 ]
2105:(25,2,2,2,48,48,0) [ 10.187800000000001 ]
2106:(25,2,1,2,48,48,0) [ 10.1558 ]
2107:(26,2,0,2,48,48,0) [ 10.208200000000001 ]
2108:(26,2,1,3,47,47,0) [ 10.1512 ]
2109:(24,2,2,3,47,47,0) [ 10.025400000000001 ]
2110:(25,2,2,3,47,47,0) [ 10.1098 ]
2111:(26,2,2,4,46,46,0) [ 10.116200000000001 ]
2112:(24,2,3,4,46,46,0) [ 10.0014 ]
2113:(25,2,3,4,46,46,0) [ 10.085799999999999 ]
2114:(26,2,1,4,46,46,0) [ 10.0622 ]
2115:(26,2,2,5,45,45,0) [ 10.0382 ]
2116:(24,2,3,5,45,45,0) [ 9.9344 ]
2117:(25,2,3,5,45,45,0) [ 10.018799999999999 ]
2118:(26,2,3,6,44,44,0) [ 10.036200000000001 ]
2119:(24,2,4,6,44,44,0) [ 9.9434 ]
2120:(25,2,4,6,44,44,0) [ 10.0278 ]
2121:(26,2,4,7,43,43,0) [ 10.0562 ]
2122:(24,2,5,7,43,43,0) [ 9.9744 ]
2123:(25,2,5,7,43,43,0) [ 10.058799999999998 ]
2124:(26,2,5,8,42,42,0) [ 10.0982 ]
2125:(24,2,6,8,42,42,0) [ 10.0274 ]
2126:(25,2,6,8,42,42,0) [ 10.111799999999999 ]
2127:(26,2,6,9,41,41,0) [ 10.162200000000002 ]
2128:(24,2,7,9,41,41,0) [ 10.1024 ]
2129:(25,2,7,9,41,41,0) [ 10.186800000000002 ]
2130:(26,2,7,10,40,40,0) [ 10.2482 ]
2131:(24,2,8,10,40,40,0) [ 10.1994 ]
2132:(25,2,8,10,40,40,0) [ 10.2838 ]
2133:(27,2,6,10,40,40,0) [ 10.2126 ]
2134:(27,2,7,11,39,39,0) [ 10.3096 ]
2135:(25,2,8,11,39,39,0) [ 10.2718 ]
2136:(26,2,8,11,39,39,0) [ 10.356200000000001 ]
2137:(27,2,6,11,39,39,0) [ 10.178600000000001 ]
2138:(27,2,7,12,38,38,0) [ 10.2866 ]
2139:(25,2,8,12,38,38,0) [ 10.2598 ]
2140:(26,2,8,12,38,38,0) [ 10.3442 ]
2141:(28,2,6,12,38,38,0) [ 10.229000000000001 ]
2142:(29,2,5,12,38,38,0) [ 10.1714 ]
2143:(30,2,4,12,38,38,0) [ 10.113800000000001 ]
2144:(31,2,3,12,38,38,0) [ 10.0562 ]
2145:(31,2,4,13,37,37,0) [ 10.142199999999999 ]
2146:(29,2,5,13,37,37,0) [ 10.1264 ]
2147:(30,2,5,13,37,37,0) [ 10.210799999999999 ]
2148:(32,2,3,13,37,37,0) [ 10.073599999999999 ]
2149:(32,2,4,14,36,36,0) [ 10.1706 ]
2150:(30,2,5,14,36,36,0) [ 10.165799999999999 ]
2151:(31,2,5,14,36,36,0) [ 10.2502 ]
2152:(33,2,3,14,36,36,0) [ 10.091 ]
2153:(33,2,4,15,35,35,0) [ 10.199 ]
2154:(31,2,5,15,35,35,0) [ 10.2052 ]
2155:(32,2,5,15,35,35,0) [ 10.2896 ]
2156:(33,2,5,16,34,34,0) [ 10.329 ]
2157:(31,2,6,16,34,34,0) [ 10.3462 ]
2158:(32,2,6,16,34,34,0) [ 10.4306 ]
2159:(34,2,4,16,34,34,0) [ 10.2274 ]
2160:(34,2,5,17,33,33,0) [ 10.3684 ]
2161:(32,2,6,17,33,33,0) [ 10.396600000000001 ]
2162:(33,2,6,17,33,33,0) [ 10.481 ]
2163:(34,2,6,18,32,32,0) [ 10.531400000000001 ]
2164:(32,2,7,18,32,32,0) [ 10.570599999999999 ]
2165:(33,2,7,18,32,32,0) [ 10.655000000000001 ]
2166:(34,2,5,18,32,32,0) [ 10.3234 ]
2167:(35,2,4,18,32,32,0) [ 10.1998 ]
2168:(35,2,5,19,31,31,0) [ 10.3628 ]
2169:(33,2,6,19,31,31,0) [ 10.413 ]
2170:(34,2,6,19,31,31,0) [ 10.4974 ]
2171:(35,2,6,20,30,30,0) [ 10.5478 ]
2172:(33,2,7,20,30,30,0) [ 10.609 ]
2173:(34,2,7,20,30,30,0) [ 10.6934 ]
2174:(35,2,5,20,30,30,0) [ 10.3178 ]
2175:(35,2,6,21,29,29,0) [ 10.5138 ]
2176:(33,2,7,21,29,29,0) [ 10.586 ]
2177:(34,2,7,21,29,29,0) [ 10.6704 ]
2178:(35,2,5,21,29,29,0) [ 10.2728 ]
2179:(35,2,4,21,29,29,0) [ 10.0318 ]
2180:(35,2,3,21,29,29,0) [ 9.7908 ]
2181:(36,2,2,21,29,29,0) [ 9.6342 ]
2182:(36,2,3,22,28,28,0) [ 9.808200000000001 ]
2183:(34,2,4,22,28,28,0) [ 9.8914 ]
2184:(35,2,4,22,28,28,0) [ 9.975800000000001 ]
2185:(37,2,2,22,28,28,0) [ 9.640600000000001 ]
2186:(37,2,3,23,27,27,0) [ 9.825600000000001 ]
2187:(35,2,4,23,27,27,0) [ 9.9198 ]
2188:(36,2,4,23,27,27,0) [ 10.0042 ]
2189:(38,2,2,23,27,27,0) [ 9.647 ]
2190:(39,2,1,23,27,27,0) [ 9.468399999999999 ]
2191:(39,2,2,24,26,26,0) [ 9.6534 ]
2192:(37,2,3,24,26,26,0) [ 9.7586 ]
2193:(38,2,3,24,26,26,0) [ 9.843 ]
2194:(39,2,3,25,25,25,0) [ 9.8604 ]
2195:(37,2,4,25,25,25,0) [ 9.976600000000001 ]
2196:(38,2,4,25,25,25,0) [ 10.061 ]
2197:(39,2,2,25,25,25,0) [ 9.5754 ]
2198:(40,2,1,25,25,25,0) [ 9.3748 ]
2199:(40,2,0,25,25,25,0) [ 9.0898 ]
2200:(40,2,1,26,24,24,0) [ 9.2858 ]
2201:(38,2,2,26,24,24,0) [ 9.413 ]
2202:(39,2,2,26,24,24,0) [ 9.4974 ]
2203:(40,2,0,26,24,24,0) [ 8.9898 ]
2204:(40,2,1,27,23,23,0) [ 9.196800000000001 ]
2205:(38,2,2,27,23,23,0) [ 9.335 ]
2206:(39,2,2,27,23,23,0) [ 9.419400000000001 ]
2207:(40,2,2,28,22,22,0) [ 9.4258 ]
2208:(38,2,3,28,22,22,0) [ 9.575 ]
2209:(39,2,3,28,22,22,0) [ 9.659400000000002 ]
2210:(40,2,3,29,21,21,0) [ 9.6768 ]
2211:(38,2,4,29,21,21,0) [ 9.837 ]
2212:(39,2,4,29,21,21,0) [ 9.9214 ]
2213:(40,2,4,30,20,20,0) [ 9.9498 ]
2214:(38,2,5,30,20,20,0) [ 10.120999999999999 ]
2215:(39,2,5,30,20,20,0) [ 10.205400000000001 ]
2216:(41,2,3,30,20,20,0) [ 9.6942 ]
2217:(42,2,2,30,20,20,0) [ 9.438600000000001 ]
2218:(42,2,1,30,20,20,0) [ 9.0986 ]
2219:(42,2,2,31,19,19,0) [ 9.3606 ]
2220:(40,2,3,31,19,19,0) [ 9.5428 ]
2221:(41,2,3,31,19,19,0) [ 9.6272 ]
2222:(43,2,1,31,19,19,0) [ 9.094 ]
2223:(43,2,2,32,18,18,0) [ 9.367 ]
2224:(41,2,3,32,18,18,0) [ 9.5602 ]
2225:(42,2,3,32,18,18,0) [ 9.6446 ]
2226:(43,2,3,33,17,17,0) [ 9.661999999999999 ]
2227:(41,2,4,33,17,17,0) [ 9.8662 ]
2228:(42,2,4,33,17,17,0) [ 9.950599999999998 ]
2229:(43,2,4,34,16,16,0) [ 9.979000000000001 ]
2230:(41,2,5,34,16,16,0) [ 10.1942 ]
2231:(42,2,5,34,16,16,0) [ 10.278599999999999 ]
2232:(43,2,3,34,16,16,0) [ 9.595 ]
2233:(43,2,4,35,15,15,0) [ 9.923 ]
2234:(41,2,5,35,15,15,0) [ 10.1492 ]
2235:(42,2,5,35,15,15,0) [ 10.2336 ]
2236:(44,2,3,35,15,15,0) [ 9.612400000000001 ]
2237:(44,2,4,36,14,14,0) [ 9.951400000000001 ]
2238:(42,2,5,36,14,14,0) [ 10.1886 ]
2239:(43,2,5,36,14,14,0) [ 10.273 ]
2240:(44,2,3,36,14,14,0) [ 9.545399999999999 ]
2241:(45,2,2,36,14,14,0) [ 9.2238 ]
2242:(45,2,3,37,13,13,0) [ 9.5628 ]
2243:(43,2,4,37,13,13,0) [ 9.811 ]
2244:(44,2,4,37,13,13,0) [ 9.8954 ]
2245:(46,2,2,37,13,13,0) [ 9.2302 ]
2246:(46,2,3,38,12,12,0) [ 9.580200000000001 ]
2247:(44,2,4,38,12,12,0) [ 9.839400000000001 ]
2248:(45,2,4,38,12,12,0) [ 9.9238 ]
2249:(46,2,2,38,12,12,0) [ 9.1522 ]
2250:(46,2,3,39,11,11,0) [ 9.5132 ]
2251:(44,2,4,39,11,11,0) [ 9.783399999999999 ]
2252:(45,2,4,39,11,11,0) [ 9.8678 ]
2253:(47,2,2,39,11,11,0) [ 9.1586 ]
2254:(47,2,1,39,11,11,0) [ 8.7196 ]
2255:(47,2,2,40,10,10,0) [ 9.0806 ]
2256:(45,2,3,40,10,10,0) [ 9.361799999999999 ]
2257:(46,2,3,40,10,10,0) [ 9.446200000000001 ]
2258:(48,2,1,40,10,10,0) [ 8.715 ]
2259:(48,2,2,41,9,9,0) [ 9.087 ]
2260:(46,2,3,41,9,9,0) [ 9.3792 ]
2261:(47,2,3,41,9,9,0) [ 9.463600000000001 ]
2262:(49,2,1,41,9,9,0) [ 8.7104 ]
2263:(49,2,2,42,8,8,0) [ 9.093399999999999 ]
2264:(47,2,3,42,8,8,0) [ 9.396600000000001 ]
2265:(48,2,3,42,8,8,0) [ 9.481000000000002 ]
2266:(49,2,1,42,8,8,0) [ 8.6214 ]
2267:(49,2,0,42,8,8,0) [ 8.1494 ]
2268:(49,2,0,43,7,7,0) [ 8.0494 ]
2269:(50,2,0,44,6,6,0) [ 8.0338 ]
2270:(48,2,4,48,2,2,0) [ 9.616999999999999 ]
2271:(49,2,4,48,2,2,0) [ 9.7014 ]
2272:(-1,-1,-1,-1,-1,-1,-1) [ 0.0 ]