(R_,L,RL,G_,G_a,G_bg,G_d)
0:(50,2,0,50,0,0,0) [ 7.4338 ]
1:(49,2,1,50,0,0,0) [ 7.9094 ]
2:(49,2,0,49,1,1,0) [ 7.4494 ]
3:(49,2,1,49,1,1,0) [ 7.998399999999999 ]
4:(48,2,2,49,1,1,0) [ 8.463 ]
5:(48,2,1,48,2,2,0) [ 8.003 ]
6:(48,2,2,48,2,2,0) [ 8.540999999999999 ]
7:(48,2,1,47,3,3,0) [ 8.092 ]
8:(48,2,1,47,2,3,1) [ 3157.9919999999997 ]
9:(49,2,0,47,2,3,1) [ 3157.5494 ]
10:(49,2,0,48,2,2,0) [ 7.5494 ]
11:(49,2,1,48,2,2,0) [ 8.0874 ]
12:(49,2,0,47,3,3,0) [ 7.6494 ]
13:(49,2,1,47,3,3,0) [ 8.176400000000001 ]
14:(48,2,2,47,3,3,0) [ 8.619 ]
15:(48,2,1,46,4,4,0) [ 8.181 ]
16:(48,2,0,45,5,5,0) [ 7.765 ]
17:(48,2,1,45,5,5,0) [ 8.27 ]
18:(49,2,1,45,5,5,0) [ 8.3544 ]
19:(49,2,0,44,6,6,0) [ 7.949400000000001 ]
20:(49,2,1,44,6,6,0) [ 8.4434 ]
21:(49,2,2,44,6,6,0) [ 8.937399999999998 ]
22:(48,2,3,44,6,6,0) [ 9.347 ]
23:(47,2,3,44,6,6,0) [ 9.2626 ]
24:(47,2,4,44,6,6,0) [ 9.7566 ]
25:(47,2,3,43,7,7,0) [ 9.3296 ]
26:(47,2,4,43,7,7,0) [ 9.8126 ]
27:(47,2,3,42,8,8,0) [ 9.396600000000001 ]
28:(47,2,4,42,8,8,0) [ 9.8686 ]
29:(46,2,5,42,8,8,0) [ 10.2562 ]
30:(45,2,6,42,8,8,0) [ 10.643800000000002 ]
31:(45,2,7,42,8,8,0) [ 11.1158 ]
32:(45,2,6,41,9,9,0) [ 10.6778 ]
33:(44,2,7,41,9,9,0) [ 11.0544 ]
34:(43,2,8,41,9,9,0) [ 11.431 ]
35:(42,2,9,41,9,9,0) [ 11.807599999999999 ]
36:(42,2,8,40,10,10,0) [ 11.3586 ]
37:(42,2,7,39,11,11,0) [ 10.9316 ]
38:(42,2,6,38,12,12,0) [ 10.526599999999998 ]
39:(41,2,7,38,12,12,0) [ 10.8702 ]
40:(41,2,8,38,12,12,0) [ 11.298200000000001 ]
41:(41,2,9,38,12,12,0) [ 11.726199999999999 ]
42:(41,2,8,37,13,13,0) [ 11.310200000000002 ]
43:(41,2,9,37,13,13,0) [ 11.7272 ]
44:(41,2,8,36,14,14,0) [ 11.3222 ]
45:(40,2,9,36,14,14,0) [ 11.6438 ]
46:(40,2,8,35,15,15,0) [ 11.2498 ]
47:(40,2,7,34,16,16,0) [ 10.877799999999999 ]
48:(40,2,8,34,16,16,0) [ 11.2618 ]
49:(39,2,9,34,16,16,0) [ 11.5614 ]
50:(39,2,10,34,16,16,0) [ 11.9454 ]
51:(38,2,11,34,16,16,0) [ 12.245 ]
52:(38,2,12,34,16,16,0) [ 12.629 ]
53:(38,2,11,33,17,17,0) [ 12.224 ]
54:(38,2,11,33,16,17,1) [ 17862.124 ]
55:(37,2,12,33,16,17,1) [ 17862.4126 ]
56:(37,2,11,32,17,18,1) [ 18912.0186 ]
57:(37,2,10,31,18,19,1) [ 19961.6466 ]
58:(38,2,10,31,18,19,1) [ 19961.731 ]
59:(38,2,9,30,19,20,1) [ 21011.381 ]
60:(38,2,10,30,19,20,1) [ 21011.721 ]
61:(37,2,11,30,19,20,1) [ 21011.9766 ]
62:(37,2,10,29,20,21,1) [ 22061.6266 ]
63:(37,2,9,28,21,22,1) [ 23111.2986 ]
64:(37,2,10,28,21,22,1) [ 23111.616599999998 ]
65:(36,2,10,28,21,22,1) [ 23111.532199999998 ]
66:(36,2,9,27,22,23,1) [ 24161.215200000002 ]
67:(35,2,10,27,22,23,1) [ 24161.4378 ]
68:(36,2,8,26,23,24,1) [ 25210.9202 ]
69:(36,2,9,26,23,24,1) [ 25211.2162 ]
70:(36,2,8,25,24,25,1) [ 26260.932200000003 ]
71:(35,2,9,25,24,25,1) [ 26261.132800000003 ]
72:(35,2,8,24,25,26,1) [ 27310.8598 ]
73:(35,2,7,23,26,27,1) [ 28360.608799999998 ]
74:(35,2,6,22,27,28,1) [ 29410.379800000002 ]
75:(35,2,5,21,28,29,1) [ 30460.1728 ]
76:(35,2,6,21,28,29,1) [ 30460.4138 ]
77:(35,2,5,20,29,30,1) [ 31510.217800000002 ]
78:(35,2,6,20,29,30,1) [ 31510.4478 ]
79:(34,2,7,20,29,30,1) [ 31510.5934 ]
80:(33,2,8,20,29,30,1) [ 31510.739 ]
81:(33,2,9,20,29,30,1) [ 31510.969 ]
82:(33,2,8,19,30,31,1) [ 32560.751 ]
83:(33,2,9,19,30,31,1) [ 32560.97 ]
84:(33,2,8,18,31,32,1) [ 33610.763 ]
85:(33,2,7,17,32,33,1) [ 34660.577999999994 ]
86:(33,2,8,17,32,33,1) [ 34660.774999999994 ]
87:(32,2,9,17,32,33,1) [ 34660.887599999995 ]
88:(32,2,8,16,33,34,1) [ 35710.702600000004 ]
89:(32,2,7,15,34,35,1) [ 36760.539600000004 ]
90:(32,2,6,14,35,36,1) [ 37810.3986 ]
91:(31,2,7,14,35,36,1) [ 37810.4782 ]
92:(31,2,8,14,35,36,1) [ 37810.6422 ]
93:(31,2,9,14,35,36,1) [ 37810.8062 ]
94:(30,2,10,14,35,36,1) [ 37810.8858 ]
95:(29,2,11,14,35,36,1) [ 37810.9654 ]
96:(29,2,12,14,35,36,1) [ 37811.1294 ]
97:(29,2,11,13,36,37,1) [ 38860.9444 ]
98:(28,2,12,13,36,37,1) [ 38861.013 ]
99:(27,2,13,13,36,37,1) [ 38861.0816 ]
100:(27,2,12,12,37,38,1) [ 39910.8966 ]
101:(27,2,13,12,37,38,1) [ 39911.0386 ]
102:(27,2,14,12,37,38,1) [ 39911.1806 ]
103:(27,2,13,11,38,39,1) [ 40960.9956 ]
104:(26,2,14,11,38,39,1) [ 40961.0422 ]
105:(25,2,15,11,38,39,1) [ 40961.088800000005 ]
106:(25,2,16,11,38,39,1) [ 40961.219800000006 ]
107:(25,2,17,11,38,39,1) [ 40961.3508 ]
108:(25,2,18,11,38,39,1) [ 40961.4818 ]
109:(24,2,19,11,38,39,1) [ 40961.5284 ]
110:(25,2,19,11,38,39,1) [ 40961.6128 ]
111:(24,2,20,11,38,39,1) [ 40961.659400000004 ]
112:(24,2,21,11,38,39,1) [ 40961.790400000005 ]
113:(24,2,22,11,38,39,1) [ 40961.92140000001 ]
114:(24,2,21,10,39,40,1) [ 42011.659400000004 ]
115:(25,2,20,10,39,40,1) [ 42011.6238 ]
116:(25,2,21,10,39,40,1) [ 42011.743800000004 ]
117:(25,2,20,9,40,41,1) [ 43061.5038 ]
118:(25,2,19,8,41,42,1) [ 44111.2858 ]
119:(25,2,18,7,42,43,1) [ 45161.089799999994 ]
120:(25,2,17,6,43,44,1) [ 46210.9158 ]
121:(25,2,16,5,44,45,1) [ 47260.7638 ]
122:(25,2,15,4,45,46,1) [ 48310.6338 ]
123:(25,2,16,4,45,46,1) [ 48310.6878 ]
124:(24,2,17,4,45,46,1) [ 48310.6574 ]
125:(23,2,18,4,45,46,1) [ 48310.627 ]
126:(22,2,19,4,45,46,1) [ 48310.5966 ]
127:(22,2,20,4,45,46,1) [ 48310.6506 ]
128:(21,2,20,4,45,46,1) [ 48310.5662 ]
129:(21,2,19,3,46,47,1) [ 49360.4032 ]
130:(21,2,18,2,47,48,1) [ 50410.2622 ]
131:(21,2,19,2,47,48,1) [ 50410.2942 ]
132:(21,2,18,1,48,49,1) [ 51460.16420000001 ]
133:(20,2,19,1,48,49,1) [ 51460.1008 ]
134:(20,2,18,0,49,50,1) [ 52509.9818 TARGET ]
135:(21,2,18,0,49,50,1) [ 52510.0662 TARGET ]
136:(19,2,18,0,49,50,1) [ 52509.8974 TARGET ]
137:(19,2,19,0,49,50,1) [ 52509.907400000004 TARGET ]
138:(20,2,19,0,49,50,1) [ 52509.9918 TARGET ]
139:(21,2,19,1,48,49,1) [ 51460.1852 ]
140:(19,2,19,1,48,49,1) [ 51460.0164 ]
141:(19,2,20,1,48,49,1) [ 51460.0374 ]
142:(20,2,20,1,48,49,1) [ 51460.1218 ]
143:(22,2,18,1,48,49,1) [ 51460.248600000006 ]
144:(20,2,18,1,48,49,1) [ 51460.0798 ]
145:(22,2,19,2,47,48,1) [ 50410.3786 ]
146:(20,2,19,2,47,48,1) [ 50410.2098 ]
147:(20,2,20,2,47,48,1) [ 50410.241799999996 ]
148:(21,2,20,2,47,48,1) [ 50410.326199999996 ]
149:(22,2,18,2,47,48,1) [ 50410.3466 ]
150:(20,2,18,2,47,48,1) [ 50410.1778 ]
151:(22,2,19,3,46,47,1) [ 49360.4876 ]
152:(20,2,19,3,46,47,1) [ 49360.3188 ]
153:(20,2,20,3,46,47,1) [ 49360.3618 ]
154:(21,2,20,3,46,47,1) [ 49360.4462 ]
155:(20,2,20,4,45,46,1) [ 48310.4818 ]
156:(20,2,21,4,45,46,1) [ 48310.5358 ]
157:(21,2,21,4,45,46,1) [ 48310.6202 ]
158:(23,2,20,4,45,46,1) [ 48310.735 ]
159:(22,2,21,4,45,46,1) [ 48310.7046 ]
160:(23,2,19,4,45,46,1) [ 48310.681 ]
161:(21,2,19,4,45,46,1) [ 48310.5122 ]
162:(24,2,18,4,45,46,1) [ 48310.7114 ]
163:(22,2,18,4,45,46,1) [ 48310.5426 ]
164:(25,2,17,4,45,46,1) [ 48310.7418 ]
165:(23,2,17,4,45,46,1) [ 48310.573 ]
166:(26,2,16,4,45,46,1) [ 48310.7722 ]
167:(24,2,16,4,45,46,1) [ 48310.6034 ]
168:(26,2,15,4,45,46,1) [ 48310.7182 ]
169:(24,2,15,4,45,46,1) [ 48310.5494 ]
170:(26,2,16,5,44,45,1) [ 47260.8482 ]
171:(24,2,16,5,44,45,1) [ 47260.6794 ]
172:(24,2,17,5,44,45,1) [ 47260.7444 ]
173:(25,2,17,5,44,45,1) [ 47260.8288 ]
174:(26,2,17,6,43,44,1) [ 46211.0002 ]
175:(24,2,17,6,43,44,1) [ 46210.8314 ]
176:(24,2,18,6,43,44,1) [ 46210.907400000004 ]
177:(25,2,18,6,43,44,1) [ 46210.9918 ]
178:(26,2,18,7,42,43,1) [ 45161.174199999994 ]
179:(24,2,18,7,42,43,1) [ 45161.005399999995 ]
180:(24,2,19,7,42,43,1) [ 45161.092399999994 ]
181:(25,2,19,7,42,43,1) [ 45161.176799999994 ]
182:(26,2,19,8,41,42,1) [ 44111.3702 ]
183:(24,2,19,8,41,42,1) [ 44111.2014 ]
184:(24,2,20,8,41,42,1) [ 44111.299399999996 ]
185:(25,2,20,8,41,42,1) [ 44111.383799999996 ]
186:(26,2,20,9,40,41,1) [ 43061.5882 ]
187:(24,2,20,9,40,41,1) [ 43061.4194 ]
188:(24,2,21,9,40,41,1) [ 43061.5284 ]
189:(25,2,21,9,40,41,1) [ 43061.6128 ]
190:(26,2,21,10,39,40,1) [ 42011.8282 ]
191:(24,2,22,10,39,40,1) [ 42011.7794 ]
192:(25,2,22,10,39,40,1) [ 42011.8638 ]
193:(26,2,20,10,39,40,1) [ 42011.7082 ]
194:(24,2,20,10,39,40,1) [ 42011.5394 ]
195:(23,2,21,10,39,40,1) [ 42011.575000000004 ]
196:(23,2,22,10,39,40,1) [ 42011.695 ]
197:(25,2,22,11,38,39,1) [ 40962.005800000006 ]
198:(23,2,22,11,38,39,1) [ 40961.837 ]
199:(23,2,23,11,38,39,1) [ 40961.968 ]
200:(24,2,23,11,38,39,1) [ 40962.0524 ]
201:(25,2,21,11,38,39,1) [ 40961.874800000005 ]
202:(23,2,21,11,38,39,1) [ 40961.706000000006 ]
203:(25,2,20,11,38,39,1) [ 40961.743800000004 ]
204:(23,2,20,11,38,39,1) [ 40961.575000000004 ]
205:(26,2,19,11,38,39,1) [ 40961.6972 ]
206:(23,2,19,11,38,39,1) [ 40961.444 ]
207:(26,2,18,11,38,39,1) [ 40961.5662 ]
208:(24,2,18,11,38,39,1) [ 40961.3974 ]
209:(26,2,17,11,38,39,1) [ 40961.4352 ]
210:(24,2,17,11,38,39,1) [ 40961.2664 ]
211:(26,2,16,11,38,39,1) [ 40961.304200000006 ]
212:(24,2,16,11,38,39,1) [ 40961.13540000001 ]
213:(26,2,15,11,38,39,1) [ 40961.173200000005 ]
214:(24,2,15,11,38,39,1) [ 40961.004400000005 ]
215:(27,2,14,11,38,39,1) [ 40961.1266 ]
216:(25,2,14,11,38,39,1) [ 40960.957800000004 ]
217:(28,2,13,11,38,39,1) [ 40961.08 ]
218:(26,2,13,11,38,39,1) [ 40960.9112 ]
219:(28,2,14,12,37,38,1) [ 39911.265 ]
220:(26,2,14,12,37,38,1) [ 39911.0962 ]
221:(26,2,15,12,37,38,1) [ 39911.2382 ]
222:(27,2,15,12,37,38,1) [ 39911.3226 ]
223:(28,2,13,12,37,38,1) [ 39911.123 ]
224:(26,2,13,12,37,38,1) [ 39910.9542 ]
225:(28,2,12,12,37,38,1) [ 39910.981 ]
226:(26,2,12,12,37,38,1) [ 39910.8122 ]
227:(28,2,13,13,36,37,1) [ 38861.166 ]
228:(26,2,13,13,36,37,1) [ 38860.9972 ]
229:(26,2,14,13,36,37,1) [ 38861.1502 ]
230:(27,2,14,13,36,37,1) [ 38861.234599999996 ]
231:(29,2,12,13,36,37,1) [ 38861.0974 ]
232:(27,2,12,13,36,37,1) [ 38860.9286 ]
233:(30,2,11,13,36,37,1) [ 38861.0288 ]
234:(28,2,11,13,36,37,1) [ 38860.86 ]
235:(30,2,12,14,35,36,1) [ 37811.2138 ]
236:(28,2,12,14,35,36,1) [ 37811.045 ]
237:(28,2,13,14,35,36,1) [ 37811.209 ]
238:(29,2,13,14,35,36,1) [ 37811.2934 ]
239:(30,2,11,14,35,36,1) [ 37811.0498 ]
240:(28,2,11,14,35,36,1) [ 37810.881 ]
241:(31,2,10,14,35,36,1) [ 37810.9702 ]
242:(29,2,10,14,35,36,1) [ 37810.8014 ]
243:(32,2,9,14,35,36,1) [ 37810.8906 ]
244:(30,2,9,14,35,36,1) [ 37810.7218 ]
245:(32,2,8,14,35,36,1) [ 37810.7266 ]
246:(30,2,8,14,35,36,1) [ 37810.5578 ]
247:(32,2,7,14,35,36,1) [ 37810.5626 ]
248:(30,2,7,14,35,36,1) [ 37810.3938 ]
249:(33,2,6,14,35,36,1) [ 37810.483 ]
250:(31,2,6,14,35,36,1) [ 37810.3142 ]
251:(33,2,7,15,34,35,1) [ 36760.624 ]
252:(31,2,7,15,34,35,1) [ 36760.455200000004 ]
253:(31,2,8,15,34,35,1) [ 36760.6302 ]
254:(32,2,8,15,34,35,1) [ 36760.7146 ]
255:(33,2,8,16,33,34,1) [ 35710.787000000004 ]
256:(31,2,8,16,33,34,1) [ 35710.618200000004 ]
257:(31,2,9,16,33,34,1) [ 35710.804200000006 ]
258:(32,2,9,16,33,34,1) [ 35710.888600000006 ]
259:(33,2,9,17,32,33,1) [ 34660.971999999994 ]
260:(31,2,9,17,32,33,1) [ 34660.803199999995 ]
261:(31,2,10,17,32,33,1) [ 34661.000199999995 ]
262:(32,2,10,17,32,33,1) [ 34661.084599999995 ]
263:(34,2,8,17,32,33,1) [ 34660.859399999994 ]
264:(32,2,8,17,32,33,1) [ 34660.690599999994 ]
265:(34,2,7,17,32,33,1) [ 34660.662399999994 ]
266:(32,2,7,17,32,33,1) [ 34660.493599999994 ]
267:(34,2,8,18,31,32,1) [ 33610.8474 ]
268:(32,2,8,18,31,32,1) [ 33610.6786 ]
269:(32,2,9,18,31,32,1) [ 33610.8866 ]
270:(33,2,9,18,31,32,1) [ 33610.971 ]
271:(34,2,9,19,30,31,1) [ 32561.0544 ]
272:(32,2,9,19,30,31,1) [ 32560.8856 ]
273:(32,2,10,19,30,31,1) [ 32561.1046 ]
274:(33,2,10,19,30,31,1) [ 32561.189 ]
275:(34,2,8,19,30,31,1) [ 32560.8354 ]
276:(32,2,8,19,30,31,1) [ 32560.6666 ]
277:(34,2,9,20,29,30,1) [ 31511.0534 ]
278:(32,2,9,20,29,30,1) [ 31510.8846 ]
279:(32,2,10,20,29,30,1) [ 31511.1146 ]
280:(33,2,10,20,29,30,1) [ 31511.199 ]
281:(34,2,8,20,29,30,1) [ 31510.8234 ]
282:(32,2,8,20,29,30,1) [ 31510.6546 ]
283:(35,2,7,20,29,30,1) [ 31510.6778 ]
284:(33,2,7,20,29,30,1) [ 31510.509000000002 ]
285:(36,2,6,20,29,30,1) [ 31510.5322 ]
286:(34,2,6,20,29,30,1) [ 31510.363400000002 ]
287:(36,2,5,20,29,30,1) [ 31510.302200000002 ]
288:(34,2,5,20,29,30,1) [ 31510.133400000002 ]
289:(36,2,6,21,28,29,1) [ 30460.498199999998 ]
290:(34,2,6,21,28,29,1) [ 30460.3294 ]
291:(34,2,7,21,28,29,1) [ 30460.5704 ]
292:(35,2,7,21,28,29,1) [ 30460.6548 ]
293:(36,2,5,21,28,29,1) [ 30460.2572 ]
294:(34,2,5,21,28,29,1) [ 30460.0884 ]
295:(36,2,6,22,27,28,1) [ 29410.464200000002 ]
296:(34,2,6,22,27,28,1) [ 29410.2954 ]
297:(34,2,7,22,27,28,1) [ 29410.5474 ]
298:(35,2,7,22,27,28,1) [ 29410.6318 ]
299:(36,2,7,23,26,27,1) [ 28360.693199999998 ]
300:(34,2,7,23,26,27,1) [ 28360.5244 ]
301:(34,2,8,23,26,27,1) [ 28360.787399999997 ]
302:(35,2,8,23,26,27,1) [ 28360.871799999997 ]
303:(36,2,8,24,25,26,1) [ 27310.9442 ]
304:(34,2,8,24,25,26,1) [ 27310.7754 ]
305:(34,2,9,24,25,26,1) [ 27311.0494 ]
306:(35,2,9,24,25,26,1) [ 27311.1338 ]
307:(36,2,9,25,24,25,1) [ 26261.217200000003 ]
308:(34,2,9,25,24,25,1) [ 26261.0484 ]
309:(34,2,10,25,24,25,1) [ 26261.333400000003 ]
310:(35,2,10,25,24,25,1) [ 26261.417800000003 ]
311:(37,2,8,25,24,25,1) [ 26261.016600000003 ]
312:(35,2,8,25,24,25,1) [ 26260.847800000003 ]
313:(37,2,9,26,23,24,1) [ 25211.3006 ]
314:(35,2,9,26,23,24,1) [ 25211.1318 ]
315:(35,2,10,26,23,24,1) [ 25211.427799999998 ]
316:(36,2,10,26,23,24,1) [ 25211.5122 ]
317:(37,2,8,26,23,24,1) [ 25211.0046 ]
318:(35,2,8,26,23,24,1) [ 25210.8358 ]
319:(37,2,9,27,22,23,1) [ 24161.299600000002 ]
320:(35,2,9,27,22,23,1) [ 24161.1308 ]
321:(36,2,10,27,22,23,1) [ 24161.5222 ]
322:(34,2,10,27,22,23,1) [ 24161.3534 ]
323:(34,2,11,27,22,23,1) [ 24161.6604 ]
324:(35,2,11,27,22,23,1) [ 24161.7448 ]
325:(35,2,10,28,21,22,1) [ 23111.447799999998 ]
326:(35,2,11,28,21,22,1) [ 23111.765799999997 ]
327:(36,2,11,28,21,22,1) [ 23111.850199999997 ]
328:(38,2,10,28,21,22,1) [ 23111.700999999997 ]
329:(37,2,11,28,21,22,1) [ 23111.934599999997 ]
330:(38,2,9,28,21,22,1) [ 23111.382999999998 ]
331:(36,2,9,28,21,22,1) [ 23111.2142 ]
332:(38,2,10,29,20,21,1) [ 22061.711 ]
333:(36,2,10,29,20,21,1) [ 22061.5422 ]
334:(36,2,11,29,20,21,1) [ 22061.8712 ]
335:(37,2,11,29,20,21,1) [ 22061.9556 ]
336:(38,2,11,30,19,20,1) [ 21012.061 ]
337:(36,2,11,30,19,20,1) [ 21011.892200000002 ]
338:(36,2,12,30,19,20,1) [ 21012.232200000002 ]
339:(37,2,12,30,19,20,1) [ 21012.316600000002 ]
340:(39,2,10,30,19,20,1) [ 21011.8054 ]
341:(37,2,10,30,19,20,1) [ 21011.6366 ]
342:(39,2,9,30,19,20,1) [ 21011.4654 ]
343:(37,2,9,30,19,20,1) [ 21011.2966 ]
344:(39,2,10,31,18,19,1) [ 19961.8154 ]
345:(37,2,11,31,18,19,1) [ 19961.9976 ]
346:(38,2,11,31,18,19,1) [ 19962.082 ]
347:(36,2,10,31,18,19,1) [ 19961.5622 ]
348:(36,2,11,31,18,19,1) [ 19961.9132 ]
349:(38,2,11,32,17,18,1) [ 18912.103 ]
350:(36,2,11,32,17,18,1) [ 18911.9342 ]
351:(36,2,12,32,17,18,1) [ 18912.2962 ]
352:(37,2,12,32,17,18,1) [ 18912.3806 ]
353:(38,2,12,33,16,17,1) [ 17862.497 ]
354:(36,2,12,33,16,17,1) [ 17862.3282 ]
355:(36,2,13,33,16,17,1) [ 17862.7012 ]
356:(37,2,13,33,16,17,1) [ 17862.7856 ]
357:(39,2,11,33,16,17,1) [ 17862.2084 ]
358:(37,2,11,33,16,17,1) [ 17862.0396 ]
359:(39,2,11,33,17,17,0) [ 12.308399999999999 ]
360:(37,2,11,33,17,17,0) [ 12.139599999999998 ]
361:(37,2,12,33,17,17,0) [ 12.512599999999999 ]
362:(38,2,12,33,17,17,0) [ 12.597000000000001 ]
363:(39,2,12,34,16,16,0) [ 12.713400000000002 ]
364:(37,2,12,34,16,16,0) [ 12.5446 ]
365:(37,2,13,34,16,16,0) [ 12.928599999999998 ]
366:(38,2,13,34,16,16,0) [ 13.013 ]
367:(39,2,11,34,16,16,0) [ 12.3294 ]
368:(37,2,11,34,16,16,0) [ 12.1606 ]
369:(40,2,10,34,16,16,0) [ 12.0298 ]
370:(38,2,10,34,16,16,0) [ 11.860999999999999 ]
371:(40,2,9,34,16,16,0) [ 11.6458 ]
372:(38,2,9,34,16,16,0) [ 11.476999999999999 ]
373:(41,2,8,34,16,16,0) [ 11.346200000000001 ]
374:(39,2,8,34,16,16,0) [ 11.1774 ]
375:(41,2,7,34,16,16,0) [ 10.962200000000001 ]
376:(39,2,7,34,16,16,0) [ 10.7934 ]
377:(41,2,8,35,15,15,0) [ 11.3342 ]
378:(39,2,8,35,15,15,0) [ 11.1654 ]
379:(39,2,9,35,15,15,0) [ 11.560400000000001 ]
380:(40,2,9,35,15,15,0) [ 11.6448 ]
381:(41,2,9,36,14,14,0) [ 11.7282 ]
382:(39,2,9,36,14,14,0) [ 11.5594 ]
383:(39,2,10,36,14,14,0) [ 11.9654 ]
384:(40,2,10,36,14,14,0) [ 12.0498 ]
385:(42,2,8,36,14,14,0) [ 11.4066 ]
386:(40,2,8,36,14,14,0) [ 11.237800000000002 ]
387:(42,2,9,37,13,13,0) [ 11.8116 ]
388:(40,2,9,37,13,13,0) [ 11.642800000000001 ]
389:(40,2,10,37,13,13,0) [ 12.0598 ]
390:(41,2,10,37,13,13,0) [ 12.144200000000001 ]
391:(42,2,8,37,13,13,0) [ 11.3946 ]
392:(40,2,8,37,13,13,0) [ 11.2258 ]
393:(42,2,9,38,12,12,0) [ 11.810599999999997 ]
394:(40,2,9,38,12,12,0) [ 11.6418 ]
395:(40,2,10,38,12,12,0) [ 12.0698 ]
396:(41,2,10,38,12,12,0) [ 12.1542 ]
397:(42,2,8,38,12,12,0) [ 11.3826 ]
398:(40,2,8,38,12,12,0) [ 11.213799999999999 ]
399:(42,2,7,38,12,12,0) [ 10.9546 ]
400:(40,2,7,38,12,12,0) [ 10.785799999999998 ]
401:(43,2,6,38,12,12,0) [ 10.611 ]
402:(41,2,6,38,12,12,0) [ 10.4422 ]
403:(43,2,7,39,11,11,0) [ 11.016 ]
404:(41,2,7,39,11,11,0) [ 10.847199999999999 ]
405:(41,2,8,39,11,11,0) [ 11.2862 ]
406:(42,2,8,39,11,11,0) [ 11.3706 ]
407:(43,2,8,40,10,10,0) [ 11.443 ]
408:(41,2,8,40,10,10,0) [ 11.2742 ]
409:(41,2,9,40,10,10,0) [ 11.7242 ]
410:(42,2,9,40,10,10,0) [ 11.808599999999998 ]
411:(43,2,9,41,9,9,0) [ 11.892 ]
412:(41,2,9,41,9,9,0) [ 11.7232 ]
413:(41,2,10,41,9,9,0) [ 12.184200000000002 ]
414:(42,2,10,41,9,9,0) [ 12.268600000000001 ]
415:(44,2,8,41,9,9,0) [ 11.515400000000001 ]
416:(42,2,8,41,9,9,0) [ 11.3466 ]
417:(45,2,7,41,9,9,0) [ 11.138800000000002 ]
418:(43,2,7,41,9,9,0) [ 10.97 ]
419:(46,2,6,41,9,9,0) [ 10.762200000000002 ]
420:(44,2,6,41,9,9,0) [ 10.5934 ]
421:(46,2,7,42,8,8,0) [ 11.200200000000002 ]
422:(44,2,7,42,8,8,0) [ 11.031400000000001 ]
423:(44,2,8,42,8,8,0) [ 11.5034 ]
424:(45,2,8,42,8,8,0) [ 11.587800000000001 ]
425:(46,2,6,42,8,8,0) [ 10.728200000000001 ]
426:(44,2,6,42,8,8,0) [ 10.5594 ]
427:(47,2,5,42,8,8,0) [ 10.340600000000002 ]
428:(45,2,5,42,8,8,0) [ 10.171800000000001 ]
429:(48,2,4,42,8,8,0) [ 9.953 ]
430:(46,2,4,42,8,8,0) [ 9.784200000000002 ]
431:(48,2,3,42,8,8,0) [ 9.481000000000002 ]
432:(46,2,3,42,8,8,0) [ 9.3122 ]
433:(48,2,4,43,7,7,0) [ 9.896999999999998 ]
434:(46,2,4,43,7,7,0) [ 9.728200000000001 ]
435:(46,2,5,43,7,7,0) [ 10.211199999999998 ]
436:(47,2,5,43,7,7,0) [ 10.2956 ]
437:(48,2,3,43,7,7,0) [ 9.413999999999998 ]
438:(46,2,3,43,7,7,0) [ 9.2452 ]
439:(48,2,4,44,6,6,0) [ 9.841 ]
440:(46,2,4,44,6,6,0) [ 9.6722 ]
441:(46,2,5,44,6,6,0) [ 10.1662 ]
442:(47,2,5,44,6,6,0) [ 10.2506 ]
443:(46,2,3,44,6,6,0) [ 9.178199999999999 ]
444:(49,2,3,44,6,6,0) [ 9.4314 ]
445:(50,2,2,44,6,6,0) [ 9.021799999999999 ]
446:(48,2,2,44,6,6,0) [ 8.853 ]
447:(50,2,1,44,6,6,0) [ 8.5278 ]
448:(48,2,1,44,6,6,0) [ 8.359 ]
449:(50,2,0,44,6,6,0) [ 8.0338 ]
450:(48,2,0,44,6,6,0) [ 7.865 ]
451:(50,2,1,45,5,5,0) [ 8.4388 ]
452:(48,2,2,45,5,5,0) [ 8.774999999999999 ]
453:(49,2,2,45,5,5,0) [ 8.8594 ]
454:(47,2,1,45,5,5,0) [ 8.1856 ]
455:(47,2,2,45,5,5,0) [ 8.6906 ]
456:(49,2,0,45,5,5,0) [ 7.8494 ]
457:(47,2,0,45,5,5,0) [ 7.6806 ]
458:(49,2,1,46,4,4,0) [ 8.2654 ]
459:(47,2,1,46,4,4,0) [ 8.0966 ]
460:(47,2,2,46,4,4,0) [ 8.612600000000002 ]
461:(48,2,2,46,4,4,0) [ 8.697000000000001 ]
462:(49,2,2,47,3,3,0) [ 8.7034 ]
463:(47,2,2,47,3,3,0) [ 8.534600000000001 ]
464:(47,2,3,47,3,3,0) [ 9.061600000000002 ]
465:(48,2,3,47,3,3,0) [ 9.146 ]
466:(50,2,1,47,3,3,0) [ 8.2608 ]
467:(50,2,0,47,3,3,0) [ 7.7338 ]
468:(48,2,0,47,3,3,0) [ 7.5649999999999995 ]
469:(50,2,1,48,2,2,0) [ 8.1718 ]
470:(49,2,2,48,2,2,0) [ 8.625399999999999 ]
471:(50,2,0,48,2,2,0) [ 7.6338 ]
472:(48,2,0,48,2,2,0) [ 7.465 ]
473:(50,2,0,47,2,3,1) [ 3157.6337999999996 ]
474:(48,2,0,47,2,3,1) [ 3157.4649999999997 ]
475:(49,2,1,47,2,3,1) [ 3158.0764 ]
476:(47,2,1,47,2,3,1) [ 3157.9076 ]
477:(47,2,2,47,2,3,1) [ 3158.4345999999996 ]
478:(48,2,2,47,2,3,1) [ 3158.519 ]
479:(47,2,1,47,3,3,0) [ 8.0076 ]
480:(47,2,2,48,2,2,0) [ 8.4566 ]
481:(47,2,3,48,2,2,0) [ 8.994599999999998 ]
482:(48,2,3,48,2,2,0) [ 9.079 ]
483:(47,2,1,48,2,2,0) [ 7.9186000000000005 ]
484:(49,2,2,49,1,1,0) [ 8.547399999999998 ]
485:(47,2,2,49,1,1,0) [ 8.3786 ]
486:(47,2,3,49,1,1,0) [ 8.9276 ]
487:(48,2,3,49,1,1,0) [ 9.011999999999999 ]
488:(50,2,1,49,1,1,0) [ 8.082799999999999 ]
489:(48,2,1,49,1,1,0) [ 7.913999999999999 ]
490:(50,2,0,49,1,1,0) [ 7.533799999999999 ]
491:(48,2,0,49,1,1,0) [ 7.364999999999999 ]
492:(50,2,1,50,0,0,0) [ 7.993799999999999 ]
493:(48,2,1,50,0,0,0) [ 7.824999999999999 ]
494:(48,2,2,50,0,0,0) [ 8.384999999999998 ]
495:(49,2,2,50,0,0,0) [ 8.4694 ]
496:(51,2,0,50,0,0,0) [ 7.518200000000001 ]
497:(49,2,0,50,0,0,0) [ 7.3494 ]
498:(22,2,18,0,49,50,1) [ 52510.1506 TARGET ]
499:(21,2,19,0,49,50,1) [ 52510.0762 TARGET ]
500:(22,2,19,1,48,49,1) [ 51460.2696 ]
501:(21,2,20,1,48,49,1) [ 51460.2062 ]
502:(23,2,18,1,48,49,1) [ 51460.333000000006 ]
503:(23,2,19,2,47,48,1) [ 50410.462999999996 ]
504:(22,2,20,2,47,48,1) [ 50410.410599999996 ]
505:(23,2,18,2,47,48,1) [ 50410.431 ]
506:(23,2,19,3,46,47,1) [ 49360.572 ]
507:(22,2,20,3,46,47,1) [ 49360.5306 ]
508:(24,2,20,4,45,46,1) [ 48310.8194 ]
509:(23,2,21,4,45,46,1) [ 48310.789 ]
510:(24,2,19,4,45,46,1) [ 48310.7654 ]
511:(25,2,18,4,45,46,1) [ 48310.7958 ]
512:(26,2,17,4,45,46,1) [ 48310.8262 ]
513:(27,2,16,4,45,46,1) [ 48310.8566 ]
514:(27,2,15,4,45,46,1) [ 48310.8026 ]
515:(27,2,16,5,44,45,1) [ 47260.9326 ]
516:(26,2,17,5,44,45,1) [ 47260.9132 ]
517:(27,2,17,6,43,44,1) [ 46211.0846 ]
518:(26,2,18,6,43,44,1) [ 46211.0762 ]
519:(27,2,18,7,42,43,1) [ 45161.258599999994 ]
520:(26,2,19,7,42,43,1) [ 45161.26119999999 ]
521:(27,2,19,8,41,42,1) [ 44111.4546 ]
522:(26,2,20,8,41,42,1) [ 44111.468199999996 ]
523:(27,2,20,9,40,41,1) [ 43061.6726 ]
524:(26,2,21,9,40,41,1) [ 43061.6972 ]
525:(27,2,21,10,39,40,1) [ 42011.9126 ]
526:(26,2,22,10,39,40,1) [ 42011.9482 ]
527:(27,2,20,10,39,40,1) [ 42011.7926 ]
528:(26,2,22,11,38,39,1) [ 40962.090200000006 ]
529:(25,2,23,11,38,39,1) [ 40962.1368 ]
530:(26,2,21,11,38,39,1) [ 40961.959200000005 ]
531:(26,2,20,11,38,39,1) [ 40961.8282 ]
532:(27,2,19,11,38,39,1) [ 40961.7816 ]
533:(27,2,18,11,38,39,1) [ 40961.6506 ]
534:(27,2,17,11,38,39,1) [ 40961.5196 ]
535:(27,2,16,11,38,39,1) [ 40961.388600000006 ]
536:(27,2,15,11,38,39,1) [ 40961.257600000004 ]
537:(28,2,14,11,38,39,1) [ 40961.211 ]
538:(29,2,13,11,38,39,1) [ 40961.1644 ]
539:(29,2,14,12,37,38,1) [ 39911.3494 ]
540:(28,2,15,12,37,38,1) [ 39911.407 ]
541:(29,2,13,12,37,38,1) [ 39911.2074 ]
542:(29,2,12,12,37,38,1) [ 39911.0654 ]
543:(29,2,13,13,36,37,1) [ 38861.2504 ]
544:(28,2,14,13,36,37,1) [ 38861.318999999996 ]
545:(30,2,12,13,36,37,1) [ 38861.1818 ]
546:(31,2,11,13,36,37,1) [ 38861.1132 ]
547:(31,2,12,14,35,36,1) [ 37811.2982 ]
548:(30,2,13,14,35,36,1) [ 37811.3778 ]
549:(31,2,11,14,35,36,1) [ 37811.1342 ]
550:(32,2,10,14,35,36,1) [ 37811.0546 ]
551:(33,2,9,14,35,36,1) [ 37810.975 ]
552:(33,2,8,14,35,36,1) [ 37810.811 ]
553:(33,2,7,14,35,36,1) [ 37810.647 ]
554:(34,2,6,14,35,36,1) [ 37810.5674 ]
555:(34,2,7,15,34,35,1) [ 36760.7084 ]
556:(33,2,8,15,34,35,1) [ 36760.799 ]
557:(34,2,8,16,33,34,1) [ 35710.8714 ]
558:(33,2,9,16,33,34,1) [ 35710.973000000005 ]
559:(34,2,9,17,32,33,1) [ 34661.056399999994 ]
560:(33,2,10,17,32,33,1) [ 34661.168999999994 ]
561:(35,2,8,17,32,33,1) [ 34660.943799999994 ]
562:(35,2,7,17,32,33,1) [ 34660.74679999999 ]
563:(35,2,8,18,31,32,1) [ 33610.9318 ]
564:(34,2,9,18,31,32,1) [ 33611.0554 ]
565:(35,2,9,19,30,31,1) [ 32561.1388 ]
566:(34,2,10,19,30,31,1) [ 32561.2734 ]
567:(35,2,8,19,30,31,1) [ 32560.9198 ]
568:(35,2,9,20,29,30,1) [ 31511.1378 ]
569:(34,2,10,20,29,30,1) [ 31511.2834 ]
570:(35,2,8,20,29,30,1) [ 31510.9078 ]
571:(36,2,7,20,29,30,1) [ 31510.7622 ]
572:(37,2,6,20,29,30,1) [ 31510.6166 ]
573:(37,2,5,20,29,30,1) [ 31510.3866 ]
574:(37,2,6,21,28,29,1) [ 30460.582599999998 ]
575:(36,2,7,21,28,29,1) [ 30460.7392 ]
576:(37,2,5,21,28,29,1) [ 30460.3416 ]
577:(37,2,6,22,27,28,1) [ 29410.548600000002 ]
578:(36,2,7,22,27,28,1) [ 29410.7162 ]
579:(37,2,7,23,26,27,1) [ 28360.777599999998 ]
580:(36,2,8,23,26,27,1) [ 28360.956199999997 ]
581:(37,2,8,24,25,26,1) [ 27311.0286 ]
582:(36,2,9,24,25,26,1) [ 27311.2182 ]
583:(37,2,9,25,24,25,1) [ 26261.301600000003 ]
584:(36,2,10,25,24,25,1) [ 26261.502200000003 ]
585:(38,2,8,25,24,25,1) [ 26261.101000000002 ]
586:(38,2,9,26,23,24,1) [ 25211.385 ]
587:(37,2,10,26,23,24,1) [ 25211.5966 ]
588:(38,2,8,26,23,24,1) [ 25211.089 ]
589:(38,2,9,27,22,23,1) [ 24161.384000000002 ]
590:(37,2,10,27,22,23,1) [ 24161.6066 ]
591:(36,2,11,27,22,23,1) [ 24161.8292 ]
592:(39,2,10,28,21,22,1) [ 23111.785399999997 ]
593:(38,2,11,28,21,22,1) [ 23112.019 ]
594:(39,2,9,28,21,22,1) [ 23111.467399999998 ]
595:(39,2,10,29,20,21,1) [ 22061.7954 ]
596:(38,2,11,29,20,21,1) [ 22062.04 ]
597:(39,2,11,30,19,20,1) [ 21012.1454 ]
598:(38,2,12,30,19,20,1) [ 21012.401 ]
599:(40,2,10,30,19,20,1) [ 21011.8898 ]
600:(40,2,9,30,19,20,1) [ 21011.5498 ]
601:(40,2,10,31,18,19,1) [ 19961.8998 ]
602:(39,2,11,31,18,19,1) [ 19962.1664 ]
603:(39,2,11,32,17,18,1) [ 18912.187400000003 ]
604:(38,2,12,32,17,18,1) [ 18912.465 ]
605:(39,2,12,33,16,17,1) [ 17862.5814 ]
606:(38,2,13,33,16,17,1) [ 17862.87 ]
607:(40,2,11,33,16,17,1) [ 17862.2928 ]
608:(40,2,11,33,17,17,0) [ 12.392800000000001 ]
609:(39,2,12,33,17,17,0) [ 12.6814 ]
610:(40,2,12,34,16,16,0) [ 12.7978 ]
611:(39,2,13,34,16,16,0) [ 13.097399999999999 ]
612:(40,2,11,34,16,16,0) [ 12.4138 ]
613:(41,2,10,34,16,16,0) [ 12.114199999999999 ]
614:(41,2,9,34,16,16,0) [ 11.730199999999998 ]
615:(42,2,8,34,16,16,0) [ 11.4306 ]
616:(42,2,7,34,16,16,0) [ 11.0466 ]
617:(42,2,8,35,15,15,0) [ 11.4186 ]
618:(41,2,9,35,15,15,0) [ 11.729199999999999 ]
619:(42,2,9,36,14,14,0) [ 11.8126 ]
620:(41,2,10,36,14,14,0) [ 12.134200000000002 ]
621:(43,2,8,36,14,14,0) [ 11.491000000000001 ]
622:(43,2,9,37,13,13,0) [ 11.896 ]
623:(42,2,10,37,13,13,0) [ 12.2286 ]
624:(43,2,8,37,13,13,0) [ 11.479 ]
625:(43,2,9,38,12,12,0) [ 11.895 ]
626:(42,2,10,38,12,12,0) [ 12.238599999999998 ]
627:(43,2,8,38,12,12,0) [ 11.466999999999999 ]
628:(43,2,7,38,12,12,0) [ 11.038999999999998 ]
629:(44,2,6,38,12,12,0) [ 10.6954 ]
630:(44,2,7,39,11,11,0) [ 11.100399999999999 ]
631:(43,2,8,39,11,11,0) [ 11.455 ]
632:(44,2,8,40,10,10,0) [ 11.5274 ]
633:(43,2,9,40,10,10,0) [ 11.893 ]
634:(44,2,9,41,9,9,0) [ 11.9764 ]
635:(43,2,10,41,9,9,0) [ 12.353 ]
636:(45,2,8,41,9,9,0) [ 11.5998 ]
637:(46,2,7,41,9,9,0) [ 11.2232 ]
638:(47,2,6,41,9,9,0) [ 10.8466 ]
639:(47,2,7,42,8,8,0) [ 11.284600000000001 ]
640:(46,2,8,42,8,8,0) [ 11.6722 ]
641:(47,2,6,42,8,8,0) [ 10.812600000000002 ]
642:(48,2,5,42,8,8,0) [ 10.425 ]
643:(49,2,4,42,8,8,0) [ 10.037400000000002 ]
644:(49,2,3,42,8,8,0) [ 9.5654 ]
645:(49,2,4,43,7,7,0) [ 9.9814 ]
646:(48,2,5,43,7,7,0) [ 10.379999999999999 ]
647:(49,2,3,43,7,7,0) [ 9.4984 ]
648:(49,2,4,44,6,6,0) [ 9.9254 ]
649:(48,2,5,44,6,6,0) [ 10.334999999999999 ]
650:(50,2,3,44,6,6,0) [ 9.5158 ]
651:(51,2,2,44,6,6,0) [ 9.1062 ]
652:(51,2,1,44,6,6,0) [ 8.6122 ]
653:(51,2,0,44,6,6,0) [ 8.118200000000002 ]
654:(51,2,1,45,5,5,0) [ 8.523200000000001 ]
655:(50,2,2,45,5,5,0) [ 8.9438 ]
656:(50,2,0,45,5,5,0) [ 7.9338 ]
657:(50,2,1,46,4,4,0) [ 8.3498 ]
658:(49,2,2,46,4,4,0) [ 8.7814 ]
659:(50,2,2,47,3,3,0) [ 8.7878 ]
660:(49,2,3,47,3,3,0) [ 9.230400000000001 ]
661:(51,2,1,47,3,3,0) [ 8.345200000000002 ]
662:(51,2,0,47,3,3,0) [ 7.818200000000001 ]
663:(51,2,1,48,2,2,0) [ 8.2562 ]
664:(50,2,2,48,2,2,0) [ 8.709799999999998 ]
665:(51,2,0,48,2,2,0) [ 7.718200000000001 ]
666:(51,2,0,47,2,3,1) [ 3157.7182 ]
667:(50,2,1,47,2,3,1) [ 3158.1607999999997 ]
668:(49,2,2,47,2,3,1) [ 3158.6034 ]
669:(49,2,3,48,2,2,0) [ 9.1634 ]
670:(50,2,2,49,1,1,0) [ 8.6318 ]
671:(49,2,3,49,1,1,0) [ 9.096400000000001 ]
672:(51,2,1,49,1,1,0) [ 8.1672 ]
673:(51,2,0,49,1,1,0) [ 7.618200000000001 ]
674:(51,2,1,50,0,0,0) [ 8.0782 ]
675:(50,2,2,50,0,0,0) [ 8.553799999999999 ]
676:(52,2,0,50,0,0,0) [ 7.602600000000001 ]
677:(47,2,3,46,4,4,0) [ 9.1286 ]
678:(18,2,18,0,49,50,1) [ 52509.813 TARGET ]
679:(18,2,19,0,49,50,1) [ 52509.823000000004 TARGET ]
680:(18,2,19,1,48,49,1) [ 51459.932 ]
681:(18,2,20,1,48,49,1) [ 51459.953 ]
682:(19,2,18,1,48,49,1) [ 51459.9954 ]
683:(19,2,19,2,47,48,1) [ 50410.1254 ]
684:(19,2,20,2,47,48,1) [ 50410.1574 ]
685:(19,2,18,2,47,48,1) [ 50410.0934 ]
686:(19,2,19,3,46,47,1) [ 49360.2344 ]
687:(19,2,20,3,46,47,1) [ 49360.2774 ]
688:(19,2,20,4,45,46,1) [ 48310.3974 ]
689:(19,2,21,4,45,46,1) [ 48310.4514 ]
690:(20,2,19,4,45,46,1) [ 48310.4278 ]
691:(21,2,18,4,45,46,1) [ 48310.4582 ]
692:(22,2,17,4,45,46,1) [ 48310.4886 ]
693:(23,2,16,4,45,46,1) [ 48310.519 ]
694:(23,2,15,4,45,46,1) [ 48310.465 ]
695:(23,2,16,5,44,45,1) [ 47260.595 ]
696:(23,2,17,5,44,45,1) [ 47260.66 ]
697:(23,2,17,6,43,44,1) [ 46210.747 ]
698:(23,2,18,6,43,44,1) [ 46210.823000000004 ]
699:(23,2,18,7,42,43,1) [ 45160.920999999995 ]
700:(23,2,19,7,42,43,1) [ 45161.007999999994 ]
701:(23,2,19,8,41,42,1) [ 44111.117 ]
702:(23,2,20,8,41,42,1) [ 44111.215 ]
703:(23,2,20,9,40,41,1) [ 43061.335 ]
704:(23,2,21,9,40,41,1) [ 43061.444 ]
705:(23,2,20,10,39,40,1) [ 42011.455 ]
706:(22,2,21,10,39,40,1) [ 42011.490600000005 ]
707:(22,2,22,10,39,40,1) [ 42011.6106 ]
708:(22,2,22,11,38,39,1) [ 40961.7526 ]
709:(22,2,23,11,38,39,1) [ 40961.8836 ]
710:(22,2,21,11,38,39,1) [ 40961.621600000006 ]
711:(22,2,20,11,38,39,1) [ 40961.490600000005 ]
712:(22,2,19,11,38,39,1) [ 40961.3596 ]
713:(23,2,18,11,38,39,1) [ 40961.313 ]
714:(23,2,17,11,38,39,1) [ 40961.182 ]
715:(23,2,16,11,38,39,1) [ 40961.051 ]
716:(23,2,15,11,38,39,1) [ 40960.920000000006 ]
717:(24,2,14,11,38,39,1) [ 40960.873400000004 ]
718:(25,2,13,11,38,39,1) [ 40960.8268 ]
719:(25,2,14,12,37,38,1) [ 39911.0118 ]
720:(25,2,15,12,37,38,1) [ 39911.1538 ]
721:(25,2,13,12,37,38,1) [ 39910.8698 ]
722:(25,2,12,12,37,38,1) [ 39910.7278 ]
723:(25,2,13,13,36,37,1) [ 38860.9128 ]
724:(25,2,14,13,36,37,1) [ 38861.0658 ]
725:(26,2,12,13,36,37,1) [ 38860.8442 ]
726:(27,2,11,13,36,37,1) [ 38860.7756 ]
727:(27,2,12,14,35,36,1) [ 37810.9606 ]
728:(27,2,13,14,35,36,1) [ 37811.1246 ]
729:(27,2,11,14,35,36,1) [ 37810.7966 ]
730:(28,2,10,14,35,36,1) [ 37810.717 ]
731:(29,2,9,14,35,36,1) [ 37810.6374 ]
732:(29,2,8,14,35,36,1) [ 37810.4734 ]
733:(29,2,7,14,35,36,1) [ 37810.3094 ]
734:(30,2,6,14,35,36,1) [ 37810.2298 ]
735:(30,2,7,15,34,35,1) [ 36760.370800000004 ]
736:(30,2,8,15,34,35,1) [ 36760.5458 ]
737:(30,2,8,16,33,34,1) [ 35710.533800000005 ]
738:(30,2,9,16,33,34,1) [ 35710.719800000006 ]
739:(30,2,9,17,32,33,1) [ 34660.718799999995 ]
740:(30,2,10,17,32,33,1) [ 34660.915799999995 ]
741:(31,2,8,17,32,33,1) [ 34660.606199999995 ]
742:(31,2,7,17,32,33,1) [ 34660.409199999995 ]
743:(31,2,8,18,31,32,1) [ 33610.5942 ]
744:(31,2,9,18,31,32,1) [ 33610.8022 ]
745:(31,2,9,19,30,31,1) [ 32560.8012 ]
746:(31,2,10,19,30,31,1) [ 32561.0202 ]
747:(31,2,8,19,30,31,1) [ 32560.5822 ]
748:(31,2,9,20,29,30,1) [ 31510.8002 ]
749:(31,2,10,20,29,30,1) [ 31511.0302 ]
750:(31,2,8,20,29,30,1) [ 31510.570200000002 ]
751:(32,2,7,20,29,30,1) [ 31510.424600000002 ]
752:(33,2,6,20,29,30,1) [ 31510.279000000002 ]
753:(33,2,5,20,29,30,1) [ 31510.049000000003 ]
754:(33,2,6,21,28,29,1) [ 30460.245 ]
755:(33,2,7,21,28,29,1) [ 30460.486 ]
756:(33,2,5,21,28,29,1) [ 30460.004 ]
757:(33,2,6,22,27,28,1) [ 29410.211 ]
758:(33,2,7,22,27,28,1) [ 29410.463 ]
759:(33,2,7,23,26,27,1) [ 28360.44 ]
760:(33,2,8,23,26,27,1) [ 28360.702999999998 ]
761:(33,2,8,24,25,26,1) [ 27310.691 ]
762:(33,2,9,24,25,26,1) [ 27310.965 ]
763:(33,2,9,25,24,25,1) [ 26260.964 ]
764:(33,2,10,25,24,25,1) [ 26261.249 ]
765:(34,2,8,25,24,25,1) [ 26260.7634 ]
766:(34,2,9,26,23,24,1) [ 25211.0474 ]
767:(34,2,10,26,23,24,1) [ 25211.343399999998 ]
768:(34,2,8,26,23,24,1) [ 25210.7514 ]
769:(34,2,9,27,22,23,1) [ 24161.0464 ]
770:(33,2,10,27,22,23,1) [ 24161.269 ]
771:(33,2,11,27,22,23,1) [ 24161.576 ]
772:(34,2,10,28,21,22,1) [ 23111.3634 ]
773:(34,2,11,28,21,22,1) [ 23111.681399999998 ]
774:(35,2,9,28,21,22,1) [ 23111.1298 ]
775:(35,2,10,29,20,21,1) [ 22061.4578 ]
776:(35,2,11,29,20,21,1) [ 22061.7868 ]
777:(35,2,11,30,19,20,1) [ 21011.807800000002 ]
778:(35,2,12,30,19,20,1) [ 21012.147800000002 ]
779:(36,2,10,30,19,20,1) [ 21011.552200000002 ]
780:(36,2,9,30,19,20,1) [ 21011.2122 ]
781:(35,2,10,31,18,19,1) [ 19961.4778 ]
782:(35,2,11,31,18,19,1) [ 19961.8288 ]
783:(35,2,11,32,17,18,1) [ 18911.8498 ]
784:(35,2,12,32,17,18,1) [ 18912.2118 ]
785:(35,2,12,33,16,17,1) [ 17862.2438 ]
786:(35,2,13,33,16,17,1) [ 17862.6168 ]
787:(36,2,11,33,16,17,1) [ 17861.9552 ]
788:(36,2,11,33,17,17,0) [ 12.0552 ]
789:(36,2,12,33,17,17,0) [ 12.4282 ]
790:(36,2,12,34,16,16,0) [ 12.4602 ]
791:(36,2,13,34,16,16,0) [ 12.844199999999999 ]
792:(36,2,11,34,16,16,0) [ 12.076199999999998 ]
793:(37,2,10,34,16,16,0) [ 11.7766 ]
794:(37,2,9,34,16,16,0) [ 11.3926 ]
795:(38,2,8,34,16,16,0) [ 11.093 ]
796:(38,2,7,34,16,16,0) [ 10.709 ]
797:(38,2,8,35,15,15,0) [ 11.081 ]
798:(38,2,9,35,15,15,0) [ 11.475999999999999 ]
799:(38,2,9,36,14,14,0) [ 11.475 ]
800:(38,2,10,36,14,14,0) [ 11.881 ]
801:(39,2,8,36,14,14,0) [ 11.1534 ]
802:(39,2,9,37,13,13,0) [ 11.5584 ]
803:(39,2,10,37,13,13,0) [ 11.9754 ]
804:(39,2,8,37,13,13,0) [ 11.1414 ]
805:(39,2,9,38,12,12,0) [ 11.557399999999998 ]
806:(39,2,10,38,12,12,0) [ 11.985399999999998 ]
807:(39,2,8,38,12,12,0) [ 11.1294 ]
808:(39,2,7,38,12,12,0) [ 10.7014 ]
809:(40,2,6,38,12,12,0) [ 10.357800000000001 ]
810:(40,2,7,39,11,11,0) [ 10.7628 ]
811:(40,2,8,39,11,11,0) [ 11.2018 ]
812:(40,2,8,40,10,10,0) [ 11.1898 ]
813:(40,2,9,40,10,10,0) [ 11.639800000000001 ]
814:(40,2,9,41,9,9,0) [ 11.6388 ]
815:(40,2,10,41,9,9,0) [ 12.0998 ]
816:(41,2,8,41,9,9,0) [ 11.262200000000002 ]
817:(42,2,7,41,9,9,0) [ 10.8856 ]
818:(43,2,6,41,9,9,0) [ 10.509 ]
819:(43,2,7,42,8,8,0) [ 10.947 ]
820:(43,2,8,42,8,8,0) [ 11.419 ]
821:(43,2,6,42,8,8,0) [ 10.475000000000001 ]
822:(44,2,5,42,8,8,0) [ 10.087399999999999 ]
823:(45,2,4,42,8,8,0) [ 9.6998 ]
824:(45,2,3,42,8,8,0) [ 9.227800000000002 ]
825:(45,2,4,43,7,7,0) [ 9.643799999999999 ]
826:(45,2,5,43,7,7,0) [ 10.1268 ]
827:(45,2,3,43,7,7,0) [ 9.160799999999998 ]
828:(45,2,4,44,6,6,0) [ 9.5878 ]
829:(45,2,5,44,6,6,0) [ 10.0818 ]
830:(45,2,3,44,6,6,0) [ 9.0938 ]
831:(47,2,2,44,6,6,0) [ 8.768600000000001 ]
832:(47,2,1,44,6,6,0) [ 8.274600000000001 ]
833:(47,2,0,44,6,6,0) [ 7.7806 ]
834:(46,2,1,45,5,5,0) [ 8.1012 ]
835:(46,2,2,45,5,5,0) [ 8.606200000000001 ]
836:(46,2,0,45,5,5,0) [ 7.5962000000000005 ]
837:(46,2,1,46,4,4,0) [ 8.0122 ]
838:(46,2,2,46,4,4,0) [ 8.5282 ]
839:(46,2,2,47,3,3,0) [ 8.450200000000002 ]
840:(46,2,3,47,3,3,0) [ 8.9772 ]
841:(47,2,0,47,3,3,0) [ 7.4806 ]
842:(47,2,0,48,2,2,0) [ 7.3806 ]
843:(47,2,0,47,2,3,1) [ 3157.3806 ]
844:(46,2,1,47,2,3,1) [ 3157.8232 ]
845:(46,2,2,47,2,3,1) [ 3158.3502 ]
846:(46,2,1,47,3,3,0) [ 7.9232000000000005 ]
847:(46,2,2,48,2,2,0) [ 8.3722 ]
848:(46,2,3,48,2,2,0) [ 8.9102 ]
849:(46,2,1,48,2,2,0) [ 7.834200000000001 ]
850:(46,2,2,49,1,1,0) [ 8.2942 ]
851:(46,2,3,49,1,1,0) [ 8.843200000000001 ]
852:(47,2,1,49,1,1,0) [ 7.8296 ]
853:(47,2,0,49,1,1,0) [ 7.2806 ]
854:(47,2,1,50,0,0,0) [ 7.740600000000001 ]
855:(47,2,2,50,0,0,0) [ 8.3006 ]
856:(48,2,0,50,0,0,0) [ 7.265 ]
857:(44,2,4,42,8,8,0) [ 9.615400000000001 ]
858:(46,2,2,44,6,6,0) [ 8.684199999999999 ]
859:(51,2,0,49,0,1,1) [ 1057.5182 ]
860:(50,2,1,49,0,1,1) [ 1057.9828 ]
861:(46,2,1,43,7,7,0) [ 8.2792 ]
862:(46,2,0,42,8,8,0) [ 7.8962 ]
863:(46,2,1,42,8,8,0) [ 8.3682 ]
864:(45,2,2,42,8,8,0) [ 8.7558 ]
865:(44,2,3,41,9,9,0) [ 9.2104 ]
866:(44,2,2,40,10,10,0) [ 8.8274 ]
867:(43,2,3,40,10,10,0) [ 9.193 ]
868:(43,2,2,39,11,11,0) [ 8.821 ]
869:(42,2,3,39,11,11,0) [ 9.1756 ]
870:(42,2,2,38,12,12,0) [ 8.8146 ]
871:(42,2,1,37,13,13,0) [ 8.4756 ]
872:(41,2,2,37,13,13,0) [ 8.808200000000001 ]
873:(40,2,3,37,13,13,0) [ 9.1408 ]
874:(40,2,2,36,14,14,0) [ 8.8018 ]
875:(39,2,3,36,14,14,0) [ 9.1234 ]
876:(39,2,4,36,14,14,0) [ 9.5294 ]
877:(39,2,3,35,15,15,0) [ 9.1904 ]
878:(39,2,4,35,15,15,0) [ 9.5854 ]
879:(39,2,3,34,16,16,0) [ 9.2574 ]
880:(38,2,4,34,16,16,0) [ 9.557 ]
881:(38,2,5,34,16,16,0) [ 9.941 ]
882:(38,2,6,34,16,16,0) [ 10.325000000000001 ]
883:(38,2,5,33,17,17,0) [ 9.986 ]
884:(37,2,6,33,17,17,0) [ 10.2746 ]
885:(37,2,5,32,18,18,0) [ 9.9466 ]
886:(37,2,4,31,19,19,0) [ 9.6406 ]
887:(37,2,3,30,20,20,0) [ 9.3566 ]
888:(37,2,2,29,21,21,0) [ 9.0946 ]
889:(37,2,1,28,22,22,0) [ 8.854600000000001 ]
890:(37,2,0,27,23,23,0) [ 8.636600000000001 ]
891:(36,2,0,27,23,23,0) [ 8.552200000000001 ]
892:(35,2,1,27,23,23,0) [ 8.7748 ]
893:(36,2,1,27,23,23,0) [ 8.859200000000001 ]
894:(35,2,2,27,23,23,0) [ 9.081800000000001 ]
895:(36,2,2,27,23,23,0) [ 9.1662 ]
896:(36,2,1,26,24,24,0) [ 8.9482 ]
897:(36,2,0,25,25,25,0) [ 8.7522 ]
898:(35,2,1,25,25,25,0) [ 8.9528 ]
899:(35,2,2,25,25,25,0) [ 9.2378 ]
900:(35,2,1,24,26,26,0) [ 9.0418 ]
901:(35,2,2,24,26,26,0) [ 9.3158 ]
902:(35,2,2,24,25,26,1) [ 27309.2158 ]
903:(35,2,1,23,26,27,1) [ 28359.030799999997 ]
904:(35,2,0,22,27,28,1) [ 29408.8678 ]
905:(34,2,1,22,27,28,1) [ 29409.0354 ]
906:(34,2,0,21,28,29,1) [ 30458.8834 ]
907:(34,2,1,21,28,29,1) [ 30459.1244 ]
908:(34,2,0,20,29,30,1) [ 31508.9834 ]
909:(33,2,1,20,29,30,1) [ 31509.129 ]
910:(32,2,2,20,29,30,1) [ 31509.2746 ]
911:(32,2,1,19,30,31,1) [ 32559.1336 ]
912:(32,2,2,19,30,31,1) [ 32559.3526 ]
913:(32,2,1,18,31,32,1) [ 33609.2226 ]
914:(32,2,0,17,32,33,1) [ 34659.11459999999 ]
915:(31,2,1,17,32,33,1) [ 34659.227199999994 ]
916:(31,2,2,17,32,33,1) [ 34659.424199999994 ]
917:(31,2,3,17,32,33,1) [ 34659.621199999994 ]
918:(31,2,2,16,33,34,1) [ 35709.5022 ]
919:(31,2,1,15,34,35,1) [ 36759.4052 ]
920:(30,2,2,15,34,35,1) [ 36759.495800000004 ]
921:(30,2,3,15,34,35,1) [ 36759.6708 ]
922:(30,2,4,15,34,35,1) [ 36759.8458 ]
923:(29,2,5,15,34,35,1) [ 36759.9364 ]
924:(28,2,6,15,34,35,1) [ 36760.027 ]
925:(27,2,7,15,34,35,1) [ 36760.117600000005 ]
926:(27,2,6,14,35,36,1) [ 37809.9766 ]
927:(27,2,7,14,35,36,1) [ 37810.1406 ]
928:(27,2,6,13,36,37,1) [ 38860.0106 ]
929:(27,2,5,12,37,38,1) [ 39909.902599999994 ]
930:(27,2,6,12,37,38,1) [ 39910.044599999994 ]
931:(27,2,7,12,37,38,1) [ 39910.18659999999 ]
932:(27,2,8,12,37,38,1) [ 39910.32859999999 ]
933:(27,2,7,11,38,39,1) [ 40960.2096 ]
934:(26,2,8,11,38,39,1) [ 40960.2562 ]
935:(25,2,8,11,38,39,1) [ 40960.171800000004 ]
936:(25,2,9,11,38,39,1) [ 40960.302800000005 ]
937:(25,2,8,10,39,40,1) [ 42010.1838 ]
938:(24,2,9,10,39,40,1) [ 42010.2194 ]
939:(24,2,8,9,40,41,1) [ 43060.1114 ]
940:(23,2,9,9,40,41,1) [ 43060.136 ]
941:(23,2,8,8,41,42,1) [ 44110.039 ]
942:(23,2,9,8,41,42,1) [ 44110.136999999995 ]
943:(23,2,9,8,40,42,2) [ 88210.037 ]
944:(23,2,10,8,40,42,2) [ 88210.135 ]
945:(23,2,9,7,41,43,2) [ 90310.038 ]
946:(23,2,8,6,42,44,2) [ 92409.963 ]
947:(23,2,7,5,43,45,2) [ 94509.91 ]
948:(23,2,8,5,43,45,2) [ 94509.975 ]
949:(23,2,7,4,44,46,2) [ 96609.93299999999 ]
950:(22,2,8,4,44,46,2) [ 96609.9026 ]
951:(22,2,9,4,44,46,2) [ 96609.95659999999 ]
952:(22,2,10,4,44,46,2) [ 96610.0106 ]
953:(23,2,9,4,44,46,2) [ 96610.041 ]
954:(22,2,9,3,45,47,2) [ 98709.9576 ]
955:(22,2,10,3,45,47,2) [ 98710.0006 ]
956:(22,2,9,2,46,48,2) [ 100809.95860000001 ]
957:(22,2,9,3,46,47,1) [ 49360.0576 ]
958:(22,2,8,2,47,48,1) [ 50410.0266 ]
959:(23,2,8,2,47,48,1) [ 50410.111 ]
960:(23,2,7,1,48,49,1) [ 51460.102000000006 ]
961:(22,2,8,1,48,49,1) [ 51460.0386 ]
962:(22,2,7,0,49,50,1) [ 52510.0406 TARGET ]
963:(-1,-1,-1,-1,-1,-1,-1) [ 0.0 ]