(s1,s2,s3,s4,s5,s6)
0:(1,50,0,1,50,0) [ 100.0 ]
1:(1,50,0,0,49,1) [ 51.1 ]
2:(1,51,0,1,49,0) [ 100.0 ]
3:(1,51,0,0,48,1) [ 52.1 ]
4:(1,52,0,1,48,0) [ 100.0 ]
5:(0,51,1,1,48,0) [ 49.1 ]
6:(1,52,0,0,47,1) [ 53.1 ]
7:(1,53,0,1,47,0) [ 100.0 ]
8:(1,53,0,0,46,1) [ 54.1 ]
9:(1,54,0,1,46,0) [ 100.0 ]
10:(1,54,0,0,45,1) [ 55.1 ]
11:(1,55,0,1,45,0) [ 100.0 ]
12:(1,55,0,0,44,1) [ 56.1 ]
13:(1,56,0,1,44,0) [ 100.0 ]
14:(1,56,0,0,43,1) [ 57.1 ]
15:(1,57,0,1,43,0) [ 100.0 ]
16:(1,57,0,0,42,1) [ 58.1 ]
17:(1,58,0,1,42,0) [ 100.0 ]
18:(1,58,0,0,41,1) [ 59.1 ]
19:(1,59,0,1,41,0) [ 100.0 ]
20:(0,58,1,1,41,0) [ 42.1 ]
21:(0,58,1,0,40,1) [ 2.2 ]
22:(1,59,0,0,40,1) [ 60.1 ]
23:(1,60,0,1,40,0) [ 100.0 ]
24:(1,60,0,0,39,1) [ 61.1 ]
25:(1,61,0,1,39,0) [ 100.0 ]
26:(1,61,0,0,38,1) [ 62.1 ]
27:(1,62,0,1,38,0) [ 100.0 ]
28:(1,62,0,0,37,1) [ 63.1 ]
29:(1,63,0,1,37,0) [ 100.0 ]
30:(1,63,0,0,36,1) [ 64.1 ]
31:(1,64,0,1,36,0) [ 100.0 ]
32:(1,64,0,0,35,1) [ 65.1 ]
33:(1,65,0,1,35,0) [ 100.0 ]
34:(1,65,0,0,34,1) [ 66.1 ]
35:(1,66,0,1,34,0) [ 100.0 ]
36:(1,66,0,0,33,1) [ 67.1 ]
37:(1,67,0,1,33,0) [ 100.0 ]
38:(1,67,0,0,32,1) [ 68.1 ]
39:(0,66,1,0,32,1) [ 2.2 ]
40:(0,67,1,1,32,0) [ 33.1 ]
41:(0,67,1,0,31,1) [ 2.2 ]
42:(0,51,1,0,47,1) [ 2.2 ]
43:(0,52,1,1,47,0) [ 48.1 ]
44:(0,52,1,0,46,1) [ 2.2 ]
45:(0,59,1,1,40,0) [ 41.1 ]
46:(0,59,1,0,39,1) [ 2.2 ]
47:(0,60,1,1,39,0) [ 40.1 ]
48:(0,60,1,0,38,1) [ 2.2 ]
49:(0,61,1,1,38,0) [ 39.1 ]
50:(0,61,1,0,37,1) [ 2.2 ]
51:(1,68,0,1,32,0) [ 100.0 ]
52:(1,68,0,0,31,1) [ 69.1 ]
53:(1,69,0,1,31,0) [ 100.0 ]
54:(1,69,0,0,30,1) [ 70.1 ]
55:(1,70,0,1,30,0) [ 100.0 ]
56:(1,70,0,0,29,1) [ 71.1 ]
57:(1,71,0,1,29,0) [ 100.0 ]
58:(1,71,0,0,28,1) [ 72.1 ]
59:(0,70,1,0,28,1) [ 2.2 ]
60:(0,50,1,1,49,0) [ 50.1 ]
61:(1,72,0,1,28,0) [ 100.0 ]
62:(0,62,1,1,37,0) [ 38.1 ]
63:(0,70,1,1,29,0) [ 30.1 ]
64:(0,71,1,1,28,0) [ 29.1 ]
65:(0,71,1,0,27,1) [ 2.2 ]
66:(0,54,1,1,45,0) [ 46.1 ]
67:(0,54,1,0,44,1) [ 2.2 ]
68:(0,55,1,1,44,0) [ 45.1 ]
69:(0,55,1,0,43,1) [ 2.2 ]
70:(0,56,1,1,43,0) [ 44.1 ]
71:(0,65,1,0,33,1) [ 2.2 ]
72:(1,72,0,0,27,1) [ 73.1 ]
73:(1,73,0,1,27,0) [ 100.0 ]
74:(1,73,0,0,26,1) [ 74.1 ]
75:(1,74,0,1,26,0) [ 100.0 ]
76:(1,74,0,0,25,1) [ 75.1 TARGET ]
77:(0,50,1,0,48,1) [ 2.2 ]
78:(0,62,1,0,36,1) [ 2.2 ]
79:(0,63,1,1,36,0) [ 37.1 ]
80:(0,63,1,0,35,1) [ 2.2 ]
81:(0,64,1,1,35,0) [ 36.1 ]
82:(0,64,1,0,34,1) [ 2.2 ]
83:(0,65,1,1,34,0) [ 35.1 ]
84:(0,68,1,1,31,0) [ 32.1 ]
85:(0,68,1,0,30,1) [ 2.2 ]
86:(0,72,1,1,27,0) [ 28.1 ]
87:(0,72,1,0,26,1) [ 2.2 ]
88:(0,53,1,1,46,0) [ 47.1 ]
89:(0,53,1,0,45,1) [ 2.2 ]
90:(0,69,1,1,30,0) [ 31.1 ]
91:(0,69,1,0,29,1) [ 2.2 ]
92:(0,66,1,1,33,0) [ 34.1 ]
93:(0,57,1,0,41,1) [ 2.2 ]
94:(0,73,1,1,26,0) [ 27.1 ]
95:(0,73,1,0,25,1) [ 2.2 TARGET ]
96:(0,56,1,0,42,1) [ 2.2 ]
97:(0,57,1,1,42,0) [ 43.1 ]
98:(0,49,1,0,49,1) [ 2.2 ]
99:(0,49,1,1,50,0) [ 51.1 ]
100:(-1,-1,-1,-1,-1,-1) [ 0.0 ]